<?xml version="1.0" encoding="UTF-8"?>
<!-- Generated by org.testng.reporters.JUnitReportReporter -->
<testsuite skipped="0" hostname="LAPTOP-JEI8AS0O" name="testcases.QuickLaunch" tests="4" failures="0" timestamp="2022-09-25T12:49:55 EDT" time="47.175" errors="0">
  <testcase name="VerifyQuickLaunchItems_003" time="8.915" classname="testcases.QuickLaunch"/>
  <system-out>
    <![CDATA[<img src="data:image/png;base64,iVBORw0KGgoAAAANSUhEUgAABVYAAAJcCAYAAAASBf/6AAAAAXNSR0IArs4c6QAAIABJREFUeJzsvXmcI1d57v89VVpa6r17unv2xeMZjz023jCbbcBgboKTmCXBgCEXchMCTnAcIL5ZuL/4kuXCjVlNgiEJJCGG/GICARMMwTgEL/GC8die8TIznrFn6Zme3le1tqpz/6iSWktVSafU6m5J9X4YXqt06tVbz1PPOa/OOV0SUkpJYIEFtnKWmoW5U8i5YeTcMMyesv0JzOGfIlKzSAlCUOQ1DcfjApCAQCCRnh5ACIGUsrIvOb/wk8q8Y2IVvFe8UqvUvNBXYfnmKmmrpFF0vj+8PX3BebXhrMqjGs6q/C0P3tXyqIbzqumlKgT84b229FIHnayaXvzhrMqfMs6+ePSH89rUiz+cW0YvDue3tF5U+Av04pu/ltCLn566mfWSPy/Qi7JefPVLTayXigDUhndggRWa/qWTLCQWmZiaJZXOAhCNhOjv7aI9HkMEE6uBBbaGzMwgjz+APHw35uG7YeYEboOHoPi1ymCnCc1HsVLLIK02+FdlNRUty1RkVVEELGdx6OxrKWrV+KtHkVh8fi1FrRqPy1kcuupF8TZV5dE/zqr81f9LST2+TK2WXuqiE0ce66+XenyZWha9+OmmfeNcwZfZKuhFRSetoBfHOIFeAr3Ua1xpIb2oZezJY1PoxQfcgV5ycdX7pTWhl8Ba1hY/fZjhM+OO720aWhdMrAYW2Jq28WcxD9+N8fQ3EGNPOw4ymsiNDWpFiKZpSoPjsg3mVRVnJbbMg+NKFL9L59ejGFk6byW+LC55NZxV+VsevKvlcTmL9jrqpSoE/OG9tvRSjy+5q6UXfzir8qeMsy8e6/Eld7X04g/nltGLw/ktrRcV/gK9+OavJfTip6duZr3kzwv0oqwXX/1SE+ulIgC14R1YYIV28o9/RjKVdnyvLRoJJlYDC6wxTCKf/TbGfX8KE4cdBw9rslR9sINqB9FaBmm1wb9KSGooWpapyKqiCGiGHXjKtY6KFZ1fS1GrxuOa2yHhg0f/OKvyV/8vJcGOVT881l8vTbGjqBX0oqKTVtCLY5xAL4Fe6jWutJBe1DL25LEp9OID7kAvubjq/dKa0EtgLWtH//BhTNP5htE0gbbC+QQWWGC+TCDOfQuh9z2Kds1tyI719hhqiTs3mJmmBFmhCCnxAKZpOg+OJe3ynhJf+n6hFy7eqb3b6CYdvNfgWOrLwi1TvlXgUYa7VzFS6qvgsRacq+KxIF5FnN2KE6/2RTVhffJ2iquKsyp/yvm65e3R3uMG98R51fTigUfVeLu1W0N68YtzAeDuvlQvbnn4yNvJ+8W57nrx0U/7xbkh9KIyrrjx6MZLI+rFcc5BUS8q/XSgl8r8NapeFPhzzdsD54bTi0q+FfBoCr2439jV4+3VvjSsj37JK+9V1csyf99ywqNmvQQWWIG5Tarm3gsmVgMLrJFMC6Fd9GuEb3gS7bV/ArFeAGuQQ+Y9UmA6DXLCwduDZNnkakm73OcACEp86fuFXrp4p/Z2vDITDt6lGHRsXxZumfKtAg83vMu8Ez9uRYoTLz5wrorHgngVcXbB27N9Qdx65e0UVxVnVf6U83XL26O9xw3uifOq6cUDj6rxdmu3hvTiF+cCwN19qV7c8vCRt5P3i3Pd9eKjn/aLc0PoRWVccePRjZdG1ItDXGW9qPTTgV4q89eoelHgzzVvD5wbTi8q+VbAoyn04n5jV4+3V/vSsD76Ja+8V1Uvy/x9ywmPmvUSWGAKFjwKILDAGtnmR8h+812Yw4+iuQ1mCBD2a6+VxwIPlMVxrb4QICUIRe8Vr9QqNS9diaxg+eYqaaukUXR+lbh78Oe48mufVxvOqjyq4azK3/LgXS2Pajir8rdseqkKAX94ry291EEnq6YXfzir8qeMsy8e/eG8NvXiD+eW0YvD+S2tFxX+Ar345q8l9OKnp25mveTPC/SirBdf/dLy68XUQtC3DbO9H9HejxmOQiiKjPUgNB1Sc2hmFswMYnEOkUmgzY+BkV5evVQEoDa8W8KkCWYWaRpgGGBkwcgiUwvWfweWt+d//yHP94OJ1cACa3Qz0hjffT/GM/+CsAcTt+JEE9UXK1A6uNYySKsN/lVZTUXLMhVZVRQBy1kcOvuV+FKiWOuoWNH5tRS1ajwu55cpZ6+Isw8e/eOsyl/9v5TU48vUaumlLjpx5LH+eqnH5MOy6MVPN+0b5wq+zFZBLyo6aQW9OMYJ9BLopV7jSgvpRS1jTx6bQi8+4G5UvZjhOHLgLGTPJsy+7aCHFPUhCc2PwsIE2twoIrOo3C+tCb20kmVTyFQCmUpAOrna2ay6BROrgQXWImY+chvZ//hjhDSRSOcdrDI3aVpdMWn9zzp/2QbzqoqzElvmwXElit+l8+tQvBectxJfFpe8Gs6q/C0P3tXyuJxFe/n5K1H8Npde6vEld7X04g9nVf6UcfbFYz2+5K6WXvzh3DJ6cTi/pfWiwl+gF9/8tYRe/PTUzayX/HmBXpT14qtfqk0vRDswtl6K3LAXqWlqvHnwp80MExo/jMgm6zCuLJNeAlsyI4Ocm0Qm51c7k1WzYGI1sMBayOSxn5D51n9HLE7lBzNcBrlqHw8AuUG2lkFabfCv7mKrTcDp5GUqsqooApphB55yraNiRefXUtSq8bjmdkj44NE/zqr81f9LSbBj1Q+P9ddLU+woagW9qOikFfTiGCfQS6CXeo0rLaQXtYw9eWwKvfiAu1H0Yuoh5JZLMTZfhNDDCjqolj8rHW3iBUITR8DINIZeWt2yKWuCNZVY7UxW3IKJ1cACazWbOU7mX94BZw4UDWKaSxGiaZWLGwQs22BeVXFWYss8OK5E8bt0fh2K94LzVuLL4pJXw1mVv+XBu1oel7NoLz9/JYrf5tJLPb7krpZe/OGsyp8yzr54rMeX3NXSiz+cW0YvDue3tF5U+Av04pu/ltCLn566mfWSPy/Qi7JefPVL6nrJDuzC3PEqiHW48jKTynA6G2JGbyMjQqRFmKloPwKNntQUYZkhLDP0GIus19P0tkXc9ZJNE5o4gj75ggJw1QBQG96BuZtMziFnxmxttIYFE6uBBdaCJk88ROZrv4Aws2WDIQ7FiuvkapHHblf/Yqu6i6w2AaeTl6nIqqLYaoYdeMrfDVSs6Pxailo1HtfcDgkfPPrHWZW/+n8pCXas+uGx/nppih1FraAXFZ20gl4c4wR6CfRSr3GlhfSilrEnj02hFx9wr3W9ZLa/HLn5IsdnqM6ksxzPtDEcWcdCuAMhrJD5S5MghGbHKzhuCtozc2xKj7IltEhPNOyYlj5zktDp/WtbL4HlTWZSyOmRlvmRq2BiNbDAWtTMfV8hc/dNxT9YZRcZuBQfUHnF1xowaxjMqyrOSmyZB8eVKH6Xzq9D8V5w3kp8WVzyajir8rc8eFfL43IW7e56qWfx21x6qceX3NXSiz+cVflTxtkXj/X4krtaevGHc8voxeH8ltaLCn+BXnzz1xJ68dNTN7Ne8ucFelHWi69+qco09DDZXa9DDp4NQhThuJDOsN/sYji2uSgfIYovQEjIT6wKO7IEEEgbJykl2xaOsieUIB7WyxLWEpOETj6OMLOVM68IQG14B1bZpGnA9BlkenG1U6m7BROrgQXWwmb84ENkf/a3xZOrBd7p8QDgseJrj1VWvPoVW1VZTUXLMhVZVRRbzbADT/m7gYoVnV9LUavG45rbIeGDR/84q/JX/y8lwY5VPzzWXy9NsaOoFfSiopNW0ItjnEAvgV7qNa60kF7UMvbksSn04gPutagXGeshu/sq6NlkH7VwzpgmB5MRDnfs9LwgCzeJmTUAgaZphEIhkNZxEEgh8rznpp92LTzPOdEUEV0vSk9LzRI6+ThadnHt6SUwB5PIuQnkwsxqJ1JXCyZWAwuslc3MkLnjFzFP/BfCHj1Kiw7NoQjBoYgpHYWKdq76qtq9RrkSW+bBcSWK36Xz61C8F5y3El8Wl7wazqr8LQ/e1fK4nEV7Zb0sV/HbvHqpx5fc1dKLP5xV+VPG2ReP9fiSu1p68Ydzy+jF4fyW1osKf4FefPPXEnrx01M3s17y5wV6UdaLr36pwsfrYTLn/yKiZFJ1Np1ln9jATLQfUxRflvVCQ0pJNpthamqK0dEx5ufm0AX0dHfT29tDR3snsVgMoWtIoeUhL7Se1AQXG8N0t4WLcBbJOcLHH/HeuVoRgNrwDkzNzPlJmJ9a7TTqZsHEamCBtbolxkl/+dXI2RMIBIjyYsV1crXoePEgjRDV1Qw+Bv+qrKaiZZmKrCqKrWbYgaf83UDFis6vpahV43HN7ZDwwaN/nFX5q/+XkmDHqh8e66+XpthR1Ap6UdFJK+jFMU6gl0Av9RpXWkgvahl78tgUevEB91rTi3HO6zDWn4uw4+cmVR+M7CKjR5Ei97m5DARISC6mOH36NCMjIxw7fpzTIyMsJhaIx9rYsW0rbdEoHe1xtm7bwtCGjUTaYnZ8kf8cK7QknE1zeeoQPdFQUZqhhTPoJx5fW3oJzNUkEjl9BpILq51KXSyYWA0ssMCQxx8g84/XFBUbpT9YVTa5iqBwEtZpNBK5wdZX1e41ypVeQIXmioPjShS/S+fXoXgvOG8lviwueTWcVflbHryr5XE5i/by8+tR/Da3XurxJXe19OIPZ1X+lHH2xWM9vuSull784dwyenE4v6X1osJfoBff/LWEXvz01M2sl/x5gV6U9eKrX3L/+Mymi+Dsy220rOMnkpLHO/YAtnYQIDXrtX1tkxMT7Pvp4xw9cpS5+QWyRhZDmkgNero66Yy3YWbTREMaQ0MD9PQP0D80xIYNmwhHY0iseAiTwue0XjL7DJvb9KJM9fHnCY0f9slfbXgH5sOkiTkxDNn0amey7BZMrAYWWGAAZO64BvPYA1BQbJROpnrvXHUepBEVdq76GPyrspqKlmUqsqootpphB57ydwMVKzq/lqJWjcc1t0PCB4/+cVblr/5fSoIdq354rL9emmJHUSvoRUUnraAXxziBXgK91GtcaSG9qGXsyWNT6MUH3GtFL2bvZozzfwk0LR9nJmPw49j5CFH6mcL6YSopGRk5zX0/uY+Tx09iZLOkM1mkgKxhoIXDRMIRzHSK7s52NqzrJ6TDQiqFCIfpHxjgkpe+jN6+dVZcIQGz6ApfM3+gbOdq5NTPELOja0MvgVU2I4M5cRJMs3LbBrJKE6vaCuURWGCBrbKFXv1HSHuUyRUvpllcfJiFxY7dDml7WPIseSll+fuFXrh4p/Zuo5t08F6DY6kvC7dM+TrgUfq+oBhPz+K91HsVk4iacfbK2yluRZzdihOv9kU1YX3ydoqrirMqf8r5uuXt0d7jBvfEedX04oFH1Xi7tVtDevGLcwHg7r5UL255+MjbyfvFue568dFP+8W5IfSiMq648ejGSyPqxXHOQVEvKv10oJfK/DWqXhT4c83bA+eG04tKvhXwaAq9uN/Y1ePt1b40rI9+yam9qYfI7nodUtPy15E2TR6MnoMQWsE/HSE0NCHQBIycPsV9//ljRkdHaItFMYwsbbEI/f29tHfEaYtGSCymmEukSCxmyEqNdMZkYSHB+NgY+598igfvf4Cx0VGwORJCR6AjCCFEiIfie0gbRlG+mYFzq+evAI+a9RKYP9PDiK51q53FilswsRpYYC1iYusV6Ge/wRqMhF2siPLJVWswWnpf5kcjEPYSpqDY5z9DiHIvXbxT+5J4S4EdvEsx6Ni+LJzL56vm64JH4fuFOHquqJe2cysuS9rVgrNX3k5xK+Lsgrdn+4K49crbKa4qzqr8KefrlrdHe48b3BPnVdOLBx5V4+3Wbg3pxS/OBYC7+1K9uOXhI28n7xfnuuvFRz/tF+eG0IvKuOLGoxsvjagXh7jKelHppwO9VOavUfWiwJ9r3h44N5xeVPKtgEdT6MX9xq4eb6/2pWF99EtO7c3150OsowiP/5LryehtCDSw/1nvW8mmkgkO7H+KYy+8yI5tW5ibmSUcidLd3UNbWwxN06wdrOk0WcNkfiHByJkzpLIZQqEw4VCYjo4OUskkB558iomxcTShodmTt0IIBIKsHuMhsaEoXyJxsuvOVr7vatZLYP6trQMRiqx2FitqwcRqYIG1kIWu+hhLK7hLRYjj5GrufdtLWb5CW8vODsf2uCwdOq0wuhSDju3Lwi1TvlXgUe+dErXgrLpyXxFnF7w92xfErVfeFXdKVIFz3XdIuOXt0d7jBvfEedX04oFH1Xi7tVtDevGLcwHg7r5UL255+MjbyTfFjiLpAniVODeEXlTGFTce3XhpRL04xFXWi0o/HeilMn+NqhcF/lzz9sC54fSikm8FPJpCL+43dvV4e7UvDeujXyptJ/UwxuYL8/gCPJcUzLQNIBAIEUKgkZtg1RCkkkmOHn2eM6On6e3uYm5mGiFgcTHNqVOjvPDCcSbHZ1hYWLQ4C4EhMxhkkUKi6xo6Apk1GD8zyr7H93H/ffcxemYUKzVrAje3U3Y2NsihlFaUt9G7HVMLVeavAI+a9RKYbxMI6Oxb7TRW1IKJ1cACayETQxcgdv9CfiWXgmKkbHKV8hXf3NKe444AWbJin/Oy+hVUpZVfl2LQsX1ZOO8Vzpp3HHityLsVg6Xt3IpLB1784qy6cl8RZxe8PdsXxK1X3hV3SlSBc913SLjl7dHe4wb3xHnV9OLVf1SLt1u7NaQXvzgXAO7uS/XiloePvJ18U+woEi6AV4lzQ+hFZVxx49GNl0bUi0NcZb2o9NOBXirz16h6UeDPNW8PnBtOLyr5VsCjKfTifmNXj7dX+9KwPvql0nbGhgvQ2jrz+adNk6Px7WgChCbQhYEuDIQQmELDzCZ54rFHeOHgIRLTk3R1xjENQSZtML8wz8z8AjOLaZJZk2TKJJFNI8OS9s44GdPk1OgkJ0+Nc2p4nLFTZzhz+jRj45P8dN9T7D/wNOlkyspPEyCE9d9C44WOnWRMuZS/Hsbs216ZvwI8atZLYDWZiLZDJLbaaayYBROrgQXWYqbv/RVrEhV7JbegGCmaXMV65mrZSjwFK4UUHzfth1SvyMqvSzHo2L4snPcKZ807DrxW5N2KwdJ2bsVlSbtacFZdua+Iswvenu0L4tYr74o7JarAue47JNzy9mjvcYN74rxqevHAo2q83dqtIb34xbkAcHdfqhe3PHzk7eSbYkeRdAG8SpwbQi8q44obj268NKJeHOIq60Wlnw70Upm/RtWLAn+ueXvg3HB6Ucm3Ah5NoRf3G7t6vL3al4b10S8VtjO1EOaWi4tweCEdIhuKI0QIhAbC+j0rqYGuCWYmxzl17Chkkwx0dzIxOkI6k2E+mWUhK0hrOllgMZ0hmU6iZTXCSZPs3Ax6KknUzNIRFqzrCDHUEWFrXwcbu9sJZU1Ghs+wuJi0vosKgdDsRwIIQSYU48VspCj/bO+2yvwV4FGzXgKr2URX/2qnsGIWWu0EAgsssJU1fefVCE3DlCaaQ1FimhJNK3gtpd0Oux3Wa7CLHvs4xSuF+eNSwdvxyqyaFV8vXxbOesPKt8RLHz4XzyFu1SvsbsWhU5FZFNc/zmVeOPiC8/zi7cifA4/KONfAozrOqvwp4uyDxyUgG0QvHvzVjvfa0YtvnXjx58DjSujFP8511osKf3m9+MO5IfSiohM3Hh112KB6cThfGW8n/gK9tJ5eVPjzg3ej6UVlXGkFvdhxqsLZA++q9eID50JPzyZEJJb/gIxpciR+FkLYyQnrn5AghAbSpC0kWNfTQdYwCYV6WDgxyvTEPLNJw2IonSYiDNpCGnEh6IpGWd/fxY7tgwwO9RJvjxGORenr7CQsJPH2Th576jm++6MHmRg9wczsFF39PWBzUHgPvtC5k+2LzxLRNQtvPYLZOYg+N+rOXwGPNeslsJpNhKJIPQxGZrVTqbsFE6uBBdZqFu2GjZcihh8rm0QtmlwtKHKKd67ar+3ihtxxkXvfNlFyvNTj4POjXImpDo6lviyctJpLiVVrVOHx8JT4ovMVivdS71RcUnxeLTiX+QrxKuLsVpxUyV9FvEtxrolHNZxV+asF54r8lVWL/vBecb148leDTtaYXvzirMqfcr/ki0d/OK9NvfjDuWX04nB+S+tFhb9AL77rgzWvFwX+/ODccHpZlnGlifSSB84fzsp68dUvLXmjf4cd3np9IgXZtjZ0YR8VOlIIEBKk9ZRVHZOwBjOzCZIZweTULIZI0hEVdEd0usKCoa4I2zcMsGXLZrZu28iGjZvp7l1HtC1GrD1OKBZBCws0I0MqlaV7YIAzE5Pc++gzTExMsXn7doSwJk81hHWvA9lQjOFsiO2akcfb7FiPNnemKv5q1ktgy2PROCRmVjuLulswsRpYYC1ooXN+ifTwT9FE+Q7VnDdl6XGWdq7aRYTbim/O6rryq1q0FIWz3vC74ltxBb8gXjPswKt55deJPwcelXGugUd1nFX5U8TZB4+Oxfxa1osHf8GO1Qr8OfC4Enrxj3Od9aLCX14v/nBuCL2o6MSNR0cdNqheHM5XxtuJv0AvracXFf784N1oelEZV1pBL3acqnD2wLtqvfjAudDTs9lOwzpvJNRrx9Ds+BpCSCQ6GgKBgZRZero70fQIx4bHCOka7dEQe8/dxe4NvfSHUmzsCjPQ3Un/hgHiAz3o7V1E2joR4XaEFsZEI2ua6IDQYGhoHZddej6PPvMiCwvzmIZBOBRCCKzdspr1w1VSSkYi/ewQY3m8zXivN38FPNasl8CWxURbO7IFJlaDZ6wGFlgLmn7OL1iDkz3YFj5blYLipuhZrLDkkUhp+aLjTl64eKf2bqObdPBeg2OpLwu3TPmW5O0Ut2xF3quYLPVOxWVJu1pw9srbKW5FnN2KE6/2BXHrlbdTXFWcVflTztctb4/2Hje4J86rphcPPKrG263dGtKLX5wLAHf3pXpxy8NH3k7eL85114uPftovzg2hF5VxxY1HN14aUS8OcZX1otJPB3qpzF+j6kWBP9e8PXBuOL2o5FsBj6bQi/uNXT3eXu1Lw/rol/Lvt/dhxrryeadNg/H4ensyVeT/aUKzJjgFSMMgnUgSCYXoaI8jkJy3+ywuOmcHr7z4HC674GzO3tjPUE+MjphGSDMgA5oZRtNCSCExZAZTZtEMEIZAl5K4brCht4OB3i4SiQSGadqfLYpyEUIw2b6JtGHk85bhOGa0oyo8atZLYMtjkTbQ9NXOou4WTKwGFlgLmujfDf27rElV6TK5SvHKsHWi5a2VTkDar0W5zxU5SJy903m5uGUJO3iXYtCxfVk497yV8i3J2ylu1Svspe3ciksHXvzi7JW3U9yKOLvg7dm+IG698naKq4qzKn/K+brl7dHe4wb3xHnV9OKBR9V4u7VbQ3rxi3MB4O6+VC9uefjI28n7xbnuevHRT/vFuSH0ojKuuPHoxksj6sUhrrJeVPrpQC+V+WtUvSjw55q3B84NpxeVfCvg0RR6cb+xq8fbq31pWB/9Uu797Lqz0YSWz3skDUJo9isdTdMRQiA0iRA6Ah1MMLIGmiaIdcQZ3DDEpo1D9HfEMBPzaIAWiWKGYizKKHNJnVQSskkTmZHoZgbIII0MWtZAM0Eg0WSGeEjS1xUnJCyeLa5BCCvfwn9TRjHeMr6uKjxq1ktgy2ICAZHYaqdRdwseBRBYYC1q+qaXkRk7hKYt/UBV0WMBKF5BhtzK79LoVLiSjFD0OPiiUa/A3AZHeQPaRz6BaCtpnzyGfOpDmPfcC4B49zG09u9hfOm3AOschm/A+KevIwR2MZbzWxG/vh+R+gOMf7x96TgenhJfFM+j+Ktlp8Qy4FzmK8Qrwh8PXzV/xb4It2pwdsS7gs/HU8NZlb9acK7InywF0B/e1fJXG87V8leDTtaYXvzirMqfcr/ki0d/OK9NvfjDuWX04nB+S+tFhb9AL77rgzWvFwX+/ODccHpZlnGlifSSB84fzsp68dUv2T4at38zw+JtVkSBwt2qGpqwHvuGEEgEBhqpTJpUJoOUGkKDkZOn2L6ul3AoAtFOhs+MMXZqmExWEm1rY8NgN5vXz7NhQ4L2zgjoERYysJBIk5UakSi0iRRp00AISSSko9uTutK+8NIFngkRZ5BkHm9TD6HZ1+XFW816CWzZTETakMn51U6jrhZMrAYWWKtaxyBCLE2mOk2uFv6AFWAXLZBfVcR6rQn7dYkHQBacV8kjnMc44eALahn5VDfmd3PHtyLe8DXEy25HO7Mb8ynnyxfbbkDr+SfkjLQHcNtf9gXEeuCYPbDbxZqntxPK+4J4Va+wuxWHTkVmUVwFfJ34K/ROPBacp1QkVuKvlEdZBd6lODvgnfcVeFPHWZU/RZx98OhYzFeBsyp/teBcLX+147129OJbJ178OfC4Enrxj3Od9aLCX14v/nBuCL2o6MSNR0cdNqheHM5XxtuJv0AvracXFf784N1oelEZV1pBL3acqnD2wLtqvfjAOY93vLeIxxm93frTewRCE2gITGFfk5CYmiAjYCa5wKkzo5honDo9isxk6OjczPpNG5lYSHL/vmeZmZwhnTaZm1+kIx7i7E39vOz8LZy3cyMYYY6eGOfJF44zvpBk08b17N6yHikkiWSKgbY2dDsPBBQ+mkBKiWmazIW7QSaX8I735fHw4jFy84OEBosxlKM/IvPlW8hOuuPsbtcR/ZObEAcuJ3ln+bvatZ8i8tKL0WJR67MWT2M+djvpu+51/5grPk/sTf0YN19PuvC/r/s68cv6ML7z86QeUMlxjVoLPAogmFgNLLAWNa1jqKz4KJpczb2muEgBgVlQ7GC/j3D2QnN5HwefryZKrFLRUfT6OPKezyDO+zvYCrhMrBJ6CeKN70T+/19naWX3crRLLoNs0gqbPy6t8G6eEl94nkrxXuqdistSPip5D5yDHavV46zKXy04V+Sv7NuVP7yr5W/N7ygGz0xeAAAgAElEQVRaY3rxi7Mqf8r9ki8e/eG8NvXiD+eW0YvD+S2tFxX+Ar34rg/WvF4U+PODc8PpZVnGlSbSSx44fzgr68VXv4R9HVoRj5qm2f90BNZEpihIKvf9bSGxyMT0LLoWJhYOsee8c7nwJXvp6urk4R/ey5mRMwxu2ExbvItnnzvIi2OzTE8nILvIlk3rMRILPLf/EMdOn6ZtwwaGOtcx0NnP8OQZTAmdXV2EQqE810JQxKn1z0qrmD8q8gYgj3yOxS/eaeG94d1EP3AD4bc8TPbL36+sFwUTb/wS0Su3IX96K4t3fh/JerQrbiBy/l7gXvWAd15PwmHyth6mv+cuouf3e7SYIHvHtaSfrOFDgonVwAILrGmtfSg/+DgWJ1g+N9kqJfZOVuyBF5ZWau3Xwnpd6JG5AbIKn49XYsLBS5fXEhDdVu/mUOvkTB75Eez8LUT312HGOlG87A8RPftheHf+erDx8PT2Bzut3DfDDrycVyoSK/HnwJsyzg54530F3tRxVuVPEWcfPLre4BVwVuVvVXYUNbBefOvEiz8HHldCL/5xrrNeVPjL68Ufzg2hFxWduPHoqMMG1YvD+cp4O/EX6KX19KLCnx+8G00vKuNKK+jFjlMVzh54V60XHzjn8Y50FPG4GGoHAULYccXSJKYAQmhENZ2OaBxpgtSgv7+Piy96CWft2Mqj//UQzz65n5mZBLOJDL3r1nHe+Xt48okDJKammVrIEu0eoHOgjaEXJzk4Oc2cYbK4mISsQWdnO0Prh+jt60UPhZCaAGHa10QRh4vhTkidyeMtw/GlNh48FvEhgdN3YJx6N3rfJbC1n8jb340+2GnRs3iYzNfeS+agtdNVn7MnZCl87UQ2wMWELzofjv0jyTu/bx8bwXzgFpL2blPxio8RveZqtBjAHOZzXyH15Tvd5Vq6e/X8NMbkevRNndb5D91C8luPAC8n/MGPEt7WD6Qwn3sa9uxCfufnSY39DtG3vhm9LwqkkMN3k/rsJzFLPso8cgx5fn/+Ni2z2WOYx93erNJaYGI1+PGqwAJrUcvtWMUeuEAUv5YFRY49Opmm5SXWWmHhiqGU5NsVeom041LscfBuw4t08MLt9QWIN/0WtB1Deq2szX8IObIL8Us32J9/BeKSl8LB/41ZcF2e+ZbkXbSCavuyFXmvYrLUOxWXlPPiiG8VOHvl7RTXEXcnX2pe7Qvi1itvp7iqOKvyp5yvW94e7V0Br4BzRR7LwvnHuch74FE13m7t1pBe/OJcALi7L9WLWx4+8nbyfnGuu15U+JMugFeJc0PoRWVccePRjZdG1ItDXGW9qPTTgV4q89eoelHgzzVvD5wbTi8q+VbAoyn04n5jV4+3V/vSsD76pdz7MtpelHci0mMlISRCI/8PIexHBJhEpEk7YaJahMX5RcLhMIPrB0imU0yMj7N+YIh1A4MMDA1x1s7t/Mpbf5G3vfFKLty9FSOZZn4+QfeGfvp3bCTSv46RyUnaBnp4/uRxiEQZ3LCRWKwdgTVFr0nQyE3wCjTNmqpKtvUU8xaOVYVHER8CxI4PoG/sRE4+DsefxnzocyRvvpzEze8hM7eL0FXXOQNf0a5B6wM56jbzeh2Ra65GnLqdxZsvZ/GOR2DPB4heu776j4htRRy/lcWbf5n0kTTaRe8mBGjvupnwtjTZO36ZxM2/STa8Kz/BF7rqGvTQI9Y1fuZWjLG0Y2j5wI0kv/O48223+Djpv7yR7FT1qTqa1vzTjsGOVSyRzmYSzKYTzGUSpM0MACEtxKZ4P72RzlXOMLDAlt9ExyBUU5yQW/HMrZQurdB6rvjmvMT+c5KC18ux8iuXXosLZ9AvXGouk4fgP96FPOGFwHHkj+9FvO1/oG37InLT/0Z0PIb84gOIX11aLUVWsRJsJ+S0ct8MO/Bq3inhxF8pj7IKvEtxdsA77yvwpo6zKn+KOPvgsbhqrIB3DfzVgnO1/NWO99rRi2+dePHnwONK6MU/znXWiwp/eb34w7kh9KKiEzceHXXYoHpxOF8Zbyf+Ar20nl5U+PODd6PpRWVcaQW92HGqwtkD76r14gPnvKeAV4SFghBLmAJ67tqEJITB1Ngpjh94ir2bN3Ho+AkSCwmkHqItFuacszazZ9MgY+MTZAzJhk3raZs5ySvO3khm9DSHj8wxeuo0u3fv5uKXXsrgjh0kMyYDvT20R2BkYoLQ8Cx6OIQMCRDWc15FDihBnsMlWJf4y12Pp14AsfMm4rfeZEdIWc9Y/dfvQ++b0V75AcLX/C9EOPcJu5zYrN1ecSVabALzoTssWp+8BfO/PYi+9c0wWWWMxafJfst6Vmt2cp7Izn40QNu4AYb/mfSTIwBknzhMeKd1HcapEeTOi4l84OMYB79N5mu3uXYP8oEbSW38OtHLtuVvVzLHyH5tGSZVW8RaemJ1ODHOA6MHuP/Mfg7OnmA6Pc9cZjE/sRrVItxx5R9waX8wsRpY85koecZq7oeq8j9cRfFxe4SzvLB8/lmrVpXh6k3TRGha8XEcfL6aKLEKRYd8shvzezgWIV4mj/wB8sxPEa++BbovgKcvQwrrAwW5Ad32eHhKfOF5KsV7qXcqLik+zwv3SjiX+Qrxyoo9N6/CX4GviHcpzo54V/D5eGo4q/JXC84V+Sv7duUP72r5qw3navmrQSdrTC9+cVblT7lf8sWjP5zXpl784dwyenE4v6X1osJfoBff9cGa14sCf35wbji9LMu40kR6yQPnD2dlvfjql2yfWkC2deZ5i6VnycT7sCZXsXas5i9FA5mhLRzirC1b6OzvZi6ZYDwxz/CJE/Ts3smGwX7M2WnO3noe4VAYw8wiswZjoxOkFxNITDKpRcxMmnhXnJ2b1pNIZonEokQigvGZWdoiUaKRKJqmYyKRGkhpIytzQEjaklM2LDZwmUQeDy/egOJnrBbiet11hAbnyf7zB0k/9jzh332QcBgHu7iKGbO7MSevQd/4OwjcJy9X2uRd7yV54DpCV16JfsXHCV/1NOk/vpGsS3vzzg+T6ft7Ijutxw0Yd3+Y9MFlSsYsfQBB81nz78l1saPzp3nbf/4JNz36V/zLsfvYP/UCJxbG6I92IU1JIpvior6dXNR39mqnGlhg9bFod1GxYNpFiWnaHtvbx4Elz5KXBcdzxUXxyqiLL21XELfMhIOXFV4XehcT4gTyP74Jmz6EFnoA+YMTVn445O+UrwMepe9XvcJe2s6tuCxpVwvOXnk7xa2IsxveXu0L4tYrb6e4qjir8qecr1veHu1dAa+As6peasG5yHvgUTXebu3WkF784lwAuLsv1YtbHj7ydvJ+ca67XlT4Ey6AV4lzQ+hFZVxx49GNl0bUi0NcZb2o9NOBXirz16h6UeDPNW8PnBtOLyr5VsCjKfTifmNXj7dX+9KwPvql3PsiNVeUd7uRsI7n/4EUYGog0ECECMU6aOvo4cCTB3h63xOct2Mng93d6Hby8/PzLM7OEiFLVAeBtTFndmaGofUb2H7WdjSRxcymiYTD9PT1Eo/HwDARpsmm9evpau9AA4QmMIXA1HLXKslNrMay80V4a5nFqvAo4qMU76T9Z/Fzz8M5H0UfXGouMyB6L7byuvA6tD5nPpZsH5knDsCma4he90b7Y9ajXfEx2j7wO4iH78dc7Ed75bsRgLjwY2iDKeTxb1cKXNGyp07DplcTuXA9cDahl+7KX6b2xt8j1Pc4mX+4keSdjyBj24r+wrPcRsh+8RYyzx3AuP8WUg+M1Jxf3gy36dzmsZbcsXpw5gQffPQvOTp/GgBNCC4fPJ+93dv40el9LJpp+qKd/OEF70QXLTv3HFgLWGExomlLP1RlmraXSztXwZ5kZWmy1WnFNxePMo89qC3zym/p+zh4r+s//luY94FIfsK+LnBcgcfDU+KLVow9ir9l2ClRjnOJ98BZdeW+Is5ueHvxV+Br25FSpc/HU8NZlb9acK7In3SqytXxrpa/Nb+jaI3pxS/Oqvwp90u+ePSH89rUiz+cW0YvDue3tF5U+Av04rs+WPN6UeDPD84Np5dlGVeaSC954PzhrKwXX/2S5ZFmEY+atpS3Jqw/wpfCmhcRmkCgEe3ooq23l/m5GVIL86zr7GTzukFSyQVmZmYZm5xCZtO0hQVt8TiRaBgR72JsPs3ec3Ywn5LMTC8QN0No4RjhUBbTNMlkUsTbIgwNdmFEI6SFwBQWJsI0EUJa2AqJ0CSaJm1YCnGnIm+OfORe33U7mbM+Rvg3HiSUOYYxOgf2jtXM9+9Gf881tN36ICwexpx15qOIm++/n1T4U0ReejOxy/6XdWzxNOZjtwP3kr57L9FrbiB26w1YP171RVJ3jcAVlWN7mfm1W8kMfIzwu79J6N0pzOcOY7INsiA6LyF05VsIvx0ghXnkTjJevz8CwCNkvvxIbUk5mTSWP+Yas5acWP37Iz9k/9RRAC7t381v7v4F7j29jy8//30ypkX6u8+6mgt6d6xmmoEFtgJmDT75yVStoDihuEgByK+A5l4jrLFKFHhpDcqFr/O+0rNW7XgOaZZ76fLarWhxCivsBg/9dv56KbteWdnbH5T3YslXvcLuVhw6FZlFcT3wrIBzmRcOvuA8pSKxEn8OvCnj7IB33lfgTR1nVf4UcfbBo2MxXwXOqvzVgnO1/NWO99rRi2+dePHnwONK6MU/znXWiwp/eb34w7kh9KKiEzceHXXYoHpxOF8Zbyf+Ar20nl5U+PODd6PpRWVcaQW92HGqwtkD76r14gPnvF+cRvRuyfPYlZljKh/X+kwdgS4FEg1DgIi10TU0QE9/H1uyGV44eIjdZ59FvDtOIp1hcm6RMJLujjjRWDttsQ4ePPAoz43OcvTHj/DE/hgv23s2e/fsZvf5cURIBwGmkSUU0ojoMealBppm74K1c0EikAhhApKuzKwNn4W3lprP4+HFY/qTl3vg+wiZz/08GScCD/45yT/6cydmSf3xnY7HAcy7PkLyLpc3H76F5MO3lB9/4EYWH6jw33deT6LwYwtf925APnkLi599BMl69Hf9JdHMCJmHwXj4ehbd011ZM4KJ1aazRDbFgekXaNMjXL/jdVy3/TX8y7H7+c6JB/OTqtvah3jr1isQ+V4wsMCa03JFR26nqmtxU3A8PypJQf5Zq4XvV+tx8PnRrjRRXAbF2zE/fXt5EVLi5R3bWOrOb8f41O1Wcymxao5ib/7jVvs1S8fx8JT4ongKxXupdyouS/moAedgx2r1OKvyVwvOFfkr+3blD+9q+VvzO4rWmF784qzKn3K/5ItHfzivTb34w7ll9OJwfkvrRYW/QC++64M1rxcF/vzg3HB6WZZxpYn0kgfOH87KevHVL1me5HwRj50yWRBZYM17CISwEhBCYGoabb197Nx7AXv2nMfJ4y8yfOI45607j1AoQiojmZ5L0DU7S7yzg7BpcPDw88wvzBM1JGKwk2i8k/b2DmvCNpPBlBmMTIqMIcnqus2w/elSgtDsy8/99aRJbzYBegHe6SqfsVqrXhrBBreiv+IDhK+xnp9L5jTGw7eTWe28SkxmkpUbNbi13MTqVHqOjbF+3rfrGi7qO5vfe+xL/Nfo02Tt7clDbb3c9rLf5pzuLaucaWCBrYDZg0/RTlVZ8ENWRR67HTit+GJ7a4wqeC2XfG5QW5aVX9WipSic9UbNOyRyPhfPIW4z7MAr5U8Vb0f+HHhUxrkGHtVxVuVPEWcfPDoW82tZLx78BTtWK/DnwONK6MU/znXWiwp/eb34w7kh9KKiEzceHXXYoHpxOF8Zbyf+Ar20nl5U+PODd6PpRWVcaQW92HGqwtkD76r14gPnnNfHj2DueIWdhmBAMxBo1iMBhLT/CUxCICQC+7EA8Tgb9+6FuVlOjY1w+IXn2XPxucRibYTDEWYXZhgdmyQWC9MWDXPuliE6onE2bN7CxS/Zy1lbNtDeFkYaBkYmjWEkyKSSpM0Yhh4CoRf86E/+AasgJbmJ1C6RY83CW09M5vGoq14awQ7eRurjt612Fp4mkZBaXO006m4t9wDRmB7lI3vfxrVbXsVtz/4r9515Kj+pGg9F+aOXXM/LB861B4rAAmtuyxUdpmkNprkV2PyzVE3b21W2zHl7FCo8LgvfL/TCxTu1dxvdpIP3GhxLfVk4l89Xzbckb6e4ZSvyXsVkqXcqLkva1YKzV95OcSvi7FaceLUviFuvvJ3iquKsyp9yvm55e7T3uME9cV41vXjgUTXebu3WkF784lwAuLsv1YtbHj7ydvJ+ca67Xnz0035xbgi9qIwrbjy68dKIenGIq6wXlX460Etl/hpVLwr8uebtgXPD6UUl3wp4NIVe3G/s6vH2al8a1ke/lMc7MQWLM/m8I7pG38Kpgg+UCHtyFWE5TWhIXSfS00+0f5DOwY30rBtC00JEomGi8SgpQzI2Ncfw8BnmZmfYunGAc3dsZLAjTHJylOOHD3L00EHGx8fJmgamkcUwBRkRwhS69XxXYU2GWhPF1vNewXrdNz9M2H4erEQiMglIzVaFR816CWx5LJ0Eaa52FnW3ltux2hftpDfawY9HnuSJqaNcs/kVnNW5kcsHzuXivrPpiXSsdoqBBbaC5vwYAKdnrVqDT/HSa24BwmmlMH9cFnuk83FrDFRY+XUpBl0H0aJw/ld8HX0unkPcZtiBV/PKrxN/Djwq41wDj+o4q/KniLMPHpeAbBC9ePBXO95rRy++deLFnwOPK6EX/zjXWS8q/OX14g/nhtCLik7ceHTUYYPqxeF8Zbyd+Av00np6UeHPD96NpheVcaUV9GLHqQpnD7yr1osPnAu9NjOMjHXneRtMjzPL5qL4ArGUL2Cik9UEeqyLvm07MabHiETbCIV1IvEIMhJmdj5FaHKBoal52iIhhJGgJ95BdzxCe3ucSDyGHo0ghSSLJE2INFFAt6+hwGTxpa9bHF36jQ4EWmLKm78CHmvWS2DLYjK5sNoprIg1/8RqegGZTSNi3SCsDbpCmrxWi3Kl6EEeexrT+Bmi5wm0gV3Ic69BdG1c5aQDC2xlrGwSVRb8kJVTkSMLipqS44gSv1SdFR0X2tL7ZT4/ypUmitrgWOrLwkmruZRYtUYVHg9PiS86X6F4L/VOxSXF55Xh7sCDG85lvkK8iji7FSdV8lcR71Kca+JRDWdV/mrBuSJ/ZdWiP7xXXC+e/NWgkzWmF784q/Kn3C/54tEfzmtTL/5wbhm9OJzf0npR4S/Qi+/6YM3rRYE/Pzg3nF6WZVxpIr3kgfOHs7JefPVLS16MHUGuPy/P23otyYvZJGYkhjXBKUBIcpOdEhBSItExtBBdg+tZkBn0cAhdM4lEQ5haiLm0JN4WYiFl0D/QD5hsWD+EFooSjrUzsGEzItZGKruAYZikzTBGqA2JbqMn8veddcACR88mGZQppCSPtzY/UjV/NeslsOWxVGK1M1gRa9KJVYl58nGM5/8T88TPIJtEdG9C23E52qaL0dbthFgvYsNepBAwcgDz0I8wnv43jGfuRj/vF9DP+0VE59BqX0hggdXVhLAnUe3JTk0r2MGKwzNWRW74E0isP9bIHbfGPJGPK3Nelvj85zm8b8ctT9TBqxYtReGsN2reIZHzuXgOcZthB17NK79O/DnwqIxzDTyq46zKnyLOPnh0LObXsl48+Ksd77WjF9868eLPgceV0It/nOusFxX+8nrxh3ND6EVFJ248OuqwQfXicL4y3k78BXppPb2o8OcH70bTi8q40gp6seNUhbMH3lXrxQfOhV6bPY2ZSSLCMUAS0XS2zhzmxYGX2B9amADWbxRLQQgwBURiMbTeLkxpENYEkXAINI1FQzI2t0DX5CTRWJSBTevp7O5Gj3Ugop0Qa8MQkkzWJJHOkBExsnoUKTR0pOtNu3XqIGFNYKePMLNoc6Pe/BXwWLNeAqvZZDYNxlr7Ka36WPNNrJpZso98meyDtyNTcxBqQ8S6kXMjGIfvRbR1oV90HaGL34G+91r0vddCNoU5dhjz6H1kH/sqmXs/gfHM9whfdTPa9lfmQ0spmZycxDQM+vr7MU2To0eOkE6nueAlL8m3m52Z4eTwMPNz88TjMQYHhxgYHLA7vyWbmZ4mk8kQb28nFosxMjLC6VOnMAyT9RvWs3nz5rJzADKZDKeGh5maniabyRKOhIlEIoR0HSklfX19rBsYWILENBkeHmZqcpJkMkUs1saWrVvp6elZujYkR+dGAMnGeD8xPVr0mSkjw6nFCbKmwfaOIU4tTpDMppF2b2RIk4gWZmO8n/ZQGwBjyRmOzp/mot6dRPWwK2X7Jp9noK2bzfEB1zaB1ccKHwOQ36mqFbyW0p48tUafnMd+iLjTimGumKGSd4hbt5XfsnDSai6lPVhX4fHwlPii8xWK91LvVFyyfDirrtxXxNmtOKmSv4p4l+JcE49qOKvyVwvOFfkrqxb94b3ievHkrwadrDG9+MVZlT/lfskXj/5wXpt68Ydzy+jF4fyW1osKf4FefNcHa14vCvz5wbnh9LIs40oT6SUPnD+clfXiq19a8mTTiOOPY+58VZ6/jXKBk9kUZiRecC0i7wQSTUoQGqbQiXV1Y0R0MkaWNk0nFo0ghcbpyRmSGYNYKMy6gZ3EOtoJxdvRo1E0PY2RSjOfzDCTiiA6e9BECFMAmMWfiXWr69kUG7JzoGl5vLXJF214quOvZr0EVrPJ2fHVTmHFrMkmViXGs98nc99t1i7VWA+hy96LWL/XEtnoQYxjD5N99O+QE0eJvOVzIHQIRdE2nI+24XxEz2bSd38U89STpL/3h0Sv/yqidysA2WyWL93+RU4cP8afffzj7Hv8cf7iE/+XtrY2vvNv30UIwfHjx/nyX/8N+596irm5ORaTSS688EI+cvPvcdbOnUXZfuMb32Dfzx7nV9/z39E0jb/+4pd4Yt8+skaWc889j/f95m/ymqtei67r+XMymQzf+uY3+fa/fpuNGzcQi8U5dPAg0zMz7Nmzh0QiwRvf+Ebe+iu/TG5S9p4f/pCv/v0/oGkaQ0NDjI+PMzg0yK//xm9wzp491rWZJjc++nmklNz60vdzfs/2olxPJsb5nz/7a6bSc/zTqz/KrQfu5MmpI+zu2sy29iGemjrKTGaBq9ZfxG/veRPd4XYeHD3Ap575Bn/zyg+zp3urI2NzmUU+8NBnuWHPtbx3539btjshsOqssBgpm2SVBY8JyA+w1iDlteJLyWtrbCvxwY7V6otDpyKzKK4Hzm6+lD8HHp3i+sXbkT8HHpVxroFHdZxV+VPE2QePjsX8WtaLB3/BjtUK/DnwuBJ68Y9znfWiwl9eL/5wbgi9qOjEjUdHHTaoXhzOV8bbib9AL62nFxX+/ODdaHpRGVdaQS92nKpw9sC7ar34wLnU66f3I7dcBJE4AkFE09gyfZhjA5eA1OwPF/nYVnxs1AQhPYLMZJicnOaFF0+STAm0UIyMluLMfJb9h09h6GHOWoTedUniHe3oIY35pMloQqOtZzOG3o5AoGGCkCALPsu6Adk8+RxhXcvjjZEhNHmMXCau/BXwWLNeAqvJZGoB0ourncaKWVNNrJrHHiF990etSdXebUSu+TO07a9aanD2VYRe9X7MY4+Suf82so//E6FL310UQ997LdHBPaT/+X3I6ROkv/Nhou/9BiDQNI1nn3mGnz32GN/45zv5j3t/xCWXXEIylUQIwfDJk3zu05/h7e98J7f8ycfQNI0HH3iAj//Zn/Ohm36XWz/1SXafc07+s4ZPnuRH99xDW1sbekjnxptuYt26fg4+d5A/+P3f56Ybb+Szn7+N1199NQBSSv7XH32UBx98gM//1V9x8cUXAzA7O8tvf+AGpqen+eJff4l4PA7AYmKRr3/ta3zq1lv5/Bf+ile/5jWEw2GklPzpxz7GO952Hbd++lNc/YY3ENZ0Ds2cxMQka2bLsZUmh2ZPMJacIaqFmckscHh2mN8651reueN1ZEyDvzn8Pf70yTt4ZvoYd1z5h5xJTnF8YZR/OHIPf37x/8j/GXmhffHgXRxbOMOJhdFa6Q/Mh5U+BqBokpWCIqek6DFz7eyixzTl0rNT7cEbUX581VZ+y8JJq7mUdrpVeDw8Jb7ofIXivdQ7FZclfJThqoBzsGO1epxV+asF54r8lVWL/vBecb148leDTtaYXvzirMqfcr/ki0d/OK9NvfjDuWX04nB+S+tFhb9AL77rgzWvFwX+/ODccHpZlnGlifSSB84fzsp68dUvlXgjAyf2IXdacyQC2MoCE4lREh3ryd1q5N8VdjrW/4eEhGSa+ekFnj58jOGxWevP/fUIppHl4Hya0zMHOXJijI2bBujt6yHe2UG8d4D40E6yMmqxahqgyaJry1l8foQtxnwRT/rki2CmlfirWS+B+TaJRM5NrnYaK2raaiewbCYNsj+7A9LWr46Fr/6j4knVvAm0bS8n+va/QU4dcwylDewm9LJfAwTm8D7Mk/vy74VC1lz0oYMH+fwXvsAnbv0LPnvbbQDE29v5yM2/x8te/jI0zYL28iuu4O3Xv5PDhw7x/e/dXfQ57e0dAIyNjfEXn/wkF150IZs2b+Z1V7+e33jfb5BOp/nRD+/Jt3/22Wf59r/+K5dccgkXXXRR/nhXVxc/98af55GHHy76jIceeojbPvtZXnvVVbz+6qsJh60/xxdC8P4bbiCVSvH3X/kKqVQKAF1o+X9lmBQcD2sh4vajAkJayD6mc+XgBXSGYzwy/iyGNBlOjJM2svz7qZ/ykzNPlsVcyCb58vM/sDBIzjhyEVh9rbAYMc2lwSi3IpwbvApXaAEEJV54eFnuCz+/yDsVJ9Yb5d6tSHFqXxZOLV/P66uAR9Ur7KXt3IrLkna+8i7Nt0o8KuLsgrdn+4K49crbKa4qzqr8KefrlrdHe48b3BPnVdOLBx5V4+3WbtQZ9MsAACAASURBVA3pxS/OBYC7+1K9uOXhI28n7xfnuuvFRz/tF+eG0IvKuOLGoxsvjagXh7jKelHppwO9VOavUfWiwJ9r3h44N5xeVPKtgEdT6MX9xq4eb6/2pWF99EtO7UOnn0YsTBfhccHcc+jZJOWzjdZ3QFNoIDUikQiZVJrJqXnGphNMzScZGZ9iZHyKuYTBohZn3ohybGSa5w4e48Xjp5Chdtr7t5AVEYxQBKmBFhIITUOUzDvo2STnTx0szjuzSGj8eeX7rma9BObfkvOQTa92FitqTTOxKqeHMYefAEB0b0Lf+WrvE8JxQld80PVtbcerEPFeAIxDP1o6rmsYhsE7rn8nQ0PFP27V29vLxk2bymLt2L4DKSUTExNFxyORCABXv+HqsnMuv/JKAE6dOoVhGACcPHESgKGhobLCZ+OmTQghOHz4MGCt+tzz7/9OMpnk9Q7xBwcH2bV7Ny++eIzTp05Z1ya0/L9SC2kautARCDQhiIWsidWItrTpeSw5TdLI8IqB89CFxunFSUKazlhymr8+9D3MgpWolJHhq0fuIWta1zaenMaQJoGtrOUnVZ1W3hElK75We4m1CkWhlx5euHin9mWDeS5RB+9SDDq2Lwu3TPmW5O0Ut2xF3q0YLG3nVly68OIH56p4LIhXEWcXvD3bF8StV95OcVVxVuVPOV+3vD3ae9zgnjivml488Kgab7d2a0gvfnEuANzdl+rFLQ8feTt5vzjXXS8++mm/ODeEXlTGFTce3XhpRL04xFXWi0o/HeilMn+NqhcF/lzz9sC54fSikm8FPJpCL+43dvV4e7UvDeujX3Jqj5FGP3I/0v4rVYkkrAkuGH3E8VKkEGQMycTMPNF4H9OLJhPzKVIpiWFomKbAyBokFheZm5thZnaKUFjnnHN3c/kVl7Pz7LMJhcOAQCJACAq/9Qsh8v/OP/MoIa34ekOjz+bzLPIV8KhZL4H5MyODnJ2o3K7JrHkmVudOI+fHANA2vgT0SMVzRFu3+3vxPoj3AWCesnZbCiHyk45n79pVVV7ZbJZnn30GKWV+F2vOQmFrUnLDxo1l5w2ss37IybQnHgHa29sB6zmrpTY7M4OUMj9Zm0gkOHjwYP6/f/bYY+x/6imePnCAJ/Y9wSMPP4yuaSzMz7OwYO3y1YWGYZocnD3J/qkXeHr6xfy/QzMnyZhZcvO5uQnV3C7WJyaf5zPPfpMdnev52EXvAeD4wigX9p7F1vZBfnLmSZ6efiGf7/7pF/jSoe/yjh1XATCZnifVIr8Yt6ZM2H+u7zSpytKKb454p5VfaR+XsvYVVKWVX5di0LF9WTjvFc6adxx4rci7FYOl7dyKy5J2teCsunJfEWcXvD3bF8StV94Vd0pUgXPdd0i45e3R3uMG98R51fTigUfVeLu1W0N68YtzAeDuvlQvbnn4yNvJN8WOIuECeJU4N4ReVMYVNx7deGlEvTjEVdaLSj8d6KUyf42qFwX+XPP2wLnh9KKSbwU8mkIv7jd29Xh7tS8N66NfcstbmzqOdvRhsHEG6NAFu0YeKr8UIZhfSHD46DG0ti4SZhvzaUHKkJjS/u5oZtHNDBGZZkN/B1defhmvvvIVrB9aRzikoQsrlpAmuanRwnlNIWDXqf+iXSvOVx8/jD4/WoR3tfddzXoJTN2kiTk1AgVzWK1iTfOMVZlOgL3q4jVhWrUJze6UQc6eWjpsCzZU8INShTYzPc2Pf/xjnnn6GTKZNKZhMjs7ixAi/6f4OctN0pYetz7H8rq+RNHFl1zMps2b2L//ALOzs3R1dQFgGAb3/eQ+hBC89qrXArC4uEgyaT0s+Ml9T3D82HF0XcM0Jaa9A/bCiy/i0ssuo7evL/8ZGZnlwdEDHJ07bU20SgNDmkyl5kgaS9u5dWFd//956ut85plvspBd5G3bX8uvnnU1g209AJxOTPCGjZeyIdbPJ5++k9sPfpcvvOImDGny1SP3oAud9+2+hr89fDcL2UUSRpK4vRM2sJUxKUt+sKrwmau5IqWwuCmYdEUKEPZra1Y17wt3wCIElLxfNolbGNdplHMbHH2uRFrXg51HlR4PT4kvOt+j+Ktlp4Qox93R445zma8QryLOLnhXy19FvEtxrolHNZxV+asF54r8SacqUR3vFdeLJ3816GSN6cUvzqr8KfdLvnj0h/Pa1Is/nFtGLw7nt7ReVPgL9OK7PljzelHgzw/ODaeXZRlXmkgveeD84aysF1/9kjuP+vA+zI4+suv3WL+tgWRIZGgf/k+eXv9KjFAUhCSZzjI+OcPUbIL9z7/IYO8AoquXTCRKejENpokuTUJCMtQZ47ydW9i8vh9dSKSZwZQaJjpSCAQmQoIJCDTARM8m2TvyEHFRjK82N0Jo/Hnf/NWsl8CUTCJhZrTlHgGQs6aZWC20wolQ35ZesCZrAYzyH3Nysru+/R0+8+lPc+lLX8qNN/0OW7duRQjB/ffdx7//4Af53aQ5M+0/fbc6j2LLHYpEIvmdrvF4nK/ecQe3/H9/zI2//UGuf9f1tLe385Of/IRDhw7xhS99kUsuvRQAXdfRNGvy88bfvYlt27ZVdQ0xPcqvn/1Gzuspbn9iYYx7R/Yxn7UmazNmFoHgxnPfzN8e/j4nFsaQ0mRd1JrUnkkvMJ6aYWN8He/Y/loeGX+Wb594kBvOuZaEkeKhsaf5n+e/nfVtfUT1MPOZReYyi/nzA1sZE8L+oaoCL3OepSJFyw1OdvFgFTsFXpT7XHwpsX/AquB16fs5b8crT9TBqxYtReGsN6w8Srz04XPxHOJWvcLuVhw6FZlFcR1wrORL+fPgsfA8v3g78ufAozLONfCojrMqf4o4++DRsZhfy3rx4K92vNeOXnzrxIs/Bx5XQi/+ca6zXlT4y+vFH84NoRcVnbjx6KjDBtWLw/nKeDvxF+il9fSiwp8fvBtNLyrjSivoxY5TFc4eeFetFx84V+JRe/4+tLYe6NmQx7tDE+w98xDPd5/LTLSfUyMTjIxOoOkR7v7+j7jqypcS6xtAj3ciExlkOoUuTDo72nnJnrPYtW0jIpsinUwQC3VgmCYGgrQpiOgSgYGBhkCjfX6UndPPEBfF+LI4S+j0gfx1O/LoxF9B+5r1EpiSyfkpSC6sdhqrZk3zKAAR7QDd2vlpntwHmcWa4sn5UeSC9WwI0da5dNyuNgqfFwrWrtH/+4lPAPC7H/oQ27Ztszs7yGSsiVmtZJdrbueoUwGTtSdzI5FIPg5AT08Pu3fvZvc5u5mYmODI80e48sor+ZdvfZPXve51+XYdHR309lo7R48fc/6RrlIzpIl06V0ksihP027bpkf4/Ms+SFQP8zeH7uaRcesZKCcTY5hSMhDtZlN8He/f/YuYUvK5Z7/F5575Jhf37eKtW68kqodZF+1mIZtkvkbOAlM3p8cA5DyyoMixyc/f//Z9krtfSt8v8sLZ5/4VtXcb3aSD9xocS31ZOPV8Pa/TA4+yFXmvYrLUOxWXuPCikndpvlXiURFnt+LEq31B3Hrl7RRXFWdV/pTzdcvbo73HDe6J86rpxQOPqvF2a7eG9OIX5wLA3X2pXtzy8JG3k/eLc9314qOf9otzQ+hFZVxx49GNl0bUi0NcZb2o9NOBXirz16h6UeDPNW8PnBtOLyr5VsCjKfTifmNXj7dX+9KwPvolr7wlEmFk0J/9AUwPI6WZx71DwN6pp+k9/jOeP3qSY8eGGR8fZ2TkDN/85l2cPDlGxhRokRiRji6Gtmznwksu49JLL2HzhkF6OmOEQzpCjzCfMNHDXYyMTpHbpSqEwcbRfZw7dYC4MIvyZXGG8PDjYP+1rN9+uma9BFalSeT8BMxPrXYiq2rNM7HauR7RMQiATM2RfeIbkE35jCYxjvwEskkrdv9Z1lEp87tMS21hYYGJ8XHa43Hi7fGS9+btDr/4nNyzUjOZ8u3Sufc0vZiif/ra19n3+ON86MMf5vp3vYv3/Np7efVrXkNbW1tRu3A4zFWvez3hcJi7vvMd10JpZno6/56JiSlNxx+RykoDQxqYUmJKScKwsM2YBuf1bOP39l6HEIL/s//rDCfGObZgPQulJ2I9F/Y1Qy/h3O6t/Pupn/LTiYO8c8dVhO0dtRtifSwaKabT8445BlY/cypKTFOCx0o8WCuFRT5/cxe/tlZGXXxpu4J45Yk6eJdi0LF9WTiXz1fNtwIeSivsZXh7FJkF7WrB2Stvp7gVcXbB27N9Qdx65e0UVxVnVf6U83XL26O9xw3uifOq6cUDj6rxdmu3hvTiF+cCwN19qV7c8vCRt5P3i3Pd9eKjn/aLc0PoRWVccePRjZdG1ItDXGW9qPTTgV4q89eoelHgzzVvD5wbTi8q+VbAoyn04n5jV4+3V/vSsD76Ja+8c15LJwgd+De0sSNIliZXw7rGBbEEH9w4yjlilMmJcYQwOXz4MPue2E/GEMQ7u9myYyevef0b+Lk3vZkNZ+0g2tFJW6yTcCSGqUWRog2px3n62aNMziRYN/E8l564n+3ZSUKaKMpXS0wQOfFTRGax5n66Zr0EVtGkaSCnRpDz06udyqpb80ysdm1EGzo3/zp732cxnv9PX7Hk7AjGM3fnX2ubX5r/byOb22VaPFHZ3t5OV3c3p0+f5sTxE/njJ0+c5Nvf+hZSyrIfnUokrB2a6XT5xGpy0Xn35unTpzly5Ah//5W/44H77+fRRx5h3+OPc/z4cQyj+CHBb37rW7j2TW/i7n/7Hvf88Idl7+9/6im+8uUvL12baZI1TbKy/GHDRsHxrGmwYE865469b9c1XL/jdTw2fojf/ekXODZ/hogWpjdi7fYNayHec/bPkTENzu3exsvXLXE12NZDxjQ4vdh6vx632pZ7Fqq1A7v42aiFK76m6bzSmdu5nfOFK4Uy91qor6CWmdMKo0sx6Ni+LJz3CmfNOw68VuTdisHSdm7FZUk7X3mX5lslHhVxdsHbs31B3HrlXXGnRBU4132HhFveHu09bnBPnFdNLx54VI23W7s1pBe/OBcA7u5L9eKWh4+8nXxT7CiSLoBXiXND6EVlXHHj0Y2XRtSLQ1xlvaj004FeKvPXqHpR4M81bw+cG04vKvlWwKMp9OJ+Y1ePt1f70rA++iWvvAu9MDLoz/wA7fgTmPYj/3L493fE+NCrNvOJl4e5dkuWs9fFyJqSru517NpzHq989Ws5/9LLGNiynfYte4gMbMVo68AMd5DIasT61qNnF7lIH+GCE/dwVnKEqP2bHoX5atMnCR9/tHynqs9+uma9BOZp0sggJ4aRqcRqp7ImrHmesarp6Be8xZpMNbPI5AyZe/4U0bEObfOlVYeRCxOk7/oIcvKFpbjnvMF6T0qyWWtytHQyVNd1PnjjB/8fe3ceH1V973/8dWYy2SCJCSGYQFgkEpSgEaQqCIogiCvVXsF9abUtervX1ttfb1t7e9tbr71tr3p7rdal1oK9UlwRBRFQUFmMJRET2SSEQAjEBLLP8vtjJpOZZGaS2TKTzPv5eMDJzDnnO9/z/eYz5+Qz3/ke/vDo//D9736Xq66+mvb2do7V13Ptl77E3j17Wf3qaxRPnsziL34RgOaTzhGaLS29fxlbW52Jy/a2dvfJAuDmW27hH//4B7/77W+9tjcMgxEjRnDtl67jW9/+NmazmZycHH78058A8L1vf4ezzj6L886/gJSUZD788ENONDXxjW99G8Mw6LTbMJtMpBrJPkfl2hw2LKYkMixptNjaabd1kmFJo9U1KthiSuKrxVfy9pGPKDu+m5rmek5JHkaax82orhs7m//e9XeWTpjrdZOqscPyyLCk0dipoBxoBnjfsKrH0sDAjmuOVXBdtND9GP+fFDo8tsfjk0hHoCWG73Ocr08Y/VwM+j2JehXnXOGsb4+lI4RlV3k+yu33J+z+Lg59XWR6lduPdvXTzr2Who+lw7MfQ2tvn/3nox+Dbucw+jH4dg62/4Js5xD6sbshB0m8BOi/8Ns7fuIl5DgJ1H8++nEg4iX0do5yvATTf+54Ca2dB0W8BBMn/vrRZxwO0njxsX/Q7e2r/xQviRcvwfRfKO092OIlmPNKIsSLq5x+tXOA9u53vITQzsH2o3nfuxjNx7CNn4GRluXVD+Nzs7kt9xRun1HEZ0cb2NNsxpE7juThFk4xtXGiA7Iyc8mwHMZkdOL4vIZT7J2kH91JsqOTktOHd5fn2Y52K0lHdmFuqgncD/3pP4/9w44X8cOBo7nROaeqn29zJyLD0ZXaHwqs7XS8/hNsH/2t+7mU4ZiLF2C56DsYmfn+9+1oxrZ/C51rfoqjqdb9dNL0m7Fc9jMAHA4HtbW1WK1W8vPzsVgsvYo5WlfHls1baGltoXjyZEpLSzEMg4aGBurr6xkzegxp6WkA1B2po7Ozg/Rhw8jOzvYqp7W1lfr6epKTkxk1apT7+ZdefJH1b61nzkVzOOvss0lLTaWtrZ3t27fxP48+Ss3BGn76wAMsWbrEfdMrcI6c/eSTXRw/dpzU1FTOOvssxk+Y4N18Dhtmw7mP4T4DONkdDvcboWE4R60mmczYHQ73PuCcGsBsmNw3QzIM77Ic7jfvbjbXfC49t5Xoq/txhitJ6ui9dJ1ETR4nbffpzOg+rfU6WZucSwwDw7Xs+XzX2c4wwPdZrocInxzdm3tUp89lMNXw2j/Mi3dfS4/9+qx4MDXvs7zg2jnY/otMe/e3H4Nr52D7L7x2Drb/Qmvv+IqXKMRJzOIltHYOtv+CbueQ+jG0do7PeAmtnRMmXnzsn9DxEkz/KV5C7r+EiJdQ3qmHcry491O8BB0vIb0vhRYvJCVjKzgL+7jpYLYE119BxIv5888w132K4bBG8LwSoXiRXhztzTiajoGts++Nh5jdP9gScP3QSqwCjqZDdDx/N/Yju7qfNJkx5U/FPPkyTHmTnQnW5HSw23C0ncBxbA+2T17HXvMhjhNH3LsZORNIuf4x9xyrsbZ92zZ+8P37+OG/3M8l8+Z5JU5tNhtvrVvHN+79Z5becAP3/fAHpKWlxbC2Mhgc/bFzqgaTK+nZtez6BNQ72eo8R+EAk+tcZQIwui8pDI/HXeu7zm1d+3ue85wjY3uf/PslrIuWCF1k9eNiK5IXh76XA/FHSZDXOsHw2j+ci9rg+jGSf0z5HyER3K9psP0YejsH23/R/6MkGn9MxSpeohInPvsx+vESjeRDROIllLfpkNu5j2UvMYiXYOIkEeLFZzmKF8VLtM4rCRQvwdU4YD8OiXgJobkHW7zYLek4xp2LLf9MDFNSEPEQeGn6vAZz/aeuuVQHUbwkKIetA5rqcbQn7s3G+0qsDp2pAFyMzAKSr/1vOl64B3v9brDbwG7DXlOGvaYMTEkYaVlgcSZWaT+Bo6MZ72HMBqbC6SRf/ou4SaoCrHxhJSkpKZwzbZpXUhWcUxHMmz+fYcOGkT4sHbPZHKNaymDSffJxXnx4TQtgeC+7zj6enwD39Umk59Iw9XgeA7vdjmGY3I+7P1n2V9F+LPGx7FWcw+O4+7kkwJIeS6/9g7h477nsx8Vkz3butcTHEj/LPsrrs539XZz0+9q7j/bu2c5h9WNw7Rxs/4XTzn32X6+rxdDae8DjJWD/hREncRYvobZzsP0X9PtSSP0YWjvHZ7yE1s4JEy8+9k/oeAmm/xQvIV8fxH28BNF/obTzoIuXiJxXhlC8uBsutHYOOl5Cel8KL15MnS04Pt2A6cB2bCPGY8opxJY9DsNs8d9ffvrPdOIwppN1GM3HMKxtEG689NFvYcdLorO242hvcc6h2tEW69rEvSGXWAUwciZgufzfsW78Hba9m/CKGrsVR/MxwP+NkozciVjm/RAjtyjqdQ1Gc3Oz643Ft46ODqxWKyUlJSQnJw9gzWQwc55rXCdPw2NJj6UDDNdJqvuTeefzzu1wb9f12Oi5n8dj9/Oe27nK7cXwsQz2osWrOOeKrpG5XktHCMuu8nyU6+i5DPbi0NdFile5vts14NKz/zyXho+lx36htrfP/vPRj0G3cxj9GHw7B9t/QbZzCP3o82I+nuMlQP+F397xEy8hx0mg/vPRjwMRL6G3c5TjJZj+c8dLaO08KOIlmDjx148+43CQxouP/YNub1/9p3hJvHgJpv9Cae/BFi/BnFcSIV5c5fSrnQO0d7/jJYR2jli8tJ8kqbYCx6FyTEnJ2LMLYfhIHOnZGMmpOMwpGGnZOEwmTO0nwd6B2W7D0dqEydqKceIIJru1u19DeF8K9no67HhJBA67Mz9mt4HNBjYr2Kw42pudP0u/DcnEKoBpdCnJ1z+GreJlrB/9DfuBD/rYw8AYPpKkWctImnYDmOKvaS66+CLeWreObVu3sfCyhV7rWltb+fkDD3DGmWeyYOFCPyWIePNKpva8gZXRvbR3Xey4lnZH90kX1/MYfS/xfIzHybrrsfss17OiBHdy7LnsVZzDubnD4apWP5YEWNJj6bV/EBfvPZe+Li57tltfS3ws8bPss//6aGd/Fyf97L/wPmEPth+Da+dg+y+cdu6z/3pdLYbW3gMeLwH7L4w4ibN4CbWdg+2/oN+XQurH0No5PuMltHZOmHjxsX9Cx0sw/ad4Cfn6IO7jJYj+C6WdB128ROS8MoTixd1wobVz0PES0vtSFOLF2oH56F4cR/cE7jdc9+xwtaPNtb/d/fvsY9nvhvOzv9fST3uLRMGQm2PVH/vRKuxVb2Kv34Pj+H7obIWkZIys0Ri5RZiL5mI6dQqY43uk56q//52/PPssp0+axPTp55KWlkptbS3vbXmPyWdM5uvLlpGenh7rasogUdc1x6rhPNv4WjocXXOvgskEOFyXEIZrDlW851zt9djjHGcy9T7ngdH9mCDOecFetHgJ5yQd3EVA2BeHAS5Wuj+5DbLawTRfKNc6wfDaP/R2DrYfg2/nYPsvyHYOoR9Db+dg+y9C8RJMnAzieIlKnPjsx+jHS+jtHOV4CeVtOuR27mPZSwziJZg4SYR48VmO4kXxEq3zSgLFS3A1DtiPQyJeQmhuxUtXucG/L8VFvEjCSribVwVkt+FoPwGtn4PdCiYzpGRgpGbGfUK1i81mo6qqinffeZeD1QcAGJ6RwezZsznr7LN1wyoJypH/N9x9Y6peN7DCAMP5SSOG87HhWoLzJNp1GWngPOsZrrNf12NcJ1t8PI+7nK50rOdZrocInxwH4uK3e/9oXIx07zcQfyx2L4Nr52D7LzLt3d9+jORFe+/9B+Lid2jFSzT+yI1VvITWzsH2X9DtHFI/RuOP3FjFS2jtnDDx4mP/hI6XYPpP8RJy/yVEvITyTj2U48W9n+Il6HgJ6X1pCMdLnw0QXnuLeFJiVUT8OvL/MjAM57nGMJwnU4PuZKh3srV7xKkJwOi+lPA3YtXA+UTXOU4jVsO7OIzVCImgr3WC4bV/OBe1wfVj3I2QCKEfQ2/nYPsv+n+UaMRqKP0Y/XgZEiOKEiFegomTRIgXn+UoXhQv0TqvJFC8BFfjgP04JOIlhOZWvHSVG/z7UlzEiySsvhKrpoBrRWRIc7jOJs7/XZ8g4nFy9FgC2O2OHvu5lo4AS8PP0tf2/s5uDh/LQCfHnkt/xx1ufR19t0fPdgx4MdJzGehi0qNfQm3nfvWjR3l9trO/i5NA23tdE0an3r7KDbadg+2/oOvrr94Btg/wCx6wnWMWLwHao9/t7W+7OIqXUNvZo8H9L3vGi796hFBvX8tQ2znq8RLC+3So7Two4iWY84q/fvTXL4MxXnzmHIKMl2DepxUvffffYI2XIPrPb70DtPOgi5dg6ttHewyJePH/i93/9g60fc9iQ3hfClTvmMZLhP/e8tUeYceLSBCUWBVJYN0nOXqfNPFeAt1Leix7rvdcOvwsfW3vKs9HRXsv/VwM+tzex3FHpL79aI+e7ej3IqXndv4uTvz1Swjt3K9+9Civz3b2094Bt/coN1r19lVusO0cbP8FXV9/9Q6wfYBf8IDtHLN4CdAe/W5vf9vFUbyE2s4eDe5/2TNe/NUjhHr7WobazlGPlxDep0Nt50ERL8GcV/z1o79+GYzx4qPcoOMlmPdpxUvf/TdY4yWI/vNb7wDtPOjiJZj69tEeQyJe/P9i97+9A23fs9gQ3pcC1Tum8RLhv7d8tUfY8SISBE0FIJLAjh49imEY/f4H+H3c9bPnMtDPgZ4TEREREREREYm1svJ9AddrxKqIRIw+pxERERERERGRRKHEqoj0S6CkqRKqIiIiIiIiIpJolFgVkT75SpxGKtGqpKyIiIiIiIiIDEZKrIqIX0p6ioiIiIiIiIj4psSqSIJT8lREREREREREJHhKrIoksP4kVZV4FRERERERERHpTYlVEQG6E6g9l/3dT0REREREREQkkSTFugIiEnsOhwPDMNzLaL/OQLLb7djsDhwOh5LAA8AwDAzDwGwyMJli/NmdwwG2DuhsA7vN+c9hj22dBgvDBCaz858lFczJMMCx25NiOTLiKkYZvP0ab+0oIiIiIrGhxKqIBC0WCdJgWW02bDYl0QZaV3LEbgewYTabSDKbB7oS0NEM7c0D+7pDicMONjvYOp2JaYCUYZA8bMATrIrlyIqLGGXw92u8tKOIiIiIxJYSqyLSSyQTpwOdhLXZ7FhttgF7PQnMZrNjs9lJSjJjHohRXe3NzqTqIBr5Nmi0N0NHK6QOB0ta1F9OsTwwBjpGh2q/Dvh7nYiIiIjEBV35iciQMVT/YB8KrFYbtmj3TUcLtJ9UUjWaHHZobXImWKNIsTzwBiJGE6FfB+S9TkRERETihhKrIjIkJMIf7IOd1TWiKyo6WqDtRHTKlt7ampxtHgWK5diJZowmUr9G9b1OREREROKKEqsiMujZ7YnzB/tgZ7XZsNsjnHCwtiupGgttJ5xtH0GK5diLRowmYr9G5b1OREREROKOEqsiMqg5HA46NhOUfwAAIABJREFUrYn1B/tg12m1Re7u3w6Hc/SkxEZrU8SmXlAsx49Ixmgi92tE3+tEREREJC4psSoig5pNI4IGpYj1W0cz6Hcgdhx2Zx9EgGI5vkSqPxK9XxP9+EVERESGOiVWRSQo8TT6xuFwaB67Qcpms0fmdylK83xKECLQB4rl+BOJGFW/RvC9TkRERETikhKrIjJo6U/VwS3s/rO2R+xr6BIGhyPsuVbVi/Ep3H5RvzqpHURERESGLiVWRWTQSvSRUIOdPdz+62yLTEUkfGEmVhXL8SncGFW/OoX9XiciIiIicUuJVREZtBwO/bE6mNnDHW1q64xMRSR81o6wdlcsx6dwY1T96mRXO4iIiIgMWUqsisigpW+BD25hzzuoX4D4EXYCLkL1kIgKf47VCFVkkFM7iIiIiAxdSqyKyKCkm4EMDWH1o0aBxY8w+kKxHN9C7R/1q4iIiIgkgqRYV0BEJBSGYYS4ZwvVO7ay+eMGGu0AJtJy85k9Zxrjh5tDrk/Lvs2sereOk/Z0zi5J4aPyFs64chGzc0Iusv8Ol/FaOZTOL6UAqH9vNSur0rno1osojkT5h7bxxskzWDBpmN9NWqreYvvwS5hdEFzRofdjiN77Hmzc0OPJe+C+2yNT/rE34IlDkSsvWO99Dw7dBtdO9X7+06fg7+Xw5f+EEf52PgQvbYDzboBR0a5ot3B/B9o/Xs/T29r6jrfjW3nulRam+4oLv+uqePmZj6ntsfnwSRdy4/m5YdW7S+WaVWzPilx5kRZq/4S2n6/2tpA3aSoLzh9Lekg1Cd6J3e+z6Ugus2dNJGOAXlNEREREBiclVkUkgdg49O4GVtdkcNHiKygebgHaOFK5gz3HYfzwUMs9yAfv1ZE+4wpuLLYAcN60SNW5H042cvAQTHQ9zD1/EXefH8HyC0aT9thK/sy13OIjudpS9QqPvp3NzXdH8DWjqehPvROPQ93pt8N9fW10DD75DZwxsInV8DRSVnWCrEwLVR/tY/bcCVF4jZSB+5BE6NXeJyt4eVUZm0aNZuGE0D/8CkZ7/XEOHjbRjhKrIiIiIhKYEqsikjg6PuaDPXYmLbiQYncSNZVRxTNdeSQbn1du4bWt9Zy0gzk1i5K5czhvpBl2b+CxjyycPbKR8v3t2Ehh4uyLmJdVwXOv1HAS4P1Xeez9rnKzXSNGW6h+9x3e2NOCDQt5JXmYy+s55cpFzD6+gcc+Sufa62aQC67XcD32ej2YtKiUjB072X6kBRtgHpbHRZfP5JSPVrOyynlH9g3PrGL7pAu5Mbeiu5zWA2xav5Nd9Z2AiazxU7lqzgTSqWfTC+/w+ejx2A7sp64NkrPHs+iqUh85tXxm3z0ffCRXu5Oqszg1Gn02kFbOgGG/gN0PQzNQ8gso3A5vPAK2abDgF1Ca6xz9uSHDue6jN8F8KXzxfjitZwqmHd57GN5dDrZ8yLsNll4Hx1+GZz+D79zrOgu3w9+ugQl/g9IT8Pdfwb4tYL4A5v0QSl3DgPe+AH//I9iAnLvg5usgtZ/H5jWS9gS89ksofxMYBxO+A5echCd+5Nz27zMg5xfwlQXht2m07dtJeccoFi0ezgfLP+X9xgmcl9W1soXdGzewYX87NizkT8zCRn/W9dPxrTz3ykkKz+ikalcLNlM6JXMm07GjjKomOwzLY8FVMxmf7BqVmjaWUUcPsqfZ7ozfhedR1HOUvJ945eO1PFuewZXXn4fzt6GWt5/fSvuMK1g4cj/r1lSwp9kOphQmzrqIeRPSgU4O7XiHdeWNtAJpueNZcLmv+I5zwyczceSnlB1pgAm5cHKPz+MN3MYtVL/3Pm9XOdvCnJnHRQtnUpTWo2/IZ/rwGrYfAahh5TM15M9czLy0rbzxbg11bYApnYmzLnS1sYiIiIgkOiVWRSRx1BynjuGc4S8DeHwHr71/gsIFVzD7VBMnKjfy/NotjLrhQsYDNDfw+bQ5fHlOOp9vXcfzOz5h+nUzuPHWLF5+5mOYuZirinB/rRig/eP3Wb3PwoXXXsWZw+0cem8trwCn9Ke+zfXUTprBDefnkZ7cyefTzqNkZBZJdLJ77Wo++KieG89fxN25G3hsM91f/d/dVUAblRvL2GOezA23TiLDVsvbq97n5R05LHGNqK09aufa6xaTyx5e++tOtu8r5XKfg/6cydXWR5/nz1zPLZOG0VL1Cg+tzeSuZYMsqbr7Tvi1x2PPEazV7fDVl8C6GX5/J7T9Cb67FXY+BG+9CaU3OLc7/grM+j0s/HfY9RT838Ow7H7v1/n0r/D+CPjqVhgObPge/C0fbrkY8i6Bstvg3Aw4uQX2XQlfTIaXvg95D8I/FYD1EDz1Gyj8T+ANeLkWvvq6s6xdD8NrO0Mbebv3Bdg3He77d6AddlXBiJlwXz78+k744lY4PfhiB14j739Uz4iSyyhItvCFiftZV36Q82aNAZyx99aBVC68doEz9t5dyyuuL5MHWtdbO7teWcUu92PXiEoATvB55ly+fGs61RtfZ/XbFZyx6AruHlnL289v4/3yRsZPc2Z6T9acoPSqK5g3vIWP16znrbU7yV1c6vE6geJ1IuN27GTnPhsFE8ywbw97GMWiCQ1seqGClpK53F2c4Rzd+fJWKidcxPjdm1m9L51FN82lwNzJoXfXsu69MXE75YA/1uM7qTpqYlRJLlDPpjW+jxf8t3Ha7q28sc/EBV3vw++u5ZU1Ze72P1nTyJnz53LhyAxSmMG491azsibX9aFXPZtfqMF2xgLunpqO9eQeqo7rFgUiIiIi4qTEqoiIy+d76jmZmU/pqc6v82cUjybv/U/ZfxhnYjU1j9IJzlGJp2SnwK4THCFwkrT6UCPm0Wdz5nAzYKbgjFEMrzrSvwpZRvGFqfmudE8jhz7axgeHW+jouk/QqONAoCRJDXuOQP7Fk5xfZzXnUzI6harDB2gnH4D8SWeTawbIIiMNqo/UO0eF+ZTPgmWX8cajz/OnqmxqDuRw17I5gyupCoGnAjh9uvPMmOQafTrVtV3BVGg/1L3dsGvhDNc2ZyyADddA9f2Q51HWruVw+u+ciVCAkgXw/hawzoTzboN3t8C5C+D9lVByDyTth91VsPsaeN+jnOPAsbeh/U149Onu53MmASEkVvMmQdvTsGYETJ0OZwzSaREOf0JVay6zz3QO2y0oySf5xU/ZOWMMU5N9xV4uw/c4P/AItK43P1MBHAfIYGKx8/cgLdkEw3I5Y6QZGEN+1jYOdXS6N08eO9H1ehmcOS2f7asbOAR0j1kNFK9TmTrhY16p2gMTxrJzVz3Di+ZS0LiHt5vtnHx/ncdo+RROOQ7m/Q3YmuGVv6zqrnOf7xnxoEci25LOxBkXMm800HiAaj/Hm4f/Nk7e3wCn9uzveqo7IBlIHns6pSP9fek/m4KRFnZVbWUTY5lUNJYzx1qiePwiIiIiMpgosSoiiWN0Dnkc4GCNjeLRIczVZ/ZMgkReu0cSBoBkE8ldP+/byTuHLVyw+AqmDrewf/1LvNERgRc1B3tEzuTqe68c5vJl5wy+pGpfUpL73sYfa3v/tz3jUucUA4fGQTmwtBioBEbAl16H03psfwznSNbbLw69fl2Gz4RvToUD2+Hdn8GhErjn9kF2RdDGzh21tHbCG8+s8lqzc0c9UwdsVKYpjPcEG7aO/r+nFJTkk/ViDTuPnuTj+izOnJ8FrQAplFyziJlZ3tvvBiiYyt3zJ/YuLK55JLJP7mTVygO0J6d7rfd1vJU+y3K2cV+SzYHm1DAzfs5l3Hz0ALv21PD2qo+wFV3IjTPiPUEtIiIiIgNB32USkcSRfCZfmGhiz7tbqDzZlcRs40jlZjYfsHHKxFyGN9VSdrgTsHGisoY6Sxbjw8geFhZkYavZz8cnbUAnh8qPOOdjBUg2Y25upLYV4AS79p/0Ww5mM2bAbLZAaxU7D9u712Wlk0Ynra09dxrNxFFQu6uKEwC2Wspr2sk6dSwpoR8SkM/5Vw7BpGowmlfCrhPOnw9sgKYrYUKPVj1jKXy6BXeHl78B+Re4EpjFUAL87VdQcJvrZlHjYQKwfTNYXfvs3O5cTrgA6l6BA67XPLkfPq0Pre7HKqExGU67GP7pXkh6Ew4BjIBMoC2IBHGsHN/JzvosLli6mLtv9fi3IB/b7k/YjY/Y21Xv7opA66Kl48Ae1+u1sL+8jtbMHAq98vh9xGvWmZyZ28j2tQfpmHg6U5OBrHwKUtvZ/9EB5z6cYP/OKupdx8jhfZQdd77XWY/vZOeBoGeSja3hU7m4xMLB97axHwIeL/hv48Lx2XD4gHd/Z+b2aP9uudmp0NHpzFvTxqF9B+jImUDp+RdyVclwTtYcdL2+iIiIiCS6QTU+RUQkPGYKZl3Eoh1b2bzqVTbYAUyk5eYzew4wfBqXn7eF19a+ymNdN6+af4FzGoAQpZx5HpfUb2DDypd5Bwt5Jbnkcdw5UHTsNC4sWM+Gv61iiymFiaOHu0ag+TB2GheN3cBbf1vFO6m5nDE6xZWQBUZO4YLxG9jwt1V8MOpM7nYPUEuleE4pdet38tdnPsZ5M5yzuWpaFhBiUm4o6DnHKve4buoUhJwr4cAv4WXXzauuut/5lX/PnOTpN8B5D8P/zvC4edXM7vWzlsL2R2D6dNcTKXDVH+Dl38BvvonzxlJ3O5Oto66Cq07C32+C9lpIuRIW3NO/48v5BXzR43F7Lbz0I2j6zPkaJT+BsQAFsOCH8PdrYPXS4NtkwNjY/VEtrYVTnclFT6dOZtLw9Wzf0UjRtB6xV5hOmmuzXnHpsa63nnOswvBJF3LjpOBqPXx0BrVrXuWdZjvmYblcOP9sTgG6JwYJFK/O9VPPzmP7upNMKhnjei6fixeeyWvry/jrMzuc+xRMZN6ZzmNc1PQ+b7/2Kh+43s8mnd8Cg+w+96dMm0bJvnfY/N4Rxp/v/3jBfxtTNIMF9e/z9sqXeQfnzasuWVjao/09FJ/J2Xu2sfqZVQyfVMr0k5+yetNHzhucpWZRMmfyIGtFEREREYkWw+FwOGJdCRGJjbq6OgzDCOof4Pdx18+ey0A/B3quP3p9dT4uHefI0VRGjEwnCZvzhlg7Ulhww0wKY121OJCSHMZchSeOgsPe93aR9ulTsKEAvrIg/HLWjYCvXRWZesWSYYKMkSHvPjhiOXSVa1axPevCsG8cVf/ealYeH8ttl08Jc9R5/4UTowPZr5Fq42gJ671ORERERGKmrHxfwPUasSoig5ZhQNx/NNR6kqqt71NV3+4e7XTGnFIlVQk9oe5RAMR7//t1At59BM59K9YViQwjvJmFBkUsx9w+tu/uZNysyQOWVA03RtWvTmG/14mIiIhI3NKIVZEENthHrHZabdjtMRixKBFhMpmwJIVxO7DWRuhsi1yFJHSWVEjL6ns7PxTL8SncGFW/OoX9XiciIiIiMdPXiFXdvEpEBi2TSaOABjNzuP2XNFDj9qRPYfaFYjk+hRujYcf4EKF2EBERERm6lFgVkUHLpK9XDmphfz1WidX4EW5iVbEcl8KfCkD9CmoHERERkaFMiVURGbQMw8Bk0tvYYGQymSIzx6qSq7FnSXX2RRgUy/EnEjGqfo3Qe52IiIiIxK3EvtoVkUEvyay3scEoYv2WmhF2Uk/CYBiQkhGRohTL8SVS/ZHo/Zroxy8iIiIy1OlqT0QGNcMwSNJNQQaVpCRz5EZwmcyQmhmZsiR4qZkQoRGJiuX4EckYTeR+jeh7nYiIiIjEJSVWRWTQM5tMJJkT8w/3wSbJbMYc6a8GW1KdI1dlYKVmONs+ghTLsReNGE3Efo3Ke52IiIiIxB1d8YnIkGA2m/SVyziXZDZhjlYfJadr5OpASs10tnkUKJZjJ5oxmkj9GtX3OhERERGJK0mxroCISKSYzWYMk4nOTmusqyI9WCxJ0b/ze3Ka82vpbU1gt0f3tRKVyeRMqkb5pmGK5YE3EDGaCP06IO91IiIiIhI3lFgVkSHFZBikJFuw2mzYbEquxZpzlNoAfgU4KQWG5UJHM7Q3D9zrJoKUYZA8bMBuFqZYHhgDHaNDtV8H/L1OREREROKCEqsiMiQlmc0kmc3Y7XZsdgcOh/OfRJdhGBiGgdlkYIrV/IKGASnDnUlAWwd0toHNCg6785/0zTA5bwxmMjvnUTUnD1hCtSfFcmTFRYwy+Ps1XtpRRERERGJLiVURGdJMJlOkbloug41hOEewRvlr6zIwFMtDk/pVRERERAYzJVZFEkFbI+x7Hz5eA59Xw773AMgDOsdMx545mo6iudjGnosjRTcAEhERERERERHpi+GIk+9dvbu1grLy3VTurqa1rR2AEdmZFBcVctWCmeTmKNkjEpLNj8Nbv3Xe0KcPjpQM2mZ+nfbpN7u/5tjzH+D3cdfPnstAPwd6TkREREREREQklsrK9wVcH/PEav3xJp5a/jqVe6oBSEtNprAgD4CqvQfd282fM40l18yNSR1FBqWGavjLXXD446B3tY0spuWLv8NxyhglVkVEREREREQkIcV1YrW6po4HH32e1rZ2Jp02hqsXzqS4qNBrm3e3VvDSms0cb2iisGAk//rdW2NUW5FBpLYCnljSr1GqfqVm0rz0T9hHnaHEqoiIiIiIiIgknLhNrLa0tvPAQ89wrKGJJddczPw5093r1m7cTmtbB4UFIyktKaKltZ0HH13BwUNHmTd7GksXa+SqiF8N1fDIovCSql1SM2m+/f+8Rq6CEqsiIiIiIiIiMvT1lViN2X1Y127czrGGJi44d4pXUhXgpTWbeWnNZh558kUeeOgZAL6/bAk52Zms27SD6pq6WFRZZHD4y1cik1QFaGsibeU3IlOWiIiIiIiIiMgQYv7pT3/601i88CNPrsKSZOZbd38JiyXJa92Mc86guKiQxqZm9h04TMUn+5g/ZzrpaamUle+mo9PGOVOLwqtA62dseu5Jnnj+76xe8ybrN5VzMCmPieNySAmv5CCU8/R9T9Nw9iwmDBuwF5WhbPPj8OELES3SaK6H1Azso0s1YlVEREREREREEsbhus8Drk8KuDZKqmvqaG3roHTKRNLTeqcxc3Myyc3J5JySIh58ZAVVew9SubuaWTOm8NTy16ly3egqdHWs/8P/UlZ8Lz++rQALQGcdZc8/wePrv8y35+aFWb5IDLQ1wlu/jUrRye88SsNpC3CkZAJKrIqIiIiIiIiIxCSx2tLaDkDh6L4TmPfcuZi1G7e7t5102hiq9h4MrwJ1FWyrLWbRt11JVQBLHqU33U9peCWLxM7e94KfAuDat2D4s/DMnwJv19ZE+qGddBTNA5RYFRERERERERGJSWI1GOlpKVy9cGZkC01LJY06DtRBid/cbieHNj3N06uraLAmMXzSpdx201zGpQEn9rB+xUrW7z1KmxWSRp7PbfdeS3EaULeeB//zAFOuh4qVFVgv/B73X57NoS3P8ZeXKzhqhaTsSVx6403MHed8pYYDL/Hwb9/hQM+yRIKxa01w21/7FozcAP/bR1LVJXnvW+7EqoiIiIiIiIhIootpYrVr5Gow6huaSEtNDu+FMy7g+kXv8dv//Be2jZ3C7PPPp3jKWArS3ONX6Sx7moe3FXDvz75CgQVOlD3Nw8+X873bSrBgJXvu1/jxVzKw0Mmelb/k+TfP5/6rC1x7V/Be2fXc+7PbyLNAZ9nj/Ha1hRvv/zWlGdB5fBvvHLDCOICjlFVcyvf//ddk0ErZ079kxZvT+derx4V3jJJ4GoKYIsOdVP1Zv3cxN9WEUCkRERERERERkaHJFIsX7fpaf1n57qD2q66p43hDE8UTC8OuQ97cb/Ozn93LTWdncOC953n4Jz/iXx5cSWUrwAm2vVNF8dzLKXDlWjNKL+S0PR+xFyCjmNKJGa5pBCxMnDSOhobjHqVP4dqvnEuepbusSVffSGmGc60l51zmdj0gm/MXleJ8lEbp2RM52XAi7OOTBLT//f5tF0JSFSCpviqESomIiIiIiIiIDE0xGbGanpbCBedOYcu2CtZu3M78OdP7td9LazYDUDr19IjUw5JWwMTZVzNx9tXQeZxtT/+WJ1ZO4dc3ZdPWChXP3cd9z3nuMYUpAK2fsen5lazfc5STbVbXKu9j6G7YVtpawZJqwbck0rwfisSnYOdvFREREREREREZwmKWxhs7eiRbtsFLa7ZQPLGwXzey6tpm1owpka+QJYdzz53I8+8c5wQFpKbBlFt/zW0lvTetXPkI65Nu5ds/LiHDApQ9zX0f+Ss4jdQ06GzrBPwlV0UG0MpLnKNWv/qT4EatpmT0vY2IiIiIiIiISIKIyVQAy1etZ8WLbwPQ2tbOg48+z9qNO3xu6zkP69ULZ3LPnYvDr0Ddazz8h/XsOd7Z/dyJPby0vpKx00vIIIPS8ydR+eZrHOrapLOOsm176ASSklIhLY1UC9B5iPXrKwO8mLOsqvUvs8f1Df/OE2VsKtPX/SXCxp/X/21XXgJHL3ImV/vJOrI4hEqJiIiIiIiIiAxNAzpitaW1nUeffJHKPdXkZGdy9cKZrFi1nta2dla8uJ61G7dzztQi0tNSAThQU0fl7mrGjs7je8uuj1xF8i7lxvNf5rknfs6ho21YgaTUfIoX3ctXL3DNdnrubdzb+jRP/+Q+GqzO9WdfextTgIlX30TJw0/wo/usJA2fxFXnFsNR/y+Xdu5N3HPiLzz3S1dZ2ZO49EYlqSTCsgv7P88qdI9cvfVOeOZPfW5uyxwdRuVERERERERERIYWw+FwOAbihapr6njkyRc51tDEpNPGcMcNi3jgoWdobWtnyTUXc6DmKFu2VfTaLy01masXzuz3PKwiCevjNfDcXVEr/sSVv6OjaB4AhmG4/3k+7vrZcxno50DPiYiIiIiIiIjEUuXe6oDrB2TEanVNHQ8++jytbe3Mmz2NpYvn8uAjK9yPu5KmSxfPpbqmzmvf4qLCgaiiyOB32vnOeVDbozDNREoGnYXnRr5cEREREREREZFBKuqJVc+k6u1LL2PWjCksX7Weqr0HGVMwkqWL57q3TU9LUSJVJFSpWTDv2/DaAxEvuvn8r2NPzkTjSkVEREREREREnKJ+86qHn3zRK6n67tYK1m3aQVpqMt9ftiTaLy+SWGZ+BU49I6JF2kYW03L2zREtU0RERERERERksIt6YvV4QxOFBSPdSdWnlr/uTqqmp6VE++VFEs9NjzunBIiElAw+v/y/IlOWiIiIiIiIiMgQEvWbVz34yAqq9h6ksGAk1YeOupOqhaPzovmyIomttgIevz68+VZTMjj+xcexjpzs92ZVunmViIiIiIiIiAxVfd28KuojVpcunssYV1I1JztTSVWRgZA/Be59PeRpAay5kzh6/V/pzC2OcMVERERERERERIaGqI9YFZEY2/w4rPuvfo1edSQP58QXvkrzWTd5jUrViFURERERERERSTR9jVhVYlUkEbQ1wt73YNcaaKiG2o+h/QSO5OF0jDgdW+ZoWsddRGfhudiTM/0mVZVYFREREREREZFEocSqiPj12f5DAZOoSqyKiIiIiIiISKKK+RyrIiIiIiIiIiIiIkONEqsiIiIiIiIiIiIiQVJiVURERERERERERCRISqyKiIiIiIiIiIiIBEmJVREREREREREREZEgKbEqIiIiIiIiIiIiEiQlVkVERERERERERESCpMSqiIiIiIiIiIiISJCUWBUREREREREREREJkhKrIiIiIiIiIiIiIkFKCreAhoaGSNRDRDxkZ2fHugoiIiIiIiIiIhJA2IlVJYBEREREREREREQk0WgqABEREREREREREZEgKbEqIiIiIiIiIiIiEiQlVkVERERERERERESCpMSqiIiIiIiIiIiISJCUWBUREREREREREREJkhKrIiIiIiIiIiIiIkFSYlVEREREREREREQkSEqsioiIiIiIiIiIiAQpKdYVEBEZSIYB5iQTJpOBYeD6Z8S6WiIiIiIiIiJxw+Fw4HCAwwF2uwOb1Y7DEetaxR8lVkVkyDMMMJtNmMwGZrOSqCIiIiIiIiKBGIZzMBKA2WxgsZiw2RzYbQ5sNiVZuyixKiJDmtlskGRxjlAVERERERERkdCYXYOVzHYDa6cdm03ZVSVWRWRIMpmcn6iZNEJVREREREREJGJMJoPkFDN2m4POTjt2e+ImWAcssVq5u5q1m3ZQVr67X9sXFoxk/pzpzJwxJco1E5Ghxvkmb9LcqSIiIiIiIiJRYjIbJJtMdLQnbnJ1QBKr726t4KnlrwOQk51JbnZmwO1b2tqpPnSUJ5e/TuWeau5YetlAVFNEhoAkiwmLxRTraoiIiIiIiIgMeYZhkJJqprPDjtVqj3V1BlzUE6uVu6t5avnrjCkYyZ1LL6NwdF6/9qs/3sQjT65i89YKRmRncvXCmVGuqYgMdibXhNoiIiIiIiIiMnAsySbsDufNrRJJ1DMQazduBwgqqQqQm5PJ95ctIS01mbUbd0SreiIyRBiGQXKyOdbVEBEREREREUlIycnmhJuSL+qJ1bKKPYwpGOlOqlbX1LHixfW0tLYDzmkCXn5jCwAtre08ufx1PnTNw5qelkJpyem0trVTXVMX7aqKyCCWnGwiwd6/RUREREREROKGYTj/Nk8kA3K06akp7p9fWrOZtRt3sHlrOQBPLX+dl9ZspqXVmTzdvLWCtRu2u7c/Z2oRaanJpKWlDkRVRWQQMpkNTGZlVUVERERERERiKdH+Ph+Qm1d5WrL4EoqLCpk5owSAZXdcAzhHpxYXFbLkmospnljo3v6ckiLO+cU/R60+HR1W/vuJlQD885evJTk5cJNs/0cVz7/4Nj/8xo1kZw0P6rW2/6OKPzz9Ml+77SqmnzUp5DqLiDfNqyoiIiIiIiISHywWE+02W6yrMSAGPLGam5PJ/DnT3Y/PKSnyWu+5Dpw3vxqRk0VuTmZU6vNmnUOrAAAgAElEQVTZwcMccE0z8NnBw5x+2piovA7A1DNO49f/+lWGpWv0rUikJCWZMJkS59MwERERERERkXhmMhkkJZmwWu2xrkrUDXhide3G7by0Zgv33HENxUWFPPjIClrb2vnX797qtd27WytYsWo9rW3OuVgLC0ay7I7FEU2wOhywedvHnFtaDDh/LpowJmrzNCZbkkgOcpSriARmTlJSVURERERERCSemJMMrNZY1yL6BjyxeqDmKK1t7bS4Eqb1DU20trbR0tpOeppzLtbK3dU8tfx10lKTuWrBBdQfb2LLtgoefXJVrwRsOA7WHmX3vhruvvkKAJ54bjVHj31OXu4p7m32Vx/m8b+8xpGjDeSPGuH1Ff6GxpP86vfPMeOcyZSV76auvoHSKUVctXAmz/7fm+w7UMvo/JEsu/0aRo7IYu9ntfzhmZf52q1XkX1KBr/6/XPMnFHChzs/5dCRevJys/nKTZczvvDUiB2jyFBmGGi0qoiIiIiIiEicMZkMDMPA4XDEuipRNeCJ1TtvuIxL50yjcHQeAD9xJUq7kqrgHNUK8K/fvc09QjU3J5OX39hC5e5qiosKiYQPPtxF/qgRFJyaC0DeyGzKynez4OJzAWg80cwTz61mTP5IvnnXdTQ2neSJ517rVc4nnx7ga7ddTcPnJ/jjs6+wZ/8hbrpuPrkjsnjiudd4/a0PuOWfLvVZh/e2V/DlGy8nY3g6f/rral5b9wFfveVKzGbNGSnSF8WJiIiIiIiISHwymcE2xEetDnhWoqW1nda2Dq/HLa3tvbZJS03x+tp/1w2tqg/VRaQejU3N/KNiL7NmTMFsNmE2m5g1YwrvflBOY1MzAPs+q6W1rZ0vXn4hI0dkUTRhNFdcekGvsi6eVcqY/FyKJoym4NRcziwex7SzTmfs6DyKxo+m5nC91zF7uuLSCyiaMJpRI7MpmTyBphPNdHQO8d86kQgxlFcVERERERERiUuJ8A3TAR+xunzVerZsq+D2pZcxa8YUHnjoaVrbOvjdv93rHrU6IieLqr0HvUando1i7Uqwhquicj+1dcd4+E+rvJ43DOe6mTOmcKS+AbPJRHKyxb0+LTW5V1k9n8vLzXb/fErWcGoO1/uth6/yRKR/jGhNiCwiIiIiIiIiYUmEv9kHPLFaXFRI9aE6d4J05owSjh1v9JoK4OqFMykr/5T//J/nKZ5YSP3xRo41NFE6ZaJ7CoFwdHRY2bKtgqsXzmLWF0q81r37QTlbtlVw7tnFjMrNptNqpbmljWzXTaf8jTwVkYFnSoA3aREREREREZHBKBH+Zh/wxOqsGVOYNWOK+/HSxXN7bZObk8n3ly3hpTWbKavYQ052JvNmT+PqhTMjUofPDh6m7lgjSxYXuROmXUpLitj0/k4+O3iYCePyGZaexitvbOG6K+fQ2HSSV9/cEpE6iEj4NBWAiIiIiIiISHxKgLzqwCdWq2vqKKvYw7zZ00hPS+HD8t0cO97E/DnTvLYrHJ3HPXcujvjrOxywedvHjMnPJT8vp9f6/LwcxuTnsnnbx9z6Twv48o2LeOK51fzol4+Tl5vN9LOL2frhJxGvl4iIiIiIiIiIyJCRAIlVw+FwOKL5And99yEmnTaG79+zBIAHH1lB1d6D7jlW7/ruQwD88aHveu1XubvaPc9qWloKxRMLKS0p8rqhlYiE57P9hzAMI6h/gN/HXT97LgP9HOi5/khLH/DPhkRERERERESkn1pbBvcN2iv3VgdcPyBZida2dvfPSxfP5cPy3ZxTUgTAsjuu4djxRq/t//TX19myrcLrubLy3by0ZjNLFs/1mkpAREREREREREREZKBFPbFaOmUiZRV7qK6po3B0nvtfl64Ea5eX1mxmy7YKxhSM5OqFMzmnpIj6401U7qlmxaq3eGr564wtGBmRm1iJiIiIiIiIiIiIhCLqt36ZP2c6AI88+SLVNXUBt21pbWftxh3kZDtvXtWVdM3NyWTWjCncc4dzztWX1myObqVFREREREREREREAoj6iNXiokJuX3oZTy1/nQd+82dGZGeSm5PltU1pyUTmz5lOdU0drW3tzJ/jvLGVr7JysjMpq9gT7WqLiIiIiIiIiIiI+DUgc6zOmjGF3OxM1m7cTlnFHo41NHmtdzgczJ8znRE5WeRkZ1I8sTBgWR+W7452lUVERERERERERGLObrfTabXRabXisDuw2e0AmEwmTCaDZIsFS5I55BtDS+gMh8PhiHUlRCQ2Ptt/CMMwgvoH+H3c9bPnMtDPgZ7rj7T0AflsSERERERERGTA2e122to76Oi09mv7ZEsSaakpcZVgbW3pX93jVeXe6oDrlZUQERERERERERGJI52dVlra2glmPGRHpxWrzc6w9FTMpqjfVkkYgJtXiYiIiIiIiIiISP90dFppbm0LKqnaxW63c+JkS79HuUp4lFgVERERERERERGJAx2dVlpa28Iup6W1jU4lV6NOiVUREREREREREZEYs9vttLa1R6y8lrZ27K4bXUl0KLEqIiIiIiIiIiISY23tHSF9/d8fh8NBW3tHxMqT3nTzKhGRgMp55LtrKPO1Ku8sHvjBpeRH/DXrWP0ff2ZlHZTe/l3umRrxFwjZh08+xKPlcOrlt/DzeXn93KuR8lUv8uyWoxyzxt8xeatmw58/oBIovuQ6Lhod6/qIiIiIiEgisNvtUZkXtaPTSmqKHZNuZhUVSqyKiPSLmcLiQk5N83gqJ5/0mNVn8Khd9zy/29QESZlMKc2hOM1KfJx+fCWwGykv208Z0FmKEqsiIiIiIjIgOq22qJadkqzEajQk8d/DAXA4wAAcuJYOMDBw4HAuHQ73YzCcG2B0l9RjpLJ3ed77dz32ekU/5XnVx/Col8OBYXiU47kBhseOHvUxPOrlwL2/uz5e+3c9xqsi3vv7bqf+HFfo7dSjB321k5/y4qKd+uq3EI4r9Hbqz++37/LCbidfLCkYw7IwhmVjZOZiPmsulgu+iDFCmZ34MIwZ11zHolGxrsdg00hVeRMApUvv4p5zYlydPpVwz0Mlsa6EiIiIiIgkmE5r/0erHi9fzyZKuaYku99lpyRbQq2aBOAeMmS4kkCGK5nklSTq9bgrieRRkkdyrmd5vfd3uPfvqzzP+uCRlPNe0mvpnSXGa/+olBPkcYXaTj3399tOffRbzNqpr3JCOq7Q2qk/v9/+ygu7nXzpbMfxeR2Oz+ugphLbrnfpWPFvmIvPI+mCa0n6wpUYGSP87Cyx0zXqMZM51+RT9Wolh62QNHYa99+Sw7o/rmdznY2kjHyWfv1GLhoF7FzBXU8dhJJp3JW6mye3NWFNSmfKgsu4e94E36Ngmz5h+ZPr2XCgBSuQlJ3P1bdcw6Jx1Tz5o1fZ3JbCvG/cy9Jxzs3L//pbfrfNxpSlX+NbM2Dvuhd57I1ajlmd+153x/XMH+06BRz/iCefXM8Hh2xYk8wUzriMb35pMln9OPquqQFKr5lP+hbnsZKUzbxlS1iaupkf//ofHHZtW/bsQ9z17BiWPbSEc/wezzA/bTqGZbfDo08dhJKzuLlzN8srW7AmpTPz5uu4qG4tj7xRS5PVzKkXXMb9X5pMOtC4eyMrXq3gw56v07NuTz3EXYxh2UNzOdxzFGt/67p0PMde/QcVJyApYww3f2MJs3JC+Z0SEREREZFEY7cHGonVrfWTl/ivF2ppYz8NSUu4fXLf36N09LNsCZ57HHDX5LgOV9bH14jA7hF93du79RrR112e/xGG9Fme13rDo15eIx+917v39xqJ6b3eKwnmHmFIr/J6j8T0U58gjyvUdvI/EtPRZ3lx0U599VsIxxVqO/Xn99tfeWG3UxBsle/T/tQPaP3367CVvRl8ARIhzWx98QUe+3P3vxc+afRY38TGV2sZUZLPqUlgPbCDn/9iLXuzC5mSB9YTtTy7fCOee1C+gycPDOOckmwyrS1UvLaS324+3vulOz/hsf94lXUHWkgfO4YZxZnQUMvK3z/D8s8mc+3CbKCdzZs/cW2/nbXbbJA6kfkzhlG77jl++VotjTn5zCgdQ6G1lhW/eZ4POl1lP7SWzYeSKCwZz4yJw6jd8iq/XFUdVOuUvdh9rFgbWPfnTRxIy6e0dAyFqc5tRowdz4zSCYwIeDyepTax8cVKDpNCZsYw3J+vlv+Dl1pzKBmbAtYWNj/1Z365qY3TJmeTiY3DW15nxW7npo3llZS3DaOkdDwzSrJJb6hl5WNvUu6vbkG1fY+6Lq+kZdwYJmSA9cRBnvq/7XQG1YoiIiIiIpKo7HZ73xvVb+QPK2ppA6CDihV/5636vnez9adsCYk7sWoYzq9hO0f0uUbY4ZF88njsub1bz4ce5fXcv+txz9fzVZ7XeodHvTxGBvZc797f4VFOj/VeIwvdIyLpVZ77uDxHYvqqT5DHFWo79dzfZzv5KS8u2qmvfgvhuEJtp/78fvsrL+x2CoH94Ce0PnQLLQ9cha3qg9ALkhDZqK7cz9ay7n9lNe1eW0z50i1865YbWTbH9Ylh8cX8693X8a3bz3Im7A4cxStdmVHM939wI3ffcSe/utl5C6x9Wz6i53mxcetmtrYBE2fz828u4e677+L+2elAC+s2fkLWBWczBWjdtoMPOqFxy0dUAIUL51BCNRs2NQEpFBakAEnkZqcDtWwua6OzbAdb2yApL4fcJCAtk/xUOFZWwd4gWidz9vX8/O7r+NZ3LmYKQEMjxzJLuO6WuczIdG5TeMl13H3LF8jq43g8nXrJ9Tz6H/fy0E+vxP0F/Ywp3PPNJdzzzdmUApDCvDvu5J477mRJiauvPnMmqMdecT3fumYyp6UBScPISgXajlLd6rtuY4Nse09Tln6Ff7ljCf9yxxQyARqO9+pLERERERGRkLRV8tTjuzjk9eRJVj/+EuVtMaqTdE8F4Bxp1zUisK8RfV0jBD2yRD5G9HWX52+EYd/ledXH78jHrhGCHuX4GInZvb+/EYa9y/M1EtNnfYI8rlDbKdBITKOP8uKinfrqtxCOK/R26vv32195YbdTGOyfbqXtv79C6tcfxXzmheEXKP2UybX33eVjjtU690+WVNfwx1TXW6slxT3K0rm0eo9gHDee07rWF4zkVGo5fKiOamdq0q2l1TmJ+Yhx3TfLGjsxBza1QGsznZbpXD37Ayo21fL6lnL2bmwA8rnsghzgEMdOALSzr2w/+zzKPdbURD3NzprV1bK1zmNlW6P36No+pGek9Dpmf/o8Hrq/P3/q2MLe5aWZcd5DzOx6IsWZMAX3tp1YgWpe+I/neb0hiAMJo67d/W8mHWgK/WVFRERERCTBmEwm/6NW2yp59uG3qWj3sa69lqcffpXb7r2CklTfu5tNunFVtGiO1UiVE+RxhdpOPff320599FvM2qmvckI6rtDaqT+/3wM6x2oQHJ/X0fqr60lZ+v+wXL4s/AIlNj7bz15KOA3oPHTUOd9nQR6F4J77EyA3cxjQxLHPammhkHSgts6ZtkvLyMICnHbJFAo3baX6xTVUAyNmz+YLFoBU0lOBtmyW/ORO5md6V6FxszM5mXbuFfz+hsnRPNqgjicijnxCWQOQNJ5l/3Yd51gO8cK//dV3otXPPPEDVlcREREREUloJpOB32/s11dT2Rxg5+Y6KuuhZIzv1YYpjK/PSkAasaoRqxqxGuD3Ox5HrHZXwk778p9jGl2M+ex5ESxYfHPOsVqd5vFUTjFLrsgLvcgTlTz4H02ck9dGZbkz21dYOoXcHptZSqcxY9WrbN2ziR//bh/Fmc1UljcBmSy6pMi5UeYXuKx4K3+sBMhm/iWFrr2LuOySTDa/1sCKX/yR8pIc0lsbKd8DV//oTubPmMmMV19l67ZX+W7dRxTnQP1ntRyeeFnUEq19H09dX0X0z6hCTkv9B4fb9rPyyRfY3FrrTLS65XHaWDPU2Sh78U88Ul7ARddMi01dRUREREQkoVmSkrBabb5XjpnPz38yP6yyJTo0x2p/58T0HInpqz5BHleo7dRzf5/t5Ke8uGinvvothONKlDlWfXI4aH3ka9hrd0e4YOmt9xyrW8traQmnyOzxzB/bzIflDTQlmSm84Aq+N89HotYymbt/cAXzxqbTcuAgW8sbaMkbw5Jv3OgxNUEqxZOzAUg7d6bXyNT8eXfw4+vGUJjUREXZfrbuaSJ3chGnWXyUXXaQanKYMTmMhHFf+nU8kTCZJXefxZQMOFy5n72ZRczscVjFi6/h2uJ0kk40UFbWSGePEb0DV1cREREREUlkliRz3xvFYdmJznD8fpgDcH3t2WMAo8MjieVjRB9+Rhi6H3qV53+EIX2U51Ufw6NePUY+em3gcySm5/5dj3uPMKRXeXhVxHt/3+3Un+MKvZ169KCvdvJTXly0U1/9FsJxhd5O/fn99jdiNcx2ijDzpC+Q9uOXgt7vs/2HMAwjqH+A38ddP3suA/0c6Ln+SEsfpJ+67VzBXU8dhLyzeOAHl5IfkUKrWf5vz7OuIZ153/k6S0dHpFAREREREREZIC2tbXR0+pmnLETJliTS0/xMvjoAWlsiezwDrXJvdcD18TNiNWscZI7tVZ5GrAY/EtNfeXHRThqxGhW2qg+wbl8dncJlUGjZuol1DUDxF7hOSVUREREREZFBJzUlOeSBR74YhkFqSnLEypPeYj9itfBCTIv+B7LGOXds/Az7a1+HA++4iw1p5KNGrPrvN41YHXIjVgFMYyaT/ot1YOr/EH+NWBURERERERGJH52dVppb2yJS1rC0VCyW2P7drBGrfYzocwtlJGbeVExffA5H9Ts4np6F/alZOKrfwXTtc5A1tld9NGK19/7dT/c9sjMu2kkjVqPGfvATOtc/G70XEBEREREREZGoskToq/vpcZBUTQTuxKpzxB+uEXv4HBHYPaKve3u3XiP6usvzN8LQmL4M6spxrP46jiP/gLqdOF77OtSVY1x4f6/6OAf+eezvHvnovd5dH6+RmN7rfd/FnV7l9R6J6ac+XiMniWg7eZbnfySmo8/y4qKd+uq3EI4r1Hbqz++3v/LCbqco6dy0IrovICIiIiIiIiJRlWxJYlhaakjf7jSZTGQMTydZSdUBMXAjVlNPgZk/xHTZ/8CUG5xfHc4aB9WbepXnOLDJuQ4wTb0J4/JHMV14PyRnacSqRqxqxGoA9j07cDQcju6LiIiIiIiIiEhUWSxJZAxLCypBmuzax2wy9b2xRIS7d5wj7bpGBPY1os9zTsuuArwL9iov5ZT/z97dx0VZ5/sff80wAwzoIKSoKGpA4cZYmMJZKXEtzbtKj/ZLa7OiXdxW+1W/pbY6ldux3VNusqc6aZ3cXXJ1SzrpydK0pEzccH/ibcLvSIumTqKiYmByIwPz+2O4Ge5vZADh/Xw8eMBcN9/re10zH66Zz3yu74Vh/t/AYID8rzFM+0+cwTfgLDxWc8Mq9/YMwdfjLDyG4daXMYz6qWu81WHxGEbdS8Wfb8ZQVtRgrM7qMS1rx+6kQSWmoaqC0DgiHuPM/4S+Ie49hgunqNz5Hzj/vgJG3Y1pRjLO7P+m4qNH8brjdQzX3UnFZ7/BuXdVnfYM3n3xmv9fGPoNw7HuYfh2R/uOU5OVmO5jf9Z7Bt0qMQ0ttNfW41TTXoNKzIbHvbGKVUOD9hqOsdqgP+3Yr/Yfp5Zf3021d9nHyYMcez/FfOsDnt+QiIiIiIiIiHiM0WjEz+KLr08l5Y4Kyh0OnJVOKiora+YbjQa8zWbMJq92VbjK5alJrLoq6qor9uoliRo8rq7Qc2up3mXOddqLuhcMBipXxWEoK4KoezFMe4vKtdMxzvsE8r+GPW+67u8zdiFcMwPne9Mx3vMJlevvhX9sBJ9+GBP+hvH6n1KZuaJuhaCTBr/rVGI63frjXhlr/zvOvSlVyVF/jLG/xDj+SZwXTjVeQenbD+Oo2VTsXVWnPcPoezEMGgWlhTW5s/Ycp4bH2W3/qtqrv37N/rk9b02318bj5J4svJzj3ZZ22rVf7TtOrXl9N9XeZR8nD6o8luXZDYiIiIiIiIhIpzEajfh4G/HxNnd1V6SeTqlYNfr2g9LvXZWmODEUHXctlH8Q5+aHMdyyFG5Z6mqtrNA1zmph1TJl37vaK/0eygrBJ6B1lY8tVGIC4Cil8uu1GDBQ6XSCjxVj/K8xDBuH87vMejvk+mUYfAOGGx+gcs8qV3tmf7xs/wze/lBaWJMcVMWqKla7qmLVWZjv+Y2IiIiIiIiIiPRynVKxWvmPjzGOewbinsZwfAeGiS/DmYOuRGn+QSo/ewxDvzDX6uePQME/oOg45B/EeOvLVKY9hXFYPASPwrn+3rr9uYyK1ep+1oz5eanYNdFobrxitfica7btn3Hu/Qs4nXhFz8MwYCQUnQAMqlhVxWrXV6yetXt2AyIiIiIiIiIi0kljrJ7JovLDezDeshTi/gVyN1GZ9iTGeZsgdHxNK3VSmcd3ULlxAcbJr2C8dzMUHqdy/T04vz/WusrH1lSsuu/nVddi/NEd4KyE0wer2nFfEKgoo/LbHRivuQ3Djffj3LsKg202FJ/DeeEkhqAwVayqYrV1x8mDKs8osSoiIiIiIiIi4mmdUrHq9LFiCB6FM2tNzXzj7LWAAeeqm3DmH6xKTlXNDB6FcfpbGG//T5zfbIJj6YABQ/AoOP4VztLvO6Ri1XD1TzA9X1jbaUcpzq/XUrn7Txivn1v3SFW14/zHZxD6Txhts3EaTRiCr6NyzzsYQkZX7bcqVlWx2rUVqyIiIiIiIiIi4nmer1gdYMM49xMoK6odN9U3AAaMonLtdNeNq+q3l3+Qyr/9G8bZ77ludlXdfr9hGMYupPLd23Ge/vryK1btf6diz59d+1VejPPINii74NYf9x2qavaHM1T+YyvGUXdh6DsILp6hcu8avEKiq7ZTvbgqVlWx2jUVq4aAYM9vRERERERERESkl/N4xaox7lmw/w3nhntr1w+92ZVspZnKzjJXJWnl316C4zuoytZhnPMehvHPwLp7L7ti1ekohaz3qaze73rt1FHTDlRm/hFj+C0QdDWVf3sV57lcqpOCqli9zHbatV+qWHVn7KfEqoiIiIiIiIiIpxmr/6iu0HRWZX2ar+irXb5GIxV9AETMwJn913rtua/WRHv1GnZV/EHl12swXDOjXuVj7fyadhqpxKwz362ftRWG1G2vfjcMVRWpZ3KoyHiDysw/UXEgtSZZ51qvhf1q4jg1X4lZ215zlZgttdee49R4JSYNjntjFav122tYsdr089KW/WrvcWrN67up9i77OHmQKlZFRERERERERDzP4xWrAM6ywobr16zWRHt1GnZr71JRzePLrVhtqZ0G3XDWVqQ697xTu57bHqli9TLbadd+qWLVnVfEGM9uoJc5feb7ru6CiIiIiIiISIcbOKBfV3fhiufxMVapWqr5itVG2qvXcPWYljXJ2jqVj9UVgm7tNFKJWT0mJkfTcbz6o2bHxKw8sJbKr1Nr1q/Y8GhNxWpjY4c6Vs10q5xs+3HSGKuNHyeNsdp2ph/P8vxGehGdaERERERERESkMTVDAVRXaBpqKi/dkk7VFX0468yvo/5D97FMG7TnvloT7dVr2FBTCurWP7cK1Or5Ne24V1A2Mr9OZWFNRSQN2qubHW44v7Hj1Ox+NXGcGjvOjbXXIPdcM9nQYnvd4ji19Ly1Y7/ae5xa8/puqr3LPk4eYgy/EYPGWBURERERERER8TjPV6yWFWKMupfKyur2wTBgFACG4FHUjmlZd31DsGsZgm3grKS64M9guwfKCi+rYtUjlZhNVE6qYlUVq51ZsWoaM9WzGxAREREREREREQAMztf9q1I9BuoOAtl48sp9jNT6ydC6SaOq9qLuwzDxZfAJ6JgelxVSmfY0HHy37liWVf0xGNz6VSdpaKi3gKGRZFjt7Jr9c0s61lTM1iQla5NndY9T3ULQVh2nJpJ89dtruL7b/uFsob1ucpxaet7avF/tO06teX033V4HHKcOZugfin/y38Ho1ep1jh3Nw2AwtOkHaPJx9d/uv5v7u7lprWHxM7W8kIiIiIiIiIh0iZJiR1d34bLkHLE3O9/jFavO7DWQ/dcmKwzrJ83qt9dYMrBVlY+qWG36eVPFao+sWPW5+1/alFQVEREREREREZH28/gYq60dE7NVY2w63frV0lid7iWjjczXGKtddJxaet7asV8aYxWMQ0diGvfPnmlcREREREREREQaqEmsOquuw64d87S5ir7a5Ws0UtFX3V7TFYa02F6d+U1WPtadX7N+vUpM9/mNVxjSoL3GKjEb7U8b96u9x6m5SsyW2usWx6ml560d+9Xe49Sa13dT7V32cepIvn3w/eUKDzQsIiIiIiIiIiJNUcWqKlZVsdrM67vbV6waDFge+xPGYdd1cMMiIiIiIiIiItIcVayqYlUVq828vrt7xarPvf+Kl21CxzYqIiIiIiIiIiItUsWqKlZVsdrM67vbVqz69sHyzAeYpy7ooAZFRERERERERKQtVLGqilVVrDbz+u6OFauGQeH4LdmC13U3X35jIiIiIiIiIiLSLqbqP1wVddUVe/WSRA0eV1foubVUL2nk3l7D9Z0167fUnnt/cE9e1flNg991KjGd1FnfI+20cb/ae5waJOeaOk4tPG9ddpxaaqdd+9W+49Sa13dT7V32cWoHQ+BgvGcsxHzLfDD7tq8RERERERERERHpEDWJVVdSqboisKWKvuoKQbfrmhup6Kttr6kKw5bbq9OfJisfqysE3dpppBKzdv2mKgwbttdYJWaj/WnjfrX3ODVXiWloob1ucZxaet7asV/tP04tv76bau+yj1MbeNkmYB43C1P8PW1fWTpQFsuTPmV/vamDps/nxVuDO2QL+1KSWT+s49prmyyWJ30JDyawaJR/7eTTW3n+9wXMTp7L6C7olQfRKFoAACAASURBVIhn9IZ43knYrxOZNrDh3K7tm0hH6+nx3JJCsjalkRM+iTkjAxrOLvmWzau38FFOMQ7A1DeQ2Jm3c9/oYMzY2b56F9wyhwlDWtjMiV28/QVMnR/LME/shgjQ0vmrRe1936r3uyJyGVSxqopVVax2l4pVPyvG4OEYg0dgHBSG18hxeI38sapTuxUrs9v7Ru+KUMb+d95lc4/eR5FqPT2eRXqT3hzPZdizjrLft4w5I+vPK2D72+vJGDKTl5MjCADKi3JJW3eAI6MnE0khWfuPQjQtJ1YLviVzP8QosSoiIlKHif/9Q5MzDa383ZLWttPa9kREupWqb7mjp18k7ZPzOEyBzE6Mp3DTRj4/XoEpOJLHf3U7keZ8Ni9dzRFbDOWZmWRfAGtkDI8lxDPMXK/NggOkrNxGRn4FmPyImjmTx+MC+Ortt/g4+G5enhXqWu7EFp5eUcp9v5uFregQq9/cQnp+BZisxCfcy/yR/lBuJy1lI+tyinHUtBXSyI74EW2D9a9/SNjvZhFZf3a5ne1rtrLu0HlKHGAKjmTRo7djs1RV8/S9nrCsr8m4ANaxk3gs4hCvffAdRQ4frp1zN0/GBQMOjqe/z2ubTlLkcO3/EwviGdzhT4pIO/WYeHbfp3RefdPVR9OwKOLq90+kp+oW8RyHfelqjthupDB9L986vLh6+u3MuZDOqzvO4zBZuTVxPvMifGnyHFm9H3MqyNhwsuq8Opsn4wpqq3U/WU3iJ0NZWKfiLp+c4zAo3pVUBTBbI5iWEFF1bL7mFMA7ySQGX8+SX43km0bO81dlrGTxJ0UArEhKdlUDB28j8ZMgljw12XUOP5ha8zjg2FbeTvna9T/HN5C4+XNd/79E2qSRuAyP4YmFrveNhYc28trqHOylYOo7gEn33c2cvm6ru70m679GB3ORrA/eZfnOIhwmP6LHBVNes6Leq4pI25haXkRERFyKWP/7ZNbXPK6qkAHgJKeCEngzOYAjH7zBS29uY/avH2flQDtrf/s+6zLH8y9xrrX2Hyrj+WeTeBw7615/n2UfhPD6PRFu28ln88o07La7WTEjFHPRAZYvXU9K8CMkxIeTunoPWbNCsQFZ6YcgZg428tn85haKbktg5egAKDrA8qUb2fe7mbBmHduHzOH1BaGYy+2s+8MmNoc3VtljImz6vcR9ksLylCxeTrDh5z7bPICo6XOISwjAjIOs1W+QmpGPrerSyFOHK0h8NokExy5eeS6NZaVTeHnpXMh8l8c+zCAnbhZhB9exbGcQT/z2XoaZHRzflMKKz0d208srpWfr6fFczc7alZmci3HffjYNvzkRuZJ153gGO5CTH8SLS5MIOLaRpNc3kDr9Ht5MDuHIh2/y0qZdTHssHr+mzpE2gO/Icczn5aXBcGgdSSt3khU3h0XJwWxeupqMsY0NVTCSO6ZnsGTNG/xbViQTYiKIDL+a/mZg4GReTB7M8qRP4cEkFo0CKMXcyHn+xVsTWRmcSuI71CZuDzb1XBSw/YOvKZ/xMCtj/CkvymJfvtflPb3Sq+3PreClZ5PozyHefmETHx+KZ0HgVpattBOW+HMWjwygvCgXe0nrr/Ir37eB1/ZZSfxNIrFWV6y9iNU1T+9VRaSNlFgVEWm1Ji41PA0wmJjRrnoQS6APBI8geiBAKJFDILukrGbxqPjxVRUwocy5ZShbNn3LSdw+uBVkk5kfyITxoZgBrDcQF5HGmiw7zBpDnOV9th8E28g9pO22Muk3oVCwjcz8Cuxr/kjimtr+hp0+ij2rglO8z8IvajcRnQ80mojxZ3TCbE4lv8eyz4NYbHOfV8yRLz4kNes8RaVVkxz5gOuN5lW26137ZfbDD4gcW5WYHTaAQaUFFAM5+7+jJP87Xnw6u7ZZW20bIp2nN8QzUJDLN+cDmVRv++ubWFzkytSN45l8ACKjb3BVjfr64IeVGJur0jwsPAhyyigG7E2dI20AQ5kUH+zabqCVAI5iPw22FoY/GHzrQ7wel8eRzK/Znr6N1JT1mEf+hGcSxtC/wdLNn+dbJ4iw4T589MVGNjOGKNtIYiP0kVPaLzp+ouvLAIIItULGiXzOnjjKqeAIFlaNK2y2RhBmpSrmW5aTdRKLbSaxVgATw8aOYNAXBa55eq8qIm2ks5yISAdp99W1jgpKWr1wKNPiA3li5x5Onj9AduQNLLICBQBWZj+byLQg9+UP8TYQk5jEggZjrzUlhGkLp3Dkt+tZzgi3praxMsufB5+6n5usJnLee5VlpbWzzb6tPKVEz2Dl/FZ3RqRL9Jx4FpEujedqrf3U1dg58vRJoP37YbaEEBkfQmQ8UH6AV59OY/2hMQ3/j7Rwnm9OeWlFzd+Rdz3C66dz2ZV1gDVLN+AYP5/FqvaT9uqgjIX7a7RFeq8qIm1g7OoOiIj0NtnpOzheDlBAWvp3WCJHEOa+QFAUMcHn2b7D7hrvqegAGbk+2GyucdsCxt1AVM5OXvq0jFunjHF90AqK4NrAIjK+yKUQgEJyMrM4yQiiIyErfRdnywEcnM3cQ05LnbTYWPRoJOc+yXGNvwZg8sICmM0mKMkiLasNb1CrRNoGw6G9bC9wAFBesIuvctvcjEi30e3jOSiCawPPk1Zn+x17DER6Co/Ecxu07xwZzFXBUHz+YiPz8tj+wVZyCmqzo+X5JzlHIGEhAEEMCoTi0qp1mzvPBwdxFWUUV2eaLT5Y8s9wpASgkF37TlbNKOXIoVyKgyK46dY5PD5jAPasQ1X/y0Q6Rn/bCAblHyUt1/XKKi/K5Uj9atUmX6OuWCvJ2sOuIgAHx3cfrXm/q/eqItJWqlgVEWm1+mO44bqBg63JFRoVPdKH9b9Lrro5xvU8Pqv+N+LBTEucxKmV61j4RfXNMWaTUH01onkMd47byUvHopg2vHqdUOYtnERKykaeTqrAYfIiNHo8idG+xM6fzbnVW3j+6R048OKqyCgSIgErzRs4mcfm2HliXdXjiMksGP0uy59LJqXvCO4cbWX/hbbtu3n0TJ4p2MDbS19jjQNMgYOZNC8Sam6rIdJZeks8hzIvMYZX33QNH2AKjiS2pbt/i1xxunM8t17T58jmxU6PIePN9STurD8kQjBR4Xt5e8VbfHvelSQ1BQ5gQuIcJlkBQph2VyQvpbxF4tqhLEy+venz/MA47hvnmveObQorEyaTMPYvvP1cMu+YrMRHD4DzAGUU7kvn1ZQNrhtg9R3M7IRYneWlYw2czGP3reO1lX8k0VF986qhhLnfvCqiqdeoK9YeO/wuy/81mZUmP6Kig7iK2nl6ryoibWFwOp3Oru6EiHSNY0fzMBgMbfoBmnxc/bf77+b+bm5aa1j8rrTvhqrubjq9+iYRl9dOzm2LeHx06wfqF5GOpHgW6TkUzyIiIp5SUuzo6i5clpwj9mbnaygAEZErzaEMNheFM0kf2kSufIpnkZ5D8SwiItLrdGnFanFJGR9/lsFXu7IpKXXdkdPi68NNsVHccVscfhafruqaSK+gilURERERERER8ZSeXrHapVmJtR9uY+fubIaGDMDP15VELS4tIy19LxeLy3jonqld2T0RERERERERERGRRnVpYrU6qfqbpPvrTP/X5L+wc3e2EqsiIiIiIiIiIiLSLXVpYjU6Kpy42Ia367xzShwZu7K6oEciIiIiIiIiIiIiLevSMVZFpGtpjFURERERERER8RSNsdqB7Cfy2Z99uF3rRkeFEzokuIN7JCIiIiIiIiIiItJ2nZJYLS4pY0XKBnION5/lbc5Hn2YQGR7KwoSZ+Fl8Lqs/JaWXeG3lOqIiR3DHbeMuqy0RERERERERERHpfTyeWC0uKWPZilTseWeIjgonetQ19A+0tqmNs+eL2H/wH+zPPsyyFak8sXDuZSdXRUQ8wel0tntoA5Ge7EqMjSuxzyKd4UqMjSuxzyKd4UqMjSuxzyKdQbHRNTyeWE1L34M97wx33DaOO6fEtauNSOCmmCj+/N4Wdu7OJi19T7vbEhHpSJfKHZSXO3A4Kih3VGA0GCh3VHR1t0S6HbPJi0qnE7PJC5PJC7PJhLd39xonWfEs0jqKZ5GeQ/Es0nNcCfHcE3n8CH+VmY3F17tDEqHzZk1k5+5sMjKzPZpYdVRU8Nm23Xy2fTfFJWXccF0YP71rEv2sfTh95jz/9fF2/uebY5Q7HFw9bDC/mH87Vqs/K1I2YDKZ+MX82/HyMgKwblM6R4+f4n//bDa5R0/w3n9/wekzBQT3D+Te2bdy3bXDPbYfIuJZF34oobKyEqPRiLe3GX8/X0wmr67ulki3Vf2ByOGooKS0jLJL5fTtY+nqbgGKZ5G2UjyL9ByKZ5GeozvHc09l9PQGCs4XERpSe9OpswVFnC0oarDcK8tTWbbi/Wbb8rP4cG3YUM6db7h+R/ryqwNsTd/D/f/rNl5+9uf4+Hjz7vovqKio5GJxKSNCB/LCkw/y4lMP4WU0sm7TDryMXoy9IZIjx/I4W1AIQNEPxezPOsy4sVGcPnueP737CddfF8bLzyYydWIMq/9rK/lnv/fovohIx6uoqOTsuSKMRgMBVn/69rFg8fXWmzyRFphMXlh8venbx0KA1R+j0cDZgiIqKiq7rE+KZ5H2UTyL9ByKZ5GeozvGc0/n8cRqfSnvbWbZitQG0+15+Rw/cbrRdXJya296FTokmKEhAzzWv7KycvYe/Afjxl7HjddfQ1Cglam3xHL23PcUFv1A2PDB3D55HAOuCmDggEB+dO1wzp0vorTsElGRI/D18eZA9mEAvj12EqPBQFTkCA7+zxECrH2Yfus/ERRoJfbGHxHcvx9H7ac8ti8i0vEqKiopvFBMv37++Pv5dnV3RK5o/n6+9LP6U1h0sUve7CmeRTqO4lmk51A8i/QcXR3PvUGnD7bgZ/HhmyOuqtX+QbU3sVqc9ECjy+fk2ln25vs8OG8qN8VEMW/WRI/2r/TSJb4v/IGtR75j6/Y9NdMtvt58X3SR0kvlpH64jeMn8vnhYgkA4SNCAAiw+jN6VAR7D/6Dm2JtfJWZTdiIEKx9/Tl95jz2E/k8/vzyOtuLuHqIR/dHRDrW+e9/oF8/f0xe+rZcpCOYTF5Y+/pxvvCHOu8LOoPiWaRjKZ5Feg7Fs0jP0ZXx3Bt0emI1etQ17M8+zDtrt7AwYSZ+Fh+AOk/u2YIi/Cw+nCsoJG3HXgB2ZmYzLGQAVwUFUFxS5rEXg6+3N/0C+nD9dWFMmRhTM91oMODr683bqzdy4WIJjy+Yg7WvP2npezh8NK9mudjokezae4j/u/d/OPbdaX5+7zQMBhg4IJBhQ4L5+U+n4+vrU7s9H2+P7IeIdLwLP5RgsXjrTZ5IB6u+ZOnCDyWdNgaU4lnEMxTPIh2vsrKSckcFlZVOKioqqaxsf9WZ0WjEy8uI0WjAbPLCaGz6IlbFs0jH68h4BvDycsW0j7cZg8HQ5HJdEc+9RacnVm+KiSIn187O3dksSf4Lo0dF4GfxxeLrQ1xMFH4WH5YkrwJcL4iS0jIAcg7bWfKH1ViqkpKv/+6Ry+5Ladklzhf+UPPYaDDg7+/LjaOuYWv6Hn50zTCGDR1I0YWL5OTamXjzaHx9vDGbvPD18eZcQSF7v/6GAGufmjZCBvVneOggPtz8FcOHBjN86CAARv0ojC8zDpC5P4ebY21UVDrZl/UPRtuuweKr5KpId3fpkoPKykr69vHv6q6I9Ej+fr4UFl2kvNyB2ezZtyeKZxHPUjyLdJzikjIcjooOa6+ysjaRU1ZWjtlsavbzqOJZpON0dDyDa+iMiopKLl1y4OVlxM/i02SCtTPjuTfpkiP50D1T6R9kJS19D2npe2umh4YMIDIilLmzbuGdtVsAeOKXdxMZEYr9RD6vrEilpLSMB+dN7ZB+fPblbj77cnfNY4uvN48vuIuf3HQDly6Vk7J2CxeLS+ln7cPkCWMwGGDOjPH85+qNPL/0zwwfOojIiGGcyi+oacPLy8hNMVEc/H9HGDc2Cm9vU82+PTh3Cu/99xds3LoTs8nEjddfS+zokR2yLyLiWeUOR7Pf6IvI5TMajVwqr/D4Gz3Fs4jnKZ5FLk9FRSXFJWU4nU6Pbqe83IHDUYGfxQcvr8ZjSfEscnk6K54rKiq58EMJfhafJm/01lnx3JsYnB5+ZhOTkrk2bChPLprb6Hz7iXyKS8rws/gQOiS4znrRUeEsemhWzbQ/v7eFnbuzWfyr+XWWFZH2OXY0D4PB0KYfoMnH1X+7/27u7+amtYbFr/NOBoVFF/H2NqvCXMSDSkovcelSOQFWz1aqKJ5FPE/xLNJ+5eUOSkovdfp2m0rGKJ5F2q+3xnOdbRY7Om1bnpBzxN7s/E75Oqj6cv7GhA4JJjIitNFE6bnzRXUfFxQCYLHozoAi0rnKHRWYm/jWT0Q6htnkRXkHXx7VGMWziOcpnkXap7KyskuSMOC6TLmx8R4VzyLt05vjuTfxeGI1Oioce94Z7CfyW73OK8tTAbDnnSF1wza+OfwdH3+2k2+OfAdQM0yAiEhncDqdGA2GJi+nEJGOYTJ54WU0ePQyKcWzSOdQPIu0T1clYZrbvuJZpH16azz3Nh5PrE6KHwPA8pQNbUqujhsbxdCQAaSl7+WVFal89GkGQ0MGMG5slF4AItKpDAaDvtUT6SSXyivaPTxIayieRTqP4lmkbZxO113Cu1JFRWWjn7cVzyJt05vjubfx+ACFkRGhPDhvKu+s3cKSP6zmqkAr/YMCGl32jtvGERkRWmc81rT0PaRu+JJxY6N46J6OuWmViIiIiIiISHdSWlbe1V0AXP3QOKcil0fx3Ht0yp1fboqJon+glbT0PezPPtxg7NRqQ7MGEBkRWmdaZHgoQYFWboqJ6oyuioiIiIiIiHS6xsZD7ArdpR8iV7LuEkfdpR89WafdUjsyIrRB0rQ1QocEs/S5RA/0SERERERERKR7qKzsHkPedZd+iFzJukscdZd+9GQeH2NVRERERERERJrXXe4l0l36IXIl6y5x1F360ZMpsSoiIiIiIiIiIiLSRkqsioiIiIiIiIiIiLSREqsiIiIiIiIiIiIibdRpN68SEenpdr61hK35AA5Kf3Bg6uNb9U/WxtzFs4n00HYv7F/FGx8do/xytpO1il/vGcPvH7A1mJWzfgnbBj/Cw+OCmu9HzifsYDzTI/u2pwciIiLdS9Eh1qZsI/N8heuxyUr0jNuZP7qZ8+HprTz/Dix8ajKD27zBQrI27YTxU7FZ29lnkV7hIkfSN7LmizMUVk0JGB7Lg/fFMszc+b0pPLSFNMYxZ2RAg3knP1/J4s/KsFrcJgZfzzML4+nfAdvel5JMxtgkFo3qgMY6UsEBUlJ2kHWh6rEpiEnzZzJtuH+Lq3bbfRJpghKrIiIdZNzDixkHQBarfr2HMYsfoGGasqMd5pP1JUx+ZjFjLS0v3R6Rsxe3KllbkpdNNmOVWBURkR6ggLSVaZy7LYHkUVWJgPJ8dm3K5fjoWIZ5ZJtl2LPsMBYlVqWVish456+sO9rMIiP+id88eCM96SV18vN3WX48lsUvzKU6lVmYu5X9x2BYROf3p/iEnf3cyJyRjc8fdNvdvHhrcOd2qisVpfNvS3OIfPRhkodUpZyKDrB8aQopCY+Q0AXP0ZWhd8ZzT6DEqoiIp+WksnhHJM//PBrXl+gX2PHvb3B+7jOEbf01ewb8M+XZX5JXUo45ZDz3/nQiwy0A+ez84yq25pUAZkIm/4yfj3N7U1awk7fe2MzxUgfZryzhE9tcFs8OI2/HKlZty6McMIdM5IEHxhNihqxVVdva/TFHIh/g3+bWT5ceZ+cfN/NlXgklBDPt4YcZF1y13pjf84Atn22vrOL8j8PJ+1sOBSUlWKJ/yiOzIzm+fgmpu3/gB95iyY5gJj/yMNFn1vNGahYlAJZIZj88F5tyriIickUowF5gJTrCrbrKHEzsrNrz8MmMd1nxWQHFgDnkeh5bEN+gSrXJZUoOsXpFGvsvAHgResv1BH6xj79fKIM33yCtAyvapCezEh7RD9PR73E0sURIxJCelYQp30PqZ1buW3oD7vWhARGTmQANq8bdHx9MJXF3EPeV57L28GAW/cqf1HfKmBB+knWZXsx76iFi8jeybO1RVyWsZQQJj96OzVJVRRkcQ3lWNvaSMgi+kScWxnPugzdIySyjiPdJ2mHlzkfvZ0LzF3nVcLV5I8X7DnGqpIyrbpnDfWxjxc4iCi/4MCFxPvMifOttuwJzSCQL5k8mrH5RRbmdtJSNbM6rwPV/5XYWxYeS894bpI38OY+P9nUtV5TOkteLefC5qfQ/1Pj+Qh7b397AR9Vt3TaTx+NCGk4ffzuLbg3FvVD4+BfZOGbMZc4Qt3ST9QYWzf+WR7/Yw30RYzDXPBdH2ZxXRjFW5vzyfiYMdGvo0Ic8mh5K8oIxVe0XkJacytl5v2TekNYd4ytLL4znHkKJVRERT4scz9j1qfz9QjTj+wJ52/hb38k8HgKHgew8M88/+Qx9gfxt/85bHw1j8dxwDqf+lZOTH2fxcDNQwu4/rmKn7WHGVScng8bx8OK+datjc1J5KyeaJxf/vLa99SEsnhsOQPYRB08/828ENXaZ1OEzWJ55kmcsULL7j7y4OYtxDYYGOMPhCw/w5DOzgWN89NL7/D3/SSbOXszDga+wigd4cmIwkMdH/5nPxCerKmkv5JHX8UdWRETEQyKYOiODZUv/TPZ4GxNGRhE2xL82eZD7ISvzxrH4hasxA8WZ77I8o5Anw92aaGqZuAq2v51GUU01bCEnC0wMjr+G4KUb4MFEpg2s3x+Rxg28+R5+xRp+n3ahwbyQSbNJurmHvZjyzmAPCmJQe9fPOkn5s4m8GWSC01tJzbdjn3kvb94VAEXpvJIezGMv3O5K2h7bwpIPc7Hd4yqxzMkP4OWnfokfF/nq7bdYfzCeRXc9whOBK1nBzCarUk999j5JO9wm2CaRfNfIqjaDePm5X+JHFsuT3mf9vId5+Tl/OLaRpA93Me2xeAD2n/Bl2VO/JADX8ALLPswl+Z66pZ9ZH2wga/R8khcEAHlsTl7PmpBHSIiPYM3aXRSOjicAV+LTOuV+hjWzvznvbeH4lESSh5uAi3z19jq22+4n7vCXfBQ0leQFVwMOjp/Ip+7HilLs+WWE2hrJLgcH0P+YnSOMcV0Nl1uA5blEXra4/j8mfZLFhAS3zx4jxxD3wVa2F41hkhU4sYu0vrEs7pFJVZdeF889hBKrIiIeF8LEm+GNbXmMvzOEnB3ZhI2/k+ovma+NvoHqXGnw2B8T9O/ZHAN2Z58hO+clstxasuVBc9flH96fzbDo2Y205/qkF3Xz+MaTqgDhNxBd1SnLsHACt50hv8FCgUSNrX7TOJywkDPsyQcavI8cQOSwfNa/vw1ujiRqWAghXTDmlYiICAXpvPL615wCoKqijEam1csDDI67n+SYixw/toeMLzaw5lAh1lumsujWq7FnHuVk1nc8XeckfRLcEqs5TS1TlM9X+UOZUz3EAAEMDgK42LZ9CCpg+4p3+ajqZD3otnt5Mq6VpXLSowy8eTYPfvce7xy6VDPNd+REFioJ05DtBiYFuaVBAiOYWjU2amFWLt8cLmbJC7tq5wf7cRZXAjMy+gb8APAnLNzKlvxG3wQ30NxQALVtBhMWbIVhVf8XfH3wKy2juGq5qNHX11ToDo6J5Ko/5HIE98RqLplZQcTcVb1UCHHj/FiSZYdZsUwilc0n4pk35BCfZw1m0ix/CjOa2l/IyDrPvpy32O+2heg8mBAymIAN21gdfJGbbBGEDQlpcf/rMPvWJmIjRhJb9dnDb9gA+n9xkpN1BlILZVo8vPSFnUmzQslK/5bI+KlVx6vnUjxfeZRYFRHpBH1/PJEBy3ZzbNowdhyJYvrc1qwVwrT/80hthWpHaPa/fmtOCSZaN5SrmcifPsPjBXkcz/47f/rrYYY98CR3Dm/VyiIiIh0nKJ4nX4ivN7GxaY0w+zMsIr5q3MZvWf1CGttHJxIGhM6Yz7/E1btZzWl7nYeNLlPU8GvLFjW6D0FMWPiI6/Jn6eX8GDXvdqa/tZ5PTgGDruPReSNb+Z7tChMygNCCXE5BO24QB+BV92G9L/4t0VMbVIIC2MEz2ZNOycgEMeGWAJ7PtDMnfy85tvEkAIU0tb+5QCBzfvUQExpcdz6Rxc/GcvxYNtkbVrO8/EYWLxjjNiyDL6HBPnyeVwAR9b7oyS/kbEgooTUT6j0XjQgYdwODlmZzZEY+aYevZvY9bdjtK1YviucewtjVHRAR6RXM0YwPy2bzn7Zx4eaJuH+3+83+A1Rf7JG/++/kR0YynHCio/L5247aD18XDh9rpIK0rvDoKI67tXchJ5uCyCg6I58Z2DeQM8ere1hCQX4plqDhRI6fzd1jHeQcaccHSRERkS6Rx67MXArL3SYVFVFU7s9VfSFy9AhO7djFyZp5uRw5XbeFJpex2ogN+o60g9UVqg4Kiy4CVqyBReh0Ke0zkFsfnMHMH4/m0Qcn0GNr28xjmHtbEWtSDrjGBa1SmJvOV8eAgYMZVHSRc1XTT+4+WlXp3bIAWwT9s/awq6RqQnk+OccKm10HoL/Vn1PHPRu42fu+rtnfk5k5nIocQVidJSKIsRWQub96qUKysoqx2VxpTPPoG4nM2sGrX5Qy6RbXtKb3N4IYWxFpO2oH8irM/db1v6wgj7P4MywilmkJsYTl5HKkXl+HTYnFumkd6064jRRadIDlq08SN2VM/Vx288xjmBT+LetWHqAo3lM3DuyOekk89xCqWBUR6SSRP44idXk+d/6sbglqVEg5qa+8RF5JCY6gsfzsZ65r/SNnP8yPV/2JJUtcn+rMIeO5d9jwBt+s193IbB7OX8UbSz6puXnVzx8Ib2aFjmMeeyfT/v4Gi5esJ3rOzxm8+69sKpmKsAAAIABJREFUPVb1Ts1iY+4jwZCzniWpMHfxbAbsfIs3DtzAIw9HkvPWGxy44REeHqdLGEVEpDsIJsy0heVLt3CuOjdgCmLSgpnEmoGRt/NE/vu89sIblFfPmz+UMF+3JppahiAmJU7i5JsreXSdCbPbTWZumnkj219/laR1ESS8cDv1RzoXaZbvMOKn9vzU0+Bb72VR+kZee2FHTbIxYPj1zJ0DYGP2jL0se/YNsPgQGm7lqtY2bI3nsfkbeW3pG6QC4IdtzpzmRuECwBzzE2ZnvM+jL3xJzLxHmD+y7vwGY6xW3ZyuLaKHlJKy9E3sJWWUB47k8QUjGyxju2smp1LeJWlT9c2rZrKophh1JBNsabyUP47Hq6tQm9lf211zOJWygaQXKlz7GBLFguFXU5i/l7dXrK/6v+hF6JyZjK7fEcsYHn/KxOrVK0k6X1E1bQDTFtzPpHZUe9jiribl9QLmJvayzwm9JJ57AoPT6XR2dSdEpGscO5qHwWBo0w/Q5OPqv91/N/d3c9Naw+LXed8NnT7zPQMH9LusNsr3/5EXc8azZG7t27OsVb9mz5jf0+AeUSK9VEfEWnfYhogonkXaquhCccsLdRJr37ojWSqeu86+lGQyxiaxaNTltFLKrrf/SHb8IyQ0zMl2a+X73iXp0I28fs+V1fHeHs/uSoodLS/UjeUcsTc7X0MBiIh0inz+tvUCk6e39J23iIiIiIhIBzq9g48vXM/sKys3CeST9lkpd8644jouvYgqVkV6MVWstp6+QRfpHKqIEek5FM8ibdPbK9wUz9KT9PZ4dtfTK1a7dIzV4pIyMjKzycjMwp53BoDQkAHExdiIi4nCz+LTld0TERERERER6RRGo5HKysqu7gZGoy5sFblciufeo8sSq/YT+byy4n3ASVyMjTumxAGQk2vno0+/4qNPM3hy4d2EDgnuqi6KiIiIiIiIdAovr+6RiPHyUiJG5HIpnnuPLjnC1UnVaFsELz+3gHmzJlJcUkZxSRnzZk3k5ecWEG2L4JUV72M/kd8VXRQRERERERHpNMZ2Do/V0bxU4SZy2RTPvUeXHOG1H24jNGQAD90zteZy/4xdWWTsygLAz+LDQ/dMJTRkAKkbvuyKLoqIiIiIiIh0GrPZq6u7AIDJpESMyOVSPPcenX6EzxYU8c2R77iz6tL/5tw5JY6cw3bOFhR1Qs9ERBrndDoxm7rHiVGkpzObvPDkfTUVzyKdR/Es0jZGoxGzuUtvg4K3t6nRMRkVzyJt05vjubfp9MTq/qx/YPH1JjIitMG8ktIyvjn8Xc1PZEQoFl9v9mf9o7O7KSJSw2AwUOl04nBUdHVXRHo0h6OCSqcTgwcvnVI8i3QOxbNI+1h8vT0aN80xGAz4+ng3mK54Fmmf3hrPvU2np8+LS8oIDWn8hlT2vDO8siK15vHK5CRCQ4IpLinrsO2XlF7itZXrOHw0r9H5Qf368vgv/herUrcA8FjiHCy+DV+MItK7mE1elDsqMOmbdBGPKXdUdEq1iuJZxPMUzyLt52fx4WJxaZdstzGKZ5H2663x3Jt0emLVz+KDPe9Mg+nVN7Cqz56XT1ysrcO27+vjzaKEWTgqXN+E/XVdGoVFF/nZvdPw8fHGaDTQx8+PRQmzapYXETGZvPQNuoiHORwVmEyef2uieBbxPMWzSPt5eRnx9/OluKSsUy7XNRgM+Fl8mrx7uOJZpP06O56BbhHPvUmnH81o2zWkbviSnFx7neEAQoc0rGLNybVTUnqJyPCGwwa0l8EAfftYah57m014eRkJsPapU5nqvoyIiLfZxMUOrJ4XkYYqKyvx8TF7fDuKZxHPUzyLXB4vLyN9+1goKb1EebnDY9vx9ja1WEykeBa5PJ0Vz15eRvwsPs1e5t9Z8dybdHpitX+QlWvDhpK6YRuLk+5vdtm1G7ZxbdhQ+gdZO6l3td5evRGABfNv5+PPdnIg+zBDQwbwf/f8D97eZh6cexvnzhexYUsGDkcFd06JY+otsRgMUFp2iQ82prMzM5vKSic3xdq46454Vb+KXMHMZhNeZeVcLC7F38+3q7sj0uP8cLEULy8j3p0wyL/iWcSzFM8iHcfi642PtwmHo5KKykoqKiqprKxsd3tGoxEvLyNeRiMmk7HRG9u4UzyLdJyOjmdwJVO9vIz4eJtbHDe1M+O5N+mSo5lwzzSWJK9iecoGEuZNbTD2Q3FJGSlrt3CuoJBFSQ90RRcb+C7vDP9044/43TMP8V8fb+etv3zM6FHXsDjpfnbvz2Fr+m5GXRfGkEH9+eDjdLJzvuX//OIu+vbxY1Xqp2xK+ztzZsR39W6IyGXo28fC2YIifLzNGvtJpAM5HBWUll3q1C9SFc8inqF4Ful4RqMRb+9Ov++04lnEA3pTPPcWXZJY7R9k5cmFc3kjZQNP/3YlN8VG1dzQyp6Xz1e7srFYfHhy4dxu86SHDO5PXEwU/n6+jI2O5P99c4xpt8Qy4KoARl0Xxmfbd3P6TAF9/S1k53zLjMnjiLh6CADTbv0nNn/+fykpLcPi2/gAwiJyZQgM6EPhhYtY+/jpzZ5IB3A4Kij6oYTAfn06fduKZ5GOpXgW6TkUzyI9R1fGc2/QZfW/oUOC+U3S/WRkZrHvYC5p6XsBuDZsKHdOGUdcjK3Ju5h1BW+zqc5lEr4+3lj7+gPg7+dbU0pdeOEiJaWXWJX6KatSP61ZPqhfX0rLypVYFbnCeXkZCejrz/nCH7D4eusyJZHL8MPFUkrLLhHYrw9eLVyK6AmKZ5GOo3gW6TkUzyI9R1fHc2/QpQMr+Fl8mBQ/hknxY7qyGx0qoK8/Fl9vZk69iWhbRM10o9FAX3+/LuyZiHQULy8j/YOsXPihhO+LLlaNUeWF2eSlb9VFmuFwVFDuqMDhqKCishJTVSx1JcWzSPsonkV6DsWzSM/RHeO5p+u0xGpa+h5yDn9HSTvv8mex+BAZHsqk+Bs7uGcdy9rXn6jIq9mecYDhQwcS2K8vp/MLOHOukJv/aVRXd09EOlDfPhYuXXJQ7qjg0iXXQPtGg4FyR0VXd02k2zGbvKh0Oqs+EJnw9TFj7kYD5yueRVpP8SzScyieRXqO7h7PPZXHj3BxSRnLVqRytqCQaNs1FBeXcvZ8ETfFRAFgP5HP/uzD3HHbOAA+/mwn0VHhhA5xjbn6VWY2/QOtWHx9+OjTr8jIzOKJhXO71TAB7gwGuOuOeD7YmE7ym+9T7nAw4Kp+zJx6U1d3TUQ8wNvbhLe3CXD9T3I6nS3ejVGkN7oSYkPxLNI6V0JsKJ5FWudKiA3Fs0jrKDa6hsHpdDo9uYG1H25jX1Yuv0m6Hz+LDx99mkFOrp0nF80FXInVJX9YzaKEmQAsT9nA4l/Nr0msvrI8lciIUO6cEkdxSRn/mvwXRtsimDdroie7LdIrHDuah8FgaNMP0OTj6r/dfzf3d3PTWsPip2/fRERERERERLqrkmJHV3fhsuQcsTc73+Mj1+7LymVy/I1NVphWJ1CXp2xgecqGOtPq87P4MDn+RvZn5XqmsyIiIiIiIiIiIiKt4PHEasH5IkJDGk+UApwtKAJg7syfMHfmT+pMa0xoSDDnzjc9X0RERERERERERMTTPJ5Ybcm5gkIAJsWPYVL8mDrTRERERERERERERLqjThmg0J53pmYMxXPniygpLeObw98BkLE7G4uvT81ji68PGbuza5YvKS3j3Pmimvn2vDOd0WURERERERERERGRJnn85lWJSckeaXdlcpJH2hXpTXTzKhERERERERHxlJ5+8yqPJ1ZFpPtSYlVEREREREREPKWnJ1a7fIxVERERERERERERkSuNEqsiIiIiIiIiIiIibaTEqoiIiIiIiIiIiEgbKbEqIiIiIiIiIiIi0kZKrIqIiIiIiIiIiIi0kRKrIiIiIiIiIiIiIm2kxKqIiIiIiIiIiIhIGymxKiIiIiIiIiIiItJGSqyKiIiIiIiIiIiItJESqyIiIiIiIiIiIiJtpMSqiIiIiIiIiIiISBspsSoiIiIiIiIiIiLSRqau7oCIyJWi+NhW3l6dTfb5CsALa0gocxNmEhvUtf9KT36+ksWfWFmYPJfRHd346a08//ujxP06kWkD3aYfTCXxkyCWPDWZwR29TZHO0NRru75Wvdbz2bx0NevzG5tnZfavZ8I7q1kfPIWVCTYKD20h9fBQ5s6wEQDsS0lm/bD5vHhr8GXulEjv1L7zsytuj0xPYtGo5ts/+flKFh8fx8oEWzvWz2J50qecmu6K8frxLyIiIlc2JVZFRFqjKJ1XXz9K6C8TWBkRADgozN3Gmp1HiZ0R0aVdG3xrIitv9eQWilj/eiqDnpvLaIsntyNypQpm2lNJTAOqkyg8WC/ZUjMfik/Yyczy4g4lVkQuXzc+P7vYWJRcm5BV/IuIiPQsSqyKiLRG3hm+xcqkiOqPQSYCIiazqOozW/2Ks9rHuCpabDGUZ2aSfQGskTE8lhDPMDNQbictZSPrcopxmPyImjmTx+NCqqrk/JkbfpJ1O+HO+0LZvqaA2S/fS6wZoJRdby9ny8gEFgdura2oK/mWzau38FFOMQ6TF6ExU3nirpH4NTW9uuKmun/Dp9SryAEYQHTEGVa8nc6yx+IbfhAsOsTalG1sP16MA9f+PbEgnsE1bd9IYfpevnV4cfX025lzIZ1Xd5zHYbJya+J85kX4Nn0cRDrJ2X3reG3tUU45wBQ4mHmJ9zKhppK1jOwPVrJkZxEOk5W4eXNIGB3Upvar/yfMPr6aFVkAX7M46WuiH0wizn1BxYJI21zG+RmA4+m8uq76/Hw9i+ZPJqzNXyLmNzzXh8fwxEK3c+H0JOJ2JzeI/5aqZUVERKR76/LEanFJGRmZ2ezPyuX4iXxKSssAiAwPJTIilHFjo+gfZO3iXopIrzdyHLND3mPlC39m/3gbcRERRA4PwtzK1fcfKuP5Z5N4HDvrXn+fZR+E8Po9Q9m3Zh3bh8zh9QWhmMvtrPvDJjaHJ7oq2/KPknXLbJJnhuBnLsD8RQoZWaXEjvaFol1syRnM1IQgOFS7nbMZaax3jOG15Fj8ygvZl3UGM6XsW7uBzeaJvJx8AwHldtb94X1ezQjmX+Kq+1fME48+zKIg/0Z670NcwmzCkt/jtc8jWHxrvSSPdTCT5iUwb6AvUMDm5BTWH4yv+bCYkx/Ei0uTCDi2kaTXN5A6/R7eTA7hyIdv8tKmXUx7LJYjTR2H5i7RFukop7fy2poCon/1GHOGmCjcl8rzr3/IoN/NIhIg/yg5t83nzbsCKM79kCVvfsj28IeY0I63J6MTkljy+UoW7x5RM7zAvt3Vc0ub/p+gWBBpXEedn80FpL2WwqsfXs3r97Sv0nV/bgUvPZtEfw7x9gub+PhQPAtG1s5vLP5FRETkytalidWPPs0gLX0vFosPkeGhRNvCCQ0J5uz5Iuwn8vnbriw++jSDuJgo5s6ciJ/Fpyu7KyK9WgjTkh5jwomjZGQeIO2DDJbn+2C7ay6LYlquXIuKH++qUCWUObcMZcumbzmJg8ysCk7xPgu/qF02unqcxr4R3BkTgh8AQUy4ZTCpX+yicHQ8hV9kc3bsxKrq1Vr9hw/G+tkBUj6HSSOjsI2OwMwhMrNg9C9vcFWbmkOJG2tlS9a3lMeFVvXvJ0QG+Ta//wuncOS361kenMAi91klBWRu2ELa4WKKHK5Jg/JrB5uMjK7arq8PfliJsbkSs2HhQZBTRjFHmz4OSiZJJzibdZRTwyKZNMT1tihgdBSRa75k3zFcidW+EUwb7aqG84uIJSbwPfbllDIhprmYaQ/FgkjbddT5OYhJ8UNJ3ZDLESIIa0dPouMn0r+qrVArZJzIh5EtrSUiIiJXsi5JrBaXlJGydgs5uceZFD+GO6fEUVxSxnd5Zzh+Ip9hQ4KJDA9l3qyJfJWZzUefZrBsRSpPLJyr5KqIdCETfkMimDQkgklA+b53WbhmG1kxc+otV0pxeQtNOSooqfozJjGpTkULAAcBixfuVyOaR99I3Afb2HziatgPcYmNfFqLuJ3k3+aRsz+b7R+k8KojisVJLdfEmH1bkSCy2Fj06EmW/OFdNsfXluqdzUhj/fmref63UxlmLmT7a38kzX29Vp5pGj0OIt2U2dTRSdVaigWRturA87Op7rm3RnkZ5eBWCZvPkXwv/NwX7vJrAUVERKSzGbtio2s/3EZO7nGeXDiXSfFjSFm7hceee4NXVqTy0adf8cqKVJ753UqWrXifYSED+E3S/TiBZStSKS4p64oui0hvdzqd1Z/ncrbmA1kpJ/MuQsgAQgE/Xy9OHbZTDFD0NZk5dVfPTt/B8XKAAtLSv8MSOYIwRhAdCVnpu6radXA2cw/1VnUzkltjICNlIxl9o5g2pOES5ccOkVMSTGTMZBYsiCUs71u+KRpBjA327ThAIUC5nYzdRVxtu7rVl0rWGDiZJ+6zsvmL72ommS1egBdmM3B6F9uPt7XRth4HkctXnFdAIVYGDYT+thEMOp5D2glXyXXhvmxyfIcyenjVwhdy2byvsGreDrafD8QW3v5tDw6yQklZzZcrtRQLIm3WUefncjvrvvgOS/jVDS7RHzwylKty9rIut7BmG8c37WS/7wji2jhqQNPxLyIiIleiTv9e9avMbHbuzmbxr+YD8PRvV3JVkJWFCTMZbat9Z2I/kc/aD7ex5A+reXDeVJ5cOJd/Tf4Laz/cxkP3TO3sbotIbxc0ksjzW1j23AbOOQC8uGrYSB5LdN3MKWDWJOKWfspjSV9iCo4kNhzOua0ePdKH9b9Lrrk5xuOzXOVosfNnc271Fp5/egcOvLgqMoqEyKa7MeyWKPrvyMQ6I7bRuwkXF2WT+vYm7KWAyY+o6bcTZ/XFPG8mp1Zv4emktKqbV83gibggIL+RVprnN2oui8a+wbKqBGpA3FTu27+exUlfYxp2I5NssL9NLfo2fRw0xLZ0uCyWJ33KfpMfUXNmMhpg4GQeu28dr73+Gluqb171aNX4qgDBI4g8/D6/XOO6eVV84t3tGl+1xujx3Je5gVeSkuk/fT6za2YoFkTarEPPzzE8cVcjmdIhU3kmcQvL16aQeL4CAEvICBKT3P5PtFa9+K++qZaIiIhcmQxOp9PZmRt86rcruSkmiknxY1iS/BdCQwaQcM80AD7+LAP7iTNYLD7MnTmR/kHWmnFYn1x4N8fzzvDO2i289Gyibmgl0gGOHc3DYDC06Qdo8nH13+6/m/u7uWmtYfG7Eq65q70bsO78KyIiIiIiIr1JSbGjq7twWf5x9DsqKxtPnRqNhs6tWN2XlUvB+SImxY8hLX0PTiDhnmn4WXx4ZXkqZ88XcVNMFDm5dpatSGVx0v3cOSWOnFw7qRu+5ImFd/PRpxlkZGZx55S4dvejpPQSr61cx+GjeTXTDAYYcFU/5s6cyPXXtWe4+vbb8/U3vLXqYx5+4A7GXH9tp25bREREREREREREGvI2myktu9TkvE4dYzUn1861YUPxs/jwVWY2k+NvxM/iQ3FJGd8c+Y6H5k3lzilxLHpoFufOF5Fz2A7AvFkTyTls52xBEaNtEeTk2jukP7f9ZCy/X/wLfr/4F7z8bCLRtghWvf8p9rwzHdJ+a436URi/X/wLRv3IldDd8/U3PPrsf3Dk2MlO7Qe4ks4v/8d7vL16Y6dvW6RnCmbaU6pWFREREREREbnSXNWv6Svmr+pn7dzEqv1EPqFDgikuKaPgfBGhIXXHFCourXtjKj9fHwBCh7iWO1dQSOiQ4A5LfPr6eBMY0IfAgD4EBVqZMjEGP4sv3xzumMRta3mbTQQG9MHbfCVc1iwiIiIiIiIiItLz9fG3MHRQfyw+3hgNRowGIxYfb4YO6k8ff0vn37zKz+KD/YTrZilXBQXUTIuOCiflvS18ExvFvoO5DA0ZQGREaM16Fl9v7Hn5hIYEU1IvAespjooKPtu2m8+276a4pIwbrgvjp3dNop+1D5WVTr7M2M+mrX+n6Idi+ln7MHvGeH485jpW/n/27js+6jLd+/hnMj2VhBAghZIEAiRg6B1Eiog0xRWsiKsrlqO7j8vu+hz17OO65+zq8ZyzeyzsuiuKFTtFpCkIElCKgAkaTIAQCJKQhBQyKZOZ549ATARiQjIzKd/365XXzPzKfV8z4Roy19y/+35tDWfLyrHbraR+c4Rb5k3hw48/58Y5V9Ze6v/3V9dQcKaEh+6ex8lT+SxdvprFt89i09Y97NpXs1zpf/z1DeJ6RbJw/nT+52/vMHxwP/alZpB7upDkxHhmXT2G197dyJFjJ4nq3oX77phDl841r+nBQ1m8+cGnnMorICI8lJuvn8yAvj05nHWSpctXM25EEtt3pVF4ppjePbpzz20zOVN8lv/5+7s4yivJBHbtS9f0BCIiIiIiIiIi0mEF+NsJ8LdfdJ/XC6unC4qZMuGHEajnF6G6/865bNq6h6++ziA5Kf6COVQd5ZXEREaQnZOL3WZp8bhcLjd79h/CUV5B39hoALZs38/GrXu4/WfT6BXTlffXfs4b73/KPbfNZMfuNN5dvZV5M8czZFBfjh0/Re7pM5xfg+eb77IYntyP3z6wAIu18fHeesMU+vXpwTurPuPuW6+ld4/uOKtrVh/99rtjLF44m8IzJbz42hoyj+Zwy7wphHcO4Z9vrGXdp19y28+mkp2Txz/fWMuooQOYPG4eBw9l8eo7G/nVPTcAUF5eQVr6Uf7l59fhdDr52/LVbE7Zx5zpY/nXX97KP15fS0hwALfMm0KAv61lX2gREREREREREZF2wKuF1YT4GPalZuBvtxId2YWvUjPqjUqdMmEoUyYMveC87bvSgJopAbbvSiMhLuaCYy7HqvUprFqfUvs4ONCfW+ZNIToygoqKKvZ+/R2jhw1gyKA+AEy/agQvvbGWvNNnSNl9kJFD+3PVuCEYDBAaElj/ucbFsPDGq7FYTBQWlTY6Jn+7jQB/GwZDzXDjoEB77flXjk0muns4nUODiewWTpfOIbWxxfeK4sT3p3GUV/L1N4cJCQ5kxuSRBPjbGDGkP7v2pXM0+3vCw0Iwm01cN2M80d3DAejdozv5BcWYjEaCgwIwGv1qpycQERERERERERGRC3m1sDo4KZ7VG3acG7U6lJffWofBAF99nUF+YfEFx9ttVgYPrFmsavSwRPztVvalfnfBaNbLNe3KYUyZMBSns5r31mzlrKOcfn16YDBAeWUlZ4pK2Xj4OBs/21MnJgt5BUWcKSql/7ljLyYo0B+LpWVf3h+P1I0ID6293ykkkBPfnwbgVF4h2Sdy+eVjz9U7Pr53FOFhIRiNRs3nKiIiIiIiIiIi0gxera7FREUQHdmFVetTuPOm6WzauodNW/cya9roi45Czc7JZdX6HYCbBXMn1Y4uHTM8qUXiOb94FcANsybyX0vf5pNtNfHYLBY6hQQyaEAsV08aXnuOn8GAyWSkU0ggBWdKcLu5ZHH1UtzumqkHPKVrl1B6REVw1y0zsJ1bAAxqnu/JU/ke61dERERERERERKSj8PN2h1MmDGXH7jS270pjyX3ziY7swqate9mXloHBYCAmqmb+1eycPDZt3YvdbmXJffPJLyhi09a9TJkwFH+79Sd6abrwsGCuHJPMZzv2831uAVarmSED+/BVagbHjp8CoLjkLF/s/aZ23579h9j2xQEKi0rZn5bJp59/ddG2rRYzQYH+fHPoGBWVVaRnZvNtxrFLxtK1SxgWi5mc709fVgF2YP9YSs462LUvHbfLhdNZza5931J61vGT59ptFqK6hZNfWExRydkm9y0iIiIiIiIiItIReHXEavaJXFZ8uJmw0GBefmsdLJjOvz18O9t3pdWOXj0vLDSYscMTmTJhKPkFRTz9/NsXXdSqJY0c2p9tX3zNpq17uWXeFK4cewWVlVUse2sdZ8vK6RQcyNSJNXPAnt/3/kfbePWdjYSHhXDdjHG4L1IH9bdbmTl1FK++s5GtO/fTu0d3kpPi+T634KJxRHULZ/qk4axYuYXVG3aw+I45TXoeMZFduGP+1bz5waes2bgDs8nEkEF9GTG4X6POv3bKSP726hqW/L+lzJo2hlnTRjepf5GOzO12Y2jqMHaRDqAt5kZbjFnEG9pibrTFmEW8QbkhItI8Brf7YqXAlpd9Ipenn38bf7uVPz16N7998kUKCotJTopn/pxJhIcFA5CekU1MVAT+ditljgo+2baXVetTGD0skQVzJ3lktKpIR5V1NAeDwdCkH+CSj8/fr3vb0P2GtjWG3d/3cwVXVjmpqnLidFZT5azGz2Cgylnt67BEWh2zyYjL7cZsMmIyGTGbTC0+F3lzKZ9FGkf5LNJ+tIV8FpG2zVHm9HUIHuWVwur5ompCXDTpmdn4222UOcqZP/cqNm3dw/GcPGIiuxATFUF4WAhljnLSM7LJzskjLDSY2VePYezwRE+HKdLhqLDaPCWlDlwuF35+fuf+EK35g1RELu58gcPprK7NnaBAu6/DApTPIk2lfBZpP1pzPotI26fCajOdL6omJ8Vz503Tee6lD0nPzGbJffN/mE/1RC5fpWaQnpFde15MVAQJ8TEMTor3ZHgiHZoKq5enutpF4ZlS7HYLAf42n8Qg0h6cLSvHUV5JaEggRqPXp30HlM8iLUX5LNJ+tIZ8FpH2Q4XVZvrtky+SEBfDnTdN56U317Ev9bt6RVUR8R0VVpuuutpFUUkZwUF2TEaNfhFpLqezmuKSMkKCA7z+4U35LNKylM8i7Ycv81lE2pf2Xlj1+Dukw1GOwQDL3lJRVUTavsIzpfrQJtKCTCYjwUH+FBaVer1v5bNIy1I+i7QfvsxnEZG2xOMjVrfvSmPFh59it9t4YNEcFVVFWhGNWG2aklIHfn4GXV4o4gFny8pxudxem9NN+Sztncvlwul0UVnlxOVyNastPz9gv4J3AAAgAElEQVQ/jEY//PwMmE1G/PwaHpuhfBZpWS6XiypnNS6Xm+pqV7NyurXns4i0P+19xKpXFq8SkdZJhdXGq6x04iivICQ4wGt9inQ0RcVn8bdbMZs9m9vKZ2nvzpaVU13dvGJqQ8xmE3abpcFjlM8iLaPMUYHTWe2x9ltTPotI+9TeC6uaLEVEpBGqnM6f/EZfRJrHz8+PyirPfXg8T/ks7dX5ORE9WVQFqKpyUlLqaLAf5bNI81RXuygpdXi0qAqtK59FRNoi/RUiItIITmc1JpPmbRPxJJPJiNPp+W+0lc/SHlVXuyhzVHitP7fb3eDIWOWzyOWrrnZxtqwcb11c2lryWUSkLVJhVUSkEaqc1Zj1wU3Eo8wmI1UeHpkDymdpn7xZVG1Mv8pnkcvXUfNZRKQtUmFVROQnuN1u/AwGjYgR8TCTyYjRz+DRETrKZ2mPyhwVXhvZ9mNutxtHeeUF25XPIpeno+aziEhbpcKqiMhPMBgM+pZexEsqq6ove0G7xlA+S3vjcrk8PgfjT6mqcl50lXLls0jTdOR8FhFpq1RYFRERERFpo6payYIyTqdnF8wS6QiUzyIibY8KqyIiIiIibZSrlVyaW32REW4i0jTKZxGRtkeFVRERERGRNupSq3h7W2uJQ6Qtay151FriEBFpC1RYFRERERFpoy42F6IvtJY4RNqy1pJHrSUOEZG2QIVVERERERERERERkSZSYVVERERERERERESkiUy+DkBEpL3YsfQJNuYCOCkvdWIKtJ17k01i/uPXk+Chfkv2vcKzq7Koak4/qa/wmz1DeWph0gW70t9/gs3dH2Dx6LCG40hfyzbGMyMh6HIiEGkfir/lrWWb2VV4bmVnUzDJ187ktsEN5M+pjTz2Mtz326l0b3KHRaR+tAPGTycp+DJjFpGLUz6LiIjIT1BhVUSkhYxe/DijAUjlld/sYejjC7mwTNnSMln7voOpjzzOMLtneki4/vFGFWsdOWmkMUyFVenACtj04ibypy3imYEBNZuqcvnyowyODR5BD4/0WUF2ajYMQ4UYaaRiUl5+nfeONnBIr5H82x1D6Nj/pJTP0hYon0VEfE2FVRERT0tfwePbEnjsrmTMAJSw7b+fpXD+I8Ru/A17ulxHVdoWchxVmCPHc/Mtk+hpB8hlxz9eYWOOAzATOfXn3DU64od2C3aw9NmPOVbuJO3pJ1ibNJ/Hr48lZ9srvLI5hyrAHDmJhQvHE2mG1FfO9bV7NYcTFvLv839cLj3Gjn98zJYcBw4iuGbxYkZHnDtv6FMsTMpl89OvUDgqjpzP0ylwOLAn38ID1ydw7P0nWLG7lFKW8sS2CKY+sJjkvPd5dkUqDgB7Atcvnk+Saq7SrhWQXRBMcnzAD5vMEYyY+0Penkx5g+c3FFAGmCMH8dAvJlwwqu2Sxzi+5dXnN7GvBMBIzFWDCP30K3aWVMALz7IpYhCP3DeBcE8/TWnjgomL74Tp6BmclzgiMj5KRRjls7QJymcREV9TYVVExNMSxjPs/RXsLElmfBCQs5nPg6byy0jIBNJyzDy25BGCgNzN/83SVT14fH4cmSte5+TUX/J4TzPgYPc/XmFH0mJGny9Oho1m8eNB9UfHpq9gaXoySx6/64f23o/k8flxAKQddvK7R/6dMPNF4szMw/7IEh6xg2P3P/jDx6mMvmBqgDwySxay5JHrgSxW/cfb7MxdwqTrH2dx6NO8wkKWTIoAclj1t1wmLTk3krYkh5yWf2VFWpl4pl+bwn/++SXSxicxsV8isVEB1KZbxoe8mDOax3/fGzNQtusNnkspYklcnSYudcyYaj77+yaKa0fPFXGywET3CX2I+PNKuONurunq7ecrbVXXcTfxf3iNpzaVXLAvcsr1PDxO/5iUz9JWKJ9FRHzLp4XV7BO57EvLBCAmsgvJSfG+DEdExEMimTQOnt2cw/jZkaRvSyN2/GzOX7nfN/kKztdKI4aNIuy/08gCdqflkZb+H6TWaSkpBxq6Lj9zXxo9kq+/SHs1n/QSx42/eFEVIO4Kks8FZe8RR+jmPHIvOCiUxGHnR+v0JDYyjz25QMSPj+tCQo9c3n97M4xLILFHJJGX6lekNSrYytN/PcD3AAQz+8HbmchFtv1oqsXuY27nmeFnOZa1h5RPV/Lat0UEXzWd+yf3JnvXUU6mHud39ZL6JNQpxKRf6pjiXLbnRjPv/CXJhNA9DOBs055DWAGfPf8Gq84ld7dpN7NkTMPzJ0v71HXc9dxx/E1e/raydput3yTua49FGOWztHMdKp9FRFoZnxRWyxwVPL9sJemZ2fW2dw4N5v5Fc4iJuuATuohImxY0ahJd/nM3Wdf0YNvhRGbMb8xZkVzzqwd+GKHaEhp812/MfwkmGjeVq5mEWx7hlwU5HEvbyT9fz6THwiXM7tmok0V8L2wCS34/4UcbL7btIswB9IifQI94gCO8+vtNfDb4bmKBmGtv4/+OCal//Kn6fw9d9JjiC7/m+EkXfQ5hTLzvASY2vTVpd/wZuGAmM5a+z9rvgW4DeHBBv0a+x7cxymdp9zpQPouItDJ+vuj06edXcOzEKebPuZK/PPkALz7zMHcsmE6Zo5ynn3+bMkeFL8ISEfEcczLjY9P4+J+bKRk3icg6uw7t28/5i7dyd+8kNyGBnsSRnJjL59t++PBVkpl1kRGk9cUlJ3KsTnsl6WkUJCTijXpmaFAoecfOR+igILcce1hPEsZfz43DnKQfvowPkiJtSg5f7sqgqKrOpuJiiqsC6BwECYN78f22LzlZuy+Dw6fqt3DJY4KTGBF2nE1fnx/R5qSo+CwQTHBoMUovuTxdmXzHtcwZNZgH75iIxrbVpXyWtkb5LCLiC14fsbp9VxrHc/K4b9EcBte59H/s8ER6RHbhif96lVXrU1gwd5K3QxMR8aiEUYmseC6X2T+vPwQ1MbKKFU//BzkOB86wYfz85zXX+idcv5hRr/yTJ56o+VRnjhzPzT16QkOX1Cdcz+LcV3j2ibW1i1fdtTCugRNajnnYbK7Z+SyPP/E+yfPuovvu19mY5ajZaU9i/gMRkP4+T6yA+Y9fT5cdS3l2/xU8sDiB9KXPsv+KB1g8WpcwSlsWQaxpHc/9eR3551cRMYUx5RdzGGEG+s3k17lv85ffP0vV+X23RRNrq9PEpY4hjCl3T+HkCy/y4HsmzBiJuWom90+IYeycIXz21//h4ffiWfT7mfx4ZmSRBtl6MGG6Z9a4b9uUz9IGKZ9FRLzO4Ha73d7s8LmXPuRYTh5/fvTuS+7PzsnjT5fYLyItJ+toDgaDoUk/wCUfn79f97ah+w1tawy7v/e+GzqVd4auXTo1q42qff/gD+njeWL+D5Okpr7yG/YMfYoL1ogS6aBaItdaQx8i3lJcUubrEGoFB/nXe6x8Fmmajp7PItI+OcqcP31QG+b1qQDKHBWEhwZfcn9MVAT5hcVejEhExBty+XxjCVNnNLDylIiIiIiIiIi0GV4vrPrbrQ0WTrNP5BId2cWjMTjKK/nT/77J6g07Lrr/+9wCfv3/lrLnwKEWbfdijmZ/z6N/eom7H36myf2JSFsSwaQlv2L8jxaiSlqo0aoiIiIiIiIibZHXC6vJA/uQX1jMpq17LtiXnpHNvrTMenOvetKO3WmcLqhf5HW7YdsXX5+bQN6zyhwVvPbuJnrFdOPPj97NwP6xHu9TREREREREREREms/ri1eNHZ5IypeprFi5BUd5JQlxMQCkZ2az8bM9REd2YcqEoV6JJS+/iB2705g1bXTttlN5BXyx9xsv9X+GvPwzXDN5BGENTI8gIiIiInIxfn5+uFwuX4eBn5/Xx2uItDvKZxGRtsfrhVWAwQPjOXT4OKvWp9Tb3jc2mvvvnAtAyq602ikDOocG0zcuhvCwli0+Dh7Yhy+/+pbRwxJr296+K5VOwYG4XTVreu1Py+SlNz/mgTvn0ic2GoDc02f4zxfeZv7sKxl6Rd9Ltn846yRLl69m3Igktu9Ko/BMMb17dOee22ayfVda7fNf+spqwjoF8bsHb8Zus/Dumq3s2JVGlbOa3j26sXD+1UR27dyiz11ERERE2j6jsXUUYoxGFWJEmkv5LCLS9ni1sJp9Ipfnlq0kv7CYsNBgBifFEx4WTExkBP52KzFREWzflcaKDzcD7trtn3+ZisNRwdSJQ+uNLm2uwUnxOBzltaNWc0+f4auvM5gxeSQr120HoE9sNF06d+LAN4drC6sZR05gtZiJ7x31k32Ul1eQln6Uf/n5dTidTv62fDWbU/YxY/IoekZ35cXXPuJnsydyRWIcgf7+vPnBJ6SlH+FX99xASHAg763Zygsvr+LX991ISFBAiz13EREREWn7/AwGX4cAgFEj3ESaTfksItL2eK2wun1XGi+/tY6w0GB+fe+NJMTHXPKY+XOuZMqEoWSfyCU98zj33zmXr1IzWPbmx5wtK2fB3EktEpPFYmLalcN5e9UWRg9LZNsXB4jsFk7fuB9i87dbGTG4Hzv3fsP0SeWYzSa+2PsNyUlxhAT/dKHTbDZx3YzxRHcPB6B3j+7kFxRjt1kIDLBjMECAv42QoACKis+Sln6Ea6eOri3aXjdjHE8/v4IjWSdJ9tLcsyIiIiLSNpjNRioqq3wdBiaTCjEizaV8FhFpe7zyjpl9IpeX31pHdGQX/u3h2y9aVD1dUFyvqAqwan0KK1ZuBmpGly65bz6fbNtLekZ2i8WWEBdD59BgVq7bzldfZzB1wpALLn0YkNCL4pKzZBw5wancAk4XFDEiuV+j2jcajVjMjatfF5WcxVFeid1mqd1msZgx+vlx6nRh45+UiLQot9uN2WT0dRgiHYLZZMTtdnusfeWztDd+fn6YG/m3pqdYLKaLzsmofBZpmo6czyIibZVX3rWfXbaSsNBgltw3H3+79aLHbNq6h7DQ4HoLVy266RrKHBW1j2OiIhg9LJFNW/dctDh7OSwWE9MnDed/X/qAIQP7ENszkuLSsnrHdI8II7ZnJPvSMgnrFER4WAhdI8JapP+6QoICsNssOMora7dVVlZR7XLRNTy0xfsTkcYxGAy43G6czmpM+gAn4jFOZzUutxuDBy+FVD5Le2S3WXA6q31S9DAYDNislgu2K59FLk9HzWcRkbbK4yNWt+9Ko6CwmDsXTL9kURVqRrUOrnOp+/Zdafy/Z5bz8lvr6h03eGA86ZnHWzTG+Ngo7l04m+tmjL/oRN1Gox9jhyeyLzWDz3bsZ+SQ/o0ehdoUwUEBJCb05qONO8g4coK8/CI+WPs5dpuV3j27t3h/ItJ4ZpORKme1r8MQadeqnNVeGX2mfJb2qKG/s33Rr/JZ5PJ11HwWEWmLPD5iNeXLVKIjuzRqhGndN/KxwxPJLyhi09Y99Y+xWXGUV/z41GYxGY0k9evd4DG9e3YnMMCO2+0mMaFXi/Z/nsEAN8yaAAb477+9S5Wzmt49unHvHbO1cJWIj5lMRpz64CbiUTWjzjx/MY3yWdojo9EPf7u13tVenmQwGPC3Wy+5erjyWeTyGY1+BPjbKHNUeGXkamvJZxGRtsjj746HDh9n8vghjTo2PSMbrq7/OCYyov4xmdmEhQY3Kya7zcLv/uWmS+4PDQnkz4/9ot42m8VCp+AAevXodslFq37cbmzP7jz1o3Z+cdvMevv/+sd/qd+P1cKt86Zw67wpjX4+IuJ5FrOJs176sCrSUblcLqxWs8f7UT5Le2UyGQkO8udsWTnV1S6P9WOxmC56uXBdymeR5jEa/QgKtOMor6SqyumxflpTPouItEUeL6zabRYOZWazesOOBo6xMnhgPCtWbqHMUXHBJQh1t32VmkFCXMvMr9oUWce/J+f7fGZfPcbrfYuI75nNJowVVZwtKyfA3+brcETandKz5RiNfh6ZaufHlM/S3gX423C5XDidLiqrnLhczSuy+vn5YTT6YfTzw2Tyu+jCNnUpn0Vajt1mwWox4XS6qHa5qK52NSunW3M+i4i0RR5/d1x00zUse/NjVq1PueQxdpuFPz36C1atT+H5ZSv59X03AjBmRBIpX6aSnpnN4KR4Vq1P4XhOHvcvmuvpsOtxuyFl90Eiu3WmZ3Q3r/YtIq1HUKCd0wXFWC1mLZIh0oKczmrKKyoJD2veFSlNoXyW9s7Pzw+LxQ+LxbvFEOWzSMs7n8/e5ot8FhFpawxuXyw3eAlfpWbw/LKVxER2YfbVY+gbF4O/3Up6Rjabtu1lX2oGdyyYztjhib4OVaRdyDqag8FgaNIPcMnH5+/XvW3ofkPbGsPu7/1vzqurXRSVnCU40F8f3kRagNNZTXGpg5Bgf4w/MWqmpSmfRVqW8lmk/fBlPotI++Io89x0Jq1BqyqsQs28qi+9tY6CwuJ62+02C4tuuobBSfE+ikyk/VFh9fJUV7soLCrFbrPoskORZig9W055RSWhnQJ99qFN+SzSMpTPIu1Ha8hnEWk/VFj1kewTuaRnZlPmqCAhLoaEeO/PqyrS3qmw2jwlpQ6qXa5zc1QZMZuMGiUj0gCns5oqZzVOZzXVLhcmox+BAXZfhwUon0WaSvks0n605nwWkbZPhVURabdUWG2+ykrnuT9Ea279DAaqnNW+Dkuk1TGbjLjc7nMFDhMWsxFzK1sIQ/ks0jjKZ5H2oy3ks4i0be29sKp3TBGRZrBYTOcWBrEC4Ha7L7tQLNKetYXcUD6LNE5byA3ls0jjKDdERJpHE6aIiLQg/WEqcnFtMTfaYswi3tAWc6MtxiziDcoNEZHmUWFVREREREREREREpIlUWBURERERERERERFpIhVWRURERERERERERJpIhVURERERERERERGRJlJhVURERERERERERKSJVFgVERERERERERERaSIVVkVERERERERERESaSIVVERERERERERERkSZSYVVERERERERERESkiVRYFREREREREREREWkiFVZFREREREREREREmkiFVREREREREREREZEmUmFVREREREREREREpIlMvuy8zFHB6g0ppGdkk52TB0BMZBcS4mOYNW0M/narL8MTERERERERERERuSiD2+12+6Lj7bvSWPHhZux2K2OHJxITFQFAekY2X6Vm4HBUMH/uJMYOT/RFeCIdQtbRHAwGQ5N+gEs+Pn+/7m1D9xva1hh2f59+NyQiIiIiIiIiDXCUOX0dgkf5pCqxfVcaL7+1jlnTRjP76jGUOSo4lJkNwOyrx7Bg7iRWrU/h5bfWAai4KiIiIiIiIiIiIq2K1wurpwuKefmtdcyfcyVTJgwl+0QuTz//No7yCgDsNitL7ruR2VePAWDFh5tJiIshPCzY26GKiIiIiIiIiIiIXJTXF69atT6FsNBgpkwYCsCzy1aSnBTPi888zIvPPExyUjzPLVsJ1IxetdutbNq6x9thioiIiIiIiIiIiFyS1wur6ZnZTJ0wBIDsE7kUFBbXjk6FmmJqfmEx2SdyAZg6YQj7UjO8HaaIiIiIiIiIiIjIJXl9KoCCwmJiImsWquocFgJAdk5u7aX+2Tm59fbFREaQX1jcojE4yiv5y4vvkXk0p3abwWCgd49uLJx/NZFdO19220ezv+cfr6/lVF4hixfOYuigvi0RsoiIiIiIiIiIiLQiPl1S299uJTkxjhUfbsbhqJljddX6FEYPS8TfbvV4/9OuHFY7JYHTWc17a7bywsur+PV9NxISFNDk9socFbz27iZ6xXTj/9xzA4GB/i0dsoiIiIiIiIiIiLQCXp8KwG6zcLrOCNTOYSHkFxaz7K11LHtrHfmFxQT4/1BUPV1YjN1m8UgsNquF0JBAQkMC6dI5hJnTRuMor+DY8dzLai8v/wx5+WcYPDCesNBgLGaf1q1FRERERERERETEQ7xe+UtO6sOOXWmMHZ7IWx9uJmVXKvPnXElyUh8AUnalsmnrHtxuWDB3Eilfptbu8zSzyQhAdXU1AAcPZfHmB59yKq+AiPBQbr5+MgP69uRw1kmWLl/NyCH92Ln7GyK7daZ3z+58tHEnAEtfWU1YpyB+9+DNOMoreGXFeo4c+x6zycjo4YncMHMCNqvlku2kfnOE6MgufLHnGywWM3fMn0Z+YTEr16XgdFYz++oxTL9qBAYDHM46ydurtpCVfYpql4shA/tw+43T8LdbWb1hB/vTMukTG8XWHQdwudxcOTaZeTPHYzIacbncbEnZx0cbd1JcWkan4ECuv3Y8o4YO4GRufm3cQQF2bpg1kVFDB2AweOVXIdJqnMo74+sQRERERERERFpc1y6dfB1Cm+f1wurUCUN44r9eZdPWPXyybS93LJjO2OGJtftnXz2GzmEhvPzWOsLDgjl0+DiPz53k8bic1dXs3HMQPz8/IruFk52Txz/fWMuooQOYPG4eBw9l8eo7G/nVPTcAUF5ewRd7v+W6GeNI7NcLi9lMbI/uvPjaR/xs9kSuSIzD5XLzwsuriOoWzl2PXEtRcSn/fGMtuOGWeVMu2s7WHQc4npPHyCH9+eMjd/LO6s9Yunw1gwf24fGHb2f3vnQ2bt3NwAGxRHcPp6i4lJFD+vOLW6+l5KyDvy1fwyfb9jJr2mgAjp04RUJ8DH/47SJSvz3Kex9tZcjAePrERpOyK5V3V29l3szxDBnUl2PHT5F7+gzFpWfrxZ17upBX3t5AeFgwfWKjPf67EGlN9B+NiIiIiIiIiFyM1wurMVERTB4/hBUrt2C3WeoVVc8bOzyRFR9+yoqVW5g8fggxUREeiWXV+hRWrU+pfexvt7FowdVEhHdi7SdfEBIcyIzJIwnwtzFiSH927UvnaPb3hIeFYDQaueX6yVyRGFd7fmCAHYMBAvxthAQFsC81A0d5BdfNGEeXziF06RzCtVNH89HGHRSXnAW4aDuR3cMZMzyRAH8bw5ITOHgoi2uuGkGXziEMHBDLhs92cyqvgOju4Qwe+MNo3rDQYHrFdOXkqfzabdGREbXPYeCAWD7aVDM6taKiipTdBxk5tD9XjRuCwQChIYEAF417YL/eHDyUpcKqiIiIiIiIiIgIPlq8asHcSZQ5KtixO43/fP5tpkwYQnRkTfH0eE4um7buxVFeyehhiSzw4GjVuotXmYzG2sIowKm8QrJP5PLLx56rd0587yjCw0Iwm00E/cTiVKdOF2L088NiMddus9ssOMorKTpXWL1YOxazCT+/H6a/tVktBJ9bTCvA31Zv7tb0jGzeX7uNk6cKcJTXLAA2PDnhkm2dV15ZyZmiUvr36XHB5f2nThdSVHyWR//0Ur3tddsVERERERERERHpyHy2utKdN9VMAbBqfQrPLVtZb1/f2Gh+fe+NJMTHeDSG84tXXUzXLqH0iIrgrltmYLNZ651Td0RoQ7qGh1LtclFZWVW7zVFeid1mISQogPw6i3hdjrNl5axYtYXQkEAeefAmbDYrr7+3qVHn2iwWOoUEUnCmBLebesXVruGhdAoO5L5Fc+hU5/WxWrQYl4iIiIiIiIiICHi5sJqekY2/3Vp7aX9CfAxL4udT5qhgz750AIYmJ+Bvt9Y773RBMfkFRR4vtNY1sH8sW1L2s2tfOuNGJFHtcvNV6ncMbsJCWr17dsdus/LB2s+ZN3MCRcWlfLRxB4kJvQlugcKqn58fFrMJi9mE1WLmSNZJMo6cYEDfnj95rtVqZsjAPqxan0LvHt0Y2D+WY8dPkV9YzNAr+uJvt/LZjv1cO2UURj8DBw9lEdktnNie3ZsVs4iIiIiIiIiISHvgtcJqmaOC55atpEdUBL++78Z6+/ztVtZ88gUGYPzoQRecu+zNj8nOyeNPj959QdHVU2Iiu3DH/Kt584NPWbNxB2aTiSGD+jJicL9GtxESFMC9d8zmlRXr+df/+Cdmk5HRwxO5YeaECy6/vxx2m4UFcyfxj9fX8rs/vkhyYjw9o7s2+vwrx15BZWUV73+0jVff2Uh4WAjXzRhHcGAA9yycVRu30c+PvnHRzJ8b2fygRURERERERERE2gGD2+12e7KDMkcFx3Py+Cr1O7Z/mYqjvJJFC6YTHhZC37ho0jOyOXT4OKvWp2C3WZg6cRgJcTFER3Yh+0Qu+YXFLHtrXc1CVyOSGJzUh+jILl4rsIq0Z1lHczAYDE36AS75+Pz9urcN3W9oW2PY/TU9hYiIiIiIiEhr5Shz+joEj/J4YfXBf/3f2nlFZ189hjJHBas37LjguFnTRuNvt7Ji5ZYL9k0eP4SYqAhWfPgpjvJKwkKD+fOjd3sybJEOQYVVEREREREREfGU9l5Y9XhVYv7cq3j5rXUMHtiHKROGAvBVagb5BUXMn3sVKz78lMED+zD76jEAHDuRx77U72r3hYeFsGDuJKBmjtYdu9NqjxURERERERGRjsfldpHvyCKn5CA5JWk1t6UHKa087evQWq1ASziRgQOIDBpAZFAiUUEDCLP3xM/g57OYDp7exIFTazl19hBnKws5W1WA01Xhs3jaGrOfjQBLZzrbY+ge2J9enYYRHzYGuynE16F1GB4vrI4dnkh+QRHbd6WRfSIXgOM5edy3aA6Dk+Lxt1t5ftlKZk2rKZbu2J3G/DlXMnZ4Yu2+8+elZ2Yza9poxg5P9HTYIiIiIiIiItIKbTj8P+w8/hp2U3BtkXBcj0VEBg4gyNrF1+G1WiUVeeSUHiSn5CCpuR+zPvMZKpyljI65lSm9H/RaHA5nEZ8eeZ6dJ16nsrrMa/22R1Wucs6Un+BM+QkyC3fyefYyAOJDxzCjz++ICkrycYTtn1euoy1zVFBQWMwT//VqvW1AbdH0kT++CIDdZq3dd/627nmnC4q9EbKIiIiIiIiItCKny46w/MC9DIq4hkfGfo7ZaPN1SG1KkLULCdaJJHSeWLutqrqczUdf4H++mMFtg5bS2d7DY/1XuytJyV7OJ0eexeFUbceTMgpT+N8v5zAq+lamx/8amzHI1yG1W4x32OUAACAASURBVF4prOYXFNE3NprZV4/hdGExq9an4HCUA+BvtxIWGsyCuZPwt1l5a+Xm2uKpw1FOWGgws68eQ3hocL3zRERERERERKRj2HJ0KV/mvM3tg16gW2CCr8NpN8xGG9PifkVSxHT+sfc2RkXfysSeLb+mTXl1Ccv3Lyaz8MI1d8Qz3LjZcfxVsov2cefglwgwd/Z1SO2SxxevEpHWS4tXiYiIiIhIa/fC7hvp2WkoM+J/6+tQ2r2Pvvt3TpQc5BdDXmuxNvPKDvPK/rvJKzvSYm1K04TZe3DHFX+na0Bfr/fd3hev8t0MxSIiIiIiIiIiDXhh942MiFqgoqqXXNvn/zK462z+tvfmFmnvbFUBy/bdpaKqjxU4jrH8wL2crcr3dSjtjgqrIiIiIiIiItLqbDm6lJ6dhjK0+/W+DqVDGR51I1FBiWzN+kez2ql2V/Hy/rvJdxxtocikOU6XHeGV/Yupdlf5OpR2RYVVEREREREREWlVTpcd4cuctzVS1Udm9vlXUo4vp8CRfdltbM36B8eKvmrBqKS5sor2NLtgLvWpsCoiIiIiIiIircryA/dy+6AXfB1Gh3b7oKUsP7D4ss49W5XP5qPPt3BE0hI2H32B0srTvg6j3VBhVURERERERERajQ2H/4dBEdfQLTDB16F0aJFBA+gffhWfHHm2yeeuz/wvKqrPeiAqaa6K6lI2HP5vX4fRbmhJbRERERERERFpFVxuFzuyX+P/jvvct4Ec/QO/zVz2o41B2GyLuS7pXpJDfBKV113ZczFP7ZjEVb3ux2AwNOqccmcJu3Pe9XBkDYniij5PM737YMLM1ppN1cXknnmXTd8+yf5yb8byFA9PvgFyYnnmG2/227DdOe8xI/532ExBvg6lzVNhVURERERERERahXxHFv7mYMxGm69DAW7mZyN+Q+24WedxPj94D2/uCyZi4i1Eeqrbwnf5z72/oUvcYRb28lQnjWM1BWAx+lPgOEZn/56NOiezcIdPF0iK7f8yP4uMprzwXd4/8QXlQGjYIkZ2vYUpvdew/5t9Pouttah2V5JZuIPELtN8HUqbp8KqiIiIiIiIiLQKOSUHiQwa4OswzrFiDwrmhzF9A7gmbjG70zaSXngLkaE+DM2LIgMHkFN6sNGF1fT8zzwcUcOGhsRhrviMd/Y+xv7zG0+tYcuRKELLT/gytFYlPf8zFVZbgAqrIiIiIiIiItIq5JSkERmU6OswLs1sxVz38dmvWHXgD3xRtg8nyfTt+jQ3J8VhB3BksvnAEjaV7sNJOKH+D3HdoFtICACqi0lPfZS3T6+hlCACAx9j4aAbsGXewTOntgKQlxnLbzMnMH3Iy0zyYRE3KjiJE8WpDIy4plHH55Qc9HBEDSt3AdY4BnSNYv+pOoXU8hMUnr9vm8l1SY8xNKQLZqDKsZMvvr2Z1QWA7WauG7CIK4LjsBsBKijIf4q/71tGIfCzUYcZ5reBnc5RjAoKpiT/QZ7cV8ysIU8yNDS65ndfXUxu3lO8lHauP/MfeGjCLUSaAYrJOf4gf0nf6pXX41J8/XtqL7R4lYiIiIiIiIi0Cq1rxOqPVBWz7/BSCk1TSQgFqjNZtXsee/we4v4R+3h00EOQdy1vZFQAkHnwDtZVzuTOIft4dMT7zPI/TPq5yt6x1Dt4qSCYawbt49ERH3ENS3nuwE5C+/yVR/v/gVCgb8w+Hh3xV8YF++wZAz+MWG2sEh+vOL/65AZKqqNJTtrG78dt5P7kp5jevX+dI6KYnvQ0owIrOJTxIG+kPsUhBjOu31+IBSgPJtRSweHsR3kj9UHe/z6PsM4P8bOYOk3Yp3GF31fsPvoo7x89ydghf2VcaDB5x2vO+fhUJlijagu5EWETcZx6lDdSnyLNEUxk9G+Y5bVX5OJ8/XtqLzRiVURERERERERahZzSg0QGtpbC6jKWf1J3ASsLJstD3JR8bn7VkxvY45zK1AETiQwCgiZyXddR/DlvJ1XxE3G68gArdv9ggqzBJF7xGDVjcQ+ys2Af3bu+zLAuwUAww/o+xOd717CfUQyzWzEBJkswQa1gbaGooEROlKT99IHnlFTkeTCaRshezJOF85jecx4JIQPo3vkGenS+gUlxO/l4381sKV1EQoiVkvy/sDxrDQD7TRP4fb/BjOsEh88s5aWdS39o79QExnW7gaDAOn1U7WTjzkVsB+BRHgoNpqroBZ5Lf+PcOWvYAsBTADiKl/H3c/v2h83jz/ZoukcBPpyZwOe/p3ZChVURERERERERkQvUWbyq/CveTn2Qks6zSA45t9t5mnI2svrLWFbXPc0yk0IgIekjph94lL99/hhOv5F07/QQNw8aRZixAocLTp5M5rcn6544gZIy7zyzdq/0Pdalvcc6AKK4os9fua7HKKb0W8yW3cGYgKDOT/PnyU/XOakYWxBQfjM3DXqIBP9g7EZr7d7cuu1XHj9XVAWoaa/wbN226itxLLtwo64hbxdUWBURERERERGRVuH8ZecJ1om+DoV6i1cFTeT23jfwZOaDrAp7n9ndAD8rMJNZyU9yhaXOaX7WmnPscUwa+SaTgKqig6w+MJO/p27ld1eAGYjpvpWFMfWv87f5A8XWVlWsOVGSRlQT5r0NsnbhjA8XiQoN7A+l3/wwnyon2P/dGkZ2H0ycKbZ2a0n+H1h9su6ozQpKiiC272KSg6zk5PyFDwqOAzOZnvTTizyFBiwBLl1cbW2CrF18HUK7oPq4iIiIiIiIiLQKkUEDWu2iOuZeD3GN7SDbv1tdM3oxaiZD/dawMeMrSs4dU1K4mt15ABXs27OEVceOU1JSXLOgEuBwFgODGdkpluxTS0kvP3dieSabszJxGoHQOCL94PCpzyipAqq9+jQv0NTpGYIs4R6M5qeMZPqgj3h4zHvcFHczV3SdyRVdb+a6IYvpYa4gJ/8vwF84VFJBUKdFXGE7d5ptAuOipmIqh8KqmjlycRUDwcTGjCKswT5r2jOH3ML9CTV9jkx4g4eTF3vyiTabb39P7Udr+hJERERERERERDqwyKBEUnM/9nUYlxDMqLjH2JK2hNWHpvHzvgO4ccQaNqc+ynNf7sNJEDbbDUztDWClR0gsWzKvZ7vrNBBOaOBT/HxATYEyLvl9fvHNU7yTOoJ3XJWY/KbSt+tvzvUzgFl9HiXnuwd5cmsJA+IOs7CXj54ycKL4a5K7zWn08ZFBA8gu3u/BiBryBesyX8LeexYJMU+SbKzZWlV1nGPHlvDOdzUjaVcfWAIDfsPQ+L/WzHtbXUzumXcBKPzmD+wM+iujop/k5ugKCvK/ooBRDfR5gtUHlmBKeoyh0U9yczRQlUdO/hpCPflUm6nVLhLXxhjcbrfb10GcLihmx+6aiZCTE+OIiYrwcUQiHUPW0RwMBkOTfoBLPj5/v+5tQ/cb2tYYdn99NyQiIiIi0p6cLjvCS/t+zm/GfOrrUOScP2+fyF1DXqWzvUejjk/L28DyA617tKbAncnLSOjs+Sk3HGVOj/fhSz6vSmSfyOXp59/GUV4z1HrV+hR+fe+NJMTH+DgyEREREREREfGmMHtPKqvPUlVdjtlo++kTxKMqnKVUu6oItUU3+py40NEYDRaq3ZUejEyaw2gwEx822tdhtAs+nWO1blF1/pwrmT/nSgCeW7aS7BO5P3G2iIiIiIiIiLQnfgY/RkXfwuajL/g6FAE2H32BUTG34mdofPnIZgpiWOQ8D0YlzTUs8gaMBstPHyg/yWeF1bpF1TsWTGfKhKFMmTCUOxZMx1FewdPPv63iqoiIiIiIiEgHM6X3gxw8vZGckm98HUqHdrz4aw4VbOOqXvc1+dypsb/E5KfCXWtk8rMwLfZXvg6j3fBJYfXHRdWxwxNr940dnqjiqoiIiIiIiEgHdtugpbyqeTp96tUD93LboMsbORxk6cLIqJtbOCJpCeNiFhFoCfd1GO2G1wurDRVVz1NxVURERERERKTj6mzvwajoW/nou3/3dSgd0qpDf2B8jzsJtUVddhvT4n5Ft8B+LRiVNFeP4GSmxD7k6zDaFYPb7XZ7q7PGFFXr2r4rjZffWofdZmXJfTcSExXRInE4yiv5y4vvkXk0p3abxWwivncUP5s1kejILs1qv7ColD/99Q1unHMlQwf1vWD/4ayTLF2+msW3zyK2Z/dm9XW5Vm/YQVr6UR66ex52m4bnd1RZR3MwGAxN+gEu+fj8/bq3Dd1vaFtj2P19vv6eiIiIiIh40N/33srgbrMZHnmjr0PpMHYef4PUvPXcNfiVZrdVVHGS53bNo6ji+xaITJqjs70n9w9/jwBzmFf7dZQ5vdqft3ltxGpTi6rg+ZGr064cxlOP38NTj9/D7/7lJgID7Dz13AoOHDzcov2IiIiIiIiISNP9Yshr7P3+Q9Z890dfh9IhrDr0hxYrqgKEWLuzKPklrMbAFmlPLo+/OZSfD17m9aJqR+CVwurlFFXP82Rx1Wa1EBoSSGhIIDFRESy6aToD+/dm1foUyhwVLdaPiIiIiIiIiFyee4a8QbClK3/aPoGckoO+DqddOl78Nf/x+TjCbFEtVlQ9r3tgP3439jN6hgxp0XalcaKDBvLr0RvobO/l61DaJY9fR1u3qNo3NrpJRdXzxg5PJOXLVA4dPs7Tz7/dotMC1GUyGhk/ahBLX1nFsRO59IuP4XDWSd5etYWs7FNUu1wMGdiH22+chr/dSkFhMcvf2cjBQ1kY/fwYekVfbpg1oba9nO/zWffp62Qd/56I8FDuumUGvWK61e4/eOgoL735MbmnC+ndozt33TKDLp07nduXxZsffMqpvAL87TamTRzGtEnDMBmNnMor5J3Vn/HNoSyqnE569+jOPbfNJCw0uHaagZFD+rFz9zdEduvM/XfO5WD6UV59ZyMlZ8voGxdD1/DQFn/9RERERERERDxhQs+7SIq4muUHFtM//Cqu7LkYqynA12G1eRXOUjYffYFDBdtYPGxFs+ZUbYi/OZR7h73N7px3WJf5DKWVpz3Sj/zAYvRnTPTtXNX7fqxG5YqneLyw+vTzK3CUV7ZYe+dHrv71jw+0WJt1BQbYMRgMnC1zAFBUXMrIIf35xa3XUnLWwd+Wr+GTbXuZNW00H3z8OZWVVfzht4twuVxs3XmAklIHgQF2AFJ2pfLzm2cQFOjPS29+zNpPvuSe22YCUFFRSVp6FosXzgbg1Xc28M83Puahu+dxuqCIf76xllFDBzB53DyOZp/i1Xc3YrGYmTJhCGfLyukV05X5cybhcrl4ZcV63vtoG3fdci0A5eUVfLH3W66bMY7Efr04lVfIq+9uZNSwAUweN5ij2adY/s4GukVoCLiIiIiIiIi0DWH2GH458iM+OfIsT6VMwmLyJzJwAFHBSTW3QYkEWZu3Zkp7VlKRx4mSNHJKD3Ki+GtySg5S7a5iVPStPDhilcf7N+DH8Mj5DOp6LZ8eeY6U469SWV3m8X47mkBLOCOjbmJszEJd+u8FHi+sjhmeREJ8DM8vW4mjvPmX19+3aA7pGdktENnFVVZWUV1dXft48MA+tffDQoPpFdOVk6fya7fZ7VZCggOwWS3MnzMJqFm8CuDaqaOJ713zbU9Sv96kpR+lsqpm0l4/Pz+mTxpOdPdwAK6bMZ4XX11DzvenSc/MJiQ4kBmTRxLgbyMsNJiMoyfY+/V3jB85kNie3estetW/b0/S0o9SXlFTwDYajdxy/WSuSIwDYPuXqRdt73DWyRZ//UREREREREQ8aXLvB7iq1/0UOI6dKxKmknL8FU6UpGkkZAMCLeFEBSUSGTiA5G5zmNHnEUJt0fgZvLb8DgBWYyDXxP+Wa+J/y8HTn3Dg1EecOvsdZZWFnK0qoMpV7tV42oO40FF0D+xPv/BJ9Akb5+twOhSPF1YXzJ1Uez87J6/evtMFxTzyxxcvet7j/+e2i17uPzgpnsFJ8S0bZB2VVU7MJhOdgmsmVk7PyOb9tds4eaqgtjA8PDkBgHkzJ/D6e5/wq8eex9/fyqSxg5k2cVhtW3ab5ZL9mM0mggL9ax9bzCaqnE7OFJdyKq8Qi9mEn98Pb252m5UzRaWUV1aSf6aYFR9u5tiJXErP1oysjesVecm2L9WeiIiIiIiISFtkMBjo7N+Tzv49GRhxja/Dkcs0IHwyA8In+zoMkcvm8cJqQ/ILioCakaDhocEAnC4spqCw2CeLRzmrq9m28wChnYLo3rUzZ8vKWbFqC6EhgTzy4E3YbFZef29T7fGdggO5f9Ec3G44mv09S5evJqxTEP379vzJvqqqnJSU/jDkvW5Bt2uXULJz8nC5XLX7HeUVdAoJxGw08d6arZScdfDLX8wjOCiATVv3kHk055J9de0SyuGsk1Q5ndix1LYnIiIiIiIiIiIil8e7470vYezwRJbcP58l98+/5OJWCfExzJo2ukX7La+opLColMKiUrKOn+LZf37IwUNZ3HTdVfjbrfj5+WExm7CYTVgtZo5knSTjyAkAqqtdvLP6M3bvP8SZ4lIMBvAzNL5g6XK5WLd5F8dPnub4ydN8sHYb3bt2JrJbOAP7x1JUXMraT76goLCYvQe+Y8fugwwZ2Ae73YrNasFsMmKzWsgvKGLvgUMN9jWwfyxljnLWb95V217KrrRmv34iIiIiIiIiIiIdlU9HrDbF7KvHtHibG7bsZsOW3UDNpfjxvaN4ePHPiI6smezabrOwYO4k/vH6Wn73xxdJToynZ3RXoOayg8hu4az4cDNniksxGY2MHZHE2BFJjVqsy2q10L9PD/7y9/coKimld4/u3HnTdOw2CzGRXfj5zTN484NP2fjZbvztNqZNHMaVY6/AYIB5147nb6+u4bE/v0TP6G4kxPfg+9yCS/YVE9mF226YyuvvfcLGz3bTu0d3kpPiGzxHRERERERERERELs3gdrvd3ujo7oefAeDFZx6u3Zaekc1/vvA2s6aNri2crlqfwuoNO/j1vTeSEB/jjdBEOqysozkYDIYm/QCXfHz+ft3bhu43tK0x7P5t5rshERERERERkQ7HUeb0dQge1SqmAmiMVetTWLFys6/DEBEREREREREREfFeYdVuszTr/NUbdrD9y9QWikZERERERERERETk8nntOtrkpD7s2J3GsrfWMXZ4EgDZOXmXPD47J6/28uDtu1Jr2xAROc/thsucRUBEREREREREPMjt8nUEnue1wursq8eQnplNyq60Rq1I/+PL/sNCg1kwd5KnwhORNsjtdl/2/KwiIiIiIiIi4jleWtbJp7y2eBVAmaOClF2plDkq6m0fnBRPTFQEANkncvkqNaPefn+7lTHDk/C3W70VqkiH0NYXrzJb/DCZ2sxU0SIiIiIiIiIdhtPpoqqyfQ9b9WphVURal7ZeWPUzGrBajZd1roiIiIiIiIh4TkVFNa7q9l121FAvEWmz2vsbtIiIiIiIiEhb1RE+s6uwKiJtmsvV/t+oRURERERERNqSjlBUBRVWRaSNq+4gb9YiIiIiIiIibUVH+ayuwqqItGnOKleHWGlQREREREREpC1wu904ne170arzVFgVkTavva8yKCIiIiIiItJWdKTP6CqsikibV13t1lyrIiIiIiIiIj7mcrk7zDQAoMKqiLQTVZUuNCOAiIiIiIiIiG+43R1rtCqosCoi7YTL5aaq8v+3d+/hUdV3Hsc/M5NMZnJPSCLmAkIiiAkKAspFURSBqiBWLWhXqrRqK91ql9p2t1pdtc/WIru1rdjqFlF3JaG6cvESEAtiCWoQUQlKIBGYJJB7MrlMbjOzf4SMRJKQQGYmybxfzzPPzJzzO+d8JzzGZz75ne/P6e8yAAAAAAAISK0tzoC7m5RgFcCQ4XS6A+6vYwAAAAAA+FtriyugWgB0CPJ3AQDQn9raXHK53DKHmGQw+LsaAAAAAACGLrdbamkOvJmqHZixCmDIcbncam4K3F/sAAAAAAB4W/t377aA/u7NjFUAQ5Lb3R6uBgUZZQoyyGhk+ioAAAAAAGfL5XLL2eZWWxut+AhWAQxpbW0utbVJpiCjTCbJZDRKZKwAAAAAAPSa2y25nC45XZKTQNWDYBVAQHC2ueRskySXjCaDTEaDZJCMRoMMBgP9WAEAAAAAUHuI6na722/xd0tOl1uuAFyYqjcIVgEEHJeT/ykAAAAAAICz49Ng1VZcpqwN23WgwNbnY62WEC1aOEszpqT3f2EAAAAAAAAA0Ac+C1YrquxasWqdHE3NSk6MV6glpE/H20rKtCYzW2NTUxQXG+mlKgEAAAAAAADg9HwWrG7d8bEcTc1adONVmj1zUp+P37g5R5u27FJlVS3BKgAAAAAAAAC/MvrqQrbiMknS9CkZvrokAAAAAAAAAHiFT4LVnbl5spWUS5JeyMxWo6O5y3Ed4SsAAAAAAAAADGQ+aQWw9/ODcjS1h6l79x1SZVWtQpMSPPt35uYpa/02OZqaWaQKAAAAAAAAwIDnk2B12dKFWvFMlvILi/T8yuWd9lVU2bUmM1tWi1ljRicrv7BIazKzNTEjTaHWvi1w1VuOphY9/fxrKjhc4tlmDg5S2qgk3Tr/SiUnxncaJ0n3332zrBazV+oBAAAAAAAAMLj4bPGq7uzdd1CSNHvmJC2YO12Z67fp3ff3yFZcprFpKV699pyrJnsW0qqvb1T2tlz97pks/eC71+miC0fLEmLWsrsWSpIsIf0bqj738huqqqkjsAUAAAAAAAAGIZ/0WN24OcfTY/WpVetUUWX37EtJbG8JsHffIeUXFCm/wCZJXputejJLiFkxUeGKiQpXSlKC7rptnsaPG6WNm3PU6GiWwSBFhFsVEW6VweD1cgAAAAAAAAAMEj6ZsdroaPb0WD1aXNpp37DYKFktIbKVlGvFqixJktUSIqvV4ovSOgkymXTF1Iv05xc36mhxmS5IS9FzL78hSbrnjhu0acsufZpXoJSkBH205wt9+/orNOPSDL36xg7tys2Ty+XWjEszdMv8mbKEmOVyubU9Z6/efOcD2esbFR0Zrrmzpuid93arqqZOkvSTX/1RC+ZO1/w507Q//4jWvv53lZZXKdRq0ZwrJ2vOrMkKMplOufaN82bo8y8KZbVadO8dN8hkas/IX3tzhw4WFjMTFgAAAAAAAPAinwSrixfOkq24TPmFRfrDb/7Zs73R0azHVr4kR1OzkhPjNTEjTZ/sO6SiknI9tSpLv16+xCczV08WHmaVwWBQQ6Ojy/1HikoVFmrR/ffcrORzE/Tqph3KO/CVfnrvLYoID9WLWZv15tYPdPP1M5WTu0+vbtqhm2+4QpdcNEZHi0pVWl6jf3vgu3r5b++o1t6g79/+LUVFhstWUq6/vvKWpk66UNdcfrMO20r18qvvyGwO1uyZl5xy7ZTEBIWHWbU+e6cqq+1KiItWo6NZX+Qf1aUTLyBUBQAAAAAAALzIrz1WN27OkaOpWddccYkWL5wlSVowd7pWr83Wrt152rrjYy2YO92nNbW0tMrpdHa7/5z4GC297VuKigxTrb1BeQe+0vXXTlPaqCRJ0reuuUxvv/uhamrrlbN7vy6bNE5XX36JDAYpJirccx5zcJBMJqOiIsNltZj1+ReFiooM13XXXKawUItiYyJ16HCx9nx+UFdcNv6Ua0tS+tjz9Na7Hyq/sEgJcdEqOFyihkaHJmSkefEnBAAAAAAAAMAnwWrm+m3KLyySJP3kV3/Sr5cvUVxspGzFZZKk/AKbnlq1zjO+0dEkSTpwyCbN9UWFX2tpbVNwUJCiI8O73B8eZpXZHCxJqq1rkKOpRS9mbdaLWZs9Y2KjI2Svb1RNbb3GnT+iV/1ZS8urZQ4OktH4ddtbqyVENbX1amppOeXakhQVGaaxqSn68OP9mnLxWO35/KAuOH+k4odFn8lHBwAAAAAAANBLPglWQ60hslrMcjS1KCUx/pT9HQtbdXWcL7U5nXr/g88UEx2hc88ZdtrxURFhslrMunHejE6zRI1Gg8xBwYqOCldVTZ3cbp02XD0nPka2knK5XC7PNkdTs6KjwmUxd39b/9RJ4/Tf//uWvjx0VAcO2XTbTVez0BYAAAAAAADgZT4JVhfMna4Dh2zKLyzSg8sWebaf/Pp0OkLW/gxbm5pbVF1bL0my1zXo9bf+oSNFpfrx0oW9uk5kRJjSx47SezmfamTyOYqJjlBpWZXKK2t1+WXjdcn487Vxc45GjRiu8eNG62hRqSqr7br68olKPS9RX+34WJXVdiWfG6fx40br3ff36K13P9Q1l0/UYVupdu3er+tnT1VISHC3NYxMHq6EuGit27hdYaEWpZ6X2G8/HwAAAAAAAABd82uPVUmqqLJr05YcVVbZO20fm5ai+XOmed7PnjlJ06dk9GuwumX7bm3ZvltSe8/TtFFJWv7DW5XcxazarhgM0i3zZ+rVN3Zo5bPr1NrWpvhh0bpx3gxJ0lUzLlZLS6v+78339fLf3lFcbJRuuu5yud3StMnpOlhYrMdWvqTJF4/RPXfcoO/ffp3Wvv53vfPeboVaLZpz5WRdNePiHmswm4M0ISNNmeu36db5V/p8li8AAAAAAAAQiAxut9vt7Ys8s3q99uYVeN7/+l/uUEpSgqT2PqpPPbvulGOsFrP+8Jt/9nZpQ8KneQXKXP93/fTeW5UQR39V9N6RwyUyGAx9ekjq9n3H65Ofe3rd0zYAAAAAAICBzCczVieMP18HCmxyNLVoQnqqhsVGefaNTUvRz370nVOOOXmMJDU6mlVUUq4xqcler3cwcTpd2pmbp5SkczQsJtLf5QADnsEgmYKMMhoNMhh04kGwCwAAAABAB7fbLbdbcrsll8stZ5tL3p+aOfj4JFidMSVdOR/tU35hkRYtvPqU29XHpqWc9hw5ufuUtWG7fvaj7/RqfKAoOV6hgsPFWnLrHJlMRn+XAwxIBoNkMhllNBlkMhGiAgAAAADQARrQhwAAHfVJREFUk/Y7U9tfm0wGBQcb5XS65XK65XQSsnbwWRLXcev/3n0Hz+j4Rkdzf5YzZKQkJWjloz/Sxemp/i4FGJBMJoPMISYFm42EqgAAAAAAnCGTyaBgs1HmEBPfr0/w2eJVs2dO8sw6zcnNU6jV0qfjjxaXSTq1RQAAdMVobP+LmpFf9gAAAAAA9BujsX0Ck8vpVmurSy5X4E5f9cniVR1sxWXKXL9N+YVFfT7WajFr0cKrNWNKuhcqAwLTUF28qv2XvJHeqQAAAAAAeJHb7VZLc+CGqz4NVgEMLEMxWA0KNio4mH7DAAAAAAD4SmuLS21tLn+X4XOkDwCGDOOJhtoAAAAAAMB3gs2B2YqPBALAkGAwGGQ2m/xdBgAAAAAAAclsNgVcSz6CVQBDgtlsVID9/gYAAAAAYMAwGNq/mweSwPq0AIYko8kQkLccAAAAAAAwkATa93OCVQCDHn1VAQAAAAAYGALpO3rgfFIAQ1JQkFFGY+D8NQwAAAAAgIHMaDQoKCgwIsfA+JQAhixTEKEqAAAAAAADSaB8VydYBTBoGQxitioAAAAAAAOM0WiQIQBWmCZYBTBomUz8CgMAAAAAYCAymvxdgfeRSgAYtAz8BgMAAAAAYEAKhDtMiSUADFqBcFsBAAAAAACDUSB8ZydYBTBoGQPglzQAAAAAAINRIHxnJ1gFMGjRCgAAAAAAgIEpAHJVglUAAAAAAAAA/YxgFQAAAAAAAADwTUH+LsBWXKYXMrNlKymXJKUkxuuuxfOUkpTg58oAAAAAAAAAoGt+n7G6+kSompwYr+TEeNlKyvVCZra/ywIAAAAAAACAbvl0xqqtuEwbt+ySw9GsYbGRWnTjLBWdCFUfWb5EkvTvK1+SraRcjY5mZW3Ypsoqu6zWEC2YM41ZrAAAAAAAAAAGBJ8Fq7biMq1YtU6Opub2DQXSgUM2SVJcTKRnXFxMpIpKyvXYypdUWW33bD9wyKYH7/sO4SoAAAAAAAAAv/NZsLpxc44cTc26c/E8TcxI0wtr39bevALFxkRqwdzpnnEL5k7X0ZJyVVbbNSE9VXfd9i19su+Q1mRma+PmHC1butBXJQNArx2v/1IHKt9XQfUu1TQVq76lUg2tVf4ua9AKCx6mcPMwRVsSlRY7TWOGzdTwsLH+LgsAAAAAAA+fBauNjvaZqhMz0hRqDTklILUVl8lqtSglKUFPPnR3p30TM9K05qRzAMBA4JZb+8u3autXT6ukbr+/yxlSGlor1dBaqdKGfB2o3K43D/6HEiMu1LWjH9C4uGtkkMHfJQIAAAAAApzPgtVhsVFSYZFeyMzWsrtu9Gz/ZosAqyVEE8enadGNsxRqDZEkvbD27a/P0Q8cTS16+vnXlD72PM2fM+2U/cfLqvTUs+t0201Xa9JFY3o818ef5evPL27SD783/7RjAQwdNU3FevnzZSqyf+bvUgJGSd1+vfjpPUqOvEh3jH9G0ZYkf5cEAAAAAAhgRl9daPHCWYqNidTefYc6bbdaLZLc7a8tZklu5eTm6alVWZ4Zqh0tAxYvnNWvNe3anaeKKnunbW639P6Hn6vW3tCrc4wfN1q/+/W9Gj9u9GnHOppa9Ns/rtVzL79xRvUCGBjyK9/X7z+8nlDVT4rsn+mPuTfpy4rt/i4FAAAAABDAvB6s2orL9NjKl3T/Q39SVbVdsScWqrIVl6miyq642Eg9eN8iWS1mOZpatGDudE2bnC5bSblWvbBBkhQbE6mqarvuf+hPemzlS7IVl/VLbeWVtdq1O6/TttLyKn2454ten8McHKSYqHCZg302+ReAn7jl1vYjf9HqvXfJ0WY//QHwmvqWCq359AfacfR5f5cCAAAAAAhQXk8DM9dvk62kXMmJ8Yo7aaGqFauy5Ghq0Z2L52nGlHQ9eN8iPfafL2tnbp4eWb5EBwpsOlBgkyT9+K4btXFzjiqq7bKVlOuFzGz9evmSs65t4vjz9dEnX2ra5HTFxbYHvjtz9yk6Mlxul9szrrS8Wn/b9J6+yD+i1rY2jRpxru694wbFxkSq8Mgx/fmlTfrhkvmKiY7Qb//wiqZPydAnnx9USWmFEuJi9IPvXieXy63fP/eqHE0tKpCUu/eAp33A/vwjWvv631VaXqWEuBjd/u1rdOGYkZ5zX35phnbm5qm6xt7p2k3NLcr+e67e//Az2esaFRkeqjtuvVYTMtJUXVvfbS3npQyXJB22HdfLf3tHtpIyBQcFadqUdN1yw0xJ0qtv7NCu3Dy5XG7NuDRDt8yfKUuI+ax/5sBgtq9ss7IP/U5uuU8/GF7nlktvHfythoeN1ZhhM/1dDgAAAAAgwHh9xmp+YZGSE+P1yPIlWrZ0oVKSEtToaJajqUWStCYzWztz83S0pFySFHdiRmvHc0WVXSlJCVq2dKEeWb5EyYnxsp0Ye7YmZqQpOjLMM2u1rKJGn3x+SFdfPlFBQSbPuIbGJp2Xco4effBOPf6LpTIZjXrtzffl7iZb+eDjPP3TLbP1+C+WKizUorfe/UhJ58bpVw/8k85LGa6L01M97QNsJeX66ytv6aILR+u3v7pb82ZN0ct/e0dlFTWSpKamZuUdOKx//v5N+rf7vyt7XYO25eyVJLlcbrU5nfrJD76t3/36Xl0x9SJlbdimqpq6HmtxOl06XlalP61er/hh0frNv/5A/3r/d2W1mNXW5tKrm3Yo78uv9NN7b9GjD35PJccr9ObWD/rlZw4MVsfqvlRm3k8JVQcYt9z6n89/zOJhAAAAAACf80mP1W+u3dyxKFV7T9X2cHVNZrYkaWxaihodzbKVlMtqMXtmknqD2RykOVdN0UeffKmKKrve//AzJQ6P05jUlE7jRo88VzdcO03xw6J0TnyMxo0Zqcpqu5qaW7o87/XXTlPaqCSdEx+jjAtGyV7XIJfLrciIMJlMxk7tAz7/olBRkeG67prLFBsTqUsvGaeEuGgdth2XJAUHB+mm665Q8rlxOi9luEaNOFeVJ/rChlpDdMsNMzUy+RzFRIXrogtHy+lyq6a2vsdaWlrbtOfzg7KEmHXbTVcrfliUks+N083Xz5TT6VTega86Hfetay5TwVclngXGgECUmfdTtbn4b2AganbWa93+n/m7DAAAAABAgPF6K4COGaaPrXxJw2KjtGDONKUkJZwIVQ1adONV+uTzQxoWG6URSfGaPiVDlVW1cjQ1y2oJka24TClJCZKkFc9kqehEW4H+MjY1RcNiIrUhe6e+OnpM3/vOHJlMnfPmktJKZa3fpqPFZapvcEiSUs9L7PacHYFxb5SWV8tWXKYHHn6m0/a0UUmKi42SyWTqtn9rU3OLNmTv1J7PDqq6tl5ut/uUa3dXS2l5tcLDrDKbgzttr61rkKOpRS9mbdaLWZs922OjI9TU3CqrJaTXnw0YKj4t3aTjDQf8XQZ6cKz+S+WVb1F6/Bx/lwIAAAAACBBeD1aXLp6n1ZnZspWUtz+Ky/Tbh+7W7JmTtGnLLtlKyvXgskWSpEZHsyqrapWSlKA7F8/TmsxsrVi1Tg/e9x2lJCWootqu5MR4LV08r9/qM5uDNG/WFP1x9eu6ZPz5Gj0yUfb6Rs9+p9Ol197YoboGhx6452ZFRoRp646PVXC4pF+uf058jEYkJegH371OlpNCS0uIWcdKK3s8dven+dr50T4tXni1xo0ZKVtxmf7n1Xd6fd2CwyVqaWntFL5GRYTJajHrxnkzNCEjzbPdaDQoIiy0j58OGPxcbqfePrTC32WgF94p/L3GxV0jo8F0+sEAAAAAAJwlr7cCSElK0CPLl+jpJ36sYTGRqqxuv4199sxJSk6MV05unn75xPN6atU6/fKJ5z0LWM2Ykq47F8+To6lZK1atk624TE8+dLceWb7EM4O1v6SNTtKPvrdAN113xSmzVY1GoywhZgUHmWQJMauyqlZ7Pss/o+tYLWYlDY9TZbVdtXUNkqTx40arrsGh3L0H5Ha51NbmVO7eLz0zY3s8X4hZBoNBEeGhamtzKic3r9v2BN80ftxoOZqa9frb/1B5Za2KjlXo9bf+oaCgIKWPHaX3cj5V9YleraVlVfosr1AGwzebOgBD31c1uapuKvJ3Gf3sh1p2VaGevPwFTerN8JRX9Og1hVo+rrsBd+memYV6curv+q/EM3Cs/kt9VZPr1xoAAAAAAIHDJz1WJSlz/TZVVts1IT1VUnt/0AfvW6Rpk9NVWW3XgQKbpPZb2TsWtOoqXPWGIJNJGReMUmx0xCn7DAbp5uuvkCQ9/ORqZW3YrrFpI874WtfPvkyS9OC//1mbtuxSSmK87lw0V7l7D+iXv3lej65YI1txuYKDTz/j6uKMVE2fkqFVL2zQE//1P4qPi+o067UnKYnx+v7t16ngcIl+9R//rSf/uFYtra0ymQy6Zf5MpY1O0spn1+kXj/9FL7/6jkJCgk9/UmAIKqwemAu3xaQ8rpuSks7s2LE3aIRJUshUTR3Zv3X520D99wIAAAAADD0Gt7u7te3714pnspRfWKSnn/ixZ/GqrtiKy7RiVZYcTS26c/E8zZiSrp25eVqTmS2rJcTTFgDA2TtyuEQGg6FPD0ndvu94ffJzT6972tYb1lCvdzPRi5/eo/0VW71+nb6accleXaun9eieF/p45GW6bfpapbc8qw+NS3W5cZP+8sHPVdjTISmv6NExU1VXMlorv+hqwF26Z+bDSm15Vb/44Od9rKd/XRg3W9+7+Dm/1gAAAAAAaOdobPN3CV7l/VTihI4w9ZN9hzRjSrqeWb1ee/MKNCwmUsvuutETlqYkJejB+xZpxaosrcnMliTNmJIuSaf0XAUAbxtybQBG/lzp1nIVfrVCm3ShLr7wSl11rlR47OshMUlPa2nqfCUES3IWqaDK3vkcltt124Sfa0JYpKRmVVW/pyZffoYe1LWU+7sEAAAAAECA8FkrgAVzp3tu8797+UrtzStQ7Imeqxs353Qa2xGudtcW4JkXNviqbAABrq6lwt8leMQkPaTb0p/WbelPa6w5REHmmZ7383vVFiBJN50zUcF1W/T6MUnH/qwCR7xGJ/3w6yGWh7Tk/PmKcX2gD778iV45+J6Coy+U9aRzzL/oYU2wNKug6CG9su9x5RunKnGAdAsZSP9eAAAAAIChzWfBakdYOiE9VWNGJ2va5HQ9snyJJHkWtJKk1Wuz9djKl04JV7fu2KMZU9KVnBjfaTwAeIvT1abG1mp/l9F/on+uMRHNOlr6sNo/1YfKLv1EirpBN1lOjBl1pRJNdh09crteL35DnxY/rGeKP1Gr5yT3a0xEiBz2P+u5A6/o09JX9Pru/9VRpx8+TxfszaVyulpPPxAAAAAAgLPks1YAUnu4umzpwk7bkhPjZSsp12MrX5Ik2UrKFRsT6Rnf0RYga8M2bd3xsSqr7UpOjPdl2QAClMkYpNDgGNUPkFmQ1cVPaG1x++sZl+zVCO3Q2rze91iddN5UxSpEsWmFejKt8770C27W63tfO/GuXNW2k3a2NOubXXHqHCdft0Ktrl6X4VWhwdEyGQfI9FkAAAAAwJDm02C1K0sXz9PqzGzZStr74iUnxmvp4nme/R3haub6bcovLNKY0clavHCWv8oFEGAizHEDJlg9K5bHdfmweFWVP6Ts0s6z/i3nPqxvR9+uq/SatkuS4hWTIqkjXDWHnPI/iwjrXZI6wtU4Bfvs/oeeRZjj/F0CAAAAACBA+D1YTUlK8LQE6GnMg8sW+agiAPhahDlex/Slv8s4xf7yTUpwben1+NGpVypR+/VB/iv69JsrTTVfq6smzdfFY5O0/av3VHLOUqWOek03uV5QoS7T5UkT9fUc0KeVXzdfl8fcr2Vjm/WPGml0ync1wtRPH+wsRZi5owEAAAAA4BsDZI4RAAxMiREX+ruELlXbHtbrxcW9HH2zropJluo+0fZvhqqSVPM7FTZIifFPaFLTE3rp4CaVaaKmXvAH3X7BHKlmvxyewcXa9Nnj2tsgjUh+QrdnPKF0faCSAdLWdETURH+XAAAAAAAIEAa32+32dxEA/OPI4RIZDIY+PSR1+77j9cnPPb3uaVtvWEO9P+m+pG6/nv7oBq9fB/1j+bR3lBCa6u8yAAAAAACSHI3fXLFjaGHGKgD0IDHiQo2KvtTfZaAXRkVfSqgKAAAAAPAZglUAOI1rRz/g7xLQC/w7AQAAAAB8iWAVAE4jNWYqs1YHuDGxVyg1Zqq/ywAAAAAABBCCVQDohW9f8BtZTBH+LgNdsJgitGDMI/4uAwAAAAAQYAhWAaAXEsJStTjjv2TQmS20Be8wyKDbMp5WfNhof5cCAAAAAAgwBKsA0Evj4q7W3NSf+bsMnGRu6s90QdxV/i4DAAAAABCACFYBoA9mnfcjLbnoLwo2WvxdSkALNlq05KK/aNZ5P/J3KQAAAACAAEWwCgB9lB5/re6b/KqGh1/g71IC0vDwC3Tf5FeVHn+tv0sBAAAAAAQwg9vtdvu7CAD+ceRwiQwGQ58ekrp93/H65OeeXve0rTesoUFndFx/ccul3SV/U3bBStW3VPi1lkAQbo7T3NTlmpJ4qwz8XRAAAAAABjxHY5u/S/AqglUggBGs9p+C6l06VJWjI7V7VNdcpvrWKjW2Vvu7rEErNDhG4cGxirQM18ioS3R+7AyNir7U32UBAAAAAPqAYBXAkEWwCgAAAAAAvGWoB6vcSwkAAAAAAAAAfUSwCgAAAAAAAAB9RLAKAAAAAAAAAH3klwaFjY5mbdqSo50f5cnR1Nzr44bFRGr2zEmaPfMSL1YHAAAAAAAAAD3zS7D6zOr1yi8sktVi1pjRyb0+Lr+wSFkbtslqDdGMKelerBAAAAAAAAAAuufzYNVWXKb8wiIlJ8brwfsWKdQa0qdjH/vPl7Vpcw7BKgAAAAAAAAC/8XmPVavVojGjk7Vg7vQ+haqSlJKUoDGjk1VZbfdSdQAAAAAAAABwej6fsRoXG6kHly3y9WUBAAAAAAAAoN/4PFitqLJr775DnRatmpCeqpSkBJ/V4Ghq0dPPv6aCwyWebQaDdE58rG676WpdOGakz2oBAAAAAAAAMPj4LFhtdDRr05Ycbd2x55R9GzfnKCUxXotunKWxaSm+Kklzrpqs2TMnSZLcLpfe/ccnWr32bf3Lvbcqcfgwn9UBAAAAAAAAYHDxSbDa6GjWU6uyZCspV2xMpK6deYlSEttnqFZU25Xz0T7lFxbpqWfX6c7F83pcmCrUGiKrxdwvdVlCzIqJCve8v+Ky8frw4y9UVlFNsAoAAAAAAACgWz4JVp9ZvV62knJNm5yuxQtndVq0aqykGVPStTM3T2sys7UmM1sjEuO7bQ2wbOlCr9Tocrn16f4CWa0hGnHi2s+9/IYk6Z47bpAkffxZvl7M2qwH7rlFkvT7516Vo6nFcw6rxawH7rlF1bV1+vOLmzqdPzY6Qr/8ye2dglwAAAAAAAAAg5PXg9WduXnKLyzSmNHJWnrbvG7HdcxSXZOZrawN2/Wz+77j7dK0cXOONm7O8byPjAjVfXfeqNiYyNMeOyI5QY//YqlcbrdaWlq1eu3bMplMGp4Qq+TEeP3u1/dKkux1DXp2zUaNSU1WRLjVa58FAAAAAAAAgO94PVjd+/lBSdKCudMltS9etSYzu9OYaVPSNePEY+uOj3WgwKaKKrviYk8NOG3FZWp0NPdLL9aueqyuWrNBD9xzi1IS43s8NshkUlRkmNxu6c2tu9TQ2KT7777ZMxvXHBWuNqdTr7/1vmJjIrV44dUKMpnOumYAAAAAAAAA/mf09gX25hUoNibSE4Q6HE06UGDr9LAVl3nGT8xIkyTZSsq6PF/m+m166tl1/VJbR4/VmKhwxcZE6rprLlNUZLjyC2y9Pkfu3i+1feenumvxPMUPi/Jsd7ul7L9/pMIjx3TX4nmd2h8AAAAAAAAAGNx80mM17qRb61OSEvT8yuXdju3orWorLvOErB1sxWXKLyzq1a36Z6PR0dzldqfT1el9weESrX3977p+9lSlnpfYaV/u3i+1Zftu3f1PN3QKXAEAAAAAAAAMfj4JVh1NXweVPbUCkOSZvTostj2M3LrjY1mtFu3KzdOBEzNJO9oKnK2m5hZV19ZLam8F8I+P9qmq2q4LTsyuHRYbqc/2F6q8skZmc7C279zrOba8slZ/feVtjRoxXBMyUj3nCQu1yFZcplf+711NnXShks+NU3VtvYwGg8LCLLQDAAAAAAAAAIYArweryYnxspWUe3qmdrQCOFlsTOQpweqIEz1OszZs7zRu8cJZp8xkPVNbtu/Wlu27Pe+jI8O15NY5ShuVLEmaNX2C8guK9Kv/+KsiwkI1/dJ0VVTbJUlHi0tVXlmj8soa/etv/ttzjh9+b75KjleqobFJ23bu1bYTYazVYtYD99yi0SPP7ZfaAQAAAAAAAPiPwe12u715ga07PlbWhu265opLtHjhrB7H2orL9Nh/vqzYmEg9+dDdkqQDh2xanZmtqmq75s+Z1m+zVQFIRw6XyGAw9Okhqdv3Ha9Pfu7pdU/besMa6pNJ9wAAAAAA4Aw4Gtv8XYJXeX3xqulTMhQbE6l339+jnbl53Y6rqLLrmRc2SFKnAHZsWooeWb5Ei268SrNnTvJ2uQAAAAAAAABwWl4PVkOtIZ6g9N0dHyu/oMhzu7/UvlDU1h179NjKl1RZbde0yemn3Oofag3R7JmTFGoN8Xa5AAAAAAAAAHBaPrmPttHRvniVraRcK1ZldTuOW/0BAAAAAAAADAY+CVbjYiIVGxOpuJhIjU1Lka24zBO2Su23+0+fkqG42EhflAMAAAAAAAAAZ8Xri1cBGLhYvAoAAAAAAHjLUF+8ilQCwKBVWl7j7xIAAAAAAEA3IsPC/V2CV3l98SoAAAAAAAAAGGoIVgEAAAAAAACgjwhWAQAAAAAAAKCPCFYBAAAAAAAAoI8IVgEAAAAAAACgjwhWAQAAAAAAAKCPCFaBAOV2u/1dAgAAAAAAwKBFsAoEKKfT5e8SAAAAAAAABi2CVSBAOZ1Of5cAAAAAAAAwaBGsAgHqTGesGgyGfq4EAAAAAABg8CFYBQKUs40ZqwAAAAAAAGeKYBUIULQCAAAAAAAAOHMEq0CAYvEqAAAAAACAM0ewCgSo5uYWf5cAAAAAAAAwaBGsAgGorc2plpZWf5cBAAAAAAAwaBGsAgGooaGxx/0Gg6HfrtWf5wIAAAAAABgoCFaBANTY2HRWxxOWAgAAAACAQEewCgQYt9utpqbmTts6glJvB6YEsgAAAAAAYKggWAUCTHezVb8ZrvY2BCUsBQAAAAAAgYhgFQgwjQ2OPo0nOAUAAAAAADgVwSoQQJqamlXf0CiDDDIYvn4AAAAAAACgbwhWgQBSU23v03hCVwAAAAAAgK4RrAIBwuFoUqOj6/6qp9NVwNpT6NqXQJbwFgAAAAAADEYEq0CAqCivPqvj+ytIBQAAAAAAGAoIVoEAUF/fqNbWVq9fh4AVAAAAAAAECoJVIABUVpzdbFUAAAAAAAB0RrAKDHEVFdVqa2vzdxkAAAAAAABDCsEqMITV1tSpprq2y30dt+1399zTMQAAAAAAAIGOYBUYohrqG1VeXimDwdAeiJ54Nshw2lC1t+EqQSsAAAAAAAhUBKvAENTkaNaxY2VndQ5PIHuW5wAAAAAAABiKCFaBIaa1tU1Fxcfkdrv75XyEowAAAAAAAKcK8ncBAPpPY6NDxcXH5Xa5+zUQ/ea5zuTcBLQAAAAAAGAoIVgFhoiaGrtKj5d7buE/+aFv3Nbfl56qp9Of5wIAAAAAABgsCFaBQc7tduv48XLV1thPG2qebuGqnvqqeiMwJYQFAAAAAACDFcEqMIg5nU7Zjpaoqam532/97+p8Xc16BQAAAAAACEQEq8Ag5Ha7VVNtV3lFpZxtzi5nnfY0+xQAAAAAAABnh2AVGETcbrdqauwqL6tUW1tb7wLUjjHqOnTt6diuzs3CVQAAAAAAAASrwKBhr63T8ePlam1t7ffA80z7q/YUzhKmAgAAAACAoYxgFRjAmptbZLfXqabGruYu+qh+Mww9ZUbqGbQD6E1/1Z6OBQAAAAAACAQEq8AA4na71dDQKHttnez2erW2tkrSKbfu93W2aldtAE7XQuBM9/UWISwAAAAAABjMCFYBH3O5XGppaVVra6taW9vU0tKi1tY2tba2qrHRIZfTJanr2+y7mp36zfd9XbSqp2P6o90AAAAAAADAUPT/fq6j6925Cb4AAAAASUVORK5CYII=" height="600" width="800" />]]>
  </system-out>
  <testcase name="VerifyQuickLaunchItems_003" time="9.326" classname="testcases.QuickLaunch"/>
  <system-out>
    <![CDATA[<img src="data:image/png;base64,iVBORw0KGgoAAAANSUhEUgAABVYAAAJcCAYAAAASBf/6AAAAAXNSR0IArs4c6QAAIABJREFUeJzsvXmcI1d57v89VVpa6r17unv2xeMZjz023jCbbcBgboKTmCXBgCEXchMCTnAcIL5ZuL/4kuXCjVlNgiEJJCGG/GICARMMwTgEL/GC8die8TIznrFn6Zme3le1tqpz/6iSWktVSafU6m5J9X4YXqt06tVbz1PPOa/OOV0SUkpJYIEFtnKWmoW5U8i5YeTcMMyesv0JzOGfIlKzSAlCUOQ1DcfjApCAQCCRnh5ACIGUsrIvOb/wk8q8Y2IVvFe8UqvUvNBXYfnmKmmrpFF0vj+8PX3BebXhrMqjGs6q/C0P3tXyqIbzqumlKgT84b229FIHnayaXvzhrMqfMs6+ePSH89rUiz+cW0YvDue3tF5U+Av04pu/ltCLn566mfWSPy/Qi7JefPVLTayXigDUhndggRWa/qWTzCcWmZyeJZ3OAhCJhOjr6aIjHkMEE6uBBbaGzMwgjz+APHw35uG7YeYEboOHoPi1ymCnCc1HsVLLIK02+FdlNRUty1RkVVEELGdx6OxrKWrV+KtHkVh8fi1FrRqPy1kcuupF8TZV5dE/zqr81f9LST2+TK2WXuqiE0ce66+XenyZWha9+OmmfeNcwZfZKuhFRSetoBfHOIFeAr3Ua1xpIb2oZezJY1PoxQfcgV5ycdX7pTWhl8Ba1hY/fZjhM+OO720aWhdMrAYW2Jq28WcxD9+N8fQ3EGNPOw4ymsiNDWpFiKZpSoPjsg3mVRVnJbbMg+NKFL9L59ejGFk6byW+LC55NZxV+VsevKvlcTmL9jrqpSoE/OG9tvRSjy+5q6UXfzir8qeMsy8e6/Eld7X04g/nltGLw/ktrRcV/gK9+OavJfTip6duZr3kzwv0oqwXX/1SE+ulIgC14R1YYIV28o9/RjKVdnyvLRoJJlYDC6wxTCKf/TbGfX8KE4cdBw9rslR9sINqB9FaBmm1wb9KSGooWpapyKqiCGiGHXjKtY6KFZ1fS1GrxuOa2yHhg0f/OKvyV/8vJcGOVT881l8vTbGjqBX0oqKTVtCLY5xAL4Fe6jWutJBe1DL25LEp9OID7kAvubjq/dKa0EtgLWtH//BhTNP5htE0gbbC+QQWWGC+TCDOfQuh9z2Kds1tyI719hhqiTs3mJmmBFmhCCnxAKZpOg+OJe3ynhJf+n6hFy7eqb3b6CYdvNfgWOrLwi1TvlXgUYa7VzFS6qvgsRacq+KxIF5FnN2KE6/2RTVhffJ2iquKsyp/yvm65e3R3uMG98R51fTigUfVeLu1W0N68YtzAeDuvlQvbnn4yNvJ+8W57nrx0U/7xbkh9KIyrrjx6MZLI+rFcc5BUS8q/XSgl8r8NapeFPhzzdsD54bTi0q+FfBoCr2439jV4+3VvjSsj37JK+9V1csyf99ywqNmvQQWWIG5Tarm3gsmVgMLrJFMC6Fd9GuEb3gS7bV/ArFeAGuQQ+Y9UmA6DXLCwduDZNnkakm73OcACEp86fuFXrp4p/Z2vDITDt6lGHRsXxZumfKtAg83vMu8Ez9uRYoTLz5wrorHgngVcXbB27N9Qdx65e0UVxVnVf6U83XL26O9xw3uifOq6cUDj6rxdmu3hvTiF+cCwN19qV7c8vCRt5P3i3Pd9eKjn/aLc0PoRWVccePRjZdG1ItDXGW9qPTTgV4q89eoelHgzzVvD5wbTi8q+VbAoyn04n5jV4+3V/vSsD76Ja+8V1Uvy/x9ywmPmvUSWGAKFjwKILDAGtnmR8h+812Yw4+iuQ1mCBD2a6+VxwIPlMVxrb4QICUIRe8Vr9QqNS9diaxg+eYqaaukUXR+lbh78Oe48mufVxvOqjyq4azK3/LgXS2Pajir8rdseqkKAX94ry291EEnq6YXfzir8qeMsy8e/eG8NvXiD+eW0YvD+S2tFxX+Ar345q8l9OKnp25mveTPC/SirBdf/dLy68XUQtC3DbO9H9HejxmOQiiKjPUgNB1Sc2hmFswMYnEOkUmgzY+BkV5evVQEoDa8W8KkCWYWaRpgGGBkwcgiUwvWfweWt+d//yHP94OJ1cACa3Qz0hjffT/GM/+CsAcTt+JEE9UXK1A6uNYySKsN/lVZTUXLMhVZVRQBy1kcOvuV+FKiWOuoWNH5tRS1ajwu55cpZ6+Isw8e/eOsyl/9v5TU48vUaumlLjpx5LH+eqnH5MOy6MVPN+0b5wq+zFZBLyo6aQW9OMYJ9BLopV7jSgvpRS1jTx6bQi8+4G5UvZjhOHLgLGTPJsy+7aCHFPUhCc2PwsIE2twoIrOo3C+tCb20kmVTyFQCmUpAOrna2ay6BROrgQXWImY+chvZ//hjhDSRSOcdrDI3aVpdMWn9zzp/2QbzqoqzElvmwXElit+l8+tQvBectxJfFpe8Gs6q/C0P3tXyuJxFe/n5K1H8Npde6vEld7X04g9nVf6UcfbFYz2+5K6WXvzh3DJ6cTi/pfWiwl+gF9/8tYRe/PTUzayX/HmBXpT14qtfqk0vRDswtl6K3LAXqWlqvHnwp80MExo/jMgm6zCuLJNeAlsyI4Ocm0Qm51c7k1WzYGI1sMBayOSxn5D51n9HLE7lBzNcBrlqHw8AuUG2lkFabfCv7mKrTcDp5GUqsqooApphB55yraNiRefXUtSq8bjmdkj44NE/zqr81f9LSbBj1Q+P9ddLU+woagW9qOikFfTiGCfQS6CXeo0rLaQXtYw9eWwKvfiAu1H0Yuoh5JZLMTZfhNDDCjqolj8rHW3iBUITR8DINIZeWt2yKWuCNZVY7UxW3IKJ1cACazWbOU7mX94BZw4UDWKaSxGiaZWLGwQs22BeVXFWYss8OK5E8bt0fh2K94LzVuLL4pJXw1mVv+XBu1oel7NoLz9/JYrf5tJLPb7krpZe/OGsyp8yzr54rMeX3NXSiz+cW0YvDue3tF5U+Av04pu/ltCLn566mfWSPy/Qi7JefPVL6nrJDuzC3PEqiHW48jKTynA6G2JGbyMjQqRFmKloPwKNntQUYZkhLDP0GIus19P0tkXc9ZJNE5o4gj75ggJw1QBQG96BuZtMziFnxmxttIYFE6uBBdaCJk88ROZrv4Aws2WDIQ7FiuvkapHHblf/Yqu6i6w2AaeTl6nIqqLYaoYdeMrfDVSs6Pxailo1HtfcDgkfPPrHWZW/+n8pCXas+uGx/nppih1FraAXFZ20gl4c4wR6CfRSr3GlhfSilrEnj02hFx9wr3W9ZLa/HLn5IsdnqM6ksxzPtDEcWcdCuAMhrJD5S5MghGbHKzhuCtozc2xKj7IltEhPNOyYlj5zktDp/WtbL4HlTWZSyOmRlvmRq2BiNbDAWtTMfV8hc/dNxT9YZRcZuBQfUHnF1xowaxjMqyrOSmyZB8eVKH6Xzq9D8V5w3kp8WVzyajir8rc8eFfL43IW7e56qWfx21x6qceX3NXSiz+cVflTxtkXj/X4krtaevGHc8voxeH8ltaLCn+BXnzz1xJ68dNTN7Ne8ucFelHWi69+qco09DDZXa9DDp4NQhThuJDOsN/sYji2uSgfIYovQEjIT6wKO7IEEEgbJykl2xaOsieUIB7WyxLWEpOETj6OMLOVM68IQG14B1bZpGnA9BlkenG1U6m7BROrgQXWwmb84ENkf/a3xZOrBd7p8QDgseJrj1VWvPoVW1VZTUXLMhVZVRRbzbADT/m7gYoVnV9LUavG45rbIeGDR/84q/JX/y8lwY5VPzzWXy9NsaOoFfSiopNW0ItjnEAvgV7qNa60kF7UMvbksSn04gPutagXGeshu/sq6NlkH7VwzpgmB5MRDnfs9LwgCzeJmTUAgaZphEIhkNZxEEgh8rznpp92LTzPOdEUEV0vSk9LzRI6+ThadnHt6SUwB5PIuQnkwsxqJ1JXCyZWAwuslc3MkLnjFzFP/BfCHj1Kiw7NoQjBoYgpHYWKdq76qtq9RrkSW+bBcSWK36Xz61C8F5y3El8Wl7wazqr8LQ/e1fK4nEV7Zb0sV/HbvHqpx5fc1dKLP5xV+VPG2ReP9fiSu1p68Ydzy+jF4fyW1osKf4FefPPXEnrx01M3s17y5wV6UdaLr36pwsfrYTLn/yKiZFJ1Np1ln9jATLQfUxRflvVCQ0pJNpthamqK0dEx5ufm0AX0dHfT29tDR3snsVgMoWtIoeUhL7Se1AQXG8N0t4WLcBbJOcLHH/HeuVoRgNrwDkzNzPlJmJ9a7TTqZsHEamCBtbolxkl/+dXI2RMIBIjyYsV1crXoePEgjRDV1Qw+Bv+qrKaiZZmKrCqKrWbYgaf83UDFis6vpahV43HN7ZDwwaN/nFX5q/+XkmDHqh8e66+XpthR1Ap6UdFJK+jFMU6gl0Av9RpXWkgvahl78tgUevEB91rTi3HO6zDWn4uw4+cmVR+M7CKjR5Ei97m5DARISC6mOH36NCMjIxw7fpzTIyMsJhaIx9rYsW0rbdEoHe1xtm7bwtCGjUTaYnZ8kf8cK7QknE1zeeoQPdFQUZqhhTPoJx5fW3oJzNUkEjl9BpILq51KXSyYWA0ssMCQxx8g84/XFBUbpT9YVTa5iqBwEtZpNBK5wdZX1e41ypVeQIXmioPjShS/S+fXoXgvOG8lviwueTWcVflbHryr5XE5i/by8+tR/Da3XurxJXe19OIPZ1X+lHH2xWM9vuSull784dwyenE4v6X1osJfoBff/LWEXvz01M2sl/x5gV6U9eKrX3L/+Mymi+Dsy220rOMnkpLHO/YAtnYQIDXrtX1tkxMT7Pvp4xw9cpS5+QWyRhZDmkgNero66Yy3YWbTREMaQ0MD9PQP0D80xIYNmwhHY0iseAiTwue0XjL7DJvb9KJM9fHnCY0f9slfbXgH5sOkiTkxDNn0amey7BZMrAYWWGAAZO64BvPYA1BQbJROpnrvXHUepBEVdq76GPyrspqKlmUqsqootpphB57ydwMVKzq/lqJWjcc1t0PCB4/+cVblr/5fSoIdq354rL9emmJHUSvoRUUnraAXxziBXgK91GtcaSG9qGXsyWNT6MUH3GtFL2bvZozzfwk0LR9nJmPw49j5CFH6mcL6YSopGRk5zX0/uY+Tx09iZLOkM1mkgKxhoIXDRMIRzHSK7s52NqzrJ6TDQiqFCIfpHxjgkpe+jN6+dVZcIQGz6ApfM3+gbOdq5NTPELOja0MvgVU2I4M5cRJMs3LbBrJKE6vaCuURWGCBrbKFXv1HSHuUyRUvpllcfJiFxY7dDml7WPIseSll+fuFXrh4p/Zuo5t08F6DY6kvC7dM+TrgUfq+oBhPz+K91HsVk4iacfbK2yluRZzdihOv9kU1YX3ydoqrirMqf8r5uuXt0d7jBvfEedX04oFH1Xi7tVtDevGLcwHg7r5UL255+MjbyfvFue568dFP+8W5IfSiMq648ejGSyPqxXHOQVEvKv10oJfK/DWqXhT4c83bA+eG04tKvhXwaAq9uN/Y1ePt1b40rI9+yam9qYfI7nodUtPy15E2TR6MnoMQWsE/HSE0NCHQBIycPsV9//ljRkdHaItFMYwsbbEI/f29tHfEaYtGSCymmEukSCxmyEqNdMZkYSHB+NgY+598igfvf4Cx0VGwORJCR6AjCCFEiIfie0gbRlG+mYFzq+evAI+a9RKYP9PDiK51q53FilswsRpYYC1iYusV6Ge/wRqMhF2siPLJVWswWnpf5kcjEPYSpqDY5z9DiHIvXbxT+5J4S4EdvEsx6Ni+LJzL56vm64JH4fuFOHquqJe2cysuS9rVgrNX3k5xK+Lsgrdn+4K49crbKa4qzqr8KefrlrdHe48b3BPnVdOLBx5V4+3Wbg3pxS/OBYC7+1K9uOXhI28n7xfnuuvFRz/tF+eG0IvKuOLGoxsvjagXh7jKelHppwO9VOavUfWiwJ9r3h44N5xeVPKtgEdT6MX9xq4eb6/2pWF99EtO7c3150OsowiP/5LryehtCDSw/1nvW8mmkgkO7H+KYy+8yI5tW5ibmSUcidLd3UNbWwxN06wdrOk0WcNkfiHByJkzpLIZQqEw4VCYjo4OUskkB558iomxcTShodmTt0IIBIKsHuMhsaEoXyJxsuvOVr7vatZLYP6trQMRiqx2FitqwcRqYIG1kIWu+hhLK7hLRYjj5GrufdtLWb5CW8vODsf2uCwdOq0wuhSDju3Lwi1TvlXgUe+dErXgrLpyXxFnF7w92xfErVfeFXdKVIFz3XdIuOXt0d7jBvfEedX04oFH1Xi7tVtDevGLcwHg7r5UL255+MjbyTfFjiLpAniVODeEXlTGFTce3XhpRL04xFXWi0o/HeilMn+NqhcF/lzz9sC54fSikm8FPJpCL+43dvV4e7UvDeujXyptJ/UwxuYL8/gCPJcUzLQNIBAIEUKgkZtg1RCkkkmOHn2eM6On6e3uYm5mGiFgcTHNqVOjvPDCcSbHZ1hYWLQ4C4EhMxhkkUKi6xo6Apk1GD8zyr7H93H/ffcxemYUKzVrAje3U3Y2NsihlFaUt9G7HVMLVeavAI+a9RKYbxMI6Oxb7TRW1IKJ1cACayETQxcgdv9CfiWXgmKkbHKV8hXf3NKe444AWbJin/Oy+hVUpZVfl2LQsX1ZOO8Vzpp3HHityLsVg6Xt3IpLB1784qy6cl8RZxe8PdsXxK1X3hV3SlSBc913SLjl7dHe4wb3xHnV9OLVf1SLt1u7NaQXvzgXAO7uS/XiloePvJ18U+woEi6AV4lzQ+hFZVxx49GNl0bUi0NcZb2o9NOBXirz16h6UeDPNW8PnBtOLyr5VsCjKfTifmNXj7dX+9KwPvql0nbGhgvQ2jrz+adNk6Px7WgChCbQhYEuDIQQmELDzCZ54rFHeOHgIRLTk3R1xjENQSZtML8wz8z8AjOLaZJZk2TKJJFNI8OS9s44GdPk1OgkJ0+Nc2p4nLFTZzhz+jRj45P8dN9T7D/wNOlkyspPEyCE9d9C44WOnWRMuZS/Hsbs216ZvwI8atZLYDWZiLZDJLbaaayYBROrgQXWYqbv/RVrEhV7JbegGCmaXMV65mrZSjwFK4UUHzfth1SvyMqvSzHo2L4snPcKZ807DrxW5N2KwdJ2bsVlSbtacFZdua+Iswvenu0L4tYr74o7JarAue47JNzy9mjvcYN74rxqevHAo2q83dqtIb34xbkAcHdfqhe3PHzk7eSbYkeRdAG8SpwbQi8q44obj268NKJeHOIq60Wlnw70Upm/RtWLAn+ueXvg3HB6Ucm3Ah5NoRf3G7t6vL3al4b10S8VtjO1EOaWi4tweCEdIhuKI0QIhAbC+j0rqYGuCWYmxzl17Chkkwx0dzIxOkI6k2E+mWUhK0hrOllgMZ0hmU6iZTXCSZPs3Ax6KknUzNIRFqzrCDHUEWFrXwcbu9sJZU1Ghs+wuJi0vosKgdDsRwIIQSYU48VspCj/bO+2yvwV4FGzXgKr2URX/2qnsGIWWu0EAgsssJU1fefVCE3DlCaaQ1FimhJNK3gtpd0Oux3Wa7CLHvs4xSuF+eNSwdvxyqyaFV8vXxbOesPKt8RLHz4XzyFu1SvsbsWhU5FZFNc/zmVeOPiC8/zi7cifA4/KONfAozrOqvwp4uyDxyUgG0QvHvzVjvfa0YtvnXjx58DjSujFP8511osKf3m9+MO5IfSiohM3Hh112KB6cThfGW8n/gK9tJ5eVPjzg3ej6UVlXGkFvdhxqsLZA++q9eID50JPzyZEJJb/gIxpciR+FkLYyQnrn5AghAbSpC0kWNfTQdYwCYV6WDgxyvTEPLNJw2IonSYiDNpCGnEh6IpGWd/fxY7tgwwO9RJvjxGORenr7CQsJPH2Th576jm++6MHmRg9wczsFF39PWBzUHgPvtC5k+2LzxLRNQtvPYLZOYg+N+rOXwGPNeslsJpNhKJIPQxGZrVTqbsFE6uBBdZqFu2GjZcihh8rm0QtmlwtKHKKd67ar+3ihtxxkXvfNlFyvNTj4POjXImpDo6lviyctJpLiVVrVOHx8JT4ovMVivdS71RcUnxeLTiX+QrxKuLsVpxUyV9FvEtxrolHNZxV+asF54r8lVWL/vBecb148leDTtaYXvzirMqfcr/ki0d/OK9NvfjDuWX04nB+S+tFhb9AL77rgzWvFwX+/ODccHpZlnGlifSSB84fzsp68dUvLXmjf4cd3np9IgXZtjZ0YR8VOlIIEBKk9ZRVHZOwBjOzCZIZweTULIZI0hEVdEd0usKCoa4I2zcMsGXLZrZu28iGjZvp7l1HtC1GrD1OKBZBCws0I0MqlaV7YIAzE5Pc++gzTExMsXn7doSwJk81hHWvA9lQjOFsiO2akcfb7FiPNnemKv5q1ktgy2PROCRmVjuLulswsRpYYC1ooXN+ifTwT9FE+Q7VnDdl6XGWdq7aRYTbim/O6rryq1q0FIWz3vC74ltxBb8gXjPswKt55deJPwcelXGugUd1nFX5U8TZB4+Oxfxa1osHf8GO1Qr8OfC4Enrxj3Od9aLCX14v/nBuCL2o6MSNR0cdNqheHM5XxtuJv0AvracXFf784N1oelEZV1pBL3acqnD2wLtqvfjAudDTs9lOwzpvJNRrx9Ds+BpCSCQ6GgKBgZRZero70fQIx4bHCOka7dEQe8/dxe4NvfSHUmzsCjPQ3Un/hgHiAz3o7V1E2joR4XaEFsZEI2ua6IDQYGhoHZddej6PPvMiCwvzmIZBOBRCCKzdspr1w1VSSkYi/ewQY3m8zXivN38FPNasl8CWxURbO7IFJlaDZ6wGFlgLmn7OL1iDkz3YFj5blYLipuhZrLDkkUhp+aLjTl64eKf2bqObdPBeg2OpLwu3TPmW5O0Ut2xF3quYLPVOxWVJu1pw9srbKW5FnN2KE6/2BXHrlbdTXFWcVflTztctb4/2Hje4J86rphcPPKrG263dGtKLX5wLAHf3pXpxy8NH3k7eL85114uPftovzg2hF5VxxY1HN14aUS8OcZX1otJPB3qpzF+j6kWBP9e8PXBuOL2o5FsBj6bQi/uNXT3eXu1Lw/rol/Lvt/dhxrryeadNg/H4ensyVeT/aUKzJjgFSMMgnUgSCYXoaI8jkJy3+ywuOmcHr7z4HC674GzO3tjPUE+MjphGSDMgA5oZRtNCSCExZAZTZtEMEIZAl5K4brCht4OB3i4SiQSGadqfLYpyEUIw2b6JtGHk85bhOGa0oyo8atZLYMtjkTbQ9NXOou4WTKwGFlgLmujfDf27rElV6TK5SvHKsHWi5a2VTkDar0W5zxU5SJy903m5uGUJO3iXYtCxfVk497yV8i3J2ylu1Svspe3ciksHXvzi7JW3U9yKOLvg7dm+IG698naKq4qzKn/K+brl7dHe4wb3xHnV9OKBR9V4u7VbQ3rxi3MB4O6+VC9uefjI28n7xbnuevHRT/vFuSH0ojKuuPHoxksj6sUhrrJeVPrpQC+V+WtUvSjw55q3B84NpxeVfCvg0RR6cb+xq8fbq31pWB/9Uu797Lqz0YSWz3skDUJo9isdTdMRQiA0iRA6Ah1MMLIGmiaIdcQZ3DDEpo1D9HfEMBPzaIAWiWKGYizKKHNJnVQSskkTmZHoZgbIII0MWtZAM0Eg0WSGeEjS1xUnJCyeLa5BCCvfwn9TRjHeMr6uKjxq1ktgy2ICAZHYaqdRdwseBRBYYC1q+qaXkRk7hKYt/UBV0WMBKF5BhtzK79LoVLiSjFD0OPiiUa/A3AZHeQPaRz6BaCtpnzyGfOpDmPfcC4B49zG09u9hfOm3AOschm/A+KevIwR2MZbzWxG/vh+R+gOMf7x96TgenhJfFM+j+Ktlp8Qy4FzmK8Qrwh8PXzV/xb4It2pwdsS7gs/HU8NZlb9acK7InywF0B/e1fJXG87V8leDTtaYXvzirMqfcr/ki0d/OK9NvfjDuWX04nB+S+tFhb9AL77rgzWvFwX+/ODccHpZlnGlifSSB84fzsp68dUv2T4at38zw+JtVkSBwt2qGpqwHvuGEEgEBhqpTJpUJoOUGkKDkZOn2L6ul3AoAtFOhs+MMXZqmExWEm1rY8NgN5vXz7NhQ4L2zgjoERYysJBIk5UakSi0iRRp00AISSSko9uTutK+8NIFngkRZ5BkHm9TD6HZ1+XFW816CWzZTETakMn51U6jrhZMrAYWWKtaxyBCLE2mOk2uFv6AFWAXLZBfVcR6rQn7dYkHQBacV8kjnMc44eALahn5VDfmd3PHtyLe8DXEy25HO7Mb8ynnyxfbbkDr+SfkjLQHcNtf9gXEeuCYPbDbxZqntxPK+4J4Va+wuxWHTkVmUVwFfJ34K/ROPBacp1QkVuKvlEdZBd6lODvgnfcVeFPHWZU/RZx98OhYzFeBsyp/teBcLX+147129OJbJ178OfC4Enrxj3Od9aLCX14v/nBuCL2o6MSNR0cdNqheHM5XxtuJv0AvracXFf784N1oelEZV1pBL3acqnD2wLtqvfjAOY93vLeIxxm93frTewRCE2gITGFfk5CYmiAjYCa5wKkzo5honDo9isxk6OjczPpNG5lYSHL/vmeZmZwhnTaZm1+kIx7i7E39vOz8LZy3cyMYYY6eGOfJF44zvpBk08b17N6yHikkiWSKgbY2dDsPBBQ+mkBKiWmazIW7QSaX8I735fHw4jFy84OEBosxlKM/IvPlW8hOuuPsbtcR/ZObEAcuJ3ln+bvatZ8i8tKL0WJR67MWT2M+djvpu+51/5grPk/sTf0YN19PuvC/r/s68cv6ML7z86QeUMlxjVoLPAogmFgNLLAWNa1jqKz4KJpczb2muEgBgVlQ7GC/j3D2QnN5HwefryZKrFLRUfT6OPKezyDO+zvYCrhMrBJ6CeKN70T+/19naWX3crRLLoNs0gqbPy6t8G6eEl94nkrxXuqdistSPip5D5yDHavV46zKXy04V+Sv7NuVP7yr5W/N7yhZp4ZuAAAgAElEQVRaY3rxi7Mqf8r9ki8e/eG8NvXiD+eW0YvD+S2tFxX+Ar34rg/WvF4U+PODc8PpZVnGlSbSSx44fzgr68VXv4R9HVoRj5qm2f90BNZEpihIKvf9bSGxyMT0LLoWJhYOsee8c7nwJXvp6urk4R/ey5mRMwxu2ExbvItnnzvIi2OzTE8nILvIlk3rMRILPLf/EMdOn6ZtwwaGOtcx0NnP8OQZTAmdXV2EQqE810JQxKn1z0qrmD8q8gYgj3yOxS/eaeG94d1EP3AD4bc8TPbL36+sFwUTb/wS0Su3IX96K4t3fh/JerQrbiBy/l7gXvWAd15PwmHyth6mv+cuouf3e7SYIHvHtaSfrOFDgonVwAILrGmtfSg/+DgWJ1g+N9kqJfZOVuyBF5ZWau3Xwnpd6JG5AbIKn49XYsLBS5fXEhDdVu/mUOvkTB75Eez8LUT312HGOlG87A8RPftheHf+erDx8PT2Bzut3DfDDrycVyoSK/HnwJsyzg54530F3tRxVuVPEWcfPLre4BVwVuVvVXYUNbBefOvEiz8HHldCL/5xrrNeVPjL68Ufzg2hFxWduPHoqMMG1YvD+cp4O/EX6KX19KLCnx+8G00vKuNKK+jFjlMVzh54V60XHzjn8Y50FPG4GGoHAULYccXSJKYAQmhENZ2OaBxpgtSgv7+Piy96CWft2Mqj//UQzz65n5mZBLOJDL3r1nHe+Xt48okDJKammVrIEu0eoHOgjaEXJzk4Oc2cYbK4mISsQWdnO0Prh+jt60UPhZCaAGHa10QRh4vhTkidyeMtw/GlNh48FvEhgdN3YJx6N3rfJbC1n8jb340+2GnRs3iYzNfeS+agtdNVn7MnZCl87UQ2wMWELzofjv0jyTu/bx8bwXzgFpL2blPxio8RveZqtBjAHOZzXyH15Tvd5Vq6e/X8NMbkevRNndb5D91C8luPAC8n/MGPEt7WD6Qwn3sa9uxCfufnSY39DtG3vhm9LwqkkMN3k/rsJzFLPso8cgx5fn/+Ni2z2WOYx93erNJaYGI1+PGqwAJrUcvtWMUeuEAUv5YFRY49Opmm5SXWWmHhiqGU5NsVeom041LscfBuw4t08MLt9QWIN/0WtB1Deq2szX8IObIL8Us32J9/BeKSl8LB/41ZcF2e+ZbkXbSCavuyFXmvYrLUOxWXlPPiiG8VOHvl7RTXEXcnX2pe7Qvi1itvp7iqOKvyp5yvW94e7V0Br4BzRR7LwvnHuch74FE13m7t1pBe/OJcALi7L9WLWx4+8nbyfnGuu15U+JMugFeJc0PoRWVccePRjZdG1ItDXGW9qPTTgV4q89eoelHgzzVvD5wbTi8q+VbAoyn04n5jV4+3V/vSsD76pdz7MtpelHci0mMlISRCI/8PIexHBJhEpEk7YaJahMX5RcLhMIPrB0imU0yMj7N+YIh1A4MMDA1x1s7t/Mpbf5G3vfFKLty9FSOZZn4+QfeGfvp3bCTSv46RyUnaBnp4/uRxiEQZ3LCRWKwdgTVFr0nQyE3wCjTNmqpKtvUU8xaOVYVHER8CxI4PoG/sRE4+DsefxnzocyRvvpzEze8hM7eL0FXXOQNf0a5B6wM56jbzeh2Ra65GnLqdxZsvZ/GOR2DPB4heu776j4htRRy/lcWbf5n0kTTaRe8mBGjvupnwtjTZO36ZxM2/STa8Kz/BF7rqGvTQI9Y1fuZWjLG0Y2j5wI0kv/O48223+Djpv7yR7FT1qTqa1vzTjsGOVSyRzmYSzKYTzGUSpM0MACEtxKZ4P72RzlXOMLDAlt9ExyBUU5yQW/HMrZQurdB6rvjmvMT+c5KC18ux8iuXXosLZ9AvXGouk4fgP96FPOGFwHHkj+9FvO1/oG37InLT/0Z0PIb84gOIX11aLUVWsRJsJ+S0ct8MO/Bq3inhxF8pj7IKvEtxdsA77yvwpo6zKn+KOPvgsbhqrIB3DfzVgnO1/NWO99rRi2+dePHnwONK6MU/znXWiwp/eb34w7kh9KKiEzceHXXYoHpxOF8Zbyf+Ar20nl5U+PODd6PpRWVcaQW92HGqwtkD76r14gPnvKeAV4SFghBLmAJ67tqEJITB1Ngpjh94ir2bN3Ho+AkSCwmkHqItFuacszazZ9MgY+MTZAzJhk3raZs5ySvO3khm9DSHj8wxeuo0u3fv5uKXXsrgjh0kMyYDvT20R2BkYoLQ8Cx6OIQMCRDWc15FDihBnsMlWJf4y12Pp14AsfMm4rfeZEdIWc9Y/dfvQ++b0V75AcLX/C9EOPcJu5zYrN1ecSVabALzoTssWp+8BfO/PYi+9c0wWWWMxafJfst6Vmt2cp7Izn40QNu4AYb/mfSTIwBknzhMeKd1HcapEeTOi4l84OMYB79N5mu3uXYP8oEbSW38OtHLtuVvVzLHyH5tGSZVW8RaemJ1ODHOA6MHuP/Mfg7OnmA6Pc9cZjE/sRrVItxx5R9waX8wsRpY85koecZq7oeq8j9cRfFxe4SzvLB8/lmrVpXh6k3TRGha8XEcfL6aKLEKRYd8shvzezgWIV4mj/wB8sxPEa++BbovgKcvQwrrAwW5Ad32eHhKfOF5KsV7qXcqLik+zwv3SjiX+Qrxyoo9N6/CX4GviHcpzo54V/D5eGo4q/JXC84V+Sv7duUP72r5qw3navmrQSdrTC9+cVblT7lf8sWjP5zXpl784dwyenE4v6X1osJfoBff9cGa14sCf35wbji9LMu40kR6yQPnD2dlvfjql2yfWkC2deZ5i6VnycT7sCZXsXas5i9FA5mhLRzirC1b6OzvZi6ZYDwxz/CJE/Ts3smGwX7M2WnO3noe4VAYw8wiswZjoxOkFxNITDKpRcxMmnhXnJ2b1pNIZonEokQigvGZWdoiUaKRKJqmYyKRGkhpIytzQEjaklM2LDZwmUQeDy/egOJnrBbiet11hAbnyf7zB0k/9jzh332QcBgHu7iKGbO7MSevQd/4OwjcJy9X2uRd7yV54DpCV16JfsXHCV/1NOk/vpGsS3vzzg+T6ft7Ijutxw0Yd3+Y9MFlSsYsfQBB81nz78l1saPzp3nbf/4JNz36V/zLsfvYP/UCJxbG6I92IU1JIpvior6dXNR39mqnGlhg9bFod1GxYNpFiWnaHtvbx4Elz5KXBcdzxUXxyqiLL21XELfMhIOXFV4XehcT4gTyP74Jmz6EFnoA+YMTVn445O+UrwMepe9XvcJe2s6tuCxpVwvOXnk7xa2IsxveXu0L4tYrb6e4qjir8qecr1veHu1dAa+As6peasG5yHvgUTXebu3WkF784lwAuLsv1YtbHj7ydvJ+ca67XlT4Ey6AV4lzQ+hFZVxx49GNl0bUi0NcZb2o9NOBXirz16h6UeDPNW8PnBtOLyr5VsCjKfTifmNXj7dX+9KwPvql3PsiNVeUd7uRsI7n/4EUYGog0ECECMU6aOvo4cCTB3h63xOct2Mng93d6Hby8/PzLM7OEiFLVAeBtTFndmaGofUb2H7WdjSRxcymiYTD9PT1Eo/HwDARpsmm9evpau9AA4QmMIXA1HLXKslNrMay80V4a5nFqvAo4qMU76T9Z/Fzz8M5H0UfXGouMyB6L7byuvA6tD5nPpZsH5knDsCma4he90b7Y9ajXfEx2j7wO4iH78dc7Ed75bsRgLjwY2iDKeTxb1cKXNGyp07DplcTuXA9cDahl+7KX6b2xt8j1Pc4mX+4keSdjyBj24r+wrPcRsh+8RYyzx3AuP8WUg+M1Jxf3gy36dzmsZbcsXpw5gQffPQvOTp/GgBNCC4fPJ+93dv40el9LJpp+qKd/OEF70QXLTv3HFgLWGExomlLP1RlmraXSztXwZ5kZWmy1WnFNxePMo89qC3zym/p+zh4r+s//luY94FIfsK+LnBcgcfDU+KLVow9ir9l2ClRjnOJ98BZdeW+Is5ueHvxV+Br25FSpc/HU8NZlb9acK7In3SqytXxrpa/Nb+jaI3pxS/Oqvwp90u+ePSH89rUiz+cW0YvDue3tF5U+Av04rs+WPN6UeDPD84Np5dlGVeaSC954PzhrKwXX/2S5ZFmEY+atpS3Jqw/wpfCmhcRmkCgEe3ooq23l/m5GVIL86zr7GTzukFSyQVmZmYZm5xCZtO0hQVt8TiRaBgR72JsPs3ec3Ywn5LMTC8QN0No4RjhUBbTNMlkUsTbIgwNdmFEI6SFwBQWJsI0EUJa2AqJ0CSaJm1YCnGnIm+OfORe33U7mbM+Rvg3HiSUOYYxOgf2jtXM9+9Gf881tN36ICwexpx15qOIm++/n1T4U0ReejOxy/6XdWzxNOZjtwP3kr57L9FrbiB26w1YP171RVJ3jcAVlWN7mfm1W8kMfIzwu79J6N0pzOcOY7INsiA6LyF05VsIvx0ghXnkTjJevz8CwCNkvvxIbUk5mTSWP+Yas5acWP37Iz9k/9RRAC7t381v7v4F7j29jy8//30ypkX6u8+6mgt6d6xmmoEFtgJmDT75yVStoDihuEgByK+A5l4jrLFKFHhpDcqFr/O+0rNW7XgOaZZ76fLarWhxCivsBg/9dv56KbteWdnbH5T3YslXvcLuVhw6FZlFcT3wrIBzmRcOvuA8pSKxEn8OvCnj7IB33lfgTR1nVf4UcfbBo2MxXwXOqvzVgnO1/NWO99rRi2+dePHnwONK6MU/znXWiwp/eb34w7kh9KKiEzceHXXYoHpxOF8Zbyf+Ar20nl5U+PODd6PpRWVcaQW92HGqwtkD76r14gPnvF+cRvRuyfPYlZljKh/X+kwdgS4FEg1DgIi10TU0QE9/H1uyGV44eIjdZ59FvDtOIp1hcm6RMJLujjjRWDttsQ4ePPAoz43OcvTHj/DE/hgv23s2e/fsZvf5cURIBwGmkSUU0ojoMealBppm74K1c0EikAhhApKuzKwNn4W3lprP4+HFY/qTl3vg+wiZz/08GScCD/45yT/6cydmSf3xnY7HAcy7PkLyLpc3H76F5MO3lB9/4EYWH6jw33deT6LwYwtf925APnkLi599BMl69Hf9JdHMCJmHwXj4ehbd011ZM4KJ1aazRDbFgekXaNMjXL/jdVy3/TX8y7H7+c6JB/OTqtvah3jr1isQ+V4wsMCa03JFR26nqmtxU3A8PypJQf5Zq4XvV+tx8PnRrjRRXAbF2zE/fXt5EVLi5R3bWOrOb8f41O1Wcymxao5ib/7jVvs1S8fx8JT4ongKxXupdyouS/moAedgx2r1OKvyVwvOFfkr+3blD+9q+VvzO4rWmF784qzKn3K/5ItHfzivTb34w7ll9OJwfkvrRYW/QC++64M1rxcF/vzg3HB6WZZxpYn0kgfOH87KevHVL1me5HwRj50yWRBZYM17CISwEhBCYGoabb197Nx7AXv2nMfJ4y8yfOI45607j1AoQiojmZ5L0DU7S7yzg7BpcPDw88wvzBM1JGKwk2i8k/b2DmvCNpPBlBmMTIqMIcnqus2w/elSgtDsy8/99aRJbzYBegHe6SqfsVqrXhrBBreiv+IDhK+xnp9L5jTGw7eTWe28SkxmkpUbNbi13MTqVHqOjbF+3rfrGi7qO5vfe+xL/Nfo02Tt7clDbb3c9rLf5pzuLaucaWCBrYDZg0/RTlVZ8ENWRR67HTit+GJ7a4wqeC2XfG5QW5aVX9WipSic9UbNOyRyPhfPIW4z7MAr5U8Vb0f+HHhUxrkGHtVxVuVPEWcfPDoW82tZLx78BTtWK/DnwONK6MU/znXWiwp/eb34w7kh9KKiEzceHXXYoHpxOF8Zbyf+Ar20nl5U+PODd6PpRWVcaQW92HGqwtkD76r14gPnnNfHj2DueIWdhmBAMxBo1iMBhLT/CUxCICQC+7EA8Tgb9+6FuVlOjY1w+IXn2XPxucRibYTDEWYXZhgdmyQWC9MWDXPuliE6onE2bN7CxS/Zy1lbNtDeFkYaBkYmjWEkyKSSpM0Yhh4CoRf86E/+AasgJbmJ1C6RY83CW09M5vGoq14awQ7eRurjt612Fp4mkZBaXO006m4t9wDRmB7lI3vfxrVbXsVtz/4r9515Kj+pGg9F+aOXXM/LB861B4rAAmtuyxUdpmkNprkV2PyzVE3b21W2zHl7FCo8LgvfL/TCxTu1dxvdpIP3GhxLfVk4l89Xzbckb6e4ZSvyXsVkqXcqLkva1YKzV95OcSvi7FaceLUviFuvvJ3iquKsyp9yvm55e7T3uME9cV41vXjgUTXebu3WkF784lwAuLsv1YtbHj7ydvJ+ca67Xnz0035xbgi9qIwrbjy68dKIenGIq6wXlX460Etl/hpVLwr8uebtgXPD6UUl3wp4NIVe3G/s6vH2al8a1ke/lMc7MQWLM/m8I7pG38Kpgg+UCHtyFWE5TWhIXSfS00+0f5DOwY30rBtC00JEomGi8SgpQzI2Ncfw8BnmZmfYunGAc3dsZLAjTHJylOOHD3L00EHGx8fJmgamkcUwBRkRwhS69XxXYU2GWhPF1vNewXrdNz9M2H4erEQiMglIzVaFR816CWx5LJ0Eaa52FnW3ltux2hftpDfawY9HnuSJqaNcs/kVnNW5kcsHzuXivrPpiXSsdoqBBbaC5vwYAKdnrVqDT/HSa24BwmmlMH9cFnuk83FrDFRY+XUpBl0H0aJw/ld8HX0unkPcZtiBV/PKrxN/Djwq41wDj+o4q/KniLMPHpeAbBC9ePBXO95rRy++deLFnwOPK6EX/zjXWS8q/OX14g/nhtCLik7ceHTUYYPqxeF8Zbyd+Av00np6UeHPD96NpheVcaUV9GLHqQpnD7yr1osPnAu9NjOMjHXneRtMjzPL5qL4ArGUL2Cik9UEeqyLvm07MabHiETbCIV1IvEIMhJmdj5FaHKBoal52iIhhJGgJ95BdzxCe3ucSDyGHo0ghSSLJE2INFFAt6+hwGTxpa9bHF36jQ4EWmLKm78CHmvWS2DLYjK5sNoprIg1/8RqegGZTSNi3SCsDbpCmrxWi3Kl6EEeexrT+Bmi5wm0gV3Ic69BdG1c5aQDC2xlrGwSVRb8kJVTkSMLipqS44gSv1SdFR0X2tL7ZT4/ypUmitrgWOrLwkmruZRYtUYVHg9PiS86X6F4L/VOxSXF55Xh7sCDG85lvkK8iji7FSdV8lcR71Kca+JRDWdV/mrBuSJ/ZdWiP7xXXC+e/NWgkzWmF784q/Kn3C/54tEfzmtTL/5wbhm9OJzf0npR4S/Qi+/6YM3rRYE/Pzg3nF6WZVxpIr3kgfOHs7JefPVLS16MHUGuPy/P23otyYvZJGYkhjXBKUBIcpOdEhBSItExtBBdg+tZkBn0cAhdM4lEQ5haiLm0JN4WYiFl0D/QD5hsWD+EFooSjrUzsGEzItZGKruAYZikzTBGqA2JbqMn8veddcACR88mGZQppCSPtzY/UjV/NeslsOWxVGK1M1gRa9KJVYl58nGM5/8T88TPIJtEdG9C23E52qaL0dbthFgvYsNepBAwcgDz0I8wnv43jGfuRj/vF9DP+0VE59BqX0hggdXVhLAnUe3JTk0r2MGKwzNWRW74E0isP9bIHbfGPJGPK3Nelvj85zm8b8ctT9TBqxYtReGsN2reIZHzuXgOcZthB17NK79O/DnwqIxzDTyq46zKnyLOPnh0LObXsl48+Ksd77WjF9868eLPgceV0It/nOusFxX+8nrxh3ND6EVFJ248OuqwQfXicL4y3k78BXppPb2o8OcH70bTi8q40gp6seNUhbMH3lXrxQfOhV6bPY2ZSSLCMUAS0XS2zhzmxYGX2B9amADWbxRLQQgwBURiMbTeLkxpENYEkXAINI1FQzI2t0DX5CTRWJSBTevp7O5Gj3Ugop0Qa8MQkkzWJJHOkBExsnoUKTR0pOtNu3XqIGFNYKePMLNoc6Pe/BXwWLNeAqvZZDYNxlr7Ka36WPNNrJpZso98meyDtyNTcxBqQ8S6kXMjGIfvRbR1oV90HaGL34G+91r0vddCNoU5dhjz6H1kH/sqmXs/gfHM9whfdTPa9lfmQ0spmZycxDQM+vr7MU2To0eOkE6nueAlL8m3m52Z4eTwMPNz88TjMQYHhxgYHLA7vyWbmZ4mk8kQb28nFosxMjLC6VOnMAyT9RvWs3nz5rJzADKZDKeGh5maniabyRKOhIlEIoR0HSklfX19rBsYWILENBkeHmZqcpJkMkUs1saWrVvp6elZujYkR+dGAMnGeD8xPVr0mSkjw6nFCbKmwfaOIU4tTpDMppF2b2RIk4gWZmO8n/ZQGwBjyRmOzp/mot6dRPWwK2X7Jp9noK2bzfEB1zaB1ccKHwOQ36mqFbyW0p48tUafnMd+iLjTimGumKGSd4hbt5XfsnDSai6lPVhX4fHwlPii8xWK91LvVFyyfDirrtxXxNmtOKmSv4p4l+JcE49qOKvyVwvOFfkrqxb94b3ievHkrwadrDG9+MVZlT/lfskXj/5wXpt68Ydzy+jF4fyW1osKf4FefNcHa14vCvz5wbnh9LIs40oT6SUPnD+clfXiq19a8mTTiOOPY+58VZ6/jXKBk9kUZiRecC0i7wQSTUoQGqbQiXV1Y0R0MkaWNk0nFo0ghcbpyRmSGYNYKMy6gZ3EOtoJxdvRo1E0PY2RSjOfzDCTiiA6e9BECFMAmMWfiXWr69kUG7JzoGl5vLXJF214quOvZr0EVrPJ2fHVTmHFrMkmViXGs98nc99t1i7VWA+hy96LWL/XEtnoQYxjD5N99O+QE0eJvOVzIHQIRdE2nI+24XxEz2bSd38U89STpL/3h0Sv/yqidysA2WyWL93+RU4cP8afffzj7Hv8cf7iE/+XtrY2vvNv30UIwfHjx/nyX/8N+596irm5ORaTSS688EI+cvPvcdbOnUXZfuMb32Dfzx7nV9/z39E0jb/+4pd4Yt8+skaWc889j/f95m/ymqtei67r+XMymQzf+uY3+fa/fpuNGzcQi8U5dPAg0zMz7Nmzh0QiwRvf+Ebe+iu/TG5S9p4f/pCv/v0/oGkaQ0NDjI+PMzg0yK//xm9wzp491rWZJjc++nmklNz60vdzfs/2olxPJsb5nz/7a6bSc/zTqz/KrQfu5MmpI+zu2sy29iGemjrKTGaBq9ZfxG/veRPd4XYeHD3Ap575Bn/zyg+zp3urI2NzmUU+8NBnuWHPtbx3539btjshsOqssBgpm2SVBY8JyA+w1iDlteJLyWtrbCvxwY7V6otDpyKzKK4Hzm6+lD8HHp3i+sXbkT8HHpVxroFHdZxV+VPE2QePjsX8WtaLB3/BjtUK/DnwuBJ68Y9znfWiwl9eL/5wbgi9qOjEjUdHHTaoXhzOV8bbib9AL62nFxX+/ODdaHpRGVdaQS92nKpw9sC7ar34wLnU66f3I7dcBJE4AkFE09gyfZhjA5eA1OwPF/nYVnxs1AQhPYLMZJicnOaFF0+STAm0UIyMluLMfJb9h09h6GHOWoTedUniHe3oIY35pMloQqOtZzOG3o5AoGGCkCALPsu6Adk8+RxhXcvjjZEhNHmMXCau/BXwWLNeAqvJZGoB0ourncaKWVNNrJrHHiF990etSdXebUSu+TO07a9aanD2VYRe9X7MY4+Suf82so//E6FL310UQ997LdHBPaT/+X3I6ROkv/Nhou/9BiDQNI1nn3mGnz32GN/45zv5j3t/xCWXXEIylUQIwfDJk3zu05/h7e98J7f8ycfQNI0HH3iAj//Zn/Ohm36XWz/1SXafc07+s4ZPnuRH99xDW1sbekjnxptuYt26fg4+d5A/+P3f56Ybb+Szn7+N1199NQBSSv7XH32UBx98gM//1V9x8cUXAzA7O8tvf+AGpqen+eJff4l4PA7AYmKRr3/ta3zq1lv5/Bf+ile/5jWEw2GklPzpxz7GO952Hbd++lNc/YY3ENZ0Ds2cxMQka2bLsZUmh2ZPMJacIaqFmckscHh2mN8651reueN1ZEyDvzn8Pf70yTt4ZvoYd1z5h5xJTnF8YZR/OHIPf37x/8j/GXmhffHgXRxbOMOJhdFa6Q/Mh5U+BqBokpWCIqek6DFz7eyixzTl0rNT7cEbUX581VZ+y8JJq7mUdrpVeDw8Jb7ofIXivdQ7FZclfJThqoBzsGO1epxV+asF54r8lVWL/vBecb148leDTtaYXvzirMqfcr/ki0d/OK9NvfjDuWX04nB+S+tFhb9AL77rgzWvFwX+/ODccHpZlnGlifSSB84fzsp68dUvlXgjAyf2IXdacyQC2MoCE4lREh3ryd1q5N8VdjrW/4eEhGSa+ekFnj58jOGxWevP/fUIppHl4Hya0zMHOXJijI2bBujt6yHe2UG8d4D40E6yMmqxahqgyaJry1l8foQtxnwRT/rki2CmlfirWS+B+TaJRM5NrnYaK2raaiewbCYNsj+7A9LWr46Fr/6j4knVvAm0bS8n+va/QU4dcwylDewm9LJfAwTm8D7Mk/vy74VC1lz0oYMH+fwXvsAnbv0LPnvbbQDE29v5yM2/x8te/jI0zYL28iuu4O3Xv5PDhw7x/e/dXfQ57e0dAIyNjfEXn/wkF150IZs2b+Z1V7+e33jfb5BOp/nRD+/Jt3/22Wf59r/+K5dccgkXXXRR/nhXVxc/98af55GHHy76jIceeojbPvtZXnvVVbz+6qsJh60/xxdC8P4bbiCVSvH3X/kKqVQKAF1o+X9lmBQcD2sh4vajAkJayD6mc+XgBXSGYzwy/iyGNBlOjJM2svz7qZ/ykzNPlsVcyCb58vM/sDBIzjhyEVh9rbAYMc2lwSi3IpwbvApXaAEEJV54eFnuCz+/yDsVJ9Yb5d6tSHFqXxZOLV/P66uAR9Ur7KXt3IrLkna+8i7Nt0o8KuLsgrdn+4K49crbKa4qzqr8KefrlrdHe48b3BPnVdOLBx5V4+3WbtQZ9MsAACAASURBVA3pxS/OBYC7+1K9uOXhI28n7xfnuuvFRz/tF+eG0IvKuOLGoxsvjagXh7jKelHppwO9VOavUfWiwJ9r3h44N5xeVPKtgEdT6MX9xq4eb6/2pWF99EtO7UOnn0YsTBfhccHcc+jZJOWzjdZ3QFNoIDUikQiZVJrJqXnGphNMzScZGZ9iZHyKuYTBohZn3ohybGSa5w4e48Xjp5Chdtr7t5AVEYxQBKmBFhIITUOUzDvo2STnTx0szjuzSGj8eeX7rma9BObfkvOQTa92FitqTTOxKqeHMYefAEB0b0Lf+WrvE8JxQld80PVtbcerEPFeAIxDP1o6rmsYhsE7rn8nQ0PFP27V29vLxk2bymLt2L4DKSUTExNFxyORCABXv+HqsnMuv/JKAE6dOoVhGACcPHESgKGhobLCZ+OmTQghOHz4MGCt+tzz7/9OMpnk9Q7xBwcH2bV7Ny++eIzTp05Z1ya0/L9SC2kautARCDQhiIWsidWItrTpeSw5TdLI8IqB89CFxunFSUKazlhymr8+9D3MgpWolJHhq0fuIWta1zaenMaQJoGtrOUnVZ1W3hElK75We4m1CkWhlx5euHin9mWDeS5RB+9SDDq2Lwu3TPmW5O0Ut2xF3q0YLG3nVly68OIH56p4LIhXEWcXvD3bF8StV95OcVVxVuVPOV+3vD3ae9zgnjivml488Kgab7d2a0gvfnEuANzdl+rFLQ8feTt5vzjXXS8++mm/ODeEXlTGFTce3XhpRL04xFXWi0o/HeilMn+NqhcF/lzz9sC54fSikm8FPJpCL+43dvV4e7UvDeujX3Jqj5FGP3I/0v4rVYkkrAkuGH3E8VKkEGQMycTMPNF4H9OLJhPzKVIpiWFomKbAyBokFheZm5thZnaKUFjnnHN3c/kVl7Pz7LMJhcOAQCJACAq/9Qsh8v/OP/MoIa34ekOjz+bzLPIV8KhZL4H5MyODnJ2o3K7JrHkmVudOI+fHANA2vgT0SMVzRFu3+3vxPoj3AWCesnZbCiHyk45n79pVVV7ZbJZnn30GKWV+F2vOQmFrUnLDxo1l5w2ss37IybQnHgHa29sB6zmrpTY7M4OUMj9Zm0gkOHjwYP6/f/bYY+x/6imePnCAJ/Y9wSMPP4yuaSzMz7OwYO3y1YWGYZocnD3J/qkXeHr6xfy/QzMnyZhZcvO5uQnV3C7WJyaf5zPPfpMdnev52EXvAeD4wigX9p7F1vZBfnLmSZ6efiGf7/7pF/jSoe/yjh1XATCZnifVIr8Yt6ZM2H+u7zSpytKKb454p5VfaR+XsvYVVKWVX5di0LF9WTjvFc6adxx4rci7FYOl7dyKy5J2teCsunJfEWcXvD3bF8StV94Vd0pUgXPdd0i45e3R3uMG98R51fTigUfVeLu1W0N68YtzAeDuvlQvbnn4yNvJN8WOIuECeJU4N4ReVMYVNx7deGlEvTjEVdaLSj8d6KUyf42qFwX+XPP2wLnh9KKSbwU8mkIv7jd29Xh7tS8N66NfcstbmzqOdvRhsHEG6NAFu0YeKr8UIZhfSHD46DG0ti4SZhvzaUHKkJjS/u5oZtHNDBGZZkN/B1defhmvvvIVrB9aRzikoQsrlpAmuanRwnlNIWDXqf+iXSvOVx8/jD4/WoR3tfddzXoJTN2kiTk1AgVzWK1iTfOMVZlOgL3q4jVhWrUJze6UQc6eWjpsCzZU8INShTYzPc2Pf/xjnnn6GTKZNKZhMjs7ixAi/6f4OctN0pYetz7H8rq+RNHFl1zMps2b2L//ALOzs3R1dQFgGAb3/eQ+hBC89qrXArC4uEgyaT0s+Ml9T3D82HF0XcM0Jaa9A/bCiy/i0ssuo7evL/8ZGZnlwdEDHJ07bU20SgNDmkyl5kgaS9u5dWFd//956ut85plvspBd5G3bX8uvnnU1g209AJxOTPCGjZeyIdbPJ5++k9sPfpcvvOImDGny1SP3oAud9+2+hr89fDcL2UUSRpK4vRM2sJUxKUt+sKrwmau5IqWwuCmYdEUKEPZra1Y17wt3wCIElLxfNolbGNdplHMbHH2uRFrXg51HlR4PT4kvOt+j+Ktlp4Qox93R445zma8QryLOLnhXy19FvEtxrolHNZxV+asF54r8SacqUR3vFdeLJ3816GSN6cUvzqr8KfdLvnj0h/Pa1Is/nFtGLw7nt7ReVPgL9OK7PljzelHgzw/ODaeXZRlXmkgveeD84aysF1/9kjuP+vA+zI4+suv3WL+tgWRIZGgf/k+eXv9KjFAUhCSZzjI+OcPUbIL9z7/IYO8AoquXTCRKejENpokuTUJCMtQZ47ydW9i8vh9dSKSZwZQaJjpSCAQmQoIJCDTARM8m2TvyEHFRjK82N0Jo/Hnf/NWsl8CUTCJhZrTlHgGQs6aZWC20wolQ35ZesCZrAYzyH3Nysru+/R0+8+lPc+lLX8qNN/0OW7duRQjB/ffdx7//4Af53aQ5M+0/fbc6j2LLHYpEIvmdrvF4nK/ecQe3/H9/zI2//UGuf9f1tLe385Of/IRDhw7xhS99kUsuvRQAXdfRNGvy88bfvYlt27ZVdQ0xPcqvn/1Gzuspbn9iYYx7R/Yxn7UmazNmFoHgxnPfzN8e/j4nFsaQ0mRd1JrUnkkvMJ6aYWN8He/Y/loeGX+Wb594kBvOuZaEkeKhsaf5n+e/nfVtfUT1MPOZReYyi/nzA1sZE8L+oaoCL3OepSJFyw1OdvFgFTsFXpT7XHwpsX/AquB16fs5b8crT9TBqxYtReGsN6w8Srz04XPxHOJWvcLuVhw6FZlFcR1wrORL+fPgsfA8v3g78ufAozLONfCojrMqf4o4++DRsZhfy3rx4K92vNeOXnzrxIs/Bx5XQi/+ca6zXlT4y+vFH84NoRcVnbjx6KjDBtWLw/nKeDvxF+il9fSiwp8fvBtNLyrjSivoxY5TFc4eeFetFx84V+JRe/4+tLYe6NmQx7tDE+w98xDPd5/LTLSfUyMTjIxOoOkR7v7+j7jqypcS6xtAj3ciExlkOoUuTDo72nnJnrPYtW0jIpsinUwQC3VgmCYGgrQpiOgSgYGBhkCjfX6UndPPEBfF+LI4S+j0gfx1O/LoxF9B+5r1EpiSyfkpSC6sdhqrZk3zKAAR7QDd2vlpntwHmcWa4sn5UeSC9WwI0da5dNyuNgqfFwrWrtH/+4lPAPC7H/oQ27Ztszs7yGSsiVmtZJdrbueoUwGTtSdzI5FIPg5AT08Pu3fvZvc5u5mYmODI80e48sor+ZdvfZPXve51+XYdHR309lo7R48fc/6RrlIzpIl06V0ksihP027bpkf4/Ms+SFQP8zeH7uaRcesZKCcTY5hSMhDtZlN8He/f/YuYUvK5Z7/F5575Jhf37eKtW68kqodZF+1mIZtkvkbOAlM3p8cA5DyyoMixyc/f//Z9krtfSt8v8sLZ5/4VtXcb3aSD9xocS31ZOPV8Pa/TA4+yFXmvYrLUOxWXuPCikndpvlXiURFnt+LEq31B3Hrl7RRXFWdV/pTzdcvbo73HDe6J86rpxQOPqvF2a7eG9OIX5wLA3X2pXtzy8JG3k/eLc9314qOf9otzQ+hFZVxx49GNl0bUi0NcZb2o9NOBXirz16h6UeDPNW8PnBtOLyr5VsCjKfTifmNXj7dX+9KwPvolr7wlEmFk0J/9AUwPI6WZx71DwN6pp+k9/jOeP3qSY8eGGR8fZ2TkDN/85l2cPDlGxhRokRiRji6Gtmznwksu49JLL2HzhkF6OmOEQzpCjzCfMNHDXYyMTpHbpSqEwcbRfZw7dYC4MIvyZXGG8PDjYP+1rN9+uma9BFalSeT8BMxPrXYiq2rNM7HauR7RMQiATM2RfeIbkE35jCYxjvwEskkrdv9Z1lEp87tMS21hYYGJ8XHa43Hi7fGS9+btDr/4nNyzUjOZ8u3Sufc0vZiif/ra19n3+ON86MMf5vp3vYv3/Np7efVrXkNbW1tRu3A4zFWvez3hcJi7vvMd10JpZno6/56JiSlNxx+RykoDQxqYUmJKScKwsM2YBuf1bOP39l6HEIL/s//rDCfGObZgPQulJ2I9F/Y1Qy/h3O6t/Pupn/LTiYO8c8dVhO0dtRtifSwaKabT8445BlY/cypKTFOCx0o8WCuFRT5/cxe/tlZGXXxpu4J45Yk6eJdi0LF9WTiXz1fNtwIeSivsZXh7FJkF7WrB2Stvp7gVcXbB27N9Qdx65e0UVxVnVf6U83XL26O9xw3uifOq6cUDj6rxdmu3hvTiF+cCwN19qV7c8vCRt5P3i3Pd9eKjn/aLc0PoRWVccePRjZdG1ItDXGW9qPTTgV4q89eoelHgzzVvD5wbTi8q+VbAoyn04n5jV4+3V/vSsD76Ja+8c15LJwgd+De0sSNIliZXw7rGBbEEH9w4yjlilMmJcYQwOXz4MPue2E/GEMQ7u9myYyevef0b+Lk3vZkNZ+0g2tFJW6yTcCSGqUWRog2px3n62aNMziRYN/E8l564n+3ZSUKaKMpXS0wQOfFTRGax5n66Zr0EVtGkaSCnRpDz06udyqpb80ysdm1EGzo3/zp732cxnv9PX7Hk7AjGM3fnX2ubX5r/byOb22VaPFHZ3t5OV3c3p0+f5sTxE/njJ0+c5Nvf+hZSyrIfnUokrB2a6XT5xGpy0Xn35unTpzly5Ah//5W/44H77+fRRx5h3+OPc/z4cQyj+CHBb37rW7j2TW/i7n/7Hvf88Idl7+9/6im+8uUvL12baZI1TbKy/GHDRsHxrGmwYE865469b9c1XL/jdTw2fojf/ekXODZ/hogWpjdi7fYNayHec/bPkTENzu3exsvXLXE12NZDxjQ4vdh6vx632pZ7Fqq1A7v42aiFK76m6bzSmdu5nfOFK4Uy91qor6CWmdMKo0sx6Ni+LJz3CmfNOw68VuTdisHSdm7FZUk7X3mX5lslHhVxdsHbs31B3HrlXXGnRBU4132HhFveHu09bnBPnFdNLx54VI23W7s1pBe/OBcA7u5L9eKWh4+8nXxT7CiSLoBXiXND6EVlXHHj0Y2XRtSLQ1xlvaj004FeKvPXqHpR4M81bw+cG04vKvlWwKMp9OJ+Y1ePt1f70rA++iWvvAu9MDLoz/wA7fgTmPYj/3L493fE+NCrNvOJl4e5dkuWs9fFyJqSru517NpzHq989Ws5/9LLGNiynfYte4gMbMVo68AMd5DIasT61qNnF7lIH+GCE/dwVnKEqP2bHoX5atMnCR9/tHynqs9+uma9BOZp0sggJ4aRqcRqp7ImrHmesarp6Be8xZpMNbPI5AyZe/4U0bEObfOlVYeRCxOk7/oIcvKFpbjnvMF6T0qyWWtytHQyVNd1PnjjB/8fe3ceH1V973/8dWYy2chiQggmEBaJBCVoBKkKgiII4kq1V3BfWm2L3u619fbX29be3vbWa2/bq95eq3WptWKvFHFBFERAQWUxlkRMZJOQBEIgJpB9lt8fM5nMJDOTzJZMMu/n4wEnM+ec73zP95vPnJPPfOd7+MOj/8P3v/tdrrr6atrb2zlWX8+1X/oS+/buY82rr1E0ZQpLvvhFAJpPOkdotrT0/mVsbXUmLtvb2t0nC4Cbb7mFf/zjH/zut7/12t4wDEaOHMm1X7qOb33725jNZrKzs/nxT38CwPe+/R3OOvsszjv/ApKSEvnwww850dTEN771bQzDoNNuw2wykWwk+hyVa3PYsJgSSLek0GJrp93WSbolhVbXqGCLKYGvFl3J20c+ovT4Hqqb6zklcQQpHjejum7cHP57999ZNnGe102qxo3IJd2SQmOngnKgGeB9w6oeSwMDO645VsF10UL3Y/x/Uujw2B6PTyIdgZYYvs9xvj5h9HMx6Pck6lWcc4Wzvj2WjhCWXeX5KLffn7D7uzj0dZHpVW4/2tVPO/daGj6WDs9+DK29ffafj34Mup3D6Mfg2znY/guynUPox+6GHCLxEqD/wm/v2ImXkOMkUP/56MeBiJfQ2znK8RJM/7njJbR2HhLxEkyc+OtHn3E4ROPFx/5Bt7ev/lO8xF+8BNN/obT3UIuXYM4r8RAvrnL61c4B2rvf8RJCOwfbj+b972I0H8M2YSZGSqZXP0zIyeK2nFO4fWYhnx1tYG+zGUfOeBLTLJxiauNEB2Rm5JBuOYzJ6MTxeTWn2DtJPbqLREcnxaendZfn2Y52KwlHdmNuqg7cD/3pP4/9w44X8cOBo7nROaeqn29zxyPD0ZXaHw6s7XS8/hNsH/2t+7mkNMxFC7Fc9B2MjDz/+3Y0Yzuwlc61P8XRVOt+OmHGzVgu+xkADoeD2tparFYreXl5WCyWXsUcratj65attLS2UDRlCiUlJRiGQUNDA/X19YwdM5aU1BQA6o7U0dnZQeqIEWRlZXmV09raSn19PYmJiYwePdr9/OqXXmLDWxuYe9Fczjr7bFKSk2lra2fHju38z6OPUn2omp8+8ABLly113/QKnCNnP/lkN8ePHSc5OZmzzj6LCRMnejefw4bZcO5juM8ATnaHw/1GaBjOUasJJjN2h8O9DzinBjAbJvfNkAzDuyyH+827m801n0vPbSX66n6c7kqSOnovXSdRk8dJ2306M7pPa71O1ibnEsPAcC17Pt91tjMM8H2W6yHCJ0f35h7V6XMZTDW89g/z4t3X0mO/PiseTM37LC+4dg62/yLT3v3tx+DaOdj+C6+dg+2/0No7tuIlCnEyaPESWjsH239Bt3NI/RhaO8dmvITWznETLz72j+t4Cab/FC8h919cxEso79TDOV7c+ylego6XkN6XQosXEhKx5Z+FffwMMFuC668g4sX8+WeY6z7FcFgjeF6JULxIL472ZhxNx8DW2ffGw8yeH2wNuH54JVYBR1MNHS/cjf3I7u4nTWZMedMwT7kMU+4UZ4I1MRXsNhxtJ3Ac24vtk9exV3+I48QR925G9kSSrn/MPcfqYNuxfTs/+P59/PBf7ueS+fO9Eqc2m4231q/nG/f+M8tuuIH7fvgDUlJSBrG2MhQc/bFzqgaTK+nZtez6BNQ72eo8R+EAk+tcZQIwui8pDI/HXeu7zm1d+3ue85wjY3uf/PslrIuWCF1k9eNiK5IXh76XA/FHSZDXOsHw2j+ci9rg+jGSf0z5HyER3K9psP0YejsH23/R/6MkGn9MDVa8RCVOfPZj9OMlGsmHiMRLKG/TIbdzH8teBiFegomTeIgXn+UoXhQv0TqvxFG8BFfjgP04LOIlhOYeavFit6TiGH8utrwzMUwJQcRD4KXp82rM9Z+65lIdQvESpxy2Dmiqx9Eevzcb7yuxOnymAnAxMvJJvPa/6XjxHuz1e8BuA7sNe3Up9upSMCVgpGSCxZlYpf0Ejo5mvIcxG5gKZpB4+S9iJqkKsPLFlSQlJXHO9OleSVVwTkUwf8ECRowYQeqIVMxm8yDVUoaS7pOP8+LDa1oAw3vZdfbx/AS4r08iPZeGqcfzGNjtdgzD5H7c/cmyv4r2Y4mPZa/iHB7H3c8lAZb0WHrtH8TFe89lPy4me7ZzryU+lvhZ9lFen+3s7+Kk39fefbR3z3YOqx+Da+dg+y+cdu6z/3pdLYbW3gMeLwH7L4w4ibF4CbWdg+2/oN+XQurH0No5NuMltHaOm3jxsX9cx0sw/ad4Cfn6IObjJYj+C6Wdh1y8ROS8Mozixd1wobVz0PES0vtSePFi6mzB8elGTAd3YBs5AVN2Abas8Rhmi//+8tN/phOHMZ2sw2g+hmFtg3DjpY9+Czte4p21HUd7i3MO1Y62wa5NzBt2iVUAI3silsv/Heum32HbtxmvqLFbcTQfA/zfKMnImYRl/g8xcgqjXtdgNDc3u95YfOvo6MBqtVJcXExiYuIA1kyGMue5xnXyNDyW9Fg6wHCdpLo/mXc+79wO93Zdj42e+3k8dj/vuZ2r3F4MH8tgL1q8inOu6BqZ67V0hLDsKs9HuY6ey2AvDn1dpHiV67tdAy49+89zafhYeuwXanv77D8f/Rh0O4fRj8G3c7D9F2Q7h9CPPi/mYzleAvRf+O0dO/EScpwE6j8f/TgQ8RJ6O0c5XoLpP3e8hNbOQyJegokTf/3oMw6HaLz42D/o9vbVf4qX+IuXYPovlPYeavESzHklHuLFVU6/2jlAe/c7XkJo54jFS/tJEmrLcdSUYUpIxJ5VAGmjcKRmYSQm4zAnYaRk4TCZMLWfBHsHZrsNR2sTJmsrxokjmOzW7n4N4X0p2OvpsOMlHjjszvyY3QY2G9isYLPiaG92/iz9NiwTqwCmMSUkXv8YtvKXsX70N+wHP+hjDwMjbRQJs5eTMP0GMMVe01x08UW8tX4927dtZ9Fli7zWtba28vMHHuCMM89k4aJFfkoQ8eaVTO15Ayuje2nvuthxLe2O7pMurucx+l7i+RiPk3XXY/dZrmdFCe7k2HPZqziHc3OHw1WtfiwJsKTH0mv/IC7eey59XVz2bLe+lvhY4mfZZ//10c7+Lk762X/hfcIebD8G187B9l847dxn//W6WgytvQc8XgL2XxhxEmPxEmo7B9t/Qb8vhdSPobVzbMZLaO0cN/HiY/+4jpdg+k/xEvL1QczHSxD9F0o7D7l4ich5ZRjFi7vhQmvnoOMlpPelKMSLtQPz0X04ju4N3G+47tnhakeba3+7+/fZx7LfDednf6+ln/YWiYJhN8eqP/ajldgr38RevxfH8QPQ2QoJiRiZYzByCjEXzsN06lQwx/ZIz1V//zt/efZZTp88mRkzziUlJZna2lre2/oeU86YwteXLyc1NXWwqylDRF3XHKuG82zja+lwdM29CiYT4HBdQhiuOVTxnnO112OPc5zJ1PucB0b3Y4I45wV70eIlnJN0cBcBYV8cBrhY6f7kNshqB9N8oVzrBMNr/9DbOdh+DL6dg+2/INs5hH4MvZ2D7b8IxUswcTKE4yUqceKzH6MfL6G3c5TjJZS36ZDbuY9lL4MQL8HESTzEi89yFC+Kl2idV+IoXoKrccB+HBbxEkJzK166yg3+fSkm4kXiVtzdvCoguw1H+wlo/RzsVjCZISkdIzkj5hOqXWw2G5WVlbz7zrscqjoIQFp6OnPmzOGss8/WDaskKEf+X5r7xlS9bmCFAYbzk0YM52PDtQTnSbTrMtLAedYzXGe/rse4Trb4eB53OV3pWM+zXA8RPjkOxMVv9/7RuBjp3m8g/ljsXgbXzsH2X2Tau7/9GMmL9t77D8TF7/CKl2j8kTtY8RJaOwfbf0G3c0j9GI0/cgcrXkJr57iJFx/7x3W8BNN/ipeQ+y8u4iWUd+rhHC/u/RQvQcdLSO9Lwzhe+myA8NpbxJMSqyLi15H/l45hOM81huE8mRp0J0O9k63dI05NAEb3pYS/EasGzie6znEasRrexeFgjZAI+lonGF77h3NRG1w/xtwIiRD6MfR2Drb/ov9HiUashtKP0Y+XYTGiKB7iJZg4iYd48VmO4kXxEq3zShzFS3A1DtiPwyJeQmhuxUtXucG/L8VEvEjc6iuxagq4VkSGNYfrbOL83/UJIh4nR48lgN3u6LGfa+kIsDT8LH1t7+/s5vCxDHRy7Ln0d9zh1tfRd3v0bMeAFyM9l4EuJj36JdR27lc/epTXZzv7uzgJtL3XNWF06u2r3GDbOdj+C7q+/uodYPsAv+AB23nQ4iVAe/S7vf1tF0PxEmo7ezS4/2XPePFXjxDq7WsZajtHPV5CeJ8OtZ2HRLwEc17x14/++mUoxovPnEOQ8RLM+7Tipe/+G6rxEkT/+a13gHYecvESTH37aI9hES/+f7H7396Btu9ZbAjvS4HqPajxEuG/t3y1R9jxIhIEJVZF4lj3SY7eJ028l0D3kh7Lnus9lw4/S1/bu8rzUdHeSz8Xgz6393HcEalvP9qjZzv6vUjpuZ2/ixN//RJCO/erHz3K67Od/bR3wO09yo1WvX2VG2w7B9t/QdfXX70DbB/gFzxgOw9avARoj363t7/tYiheQm1njwb3v+wZL/7qEUK9fS1Dbeeox0sI79OhtvOQiJdgziv++tFfvwzFePFRbtDxEsz7tOKl7/4bqvESRP/5rXeAdh5y8RJMfftoj2ERL/5/sfvf3oG271lsCO9Lgeo9qPES4b+3fLVH2PEiEgRNBSASx44ePYphGP3+B/h93PWz5zLQz4GeExEREREREREZbKVl+wOu14hVEYkYfU4jIiIiIiIiIvFCiVUR6ZdASVMlVEVEREREREQk3iixKiJ98pU4jVSiVUlZERERERERERmKlFgVEb+U9BQRERERERER8U2JVZE4p+SpiIiIiIiIiEjwlFgViWP9Saoq8SoiIiIiIiIi0psSqyICdCdQey77u5+IiIiIiIiISDxJGOwKiMjgczgcGIbhXkb7dQaS3W7HZnfgcDiUBB4AhmFgGAZmk4HJNMif3TkcYOuAzjaw25z/HPbBrdNQYZjAZHb+sySDOREGOHZ7UixHRkzFKEO3X2OtHUVERERkcCixKiJBG4wEabCsNhs2m5JoA60rOWK3A9gwm00kmM0DXQnoaIb25oF93eHEYQebHWydzsQ0QNIISBwx4AlWxXJkxUSMMvT7NVbaUUREREQGlxKrItJLJBOnA52EtdnsWG22AXs9Ccxms2Oz2UlIMGMeiFFd7c3OpOoQGvk2ZLQ3Q0crJKeBJSXqL6dYHhgDHaPDtV8H/L1ORERERGKCrvxEZNgYrn+wDwdWqw1btPumowXaTyqpGk0OO7Q2OROsUaRYHngDEaPx0K8D8l4nIiIiIjFDiVURGRbi4Q/2oc7qGtEVFR0t0HYiOmVLb21NzjaPAsXy4IlmjMZTv0b1vU5EREREYooSqyIy5Nnt8fMH+1Bntdmw2yOccLC2K6k6GNpOONs+ghTLgy8aMRqP/RqV9zoRERERiTlKrIrIkOZwSbL+LwAAIABJREFUOOi0xtcf7ENdp9UWubt/OxzO0ZMyOFqbIjb1gmI5dkQyRuO5XyP6XiciIiIiMUmJVREZ0mwaETQkRazfOppBvwODx2F39kEEKJZjS6T6I977Nd6PX0RERGS4U2JVRIISS6NvHA6H5rEbomw2e2R+l6I0z6cEIQJ9oFiOPZGIUfVrBN/rRERERCQmKbEqIkOW/lQd2sLuP2t7xL6GLmFwOMKea1W9GJvC7Rf1q5PaQURERGT4UmJVRIaseB8JNdTZw+2/zrbIVETCF2ZiVbEcm8KNUfWrU9jvdSIiIiISs5RYFZEhy+HQH6tDmT3c0aa2zshURMJn7Qhrd8VybAo3RtWvTna1g4iIiMiwpcSqiAxZ+hb40Bb2vIP6BYgdYSfgIlQPiajw51iNUEWGOLWDiIiIyPClxKqIDEm6GcjwEFY/ahRY7AijLxTLsS3U/lG/ioiIiEg8SBjsCoiIhMIwjBD3bKFq5za2fNxAox3AREpOHnPmTmdCmjnk+rTs38Kqd+s4aU/l7OIkPipr4YwrFzMnO+Qi++9wKa+VQcmCEvKB+vfWsLIylYtuvYiiSJRfs503Tp7Bwskj/G7SUvkWO9IuYU5+cEWH3o8heu97sGljjyfvgftuj0z5x96AJ2oiV16w3vse1NwG107zfv7Tp+DvZfDl/4SR/naugdUb4bwbYHS0K9ot3N+B9o838PT2tr7j7fg2nnulhRm+4sLvukpefuZjantsnjb5Qm48PyesenepWLuKHZmRKy/SQu2f0Pbz1d4WcidPY+H540gNqSbBO7HnfTYfyWHO7EmkD9BrioiIiMjQpMSqiMQRGzXvbmRNdToXLbmCojQL0MaRip3sPQ4T0kIt9xAfvFdH6swruLHIAsB50yNV53442cihGpjkephz/mLuPj+C5eePIeWxlfyZa7nFR3K1pfIVHn07i5vvjuBrRlPhn3onHoe702+H+/ra6Bh88hs4Y2ATq+FppLTyBJkZFio/2s+ceROj8BpJA/chidCrvU+W8/KqUjaPHsOiiaF/+BWM9vrjHDpsoh0lVkVEREQkMCVWRSR+dHzMB3vtTF54IUXuJGoyo4tmufJINj6v2Mpr2+o5aQdzcibF8+Zy3igz7NnIYx9ZOHtUI2UH2rGRxKQ5FzE/s5znXqnmJMD7r/LY+13lZrlGjLZQ9e47vLG3BRsWcotzMZfVc8qVi5lzfCOPfZTKtdfNJAdcr+F67PV6MHlxCek7d7HjSAs2wDwil4sun8UpH61hZaXzjuwbn1nFjskXcmNOeXc5rQfZvGEXu+s7AROZE6Zx1dyJpFLP5hff4fMxE7AdPEBdGyRmTWDxVSU+cmp5zLl7AfhIrnYnVWdzajT6bCCtnAkjfgF7HoZmoPgXULAD3ngEbNNh4S+gJMc5+nNjunPdR2+C+VL44v1wWs8UTDu89zC8+zzY8iD3Nlh2HRx/GZ79DL5zr+ss3A5/uwYm/g1KTsDffwX7t4L5Apj/QyhxDQPe9yL8/Y9gA7Lvgpuvg+R+HpvXSNoT8NovoexNYDxM/A5cchKe+JFz27/PhOxfwFcWht+m0bZ/F2Udo1m8JI0Pnv+U9xsncl5m18oW9mzayMYD7diwkDcpExv9WddPx7fx3CsnKTijk8rdLdhMqRTPnULHzlIqm+wwIpeFV81iQqJrVGrKOEYfPcTeZrszfhedR2HPUfJ+4pWP1/FsWTpXXn8ezt+GWt5+YRvtM69g0agDrF9bzt5mO5iSmDT7IuZPTAU6qdn5DuvLGmkFUnImsPByX/Ed49KmMGnUp5QeaYCJOXByr8/jDdzGLVS99z5vVzrbwpyRy0WLZlGY0qNvyGNGWjU7jgBUs/KZavJmLWF+yjbeeLeaujbAlMqk2Re62lhERERE4p0SqyISP6qPU0caZ/jLAB7fyWvvn6Bg4RXMOdXEiYpNvLBuK6NvuJAJAM0NfD59Ll+em8rn29bzws5PmHHdTG68NZOXn/kYZi3hqkLcXysGaP/4fdbst3DhtVdxZpqdmvfW8QpwSn/q21xP7eSZ3HB+LqmJnXw+/TyKR2WSQCd71q3hg4/qufH8xdyds5HHttD91f89XQW0UbGplL3mKdxw62TSbbW8vep9Xt6ZzVLXiNrao3auvW4JOezltb/uYsf+Ei73OejPmVxtffQF/sz13DJ5BC2Vr/DQugzuWj7Ekqp77oRfezz2HMFa1Q5fXQ3WLfD7O6HtT/DdbbDrIXjrTSi5wbnd8Vdg9u9h0b/D7qfg/x6G5fd7v86nf4X3R8JXt0EasPF78Lc8uOViyL0ESm+Dc9Ph5FbYfyV8MRFWfx9yH4R/ygdrDTz1Gyj4T+ANeLkWvvq6s6zdD8Nru0IbebvvRdg/A+77d6AddlfCyFlwXx78+k744jY4PfhiB14j739Uz8jiy8hPtPCFSQdYX3aI82aPBZyx99bBZC68dqEz9t5dxyuuL5MHWtdbO7tfWcVu92PXiEoATvB5xjy+fGsqVZteZ83b5Zyx+AruHlXL2y9s5/2yRiZMd2Z6T1afoOSqK5if1sLHazfw1rpd5Cwp8XidQPE6ifE7d7Frv438iWbYv5e9jGbxxAY2v1hOS/E87i5Kd47ufHkbFRMvYsKeLazZn8rim+aRb+6k5t11rH9vbMxOOeCP9fguKo+aGF2cA9Szea3v4wX/bZyyZxtv7DdxQdf78LvreGVtqbv9T1Y3cuaCeVw4Kp0kZjL+vTWsrM5xfehVz5YXq7GdsZC7p6ViPbmXyuO6RYGIiIiIOCmxKiLi8vneek5m5FFyqvPr/OlFY8h9/1MOHMaZWE3OpWSic1TiKVlJsPsERwicJK2qacQ85mzOTDMDZvLPGE1a5ZH+Vcgymi9My3Olexqp+Wg7HxxuoaPrPkGjjwOBkiTV7D0CeRdPdn6d1ZxH8ZgkKg8fpJ08APImn02OGSCT9BSoOlLvHBXmUx4Ll1/GG4++wJ8qs6g+mM1dy+cOraQqBJ4K4PQZzjNjgmv06TTXdvnToL2me7sR18IZrm3OWAgbr4Gq+yHXo6zdz8Ppv3MmQgGKF8L7W8E6C867Dd7dCucuhPdXQvE9kHAA9lTCnmvgfY9yjgPH3ob2N+HRp7ufz54MhJBYzZ0MbU/D2pEwbQacMUSnRTj8CZWtOcw50zlsN784j8SXPmXXzLFMS/QVezmk7XV+4BFoXW9+pgI4DpDOpCLn70FKoglG5HDGKDMwlrzM7dR0dLo3Txw3yfV66Zw5PY8daxqoAbrHrAaK12lMm/gxr1TuhYnj2LW7nrTCeeQ37uXtZjsn31/vMVo+iVOOg/lAA7ZmeOUvq7rr3Od7Rizokci2pDJp5oXMHwM0HqTKz/Hm4r+NEw80wKk9+7ueqg5IBBLHnU7JKH9f+s8if5SF3ZXb2Mw4JheO48xxligev4iIiIgMJUqsikj8GJNNLgc5VG2jaEwIc/WZPZMgkdfukYQBINFEYtfP+3fxzmELFyy5gmlpFg5sWM0bHRF4UXOwR+RMrr73ymEuX37O0Euq9iUpse9t/LG293/bMy51TjFQMx7KgGVFQAUwEr70OpzWY/tjOEey3n5x6PXrkjYLvjkNDu6Ad38GNcVwz+1D7IqgjV07a2nthDeeWeW1ZtfOeqYN2KhMUxjvCTZsHf1/T8kvziPzpWp2HT3Jx/WZnLkgE1oBkii+ZjGzMr233wOQP427F0zqXVhM80hkn9zFqpUHaU9M9Vrv63grfJblbOO+JJoDzalhZsLcy7j56EF2763m7VUfYSu8kBtnxnqCWkREREQGgr7LJCLxI/FMvjDJxN53t1JxsiuJ2caRii1sOWjjlEk5pDXVUnq4E7BxoqKaOksmE8LIHhbkZ2KrPsDHJ21AJzVlR5zzsQIkmjE3N1LbCnCC3QdO+i0HsxkzYDZboLWSXYft3esyU0mhk9bWnjuNYdJoqN1dyQkAWy1l1e1knjqOpNAPCcjj/CuHYVI1GM0rYfcJ588HN0LTlTCxR6uesQw+3Yq7w8vegLwLXAnMIigG/vYryL/NdbOoCTAR2LEFrK59du1wLideAHWvwEHXa548AJ/Wh1b3YxXQmAinXQz/dC8kvAk1ACMhA2gLIkE8WI7vYld9JhcsW8Ldt3r8W5iHbc8n7MFH7O2ud3dFoHXR0nFwr+v1WjhQVkdrRjYFXnn8PuI180zOzGlkx7pDdEw6nWmJQGYe+cntHPjooHMfTnBgVyX1rmPk8H5Kjzvf66zHd7HrYNAzyQ6utGlcXGzh0HvbOQABjxf8t3HBhCw4fNC7vzNyerR/t5ysZOjodOataaNm/0E6sidScv6FXFWcxsnqQ67XFxEREZF4N6TGp4iIhMdM/uyLWLxzG1tWvcpGO4CJlJw85swF0qZz+XlbeW3dqzzWdfOqBRc4pwEIUdKZ53FJ/UY2rnyZd7CQW5xDLsedA0XHTefC/A1s/NsqtpqSmDQmzTUCzYdx07lo3Ebe+tsq3knO4YwxSa6ELDBqKhdM2MjGv63ig9Fncrd7gFoyRXNLqNuwi78+8zHOm+GczVXTM4EQk3LDQc85VrnHdVOnIGRfCQd/CS+7bl511f3Or/x75iRPvwHOexj+d6bHzatmda+fvQx2PAIzZrieSIKr/gAv/wZ+802cN5a625lsHX0VXHUS/n4TtNdC0pWw8J7+HV/2L+CLHo/ba2H1j6DpM+drFP8ExgHkw8Ifwt+vgTXLgm+TAWNjz0e1tBZMcyYXPZ06hclpG9ixs5HC6T1iryCVFNdmveLSY11vPedYhbTJF3Lj5OBqnTYmndq1r/JOsx3ziBwuXHA2pwDdE4MEilfn+mln57Jj/UkmF491PZfHxYvO5LUNpfz1mZ3OffInMf9M5zEubnqft197lQ9c72eTz2+BIXaf+1OmT6d4/ztsee8IE873f7zgv40pnMnC+vd5e+XLvIPz5lWXLCrp0f4eis7k7L3bWfPMKtImlzDj5Kes2fyR8wZnyZkUz50yxFpRRERERKLFcDgcjsGuhIgMjrq6OgzDCOof4Pdx18+ey0A/B3quP3p9dT4mHefI0WRGjkolAZvzhlg7k1h4wywKBrtqMSApMYy5Ck8cBYe97+0i7dOnYGM+fGVh+OWsHwlfuyoy9RpMhgnSR4W8+9CI5dBVrF3FjswLw75xVP17a1h5fBy3XT41zFHn/RdOjA5kv0aqjaMlrPc6ERERERk0pWX7A67XiFURGbIMA2L+o6HWk1Rue5/K+nb3aKcz5pYoqUroCXWPAiDW+9+vE/DuI3DuW4NdkcgwwptZaEjE8qDbz449nYyfPWXAkqrhxqj61Sns9zoRERERiVkasSoSx4b6iNVOqw27fRBGLEpEmEwmLAlh3A6stRE62yJXIQmdJRlSMvvezg/FcmwKN0bVr05hv9eJiIiIyKDpa8Sqbl4lIkOWyaRRQEOZOdz+SxiocXvSpzD7QrEcm8KN0bBjfJhQO4iIiIgMX0qsisiQZdLXK4e0sL8eq8Rq7Ag3sapYjknhTwWgfgW1g4iIiMhwpsSqiAxZhmFgMultbCgymUyRmWNVydXBZ0l29kUYFMuxJxIxqn6N0HudiIiIiMSs+L7aFZEhL8Gst7GhKGL9lpwedlJPwmAYkJQekaIUy7ElUv0R7/0a78cvIiIiMtzpak9EhjTDMEjQTUGGlIQEc+RGcJnMkJwRmbIkeMkZEKERiYrl2BHJGI3nfo3oe52IiIiIxCQlVkVkyDObTCSY4/MP96EmwWzGHOmvBluSnSNXZWAlpzvbPoIUy4MvGjEaj/0alfc6EREREYk5uuITkWHBbDbpK5cxLsFswhytPkpM1cjVgZSc4WzzKFAsD55oxmg89WtU3+tEREREZECZTP6/gWQyGUqsisjwYTabsVgSBrsa4oPFkoA52iPWElMg9ZSIfTVdfDCZnG2cmBLVl1EsD7yBiNF46NcBea8TERERkQGTaLEEXKe/PkVkWDEZBkmJFo0WihFms4mkRAumgZpnMCEJRuRA0oiBeb14kjTC2bYJSQPycorlgTHQMTpc+3XA3+tEREREZECMPMX/NyNHnpKB4XA4HANYHxGJIXV1dRiGEdQ/wO/jrp89l4F+DvRcpNjtdmx2Bw6H859EV9fvgtlkYBrskaMOB9g6oLMNbFZw2J3/pG+GyXljMJPZOY+qOREGOWGkWI6MmIpRhm6/xlo7ioiIiEh0tLZYOdnSyvHPm+josAKQmJhA9ikZpKWmMLy/jyUicc9kMumb4fHKMJyjKwdohKVEl2J5eFK/ioiIiEisS0tNIS3V93RoSqyKxIO2Rtj/Pny8Fj6vgv3vAZALdI6dgT1jDB2F87CNOxdHkm4AJCIiIiIiIiLSl5iZCuDdbeWUlu2hYk8VrW3tAIzMyqCosICrFs4iJ1vJHpGQbHkc3vottDX1uakjKZ22WV+nfcbNw2YqABERERERERGRULS2WAOuH/TEav3xJp56/nUq9lYBkJKcSEF+LgCV+w65t1swdzpLr5k3KHUUGZIaquAvd8Hhj4Pe1TaqiJYv/g7HKWOVWBURERERERGRuBTTidWq6joefPQFWtvamXzaWK5eNIuiwgKvbd7dVs7qtVs43tBEQf4o/vW7tw5SbUWGkNpyeGJpv0ap+pWcQfOyP2EffYYSqyIiIiIiIiISd2I2sdrS2s4DDz3DsYYmll5zMQvmznCvW7dpB61tHRTkj6KkuJCW1nYefHQFh2qOMn/OdJYt0chVEb8aquCRxeElVbskZ9B8+/95jVwFJVZFREREREREZPjrK7E6aPdhXbdpB8camrjg3KleSVWA1Wu3sHrtFh558iUeeOgZAL6/fCnZWRms37yTquq6waiyyNDwl69EJqkK0NZEyspvRKYsEREREREREZFhxPzTn/70p4Pxwo88uQpLgplv3f0lLJYEr3UzzzmDosICGpua2X/wMOWf7GfB3BmkpiRTWraHjk4b50wrDK8CrZ+x+bkneeKFv7Nm7Zts2FzGoYRcJo3PJim8koNQxtP3PU3D2bOZOGLAXlSGsy2Pw4cvRrRIo7kektOxjynRiFURERERERERiRvWTnvA9QkB10ZJVXUdrW0dlEydRGpK7zRmTnYGOdkZnFNcyIOPrKBy3yEq9lQxe+ZUnnr+dSpdN7oKXR0b/vC/lBbdy49vy8cC0FlH6QtP8PiGL/Pteblhli8yCNoa4a3fRqXoxHcepeG0hTiSMgAlVkVERERERERk+LOYkwOuH5TEaktrOwAFY/pOYN5z5xLWbdrh3nbyaWOp3HcovArUlbO9tojF33YlVQEsuZTcdD8l4ZUsMnj2vRf8FADXvgVpz8Izfwq8XVsTqTW76CicDyixKiIiIiIiIiIyKInVYKSmJHH1olmRLTQlmRTqOFgHxX5zu53UbH6ap9dU0mBNIG3ypdx20zzGpwAn9rJhxUo27DtKmxUSRp3PbfdeS1EKULeBB//zIFOvh/KV5Vgv/B73X55Fzdbn+MvL5Ry1QkLWZC698SbmjXe+UsPB1Tz823c42LMskWDsXhvc9te+BaM2wv/2kVR1Sdz3ljuxKiIiIiIiIiIS7wY1sdo1cjUY9Q1NpCQnhvfC6Rdw/eL3+O1//gvbx01lzvnnUzR1HPkp7vGrdJY+zcPb87n3Z18h3wInSp/m4RfK+N5txViwkjXva/z4K+lY6GTvyl/ywpvnc//V+a69y3mv9Hru/dlt5Fqgs/RxfrvGwo33/5qSdOg8vp13DlphPMBRSssv5fv//mvSaaX06V+y4s0Z/OvV48M7Rok/DUFMkeFOqv6s37uYm6pDqJSIiIiIiIiIyPBkGowX7fpaf2nZnqD2q6qu43hDE0WTCsKuQ+68b/Ozn93LTWenc/C9F3j4Jz/iXx5cSUUrwAm2v1NJ0bzLyXflWtNLLuS0vR+xDyC9iJJJ6a5pBCxMmjyehobjHqVP5dqvnEuupbusyVffSEm6c60l+1zmdT0gi/MXl+B8lELJ2ZM42XAi7OOTOHTg/f5tF0JSFSChvjKESomIiIiIiIiIDE+DMmI1NSWJC86dytbt5azbtIMFc2f0a7/Va7cAUDLt9IjUw5KSz6Q5VzNpztXQeZztT/+WJ1ZO5dc3ZdHWCuXP3cd9z3nuMZWpAK2fsfmFlWzYe5STbVbXKu9j6G7YVtpawZJswbcEUrwfisSmYOdvFREREREREREZxgYtjTduzCi2bofVa7dSNKmgXzey6tpm9sypka+QJZtzz53EC+8c5wT5JKfA1Ft/zW3FvTetWPkIGxJu5ds/LibdApQ+zX0f+Ss4heQU6GzrBPwlV0UG0MpLnKNWv/qT4EatJqX3vY2IiIiIiIiISJwYlKkAnl+1gRUvvQ1Aa1s7Dz76Aus27fS5rec8rFcvmsU9dy4JvwJ1r/HwHzaw93hn93Mn9rJ6QwXjZhSTTjol50+m4s3XqOnapLOO0u176QQSEpIhJYVkC9BZw4YNFQFezFlW5YaX2ev6hn/niVI2l+rr/hJhE87r/7YrL4GjFzmTq/1kHVUUQqVERERERERERIanAR2x2tLazqNPvkTF3iqyszK4etEsVqzaQGtbOyte2sC6TTs4Z1ohqSnJABysrqNiTxXjxuTyveXXR64iuZdy4/kv89wTP6fmaBtWICE5j6LF9/LVC1yznZ57G/e2Ps3TP7mPBqtz/dnX3sZUYNLVN1H88BP86D4rCWmTuercIjjq/+VSzr2Je078hed+6SorazKX3qgklURYVkH/51mF7pGrt94Jz/ypz81tGWPCqJyIiIiIiIiIyPBiOBwOx0C8UFV1HY88+RLHGpqYfNpY7rhhMQ889Aytbe0sveZiDlYfZev28l77pSQncvWiWf2eh1Ukbn28Fp67K2rFn7jyd3QUzgfAMAz3P8/HXT97LgP9HOg5EREREREREZFYNiAjVquq63jw0RdobWtn/pzpLFsyjwcfWeF+3JU0XbZkHlXVdV77FhUWDEQVRYa+0853zoPaHoVpJpLS6Sw4N/LlioiIiIiIiIgMUVFPrHomVW9fdhmzZ07l+VUbqNx3iLH5o1i2ZJ5729SUJCVSRUKVnAnzvw2vPRDxopvP/zr2xAw0rlRERERERERExCnqN696+MmXvJKq724rZ/3mnaQkJ/L95Uuj/fIi8WXWV+DUMyJapG1UES1n3xzRMkVEREREREREhrqoJ1aPNzRRkD/KnVR96vnX3UnV1JSkaL+8SPy56XHnlACRkJTO55f/V2TKEhEREREREREZRqJ+86oHH1lB5b5DFOSPoqrmqDupWjAmN5ovKxLfasvh8evDm281KZ3jX3wc66gpfm9WpZtXiYiIiIiIiEi8ivqI1WVL5jHWlVTNzspQUlVkIORNhXtfD3laAGvOZI5e/1c6c4oiXDERERERERERkeEh6iNWRWSQbXkc1v9Xv0avOhLTOPGFr9J81k1eo1I1YlVERERERERExJsSqyLxoK0R9r0Hu9dCQxXUfgztJ3AkptEx8nRsGWNoHX8RnQXnYk/M8JtUVWJVRERERERERMRJiVWROPbZgZqASVQlVkVEREREREREfIv6HKsiIiIiIiIiIiIiw40SqyIiIiIiIiIiIiJBUmJVREREREREREREJEhKrIqIiIiIiIiIiIgESYlVERERERERERERkSApsSoiIiIiIiIiIiISJCVWRURERERERERERIKkxKqIiIiIiIiIiIhIkJRYFREREREREREREQmSEqsiIiIiIiIiIiIiQUoIt4CGhoZI1ENEPGRlZQ12FUREREREREREJICwE6tKAImIiIiIiIiIiEi80VQAIiIiIiIiIiIiIkFSYlVEREREREREREQkSEqsioiIiIiIiIiIiARJiVURERERERERERGRICmxKiIiIiIiIiIiIhIkJVZFREREREREREREgqTEqoiIiIiIiIiIiEiQlFgVERERERERERERCVLCYFdARGQgGQaYE0yYTAaGgeufMdjVEhEREREREYkZDocDhwMcDrDbHdisdhyOwa5V7FFiVUSGPcMAs9mEyWxgNiuJKiIiIiIiIhKIYTgHIwGYzQYWiwmbzYHd5sBmU5K1ixKrIjKsmc0GCRbnCFURERERERERCY3ZNVjJbDewdtqx2ZRdVWJVRIYlk8n5iZpJI1RFREREREREIsZkMkhMMmO3OejstGO3x2+CdcASqxV7qli3eSelZXv6tX1B/igWzJ3BrJlTo1wzERlunG/yJs2dKiIiIiIiIhIlJrNBoslER3v8JlcNhyP6syK8u62cp55/HYDsrAxysjICbt/S1s6hmqMAzJo5lTuWXRbtKorEpc8O1LjmTen/P8Dv466fPZeBfg70XKgSLCYsFlPEyhMRERERERGRwDo77Fit9sGuxoCL+ojVij1VPPX864zNH8Wdyy6jYExuv/arP97EI0+uYsu2ckZmZXD1ollRrqmIDHUm14TaIiIiIiIiIjJwLIkm7A7nza3iSdQzEOs27QAIKqkKkJOdwfeXLyUlOZF1m3ZGq3oiMkwYhkFionmwqyEiIiIiIiISlxITzXE3JV/UE6ul5XsZmz/KnVStqq5jxUsbaGltB5zTBLz8xlYAWlrbefL51/nQNQ9rakoSJcWn09rWTlV1XbSrKiJDWGKiiTh7/xYRERERERGJGYbh/Ns8ngzI0aYmJ7l/Xr12C+s27WTLtjIAnnr+dVav3UJLqzN5umVbOes27nBvf860QlKSE0lJSR6IqorIEGQyG5jMyqqKiIiIiIiIDKZ4+/s86nOs9rR0ySUUFRYwa2YxAMvvuAZwjk4tKixg6TUXUzSpwL39OcWFnPOLf45afTo6rPz3EysB+OcvX0tiYuAm2fGPSl546W1++I0bycpMC+q1dvyjkj88/TJfu+0qZpw1OeQ6i4g3zas0cvEjAAAgAElEQVQqIiIiIiIiEhssFhPtNttgV2NADHhiNSc7gwVzZ7gfn1Nc6LXecx04b341MjuTnOyMqNTns0OHOeiaZuCzQ4c5/bSxUXkdgGlnnMav//WrjEjV6FuRSElIMGEyxc+nYSIiIiIiIiKxzGQySEgwYbXaB7sqUTfgidV1m3aweu1W7rnjGooKC3jwkRW0trXzr9+91Wu7d7eVs2LVBlrbnHOxFuSPYvkdSyKaYHU4YMv2jzm3pAhw/lw4cWzU5mlMtCSQGOQoVxEJzJygpKqIiIiIiIhILDEnGFitg12L6BvwxOrB6qO0trXT4kqY1jc00draRktrO6kpzrlYK/ZU8dTzr5OSnMhVCy+g/ngTW7eX8+iTq3olYMNxqPYoe/ZXc/fNVwDwxHNrOHrsc3JzTnFvc6DqMI//5TWOHG0gb/RIr6/wNzSe5Fe/f46Z50yhtGwPdfUNlEwt5KpFs3j2/95k/8FaxuSNYvnt1zBqZCb7PqvlD8+8zNduvYqsU9L51e+fY9bMYj7c9Sk1R+rJzcniKzddzoSCUyN2jCLDmWGg0aoiIiIiIiIiMcZkMjAMA4fDMdhViaoBT6zeecNlXDp3OgVjcgH4iStR2pVUBeeoVoB//e5t7hGqOdkZvPzGVir2VFFUWEAkfPDhbvJGjyT/1BwAckdlUVq2h4UXnwtA44lmnnhuDWPzRvHNu66jsekkTzz3Wq9yPvn0IF+77WoaPj/BH599hb0HarjpugXkjMzkiede4/W3PuCWf7rUZx3e21HOl2+8nPS0VP701zW8tv4DvnrLlZjNmjNSpC+KExEREREREZHYZDKDbZiPWh3wrERLazutbR1ej1ta23ttk5Kc5PW1/64bWlXV1EWkHo1NzfyjfB+zZ07FbDZhNpuYPXMq735QRmNTMwD7P6ulta2dL15+IaNGZlI4cQxXXHpBr7Iunl3C2LwcCieOIf/UHM4sGs/0s05n3JhcCieMofpwvdcxe7ri0gsonDiG0aOyKJ4ykaYTzXR0DvPfOpEIMZRXFREREREREYlJ8fAN0wEfsfr8qg1s3V7O7csuY/bMqTzw0NO0tnXwu3+71z1qdWR2JpX7DnmNTu0axdqVYA1XecUBauuO8fCfVnk9bxjOdbNmTuVIfQNmk4nERIt7fUpyYq+yej6Xm5Pl/vmUzDSqD9f7rYev8kSkf4xoTYgsIiIiIiIiImGJh7/ZBzyxWlRYQFVNnTtBOmtmMceON3pNBXD1olmUln3Kf/7PCxRNKqD+eCPHGpoomTrJPYVAODo6rGzdXs7Vi2Yz+wvFXuve/aCMrdvLOffsIkbnZNFptdLc0kaW66ZT/kaeisjAM8XBm7SIiIiIiIjIUBQPf7MPeGJ19sypzJ451f142ZJ5vbbJyc7g+8uXsnrtFkrL95KdlcH8OdO5etGsiNThs0OHqTvWyNIlhe6EaZeS4kI2v7+Lzw4dZuL4PEakpvDKG1u57sq5NDad5NU3t0akDiISPk0FICIiIiIiIhKb4iCvOvCJ1arqOkrL9zJ/znRSU5L4sGwPx443sWDudK/tCsbkcs+dSyL++g4HbNn+MWPzcsjLze61Pi83m7F5OWzZ/jG3/tNCvnzjYp54bg0/+uXj5OZkMePsIrZ9+EnE6yUiIiIiIiIiIjJsxEFi1XA4HI5ovsBd332IyaeN5fv3LAXgwUdWULnvkHuO1bu++xAAf3zou177Veypcs+zmpKSRNGkAkqKC71uaCUi4fnsQA2GYQT1D/D7uOtnz2WgnwM91x8pqQP+2ZCIiIiIiIiI9FNry/C+QfuAZCVa29rdPy9bMo8Py/ZwTnEhAMvvuIZjxxu9tv/TX19n6/Zyr+dKy/aweu0Wli6Z5zWVgIiIiIiIiIiIiMhAi3pitWTqJErL91JVXUfBmFz3vy5dCdYuq9duYev2csbmj+LqRbM4p7iQ+uNNVOytYsWqt3jq+dcZlz8qIjexEhEREREREREREQlF1G/9smDuDAAeefIlqqrrAm7b0trOuk07yc5y3ryqK+mak53B7JlTuecO55yrq9duiW6lRURERERERERERAKI+ojVosICbl92GU89/zoP/ObPjMzKICc702ubkuJJLJg7g6rqOlrb2lkw13ljK19lZWdlUFq+N9rVFhEREREREREREfFrQOZYnT1zKjlZGazbtIPS8r0ca2jyWu9wOFgwdwYjszPJzsqgaFJBwLI+LNsT7SqLiIiIiIiIiIgMOrvdTqfVRqfVisPuwGa3A2AymTCZDBItFiwJ5pBvDC2hMxwOh2OwKyEig+OzAzUYhhHUP8Dv466fPZeBfg70XH+kpA7IZ0MiIiIiIiIiA85ut9PW3kFHp7Vf2ydaEkhJToqpBGtrS//qPlQpKyEiIiIiIiIiIhJDOjuttLS1E8x4yI5OK1abnRGpyZhNUb+tkjAAN68SERERERERERGR/unotNLc2hZUUrWL3W7nxMmWfo9ylfAosSoiIiIiIiIiIhIDOjqttLS2hV1OS2sbnUquRp0SqyIiIiIiIiIiIoPMbrfT2tYesfJa2tqxu250JdGhxKqIiIiIiIiIiMgga2vvCOnr//44HA7a2jsiVp70pptXiYgEVMYj311Lqa9VuWfxwA8uJS/ir1nHmv/4MyvroOT273LPtIi/QMg+fPIhHi2DUy+/hZ/Pz+3nXo2UrXqJZ7ce5Zg19o7JWxUb//wBFUDRJddx0ZjBro+IiIiIiMQDu90elXlROzqtJCfZMelmVlGhxKqISL+YKSgq4NQUj6ey80gdtPoMHbXrX+B3m5sgIYOpJdkUpViJjdOPrwR2I2WlBygFOktQYlVERERERAZEp9UW1bKTEpVYjYYE/jsNAIcDDMCBa+kAAwMHDufS4XA/BsO5AUZ3ST1GKnuX571/12OvV/RTnld9DI96ORwYhkc5nhtgeOzoUR/Do14O3Pu76+O1f9djvCrivb/vdurPcYXeTj160Fc7+SkvJtqpr34L4bhCb6f+/H77Li/sdvLFkoQxIhNjRBZGRg7ms+ZhueCLGCOV2YkNI5h5zXUsHj3Y9RhqGqksawKgZNld3HPOIFenT8Xc81DxYFdCRERERETiTKe1/6NVj5dtYDMlXFOc1e+ykxItoVZNAnAPGTJcSSDDlUzyShL1etyVRPIoySM517O83vs73Pv3VZ5nffBIynkv6bX0zhLjtX9UygnyuEJtp577+22nPvpt0Nqpr3JCOq7Q2qk/v9/+ygu7nXzpbMfxeR2Oz+ugugLb7nfpWPFvmIvOI+GCa0n4wpUY6SP97CyDp2vUYwZzr8mj8tUKDlshYdx07r8lm/V/3MCWOhsJ6Xks+/qNXDQa2LWCu546BMXTuSt5D09ub8KakMrUhZdx9/yJvkfBNn3C809uYOPBFqxAQlYeV99yDYvHV/Hkj15lS1sS879xL8vGOzcv++tv+d12G1OXfY1vzYR961/isTdqOWZ17nvdHdezYIzrFHD8I558cgMf1NiwJpgpmHkZ3/zSFDL7cfRdUwOUXLOA1K3OYyUhi/nLl7IseQs//vU/OOzatvTZh7jr2bEsf2gp5/g9nhF+2nQsy2+HR586BMVncXPnHp6vaMGakMqsm6/jorp1PPJGLU1WM6decBn3f2kKqUDjnk2seLWcD3u+Ts+6PfUQdzGW5Q/N43DPUaz9reuyCRx79R+Un4CE9LHc/I2lzM4O5XdKRERERETijd0eaCRWt9ZPVvNfL9bSxgEaEpZy+5S+v0fp6GfZEjz3OOCuyXEdrqyPrxGB3SP6urd36zWir7s8/yMM6bM8r/WGR728Rj56r3fv7zUS03u9VxLMPcKQXuX1Honppz5BHleo7eR/JKajz/Jiop366rcQjivUdurP77e/8sJupyDYKt6n/akf0Prv12ErfTP4AiRCmtn20os89ufufy9+0uixvolNr9YysjiPUxPAenAnP//FOvZlFTA1F6wnann2+U147kHZTp48OIJzirPIsLZQ/tpKfrvleO+X7vyEx/7jVdYfbCF13FhmFmVAQy0rf/8Mz382hWsXZQHtbNnyiWv7HazbboPkSSyYOYLa9c/xy9dqaczOY2bJWAqstaz4zQt80Okq+6F1bKlJoKB4AjMnjaB266v8clVVUK1T+lL3sWJtYP2fN3MwJY+SkrEUJDu3GTluAjNLJjIy4PF4ltrEppcqOEwSGekjcH++WvYPVrdmUzwuCawtbHnqz/xycxunTckiAxuHt77Oij3OTRvLKihrG0FxyQRmFmeR2lDLysfepMxf3YJq+x51fb6ClvFjmZgO1hOHeOr/dtAZVCuKiIiIiEi8stvtfW9Uv4k/rKilDYAOylf8nbfq+97N1p+yJSTuxKphOL+G7RzR5xphh0fyyeOx5/ZuPR96lNdz/67HPV/PV3le6x0e9fIYGdhzvXt/h0c5PdZ7jSx0j4ikV3nu4/IciemrPkEeV6jt1HN/n+3kp7yYaKe++i2E4wq1nfrz++2vvLDbKQT2Q5/Q+tAttDxwFbbKD0IvSEJko6riANtKu/+VVrd7bTH1S7fwrVtuZPlc1yeGRRfzr3dfx7duP8uZsDt4FK90ZXoR3//Bjdx9x5386mbnLbD2b/2InufFxm1b2NYGTJrDz7+5lLvvvov756QCLazf9AmZF5zNVKB1+04+6ITGrR9RDhQsmksxVWzc3AQkUZCfBCSQk5UK1LKltI3O0p1sa4OE3GxyEoCUDPKS4VhpOfuCaJ2MOdfz87uv41vfuZipAA2NHMso5rpb5jEzw7lNwSXXcfctXyCzj+PxdOol1/Pof9zLQz+9EvcX9NOncs83l3LPN+dQAkAS8++4k3vuuJOlxa6++syZoB53xfV865opnJYCJIwgMxloO0pVq++6jQuy7T1NXfYV/uWOpfzLHVPJAGg43qsvRUREREREQtJWwVOP76bG68mTrHl8NWVtg1Qn6Z4KwDnSrmtEYF8j+rpGCHpkiXyM6Osuz98Iw77L86qP35GPXSMEPcrxMRKze39/Iwx7l+drJKbP+gR5XKG2U6CRmEYf5cVEO/XVbyEcV+jt1Pfvt7/ywm6nMNg/3Ubbf3+F5K8/ivnMC8MvUPopg2vvu8vHHKt17p8sya7hj8mut1ZLknuUpXNp9R7BOH4Cp3Wtzx/FqdRyuKaOKmdq0q2l1TmJ+cjx3TfLGjcpGza3QGsznZYZXD3nA8o31/L61jL2bWoA8rjsgmyghmMnANrZX3qA/R7lHmtqop5mZ83qatlW57GyrdF7dG0fUtOTeh2zP30eD93fnz91XEHv8lLMOO8hZnY9keRMmIJ7206sQBUv/scLvN4QxIGEUdfu/jeTCjSF/rIiIiIiIhJnTCaT/1GrbRU8+/DblLf7WNdey9MPv8pt915BcbLv3c0m3bgqWjTHaqTKCfK4Qm2nnvv7bac++m3Q2qmvckI6rtDaqT+/3wM6x2oQHJ/X0fqr60la9v+wXL48/AJlcHx2gH0UcxrQWXPUOd9nfi4F4J77EyAnYwTQxLHPammhgFSgts6ZtktJz8QCnHbJVAo2b6PqpbVUASPnzOELFoBkUpOBtiyW/uROFmR4V6FxizM5mXLuFfz+hinRPNqgjicijnxCaQOQMIHl/3Yd51hqePHf/uo70epnnvgBq6uIiIiIiMQ1k8nA7zf266uoaA6wc3MdFfVQPNb3asMUxtdnJSCNWNWIVY1YDfD7HYsjVrsrYaf9+Z9jGlOE+ez5ESxYfHPOsVqV4vFUdhFLr8gNvcgTFTz4H02ck9tGRZkz21dQMpWcHptZSqYzc9WrbNu7mR//bj9FGc1UlDUBGSy+pNC5UcYXuKxoG3+sAMhiwSUFrr0LueySDLa81sCKX/yRsuJsUlsbKdsLV//oThbMnMXMV19l2/ZX+W7dRxRlQ/1ntRyedFnUEq19H09dX0X0z+gCTkv+B4fbDrDyyRfZ0lrrTLS65XLaODPU2Sh96U88UpbPRddMH5y6ioiIiIhIXLMkJGC12nyvHLuAn/9kQVhlS3RojtX+zonpORLTV32CPK5Q26nn/j7byU95MdFOffVbCMcVL3Os+uRw0PrI17DX7olwwdJb7zlWt5XV0hJOkVkTWDCumQ/LGmhKMFNwwRV8b76PRK1lCnf/4Armj0ul5eAhtpU10JI7lqXfuNFjaoJkiqZkAZBy7iyvkal58+/gx9eNpSChifLSA2zb20TOlEJOs/gou/QQVWQzc0oYCeO+9Ot4ImEKS+8+i6npcLjiAPsyCpnV47CKllzDtUWpJJxooLS0kc4eI3oHrq4iIiIiIhLPLAnmvjeKwbLjneH4/QgH4Pras8cARodHEsvHiD78jDB0P/Qqz/8IQ/ooz6s+hke9eox89NrA50hMz/27HvceYUiv8vCqiPf+vtupP8cVejv16EFf7eSnvJhop776LYTjCr2d+vP77W/EapjtFGHmyV8g5cerg97vswM1GIYR1D/A7+Ounz2XgX4O9Fx/pKQO0U/ddq3grqcOQe5ZPPCDS8mLSKFVPP9vL7C+IZX53/k6y8ZEpFAREREREREZIC2tbXR0+pmnLESJlgRSU/xMvjoAWlsiezyxJnZGrGaOh4xxvcrTiNXgR2L6Ky8m2kkjVqPCVvkB1h1rolO4DAkt2zazvgEo+gLXKakqIiIiIiIy5CQnJYY88MgXwzBITkqMWHnS2+CPWC24ENPi/4HM8c4dGz/D/trX4eA77mJDGvmoEav++00jVofdiFUA09gppP5iPZj6P8RfI1ZFREREREREYkdnp5Xm1raIlDUiJRmLZXD/btaI1T5G9LmFMhIzdxqmLz6Ho+odHE/Pxv7UbBxV72C69jnIHNerPhqx2nv/7qf7HtkZE+2kEatRYz/0CZ0bno3eC4iIiIiIiIhIVFki9NX91BhIqsYDd2LVOeIP14g9fI4I7B7R1729W68Rfd3l+RthaMxYDnVlONZ8HceRf0DdLhyvfR3qyjAuvL9XfZwD/zz2d4989F7vro/XSEzv9b7v4k6v8nqPxPRTH6+Rk0S0nTzL8z8S09FneTHRTn31WwjHFWo79ef32195YbdTlHRuXhHdFxARERERERGRqEq0JDAiJTmkb3eaTCbS01JJVFJ1QAzciNXkU2DWDzFd9j8w9QbnV4czx0PV5l7lOQ5udq4DTNNuwrj8UUwX3g+JmRqxqhGrGrEagH3vThwNh6P7IvL/2bv7uKjrfP//jxlmgAEdhBQVRQ0o3BgLUzgrJa6leVXp0b5pbVa0i6fVvtV3qa1O5XZs95Sb7Kl+aZ3cXXJ1SzrpydK0pEws3K94mfA90qKpJCoqBiYXMjC/P4aL4fpChkF43m83bjCfi/fn/fnMvPjMvOb1eX9ERERERERE3MpsNtHX39KuBKl39TpeRmPrC0unqH12nJV2NRWBrVX0uY5pWdNA/YbrtefTD8P8r8BggIJvMEz7TxzBN+AoOlZ7wyrX9gzB1+MoOobh1pcxjPq5c7zVYfEYRt1L5V9uxlBe3GiszpoxLevG7qRRJaahuoLQOCIe48z/hL4hrj2GC6eo2vn/4fj7Chh1N6YZyTiy/5vKjx7F647XMVx3J5Wf/RbH3lX12jN498Vr/n9h6DcM+7qH4bsdHTtOzVZiuo792eAZdKnENLTSXnuPU217jSoxGx/3pipWDY3aazzGaqP+dGC/On6cWn99N9feZR8nN7Lv/RTzrQ+4f0MiIiIiIiIi4jZGoxE/iy++PlVU2CupsNtxVDmorKqqnW80GvA2mzGbvDpU4SqXpzax6qyoq6nYa5AkavS4pkLPpaUGlznXay/qXjAYqFoVh6G8GKLuxTDtLarWTsc47xMo+Ab2vOm8v8/YhXDNDBzvTcd4zydUrb8X/rERfPphTPgK4/U/pypzRf0KQQeNfterxHS49Me1Mjbv7zj2plQnR/0xxv4K4/gncVw41XQFpW8/jKNmU7l3Vb32DKPvxTBoFJQV1ebOOnKcGh9nl/2rbq/h+rX75/K8Nd9eO4+Ta7Lwco53e9rp0H517Di15fXdXHuXfZzcqOpYlns3ICIiIiIiIiJdxmg04uNtxMfb7OmuSANdUrFq9O0HZT84K01xYCg+7lyo4CCOzQ9juGUp3LLU2Vp5kXOc1aLqZcp/cLZX9gOUF4FPQNsqH1upxATAXkbVN2sxYKDK4QAfK8b432AYNg7H95kNdsj5yzD4Bgw3PkDVnlXO9sz+eNn+Gbz9oayoNjmoilVVrHqqYtVRVOD+jYiIiIiIiIiI9HJdUrFa9Y+PMY57BuKexnB8B4aJL8OZg85EacFBqj57DEO/MOfq549A4T+g+DgUHMR468tUpT2FcVg8BI/Csf7e+v25jIrVmn7Wjvl5qcQ50WhuumK15Jxztu2fcez9KzgceEXPwzBgJBSfAAyqWFXFqucrVs/muXcDIiIiIiIiIiLSRWOsnsmi6sN7MN6yFOL+FXI3UZX2JMZ5myB0fG0r9VKZx3dQtXEBxsmvYLx3MxQdp2r9PTh+ONa2yse2VKy67udV12L8yR3gqILTB6vbcV0QqCyn6rsdGK+5DcON9+PYuwqDbTaUnMNx4SSGoDBVrKpitW3HyY2qziixKiIiIiIiIiLibl1SserwsWIIHoUja03tfOPstYABx6qbcBQcrE5OVc8MHoVx+lsYb/9PHN9ugmPpgAFD8Cg4/jWOsh86pWLVcPXPMD1fVNdpexmOb9ZStfvPGK+fW/9IVbfj+MdnEPpPGG2zcRhNGIKvo2rPOxhCRlfvtypWVbHq2YpVERERERERERFxP/dXrA6wYZz7CZQX142b6hsAA0ZRtXa688ZVDdsrOEjVV/+OcfZ7zptd1bTfbxiGsQupevd2HKe/ufyK1by/U7nnL879qijBcWQblF9w6Y/rDlU3++MZqv6xFeOouzD0HQQXz1C1dw1eIdHV26lZXBWrqlj1TMWqISDY/RsREREREREREenl3F6xaox7FvK+wrHh3rr1Q292JltpobKz3FlJWvXVS3B8B9XZOoxz3sMw/hlYd+9lV6w67GWQ9T5VNfvdoJ16atuBqsw/YQy/BYKupuqrV3Gcy6UmKaiK1ctsp0P7pYpVV8Z+SqyKiIiIiIiIiLibseaPmgpNR3XWp+WKvrrlazVR0QdAxAwc2X9r0J7ras2016BhZ8UfVH2zBsM1MxpUPtbNr22niUrMevNd+llXYUj99hp2w1BdkXomh8qMN6jK/DOVB1Jrk3XO9VrZr2aOU8uVmHXttVSJ2Vp7HTlOTVdi0ui4N1Wx2rC9xhWrzT8v7dmvjh6ntry+m2vvso+TG6liVURERERERETE/dxesQrgKC9qvH7tas20V69hl/YuFdc+vtyK1dbaadQNR11FqmPPO3XrueyRKlYvs50O7ZcqVl15RYxx7wZ6mdNnfvB0F0REREREREQ63cAB/TzdhSue28dYpXqplitWm2ivQcM1Y1rWJmvrVT7WVAi6tNNEJWbNmJgcTcf+6k9aHBOz6sBaqr5JrV2/csOjtRWrTY0dal8106Vysv3HSWOsNn2cNMZq+5l+Osv9G+lFdKIRERERERERkabUDgVQU6FpqK28dEk61VT04ag3v56GD13HMm3UnutqzbTXoGFDbSmoS/9cKlBr5te241pB2cT8epWFtRWRNGqvfna48fymjlOL+9XMcWrqODfVXqPcc+1kQ6vtdYvj1Nrz1oH96uhxasvru7n2Lvs4uYkx/EYMGmNVRERERERERMTt3F+xWl6EMepeqqpq2gfDgFEAGIJHUTemZf31DcHOZQi2gaOKmoI/g+0eKC+6rIpVt1RiNlM5qYpVVax2ZcWqacxU925AREREREREREQAMDhe969O9RioPwhk08kr1zFSGyZD6yeNqtuLug/DxJfBJ6BzelxeRFXa03Dw3fpjWVb3x2Bw6Ve9pKGhwQKGJpJhdbNr988l6VhbMVublKxLntU/TvULQdt0nJpJ8jVsr/H6LvuHo5X2uslxau15a/d+dew4teX13Xx7nXCcOpmhfyj+yX8Ho1eb1zl2NB+DwdCuH6DZxzV/u/5u6e+WprWFxc/U+kIiIiIiIiIi4hGlJXZPd8Gt3F6x6sheA9l/a7bCsGHSrGF7TSUD21T5qIrV5p83Vaz2yIpVn7v/tV1JVRERERERERER6Ti3j7Ha1jEx2zTGpsOlX62N1elaMtrEfI2x6qHj1Nrz1oH90hirYBw6EtO4f3ZP4yIiIiIiIiIi0khtYtVRfR123ZinLVX01S1fq4mKvpr2mq8wpNX26s1vtvKx/vza9RtUYrrOb7rCkEbtNVWJ2WR/2rlfHT1OLVVittZetzhOrT1vHdivjh6ntry+m2vvso9TZ/Ltg++vVrihYRERERERERERaY4qVlWxqorVFl7f3b5i1WDA8tifMQ67rpMbFhERERERERGRlqhiVRWrqlht4fXd3StWfe79N7xsEzq3URERERERERERaZUqVlWxqorVFl7f3bZi1bcPlmc+wDx1QSc1KCIiIiIiIiIi7aGKVVWsqmK1hdd3d6xYNQwKx2/JFryuu/nyGxMRERERERERkQ4x1fzhrKirqdhrkCRq9LimQs+lpQZJI9f2Gq/vqF2/tfZc+4Nr8qrebxr9rleJ6aDe+m5pp5371dHj1Cg519xxauV589hxaq2dDu1Xx45TW17fzbV32cepAwyBg/GesRDzLfPB7NuxRkREREREREREpFPUJladSaWaisDWKvpqKgRdrmtuoqKvrr3mKgxbb69ef5qtfKypEHRpp4lKzLr1m6swbNxeU5WYTfannfvV0ePUUiWmoZX2usVxau1568B+dfw4tf76bq69yz5O7eBlm4B53CxM8fe0f2XpRFksT/qU/Q2mDpo+nxdvDe6ULexLSWb9sFrfJn8AACAASURBVM5rr32yWJ70JTyYwKJR/nWTT2/l+T8UMjt5LqM90CsR9+gN8byTsN8kMm1g47me7ZtIZ+vp8dyaIrI2pZETPok5IwMazy79js2rt/BRTgl2wNQ3kNiZt3Pf6GDM5LF99S64ZQ4ThrSymRO7ePsLmDo/lmHu2A0RoLXzV6s6+r5V73dF5DKoYlUVq6pY7S4Vq35WjMHDMQaPwDgoDK+R4/Aa+VNVp3YrVmZ39I3eFaGc/e+8y+YevY8iNXp6PIv0Jr05nsvJyzrKft9y5oxsOK+Q7W+vJ2PITF5OjiAAqCjOJW3dAY6MnkwkRWTtPwrRtJ5YLfyOzP0Qo8SqiIhIPSb+94/NzjS08Xdr2tpOW9sTEelWqr/ljp5+kbRPzmM3BTI7MZ6iTRv5/HglpuBIHv/17USaC9i8dDVHbDFUZGaSfQGskTE8lhDPMHODNgsPkLJyGxkFlWDyI2rmTB6PC+Drt9/i4+C7eXlWqHO5E1t4ekUZ9/1+FrbiQ6x+cwvpBZVgshKfcC/zR/pDRR5pKRtZl1OCvbatkCZ2xI9oG6x//UPCfj+LyIazK/LYvmYr6w6dp9QOpuBIFj16OzZLdTVP3+sJy/qGjAtgHTuJxyIO8doH31Ns9+HaOXfzZFwwYOd4+vu8tukkxXbn/j+xIJ7Bnf6kiHRQj4ln131K59U3nX00DYsirmH/RHqqbhHPceQtXc0R240Upe/lO7sXV0+/nTkX0nl1x3nsJiu3Js5nXoQvzZ4ja/ZjTiUZG05Wn1dn82RcYV217ierSfxkKAvrVdwVkHMcBsU7k6oAZmsE0xIiqo/NN5wCeCeZxODrWfLrkXzbxHn+qoyVLP6kGIAVScnOauDgbSR+EsSSpyY7z+EHU2sfBxzbytsp3zj/5/gGEjd/rvP/l0i7NBGX4TE8sdD5vrHo0EZeW51DXhmY+g5g0n13M6evy+our8mGr9HBXCTrg3dZvrMYu8mP6HHBVNSuqPeqItI+ptYXERERp2LW/yGZ9bWPqytkADjJqaAE3kwO4MgHb/DSm9uY/ZvHWTkwj7W/e591meP51zjnWvsPlfP8s0k8Th7rXn+fZR+E8Po9ES7bKWDzyjTybHezYkYo5uIDLF+6npTgR0iIDyd19R6yZoViA7LSD0HMHGwUsPnNLRTflsDK0QFQfIDlSzey7/czYc06tg+Zw+sLQjFX5LHuj5vYHN5UZY+JsOn3EvdJCstTsng5wYaf62zzAKKmzyEuIQAzdrJWv0FqRgG26ksjTx2uJPHZJBLsu3jluTSWlU3h5aVzIfNdHvswg5y4WYQdXMeynUE88bt7GWa2c3xTCis+H9lNL6+Unq2nx3ONPNauzORcjOv2s2n8zYnIlaw7xzPkATkFQby4NImAYxtJen0DqdPv4c3kEI58+CYvbdrFtMfi8WvuHGkD+J4c+3xeXhoMh9aRtHInWXFzWJQczOalq8kY29RQBSO5Y3oGS9a8wb9nRTIhJoLI8KvpbwYGTubF5MEsT/oUHkxi0SiAMsxNnOdfvDWRlcGpJL5DXeL2YHPPRSHbP/iGihkPszLGn4riLPYVeF3e0yu92v7cSl56Non+HOLtFzbx8aF4FgRuZdnKPMISf8nikQFUFOeSV9r2q/wq9m3gtX1WEn+bSKzVGWsvYnXO03tVEWknJVZFRNqsmUsNTwMMJma0sx7EEugDwSOIHggQSuQQyC4tr108Kn58dQVMKHNuGcqWTd9xEpcPboXZZBYEMmF8KGYA6w3ERaSxJisPZo0hzvI+2w+CbeQe0nZbmfTbUCjcRmZBJXlr/kTimrr+hp0+Sl5WJad4n4Vf1G0iugBoMhHjz+iE2ZxKfo9lnwex2OY6r4QjX3xIatZ5isuqJ9kLAOcbzats1zv3y+yHHxA5tjoxO2wAg8oKKQFy9n9PacH3vPh0dl2ztro2RLpOb4hnoDCXb88HMqnB9tc3s7jIlakbxzMFAERG3+CsGvX1wQ8rMTZnpXlYeBDklFMC5DV3jrQBDGVSfLBzu4FWAjhK3mmwtTL8weBbH+L1uHyOZH7D9vRtpKasxzzyZzyTMIb+jZZu+TzfNkGEDffhoy82spkxRNlGEhuhj5zScdHxE51fBhBEqBUyThRw9sRRTgVHsLB6XGGzNYIwK9Ux37qcrJNYbDOJtQKYGDZ2BIO+KHTO03tVEWknneVERDpJh6+utVdS2uaFQ5kWH8gTO/dw8vwBsiNvYJEVKASwMvvZRKYFuS5/iLeBmMQkFjQae605IUxbOIUjv1vPcka4NLWNlVn+PPjU/dxkNZHz3qssK6ubbfZt4yklegYr57e5MyIe0XPiWUQ8Gs812vqpq6lz5OmTQMf3w2wJITI+hMh4oOIArz6dxvpDYxr/H2nlPN+SirLK2r8j73qE10/nsivrAGuWbsA+fj6LVe0nHdVJGQvX12ir9F5VRNrB6OkOiIj0NtnpOzheAVBIWvr3WCJHEOa6QFAUMcHn2b4jzzneU/EBMnJ9sNmc47YFjLuBqJydvPRpObdOGeP8oBUUwbWBxWR8kUsRAEXkZGZxkhFER0JW+i7OVgDYOZu5h5zWOmmxsejRSM59kuMcfw3A5IUFMJtNUJpFWlY73qBWi7QNhkN72V5oB6CicBdf57a7GZFuo9vHc1AE1waeJ63e9jv3GIj0FG6J53bo2DkymKuCoeT8xSbm5bP9g63kFNZlRysKTnKOQMJCAIIYFAglZdXrtnSeDw7iKsopqck0W3ywFJzhSClAEbv2nayeUcaRQ7mUBEVw061zeHzGAPKyDlX/LxPpHP1tIxhUcJS0XOcrq6I4lyMNq1WbfY06Y600aw+7igHsHN99tPb9rt6rikh7qWJVRKTNGo7hhvMGDrZmV2hS9Egf1v8+ufrmGNfz+KyG34gHMy1xEqdWrmPhFzU3x5hNQs3ViOYx3DluJy8di2La8Jp1Qpm3cBIpKRt5OqkSu8mL0OjxJEb7Ejt/NudWb+H5p3dgx4urIqNIiASstGzgZB6bk8cT66ofR0xmweh3Wf5cMil9R3DnaCv7L7Rv382jZ/JM4QbeXvoaa+xgChzMpHmRUHtbDZGu0lviOZR5iTG8+qZz+ABTcCSxrd39W+SK053jue2aP0e2LHZ6DBlvridxZ8MhEYKJCt/L2yve4rvzziSpKXAAExLnMMkKEMK0uyJ5KeUtEtcOZWHy7c2f5wfGcd8457x3bFNYmTCZhLF/5e3nknnHZCU+egCcByinaF86r6ZscN4Aq+9gZifE6iwvnWvgZB67bx2vrfwTifaam1cNJcz15lURzb1GnbH22OF3Wf5vyaw0+REVHcRV1M3Te1URaQ+Dw+FweLoTIuIZx47mYzAY2vUDNPu45m/X3y393dK0trD4XWnfDVXf3XR6zU0iLq+dnNsW8fjotg/ULyKdSfEs0nMonkVERNyltMTu6S64lYYCEBG50hzKYHNxOJP0oU3kyqd4Fuk5FM8iIiK9jkcrVktKy/n4swy+3pVNaZnzjpwWXx9uio3ijtvi8LP4eKprIr2CKlZFRERERERExF16esWqR7MSaz/cxs7d2QwNGYCfrzOJWlJWTlr6Xi6WlPPQPVM92T0RERERERERERGRJnk0sVqTVP1t0v31pv9b8l/ZuTtbiVURERERERERERHpljyaWI2OCicutvHtOu+cEkfGriwP9EhERERERERERESkdR4dY1VEPEtjrIqIiIiIiIiIu2iM1U6Ud6KA/dmHO7RudFQ4oUOCO7lHIiIiIiIiIiIiIu3XJRWrJaXlrEjZQM7hvMtqJzI8lIUJM/Gz+FxWO6Vll3ht5TqiIkdwx23jLqstkSuZKlZFRERERERExF1UsXqZSkrLWbYilbz8M0RHhRM96hr6B1rb1cbZ88XsP/gP9mcfZtmKVJ5YOPeyk6siIu7gcDg6nCgW6cmuxNi4Evss0hWuxNi4Evss0hWuxNi4Evss0hUUG57h9sRqWvoe8vLPcMdt47hzSlyH2ogEboqJ4i/vbWHn7mzS0vd0uC0Rkc50qcJORYUdu72SCnslRoOBCnulp7sl0u2YTV5UORyYTV6YTF6YTSa8vbtX1bniWaRtFM8iPYfiWaTnuBLiuSdy+xH+OjMbi693pyRC582ayM7d2WRkZrs1sWqvrOSzbbv5bPtuSkrLueG6MH5+1yT6Wftw+sx5/uvj7fzPt8eosNu5ethg/mX+7Vit/qxI2YDJZOJf5t+Ol5cRgHWb0jl6/BT/+xezyT16gvf++wtOnykkuH8g986+leuuHe62/RAR97rwYylVVVUYjUa8vc34+/liMnl5ulsi3VbNByK7vZLSsnLKL1XQt4/F090CFM8i7aV4Fuk5FM8iPUd3jueeyujuDRSeLyY0pO6mU2cLizlbWNxouVeWp7JsxfsttuVn8eHasKGcO994/c705dcH2Jq+h/v/1228/Owv8fHx5t31X1BZWcXFkjJGhA7khScf5MWnHsLLaGTdph14Gb0Ye0MkR47lc7awCIDiH0vYn3WYcWOjOH32PH9+9xOuvy6Ml59NZOrEGFb/11YKzv7g1n0Rkc5XWVnF2XPFGI0GAqz+9O1jweLrrTd5Iq0wmbyw+HrTt4+FAKs/RqOBs4XFVFZWeaxPimeRjlE8i/QcimeRnqM7xnNP5/bEakMp721m2YrURtPz8gs4fuJ0k+vk5Nbd9Cp0SDBDQwa4rX/l5RXsPfgPxo29jhuvv4agQCtTb4nl7LkfKCr+kbDhg7l98jgGXBXAwAGB/OTa4Zw7X0xZ+SWiIkfg6+PNgezDAHx37CRGg4GoyBEc/J8jBFj7MP3WfyIo0ErsjT8huH8/juadctu+iEjnq6ysouhCCf36+ePv5+vp7ohc0fz9fOln9aeo+KJH3uwpnkU6j+JZpOdQPIv0HJ6O596gywdb8LP48O0RZ9Vq/6C6m1gtTnqgyeVzcvNY9ub7PDhvKjfFRDFv1kS39q/s0iV+KPqRrUe+Z+v2PbXTLb7e/FB8kbJLFaR+uI3jJwr48WIpAOEjQgAIsPozelQEew/+g5tibXydmU3YiBCsff05feY8eScKePz55fW2F3H1ELfuj4h0rvM//Ei/fv6YvPRtuUhnMJm8sPb143zRj/XeF3QFxbNI51I8i/QcimeRnsOT8dwbdHliNXrUNezPPsw7a7ewMGEmfhYfgHpP7tnCYvwsPpwrLCJtx14AdmZmMyxkAFcFBVBSWu62F4Ovtzf9Avpw/XVhTJkYUzvdaDDg6+vN26s3cuFiKY8vmIO1rz9p6Xs4fDS/drnY6JHs2nuI/7v3fzj2/Wl+ee80DAYYOCCQYUOC+eXPp+Pr61O3PR9vt+yHiHS+Cz+WYrF4602eSCeruWTpwo+lXTYGlOJZxD0UzyKdr6qqigp7JVVVDiorq6iq6njVmdFoxMvLiNFowGzywmhs/iJWxbNI5+vMeAbw8nLGtI+3GYPB0Oxynojn3qLLE6s3xUSRk5vHzt3ZLEn+K6NHReBn8cXi60NcTBR+Fh+WJK8CnC+I0rJyAHIO57Hkj6uxVCclX//9I5fdl7LyS5wv+rH2sdFgwN/flxtHXcPW9D385JphDBs6kOILF8nJzWPizaPx9fHGbPLC18ebc4VF7P3mWwKsfWrbCBnUn+Ghg/hw89cMHxrM8KGDABj1kzC+zDhA5v4cbo61UVnlYF/WPxhtuwaLr5KrIt3dpUt2qqqq6NvH39NdEemR/P18KSq+SEWFHbPZvW9PFM8i7qV4Fuk8JaXl2O2VndZeVVVdIqe8vAKz2dTi51HFs0jn6ex4BufQGZWVVVy6ZMfLy4ifxafZBGtXxnNv4pEj+dA9U+kfZCUtfQ9p6Xtrp4eGDCAyIpS5s27hnbVbAHjiV3cTGRFK3okCXlmRSmlZOQ/Om9op/fjsy9189uXu2scWX28eX3AXP7vpBi5dqiBl7RYulpTRz9qHyRPGYDDAnBnj+c/VG3l+6V8YPnQQkRHDOFVQWNuGl5eRm2KiOPj/jjBubBTe3qbafXtw7hTe++8v2Lh1J2aTiRuvv5bY0SM7ZV9ExL0q7PYWv9EXkctnNBq5VFHp9jd6imcR91M8i1yeysoqSkrLcTgcbt1ORYUdu70SP4sPXl5Nx5LiWeTydFU8V1ZWceHHUvwsPs3e6K2r4rk3MTjc/MwmJiVzbdhQnlw0t8n5eScKKCktx8/iQ+iQ4HrrRUeFs+ihWbXT/vLeFnbuzmbxr+fXW1ZEOubY0XwMBkO7foBmH9f87fq7pb9bmtYWFr+uOxkUFV/E29usCnMRNyotu8SlSxUEWN1bqaJ4FnE/xbNIx1VU2Cktu9Tl220uGaN4Fum43hrP9bZZYu+ybXlCl3wdVHM5f1NChwQTGRHaZKL03Pni+o8LiwCwWHRnQBHpWhX2SszNfOsnIp3DbPKiopMvj2qK4lnE/RTPIh1TVVXlkSQMOC9Tbmq8R8WzSMf05njuTdyeWI2OCicv/wx5JwravM4ry1MByMs/Q+qGbXx7+Hs+/mwn3x75HqB2mAARka7gcDgwGgzNXk4hIp3DZPLCy2hw62VSimeRrqF4FukYTyVhWtq+4lmkY3prPPc2bk+sToofA8DylA3tSq6OGxvF0JABpKXv5ZUVqXz0aQZDQwYwbmyUXgAi0qUMBoO+1RPpIpcqKjs8PEhbKJ5Fuo7iWaR9HA7nXcI9qbKyqsnP24pnkfbpzfHc27h9gMLIiFAenDeVd9ZuYckfV3NVoJX+QQFNLnvHbeOIjAitNx5rWvoeUjd8ybixUTx0T+fctEpERERERESkOykrr/B0FwBnPzTOqcjlUTz3Hl1y55ebYqLoH2glLX0P+7MPNxo7tcbQrAFERoTWmxYZHkpQoJWbYqK6oqsiIiIiIiIiXa6p8RA9obv0Q+RK1l3iqLv0oyfrsltqR0aENkqatkXokGCWPpfohh6JiIiIiIiIdA9VVd1jyLvu0g+RK1l3iaPu0o+ezO1jrIqIiIiIiIhIy7rLvUS6Sz9ErmTdJY66Sz96MiVWRURERERERERERNpJiVURERERERERERGRdlJiVURERERERERERKSduuzmVSIiPd3Ot5awtQDATtmPdkx9fKv/ydqYu3g2kW7a7oX9q3jjo2NUXM52slbxmz1j+MMDtkazctYvYdvgR3h4XFDL/cj5hB2MZ3pk3470QEREpHspPsTalG1knq90PjZZiZ5xO/NHt3A+PL2V59+BhU9NZnC7N1hE1qadMH4qNmsH+yzSK1zkSPpG1nxxhqLqKQHDY3nwvliGmbu+N0WHtpDGOOaMDGg07+TnK1n8WTlWi8vE4Ot5ZmE8/Tth2/tSkskYm8SiUZ3QWGcqPEBKyg6yLlQ/NgUxaf5Mpg33b3XVbrtPIs1QYlVEpJOMe3gx4wDIYtVv9jBm8QM0TlN2tsN8sr6Uyc8sZqyl9aU7InL24jYla0vzs8lmrBKrIiLSAxSStjKNc7clkDyqOhFQUcCuTbkcHx3LMLdss5y8rDwYixKr0kbFZLzzN9YdbWGREf/Ebx+8kZ70kjr5+bssPx7L4hfmUpPKLMrdyv5jMCyi6/tTciKP/dzInJFNzx902928eGtw13bKk4rT+felOUQ++jDJQ6pTTsUHWL40hZSER0jwwHN0Zeid8dwTKLEqIuJuOaks3hHJ87+Mxvkl+gV2/McbnJ/7DGFbf8OeAf9MRfaX5JdWYA4Zz70/n8hwC0ABO/+0iq35pYCZkMm/4JfjXN6UFe7krTc2c7zMTvYrS/jENpfFs8PI37GKVdvyqQDMIRN54IHxhJgha1X1tnZ/zJHIB/j3uQ3TpcfZ+afNfJlfSinBTHv4YcYFV6835g88YCtg2yurOP/TcPK/yqGwtBRL9M95ZHYkx9cvIXX3j/zIWyzZEczkRx4m+sx63kjNohTAEsnsh+diU85VRESuCIXkFVqJjnCprjIHEzur7jx8MuNdVnxWSAlgDrmexxbEN6pSbXaZ0kOsXpHG/gsAXoTecj2BX+zj7xfK4c03SOvEijbpyayER/TDdPQH7M0sERIxpGclYSr2kPqZlfuW3oBrfWhAxGQmQOOqcdfHB1NJ3B3EfRW5rD08mEW/9if1nXImhJ9kXaYX8556iJiCjSxbe9RZCWsZQcKjt2OzVFdRBsdQkZVNXmk5BN/IEwvjOffBG6RkllPM+yTtsHLno/czoeWLvGo527yRkn2HOFVazlW3zOE+trFiZzFFF3yYkDifeRG+DbZdiTkkkgXzJxPWsKiiIo+0lI1szq/E+X/ldhbFh5Lz3hukjfwlj4/2dS5XnM6S10t48Lmp9D/U9P5CPtvf3sBHNW3dNpPH40IaTx9/O4tuDcW1UPj4F9nYZ8xlzhCXdJP1BhbN/45Hv9jDfRFjMNc+F0fZnF9OCVbm/Op+Jgx0aejQhzyaHkrygjHV7ReSlpzK2Xm/Yt6Qth3jK0svjOceQolVERF3ixzP2PWp/P1CNOP7Avnb+KrvZB4PgcNAdr6Z5598hr5Awbb/4K2PhrF4bjiHU//GycmPs3i4GShl959WsdP2MONqkpNB43h4cd/61bE5qbyVE82Ti39Z1976EBbPDQcg+4idp5/5d4Kaukzq8BkszzzJMxYo3f0nXtycxbhGQwOc4fCFB3jymdnAMT566X3+XvAkE2cv5uHAV1jFAzw5MRjI56P/LGDik9WVtBfyye/8IysiIuImEUydkcGypX8he7yNCSOjCBviX5c8yP2QlfnjWPzC1ZiBksx3WZ5RxJPhLk00t0xcJdvfTqO4thq2iJOFJgbHX0Pw0g3wYCLTBjbsj0jTBt58D79mDX9Iu9BoXsik2STd3MNeTPlnyAsKYlBH1886ScWzibwZZILTW0ktyCNv5r28eVcAFKfzSnowj71wuzNpe2wLSz7MxXaPs8QypyCAl5/6FX5c5Ou332L9wXgW3fUITwSuZAUzm61KPfXZ+yTtcJlgm0TyXSOr2wzi5ed+hR9ZLE96n/XzHubl5/zh2EaSPtzFtMfiAdh/wpdlT/2KAJzDCyz7MJfke+qXfmZ9sIGs0fNJXhAA5LM5eT1rQh4hIT6CNWt3UTQ6ngCciU/rlPsZ1sL+5ry3heNTEkkebgIu8vXb69huu5+4w1/yUdBUkhdcDdg5fqKA+h8rysgrKCfU1kR2OTiA/sfyOMIY59VwuYVYnkvkZYvz/2PSJ1lMSHD57DFyDHEfbGV78RgmWYETu0jrG8viHplUdep18dxDKLEqIuJ2IUy8Gd7Yls/4O0PI2ZFN2Pg7qfmS+droG6jJlQaP/SlB/5HNMWB39hmyc14iy6UlWz60dF3+4f3ZDIue3UR7zk96UTePbzqpChB+A9HVnbIMCydw2xkKGi0USNTYmjeNwwkLOcOeAqDR+8gBRA4rYP372+DmSKKGhRDigTGvREREKEznlde/4RQA1RVlNDGtQR5gcNz9JMdc5PixPWR8sYE1h4qw3jKVRbdeTV7mUU5mfc/T9U7SJ8ElsZrT3DLFBXxdMJQ5NUMMEMDgIICL7duHoEK2r3iXj6pP1oNuu5cn49pYKic9ysCbZ/Pg9+/xzqFLtdN8R05koZIwjdluYFKQSxokMIKp1WOjFmXl8u3hEpa8sKtufrAfZ3EmMCOjb8APAH/Cwq1sKWjyTXAjLQ0FUNdmMGHBVhhW/X/B1we/snJKqpeLGn19bYXu4JhIrvpjLkdwTazmkpkVRMxdNUuFEDfOjyVZeTArlkmksvlEPPOGHOLzrMFMmuVPUUZz+wsZWefZl/MW+122EJ0PE0IGE7BhG6uDL3KTLYKwISGt7n89Zt+6RGzESGKrP3v4DRtA/y9OcrLeQGqhTIuHl77IY9KsULLSvyMyfmr18eq5FM9XHiVWRUS6QN+fTmTAst0cmzaMHUeimD63LWuFMO3/PFJXodoZWvyv35ZTgom2DeVqJvLnz/B4YT7Hs//On/92mGEPPMmdw9u0soiISOcJiufJF+IbTGxqWhPM/gyLiK8et/E7Vr+QxvbRiYQBoTPm869xDW5Wczqv3sMmlylu/LVlq5rchyAmLHzEefmz9HJ+jJp3O9PfWs8np4BB1/HovJFtfM92hQkZQGhhLqegAzeIA/Cq/7DBF/+W6KmNKkEB8sA92ZMuycgEMeGWAJ7PzGNOwV5ybONJAIpobn9zgUDm/PohJjS67nwii5+N5fixbLI3rGZ5xY0sXjDGZVgGX0KDffg8vxAiGnzRU1DE2ZBQQmsnNHgumhAw7gYGLc3myIwC0g5fzex72rHbV6xeFM89hNHTHRAR6RXM0YwPy2bzn7dx4eaJuH63++3+A9Rc7FGw++8UREYynHCiowr4akfdh68Lh481UUFaX3h0FMdd2ruQk01hZBRdkc8M7BvImeM1PSylsKAMS9BwIsfP5u6xdnKOdOCDpIiIiEfksyszl6IKl0nFxRRX+HNVX4gcPYJTO3ZxsnZeLkdO12+h2WWsNmKDviftYE2Fqp2i4ouAFWtgMTpdSscM5NYHZzDzp6N59MEJ9NjaNvMY5t5WzJqUA85xQasV5abz9TFg4GAGFV/kXPX0k7uPVld6ty7AFkH/rD3sKq2eUFFAzrGiFtcB6G/159Rx9wZu9r5vavf3ZGYOpyJHEFZviQhibIVk7q9ZqoisrBJsNmca0zz6RiKzdvDqF2VMusU5rfn9jSDGVkzajrqBvIpyv3P+LyvM5yz+DIuIZVpCLGE5uRxp0NdhU2KxblrHuhMuI4UWH2D56pPETRnTMJfdMvMYJoV/x7qVByiOd9eNA7ujXhLPPYQqVkVEukjkT6NIXV7Anb+oX4IaFVJB6isvkV9aij1oLL/4hfNa/8jZD/PTVX9myRLnpzpzyHjuHTa80Tfr9Tcym4cLVvHGkk9qb171ywfCW1ihyPw4PAAAIABJREFU85jH3sm0v7/B4iXriZ7zSwbv/htbj1W/U7PYmPtIMOSsZ0kqzF08mwE73+KNAzfwyMOR5Lz1BgdueISHx+kSRhER6Q6CCTNtYfnSLZyryQ2Ygpi0YCaxZmDk7TxR8D6vvfAGFTXz5g8lzNelieaWIYhJiZM4+eZKHl1nwuxyk5mbZt7I9tdfJWldBAkv3E7Dkc5FWuQ7jPipPT/1NPjWe1mUvpHXXthRm2wMGH49c+cA2Jg9Yy/Lnn0DLD6Ehlu5qq0NW+N5bP5GXlv6BqkA+GGbM6elUbgAMMf8jNkZ7/PoC18SM+8R5o+sP7/RGKvVN6drj+ghZaQsfZO80nIqAkfy+IKRjZax3TWTUynvkrSp5uZVM1lUW4w6kgm2NF4qGMfjNVWoLeyv7a45nErZQNILlc59DIliwfCrKSrYy9sr1lf/X/QidM5MRjfsiGUMjz9lYvXqlSSdr6yeNoBpC+5nUgeqPWxxV5PyeiFzE3vZ54ReEs89gcHhcDg83QkR8YxjR/MxGAzt+gGafVzzt+vvlv5uaVpbWPy67ruh02d+YOCAfpfVRsX+P/FizniWzK17e5a16jfsGfMHGt0jSqSX6oxY6w7bEBHFs0h7FV8oaX2hLmLtW38kS8Wz5+xLSSZjbBKLRl1OK2XsevtPZMc/QkLjnGy3VrHvXZIO3cjr91xZHe/t8eyqtMTe+kJXMA0FICLSJQr4ausFJk9v7TtvERERERGRTnR6Bx9fuJ7ZV1ZuEigg7bMy7pxxxXVcehFVrIr0YqpYbTt9gy7SNVQRI9JzKJ5F2qe3V7gpnqUn6e3x7KqnV6x6dIzVktJyMjKzycjMIi//DAChIQOIi7ERFxOFn8XHk90TERERERER6RJGo5GqqipPdwOjURe2ilwuxXPv4bHEat6JAl5Z8T7gIC7Gxh1T4gDIyc3jo0+/5qNPM3hy4d2EDgn2VBdFREREREREuoSXV/dIxHh5KREjcrkUz72HR45wTVI12hbBy88tYN6siZSUllNSWs68WRN5+bkFRNsieGXF++SdKPBEF0VERERERES6jLGDw2N1Ni9VuIlcNsVz7+GRI7z2w22EhgzgoXum1l7un7Eri4xdWQD4WXx46J6phIYMIHXDl57oooiIiIiIiEiXMZu9PN0FAEwmJWJELpfiuffo8iN8trCYb498z53Vl/635M4pceQczuNsYXEX9ExEpGkOhwOzqXucGEV6OrPJC3feV1PxLNJ1FM8i7WM0GjGbPXobFLy9TU2Oyah4Fmmf3hzPvU2XJ1b3Z/0Di683kRGhjeaVlpXz7eHva38iI0Kx+HqzP+sfXd1NEZFaBoOBKocDu73S010R6dHs9kqqHA4Mbrx0SvEs0jUUzyIdY/H1dmvctMRgMODr491ouuJZpGN6azz3Nl2ePi8pLSc0pOkbUuXln+GVFam1j1cmJxEaEkxJaXmnbb+07BKvrVzH4aP5Tc4P6teXx//lf7EqdQsAjyXOweLb+MUoIr2L2eRFhb0Sk75JF3GbCntll1SrKJ5F3E/xLNJxfhYfLpaUeWS7TVE8i3Rcb43n3qTLE6t+Fh/y8s80ml5zA6uG8vILiIu1ddr2fX28WZQwC3ul85uwv61Lo6j4Ir+4dxo+Pt4YjQb6+PmxKGFW7fIiIiaTl75BF3Ezu70Sk8n9b00UzyLup3gW6TgvLyP+fr6UlJZ3yeW6BoMBP4tPs3cPVzyLdFxXxzPQLeK5N+nyoxltu4bUDV+Sk5tXbziA0CGNq1hzcvMoLbtEZHjjYQM6ymCAvn0stY+9zSa8vIwEWPvUq0x1XUZExNts4mInVs+LSGNVVVX4+Jjdvh3Fs4j7KZ5FLo+Xl5G+fSyUll2iosLutu14e5taLSZSPItcnq6KZy8vI34WnxYv8++qeO5Nujyx2j/IyrVhQ0ndsI3FSfe3uOzaDdu4Nmwo/YOsXdS7Om+v3gjAgvm38/FnOzmQfZihIQP4v3v+B29vMw/OvY1z54vZsCUDu72SO6fEMfWWWAwGKCu/xAcb09mZmU1VlYObYm3cdUe8ql9FrmBmswmv8goulpTh7+fr6e6I9Dg/XizDy8uIdxcM8q94FnEvxbNI57H4euPjbcJur6KyqorKyiqqqqo63J7RaMTLy4iX0YjJZGzyxjauFM8inaez4xmcyVQvLyM+3uZWx03tynjuTTxyNBPumcaS5FUsT9lAwrypjcZ+KCktJ2XtFs4VFrEo6QFPdLGR7/PP8E83/oTfP/MQ//Xxdt7668eMHnUNi5PuZ/f+HLam72bUdWEMGdSfDz5OJzvnO/7Pv9xF3z5+rEr9lE1pf2fOjHhP74aIXIa+fSycLSzGx9ussZ9EOpHdXklZ+aUu/SJV8SziHopnkc5nNBrx9u7y+04rnkXcoDfFc2/hkcRq/yArTy6cyxspG3j6dyu5KTaq9oZWefkFfL0rG4vFhycXzu02T3rI4P7ExUTh7+fL2OhI/t+3x5h2SywDrgpg1HVhfLZ9N6fPFNLX30J2znfMmDyOiKuHADDt1n9i8+f/l9Kyciy+TQ8gLCJXhsCAPhRduIi1j5/e7Il0Aru9kuIfSwns16fLt614FulcimeRnkPxLNJzeDKeewOP1f+GDgnmt0n3k5GZxb6DuaSl7wXg2rCh3DllHHExtmbvYuYJ3mZTvcskfH28sfb1B8Dfz7e2lLrowkVKyy6xKvVTVqV+Wrt8UL++lJVXKLEqcoXz8jIS0Nef80U/YvH11mVKIpfhx4tllJVfIrBfH7xauRTRHRTPIp1H8SzScyieRXoOT8dzb+DRgRX8LD5Mih/DpPgxnuxGpwro64/F15uZU28i2hZRO91oNNDX38+DPRORzuLlZaR/kJULP5byQ/HF6jGqvDCbvPStukgL7PZKKuyV2O2VVFZVYaqOJU9SPIt0jOJZpOdQPIv0HN0xnnu6LkuspqXvIefw95R28C5/FosPkeGhTIq/sZN71rmsff2Jirya7RkHGD50IIH9+nK6oJAz54q4+Z9Gebp7ItKJ+vaxcOmSnQp7JZcuOQfaNxoMVNgrPd01kW7HbPKiyuGo/kBkwtfHjLkbDZyveBZpO8WzSM+heBbpObp7PPdUbj/CJaXlLFuRytnCIqJt11BSUsbZ88XcFBMFQN6JAvZnH+aO28YB8PFnO4mOCid0iHPM1a8zs+kfaMXi68NHn35NRmYWTyyc262GCXBlMMBdd8TzwcZ0kt98nwq7nQFX9WPm1Js83TURcQNvbxPe3ibA+T/J4XC0ejdGkd7oSogNxbNI21wJsaF4FmmbKyE2FM8ibaPY8AyDw+FwuHMDaz/cxr6sXH6bdD9+Fh8++jSDnNw8nlw0F3AmVpf8cTWLEmYCsDxlA4t/Pb82sfrK8lQiI0K5c0ocJaXl/FvyXxlti2DerInu7LZIr3DsaD4Gg6FdP0Czj2v+dv3d0t8tTWsLi5++fRMRERERERHprkpL7J7uglu5feTafVm5TI6/sdkK05oE6vKUDSxP2VBvWkN+Fh8mx9/I/qxc93RWREREREREREREpA3cnlgtPF9MaEjTiVKAs4XFAMyd+TPmzvxZvWlNCQ0J5tz55ueLiIiIiIiIiIiIuJvbE6utOVdYBMCk+DFMih9Tb5qIiIiIiIiIiIhId9QlAxTm5Z+pHUPx3PliSsvK+fbw9wBk7M7G4utT+9ji60PG7uza5UvLyjl3vrh2fl7+ma7osoiIiIiIiIiIiEiz3H7zqsSkZLe0uzI5yS3tivQmunmViIiIiIiIiLhLT795ldsTqyLSfSmxKiIiIiIiIiLu0tMTqx4fY1VERERERERERETkSqPEqoiIiIiIiIiIiEg7KbEqIiIiIiIiIiIi0k5KrIqIiIiIiIiIiIi0kxKrIiIiIiIiIiIiIu2kxKqIiIiIiIiIiIhIOymxKiIiIiIiIiIiItJOSqyKiIiIiIiIiIiItJMSqyIiIiIiIiIiIiLtpMSqiIiIiIiIiIiISDspsSoiIiIiIiIiIiLSTkqsioiIiIiIiIiIiLSTydMdEBG5UpQc28rbq7PJPl8JeGENCWVuwkxigzz7r/Tk5ytZ/ImVhclzGd3ZjZ/eyvN/OErcbxKZNtBl+sFUEj8JYslTkxnc2dsU6QrNvbYbatNrvYDNS1ezvqCpeVZm/2YmvLOa9cFTWJlgo+jQFlIPD2XuDBsBwL6UZNYPm8+LtwZf5k6J9E4dOz874/bI9CQWjWq5/ZOfr2Tx8XGsTLB1YP0slid9yqnpzhhvGP8iIiJyZVNiVUSkLYrTefX1o4T+KoGVEQGAnaLcbazZeZTYGREe7drgWxNZeas7t1DM+tdTGfTcXEZb3LkdkStVMNOeSmIaUJNE4cEGyZba+VByIo/MLC/uUGJF5PJ14/Ozk41FyXUJWcW/iIhIz6LEqohIW+Sf4TusTIqo+RhkIiBiMouqP7M1rDire4yzosUWQ0VmJtkXwBoZw2MJ8QwzAxV5pKVsZF1OCXaTH1EzZ/J4XEh1lZw/c8NPsm4n3HlfKNvXFDL75XuJNQOUsevt5WwZmcDiwK11FXWl37F59RY+yinBbvIiNGYqT9w1Er/mptdU3NT0b/iUBhU5AAOIjjjDirfTWfZYfOMPgsWHWJuyje3HS7Dj3L8nFsQzuLbtGylK38t3di+unn47cy6k8+qO89hNVm5NnM+8CN/mj4NIFzm7bx2vrT3KKTuYAgczL/FeJtRWspaT/cFKluwsxm6yEjdvDgmjg9rVfs3/hNnHV7MiC+AbFid9Q/SDScS5LqhYEGmfyzg/A3A8nVfX1Zyfr2fR/MmEtftLxILG5/rwGJ5Y6HIunJ5E3O7kRvHfWrWsiIiIdG8eT6yWlJaTkZnN/qxcjp8ooLSsHIDI8FAiI0IZNzaK/kFWD/dSRHq9keOYHfIeK1/4C/vH24iLiCByeBDmNq6+/1A5zz+bxOPkse7191n2QQiv3zOUfWvWsX3IHF5fEIq5Io91f9zE5vBEZ2VbwVGybplN8swQ/MyFmL9IISOrjNjRvlC8iy05g5maEASH6rZzNiON9fYxvJYci19FEfuyzmCmjH1rN7DZPJGXk28goCKPdX98n1czgvnXuJr+lfDEow+zKMi/id77EJcwm7Dk93jt8wgW39ogyWMdzKR5Ccwb6AsUsjk5hfUH42s/LOYUBPHi0iQCjm0k6fUNpE6/hzeTQzjy4Zu8tGkX0x6L5Uhzx6GlS7RFOsvprby2ppDoXz/GnCEmival8vzrHzLo97OIBCg4Ss5t83nzrgBKcj9kyZsfsj38ISZ04O3J6IQklny+ksW7R9QOL7Bvd83csub/JygWRJrWWedncyFpr6Xw6odX8/o9Hat03Z9byUvPJtGfQ7z9wiY+PhTPgpF185uKfxEREbmyeTSx+tGnGaSl78Vi8SEyPJRoWzihIcGcPV9M3okCvtqVxUefZhAXE8XcmRPxs/h4srsi0quFMC3pMSacOEpG5gHSPshgeYEPtrvmsiim9cq1qPjxzgpVQplzy1C2bPqOk9jJzKrkFO+z8Iu6ZaNrxmnsG8GdMSH4ARDEhFsGk/rFLopGx1P0RTZnx06srl6t03/4YKyfHSDlc5g0Mgrb6AjMHCIzC0b/6gZntak5lLixVrZkfUdFXGh1/35GZJBvy/u/cApHfree5cEJLHKdVVpI5oYtpB0uodjunDSooG6wycjo6u36+uCHlRibMzEbFh4EOeWUcLT546BkknSBs1lHOTUskklDnG+LAkZHEbnmS/Ydw5lY7RvBtNHOaji/iFhiAt9jX04ZE2JaipmOUCyItF9nnZ+DmBQ/lNQNuRwhgrAO9CQ6fiL9q9sKtULGiQIY2dpaIiIiciXzSGK1pLSclLVbyMk9zqT4Mdw5JY6S0nK+zz/D8RMFDBsSTGR4KPNmTeTrzGw++jSDZStSeWLhXCVXRcSDTPgNiWDSkAgmARX73mXhmm1kxcxpsFwZJRWtNGWvpLT6z5jEpHoVLQAcBCxeuF6NaB59I3EfbGPziathP8QlNvFpLeJ2kn+XT87+bLZ/kMKr9igWJ7VeE2P2bUOCyGJj0aMnWfLHd9kcX1eqdzYjjfXnr+b5301lmLmI7a/9iTTX9dp4pmnyOIh0U2ZTZydV6ygWRNqrE8/Ppvrn3loV5VSASyVsAUcKvPBzXdjj1wKKiIhIVzN6YqNrP9xGTu5xnlw4l0nxY0hZu4XHnnuDV1ak8tGnX/PKilSe+f1Klq14n2EhA/ht0v04gGUrUikpLfdEl0WktzudzurPczlb+4GsjJP5FyFkAKGAn68Xpw7nUQJQ/A2ZOfVXz07fwfEKgELS0r/HEjmCMEYQHQlZ6buq27VzNnMPDVZ1MZJbYyAjZSMZfaOYNqTxEhXHDpFTGkxkzGQWLIglLP87vi0eQYwN9u04QBFARR4Zu4u52nZ1my+VrDVwMk/cZ2XzF9/XTjJbvAAvzGbg9C62H29vo+09DiKXryS/kCKsDBoI/W0jGHQ8h7QTzpLron3Z5PgOZfTw6oUv5LJ5X1H1vB1sPx+ILbzj2x4cZIXS8tovV+ooFkTarbPOzxV5rPvieyzhVze6RH/wyFCuytnLutyi2m0c37ST/b4jiGvnqAHNx7+IiIhcibr8e9WvM7PZuTubxb+eD8DTv1vJVUFWFibMZLSt7p1J3okC1n64jSV/XM2D86by5MK5/FvyX1n74TYeumdqV3dbRHq7oJFEnt/Csuc2cM4O4MVVw0byWKLzZk4BsyYRt/RTHkv6ElNwJLHhcM5l9eiRPqz/fXLtzTEen+UsR4udP5tzq7fw/NM7sOPFVZFRJEQ2341ht0TRf0cm1hmxTd5NuKQ4m9S3N5FXBpj8iJp+O3FWX8zzZnJq9RaeTkqrvnnVDJ6ICwIKmmilZX6j5rJo7Bssq06gBsRN5b7961mc9A2mYTcyyQb729Wib/PHQUNsS6fLYnnSp+w3+RE1ZyajAQZO5rH71vHa66+xpebmVY9Wj68KEDyCyMPv86s1zptXxSfe3aHxVWuNHs99mRt4JSmZ/tPnM7t2hmJBpN069fwcwxN3NZEpHTKVZxK3sHxtConnKwGwhIwgMcnl/0RbNYj/mptqiYiIyJXJ4HA4HF25wad+t5KbYqKYFD+GJcl/JTRkAAn3TAPg488yyDtxBovFh7kzJ9I/yFo7DuuTC+/meP4Z3lm7hZeeTdQNrUQ6wbGj+RgMhnb9AM0+rvnb9XdLf7c0rS0sflfCNXd1dwPWnX9FRERERESkNyktsXu6C27VpVmJfVm5FJ4vZlL8GNLS9+AAEu6Zhp/Fh1eWp3L2fDE3xUSRk5vHshWpLE66nzunxJGTm0fqhi95YuHdfPRpBhmZWdw5Ja7D/Sgtu8RrK9dx+Gh+7TSDAQZc1Y+5Mydy/XUdGa6+4/Z88y1vrfqYhx+4gzHXX9ul2xYREREREREREZH269LEak5uHteGDcXP4sPXmdlMjr8RP4sPJaXlfHvke5741d1ERoRSEl/OY8+9Qc7hPEbbIpg3ayJL/rias4XFjLZFkJObB1Muvz+3/Wwsk+LHAOCoquLzr/ax6v1PeXzBXYSGDLj8DbTRqJ+E8YfF/4K/n/NGGHu++ZZVqc5+hA1v/aYznakm6RzUry8L5t/epdsW6ZmCmfZUkqc7ISIiIiIiIiKdrEtvXpV3ooDQIcGUlJZTeL6Y0JD6YwqVlNW/MZWfrw8AoUOcy50rLCJ0SDB5+Wc6pT++Pt4EBvQhMKAPQYFWpkyMwc/iy7eH8zql/bbyNpsIDOiDt/lKuKxZREREREREREREujyT52fxIe+E82YpVwUF1E6Ljgon5b0tfBsbxb6DuQwNGUBkRGjtehZfb/LyCwgNCaa0QQLWXeyVlXy2bTefbd9NSWk5N1wXxs/vmkQ/ax+qqhx8mbGfTVv/TvGPJfSz9mH2jPH8dMx1rFyzkYslZVgsPmT9z3f8fM4kPtz8FXfP/Nn/z96dx0dd3fsff01my2QlIQTIwpIEAiRA2HcQWURkU6zgilituFxtr6Wtv6veXmtvW73ee9vrQmsrinXBnUVkUxAkoCwCJmgwQUIgSEISspDJMsvvj0BMBGJCMjNZ3s/HI4+Z+S7nfGbCZ8h85nzPqb3U/2+vrKXwTCkP3jWfk6cKWLZiDUtum83mbXvZvb9mudI//OU14ntFsWjBDP73r28xYkg/9qdlkne6iJSkBGZfNZZ/vr2Jb4+dJLp7F+69fS5dOte8pocOZ/P6ex9zKr+QyIgwbrpuCgP69uRI9kmWrVjD+JHJ7NidTtGZEnr36M7dt87iTMlZ/vdvb2OvqCIL2L0/Q9MTiIiIiIiIiIiIXITXC6unC0uYOvH7EajnF6G67455bN62ly++zCQlOeGCOVTtFVXERkWSk5uHzd/S4nG5XG72HjiMvaKSvnExAGzdcYBN2/Zy20+m0yu2K++u+5TX3v2Yu2+dxc496by9ZhvzZ01g6KC+HDt+irzTZzi/Bs9X32QzIqUfv75/IRZr4+O95fqp9OvTg7dWf8Jdt1xD7x7dcThrVh/9+ptjLFk0h6Izpbzwz7VkHc3l5vlTiegcyj9eW8f6jz/n1p9MIyc3n3+8to7RwwYwZfx8Dh3O5pW3NvGLu68HoKKikvSMo/zLT6/F4XDw1xVr2JK6n7kzxvFvP7+Fv7+6jtCQQG6eP7V2egIRERERERERERH5nlcLq4kJsexPyyTAZiUmqgtfpGXWG5U6deKw2jlP69qxOx2omRJgx+50EuNjLzjmcqzekMrqDam1j0OCArh5/lRioiKprKxm35ffMGb4AIYO6gPAjCtH8uJr68g/fYbUPYcYNaw/V44fisEAYaFB9Z9rfCyLbrgKi8VEUXFZo2MKsPkTGOCPwQBBgTaCg2y1518xLoWY7hF0DgshqlsEXTqH1saW0CuaE9+dxl5RxZdfHSE0JIiZU0YRGODPyKH92b0/g6M53xERHorZbOLamROI6R4BQO8e3SkoLMFkNBISHIjR6Fc7PYGIiIiIiIiIiIhcyKuF1SHJCazZuPPcqNVhvPTGegwG+OLLTAqKSi443uZvZcjAmsWqxgxPIsBmZX/aNxeMZr1c5xevcjicvLN2G2ftFfTr0wODASqqqjhTXMamI8fZ9MneOjFZyC8s5kxxGf3PHXsxwUEBWCwt+/L+cKRuZERY7f1OoUGc+O40AKfyi8g5kcfPH3223vEJvaOJCA/FaDRqPlcREREREREREZFm8Gp1LTY6kpioLqzekModN85g87a9bN62j9nTx1x0FGpObh6rN+wE3CycN7l2dOnYEcktEs/5xasArp89if9e9iYfba+Jx99ioVNoEIMGxHHV5BG15/gZDJhMRjqFBlF4phS3m0sWVy/F7a6ZesBTunYJo0d0JHfePBP/cwuAQc3zPXmqwGP9ioiIiIiIiIiIdBR+3u5w6sRh7NyTzo7d6Sy9dwExUV3YvG0f+9MzMRgMxEbXzL+ak5vP5m37sNmsLL13AQWFxWzeto+pE4cRYLP+SC9NFxEewhVjU/hk5wG+yyvEajUzdGAfvkjL5NjxUwCUlJ7ls31f1e7be+Aw2z87SFFxGQfSs/j40y8u2rbVYiY4KICvDh+jsqqajKwcvs48dslYunYJx2Ixk/vd6csqwA7sH0fpWTu792fgdrlwOJzs3v81ZWftP3quzd9CdLcICopKKC492+S+RUREREREREREOgKvjljNOZHHyve3EB4WwktvrIeFM/j3h25jx+702tGr54WHhTBuRBJTJw6joLCYp55786KLWrWkUcP6s/2zL9m8bR83z5/KFeMGU1VVzfI31nO2vIJOIUFMm1QzB+z5fe9+sJ1X3tpERHgo184cj/siddAAm5VZ00bzylub2LbrAL17dCclOYHv8govGkd0twhmTB7BylVbWbNxJ0tun9uk5xEb1YXbF1zF6+99zNpNOzGbTAwd1JeRQ/o16vxrpo7ir6+sZel/LGP29LHMnj6mSf2LdGRutxtDU4exi3QAbTE32mLMIt7QFnOjLcYs4g3KDRGR5jG43RcrBba8nBN5PPXcmwTYrPzxkbv49RMvUFhUQkpyAgvmTiYiPASAjMwcYqMjCbBZKbdX8tH2fazekMqY4UksnDfZI6NVRTqq7KO5GAyGJv0Al3x8/n7d24buN7StMWwBvp8ruKraQXW1A4fDSbXDiZ/BQLXD6euwRFods8mIy+3GbDJiMhkxm0wtPhd5cymfRRpH+SzSfrSFfBaRts1e7vB1CB7llcLq+aJqYnwMGVk5BNj8KbdXsGDelWzetpfjufnERnUhNjqSiPBQyu0VZGTmkJObT3hYCHOuGsu4EUmeDlOkw1FhtXlKy+y4XC78/PzO/SFa8wepiFzc+QKHw+GszZ3gIJuvwwKUzyJNpXwWaT9acz6LSNunwmoznS+qpiQncMeNM3j2xffJyMph6b0Lvp9P9UQeX6RlkpGZU3tebHQkiQmxDElO8GR4Ih2aCquXx+l0UXSmDJvNQmCAv09iEGkPzpZXYK+oIiw0CKPR69O+A8pnkZaifBZpP1pDPotI+6HCajP9+okXSIyP5Y4bZ/Di6+vZn/ZNvaKqiPiOCqtN53S6KC4tJyTYhsmo0S8izeVwOCkpLSc0JNDrH96UzyItS/ks0n74Mp9FpH1p74VVj79D2u0VGAyw/A0VVUWk7Ss6U6YPbSItyGQyEhIcQFFxmdf7Vj6LtCzls0j74ct8FhFpSzw+YnXH7nRWvv8xNps/9y+eq6KqSCuiEatNU1pmx8/PoMsLRTzgbHkFLpfba3O6KZ+lvXO5XDgcLqqqHbhcrma15efnh9Hoh5+fAbPJiJ9fw2MzlM8iLcvlclHtcOJyuXE6Xc3K6daezyLS/rT3EateWbxKRFonFVY2WnW9AAAgAElEQVQbr6rKgb2iktCQQK/1KdLRFJecJcBmxWz2bG4rn6W9O1tegdPZvGJqQ8xmEzZ/S4PHKJ9FWka5vRKHw+mx9ltTPotI+9TeC6uaLEVEpBGqHY4f/UZfRJrHz8+PqmrPfXg8T/ks7dX5ORE9WVQFqK52UFpmb7Af5bNI8zidLkrL7B4tqkLrymcRkbZIf4WIiDSCw+HEZNK8bSKeZDIZcTg8/4228lnaI6fTRbm90mv9ud3uBkfGKp9FLp/T6eJseQXeuri0teSziEhbpMKqiEgjVDucmPXBTcSjzCYj1R4emQPKZ2mfvFlUbUy/ymeRy9dR81lEpC1SYVVE5Ee43W78DAaNiBHxMJPJiNHP4NEROspnaY/K7ZVeG9n2Q263G3tF1QXblc8il6ej5rOISFulwqqIyI8wGAz6ll7ES6qqnZe9oF1jKJ+lvXG5XB6fg/HHVFc7LrpKufJZpGk6cj6LiLRVKqyKiIiIiLRR1a1kQRmHw7MLZol0BMpnEZG2R4VVEREREZE2ytVKLs11XmSEm4g0jfJZRKTtUWFVRERERKSNutQq3t7WWuIQactaSx61ljhERNoCFVZFRERERNqoi82F6AutJQ6Rtqy15FFriUNEpC1QYVVERERERERERESkiVRYFREREREREREREWkik68DEBFpL3Yue5xNeQAOKsocmIL8z73JJrPgsetI9FC/pftf5pnV2VQ3p5+0l/nV3mE8uSj5gl0Z7z7Olu73s2RMeMNxZKxjOxOYmRh8ORGItA8lX/PG8i3sLjq3srMphJRrZnHrkAby59QmHn0J7v31NLo3ucNi0j7YCRNmkBxymTGLyMUpn0VERORHqLAqItJCxix5jDEApPHyr/Yy7LFFXFimbGlZrHvXzrSHH2O4zTM9JF73WKOKtfbcdNIZrsKqdGCFbH5hMwXTF/P0wMCaTdV5fP5BJseGjKSHR/qsJCctB4ajQow0UgmpL73KO0cbOKTXKP799qF07H9SymdpC5TPIiK+psKqiIinZazkse2JPHpnCmYAStn+P89QtOBh4jb9ir1drqU6fSu59mrMURO46ebJ9LQB5LHz7y+zKdcOmIma9lPuHBP5fbuFO1n2zIccq3CQ/tTjrEtewGPXxZG7/WVe3pJLNWCOmsyiRROIMkPay+f62rOGI4mL+M8FPyyXHmPn3z9ka64dO5FcvWQJYyLPnTfsSRYl57HlqZcpGh1P7qcZFNrt2FJu5v7rEjn27uOs3FNGGct4fHsk0+5fQkr+uzyzMg07gC2R65YsIFk1V2nXCskpDCElIfD7TeZIRs77Pm9Ppr7GcxsLKQfMUYN48GcTLxjVdslj7F/zynOb2V8KYCT2ykGEffwFu0or4fln2Bw5iIfvnUiEp5+mtHEhxCd0wnT0DI5LHBGVEK0ijPJZ2gTls4iIr6mwKiLiaYkTGP7uSnaVpjAhGMjdwqfB0/h5FGQB6blmHl36MMFA3pb/YdnqHjy2IJ6sla9yctrPeaynGbCz5+8vszN5CWPOFyfDx7DkseD6o2MzVrIsI4Wlj935fXvvRvHYgngA0o84+M3D/0m4+SJxZuVje3gpD9vAvufv/O7DNMZcMDVAPlmli1j68HVANqv/8Ca78pYy+brHWBL2FC+ziKWTI4FcVv81j8lLz42kLc0lt+VfWZFWJoEZ16TyX396kfQJyUzql0RcdCC16Zb5Pi/kjuGx3/bGDJTvfo1nU4tZGl+niUsdM9bJJ3/bTEnt6LliThaa6D6xD5F/WgW338XVXb39fKWt6jr+Rv6Vf/Lk5tIL9kVNvY6Hxusfk/JZ2grls4iIb/m0sJpzIo/96VkAxEZ1ISU5wZfhiIh4SBSTx8MzW3KZMCeKjO3pxE2Yw/kr9/umDOZ8rTRy+GjC/yedbGBPej7pGX8grU5LybnQ0HX5WfvT6ZFy3UXaq/mklzR+wsWLqgDxg0k5F5StRzxhW/LJu+CgMJKGnx+t05O4qHz25gGRPzyuC4k98nj3zS0wPpGkHlFEXapfkdaocBtP/eUg3wEQwpwHbmMSF9n2g6kWu4+9jadHnOVY9l5SP17FP78uJuTKGdw3pTc5u49yMu04v6mX1CehTiEm41LHlOSxIy+G+ecvSSaU7uEAZ5v2HMIL+eS511h9Lrm7Tb+JpWMbnj9Z2qeu46/j9uOv89LXVbXb/PtN5t72WIRRPks716HyWUSklfFJYbXcXslzy1eRkZVTb3vnsBDuWzyX2OgLPqGLiLRpwaMn0+W/9pB9dQ+2H0li5oLGnBXF1b+4//sRqi2hwXf9xvyXYKJxU7maSbz5YX5emMux9F3849UseixaypyejTpZxPfCJ7L0txN/sPFi2y7CHEiPhIn0SAD4lld+u5lPhtxFHBB7za38v7Gh9Y8/Vf/voYseU3Lh1xw/6qLPIZxJ997PpKa3Ju1OAAMXzmLmsndZ9x3QbQAPLOzXyPf4Nkb5LO1eB8pnEZFWxs8XnT713EqOnTjFgrlX8Ocn7ueFpx/i9oUzKLdX8NRzb1Jur/RFWCIinmNOYUJcOh/+Ywul4ycTVWfX4f0HOH/xVt6eXeQlJtKTeFKS8vh0+/cfvkqzsi8ygrS++JQkjtVprzQjncLEJLxRzwwLDiP/2PkI7RTmVWAL70nihOu4YbiDjCOX8UFSpE3J5fPdmRRX19lUUkJJdSCdgyFxSC++2/45J2v3ZXLkVP0WLnlMSDIjw4+z+cvzI9ocFJecBUIICStB6SWXpytTbr+GuaOH8MDtk9DYtrqUz9LWKJ9FRHzB6yNWd+xO53huPvcunsuQOpf+jxuRRI+oLjz+36+wekMqC+dN9nZoIiIelTg6iZXP5jHnp/WHoCZFVbPyqT+Qa7fjCB/OT39ac61/4nVLGP3yP3j88ZpPdeaoCdzUoyc0dEl94nUsyXuZZx5fV7t41Z2L4hs4oeWYh8/h6l3P8Njj75Iy/06673mVTdn2mp22ZBbcHwkZ7/L4Sljw2HV02bmMZw4M5v4liWQse4YDg+9nyRhdwihtWSRxpvU8+6f1FJxfRcQUztSfzWWkGeg3i1/mvcmff/sM1ef33RpDnH+dJi51DOFMvWsqJ59/gQfeMWHGSOyVs7hvYizj5g7lk7/8Lw+9k8Di387ihzMjizTIvwcTZ3hmjfu2TfksbZDyWUTE6wxut9vtzQ6fffF9juXm86dH7rrk/pzcfP54if0i0nKyj+ZiMBia9ANc8vH5+3VvG7rf0LbGsAV477uhU/ln6NqlU7PaqN7/d36XMYHHF3w/SWray79i77AnuWCNKJEOqiVyrTX0IeItJaXlvg6hVkhwQL3HymeRpuno+Swi7ZO93PHjB7VhXp8KoNxeSURYyCX3x0ZHUlBU4sWIRES8IY9PN5UybWYDK0+JiIiIiIiISJvh9cJqgM3aYOE050QeMVFdPBqDvaKKP/7f66zZuPOi+7/LK+SX/7GMvQcPt2i7F3M05zse+eOL3PXQ003uT0TakkgmL/0FE36wEFXyIo1WFREREREREWmLvF5YTRnYh4KiEjZv23vBvozMHPanZ9Wbe9WTdu5J53Rh/SKv2w3bP/vy3ATynlVur+Sfb2+mV2w3/vTIXQzsH+fxPkVERERERERERKT5vL541bgRSaR+nsbKVVuxV1SRGB8LQEZWDps+2UtMVBemThzmlVjyC4rZuSed2dPH1G47lV/IZ/u+8lL/Z8gvOMPVU0YS3sD0CCIiIiIiF+Pn54fL5fJ1GPj5eX28hki7o3wWEWl7vF5YBRgyMIHDR46zekNqve1942K47455AKTuTq+dMqBzWAh942OJCG/Z4uOQgX34/IuvGTM8qbbtHbvT6BQShNtVs6bXgfQsXnz9Q+6/Yx594mIAyDt9hv96/k0WzLmCYYP7XrL9I9knWbZiDeNHJrNjdzpFZ0ro3aM7d986ix2702uf/7KX1xDeKZjfPHATNn8Lb6/dxs7d6VQ7nPTu0Y1FC64iqmvnFn3uIiIiItL2GY2toxBjNKoQI9JcymcRkbbHq4XVnBN5PLt8FQVFJYSHhTAkOYGI8BBioyIJsFmJjY5kx+50Vr6/BXDXbv/08zTs9kqmTRpWb3Rpcw1JTsBur6gdtZp3+gxffJnJzCmjWLV+BwB94mLo0rkTB786UltYzfz2BFaLmYTe0T/aR0VFJekZR/mXn16Lw+HgryvWsCV1PzOnjKZnTFde+OcH/GTOJAYnxRMUEMDr731Eesa3/OLu6wkNCeKdtdt4/qXV/PLeGwgNDmyx5y4iIiIibZ+fweDrEAAwaoSbSLMpn0VE2h6vFVZ37E7npTfWEx4Wwi/vuYHEhNhLHrNg7hVMnTiMnBN5ZGQd57475vFFWibLX/+Qs+UVLJw3uUVislhMTL9iBG+u3sqY4Uls/+wgUd0i6Bv/fWwBNisjh/Rj176vmDG5ArPZxGf7viIlOZ7QkB8vdJrNJq6dOYGY7hEA9O7RnYLCEmz+FoICbRgMEBjgT2hwIMUlZ0nP+JZrpo2pLdpeO3M8Tz23km+zT5LipblnRURERKRtMJuNVFZV+zoMTCYVYkSaS/ksItL2eOUdM+dEHi+9sZ6YqC78+0O3XbSoerqwpF5RFWD1hlRWrtoC1IwuXXrvAj7avo+MzJwWiy0xPpbOYSGsWr+DL77MZNrEoRdc+jAgsRclpWfJ/PYEp/IKOV1YzMiUfo1q32g0YjE3rn5dXHoWe0UVNn9L7TaLxYzRz49Tp4sa/6REpEW53W7MJqOvwxDpEMwmI26322PtK5+lvfHz88PcyL81PcViMV10Tkbls0jTdOR8FhFpq7zyrv3M8lWEh4Ww9N4FBNisFz1m87a9hIeF1Fu4avGNV1Nur6x9HBsdyZjhSWzetveixdnLYbGYmDF5BP/34nsMHdiHuJ5RlJSV1zume2Q4cT2j2J+eRXinYCLCQ+kaGd4i/dcVGhyIzd+CvaKqdltVVTVOl4uuEWEt3p+INI7BYMDlduNwODHpA5yIxzgcTlxuNwYPXgqpfJb2yOZvweFw+qToYTAY8LdaLtiufBa5PB01n0VE2iqPj1jdsTudwqIS7lg445JFVagZ1TqkzqXuO3an8x9Pr+ClN9bXO27IwAQyso63aIwJcdHcs2gO186ccNGJuo1GP8aNSGJ/Wiaf7DzAqKH9Gz0KtSlCggNJSuzNB5t2kvntCfILinlv3afY/K307tm9xfsTkcYzm4xUO5y+DkOkXat2OL0y+kz5LO1RQ39n+6Jf5bPI5euo+Swi0hZ5fMRq6udpxER1adQI07pv5ONGJFFQWMzmbXvrH+NvxV5R+cNTm8VkNJLcr3eDx/Tu2Z2gQBtut5ukxF4t2v95BgNcP3siGOB//vo21Q4nvXt0457b52jhKhEfM5mMOPTBTcSjakadef5iGuWztEdGox8BNmu9q708yWAwEGCzXnL1cOWzyOUzGv0IDPCn3F7plZGrrSWfRUTaIo+/Ox4+cpwpE4Y26tiMzBy4qv7j2KjI+sdk5RAeFtKsmGz+Fn7zLzdecn9YaBB/evRn9bb5Wyx0CgmkV49ul1y06oftxvXszpM/aOdnt86qt/8vv/+X+v1YLdwyfyq3zJ/a6OcjIp5nMZs466UPqyIdlcvlwmo1e7wf5bO0VyaTkZDgAM6WV+B0ujzWj8ViuujlwnUpn0Wax2j0IzjIhr2iiupqh8f6aU35LCLSFnm8sGrzt3A4K4c1G3c2cIyVIQMTWLlqK+X2ygsuQai77Yu0TBLjW2Z+1abIPv4dud8VMOeqsV7vW0R8z2w2Yays5mx5BYEB/r4OR6TdKTtbgdHo55Gpdn5I+SztXWCAPy6XC4fDRVW1A5ereUVWPz8/jEY/jH5+mEx+F13Ypi7ls0jLsflbsFpMOBwunC4XTqerWTndmvNZRKQt8vi74+Ibr2b56x+yekPqJY+x+Vv44yM/Y/WGVJ5bvopf3nsDAGNHJpP6eRoZWTkMSU5g9YZUjufmc9/ieZ4Oux63G1L3HCKqW2d6xnTzat8i0noEB9k4XViC1WLWIhkiLcjhcFJRWUVEePOuSGkK5bO0d35+flgsflgs3i2GKJ9FWt75fPY2X+SziEhbY3D7YrnBS/giLZPnlq8iNqoLc64aS9/4WAJsVjIyc9i8fR/70zK5feEMxo1I8nWoIu1C9tFcDAZDk36ASz4+f7/ubUP3G9rWGLYA739z7nS6KC49S0hQgD68ibQAh8NJSZmd0JAAjD8yaqalKZ9FWpbyWaT98GU+i0j7Yi/33HQmrUGrKqxCzbyqL76xnsKiknrbbf4WFt94NUOSE3wUmUj7o8Lq5XE6XRQVl2Hzt+iyQ5FmKDtbQUVlFWGdgnz2oU35LNIylM8i7UdryGcRaT9UWPWRnBN5ZGTlUG6vJDE+lsQE78+rKtLeqbDaPKVldpwu17k5qoyYTUaNkhFpgMPhpNrhxOFw4nS5MBn9CAq0+TosQPks0lTKZ5H2ozXns4i0fSqsiki7pcJq81VVOc79IVpz62cwUO1w+joskVbHbDLicrvPFThMWMxGzK1sIQzls0jjKJ9F2o+2kM8i0ra198Kq3jFFRJrBYjGdWxjECoDb7b7sQrFIe9YWckP5LNI4bSE3lM8ijaPcEBFpHk2YIiLSgvSHqcjFtcXcaIsxi3hDW8yNthiziDcoN0REmkeFVREREREREREREZEmUmFVREREREREREREpIlUWBURERERERERERFpIhVWRURERERERERERJpIhVURERERERERERGRJlJhVURERERERERERKSJVFgVERERERERERERaSIVVkVERERERERERESaSIVVERERERERERERkSZSYVVERERERERERESkiVRYFREREREREREREWkiFVZFREREREREREREmkiFVREREREREREREZEmMvmy83J7JWs2ppKRmUNObj4AsVFdSEyIZfb0sQTYrL4MT0REREREREREROSiDG632+2LjnfsTmfl+1uw2ayMG5FEbHQkABmZOXyRlondXsmCeZMZNyLJF+GJdAjZR3MxGAxN+gEu+fj8/bq3Dd1vaFtj2AJ8+t2QiIiIiIiIiDTAXu7wdQge5ZOqxI7d6bz0xnpmTx/DnKvGUm6v5HBWDgBzrhrLwnmTWb0hlZfeWA+g4qqIiIiIiIiIiIi0Kl4vrJ4uLOGlN9azYO4VTJ04jJwTeTz13JvYKyoBsPlbWXrvDcy5aiwAK9/fQmJ8LBHhId4OVUREREREREREROSivL541eoNqYSHhTB14jAAnlm+ipTkBF54+iFeePohUpITeHb5KqBm9KrNZmXztr3eDlNERERERERERETkkrxeWM3IymHaxKEA5JzIo7CopHZ0KtQUUwuKSsg5kQfAtIlD2Z+W6e0wRURERERERERERC7J61MBFBaVEBtVs1BV5/BQAHJy82ov9c/Jzau3LzYqkoKikhaNwV5RxZ9feIeso7m12wwGA717dGPRgquI6tr5sts+mvMdf391Hafyi1iyaDbDBvVtiZBFRERERERERESkFfHpktoBNispSfGsfH8LdnvNHKurN6QyZngSATarx/uffsXw2ikJHA4n76zdxvMvreaX995AaHBgk9srt1fyz7c30yu2G/969/UEBQW0dMgiIiIiIiIiIiLSCnh9KgCbv4XTdUagdg4PpaCohOVvrGf5G+spKCohMOD7ourpohJs/haPxOJvtRAWGkRYaBBdOocya/oY7BWVHDued1nt5RecIb/gDEMGJhAeFoLF7NO6tYiIiIiIiIiIiHiI1yt/Kcl92Lk7nXEjknjj/S2k7k5jwdwrSEnuA0Dq7jQ2b9uL2w0L500m9fO02n2eZjYZAXA6nQAcOpzN6+99zKn8QiIjwrjpuikM6NuTI9knWbZiDaOG9mPXnq+I6taZ3j2788GmXQAse3kN4Z2C+c0DN2GvqOTllRv49th3mE1GxoxI4vpZE/G3Wi7ZTtpX3xIT1YXP9n6FxWLm9gXTKSgqYdX6VBwOJ3OuGsuMK0diMMCR7JO8uXor2TmncLpcDB3Yh9tumE6AzcqajTs5kJ5Fn7hotu08iMvl5opxKcyfNQGT0YjL5WZr6n4+2LSLkrJyOoUEcd01Exg9bAAn8wpq4w4OtHH97EmMHjYAg8ErvwqRVuNU/hlfhyAiIiIiIiLS4rp26eTrENo8rxdWp00cyuP//Qqbt+3lo+37uH3hDMaNSKrdP+eqsXQOD+WlN9YTER7C4SPHeWzeZI/H5XA62bX3EH5+fkR1iyAnN59/vLaO0cMGMGX8fA4dzuaVtzbxi7uvB6CiopLP9n3NtTPHk9SvFxazmbge3Xnhnx/wkzmTGJwUj8vl5vmXVhPdLYI7H76G4pIy/vHaOnDDzfOnXrSdbTsPcjw3n1FD+/P7h+/grTWfsGzFGoYM7MNjD93Gnv0ZbNq2h4ED4ojpHkFxSRmjhvbnZ7dcQ+lZO39dsZaPtu9j9vQxABw7cYrEhFh+9+vFpH19lHc+2MbQgQn0iYshdXcab6/ZxvxZExg6qC/Hjp8i7/QZSsrO1os773QRL7+5kYjwEPrExXj8dyHSmug/GhERERERERG5GK8XVmOjI5kyYSgrV23F5m+pV1Q9b9yIJFa+/zErV21lyoShxEZHeiSW1RtSWb0htfZxgM2fxQuvIjKiE+s++ozQkCBmThlFYIA/I4f2Z/f+DI7mfEdEeChGo5Gbr5vC4KT42vODAm0YDBAY4E9ocCD70zKxV1Ry7czxdOkcSpfOoVwzbQwfbNpJSelZgIu2E9U9grEjkggM8Gd4SiKHDmdz9ZUj6dI5lIED4tj4yR5O5RcS0z2CIQO/H80bHhZCr9iunDxVULstJiqy9jkMHBDHB5trRqdWVlaTuucQo4b158rxQzEYICw0COCicQ/s15tDh7NVWBUREREREREREcFHi1ctnDeZcnslO/ek81/PvcnUiUOJiaopnh7PzWPztn3YK6oYMzyJhR4crVp38SqT0VhbGAU4lV9Ezok8fv7os/XOSegdTUR4KGazieAfWZzq1OkijH5+WCzm2m02fwv2iiqKzxVWL9aOxWzCz+/76W/9rRZCzi2mFRjgX2/u1ozMHN5dt52TpwqxV9QsADYiJfGSbZ1XUVXFmeIy+vfpccHl/adOF1FccpZH/vhive112xUREREREREREenIfLa60h031kwBsHpDKs8uX1VvX9+4GH55zw0kJsR6NIbzi1ddTNcuYfSIjuTOm2fi72+td07dEaEN6RoRhtPloqqqunabvaIKm7+F0OBACuos4nU5zpZXsHL1VsJCg3j4gRvx97fy6jubG3Wuv8VCp9AgCs+U4nZTr7jaNSKMTiFB3Lt4Lp3qvD5WixbjEhERERERERERAS8XVjMycwiwWWsv7U9MiGVpwgLK7ZXs3Z8BwLCURAJs1nrnnS4soaCw2OOF1roG9o9ja+oBdu/PYPzIZJwuN1+kfcOQJiyk1btnd2z+Vt5b9ynzZ02kuKSMDzbtJCmxNyEtUFj18/PDYjZhMZuwWsx8m32SzG9PMKBvzx8912o1M3RgH1ZvSKV3j24M7B/HseOnKCgqYdjgvgTYrHyy8wDXTB2N0c/AocPZRHWLIK5n92bFLCIiIiIiIiIi0h54rbBabq/k2eWr6BEdyS/vvaHevgCblbUffYYBmDBm0AXnLn/9Q3Jy8/njI3ddUHT1lNioLty+4Cpef+9j1m7aidlkYuigvowc0q/RbYQGB3LP7XN4eeUG/u0P/8BsMjJmRBLXz5p4weX3l8Pmb2HhvMn8/dV1/Ob3L5CSlEDPmK6NPv+KcYOpqqrm3Q+288pbm4gID+XameMJCQrk7kWza+M2+vnRNz6GBfOimh+0iIiIiIiIiIhIO2Bwu91uT3ZQbq/keG4+X6R9w47P07BXVLF44QwiwkPpGx9DRmYOh48cZ/WGVGz+FqZNGk5ifCwxUV3IOZFHQVEJy99YX7PQ1chkhiT3ISaqi9cKrCLtWfbRXAwGQ5N+gEs+Pn+/7m1D9xva1hi2AE1PISIiIiIiItJa2csdvg7BozxeWH3g3/6vdl7ROVeNpdxeyZqNOy84bvb0MQTYrKxctfWCfVMmDCU2OpKV73+MvaKK8LAQ/vTIXZ4MW6RDUGFVRERERERERDylvRdWPV6VWDDvSl56Yz1DBvZh6sRhAHyRlklBYTEL5l3Jyvc/ZsjAPsy5aiwAx07ksz/tm9p9EeGhLJw3GaiZo3XnnvTaY0VERERERESk43G5XRTYs8ktPURuaXrNbdkhyqpO+zq0VivIEkFU0ACiggcQFZxEdPAAwm098TP4+SymQ6c3c/DUOk6dPczZqiLOVhficFX6LJ62xuznT6ClM51tsXQP6k+vTsNJCB+LzRTq69A6DI8XVseNSKKgsJgdu9PJOZEHwPHcfO5dPJchyQkE2Kw8t3wVs6fXFEt37klnwdwrGDciqXbf+fMysnKYPX0M40YkeTpsEREREREREWmFNh75X3Yd/yc2U0htkXB8j8VEBQ0g2NrF1+G1WqWV+eSWHSK39BBpeR+yIetpKh1ljIm9ham9H/BaHHZHMR9/+xy7TrxKlbPca/22R9WuCs5UnOBMxQmyinbxac5yABLCxjKzz2+IDk72cYTtn1euoy23V1JYVMLj//1KvW1AbdH04d+/AIDN31q77/xt3fNOF5Z4I2QRERERERERaUVOl3/LioP3MCjyah4e9ylmo7+vQ2pTgq1dSLROIrHzpNpt1c4Kthx9nv/9bCa3DlpGZ1sPj/XvdFeRmrOCj759BrtDtR1PyixK5f8+n8vomFuYkfBL/I3Bvg6p3fJKYbWgsJi+cTHMuWosp4tKWL0hFbu9AoAAm5XwsBAWzptMgL+VN1ZtqS2e2u0VhIeFMOeqsSRKyvkAACAASURBVESEhdQ7T0REREREREQ6hq1Hl/F57pvcNuh5ugUl+jqcdsNs9Gd6/C9IjpzB3/fdyuiYW5jUs+XXtKlwlrLiwBKyii5cc0c8w42bncdfIad4P3cMeZFAc2dfh9QueXzxKhFpvbR4lYiIiIiItHbP77mBnp2GMTPh174Opd374Jv/5ETpIX429J8t1mZ++RFePnAX+eXftlib0jThth7cPvhvdA3s6/W+2/viVb6boVhEREREREREpAHP77mBkdELVVT1kmv6/D+GdJ3DX/fd1CLtna0uZPn+O1VU9bFC+zFWHLyHs9UFvg6l3VFhVURERERERERana1Hl9Gz0zCGdb/O16F0KCOibyA6OIlt2X9vVjtOdzUvHbiLAvvRFopMmuN0+be8fGAJTne1r0NpV1RYFREREREREZFW5XT5t3ye+6ZGqvrIrD7/RurxFRTacy67jW3Zf+dY8RctGJU0V3bx3mYXzKU+FVZFREREREREpFVZcfAebhv0vK/D6NBuG7SMFQeXXNa5Z6sL2HL0uRaOSFrClqPPU1Z12tdhtBsqrIqIiIiIiIhIq7HxyP8yKPJqugUl+jqUDi0qeAD9I67ko2+fafK5G7L+m0rnWQ9EJc1V6Sxj45H/8XUY7YaW1BYRERERERGRVsHldrEz55/8v/Gf+jaQo7/j11nLf7AxGH//JVybfA8poT6Jyuuu6LmEJ3dO5spe92EwGBp1ToWjlD25b3s4soZEM7jPU8zoPoRws7Vmk7OEvDNvs/nrJzhQ4c1YnuShKddDbhxPf+XNfhu2J/cdZib8Bn9TsK9DafNUWBURERERERGRVqHAnk2AOQSz0d/XoQA38ZORv6J23KzjOJ8eupvX94cQOelmojzVbdHb/Ne+X9El/giLenmqk8axmgKxGAMotB+jc0DPRp2TVbTTpwskxfV/iZ9ExVBR9DbvnviMCiAsfDGjut7M1N5rOfDVfp/F1lo43VVkFe0kqct0X4fS5qmwKiIiIiIiIiKtQm7pIaKCB/g6jHOs2IJD+H5M3wCujl/CnvRNZBTdTFSYD0PzoqigAeSWHWp0YTWj4BMPR9SwYaHxmCs/4a19j3Lg/MZTa9n6bTRhFSd8GVqrklHwiQqrLUCFVRERERERERFpFXJL04kKTvJ1GJdmtmKu+/jsF6w++Ds+K9+PgxT6dn2Km5LjsQHYs9hycCmby/bjIIKwgAe5dtDNJAYCzhIy0h7hzdNrKSOYoKBHWTToevyzbufpU9sAyM+K49dZE5kx9CUm+7CIGx2SzImSNAZGXt2o43NLD3k4ooZVuABrPAO6RnPgVJ1CasUJis7f95/FtcmPMiy0C2ag2r6Lz76+iTWFgP9NXDtgMYND4rEZASopLHiSv+1fThHwk9FHGO63kV2O0YwODqG04AGe2F/C7KFPMCwspuZ37ywhL/9JXkw/15/5dzw48WaizAAl5B5/gD9nbPPK63Epvv49tRdavEpEREREREREWoXWNWL1B6pL2H9kGUWmaSSGAc4sVu+Zz16/B7lv5H4eGfQg5F/Da5mVAGQdup31VbO4Y+h+Hhn5LrMDjpBxrrJ3LO12XiwM4epB+3lk5AdczTKePbiLsD5/4ZH+vyMM6Bu7n0dG/oXxIT57xsD3I1Ybq9THK86vObmRUmcMKcnb+e34TdyX8iQzuvevc0Q0M5KfYnRQJYczH+C1tCc5zBDG9/szcQAVIYRZKjmS8wivpT3Au9/lE975QX4SW6cJ23QG+33BnqOP8O7Rk4wb+hfGh4WQf7zmnA9PZYE1uraQGxk+CfupR3gt7UnS7SFExfyK2V57RS7O17+n9kIjVkVERERERESkVcgtO0RUUGsprC5nxUd1F7CyYLI8yI0p5+ZXPbmRvY5pTBswiahgIHgS13YdzZ/yd1GdMAmHKx+wYgsIIdgaQtLgR6kZi3uIXYX76d71JYZ3CQFCGN73QT7dt5YDjGa4zYoJMFlCCG4FawtFBydxojT9xw88p7Qy34PRNELOEp4oms+MnvNJDB1A987X06Pz9UyO38WH+29ia9liEkOtlBb8mRXZawE4YJrIb/sNYXwnOHJmGS/uWvZ9e6cmMr7b9QQH1emjehebdi1mBwCP8GBYCNXFz/NsxmvnzlnLVgCeBMBespy/ndt3IHw+f7LF0D0a8OHMBD7/PbUTKqyKiIiIiIiIiFygzuJVFV/wZtoDlHaeTUroud2O01SwiTWfx7Gm7mmWWRQBickfMOPgI/z100dx+I2ie6cHuWnQaMKNldhdcPJkCr8+WffEiZSWe+eZtXtl77A+/R3WAxDN4D5/4doeo5nabwlb94RgAoI7P8WfpjxV56QS/IOBipu4cdCDJAaEYDNaa/fm1W2/6vi5oipATXtFZ+u2VV+pffmFG3UNebugwqqIiIiIiIiItArnLztPtE7ydSjUW7wqeBK39b6eJ7IeYHX4u8zpBvhZgVnMTnmCwZY6p/lZa86xxTN51OtMBqqLD7Hm4Cz+lraN3wwGMxDbfRuLYutf5+8fAJRYW1Wx5kRpOtFNmPc22NqFMz5cJCosqD+UffX9fKqc4MA3axnVfQjxprjaraUFv2PNybqjNispLYa4vktICbaSm/tn3is8DsxiRvKPL/IUFrgUuHRxtbUJtnbxdQjtgurjIiIiIiIiItIqRAUPaLWL6ph7PcjV/ofY8c2amtGL0bMY5reWTZlfUHrumNKiNezJB6hk/96lrD52nNLSkpoFlQC7owQYwqhOceScWkZGxbkTK7LYkp2FwwiExRPlB0dOfUJpNeD06tO8QFOnZwi2RHgwmh8zihmDPuChse9wY/xNDO46i8Fdb+LaoUvoYa4kt+DPwJ85XFpJcKfFDPY/d5r/RMZHT8NUAUXVNXPk4ioBQoiLHU14g33WtGcOvZn7Emv6HJX4Gg+lLPHkE2023/6e2o/W9CWIiIiIiIiIiHRgUcFJpOV96OswLiGE0fGPsjV9KWsOT+enfQdww8i1bEl7hGc/34+DYPz9r2dabwArPULj2Jp1HTtcp4EIwoKe5KcDagqU8Snv8rOvnuSttJG85arC5DeNvl1/da6fAczu8wi53zzAE9tKGRB/hEW9fPSUgRMlX5LSbW6jj48KHkBOyQEPRtSQz1if9SK23rNJjH2CFGPN1urq4xw7tpS3vqkZSbvm4FIY8CuGJfylZt5bZwl5Z94GoOir37Er+C+MjnmCm2IqKSz4gkJGN9DnCdYcXIop+VGGxTzBTTFAdT65BWsJ8+RTbaZWu0hcG2Nwu91uXwdxurCEnXtqJkJOSYonNjrSxxGJdAzZR3MxGAxN+gEu+fj8/bq3Dd1vaFtj2AL03ZCIiIiISHtyuvxbXtz/U3419mNfhyLn/GnHJO4c+gqdbT0adXx6/kZWHGzdozUF7khZTmJnz0+5YS93eLwPX/J5VSLnRB5PPfcm9oqaodarN6Tyy3tuIDEh1seRiYiIiIiIiIg3hdt6UuU8S7WzArPR/8dPEI+qdJThdFUT5h/T6HPiw8ZgNFhwuqs8GJk0h9FgJiF8jK/DaBd8Osdq3aLqgrlXsGDuFQA8u3wVOSfyfuRsEREREREREWlP/Ax+jI65mS1Hn/d1KAJsOfo8o2Nvwc/Q+PKRvymY4VHzPRiVNNfwqOsxGiw/fqD8KJ8VVusWVW9fOIOpE4cxdeIwbl84A3tFJU8996aKqyIiIiIiIiIdzNTeD3Do9CZyS7/ydSgd2vGSLzlcuJ0re93b5HOnxf0ck58Kd62Ryc/C9Lhf+DqMdsMnhdUfFlXHjUiq3TduRJKKqyIiIiIiIiId2K2DlvGK5un0qVcO3sOtgy5v5HCwpQujom9q4YikJYyPXUyQJcLXYbQbXi+sNlRUPU/FVREREREREZGOq7OtB6NjbuGDb/7T16F0SKsP/44JPe4gzD/6stuYHv8LugX1a8GopLl6hKQwNe5BX4fRrhjcbrfbW501pqha147d6bz0xnps/laW3nsDsdGRLRKHvaKKP7/wDllHc2u3WcwmEnpH85PZk4iJ6tKs9ouKy/jjX17jhrlXMGxQ3wv2H8k+ybIVa1hy22zienZvVl+Xa83GnaRnHOXBu+Zj89fw/I4q+2guBoOhST/AJR+fv1/3tqH7DW1rDFuAz9ffExERERERD/rbvlsY0m0OI6Ju8HUoHcau46+Rlr+BO4e83Oy2iitP8uzu+RRXftcCkUlzdLb15L4R7xBoDvdqv/Zyh1f78zavjVhtalEVPD9ydfoVw3nysbt58rG7+c2/3EhQoI0nn13JwUNHWrQfEREREREREWm6nw39J/u+e5+13/ze16F0CKsP/67FiqoAodbuLE55EasxqEXak8sTYA7jp0OWe72o2hF4pbB6OUXV8zxZXPW3WggLDSIsNIjY6EgW3ziDgf17s3pDKuX2yhbrR0REREREREQuz91DXyPE0pU/7phIbukhX4fTLh0v+ZI/fDqecP/oFiuqntc9qB+/GfcJPUOHtmi70jgxwQP55ZiNdLb18nUo7ZLHr6OtW1TtGxfTpKLqeeNGJJH6eRqHjxznqefebNFpAeoyGY1MGD2IZS+v5tiJPPolxHIk+yRvrt5Kds4pnC4XQwf24bYbphNgs1JYVMKKtzZx6HA2Rj8/hg3uy/WzJ9a2l/tdAes/fpXs498RGRHGnTfPpFdst9r9hw4f5cXXPyTvdBG9e3Tnzptn0qVzp3P7snn9vY85lV9IgM2f6ZOGM33ycExGI6fyi3hrzSd8dTibaoeD3j26c/etswgPC6mdZmDU0H7s2vMVUd06c98d8ziUcZRX3tpE6dly+sbH0jUirMVfPxERERERERFPmNjzTpIjr2LFwSX0j7iSK3ouwWoK9HVYbV6lo4wtR5/ncOF2lgxf2aw5VRsSYA7jnuFvsif3LdZnPU1Z1WmP9CPfsxgDGBtzG1f2vg+rUbniKR4vrD713ErsFVUt1t75kat/+f39LdZmXUGBNgwGA2fL7QAUl5Qxamh/fnbLNZSetfPXFWv5aPs+Zk8fw3sffkpVVTW/+/ViXC4X23YdpLTMTlCgDYDU3Wn89KaZBAcF8OLrH7Luo8+5+9ZZAFRWVpGekc2SRXMAeOWtjfzjtQ958K75nC4s5h+vrWP0sAFMGT+fozmneOXtTVgsZqZOHMrZ8gp6xXZlwdzJuFwuXl65gXc+2M6dN18DQEVFJZ/t+5prZ44nqV8vTuUX8crbmxg9fABTxg/haM4pVry1kW6RGgIuIiIiIiIibUO4LZafj/qAj759hidTJ2MxBRAVNIDokOSa2+Akgq3NWzOlPSutzOdEaTq5ZYc4UfIluaWHcLqrGR1zCw+MXO3x/g34MSJqAYO6XsPH3z5L6vFXqHKWe7zfjibIEsGo6BsZF7tIl/57gccLq2NHJJOYEMtzy1dhr2j+5fX3Lp5LRmZOC0R2cVVV1TidztrHQwb2qb0fHhZCr9iunDxVULvNZrMSGhKIv9XCgrmTgZrFqwCumTaGhN413/Yk9+tNesZRqqprJu318/NjxuQRxHSPAODamRN44ZW15H53moysHEJDgpg5ZRSBAf6Eh4WQefQE+778hgmjBhLXs3u9Ra/69+1JesZRKiprCthGo5Gbr5vC4KR4AHZ8nnbR9o5kn2zx109ERERERETEk6b0vp8re91Hof3YuSJhGqnHX+ZEabpGQjYgyBJBdHASUUEDSOk2l5l9HibMPwY/g9eW3wHAagzi6oRfc3XCrzl0+iMOnvqAU2e/obyqiLPVhVS7KrwaT3sQHzaa7kH96RcxmT7h430dTofi8cLqwnmTa+/n5ObX23e6sISHf//CRc977F9vvejl/kOSExiSnNCyQdZRVe3AbDLRKaRmYuWMzBzeXbedk6cKawvDI1ISAZg/ayKvvvMRv3j0OQICrEweN4Tpk4bXtmXzt1yyH7PZRHBQQO1ji9lEtcPBmZIyTuUXYTGb8PP7/s3N5m/lTHEZFVVVFJwpYeX7Wzh2Io+yszUja+N7RV2y7Uu1JyIiIiIiItIWGQwGOgf0pHNATwZGXu3rcOQyDYiYwoCIKb4OQ+Syebyw2pCCwmKgZiRoRFgIAKeLSigsKvHJ4lEOp5Ptuw4S1imY7l07c7a8gpWrtxIWGsTDD9yIv7+VV9/ZXHt8p5Ag7ls8F7cbjuZ8x7IVawjvFEz/vj1/tK/qagelZd8Pea9b0O3aJYyc3HxcLlftfntFJZ1CgzAbTbyzdhulZ+38/GfzCQkOZPO2vWQdzb1kX127hHEk+yTVDgc2LLXtiYiIiIiIiIiIyOXx7njvSxg3Ioml9y1g6X0LLrm4VWJCLLOnj2nRfisqqygqLqOouIzs46d45h/vc+hwNjdeeyUBNit+fn5YzCYsZhNWi5lvs0+S+e0JAJxOF2+t+YQ9Bw5zpqQMgwH8DI0vWLpcLtZv2c3xk6c5fvI0763bTveunYnqFsHA/nEUl5Sx7qPPKCwqYd/Bb9i55xBDB/bBZrPib7VgNhnxt1ooKCxm38HDDfY1sH8c5fYKNmzZXdte6u70Zr9+IiIiIiIiIiIiHZVPR6w2xZyrxrZ4mxu37mHj1j1AzaX4Cb2jeWjJT4iJqpns2uZvYeG8yfz91XX85vcvkJKUQM+YrkDNZQdR3SJY+f4WzpSUYTIaGTcymXEjkxu1WJfVaqF/nx78+W/vUFxaRu8e3bnjxhnY/C3ERnXhpzfN5PX3PmbTJ3sIsPkzfdJwrhg3GIMB5l8zgb++spZH//QiPWO6kZjQg+/yCi/ZV2xUF269fhqvvvMRmz7ZQ+8e3UlJTmjwHBEREREREREREbk0g9vtdnujo7seehqAF55+qHZbRmYO//X8m8yePqa2cLp6QyprNu7kl/fcQGJCrDdCE+mwso/mYjAYmvQDXPLx+ft1bxu639C2xrAFtJnvhkREREREREQ6HHu5w9cheFSrmAqgMVZvSGXlqi2+DkNERERERERERETEe4VVm7+lWeev2biTHZ+ntVA0IiIiIiIiIiIiIpfPa9fRpiT3YeeedJa/sZ5xI5IByMnNv+TxObn5tZcH79idVtuGiMh5bjdc5iwCIiIiIiIiIuJBbpevI/A8rxVW51w1loysHFJ3pzdqRfofXvYfHhbCwnmTPRWeiLRBbrf7sudnFRERERERERHP8dKyTj7ltcWrAMrtlaTuTqPcXllv+5DkBGKjIwHIOZHHF2mZ9fYH2KyMHZFMgM3qrVBFOoS2vniV2eKHydRmpooWERERERER6TAcDhfVVe172KpXC6si0rq09cKqn9GA1Wq8rHNFRERERERExHMqK524nO277KihXiLSZrX3N2gRERERERGRtqojfGZXYVVE2jSXq/2/UYuIiIiIiIi0JR2hqAoqrIpIG+fsIG/WIiIiIiIiIm1FR/msrsKqiLRpjmpXh1hpUERERERERKQtcLvdOBzte9Gq81RYFZE2r72vMigiIiIiIiLSVnSkz+gqrIpIm+d0ujXXqoiIiIiIiIiPuVzuDjMNAKiwKiLtRHWVC80IICIiIiIiIuIbbnfHGq0KKqyKSDvhcrmprnL6OgwRERERERGRDqm6ytnhriZVYVVE2g2n093hvh0TEREREZH/397dx0VZ5/sffw/DzQzKIAio3JgiKxZYmWmpaVmmVt61VlpbbXpW23JPtmvt7jnd7enmt9uN56ztydo8Jy07Ba6VZhaWpdlKJd4nJSR4M4DKrYzCcDvz+wOYRAFBYQaY1/PxmAcz1/W9rutzwSN88O57fb4APK26yuFVLQAa+Hq6AABoTzU1DjkcTvkHGGUweLoaAAAAAAC6L6dTqqr0vpmqDZixCqDbcTicqqzw3l/sAAAAAAB0tLq/vWu8+m9vZqwC6Jaczrpw1dfXR0Zfg3x8mL4KAAAAAMCFcjicqq1xqqaGVnwEqwC6tZoah2pqJKOvj4xGyejjI5GxAgAAAADQak6n5Kh1qNYh1RKouhCsAvAKtTUO1dZIkkM+RoOMPgbJIPn4GGQwGOjHCgAAAACA6kJUp9NZ94i/U6p1OOXwwoWpWoNgFYDXcdTyjwIAAAAAALgwbg1Wrbn5Sl67WRlZ1jYfazYFaNaM8RozIqH9CwMAAAAAAACANnBbsFpYbNOLS1fJXlGp6MhwBZoC2nS8NS9fK5JSFD8oRmGhlg6qEgAAAAAAAADOzW3B6sYtO2SvqNSs6ddpwrjhbT7+ww2pWvfp1yoqLiVYBQAAAAAAAOBRPu66kDU3X5I0ekSiuy4JAAAAAAAAAB3CLcHq1rR0WfMKJEnLk1JUbq9sclxD+AoAAAAAAAAAnZlbWgHs/u5H2SvqwtTd+w6oqLhUgVERrv1b09KVvGaT7BWVLFIFAAAAAAAAoNNzS7C6YO4MvfhKsjKzc7Rs8aJG+wqLbVqRlCKzyV+DY6OVmZ2jFUkpGpYYp0Bz2xa4ai17RZWWLHtPWYfyXNv8/XwVNzBKt0+9VtGR4Y3GSdLCeTNlNvl3SD0AAAAAAAAAuha3LV7VnN37fpQkTRg3XNMmjVbSmk36/KudsubmKz4upkOvPfG6K10LaZ06Va6UTWl64ZVk/eoXN+vSS2JlCvDXgjkzJEmmgPYNVV9f+ZGKT5wksAUAAAAAAAC6ILf0WP1wQ6qrx+pLS1epsNjm2hcTWdcSYPe+A8rMylFmllWSOmy26ulMAf4KCe6pkOCeiomK0Jw7J2voxQP14YZUldsrZTBIQT3NCupplsHQ4eUAAAAAAAAA6CLcMmO13F7p6rF6JPd4o329Q4NlNgXImlegF5cmS5LMpgCZzSZ3lNaIr9GosVdfqtfe/FBHcvM1JC5Gr6/8SJI0/54pWvfp19qTnqWYqAht2/mDfn7LWI0ZmajVH23R12npcjicGjMyUbdNHSdTgL8cDqc2p+7W+s++ke1UuXpZemrS+BH67MvtKj5xUpL00GN/07RJozV14ih9n3lY737whY4XFCvQbNLEa6/UxPFXytdoPOva0yeP0Xc/ZMtsNun+e6bIaKzLyN9bv0U/ZucyExYAAAAAAADoQG4JVmfPGC9rbr4ys3P08nP/6tpebq/U04vfkr2iUtGR4RqWGKdd+w4oJ69ALy1N1pOL7nXLzNXT9exhlsFgUFm5vcn9h3OOq0egSQvnz1R0vwitXrdF6RkH9dv7b1NQz0C9mbxB6zd+o5m3jFNq2j6tXrdFM6eM1RWXDtaRnOM6XnBC//7wL7TyH5+p1Famf7nrJgVbesqaV6D/fedjXT38Et1wzUwdsh7XytWfyd/fTxPGXXHWtWMiI9Szh1lrUraqqMSmiLBeKrdX6ofMIxo5bAihKgAAAAAAANCBPNpj9cMNqbJXVOqGsVdo9ozxkqRpk0brjXdT9PX2dG3cskPTJo12a01VVdWqra1tdn+f8BDNvfMmBVt6qNRWpvSMg7rlxlGKGxglSbrphqv0yeff6kTpKaVu/15XDb9Y119zhQwGKSS4p+s8/n6+Mhp9FGzpKbPJX9/9kK1gS0/dfMNV6hFoUmiIRQcO5Wrndz9q7FVDz7q2JCXED9DHn3+rzOwcRYT1UtahPJWV23V5YlwHfocAAAAAAAAAuCVYTVqzSZnZOZKkhx77bz256F6FhVpkzc2XJGVmWfXS0lWu8eX2CklSxgGrNMkdFf6kqrpGfr6+6mXp2eT+nj3M8vf3kySVniyTvaJKbyZv0JvJG1xjQnsFyXaqXCdKT+nin/VvVX/W4wUl8vfzlY/PT21vzaYAnSg9pYqqqrOuLUnBlh6KHxSjb3d8rxGXxWvndz9qyM8uUnjvXudz6wAAAAAAAABayS3BaqA5QGaTv+wVVYqJDD9rf8PCVk0d5041tbX66pu9CukVpH59ep9zfHBQD5lN/po+eUyjWaI+Pgb5+/qpV3BPFZ84KadT5wxX+4SHyJpXIIfD4dpmr6hUr+CeMvk3/1j/1cMv1v/838faf+CIMg5Ydeet17PQFgAAAAAAANDB3BKsTps0WhkHrMrMztGjC2a5tp/+/lwaQtb2DFsrKqtUUnpKkmQ7WaYPPv6nDucc12/mzmjVdSxBPZQQP1Bfpu7RRdF9FNIrSMfzi1VQVKprrhqqK4b+TB9uSNXA/n019OJYHck5rqISm66/ZpgGDYjUwS07VFRiU3S/MA29OFaff7VTH3/+rW64ZpgOWY/r6+3f65YJVysgwK/ZGi6K7quIsF5a9eFm9Qg0adCAyHb7/gAAAAAAAABomkd7rEpSYbFN6z5NVVGxrdH2+LgYTZ04yvV5wrjhGj0isV2D1U83b9enm7dLqut5GjcwSot+fbuim5hV2xSDQbpt6jit/miLFr+6StU1NQrv3UvTJ4+RJF035jJVVVXr/fVfaeU/PlNYaLBuvfkaOZ3SqCsT9GN2rp5e/JauvGyw5t8zRf9y181694Mv9NmX2xVoNmnitVfqujGXtViDv7+vLk+MU9KaTbp96rVun+ULAAAAAAAAeCOD0+l0dvRFXnljjXanZ7k+P/m7exQTFSGpro/qS6+uOusYs8lfLz/3rx1dWrewJz1LSWu+0G/vv10RYfRXResdPpQng8HQppekZj83vD/9a0vvW9oGAAAAAADQmbllxurlQ3+mjCyr7BVVujxhkHqHBrv2xcfF6JEH7jjrmNPHSFK5vVI5eQUaPCi6w+vtSmprHdqalq6YqD7qHWLxdDlAp2cwSEZfH/n4GGQwqP5FsAsAAAAAQAOn0ymnU3I6JYfDqdoahzp+ambX45ZgdcyIBKVu26fM7BzNmnH9WY+rx8fFnPMcqWn7lLx2sx554I5WjfcWeccKlXUoV/fePlFGo4+nywE6JYNBMhp95GM0yGgkRAUAAAAAoCV1T6bWvTcaDfLz81FtrVOOWqdqawlZG7gtiWt49H/3vh/P6/hye2V7V0PzOwAAIABJREFUltNtxERFaPGfHtBlCYM8XQrQKRmNBvkHGOXn70OoCgAAAADAeTIaDfLz95F/gJG/r+u5bfGqCeOGu2adpqalK9BsatPxR3LzJZ3dIgAAmuLjU/d/1Hz4ZQ8AAAAAQLvx8ambwOSodaq62iGHw3unr7pl8aoG1tx8Ja3ZpMzsnDYfazb5a9aM6zVmREIHVAZ4p+66eFXdL3kfeqcCAAAAANCBnE6nqiq9N1x1a7AKoHPpjsGqr5+P/PzoNwwAAAAAgLtUVzlUU+PwdBluR/oAoNvwqW+oDQAAAAAA3MfP3ztb8ZFAAOgWDAaD/P2Nni4DAAAAAACv5O9v9LqWfASrALoFf38fednvbwAAAAAAOg2Doe5vc2/iXXcLoFvyMRq88pEDAAAAAAA6E2/7+5xgFUCXR19VAAAAAAA6B2/6G9177hRAt+Tr6yMfH+/5v2EAAAAAAHRmPj4G+fp6R+ToHXcJoNsy+hKqAgAAAADQmXjL3+oEqwC6LINBzFYFAAAAAKCT8fExyOAFK0wTrALosoxGfoUBAAAAANAZ+Rg9XUHHI5UA0GUZ+A0GAAAAAECn5A1PmBJLAOiyvOGxAgAAAAAAuiJv+JudYBVAl+XjBb+kAQAAAADoirzhb3aCVQBdFq0AAAAAAADonLwgVyVYBQAAAAAAANDOCFYBAAAAAAAAAGfy9XQB1tx8LU9KkTWvQJIUExmuObMnKyYqwsOVAQAAAAAAAEDTPD5j9Y36UDU6MlzRkeGy5hVoeVKKp8sCAAAAAAAAgGa5dcaqNTdfH376tez2SvUOtWjW9PHKqQ9Vn1p0ryTpPxa/JWtegcrtlUpeu0lFxTaZzQGaNnEUs1gBAAAAAAAAdApuC1atufl6cekq2Ssq6zZkSRkHrJKksBCLa1xYiEU5eQV6evFbKiqxubZnHLDq0QfvIFwFAAAAAAAA4HFuC1Y/3JAqe0Wl7ps9WcMS47T83U+0Oz1LoSEWTZs02jVu2qTROpJXoKISmy5PGKQ5d96kXfsOaEVSij7ckKoFc2e4q2QAaLVjp/Yro+grZZV8rRMVuTpVVaSy6mJPl9Vl9fDrrZ7+vdXLFKm40FEa3Huc+vaI93RZAAAAAAC4uC1YLbfXzVQdlhinQHPAWQGpNTdfZrNJMVERev7xeY32DUuM04rTzgEAnYFTTn1fsFEbDy5R3snvPV1Ot1JWXaSy6iIdL8tURtFmrf/xz4oMukQ3xj6si8NukEEGT5cIAAAAAPBybgtWe4cGS9k5Wp6UogVzpru2n9kiwGwK0LChcZo1fbwCzQGSpOXvfvLTOdqBvaJKS5a9p4T4AZo6cdRZ+4/lF+ulV1fpzluv1/BLB7d4rh17M/Xam+v0619OPedYAN3HiYpcrfxugXJsez1ditfIO/m93twzX9GWS3XP0FfUyxTl6ZIAAAAAAF7Mx10Xmj1jvEJDLNq970Cj7WazSZKz7r3JX5JTqWnpemlpsmuGakPLgNkzxrdrTV9vT1dhsa3RNqdT+urb71RqK2vVOYZeHKsXnrxfQy+OPedYe0WV/vK3d/X6yo/Oq14AnUNm0Vf667e3EKp6SI5tr/6Wdqv2F272dCkAAAAAAC/W4cGqNTdfTy9+Swsf/28Vl9gUWr9QlTU3X4XFNoWFWvTog7NkNvnLXlGlaZNGa9SVCbLmFWjp8rWSpNAQi4pLbFr4+H/r6cVvyZqb3y61FRSV6uvt6Y22HS8o1rc7f2j1Ofz9fBUS3FP+fm6b/AvAQ5xyavPhv+uN3XNkr7Gd+wB0mFNVhVqx51facmSZp0sBAAAAAHipDk8Dk9ZskjWvQNGR4Qo7baGqF5cmy15RpftmT9aYEQl69MFZevo/V2prWrqeWnSvMrKsysiySpJ+M2e6PtyQqsISm6x5BVqelKInF917wbUNG/ozbdu1X6OuTFBYaF3guzVtn3pZesrpcLrGHS8o0T/WfakfMg+ruqZGA/v30/33TFFoiEXZh4/qtbfW6df3TlVIryD95eV3NHpEonZ996PyjhcqIixEv/rFzXI4nPrr66tlr6hSlqS03Rmu9gHfZx7Wux98oeMFxYoIC9FdP79Blwy+yHXua0YmamtaukpO2Bpdu6KySilfpOmrb/fKdrJclp6Buuf2G3V5YpxKSk81W8uAmL6SpEPWY1r5j89kzcuXn6+vRo1I0G1TxkmSVn+0RV+npcvhcGrMyETdNnWcTAH+F/w9B7qyffkblHLgBTnlPPdgdDinHPr4x7+ob494De49ztPlAAAAAAC8TIfPWM3MzlF0ZLieWnSvFsydoZioCJXbK2WvqJIkrUhK0da0dB3JK5AkhdXPaG34WlhsU0xUhBbMnaGnFt2r6MhwWevHXqhhiXHqZenhmrWaX3hCu747oOuvGSZfX6NrXFl5hQbE9NGfHr1Pz/xhrow+Pnpv/VdyNpOtfLMjXXffNkHP/GGuegSa9PHn2xTVL0yPPXy3BsT01WUJg1ztA6x5Bfrfdz7WpZfE6i+PzdPk8SO08h+fKb/whCSpoqJS6RmH9K//cqv+feEvZDtZpk2puyVJDodTNbW1euhXP9cLT96vsVdfquS1m1R84mSLtdTWOnQsv1j//cYahffupef+7Vf6t4W/kNnkr5oah1av26L0/Qf12/tv058e/aXyjhVq/cZv2uV7DnRVR0/uV1L6bwlVOxmnnHr7u9+weBgAAAAAwO3c0mP1zLWbGxalquupWheurkhKkSTFx8Wo3F4pa16BzCZ/10zSjuDv76uJ143Qtl37VVhs01ff7lVk3zANHhTTaFzsRf005cZRCu8drD7hIbp48EUqKrGporKqyfPecuMoxQ2MUp/wECUOGSjbyTI5HE5ZgnrIaPRp1D7gux+yFWzpqZtvuEqhIRaNvOJiRYT10iHrMUmSn5+vbr15rKL7hWlATF8N7N9PRfV9YQPNAbptyjhdFN1HIcE9deklsap1OHWi9FSLtVRV12jndz/KFOCvO2+9XuG9gxXdL0wzbxmn2tpapWccbHTcTTdcpayDea4FxgBvlJT+W9U4+G+gM6qsPaVV3z/i6TIAAAAAAF6mw1sBNMwwfXrxW+odGqxpE0cpJiqiPlQ1aNb067TruwPqHRqs/lHhGj0iUUXFpbJXVMpsCpA1N18xURGSpBdfSVZOfVuB9hI/KEa9Qyxam7JVB48c1S/vmCijsXHenHe8SMlrNulIbr5OldklSYMGRDZ7zobAuDWOF5TImpuvh594pdH2uIFRCgsNltFobLZ/a0VlldambNXOvT+qpPSUnE7nWddurpbjBSXq2cMsf3+/RttLT5bJXlGlN5M36M3kDa7tob2CVFFZLbMpoNX3BnQXe46v07GyDE+XgRYcPbVf6QWfKiF8oqdLAQAAAAB4iQ4PVufOnqw3klJkzSuoe+Xm6y+Pz9OEccO17tOvZc0r0KMLZkmSyu2VKiouVUxUhO6bPVkrklL04tJVevTBOxQTFaHCEpuiI8M1d/bkdqvP399Xk8eP0N/e+EBXDP2ZYi+KlO1UuWt/ba1D7320RSfL7Hp4/kxZgnpo45YdyjqU1y7X7xMeov5REfrVL26W6bTQ0hTgr6PHi1o8dvueTG3dtk+zZ1yviwdfJGtuvt5e/Vmrr5t1KE9VVdWNwtfgoB4ym/w1ffIYXZ4Y59ru42NQUI/ANt4d0PU5nLX65MCLni4DrfBZ9l91cdgN8jEYzz0YAAAAAIAL1OGtAGKiIvTUonu15NnfqHeIRUUldY+xTxg3XNGR4UpNS9cfn12ml5au0h+fXeZawGrMiATdN3uy7BWVenHpKllz8/X84/P01KJ7XTNY20tcbJQe+OU03Xrz2LNmq/r4+MgU4C8/X6NMAf4qKi7Vzr2Z53Uds8lfUX3DVFRiU+nJMknS0ItjdbLMrrTdGXI6HKqpqVXa7v2umbEtni/AXwaDQUE9A1VTU6vUtPRm2xOcaejFsbJXVOqDT/6pgqJS5Rwt1Acf/1O+vr5KiB+oL1P3qKS+V+vx/GLtTc+WwXBmUweg+zt4Ik0lFTmeLqOd/VoLrsvW89cs1/DWDI95R3+6IVuLLm5uwBzNH5et569+of1KPA9HT+3XwRNpHq0BAAAAAOA93NJjVZKS1mxSUYlNlycMklTXH/TRB2dp1JUJKiqxKSPLKqnuUfaGBa2aClc7gq/RqMQhAxXaK+isfQaDNPOWsZKkJ55/Q8lrNys+rv95X+uWCVdJkh79j9e07tOvFRMZrvtmTVLa7gz98bll+tOLK2TNLZCf37lnXF2WOEijRyRq6fK1eva/3lZ4WHCjWa8tiYkM17/cdbOyDuXpsT//j57/27uqqq6W0WjQbVPHKS42SotfXaU/PPN3rVz9mQIC/M59UqAbyi7pnAu3hcQ8o1ujos7v2Pgp6m+UFHC1rr6ofevytM768wIAAAAAdD8Gp7O5te3b14uvJCszO0dLnv2Na/Gqplhz8/Xi0mTZK6p03+zJGjMiQVvT0rUiKUVmU4CrLQCAC3f4UJ4MBkObXpKa/dzw/vSvLb1vaVtrmAM7vJuJ3twzX98Xbuzw67TVmCt260Yt0Z92Lm/jkVfpztHvKqHqVX3rM1fX+KzT37/5vbJbOiTmHf1p8NU6mRerxT80NWCO5o97QoOqVusP3/y+jfW0r0vCJuiXl73u0RoAAAAAAHXs5TWeLqFDdXwqUa8hTN2174DGjEjQK2+s0e70LPUOsWjBnOmusDQmKkKPPjhLLy5N1oqkFEnSmBEJknRWz1UA6Gjdrg3ARb9XgrlA2Qdf1DpdossuuVbX9ZOyj/40JCRqieYOmqoIP0m1OcoqtjU+h+ku3Xn573V5D4ukShWXfKkKd95DC05WFXi6BAAAAACAl3BbK4Bpk0a7HvOft2ixdqdnKbS+5+qHG1IbjW0IV5trC/DK8rXuKhuAlztZVejpElxCoh7XnQlLdGfCEsX7B8jXf5zr89RWtQWI0q19hsnv5Kf64Kiko68pyx6u2Khf/zTE9Lju/dlUhTi+0Tf7H9I7P34pv16XyHzaOaZe+oQuN1UqK+dxvbPvGWX6XK3ITtItpDP9vAAAAAAA3ZvbgtWGsPTyhEEaHButUVcm6KlF90qSa0ErSXrj3RQ9vfits8LVjVt2asyIBEVHhjcaDwAdpdZRo/LqEk+X0X56/V6Dgyp15PgTqrurb5VyfJcUPEW3murHDLxWkUabjhy+Sx/kfqQ9uU/oldxdqnadZKEGBwXIbntNr2e8oz3H39EH2/9PR2o9cD9NsFUeV62j+twDAQAAAAC4QG5rBSDVhasL5s5otC06MlzWvAI9vfgtSZI1r0ChIRbX+Ia2AMlrN2njlh0qKrEpOjLcnWUD8FJGH18F+oXoVCeZBVmS+6zeza17P+aK3eqvLXo3vfU9VocPuFqhClBoXLaej2u8L2HITH2w+736TwUqsZ62s6pSZ3bFOWk//bqFqna0uowOFejXS0afTjJ9FgAAAADQrbk1WG3K3NmT9UZSiqx5dX3xoiPDNXf2ZNf+hnA1ac0mZWbnaHBstGbPGO+pcgF4mSD/sE4TrF4Q0zO6pne4igseV8rxxrP+Tf2e0M973aXr9J42S5LCFRIjqSFc9Q846x+LIPMcSQ3hapj83Pb8Q8uC/MM8XQIAAAAAwEt4PFiNiYpwtQRoacyjC2a5qSIA+EmQf7iOar+nyzjL9wXrFOH4tNXjYwddq0h9r28y39GeM1eaqrxR1w2fqsvio7T54JfK6zNXgwa+p1sdy5Wtq3RN1DD9NAd0iTJPTtU1IQu1IL5S/zwhxcb8Qv2N7XRjFyjInycaAAAAAADu0UnmGAFA5xQZdImnS2hSifUJfZCb28rRM3VdSLR0cpc2nxmqStKJF5RdJkWGP6vhFc/qrR/XKV/DdPWQl3XXkInSie9ldw3O1bq9z2h3mdQ/+lndlfisEvSN8jpJW9P+wcM8XQIAAAAAwEsYnE6n09NFAPCMw4fyZDAY2vSS1Oznhvenf23pfUvbWsMc2PGT7vNOfq8l26Z0+HXQPhaN+kwRgYM8XQYAAAAAQJK9/MwVO7oXZqwCQAsigy7RwF4jPV0GWmFgr5GEqgAAAAAAtyFYBYBzuDH2YU+XgFbg5wQAAAAAcCeCVQA4h0EhVzNrtZMbHDpWg0Ku9nQZAAAAAAAvQrAKAK3w8yHPyWQM8nQZaILJGKRpg5/ydBkAAAAAAC9DsAoArRDRY5BmJ/6XDDq/hbbQMQwy6M7EJQrvEevpUgAAAAAAXoZgFQBa6eKw6zVp0COeLgOnmTToEQ0Ju87TZQAAAAAAvBDBKgC0wfgBD+jeS/8uPx+Tp0vxan4+Jt176d81fsADni4FAAAAAOClCFYBoI0Swm/Ug1euVt+eQzxdilfq23OIHrxytRLCb/R0KQAAAAAAL2ZwOp1OTxcBwDMOH8qTwWBo00tSs58b3p/+taX3LW1rDXOg73kd116ccmh73j+UkrVYp6oKPVqLN+jpH6ZJgxZpROTtMvD/BQEAAACg07OX13i6hA5FsAp4MYLV9pNV8rUOFKfqcOlOnazM16nqYpVXl3i6rC4r0C9EPf1CZTH11UXBV+hnoWM0sNdIT5cFAAAAAGgDglUA3RbBKgAAAAAA6CjdPVjlWUoAAAAAAAAAaCOCVQAAAAAAAABoI4JVAAAAAAAAAGgjjzQoLLdXat2nqdq6LV32ispWH9c7xKIJ44ZrwrgrOrA6AAAAAAAAAGiZR4LVV95Yo8zsHJlN/hocG93q4zKzc5S8dpPM5gCNGZHQgRUCAAAAAAAAQPPcHqxac/OVmZ2j6MhwPfrgLAWaA9p07NP/uVLrNqQSrAIAAAAAAADwGLf3WDWbTRocG61pk0a3KVSVpJioCA2OjVZRia2DqgMAAAAAAACAc3P7jNWwUIseXTDL3ZcFAAAAAAAAgHbj9mC1sNim3fsONFq06vKEQYqJinBbDfaKKi1Z9p6yDuW5thkMUp/wUN156/W6ZPBFbqsFAAAAAAAAQNfjtmC13F6pdZ+mauOWnWft+3BDqmIiwzVr+njFx8W4qyRNvO5KTRg3XJLkdDj0+T936Y13P9Hv7r9dkX17u60OAAAAAAAAAF2LW4LVcnulXlqaLGtegUJDLLpx3BWKiayboVpYYlPqtn3KzM7RS6+u0n2zJ7e4MFWgOUBmk3+71GUK8FdIcE/X57FXDdW3O35QfmEJwSoAAAAAAACAZrklWH3ljTWy5hVo1JUJmj1jfKNFq+IljRmRoK1p6VqRlKIVSSnqHxnebGuABXNndEiNDodTe77PktkcoP7113595UeSpPn3TJEk7dibqTeTN+jh+bdJkv76+mrZK6pc5zCb/PXw/NtUUnpSr725rtH5Q3sF6Y8P3dUoyAUAAAAAAADQNXV4sLo1LV2Z2TkaHButuXdObnZcwyzVFUkpSl67WY88eEdHl6YPN6Tqww2prs+WoEA9eN90hYZYznls/+gIPfOHuXI4naqqqtYb734io9GovhGhio4M1wtP3i9Jsp0s06srPtTgQdEK6mnusHsBAAAAAAAA4D4dHqzu/u5HSdK0SaMl1S1etSIppdGYUSMSNKb+tXHLDmVkWVVYbFNY6NkBpzU3X+X2ynbpxdpUj9WlK9bq4fm3KSYyvMVjfY1GBVt6yOmU1m/8WmXlFVo4b6ZrNq5/cE/V1Nbqg4+/UmiIRbNnXC9fo/GCawYAAAAAAADgeT4dfYHd6VkKDbG4glC7vUIZWdZGL2tuvmv8sMQ4SZI1L7/J8yWt2aSXXl3VLrU19FgNCe6p0BCLbr7hKgVbeiozy9rqc6Tt3q/NW/dozuzJCu8d7NrudEopX2xT9uGjmjN7cqP2BwAAAAAAAAC6Nrf0WA077dH6mKgILVu8qNmxDb1Vrbn5rpC1gTU3X5nZOa16VP9ClNsrm9xeW+to9DnrUJ7e/eAL3TLhag0aENloX9ru/fp083bNu3tKo8AVAAAAAAAAQNfnlmDVXvFTUNlSKwBJrtmrvUPrwsiNW3bIbDbp67R0ZdTPJG1oK3ChKiqrVFJ6SlJdK4B/btun4hKbhtTPru0datHe77NVUHRC/v5+2rx1t+vYgqJS/e87n2hg/766PHGQ6zw9Ak2y5ubrnfc/19XDL1F0vzCVlJ6Sj8GgHj1MtAMAAAAAAAAAuoEOD1ajI8NlzStw9UxtaAVwutAQy1nBav/6HqfJazc3Gjd7xvizZrKer083b9enm7e7Pvey9NS9t09U3MBoSdL40ZcrMytHj/35fxXUI1CjRyaosMQmSTqSe1wFRSdUUHRC//bc/7jO8etfTlXesSKVlVdo09bd2lQfxppN/np4/m2Kvahfu9QOAAAAAAAAwHMMTqfT2ZEX2Lhlh5LXbtYNY6/Q7BnjWxxrzc3X0/+5UqEhFj3/+DxJUsYBq95ISlFxiU1TJ45qt9mqAKTDh/JkMBja9JLU7OeG96d/bel9S9tawxzolkn3AAAAAADgPNjLazxdQofq8MWrRo9IVGiIRZ9/tVNb09KbHVdYbNMry9dKUqMANj4uRk8tulezpl+nCeOGd3S5AAAAAAAAAHBOHR6sBpoDXEHp51t2KDMrx/W4v1S3UNTGLTv19OK3VFRi06grE8561D/QHKAJ44Yr0BzQ0eUCAAAAAAAAwDm55Tnacnvd4lXWvAK9uDS52XE86g8AAAAAAACgK3BLsBoWYlFoiEVhIRbFx8XImpvvClulusf9R49IVFioxR3lAAAAAAAAAMAF6fDFqwB0XixeBQAAAAAAOkp3X7yKVAIAWnC84ISnSwAAAAAAoN31Ce/l6RK6PIJVAGgB/9AAAAAAAICm+Hi6AAAAAAAAAADoaghWAQAAAAAAAKCNCFYBAAAAAAAAoI0IVgEAAAAAAACgjQhWAQAAAAAAAKCNCFYBL+V0Oj1dAgAAAAAAQJdFsAp4qdpah6dLAAAAAAAA6LIIVgEvVVtb6+kSAAAAAAAAuiyCVcBLne+MVYPB0M6VAAAAAAAAdD0Eq4CXqq1hxioAAAAAAMD5IlgFvBStAAAAAAAAAM4fwSrgpVi8CgAAAAAA4PwRrAJeqrKyytMlAAAAAAAAdFkEq4AXqqmpVVVVtafLAAAAAAAA6LIIVgEvVFZW3uJ+g8HQbtdqz3MBAAAAAAB0FgSrgBcqL6+4oOMJSwEAAAAAgLcjWAW8jNPpVEVFZaNtDUFpRwemBLIAAAAAAKC7IFgFvExzs1XPDFdbG4ISlgIAAAAAAG9EsAp4mfIye5vGE5wCAAAAAACcjWAV8CIVFZU6VVYugwwyGH56AQAAAAAAoG0IVgEvcqLE1qbxhK4AAAAAAABNI1gFvITdXqFye9P9Vc+lqYC1pdC1LYEs4S0AAAAAAOiKCFYBL1FYUHJBx7dXkAoAAAAAANAdEKwCXuDUqXJVV1d3+HUIWAEAAAAAgLcgWAW8QFHhhc1WBQAAAAAAQGMEq0A3V1hYopqaGk+XAQAAAAAA0K0QrALdWOmJkzpRUtrkvobH9pv72tIxAAAAAAAA3o5gFeimyk6Vq6CgSAaDoS4Qrf9qkOGcoWprw1WCVgAAAAAA4K0IVoFuqMJeqaNH8y/oHK5A9gLP0Z2UHt6nI7b2PmuFjh44qKbnFQMAAAAAgM7K19MFAGhf1dU1ysk9KqfT2S7BZncLR8/ffr3/+lcyP5io/pYmdh//TE+/sFe971ukBUNP2168R8uXb9K2vFrVSDJHRmvm7Jm6Nqrh12+BvkxaK/ttD2vOkBYuf/wzPfHCXh07c7uvUX0j4zT1nikaGXoBt9eRvkvWvBXSg4tnadh5HL5r+WIt3df0vsvP/H57ygXeIwAAAACg6yFYBbqR8nK7cnOPyelon1C1wZnnOp9zd/WAtnrXTqVa4vR0VFN78/Teir2ySup9+mb7Dv31+c2yjZquZx4coGAVKzs1Ra/853KV/36ebuojSTG6dlQPPbllh+4eMlx+LVZh0c9dx0lSjcqLrUpdvV7LFq9R8HMzFH/ht9o5JU7SsjmJnq4CAAAAAAAXWgEA3cSJEzZZj+S5QtXTXzrjsf629FQ9l/Y8V+dVoW1pR2WJH6J+Z+0r067l7+vLiGgNPmPPkQ3blB4xQgtnxCnM7Cs/c4Tib7hDd8fb9H7SFtfj//0SB6hvRoa2Vbe1Ll8Fhg7UhPljdXnFIaUeOI9bAwAAAAAA54UZq0AX53Q6dexYgUpP2M4Zap5r4aqW+qp2RGDadULYQ0rPkOLHxZy1pzxtrV4vjteTi/rp/UU5jfYVlZRLoaEKbrTVpJhBFunjHO2rlsb4SeozULGmvdq9XxrTTo+1lx/+TK+vTFd6Sa3ka1TMiMlaeNuQ02op1rbVHyk5rUC2GsnXFKKRt03R3cMi6mbNNmphYFTv+ATNmX2j4uvbIBz9fJme3D5ACyfa9P7qQ7KaL9XTj9+oftVWbVz+kd7LKK8/7gotHHFmdcXa9u4avb27RPamrn1ezjhnSD9Nm32Lboqrv+MmH9Xfp1cWbZAa2gnUj5n3u35KXb6z/nsXqITp0/Xw6MifLtWqewQAAAAAdHcEq0AXVltbK+uRPFVUVLb7o/9Nna+pWa9e4bhVVlk0OuLM7Z/ppdVlmva7u9RPZzcBDTQZpZJylUsKPG17UX6ZJMlWLKmPJIWqb6j05ZE8aWjkWedpUXWpMtZv027TAD0Sd1pdSw9p4N13aMmQSPmdPKCNSSn685oe+suMGNXNsn1Hy3L7ad5DMzUsyqjSw3v1/pptyh42RfG2Lfp/z6WpZux0PfNQnIJr8rRt5ft66XmbFv5pphIb0s/8vXrl0wG6e/49SgzpoUAV68ulq5Rck6BHHrtO8UG1OrJ7rZauLpYU7ir5yJpkLTsSo0f+cJfig2pVmJeu99fvlHXYZMW27e7rFevLJcv1dk2C65w9z7atAAAGaElEQVRHdq/VS6+ulHXerzR/iKkN5zqqt9cGaM6ceVoQIR1NW6uX3kvRxsS5mmCpv1Yr7hEAAAAA0P0RrAJdkNPp1IkSmwoKi1RbU9vkrNOWZp+ijfKLdUwW9T19cajq/Xr95Qz1vnvOaT1PG4u//jLFvLBNr6dFa8GISPmpRoVpq7R8n6/MjUbWBatF+cWSWgpWbXr/hcV6v9G2utmkj/zhxvr+qhXatnavykfdoXsaQtrQON00M16pL+9QxowYxed+peR9Rt3wu5kaWd8zNuyikZq/sO79kS/SdTByhF6aEVc3w9UvUmPmT1DmY+v1YVqpEkc3zHvtp7sfmqkxDTdz+Ct9eCREs56a7JrZ2n/EXZp14K9asv2niotKyqWIGMWHmn669oMt3LYk7dugeYs2nLExum4Gau42fdLEdecf+KuWbNimWUPGnTFruCU9dNPMGRpW/zPtP3qkhq1fq4wsacIwSYe3teoeAQAAAADdH8Eq0IU4nU6dOGFTQX6RampqWhegNoxR06FrS8c2dW5vXLjqbGXa9fZG7UucrJeH9mh+WJ/xemRemf68/F09mFS3yTLoUi2YH67lLx86j+sG6oYH7tJN9TNnq/O/1tJlBxUzbrQr5JMKlJ0nFWWs0ryvzjw+WuWSqvOKVaQIJTa5EFeFrPnlsgwaeEYYOUQJceuVmnVUaghWI8IVe1pCXJ1fLFtQpGItjQ5U4pB+0mmh47CbL1XMCxu1aMkBTRgdr/hBcYoNPces0vixemn2mUtz+Sqw4X6avW6BrFIbglWL+vY547NFSi3OlxTR6nsEAAAAAHR/BKtAF2ErPaljxwpUXV3d7oHn+fZXbSmc7X5h6mmOp+r9fZWya63mnRmmrViseQ0zKSUFDpmiZ56fomp7qap9gxXoJ2lXso4pVDHNzHRtnq+Cg4IV3BDqWSZr3sRlenLlZxr93AydHjsOnH6PFlwecNbxgeoE+tyoJ/8yUtlZe7Qtba+Wr96g8sRJeuaexObr8wtUsKXpeLTNa34BAAAAANAOCFaBTqyysko220mdOGFTZRN9VM8MQ8+akXoe7QBa01+1pWO7JXOAzKr8KcDrM1b/9tTIMwK9DC3/j6+k2b/SnPizA0w/c3D9wkzF+nJLjsxX3qLE0/ZXS5Jv238l97thrEZ/sV7vpRbr30eHSgpXbKSUmlus4HFDmj4oIlQWHdS+XDUxa9WkmIhA2bIOqlQxp8303K/0A9LAW/o1W4tfZKh6n8xTtk2NZnTu239U0hnH+QUrdsg4xQ6RZN+mFx//Wl9OTGy2rUJLWrxu/ysUI0l+vpJqGv/MDucoW2pTX9c23SMAAAAAoFvz8XQBAH7idDp16lSZ8nKPaf8PB5SZkaVjR/MbharnM1u1qTYA52ohcL77WqtLhbARoeqrYlmPN2wwKdASrOBGr0D5SfIzBSvY0kN+ko5+vkwPPP+eth7OV3m1VG3P07aVyXo7P1pzZpweeuarKF+KiTxzdazWGKKf3xKig+u31C+fZdLISQkK3L5RL35+QIX2GlXbS3Vk13t6YvkOlUvSRSM1rX+5Pl/+nrbllqlaFSrP3aPlS1OULan/9QkamJemJWsOqLC+7q3LNypVAzRtRAsP1UeN1E39S5S8LEUZxWWqri7TkbR3lLzv9MC4TFtXvqGVu/JUaq+Rqst0ZN8BWRWgQHOzZ25Zo+tW1J0zLVnLt/tqxKSRdeHwoAFKUI5S1h9UeXWNynP36PWkdNku6FrN3SMAAAAAwBvwlyDgZg6HQ1VV1aqurlZ1dY2qqqpUXV2j6upqlZfb5ah1SGr6MfumZqee+bmti1a1dEx7tBvoFiwDFRuUJuuRCqlP61eY73fDHXrYb6PeW/mOVpTUSjKqd/8hWviHyUo8PUSstiojP0CD40KbO1WLgkeP0+j1a5W8Pk+Jt0RKF03Wkw9t0fLVH+mJj2tVI8kcGa1p0+PqZ9KG6tqFc2R+d43efvk1LauRfE0hGnnblLrZnZZx+vfHgrV8+Ud64o+1qjl9gSy/lioJ1bUP3iG9naK/Pvda/XFXaOFtRj35dsOYHkocFafda1fpj2/X1eYbEq5r503XtZYWTt2in+7nledfkb1G8g3pp2kP3KOb4up/Xn7DNX/eUf15+fta+IXkG9RP0+aMVfXLZzWiPfe1znmPAAAAAABv8P8B3DyvYsoZ2VsAAAAASUVORK5CYII=" height="600" width="800" />]]>
  </system-out>
  <testcase name="VerifyQuickLaunchItemCount_002" time="8.756" classname="testcases.QuickLaunch"/>
  <system-out>
    <![CDATA[<img src="data:image/png;base64,iVBORw0KGgoAAAANSUhEUgAABVYAAAJcCAYAAAASBf/6AAAAAXNSR0IArs4c6QAAIABJREFUeJzsvXmcI1d57v89VVpa6r17unv2xeMZjz023jCbbcBgboKTmCXBgCEXchMCTnAcIL5ZuL/4kuXCjVlNgiEJJCGG/GICARMMwTgEL/GC8die8TIznrFn6Zme3le1tqpz/6iSWktVSafU6m5J9X4YXqt06tVbz1PPOa/OOV0SUkpJYIEFtnKWmoW5U8i5YeTcMMyesv0JzOGfIlKzSAlCUOQ1DcfjApCAQCCRnh5ACIGUsrIvOb/wk8q8Y2IVvFe8UqvUvNBXYfnmKmmrpFF0vj+8PX3BebXhrMqjGs6q/C0P3tXyqIbzqumlKgT84b229FIHnayaXvzhrMqfMs6+ePSH89rUiz+cW0YvDue3tF5U+Av04pu/ltCLn566mfWSPy/Qi7JefPVLTayXigDUhndggRWa/qWTzCcWmZyeJZ3OAhCJhOjr6aIjHkMEE6uBBbaGzMwgjz+APHw35uG7YeYEboOHoPi1ymCnCc1HsVLLIK02+FdlNRUty1RkVVEELGdx6OxrKWrV+KtHkVh8fi1FrRqPy1kcuupF8TZV5dE/zqr81f9LST2+TK2WXuqiE0ce66+XenyZWha9+OmmfeNcwZfZKuhFRSetoBfHOIFeAr3Ua1xpIb2oZezJY1PoxQfcgV5ycdX7pTWhl8Ba1hY/fZjhM+OO720aWhdMrAYW2Jq28WcxD9+N8fQ3EGNPOw4ymsiNDWpFiKZpSoPjsg3mVRVnJbbMg+NKFL9L59ejGFk6byW+LC55NZxV+VsevKvlcTmL9jrqpSoE/OG9tvRSjy+5q6UXfzir8qeMsy8e6/Eld7X04g/nltGLw/ktrRcV/gK9+OavJfTip6duZr3kzwv0oqwXX/1SE+ulIgC14R1YYIV28o9/RjKVdnyvLRoJJlYDC6wxTCKf/TbGfX8KE4cdBw9rslR9sINqB9FaBmm1wb9KSGooWpapyKqiCGiGHXjKtY6KFZ1fS1GrxuOa2yHhg0f/OKvyV/8vJcGOVT881l8vTbGjqBX0oqKTVtCLY5xAL4Fe6jWutJBe1DL25LEp9OID7kAvubjq/dKa0EtgLWtH//BhTNP5htE0gbbC+QQWWGC+TCDOfQuh9z2Kds1tyI719hhqiTs3mJmmBFmhCCnxAKZpOg+OJe3ynhJf+n6hFy7eqb3b6CYdvNfgWOrLwi1TvlXgUYa7VzFS6qvgsRacq+KxIF5FnN2KE6/2RTVhffJ2iquKsyp/yvm65e3R3uMG98R51fTigUfVeLu1W0N68YtzAeDuvlQvbnn4yNvJ+8W57nrx0U/7xbkh9KIyrrjx6MZLI+rFcc5BUS8q/XSgl8r8NapeFPhzzdsD54bTi0q+FfBoCr2439jV4+3VvjSsj37JK+9V1csyf99ywqNmvQQWWIG5Tarm3gsmVgMLrJFMC6Fd9GuEb3gS7bV/ArFeAGuQQ+Y9UmA6DXLCwduDZNnkakm73OcACEp86fuFXrp4p/Z2vDITDt6lGHRsXxZumfKtAg83vMu8Ez9uRYoTLz5wrorHgngVcXbB27N9Qdx65e0UVxVnVf6U83XL26O9xw3uifOq6cUDj6rxdmu3hvTiF+cCwN19qV7c8vCRt5P3i3Pd9eKjn/aLc0PoRWVccePRjZdG1ItDXGW9qPTTgV4q89eoelHgzzVvD5wbTi8q+VbAoyn04n5jV4+3V/vSsD76Ja+8V1Uvy/x9ywmPmvUSWGAKFjwKILDAGtnmR8h+812Yw4+iuQ1mCBD2a6+VxwIPlMVxrb4QICUIRe8Vr9QqNS9diaxg+eYqaaukUXR+lbh78Oe48mufVxvOqjyq4azK3/LgXS2Pajir8rdseqkKAX94ry291EEnq6YXfzir8qeMsy8e/eG8NvXiD+eW0YvD+S2tFxX+Ar345q8l9OKnp25mveTPC/SirBdf/dLy68XUQtC3DbO9H9HejxmOQiiKjPUgNB1Sc2hmFswMYnEOkUmgzY+BkV5evVQEoDa8W8KkCWYWaRpgGGBkwcgiUwvWfweWt+d//yHP94OJ1cACa3Qz0hjffT/GM/+CsAcTt+JEE9UXK1A6uNYySKsN/lVZTUXLMhVZVRQBy1kcOvuV+FKiWOuoWNH5tRS1ajwu55cpZ6+Isw8e/eOsyl/9v5TU48vUaumlLjpx5LH+eqnH5MOy6MVPN+0b5wq+zFZBLyo6aQW9OMYJ9BLopV7jSgvpRS1jTx6bQi8+4G5UvZjhOHLgLGTPJsy+7aCHFPUhCc2PwsIE2twoIrOo3C+tCb20kmVTyFQCmUpAOrna2ay6BROrgQXWImY+chvZ//hjhDSRSOcdrDI3aVpdMWn9zzp/2QbzqoqzElvmwXElit+l8+tQvBectxJfFpe8Gs6q/C0P3tXyuJxFe/n5K1H8Npde6vEld7X04g9nVf6UcfbFYz2+5K6WXvzh3DJ6cTi/pfWiwl+gF9/8tYRe/PTUzayX/HmBXpT14qtfqk0vRDswtl6K3LAXqWlqvHnwp80MExo/jMgm6zCuLJNeAlsyI4Ocm0Qm51c7k1WzYGI1sMBayOSxn5D51n9HLE7lBzNcBrlqHw8AuUG2lkFabfCv7mKrTcDp5GUqsqooApphB55yraNiRefXUtSq8bjmdkj44NE/zqr81f9LSbBj1Q+P9ddLU+woagW9qOikFfTiGCfQS6CXeo0rLaQXtYw9eWwKvfiAu1H0Yuoh5JZLMTZfhNDDCjqolj8rHW3iBUITR8DINIZeWt2yKWuCNZVY7UxW3IKJ1cACazWbOU7mX94BZw4UDWKaSxGiaZWLGwQs22BeVXFWYss8OK5E8bt0fh2K94LzVuLL4pJXw1mVv+XBu1oel7NoLz9/JYrf5tJLPb7krpZe/OGsyp8yzr54rMeX3NXSiz+cW0YvDue3tF5U+Av04pu/ltCLn566mfWSPy/Qi7JefPVL6nrJDuzC3PEqiHW48jKTynA6G2JGbyMjQqRFmKloPwKNntQUYZkhLDP0GIus19P0tkXc9ZJNE5o4gj75ggJw1QBQG96BuZtMziFnxmxttIYFE6uBBdaCJk88ROZrv4Aws2WDIQ7FiuvkapHHblf/Yqu6i6w2AaeTl6nIqqLYaoYdeMrfDVSs6Pxailo1HtfcDgkfPPrHWZW/+n8pCXas+uGx/nppih1FraAXFZ20gl4c4wR6CfRSr3GlhfSilrEnj02hFx9wr3W9ZLa/HLn5IsdnqM6ksxzPtDEcWcdCuAMhrJD5S5MghGbHKzhuCtozc2xKj7IltEhPNOyYlj5zktDp/WtbL4HlTWZSyOmRlvmRq2BiNbDAWtTMfV8hc/dNxT9YZRcZuBQfUHnF1xowaxjMqyrOSmyZB8eVKH6Xzq9D8V5w3kp8WVzyajir8rc8eFfL43IW7e56qWfx21x6qceX3NXSiz+cVflTxtkXj/X4krtaevGHc8voxeH8ltaLCn+BXnzz1xJ68dNTN7Ne8ucFelHWi69+qco09DDZXa9DDp4NQhThuJDOsN/sYji2uSgfIYovQEjIT6wKO7IEEEgbJykl2xaOsieUIB7WyxLWEpOETj6OMLOVM68IQG14B1bZpGnA9BlkenG1U6m7BROrgQXWwmb84ENkf/a3xZOrBd7p8QDgseJrj1VWvPoVW1VZTUXLMhVZVRRbzbADT/m7gYoVnV9LUavG45rbIeGDR/84q/JX/y8lwY5VPzzWXy9NsaOoFfSiopNW0ItjnEAvgV7qNa60kF7UMvbksSn04gPutagXGeshu/sq6NlkH7VwzpgmB5MRDnfs9LwgCzeJmTUAgaZphEIhkNZxEEgh8rznpp92LTzPOdEUEV0vSk9LzRI6+ThadnHt6SUwB5PIuQnkwsxqJ1JXCyZWAwuslc3MkLnjFzFP/BfCHj1Kiw7NoQjBoYgpHYWKdq76qtq9RrkSW+bBcSWK36Xz61C8F5y3El8Wl7wazqr8LQ/e1fK4nEV7Zb0sV/HbvHqpx5fc1dKLP5xV+VPG2ReP9fiSu1p68Ydzy+jF4fyW1osKf4FefPPXEnrx01M3s17y5wV6UdaLr36pwsfrYTLn/yKiZFJ1Np1ln9jATLQfUxRflvVCQ0pJNpthamqK0dEx5ufm0AX0dHfT29tDR3snsVgMoWtIoeUhL7Se1AQXG8N0t4WLcBbJOcLHH/HeuVoRgNrwDkzNzPlJmJ9a7TTqZsHEamCBtbolxkl/+dXI2RMIBIjyYsV1crXoePEgjRDV1Qw+Bv+qrKaiZZmKrCqKrWbYgaf83UDFis6vpahV43HN7ZDwwaN/nFX5q/+XkmDHqh8e66+XpthR1Ap6UdFJK+jFMU6gl0Av9RpXWkgvahl78tgUevEB91rTi3HO6zDWn4uw4+cmVR+M7CKjR5Ei97m5DARISC6mOH36NCMjIxw7fpzTIyMsJhaIx9rYsW0rbdEoHe1xtm7bwtCGjUTaYnZ8kf8cK7QknE1zeeoQPdFQUZqhhTPoJx5fW3oJzNUkEjl9BpILq51KXSyYWA0ssMCQxx8g84/XFBUbpT9YVTa5iqBwEtZpNBK5wdZX1e41ypVeQIXmioPjShS/S+fXoXgvOG8lviwueTWcVflbHryr5XE5i/by8+tR/Da3XurxJXe19OIPZ1X+lHH2xWM9vuSull784dwyenE4v6X1osJfoBff/LWEXvz01M2sl/x5gV6U9eKrX3L/+Mymi+Dsy220rOMnkpLHO/YAtnYQIDXrtX1tkxMT7Pvp4xw9cpS5+QWyRhZDmkgNero66Yy3YWbTREMaQ0MD9PQP0D80xIYNmwhHY0iseAiTwue0XjL7DJvb9KJM9fHnCY0f9slfbXgH5sOkiTkxDNn0amey7BZMrAYWWGAAZO64BvPYA1BQbJROpnrvXHUepBEVdq76GPyrspqKlmUqsqootpphB57ydwMVKzq/lqJWjcc1t0PCB4/+cVblr/5fSoIdq354rL9emmJHUSvoRUUnraAXxziBXgK91GtcaSG9qGXsyWNT6MUH3GtFL2bvZozzfwk0LR9nJmPw49j5CFH6mcL6YSopGRk5zX0/uY+Tx09iZLOkM1mkgKxhoIXDRMIRzHSK7s52NqzrJ6TDQiqFCIfpHxjgkpe+jN6+dVZcIQGz6ApfM3+gbOdq5NTPELOja0MvgVU2I4M5cRJMs3LbBrJKE6vaCuURWGCBrbKFXv1HSHuUyRUvpllcfJiFxY7dDml7WPIseSll+fuFXrh4p/Zuo5t08F6DY6kvC7dM+TrgUfq+oBhPz+K91HsVk4iacfbK2yluRZzdihOv9kU1YX3ydoqrirMqf8r5uuXt0d7jBvfEedX04oFH1Xi7tVtDevGLcwHg7r5UL255+MjbyfvFue568dFP+8W5IfSiMq648ejGSyPqxXHOQVEvKv10oJfK/DWqXhT4c83bA+eG04tKvhXwaAq9uN/Y1ePt1b40rI9+yam9qYfI7nodUtPy15E2TR6MnoMQWsE/HSE0NCHQBIycPsV9//ljRkdHaItFMYwsbbEI/f29tHfEaYtGSCymmEukSCxmyEqNdMZkYSHB+NgY+598igfvf4Cx0VGwORJCR6AjCCFEiIfie0gbRlG+mYFzq+evAI+a9RKYP9PDiK51q53FilswsRpYYC1iYusV6Ge/wRqMhF2siPLJVWswWnpf5kcjEPYSpqDY5z9DiHIvXbxT+5J4S4EdvEsx6Ni+LJzL56vm64JH4fuFOHquqJe2cysuS9rVgrNX3k5xK+Lsgrdn+4K49crbKa4qzqr8KefrlrdHe48b3BPnVdOLBx5V4+3Wbg3pxS/OBYC7+1K9uOXhI28n7xfnuuvFRz/tF+eG0IvKuOLGoxsvjagXh7jKelHppwO9VOavUfWiwJ9r3h44N5xeVPKtgEdT6MX9xq4eb6/2pWF99EtO7c3150OsowiP/5LryehtCDSw/1nvW8mmkgkO7H+KYy+8yI5tW5ibmSUcidLd3UNbWwxN06wdrOk0WcNkfiHByJkzpLIZQqEw4VCYjo4OUskkB558iomxcTShodmTt0IIBIKsHuMhsaEoXyJxsuvOVr7vatZLYP6trQMRiqx2FitqwcRqYIG1kIWu+hhLK7hLRYjj5GrufdtLWb5CW8vODsf2uCwdOq0wuhSDju3Lwi1TvlXgUe+dErXgrLpyXxFnF7w92xfErVfeFXdKVIFz3XdIuOXt0d7jBvfEedX04oFH1Xi7tVtDevGLcwHg7r5UL255+MjbyTfFjiLpAniVODeEXlTGFTce3XhpRL04xFXWi0o/HeilMn+NqhcF/lzz9sC54fSikm8FPJpCL+43dvV4e7UvDeujXyptJ/UwxuYL8/gCPJcUzLQNIBAIEUKgkZtg1RCkkkmOHn2eM6On6e3uYm5mGiFgcTHNqVOjvPDCcSbHZ1hYWLQ4C4EhMxhkkUKi6xo6Apk1GD8zyr7H93H/ffcxemYUKzVrAje3U3Y2NsihlFaUt9G7HVMLVeavAI+a9RKYbxMI6Oxb7TRW1IKJ1cACayETQxcgdv9CfiWXgmKkbHKV8hXf3NKe444AWbJin/Oy+hVUpZVfl2LQsX1ZOO8Vzpp3HHityLsVg6Xt3IpLB1784qy6cl8RZxe8PdsXxK1X3hV3SlSBc913SLjl7dHe4wb3xHnV9OLVf1SLt1u7NaQXvzgXAO7uS/XiloePvJ18U+woEi6AV4lzQ+hFZVxx49GNl0bUi0NcZb2o9NOBXirz16h6UeDPNW8PnBtOLyr5VsCjKfTifmNXj7dX+9KwPvql0nbGhgvQ2jrz+adNk6Px7WgChCbQhYEuDIQQmELDzCZ54rFHeOHgIRLTk3R1xjENQSZtML8wz8z8AjOLaZJZk2TKJJFNI8OS9s44GdPk1OgkJ0+Nc2p4nLFTZzhz+jRj45P8dN9T7D/wNOlkyspPEyCE9d9C44WOnWRMuZS/Hsbs216ZvwI8atZLYDWZiLZDJLbaaayYBROrgQXWYqbv/RVrEhV7JbegGCmaXMV65mrZSjwFK4UUHzfth1SvyMqvSzHo2L4snPcKZ807DrxW5N2KwdJ2bsVlSbtacFZdua+Iswvenu0L4tYr74o7JarAue47JNzy9mjvcYN74rxqevHAo2q83dqtIb34xbkAcHdfqhe3PHzk7eSbYkeRdAG8SpwbQi8q44obj268NKJeHOIq60Wlnw70Upm/RtWLAn+ueXvg3HB6Ucm3Ah5NoRf3G7t6vL3al4b10S8VtjO1EOaWi4tweCEdIhuKI0QIhAbC+j0rqYGuCWYmxzl17Chkkwx0dzIxOkI6k2E+mWUhK0hrOllgMZ0hmU6iZTXCSZPs3Ax6KknUzNIRFqzrCDHUEWFrXwcbu9sJZU1Ghs+wuJi0vosKgdDsRwIIQSYU48VspCj/bO+2yvwV4FGzXgKr2URX/2qnsGIWWu0EAgsssJU1fefVCE3DlCaaQ1FimhJNK3gtpd0Oux3Wa7CLHvs4xSuF+eNSwdvxyqyaFV8vXxbOesPKt8RLHz4XzyFu1SvsbsWhU5FZFNc/zmVeOPiC8/zi7cifA4/KONfAozrOqvwp4uyDxyUgG0QvHvzVjvfa0YtvnXjx58DjSujFP8511osKf3m9+MO5IfSiohM3Hh112KB6cThfGW8n/gK9tJ5eVPjzg3ej6UVlXGkFvdhxqsLZA++q9eID50JPzyZEJJb/gIxpciR+FkLYyQnrn5AghAbSpC0kWNfTQdYwCYV6WDgxyvTEPLNJw2IonSYiDNpCGnEh6IpGWd/fxY7tgwwO9RJvjxGORenr7CQsJPH2Th576jm++6MHmRg9wczsFF39PWBzUHgPvtC5k+2LzxLRNQtvPYLZOYg+N+rOXwGPNeslsJpNhKJIPQxGZrVTqbsFE6uBBdZqFu2GjZcihh8rm0QtmlwtKHKKd67ar+3ihtxxkXvfNlFyvNTj4POjXImpDo6lviyctJpLiVVrVOHx8JT4ovMVivdS71RcUnxeLTiX+QrxKuLsVpxUyV9FvEtxrolHNZxV+asF54r8lVWL/vBecb148leDTtaYXvzirMqfcr/ki0d/OK9NvfjDuWX04nB+S+tFhb9AL77rgzWvFwX+/ODccHpZlnGlifSSB84fzsp68dUvLXmjf4cd3np9IgXZtjZ0YR8VOlIIEBKk9ZRVHZOwBjOzCZIZweTULIZI0hEVdEd0usKCoa4I2zcMsGXLZrZu28iGjZvp7l1HtC1GrD1OKBZBCws0I0MqlaV7YIAzE5Pc++gzTExMsXn7doSwJk81hHWvA9lQjOFsiO2akcfb7FiPNnemKv5q1ktgy2PROCRmVjuLulswsRpYYC1ooXN+ifTwT9FE+Q7VnDdl6XGWdq7aRYTbim/O6rryq1q0FIWz3vC74ltxBb8gXjPswKt55deJPwcelXGugUd1nFX5U8TZB4+Oxfxa1osHf8GO1Qr8OfC4Enrxj3Od9aLCX14v/nBuCL2o6MSNR0cdNqheHM5XxtuJv0AvracXFf784N1oelEZV1pBL3acqnD2wLtqvfjAudDTs9lOwzpvJNRrx9Ds+BpCSCQ6GgKBgZRZero70fQIx4bHCOka7dEQe8/dxe4NvfSHUmzsCjPQ3Un/hgHiAz3o7V1E2joR4XaEFsZEI2ua6IDQYGhoHZddej6PPvMiCwvzmIZBOBRCCKzdspr1w1VSSkYi/ewQY3m8zXivN38FPNasl8CWxURbO7IFJlaDZ6wGFlgLmn7OL1iDkz3YFj5blYLipuhZrLDkkUhp+aLjTl64eKf2bqObdPBeg2OpLwu3TPmW5O0Ut2xF3quYLPVOxWVJu1pw9srbKW5FnN2KE6/2BXHrlbdTXFWcVflTztctb4/2Hje4J86rphcPPKrG263dGtKLX5wLAHf3pXpxy8NH3k7eL85114uPftovzg2hF5VxxY1HN14aUS8OcZX1otJPB3qpzF+j6kWBP9e8PXBuOL2o5FsBj6bQi/uNXT3eXu1Lw/rol/Lvt/dhxrryeadNg/H4ensyVeT/aUKzJjgFSMMgnUgSCYXoaI8jkJy3+ywuOmcHr7z4HC674GzO3tjPUE+MjphGSDMgA5oZRtNCSCExZAZTZtEMEIZAl5K4brCht4OB3i4SiQSGadqfLYpyEUIw2b6JtGHk85bhOGa0oyo8atZLYMtjkTbQ9NXOou4WTKwGFlgLmujfDf27rElV6TK5SvHKsHWi5a2VTkDar0W5zxU5SJy903m5uGUJO3iXYtCxfVk497yV8i3J2ylu1Svspe3ciksHXvzi7JW3U9yKOLvg7dm+IG698naKq4qzKn/K+brl7dHe4wb3xHnV9OKBR9V4u7VbQ3rxi3MB4O6+VC9uefjI28n7xbnuevHRT/vFuSH0ojKuuPHoxksj6sUhrrJeVPrpQC+V+WtUvSjw55q3B84NpxeVfCvg0RR6cb+xq8fbq31pWB/9Uu797Lqz0YSWz3skDUJo9isdTdMRQiA0iRA6Ah1MMLIGmiaIdcQZ3DDEpo1D9HfEMBPzaIAWiWKGYizKKHNJnVQSskkTmZHoZgbIII0MWtZAM0Eg0WSGeEjS1xUnJCyeLa5BCCvfwn9TRjHeMr6uKjxq1ktgy2ICAZHYaqdRdwseBRBYYC1q+qaXkRk7hKYt/UBV0WMBKF5BhtzK79LoVLiSjFD0OPiiUa/A3AZHeQPaRz6BaCtpnzyGfOpDmPfcC4B49zG09u9hfOm3AOschm/A+KevIwR2MZbzWxG/vh+R+gOMf7x96TgenhJfFM+j+Ktlp8Qy4FzmK8Qrwh8PXzV/xb4It2pwdsS7gs/HU8NZlb9acK7InywF0B/e1fJXG87V8leDTtaYXvzirMqfcr/ki0d/OK9NvfjDuWX04nB+S+tFhb9AL77rgzWvFwX+/ODccHpZlnGlifSSB84fzsp68dUv2T4at38zw+JtVkSBwt2qGpqwHvuGEEgEBhqpTJpUJoOUGkKDkZOn2L6ul3AoAtFOhs+MMXZqmExWEm1rY8NgN5vXz7NhQ4L2zgjoERYysJBIk5UakSi0iRRp00AISSSko9uTutK+8NIFngkRZ5BkHm9TD6HZ1+XFW816CWzZTETakMn51U6jrhZMrAYWWKtaxyBCLE2mOk2uFv6AFWAXLZBfVcR6rQn7dYkHQBacV8kjnMc44eALahn5VDfmd3PHtyLe8DXEy25HO7Mb8ynnyxfbbkDr+SfkjLQHcNtf9gXEeuCYPbDbxZqntxPK+4J4Va+wuxWHTkVmUVwFfJ34K/ROPBacp1QkVuKvlEdZBd6lODvgnfcVeFPHWZU/RZx98OhYzFeBsyp/teBcLX+147129OJbJ178OfC4Enrxj3Od9aLCX14v/nBuCL2o6MSNR0cdNqheHM5XxtuJv0AvracXFf784N1oelEZV1pBL3acqnD2wLtqvfjAOY93vLeIxxm93frTewRCE2gITGFfk5CYmiAjYCa5wKkzo5honDo9isxk6OjczPpNG5lYSHL/vmeZmZwhnTaZm1+kIx7i7E39vOz8LZy3cyMYYY6eGOfJF44zvpBk08b17N6yHikkiWSKgbY2dDsPBBQ+mkBKiWmazIW7QSaX8I735fHw4jFy84OEBosxlKM/IvPlW8hOuuPsbtcR/ZObEAcuJ3ln+bvatZ8i8tKL0WJR67MWT2M+djvpu+51/5grPk/sTf0YN19PuvC/r/s68cv6ML7z86QeUMlxjVoLPAogmFgNLLAWNa1jqKz4KJpczb2muEgBgVlQ7GC/j3D2QnN5HwefryZKrFLRUfT6OPKezyDO+zvYCrhMrBJ6CeKN70T+/19naWX3crRLLoNs0gqbPy6t8G6eEl94nkrxXuqdistSPip5D5yDHavV46zKXy04V+Sv7NuVP7yr5W/N7yhZp4ZuAAAgAElEQVRaY3rxi7Mqf8r9ki8e/eG8NvXiD+eW0YvD+S2tFxX+Ar34rg/WvF4U+PODc8PpZVnGlSbSSx44fzgr68VXv4R9HVoRj5qm2f90BNZEpihIKvf9bSGxyMT0LLoWJhYOsee8c7nwJXvp6urk4R/ey5mRMwxu2ExbvItnnzvIi2OzTE8nILvIlk3rMRILPLf/EMdOn6ZtwwaGOtcx0NnP8OQZTAmdXV2EQqE810JQxKn1z0qrmD8q8gYgj3yOxS/eaeG94d1EP3AD4bc8TPbL36+sFwUTb/wS0Su3IX96K4t3fh/JerQrbiBy/l7gXvWAd15PwmHyth6mv+cuouf3e7SYIHvHtaSfrOFDgonVwAILrGmtfSg/+DgWJ1g+N9kqJfZOVuyBF5ZWau3Xwnpd6JG5AbIKn49XYsLBS5fXEhDdVu/mUOvkTB75Eez8LUT312HGOlG87A8RPftheHf+erDx8PT2Bzut3DfDDrycVyoSK/HnwJsyzg54530F3tRxVuVPEWcfPLre4BVwVuVvVXYUNbBefOvEiz8HHldCL/5xrrNeVPjL68Ufzg2hFxWduPHoqMMG1YvD+cp4O/EX6KX19KLCnx+8G00vKuNKK+jFjlMVzh54V60XHzjn8Y50FPG4GGoHAULYccXSJKYAQmhENZ2OaBxpgtSgv7+Piy96CWft2Mqj//UQzz65n5mZBLOJDL3r1nHe+Xt48okDJKammVrIEu0eoHOgjaEXJzk4Oc2cYbK4mISsQWdnO0Prh+jt60UPhZCaAGHa10QRh4vhTkidyeMtw/GlNh48FvEhgdN3YJx6N3rfJbC1n8jb340+2GnRs3iYzNfeS+agtdNVn7MnZCl87UQ2wMWELzofjv0jyTu/bx8bwXzgFpL2blPxio8RveZqtBjAHOZzXyH15Tvd5Vq6e/X8NMbkevRNndb5D91C8luPAC8n/MGPEt7WD6Qwn3sa9uxCfufnSY39DtG3vhm9LwqkkMN3k/rsJzFLPso8cgx5fn/+Ni2z2WOYx93erNJaYGI1+PGqwAJrUcvtWMUeuEAUv5YFRY49Opmm5SXWWmHhiqGU5NsVeom041LscfBuw4t08MLt9QWIN/0WtB1Deq2szX8IObIL8Us32J9/BeKSl8LB/41ZcF2e+ZbkXbSCavuyFXmvYrLUOxWXlPPiiG8VOHvl7RTXEXcnX2pe7Qvi1itvp7iqOKvyp5yvW94e7V0Br4BzRR7LwvnHuch74FE13m7t1pBe/OJcALi7L9WLWx4+8nbyfnGuu15U+JMugFeJc0PoRWVccePRjZdG1ItDXGW9qPTTgV4q89eoelHgzzVvD5wbTi8q+VbAoyn04n5jV4+3V/vSsD76pdz7MtpelHci0mMlISRCI/8PIexHBJhEpEk7YaJahMX5RcLhMIPrB0imU0yMj7N+YIh1A4MMDA1x1s7t/Mpbf5G3vfFKLty9FSOZZn4+QfeGfvp3bCTSv46RyUnaBnp4/uRxiEQZ3LCRWKwdgTVFr0nQyE3wCjTNmqpKtvUU8xaOVYVHER8CxI4PoG/sRE4+DsefxnzocyRvvpzEze8hM7eL0FXXOQNf0a5B6wM56jbzeh2Ra65GnLqdxZsvZ/GOR2DPB4heu776j4htRRy/lcWbf5n0kTTaRe8mBGjvupnwtjTZO36ZxM2/STa8Kz/BF7rqGvTQI9Y1fuZWjLG0Y2j5wI0kv/O48223+Djpv7yR7FT1qTqa1vzTjsGOVSyRzmYSzKYTzGUSpM0MACEtxKZ4P72RzlXOMLDAlt9ExyBUU5yQW/HMrZQurdB6rvjmvMT+c5KC18ux8iuXXosLZ9AvXGouk4fgP96FPOGFwHHkj+9FvO1/oG37InLT/0Z0PIb84gOIX11aLUVWsRJsJ+S0ct8MO/Bq3inhxF8pj7IKvEtxdsA77yvwpo6zKn+KOPvgsbhqrIB3DfzVgnO1/NWO99rRi2+dePHnwONK6MU/znXWiwp/eb34w7kh9KKiEzceHXXYoHpxOF8Zbyf+Ar20nl5U+PODd6PpRWVcaQW92HGqwtkD76r14gPnvKeAV4SFghBLmAJ67tqEJITB1Ngpjh94ir2bN3Ho+AkSCwmkHqItFuacszazZ9MgY+MTZAzJhk3raZs5ySvO3khm9DSHj8wxeuo0u3fv5uKXXsrgjh0kMyYDvT20R2BkYoLQ8Cx6OIQMCRDWc15FDihBnsMlWJf4y12Pp14AsfMm4rfeZEdIWc9Y/dfvQ++b0V75AcLX/C9EOPcJu5zYrN1ecSVabALzoTssWp+8BfO/PYi+9c0wWWWMxafJfst6Vmt2cp7Izn40QNu4AYb/mfSTIwBknzhMeKd1HcapEeTOi4l84OMYB79N5mu3uXYP8oEbSW38OtHLtuVvVzLHyH5tGSZVW8RaemJ1ODHOA6MHuP/Mfg7OnmA6Pc9cZjE/sRrVItxx5R9waX8wsRpY85koecZq7oeq8j9cRfFxe4SzvLB8/lmrVpXh6k3TRGha8XEcfL6aKLEKRYd8shvzezgWIV4mj/wB8sxPEa++BbovgKcvQwrrAwW5Ad32eHhKfOF5KsV7qXcqLik+zwv3SjiX+Qrxyoo9N6/CX4GviHcpzo54V/D5eGo4q/JXC84V+Sv7duUP72r5qw3navmrQSdrTC9+cVblT7lf8sWjP5zXpl784dwyenE4v6X1osJfoBff9cGa14sCf35wbji9LMu40kR6yQPnD2dlvfjql2yfWkC2deZ5i6VnycT7sCZXsXas5i9FA5mhLRzirC1b6OzvZi6ZYDwxz/CJE/Ts3smGwX7M2WnO3noe4VAYw8wiswZjoxOkFxNITDKpRcxMmnhXnJ2b1pNIZonEokQigvGZWdoiUaKRKJqmYyKRGkhpIytzQEjaklM2LDZwmUQeDy/egOJnrBbiet11hAbnyf7zB0k/9jzh332QcBgHu7iKGbO7MSevQd/4OwjcJy9X2uRd7yV54DpCV16JfsXHCV/1NOk/vpGsS3vzzg+T6ft7Ijutxw0Yd3+Y9MFlSsYsfQBB81nz78l1saPzp3nbf/4JNz36V/zLsfvYP/UCJxbG6I92IU1JIpvior6dXNR39mqnGlhg9bFod1GxYNpFiWnaHtvbx4Elz5KXBcdzxUXxyqiLL21XELfMhIOXFV4XehcT4gTyP74Jmz6EFnoA+YMTVn445O+UrwMepe9XvcJe2s6tuCxpVwvOXnk7xa2IsxveXu0L4tYrb6e4qjir8qecr1veHu1dAa+As6peasG5yHvgUTXebu3WkF784lwAuLsv1YtbHj7ydvJ+ca67XlT4Ey6AV4lzQ+hFZVxx49GNl0bUi0NcZb2o9NOBXirz16h6UeDPNW8PnBtOLyr5VsCjKfTifmNXj7dX+9KwPvql3PsiNVeUd7uRsI7n/4EUYGog0ECECMU6aOvo4cCTB3h63xOct2Mng93d6Hby8/PzLM7OEiFLVAeBtTFndmaGofUb2H7WdjSRxcymiYTD9PT1Eo/HwDARpsmm9evpau9AA4QmMIXA1HLXKslNrMay80V4a5nFqvAo4qMU76T9Z/Fzz8M5H0UfXGouMyB6L7byuvA6tD5nPpZsH5knDsCma4he90b7Y9ajXfEx2j7wO4iH78dc7Ed75bsRgLjwY2iDKeTxb1cKXNGyp07DplcTuXA9cDahl+7KX6b2xt8j1Pc4mX+4keSdjyBj24r+wrPcRsh+8RYyzx3AuP8WUg+M1Jxf3gy36dzmsZbcsXpw5gQffPQvOTp/GgBNCC4fPJ+93dv40el9LJpp+qKd/OEF70QXLTv3HFgLWGExomlLP1RlmraXSztXwZ5kZWmy1WnFNxePMo89qC3zym/p+zh4r+s//luY94FIfsK+LnBcgcfDU+KLVow9ir9l2ClRjnOJ98BZdeW+Is5ueHvxV+Br25FSpc/HU8NZlb9acK7In3SqytXxrpa/Nb+jaI3pxS/Oqvwp90u+ePSH89rUiz+cW0YvDue3tF5U+Av04rs+WPN6UeDPD84Np5dlGVeaSC954PzhrKwXX/2S5ZFmEY+atpS3Jqw/wpfCmhcRmkCgEe3ooq23l/m5GVIL86zr7GTzukFSyQVmZmYZm5xCZtO0hQVt8TiRaBgR72JsPs3ec3Ywn5LMTC8QN0No4RjhUBbTNMlkUsTbIgwNdmFEI6SFwBQWJsI0EUJa2AqJ0CSaJm1YCnGnIm+OfORe33U7mbM+Rvg3HiSUOYYxOgf2jtXM9+9Gf881tN36ICwexpx15qOIm++/n1T4U0ReejOxy/6XdWzxNOZjtwP3kr57L9FrbiB26w1YP171RVJ3jcAVlWN7mfm1W8kMfIzwu79J6N0pzOcOY7INsiA6LyF05VsIvx0ghXnkTjJevz8CwCNkvvxIbUk5mTSWP+Yas5acWP37Iz9k/9RRAC7t381v7v4F7j29jy8//30ypkX6u8+6mgt6d6xmmoEFtgJmDT75yVStoDihuEgByK+A5l4jrLFKFHhpDcqFr/O+0rNW7XgOaZZ76fLarWhxCivsBg/9dv56KbteWdnbH5T3YslXvcLuVhw6FZlFcT3wrIBzmRcOvuA8pSKxEn8OvCnj7IB33lfgTR1nVf4UcfbBo2MxXwXOqvzVgnO1/NWO99rRi2+dePHnwONK6MU/znXWiwp/eb34w7kh9KKiEzceHXXYoHpxOF8Zbyf+Ar20nl5U+PODd6PpRWVcaQW92HGqwtkD76r14gPnvF+cRvRuyfPYlZljKh/X+kwdgS4FEg1DgIi10TU0QE9/H1uyGV44eIjdZ59FvDtOIp1hcm6RMJLujjjRWDttsQ4ePPAoz43OcvTHj/DE/hgv23s2e/fsZvf5cURIBwGmkSUU0ojoMealBppm74K1c0EikAhhApKuzKwNn4W3lprP4+HFY/qTl3vg+wiZz/08GScCD/45yT/6cydmSf3xnY7HAcy7PkLyLpc3H76F5MO3lB9/4EYWH6jw33deT6LwYwtf925APnkLi599BMl69Hf9JdHMCJmHwXj4ehbd011ZM4KJ1aazRDbFgekXaNMjXL/jdVy3/TX8y7H7+c6JB/OTqtvah3jr1isQ+V4wsMCa03JFR26nqmtxU3A8PypJQf5Zq4XvV+tx8PnRrjRRXAbF2zE/fXt5EVLi5R3bWOrOb8f41O1Wcymxao5ib/7jVvs1S8fx8JT4ongKxXupdyouS/moAedgx2r1OKvyVwvOFfkr+3blD+9q+VvzO4rWmF784qzKn3K/5ItHfzivTb34w7ll9OJwfkvrRYW/QC++64M1rxcF/vzg3HB6WZZxpYn0kgfOH87KevHVL1me5HwRj50yWRBZYM17CISwEhBCYGoabb197Nx7AXv2nMfJ4y8yfOI45607j1AoQiojmZ5L0DU7S7yzg7BpcPDw88wvzBM1JGKwk2i8k/b2DmvCNpPBlBmMTIqMIcnqus2w/elSgtDsy8/99aRJbzYBegHe6SqfsVqrXhrBBreiv+IDhK+xnp9L5jTGw7eTWe28SkxmkpUbNbi13MTqVHqOjbF+3rfrGi7qO5vfe+xL/Nfo02Tt7clDbb3c9rLf5pzuLaucaWCBrYDZg0/RTlVZ8ENWRR67HTit+GJ7a4wqeC2XfG5QW5aVX9WipSic9UbNOyRyPhfPIW4z7MAr5U8Vb0f+HHhUxrkGHtVxVuVPEWcfPDoW82tZLx78BTtWK/DnwONK6MU/znXWiwp/eb34w7kh9KKiEzceHXXYoHpxOF8Zbyf+Ar20nl5U+PODd6PpRWVcaQW92HGqwtkD76r14gPnnNfHj2DueIWdhmBAMxBo1iMBhLT/CUxCICQC+7EA8Tgb9+6FuVlOjY1w+IXn2XPxucRibYTDEWYXZhgdmyQWC9MWDXPuliE6onE2bN7CxS/Zy1lbNtDeFkYaBkYmjWEkyKSSpM0Yhh4CoRf86E/+AasgJbmJ1C6RY83CW09M5vGoq14awQ7eRurjt612Fp4mkZBaXO006m4t9wDRmB7lI3vfxrVbXsVtz/4r9515Kj+pGg9F+aOXXM/LB861B4rAAmtuyxUdpmkNprkV2PyzVE3b21W2zHl7FCo8LgvfL/TCxTu1dxvdpIP3GhxLfVk4l89Xzbckb6e4ZSvyXsVkqXcqLkva1YKzV95OcSvi7FaceLUviFuvvJ3iquKsyp9yvm55e7T3uME9cV41vXjgUTXebu3WkF784lwAuLsv1YtbHj7ydvJ+ca67Xnz0035xbgi9qIwrbjy68dKIenGIq6wXlX460Etl/hpVLwr8uebtgXPD6UUl3wp4NIVe3G/s6vH2al8a1ke/lMc7MQWLM/m8I7pG38Kpgg+UCHtyFWE5TWhIXSfS00+0f5DOwY30rBtC00JEomGi8SgpQzI2Ncfw8BnmZmfYunGAc3dsZLAjTHJylOOHD3L00EHGx8fJmgamkcUwBRkRwhS69XxXYU2GWhPF1vNewXrdNz9M2H4erEQiMglIzVaFR816CWx5LJ0Eaa52FnW3ltux2hftpDfawY9HnuSJqaNcs/kVnNW5kcsHzuXivrPpiXSsdoqBBbaC5vwYAKdnrVqDT/HSa24BwmmlMH9cFnuk83FrDFRY+XUpBl0H0aJw/ld8HX0unkPcZtiBV/PKrxN/Djwq41wDj+o4q/KniLMPHpeAbBC9ePBXO95rRy++deLFnwOPK6EX/zjXWS8q/OX14g/nhtCLik7ceHTUYYPqxeF8Zbyd+Av00np6UeHPD96NpheVcaUV9GLHqQpnD7yr1osPnAu9NjOMjHXneRtMjzPL5qL4ArGUL2Cik9UEeqyLvm07MabHiETbCIV1IvEIMhJmdj5FaHKBoal52iIhhJGgJ95BdzxCe3ucSDyGHo0ghSSLJE2INFFAt6+hwGTxpa9bHF36jQ4EWmLKm78CHmvWS2DLYjK5sNoprIg1/8RqegGZTSNi3SCsDbpCmrxWi3Kl6EEeexrT+Bmi5wm0gV3Ic69BdG1c5aQDC2xlrGwSVRb8kJVTkSMLipqS44gSv1SdFR0X2tL7ZT4/ypUmitrgWOrLwkmruZRYtUYVHg9PiS86X6F4L/VOxSXF55Xh7sCDG85lvkK8iji7FSdV8lcR71Kca+JRDWdV/mrBuSJ/ZdWiP7xXXC+e/NWgkzWmF784q/Kn3C/54tEfzmtTL/5wbhm9OJzf0npR4S/Qi+/6YM3rRYE/Pzg3nF6WZVxpIr3kgfOHs7JefPVLS16MHUGuPy/P23otyYvZJGYkhjXBKUBIcpOdEhBSItExtBBdg+tZkBn0cAhdM4lEQ5haiLm0JN4WYiFl0D/QD5hsWD+EFooSjrUzsGEzItZGKruAYZikzTBGqA2JbqMn8veddcACR88mGZQppCSPtzY/UjV/NeslsOWxVGK1M1gRa9KJVYl58nGM5/8T88TPIJtEdG9C23E52qaL0dbthFgvYsNepBAwcgDz0I8wnv43jGfuRj/vF9DP+0VE59BqX0hggdXVhLAnUe3JTk0r2MGKwzNWRW74E0isP9bIHbfGPJGPK3Nelvj85zm8b8ctT9TBqxYtReGsN2reIZHzuXgOcZthB17NK79O/DnwqIxzDTyq46zKnyLOPnh0LObXsl48+Ksd77WjF9868eLPgceV0It/nOusFxX+8nrxh3ND6EVFJ248OuqwQfXicL4y3k78BXppPb2o8OcH70bTi8q40gp6seNUhbMH3lXrxQfOhV6bPY2ZSSLCMUAS0XS2zhzmxYGX2B9amADWbxRLQQgwBURiMbTeLkxpENYEkXAINI1FQzI2t0DX5CTRWJSBTevp7O5Gj3Ugop0Qa8MQkkzWJJHOkBExsnoUKTR0pOtNu3XqIGFNYKePMLNoc6Pe/BXwWLNeAqvZZDYNxlr7Ka36WPNNrJpZso98meyDtyNTcxBqQ8S6kXMjGIfvRbR1oV90HaGL34G+91r0vddCNoU5dhjz6H1kH/sqmXs/gfHM9whfdTPa9lfmQ0spmZycxDQM+vr7MU2To0eOkE6nueAlL8m3m52Z4eTwMPNz88TjMQYHhxgYHLA7vyWbmZ4mk8kQb28nFosxMjLC6VOnMAyT9RvWs3nz5rJzADKZDKeGh5maniabyRKOhIlEIoR0HSklfX19rBsYWILENBkeHmZqcpJkMkUs1saWrVvp6elZujYkR+dGAMnGeD8xPVr0mSkjw6nFCbKmwfaOIU4tTpDMppF2b2RIk4gWZmO8n/ZQGwBjyRmOzp/mot6dRPWwK2X7Jp9noK2bzfEB1zaB1ccKHwOQ36mqFbyW0p48tUafnMd+iLjTimGumKGSd4hbt5XfsnDSai6lPVhX4fHwlPii8xWK91LvVFyyfDirrtxXxNmtOKmSv4p4l+JcE49qOKvyVwvOFfkrqxb94b3ievHkrwadrDG9+MVZlT/lfskXj/5wXpt68Ydzy+jF4fyW1osKf4FefNcHa14vCvz5wbnh9LIs40oT6SUPnD+clfXiq19a8mTTiOOPY+58VZ6/jXKBk9kUZiRecC0i7wQSTUoQGqbQiXV1Y0R0MkaWNk0nFo0ghcbpyRmSGYNYKMy6gZ3EOtoJxdvRo1E0PY2RSjOfzDCTiiA6e9BECFMAmMWfiXWr69kUG7JzoGl5vLXJF214quOvZr0EVrPJ2fHVTmHFrMkmViXGs98nc99t1i7VWA+hy96LWL/XEtnoQYxjD5N99O+QE0eJvOVzIHQIRdE2nI+24XxEz2bSd38U89STpL/3h0Sv/yqidysA2WyWL93+RU4cP8afffzj7Hv8cf7iE/+XtrY2vvNv30UIwfHjx/nyX/8N+596irm5ORaTSS688EI+cvPvcdbOnUXZfuMb32Dfzx7nV9/z39E0jb/+4pd4Yt8+skaWc889j/f95m/ymqtei67r+XMymQzf+uY3+fa/fpuNGzcQi8U5dPAg0zMz7Nmzh0QiwRvf+Ebe+iu/TG5S9p4f/pCv/v0/oGkaQ0NDjI+PMzg0yK//xm9wzp491rWZJjc++nmklNz60vdzfs/2olxPJsb5nz/7a6bSc/zTqz/KrQfu5MmpI+zu2sy29iGemjrKTGaBq9ZfxG/veRPd4XYeHD3Ap575Bn/zyg+zp3urI2NzmUU+8NBnuWHPtbx3539btjshsOqssBgpm2SVBY8JyA+w1iDlteJLyWtrbCvxwY7V6otDpyKzKK4Hzm6+lD8HHp3i+sXbkT8HHpVxroFHdZxV+VPE2QePjsX8WtaLB3/BjtUK/DnwuBJ68Y9znfWiwl9eL/5wbgi9qOjEjUdHHTaoXhzOV8bbib9AL62nFxX+/ODdaHpRGVdaQS92nKpw9sC7ar34wLnU66f3I7dcBJE4AkFE09gyfZhjA5eA1OwPF/nYVnxs1AQhPYLMZJicnOaFF0+STAm0UIyMluLMfJb9h09h6GHOWoTedUniHe3oIY35pMloQqOtZzOG3o5AoGGCkCALPsu6Adk8+RxhXcvjjZEhNHmMXCau/BXwWLNeAqvJZGoB0ourncaKWVNNrJrHHiF990etSdXebUSu+TO07a9aanD2VYRe9X7MY4+Suf82so//E6FL310UQ997LdHBPaT/+X3I6ROkv/Nhou/9BiDQNI1nn3mGnz32GN/45zv5j3t/xCWXXEIylUQIwfDJk3zu05/h7e98J7f8ycfQNI0HH3iAj//Zn/Ohm36XWz/1SXafc07+s4ZPnuRH99xDW1sbekjnxptuYt26fg4+d5A/+P3f56Ybb+Szn7+N1199NQBSSv7XH32UBx98gM//1V9x8cUXAzA7O8tvf+AGpqen+eJff4l4PA7AYmKRr3/ta3zq1lv5/Bf+ile/5jWEw2GklPzpxz7GO952Hbd++lNc/YY3ENZ0Ds2cxMQka2bLsZUmh2ZPMJacIaqFmckscHh2mN8651reueN1ZEyDvzn8Pf70yTt4ZvoYd1z5h5xJTnF8YZR/OHIPf37x/8j/GXmhffHgXRxbOMOJhdFa6Q/Mh5U+BqBokpWCIqek6DFz7eyixzTl0rNT7cEbUX581VZ+y8JJq7mUdrpVeDw8Jb7ofIXivdQ7FZclfJThqoBzsGO1epxV+asF54r8lVWL/vBecb148leDTtaYXvzirMqfcr/ki0d/OK9NvfjDuWX04nB+S+tFhb9AL77rgzWvFwX+/ODccHpZlnGlifSSB84fzsp68dUvlXgjAyf2IXdacyQC2MoCE4lREh3ryd1q5N8VdjrW/4eEhGSa+ekFnj58jOGxWevP/fUIppHl4Hya0zMHOXJijI2bBujt6yHe2UG8d4D40E6yMmqxahqgyaJry1l8foQtxnwRT/rki2CmlfirWS+B+TaJRM5NrnYaK2raaiewbCYNsj+7A9LWr46Fr/6j4knVvAm0bS8n+va/QU4dcwylDewm9LJfAwTm8D7Mk/vy74VC1lz0oYMH+fwXvsAnbv0LPnvbbQDE29v5yM2/x8te/jI0zYL28iuu4O3Xv5PDhw7x/e/dXfQ57e0dAIyNjfEXn/wkF150IZs2b+Z1V7+e33jfb5BOp/nRD+/Jt3/22Wf59r/+K5dccgkXXXRR/nhXVxc/98af55GHHy76jIceeojbPvtZXnvVVbz+6qsJh60/xxdC8P4bbiCVSvH3X/kKqVQKAF1o+X9lmBQcD2sh4vajAkJayD6mc+XgBXSGYzwy/iyGNBlOjJM2svz7qZ/ykzNPlsVcyCb58vM/sDBIzjhyEVh9rbAYMc2lwSi3IpwbvApXaAEEJV54eFnuCz+/yDsVJ9Yb5d6tSHFqXxZOLV/P66uAR9Ur7KXt3IrLkna+8i7Nt0o8KuLsgrdn+4K49crbKa4qzqr8KefrlrdHe48b3BPnVdOLBx5V4+3WbtQZ9MsAACAASURBVA3pxS/OBYC7+1K9uOXhI28n7xfnuuvFRz/tF+eG0IvKuOLGoxsvjagXh7jKelHppwO9VOavUfWiwJ9r3h44N5xeVPKtgEdT6MX9xq4eb6/2pWF99EtO7UOnn0YsTBfhccHcc+jZJOWzjdZ3QFNoIDUikQiZVJrJqXnGphNMzScZGZ9iZHyKuYTBohZn3ohybGSa5w4e48Xjp5Chdtr7t5AVEYxQBKmBFhIITUOUzDvo2STnTx0szjuzSGj8eeX7rma9BObfkvOQTa92FitqTTOxKqeHMYefAEB0b0Lf+WrvE8JxQld80PVtbcerEPFeAIxDP1o6rmsYhsE7rn8nQ0PFP27V29vLxk2bymLt2L4DKSUTExNFxyORCABXv+HqsnMuv/JKAE6dOoVhGACcPHESgKGhobLCZ+OmTQghOHz4MGCt+tzz7/9OMpnk9Q7xBwcH2bV7Ny++eIzTp05Z1ya0/L9SC2kautARCDQhiIWsidWItrTpeSw5TdLI8IqB89CFxunFSUKazlhymr8+9D3MgpWolJHhq0fuIWta1zaenMaQJoGtrOUnVZ1W3hElK75We4m1CkWhlx5euHin9mWDeS5RB+9SDDq2Lwu3TPmW5O0Ut2xF3q0YLG3nVly68OIH56p4LIhXEWcXvD3bF8StV95OcVVxVuVPOV+3vD3ae9zgnjivml488Kgab7d2a0gvfnEuANzdl+rFLQ8feTt5vzjXXS8++mm/ODeEXlTGFTce3XhpRL04xFXWi0o/HeilMn+NqhcF/lzz9sC54fSikm8FPJpCL+43dvV4e7UvDeujX3Jqj5FGP3I/0v4rVYkkrAkuGH3E8VKkEGQMycTMPNF4H9OLJhPzKVIpiWFomKbAyBokFheZm5thZnaKUFjnnHN3c/kVl7Pz7LMJhcOAQCJACAq/9Qsh8v/OP/MoIa34ekOjz+bzLPIV8KhZL4H5MyODnJ2o3K7JrHkmVudOI+fHANA2vgT0SMVzRFu3+3vxPoj3AWCesnZbCiHyk45n79pVVV7ZbJZnn30GKWV+F2vOQmFrUnLDxo1l5w2ss37IybQnHgHa29sB6zmrpTY7M4OUMj9Zm0gkOHjwYP6/f/bYY+x/6imePnCAJ/Y9wSMPP4yuaSzMz7OwYO3y1YWGYZocnD3J/qkXeHr6xfy/QzMnyZhZcvO5uQnV3C7WJyaf5zPPfpMdnev52EXvAeD4wigX9p7F1vZBfnLmSZ6efiGf7/7pF/jSoe/yjh1XATCZnifVIr8Yt6ZM2H+u7zSpytKKb454p5VfaR+XsvYVVKWVX5di0LF9WTjvFc6adxx4rci7FYOl7dyKy5J2teCsunJfEWcXvD3bF8StV94Vd0pUgXPdd0i45e3R3uMG98R51fTigUfVeLu1W0N68YtzAeDuvlQvbnn4yNvJN8WOIuECeJU4N4ReVMYVNx7deGlEvTjEVdaLSj8d6KUyf42qFwX+XPP2wLnh9KKSbwU8mkIv7jd29Xh7tS8N66NfcstbmzqOdvRhsHEG6NAFu0YeKr8UIZhfSHD46DG0ti4SZhvzaUHKkJjS/u5oZtHNDBGZZkN/B1defhmvvvIVrB9aRzikoQsrlpAmuanRwnlNIWDXqf+iXSvOVx8/jD4/WoR3tfddzXoJTN2kiTk1AgVzWK1iTfOMVZlOgL3q4jVhWrUJze6UQc6eWjpsCzZU8INShTYzPc2Pf/xjnnn6GTKZNKZhMjs7ixAi/6f4OctN0pYetz7H8rq+RNHFl1zMps2b2L//ALOzs3R1dQFgGAb3/eQ+hBC89qrXArC4uEgyaT0s+Ml9T3D82HF0XcM0Jaa9A/bCiy/i0ssuo7evL/8ZGZnlwdEDHJ07bU20SgNDmkyl5kgaS9u5dWFd//956ut85plvspBd5G3bX8uvnnU1g209AJxOTPCGjZeyIdbPJ5++k9sPfpcvvOImDGny1SP3oAud9+2+hr89fDcL2UUSRpK4vRM2sJUxKUt+sKrwmau5IqWwuCmYdEUKEPZra1Y17wt3wCIElLxfNolbGNdplHMbHH2uRFrXg51HlR4PT4kvOt+j+Ktlp4Qox93R445zma8QryLOLnhXy19FvEtxrolHNZxV+asF54r8SacqUR3vFdeLJ3816GSN6cUvzqr8KfdLvnj0h/Pa1Is/nFtGLw7nt7ReVPgL9OK7PljzelHgzw/ODaeXZRlXmkgveeD84aysF1/9kjuP+vA+zI4+suv3WL+tgWRIZGgf/k+eXv9KjFAUhCSZzjI+OcPUbIL9z7/IYO8AoquXTCRKejENpokuTUJCMtQZ47ydW9i8vh9dSKSZwZQaJjpSCAQmQoIJCDTARM8m2TvyEHFRjK82N0Jo/Hnf/NWsl8CUTCJhZrTlHgGQs6aZWC20wolQ35ZesCZrAYzyH3Nysru+/R0+8+lPc+lLX8qNN/0OW7duRQjB/ffdx7//4Af53aQ5M+0/fbc6j2LLHYpEIvmdrvF4nK/ecQe3/H9/zI2//UGuf9f1tLe385Of/IRDhw7xhS99kUsuvRQAXdfRNGvy88bfvYlt27ZVdQ0xPcqvn/1Gzuspbn9iYYx7R/Yxn7UmazNmFoHgxnPfzN8e/j4nFsaQ0mRd1JrUnkkvMJ6aYWN8He/Y/loeGX+Wb594kBvOuZaEkeKhsaf5n+e/nfVtfUT1MPOZReYyi/nzA1sZE8L+oaoCL3OepSJFyw1OdvFgFTsFXpT7XHwpsX/AquB16fs5b8crT9TBqxYtReGsN6w8Srz04XPxHOJWvcLuVhw6FZlFcR1wrORL+fPgsfA8v3g78ufAozLONfCojrMqf4o4++DRsZhfy3rx4K92vNeOXnzrxIs/Bx5XQi/+ca6zXlT4y+vFH84NoRcVnbjx6KjDBtWLw/nKeDvxF+il9fSiwp8fvBtNLyrjSivoxY5TFc4eeFetFx84V+JRe/4+tLYe6NmQx7tDE+w98xDPd5/LTLSfUyMTjIxOoOkR7v7+j7jqypcS6xtAj3ciExlkOoUuTDo72nnJnrPYtW0jIpsinUwQC3VgmCYGgrQpiOgSgYGBhkCjfX6UndPPEBfF+LI4S+j0gfx1O/LoxF9B+5r1EpiSyfkpSC6sdhqrZk3zKAAR7QDd2vlpntwHmcWa4sn5UeSC9WwI0da5dNyuNgqfFwrWrtH/+4lPAPC7H/oQ27Ztszs7yGSsiVmtZJdrbueoUwGTtSdzI5FIPg5AT08Pu3fvZvc5u5mYmODI80e48sor+ZdvfZPXve51+XYdHR309lo7R48fc/6RrlIzpIl06V0ksihP027bpkf4/Ms+SFQP8zeH7uaRcesZKCcTY5hSMhDtZlN8He/f/YuYUvK5Z7/F5575Jhf37eKtW68kqodZF+1mIZtkvkbOAlM3p8cA5DyyoMixyc/f//Z9krtfSt8v8sLZ5/4VtXcb3aSD9xocS31ZOPV8Pa/TA4+yFXmvYrLUOxWXuPCikndpvlXiURFnt+LEq31B3Hrl7RRXFWdV/pTzdcvbo73HDe6J86rpxQOPqvF2a7eG9OIX5wLA3X2pXtzy8JG3k/eLc9314qOf9otzQ+hFZVxx49GNl0bUi0NcZb2o9NOBXirz16h6UeDPNW8PnBtOLyr5VsCjKfTifmNXj7dX+9KwPvolr7wlEmFk0J/9AUwPI6WZx71DwN6pp+k9/jOeP3qSY8eGGR8fZ2TkDN/85l2cPDlGxhRokRiRji6Gtmznwksu49JLL2HzhkF6OmOEQzpCjzCfMNHDXYyMTpHbpSqEwcbRfZw7dYC4MIvyZXGG8PDjYP+1rN9+uma9BFalSeT8BMxPrXYiq2rNM7HauR7RMQiATM2RfeIbkE35jCYxjvwEskkrdv9Z1lEp87tMS21hYYGJ8XHa43Hi7fGS9+btDr/4nNyzUjOZ8u3Sufc0vZiif/ra19n3+ON86MMf5vp3vYv3/Np7efVrXkNbW1tRu3A4zFWvez3hcJi7vvMd10JpZno6/56JiSlNxx+RykoDQxqYUmJKScKwsM2YBuf1bOP39l6HEIL/s//rDCfGObZgPQulJ2I9F/Y1Qy/h3O6t/Pupn/LTiYO8c8dVhO0dtRtifSwaKabT8445BlY/cypKTFOCx0o8WCuFRT5/cxe/tlZGXXxpu4J45Yk6eJdi0LF9WTiXz1fNtwIeSivsZXh7FJkF7WrB2Stvp7gVcXbB27N9Qdx65e0UVxVnVf6U83XL26O9xw3uifOq6cUDj6rxdmu3hvTiF+cCwN19qV7c8vCRt5P3i3Pd9eKjn/aLc0PoRWVccePRjZdG1ItDXGW9qPTTgV4q89eoelHgzzVvD5wbTi8q+VbAoyn04n5jV4+3V/vSsD76Ja+8c15LJwgd+De0sSNIliZXw7rGBbEEH9w4yjlilMmJcYQwOXz4MPue2E/GEMQ7u9myYyevef0b+Lk3vZkNZ+0g2tFJW6yTcCSGqUWRog2px3n62aNMziRYN/E8l564n+3ZSUKaKMpXS0wQOfFTRGax5n66Zr0EVtGkaSCnRpDz06udyqpb80ysdm1EGzo3/zp732cxnv9PX7Hk7AjGM3fnX2ubX5r/byOb22VaPFHZ3t5OV3c3p0+f5sTxE/njJ0+c5Nvf+hZSyrIfnUokrB2a6XT5xGpy0Xn35unTpzly5Ah//5W/44H77+fRRx5h3+OPc/z4cQyj+CHBb37rW7j2TW/i7n/7Hvf88Idl7+9/6im+8uUvL12baZI1TbKy/GHDRsHxrGmwYE865469b9c1XL/jdTw2fojf/ekXODZ/hogWpjdi7fYNayHec/bPkTENzu3exsvXLXE12NZDxjQ4vdh6vx632pZ7Fqq1A7v42aiFK76m6bzSmdu5nfOFK4Uy91qor6CWmdMKo0sx6Ni+LJz3CmfNOw68VuTdisHSdm7FZUk7X3mX5lslHhVxdsHbs31B3HrlXXGnRBU4132HhFveHu09bnBPnFdNLx54VI23W7s1pBe/OBcA7u5L9eKWh4+8nXxT7CiSLoBXiXND6EVlXHHj0Y2XRtSLQ1xlvaj004FeKvPXqHpR4M81bw+cG04vKvlWwKMp9OJ+Y1ePt1f70rA++iWvvAu9MDLoz/wA7fgTmPYj/3L493fE+NCrNvOJl4e5dkuWs9fFyJqSru517NpzHq989Ws5/9LLGNiynfYte4gMbMVo68AMd5DIasT61qNnF7lIH+GCE/dwVnKEqP2bHoX5atMnCR9/tHynqs9+uma9BOZp0sggJ4aRqcRqp7ImrHmesarp6Be8xZpMNbPI5AyZe/4U0bEObfOlVYeRCxOk7/oIcvKFpbjnvMF6T0qyWWtytHQyVNd1PnjjB/8fe3ceH1V973/8dWYy2chiQggmEBaJBCVoBKkKgiII4kq1V3BfWm2L3u619fbX29be3vbWa2/bq95eq3WptWKvFHFBFERAQWUxlkRMZJOQBEIgJpB9lt8fM5nMJDOTzJZMMu/n4wEnM+ec73zP95vPnJPPfOd7+MOj/8P3v/tdrrr6atrb2zlWX8+1X/oS+/buY82rr1E0ZQpLvvhFAJpPOkdotrT0/mVsbXUmLtvb2t0nC4Cbb7mFf/zjH/zut7/12t4wDEaOHMm1X7qOb33725jNZrKzs/nxT38CwPe+/R3OOvsszjv/ApKSEvnwww850dTEN771bQzDoNNuw2wykWwk+hyVa3PYsJgSSLek0GJrp93WSbolhVbXqGCLKYGvFl3J20c+ovT4Hqqb6zklcQQpHjejum7cHP57999ZNnGe102qxo3IJd2SQmOngnKgGeB9w6oeSwMDO645VsF10UL3Y/x/Uujw2B6PTyIdgZYYvs9xvj5h9HMx6Pck6lWcc4Wzvj2WjhCWXeX5KLffn7D7uzj0dZHpVW4/2tVPO/daGj6WDs9+DK29ffafj34Mup3D6Mfg2znY/guynUPox+6GHCLxEqD/wm/v2ImXkOMkUP/56MeBiJfQ2znK8RJM/7njJbR2HhLxEkyc+OtHn3E4ROPFx/5Bt7ev/lO8xF+8BNN/obT3UIuXYM4r8RAvrnL61c4B2rvf8RJCOwfbj+b972I0H8M2YSZGSqZXP0zIyeK2nFO4fWYhnx1tYG+zGUfOeBLTLJxiauNEB2Rm5JBuOYzJ6MTxeTWn2DtJPbqLREcnxaendZfn2Y52KwlHdmNuqg7cD/3pP4/9w44X8cOBo7nROaeqn29zxyPD0ZXaHw6s7XS8/hNsH/2t+7mkNMxFC7Fc9B2MjDz/+3Y0Yzuwlc61P8XRVOt+OmHGzVgu+xkADoeD2tparFYreXl5WCyWXsUcratj65attLS2UDRlCiUlJRiGQUNDA/X19YwdM5aU1BQA6o7U0dnZQeqIEWRlZXmV09raSn19PYmJiYwePdr9/OqXXmLDWxuYe9Fczjr7bFKSk2lra2fHju38z6OPUn2omp8+8ABLly113/QKnCNnP/lkN8ePHSc5OZmzzj6LCRMnejefw4bZcO5juM8ATnaHw/1GaBjOUasJJjN2h8O9DzinBjAbJvfNkAzDuyyH+827m801n0vPbSX66n6c7kqSOnovXSdRk8dJ2306M7pPa71O1ibnEsPAcC17Pt91tjMM8H2W6yHCJ0f35h7V6XMZTDW89g/z4t3X0mO/PiseTM37LC+4dg62/yLT3v3tx+DaOdj+C6+dg+2/0No7tuIlCnEyaPESWjsH239Bt3NI/RhaO8dmvITWznETLz72j+t4Cab/FC8h919cxEso79TDOV7c+ylego6XkN6XQosXEhKx5Z+FffwMMFuC668g4sX8+WeY6z7FcFgjeF6JULxIL472ZhxNx8DW2ffGw8yeH2wNuH54JVYBR1MNHS/cjf3I7u4nTWZMedMwT7kMU+4UZ4I1MRXsNhxtJ3Ac24vtk9exV3+I48QR925G9kSSrn/MPcfqYNuxfTs/+P59/PBf7ueS+fO9Eqc2m4231q/nG/f+M8tuuIH7fvgDUlJSBrG2MhQc/bFzqgaTK+nZtez6BNQ72eo8R+EAk+tcZQIwui8pDI/HXeu7zm1d+3ue85wjY3uf/PslrIuWCF1k9eNiK5IXh76XA/FHSZDXOsHw2j+ci9rg+jGSf0z5HyER3K9psP0YejsH23/R/6MkGn9MDVa8RCVOfPZj9OMlGsmHiMRLKG/TIbdzH8teBiFegomTeIgXn+UoXhQv0TqvxFG8BFfjgP04LOIlhOYeavFit6TiGH8utrwzMUwJQcRD4KXp82rM9Z+65lIdQvESpxy2Dmiqx9Eevzcb7yuxOnymAnAxMvJJvPa/6XjxHuz1e8BuA7sNe3Up9upSMCVgpGSCxZlYpf0Ejo5mvIcxG5gKZpB4+S9iJqkKsPLFlSQlJXHO9OleSVVwTkUwf8ECRowYQeqIVMxm8yDVUoaS7pOP8+LDa1oAw3vZdfbx/AS4r08iPZeGqcfzGNjtdgzD5H7c/cmyv4r2Y4mPZa/iHB7H3c8lAZb0WHrtH8TFe89lPy4me7ZzryU+lvhZ9lFen+3s7+Kk39fefbR3z3YOqx+Da+dg+y+cdu6z/3pdLYbW3gMeLwH7L4w4ibF4CbWdg+2/oN+XQurH0No5NuMltHaOm3jxsX9cx0sw/ad4Cfn6IObjJYj+C6Wdh1y8ROS8Mozixd1wobVz0PES0vtSePFi6mzB8elGTAd3YBs5AVN2Abas8Rhmi//+8tN/phOHMZ2sw2g+hmFtg3DjpY9+Czte4p21HUd7i3MO1Y62wa5NzBt2iVUAI3silsv/Heum32HbtxmvqLFbcTQfA/zfKMnImYRl/g8xcgqjXtdgNDc3u95YfOvo6MBqtVJcXExiYuIA1kyGMue5xnXyNDyW9Fg6wHCdpLo/mXc+79wO93Zdj42e+3k8dj/vuZ2r3F4MH8tgL1q8inOu6BqZ67V0hLDsKs9HuY6ey2AvDn1dpHiV67tdAy49+89zafhYeuwXanv77D8f/Rh0O4fRj8G3c7D9F2Q7h9CPPi/mYzleAvRf+O0dO/EScpwE6j8f/TgQ8RJ6O0c5XoLpP3e8hNbOQyJegokTf/3oMw6HaLz42D/o9vbVf4qX+IuXYPovlPYeavESzHklHuLFVU6/2jlAe/c7XkJo54jFS/tJEmrLcdSUYUpIxJ5VAGmjcKRmYSQm4zAnYaRk4TCZMLWfBHsHZrsNR2sTJmsrxokjmOzW7n4N4X0p2OvpsOMlHjjszvyY3QY2G9isYLPiaG92/iz9NiwTqwCmMSUkXv8YtvKXsX70N+wHP+hjDwMjbRQJs5eTMP0GMMVe01x08UW8tX4927dtZ9Fli7zWtba28vMHHuCMM89k4aJFfkoQ8eaVTO15Ayuje2nvuthxLe2O7pMurucx+l7i+RiPk3XXY/dZrmdFCe7k2HPZqziHc3OHw1WtfiwJsKTH0mv/IC7eey59XVz2bLe+lvhY4mfZZ//10c7+Lk762X/hfcIebD8G187B9l847dxn//W6WgytvQc8XgL2XxhxEmPxEmo7B9t/Qb8vhdSPobVzbMZLaO0cN/HiY/+4jpdg+k/xEvL1QczHSxD9F0o7D7l4ich5ZRjFi7vhQmvnoOMlpPelKMSLtQPz0X04ju4N3G+47tnhakeba3+7+/fZx7LfDednf6+ln/YWiYJhN8eqP/ajldgr38RevxfH8QPQ2QoJiRiZYzByCjEXzsN06lQwx/ZIz1V//zt/efZZTp88mRkzziUlJZna2lre2/oeU86YwteXLyc1NXWwqylDRF3XHKuG82zja+lwdM29CiYT4HBdQhiuOVTxnnO112OPc5zJ1PucB0b3Y4I45wV70eIlnJN0cBcBYV8cBrhY6f7kNshqB9N8oVzrBMNr/9DbOdh+DL6dg+2/INs5hH4MvZ2D7b8IxUswcTKE4yUqceKzH6MfL6G3c5TjJZS36ZDbuY9lL4MQL8HESTzEi89yFC+Kl2idV+IoXoKrccB+HBbxEkJzK166yg3+fSkm4kXiVtzdvCoguw1H+wlo/RzsVjCZISkdIzkj5hOqXWw2G5WVlbz7zrscqjoIQFp6OnPmzOGss8/WDaskKEf+X5r7xlS9bmCFAYbzk0YM52PDtQTnSbTrMtLAedYzXGe/rse4Trb4eB53OV3pWM+zXA8RPjkOxMVv9/7RuBjp3m8g/ljsXgbXzsH2X2Tau7/9GMmL9t77D8TF7/CKl2j8kTtY8RJaOwfbf0G3c0j9GI0/cgcrXkJr57iJFx/7x3W8BNN/ipeQ+y8u4iWUd+rhHC/u/RQvQcdLSO9Lwzhe+myA8NpbxJMSqyLi15H/l45hOM81huE8mRp0J0O9k63dI05NAEb3pYS/EasGzie6znEasRrexeFgjZAI+lonGF77h3NRG1w/xtwIiRD6MfR2Drb/ov9HiUashtKP0Y+XYTGiKB7iJZg4iYd48VmO4kXxEq3zShzFS3A1DtiPwyJeQmhuxUtXucG/L8VEvEjc6iuxagq4VkSGNYfrbOL83/UJIh4nR48lgN3u6LGfa+kIsDT8LH1t7+/s5vCxDHRy7Ln0d9zh1tfRd3v0bMeAFyM9l4EuJj36JdR27lc/epTXZzv7uzgJtL3XNWF06u2r3GDbOdj+C7q+/uodYPsAv+AB23nQ4iVAe/S7vf1tF0PxEmo7ezS4/2XPePFXjxDq7WsZajtHPV5CeJ8OtZ2HRLwEc17x14/++mUoxovPnEOQ8RLM+7Tipe/+G6rxEkT/+a13gHYecvESTH37aI9hES/+f7H7396Btu9ZbAjvS4HqPajxEuG/t3y1R9jxIhIEJVZF4lj3SY7eJ028l0D3kh7Lnus9lw4/S1/bu8rzUdHeSz8Xgz6393HcEalvP9qjZzv6vUjpuZ2/ixN//RJCO/erHz3K67Od/bR3wO09yo1WvX2VG2w7B9t/QdfXX70DbB/gFzxgOw9avARoj363t7/tYiheQm1njwb3v+wZL/7qEUK9fS1Dbeeox0sI79OhtvOQiJdgziv++tFfvwzFePFRbtDxEsz7tOKl7/4bqvESRP/5rXeAdh5y8RJMfftoj2ERL/5/sfvf3oG271lsCO9Lgeo9qPES4b+3fLVH2PEiEgRNBSASx44ePYphGP3+B/h93PWz5zLQz4GeExEREREREREZbKVl+wOu14hVEYkYfU4jIiIiIiIiIvFCiVUR6ZdASVMlVEVEREREREQk3iixKiJ98pU4jVSiVUlZERERERERERmKlFgVEb+U9BQRERERERER8U2JVZE4p+SpiIiIiIiIiEjwlFgViWP9Saoq8SoiIiIiIiIi0psSqyICdCdQey77u5+IiIiIiIiISDxJGOwKiMjgczgcGIbhXkb7dQaS3W7HZnfgcDiUBB4AhmFgGAZmk4HJNMif3TkcYOuAzjaw25z/HPbBrdNQYZjAZHb+sySDOREGOHZ7UixHRkzFKEO3X2OtHUVERERkcCixKiJBG4wEabCsNhs2m5JoA60rOWK3A9gwm00kmM0DXQnoaIb25oF93eHEYQebHWydzsQ0QNIISBwx4AlWxXJkxUSMMvT7NVbaUUREREQGlxKrItJLJBOnA52EtdnsWG22AXs9Ccxms2Oz2UlIMGMeiFFd7c3OpOoQGvk2ZLQ3Q0crJKeBJSXqL6dYHhgDHaPDtV8H/L1ORERERGKCrvxEZNgYrn+wDwdWqw1btPumowXaTyqpGk0OO7Q2OROsUaRYHngDEaPx0K8D8l4nIiIiIjFDiVURGRbi4Q/2oc7qGtEVFR0t0HYiOmVLb21NzjaPAsXy4IlmjMZTv0b1vU5EREREYooSqyIy5Nnt8fMH+1Bntdmw2yOccLC2K6k6GNpOONs+ghTLgy8aMRqP/RqV9zoRERERiTlKrIrIkOZwSbL+LwAAIABJREFUOOi0xtcf7ENdp9UWubt/OxzO0ZMyOFqbIjb1gmI5dkQyRuO5XyP6XiciIiIiMUmJVREZ0mwaETQkRazfOppBvwODx2F39kEEKJZjS6T6I977Nd6PX0RERGS4U2JVRIISS6NvHA6H5rEbomw2e2R+l6I0z6cEIQJ9oFiOPZGIUfVrBN/rRERERCQmKbEqIkOW/lQd2sLuP2t7xL6GLmFwOMKea1W9GJvC7Rf1q5PaQURERGT4UmJVRIaseB8JNdTZw+2/zrbIVETCF2ZiVbEcm8KNUfWrU9jvdSIiIiISs5RYFZEhy+HQH6tDmT3c0aa2zshURMJn7Qhrd8VybAo3RtWvTna1g4iIiMiwpcSqiAxZ+hb40Bb2vIP6BYgdYSfgIlQPiajw51iNUEWGOLWDiIiIyPClxKqIDEm6GcjwEFY/ahRY7AijLxTLsS3U/lG/ioiIiEg8SBjsCoiIhMIwjBD3bKFq5za2fNxAox3AREpOHnPmTmdCmjnk+rTs38Kqd+s4aU/l7OIkPipr4YwrFzMnO+Qi++9wKa+VQcmCEvKB+vfWsLIylYtuvYiiSJRfs503Tp7Bwskj/G7SUvkWO9IuYU5+cEWH3o8heu97sGljjyfvgftuj0z5x96AJ2oiV16w3vse1NwG107zfv7Tp+DvZfDl/4SR/naugdUb4bwbYHS0K9ot3N+B9o838PT2tr7j7fg2nnulhRm+4sLvukpefuZjantsnjb5Qm48PyesenepWLuKHZmRKy/SQu2f0Pbz1d4WcidPY+H540gNqSbBO7HnfTYfyWHO7EmkD9BrioiIiMjQpMSqiMQRGzXvbmRNdToXLbmCojQL0MaRip3sPQ4T0kIt9xAfvFdH6swruLHIAsB50yNV53442cihGpjkephz/mLuPj+C5eePIeWxlfyZa7nFR3K1pfIVHn07i5vvjuBrRlPhn3onHoe702+H+/ra6Bh88hs4Y2ATq+FppLTyBJkZFio/2s+ceROj8BpJA/chidCrvU+W8/KqUjaPHsOiiaF/+BWM9vrjHDpsoh0lVkVEREQkMCVWRSR+dHzMB3vtTF54IUXuJGoyo4tmufJINj6v2Mpr2+o5aQdzcibF8+Zy3igz7NnIYx9ZOHtUI2UH2rGRxKQ5FzE/s5znXqnmJMD7r/LY+13lZrlGjLZQ9e47vLG3BRsWcotzMZfVc8qVi5lzfCOPfZTKtdfNJAdcr+F67PV6MHlxCek7d7HjSAs2wDwil4sun8UpH61hZaXzjuwbn1nFjskXcmNOeXc5rQfZvGEXu+s7AROZE6Zx1dyJpFLP5hff4fMxE7AdPEBdGyRmTWDxVSU+cmp5zLl7AfhIrnYnVWdzajT6bCCtnAkjfgF7HoZmoPgXULAD3ngEbNNh4S+gJMc5+nNjunPdR2+C+VL44v1wWs8UTDu89zC8+zzY8iD3Nlh2HRx/GZ79DL5zr+ss3A5/uwYm/g1KTsDffwX7t4L5Apj/QyhxDQPe9yL8/Y9gA7Lvgpuvg+R+HpvXSNoT8NovoexNYDxM/A5cchKe+JFz27/PhOxfwFcWht+m0bZ/F2Udo1m8JI0Pnv+U9xsncl5m18oW9mzayMYD7diwkDcpExv9WddPx7fx3CsnKTijk8rdLdhMqRTPnULHzlIqm+wwIpeFV81iQqJrVGrKOEYfPcTeZrszfhedR2HPUfJ+4pWP1/FsWTpXXn8ezt+GWt5+YRvtM69g0agDrF9bzt5mO5iSmDT7IuZPTAU6qdn5DuvLGmkFUnImsPByX/Ed49KmMGnUp5QeaYCJOXByr8/jDdzGLVS99z5vVzrbwpyRy0WLZlGY0qNvyGNGWjU7jgBUs/KZavJmLWF+yjbeeLeaujbAlMqk2Re62lhERERE4p0SqyISP6qPU0caZ/jLAB7fyWvvn6Bg4RXMOdXEiYpNvLBuK6NvuJAJAM0NfD59Ll+em8rn29bzws5PmHHdTG68NZOXn/kYZi3hqkLcXysGaP/4fdbst3DhtVdxZpqdmvfW8QpwSn/q21xP7eSZ3HB+LqmJnXw+/TyKR2WSQCd71q3hg4/qufH8xdyds5HHttD91f89XQW0UbGplL3mKdxw62TSbbW8vep9Xt6ZzVLXiNrao3auvW4JOezltb/uYsf+Ei73OejPmVxtffQF/sz13DJ5BC2Vr/DQugzuWj7Ekqp77oRfezz2HMFa1Q5fXQ3WLfD7O6HtT/DdbbDrIXjrTSi5wbnd8Vdg9u9h0b/D7qfg/x6G5fd7v86nf4X3R8JXt0EasPF78Lc8uOViyL0ESm+Dc9Ph5FbYfyV8MRFWfx9yH4R/ygdrDTz1Gyj4T+ANeLkWvvq6s6zdD8Nru0IbebvvRdg/A+77d6AddlfCyFlwXx78+k744jY4PfhiB14j739Uz8jiy8hPtPCFSQdYX3aI82aPBZyx99bBZC68dqEz9t5dxyuuL5MHWtdbO7tfWcVu92PXiEoATvB5xjy+fGsqVZteZ83b5Zyx+AruHlXL2y9s5/2yRiZMd2Z6T1afoOSqK5if1sLHazfw1rpd5Cwp8XidQPE6ifE7d7Frv438iWbYv5e9jGbxxAY2v1hOS/E87i5Kd47ufHkbFRMvYsKeLazZn8rim+aRb+6k5t11rH9vbMxOOeCP9fguKo+aGF2cA9Szea3v4wX/bZyyZxtv7DdxQdf78LvreGVtqbv9T1Y3cuaCeVw4Kp0kZjL+vTWsrM5xfehVz5YXq7GdsZC7p6ViPbmXyuO6RYGIiIiIOCmxKiLi8vneek5m5FFyqvPr/OlFY8h9/1MOHMaZWE3OpWSic1TiKVlJsPsERwicJK2qacQ85mzOTDMDZvLPGE1a5ZH+Vcgymi9My3Olexqp+Wg7HxxuoaPrPkGjjwOBkiTV7D0CeRdPdn6d1ZxH8ZgkKg8fpJ08APImn02OGSCT9BSoOlLvHBXmUx4Ll1/GG4++wJ8qs6g+mM1dy+cOraQqBJ4K4PQZzjNjgmv06TTXdvnToL2me7sR18IZrm3OWAgbr4Gq+yHXo6zdz8Ppv3MmQgGKF8L7W8E6C867Dd7dCucuhPdXQvE9kHAA9lTCnmvgfY9yjgPH3ob2N+HRp7ufz54MhJBYzZ0MbU/D2pEwbQacMUSnRTj8CZWtOcw50zlsN784j8SXPmXXzLFMS/QVezmk7XV+4BFoXW9+pgI4DpDOpCLn70FKoglG5HDGKDMwlrzM7dR0dLo3Txw3yfV66Zw5PY8daxqoAbrHrAaK12lMm/gxr1TuhYnj2LW7nrTCeeQ37uXtZjsn31/vMVo+iVOOg/lAA7ZmeOUvq7rr3Od7Rizokci2pDJp5oXMHwM0HqTKz/Hm4r+NEw80wKk9+7ueqg5IBBLHnU7JKH9f+s8if5SF3ZXb2Mw4JheO48xxligev4iIiIgMJUqsikj8GJNNLgc5VG2jaEwIc/WZPZMgkdfukYQBINFEYtfP+3fxzmELFyy5gmlpFg5sWM0bHRF4UXOwR+RMrr73ymEuX37O0Euq9iUpse9t/LG293/bMy51TjFQMx7KgGVFQAUwEr70OpzWY/tjOEey3n5x6PXrkjYLvjkNDu6Ad38GNcVwz+1D7IqgjV07a2nthDeeWeW1ZtfOeqYN2KhMUxjvCTZsHf1/T8kvziPzpWp2HT3Jx/WZnLkgE1oBkii+ZjGzMr233wOQP427F0zqXVhM80hkn9zFqpUHaU9M9Vrv63grfJblbOO+JJoDzalhZsLcy7j56EF2763m7VUfYSu8kBtnxnqCWkREREQGgr7LJCLxI/FMvjDJxN53t1JxsiuJ2caRii1sOWjjlEk5pDXVUnq4E7BxoqKaOksmE8LIHhbkZ2KrPsDHJ21AJzVlR5zzsQIkmjE3N1LbCnCC3QdO+i0HsxkzYDZboLWSXYft3esyU0mhk9bWnjuNYdJoqN1dyQkAWy1l1e1knjqOpNAPCcjj/CuHYVI1GM0rYfcJ588HN0LTlTCxR6uesQw+3Yq7w8vegLwLXAnMIigG/vYryL/NdbOoCTAR2LEFrK59du1wLideAHWvwEHXa548AJ/Wh1b3YxXQmAinXQz/dC8kvAk1ACMhA2gLIkE8WI7vYld9JhcsW8Ldt3r8W5iHbc8n7MFH7O2ud3dFoHXR0nFwr+v1WjhQVkdrRjYFXnn8PuI180zOzGlkx7pDdEw6nWmJQGYe+cntHPjooHMfTnBgVyX1rmPk8H5Kjzvf66zHd7HrYNAzyQ6utGlcXGzh0HvbOQABjxf8t3HBhCw4fNC7vzNyerR/t5ysZOjodOataaNm/0E6sidScv6FXFWcxsnqQ67XFxEREZF4N6TGp4iIhMdM/uyLWLxzG1tWvcpGO4CJlJw85swF0qZz+XlbeW3dqzzWdfOqBRc4pwEIUdKZ53FJ/UY2rnyZd7CQW5xDLsedA0XHTefC/A1s/NsqtpqSmDQmzTUCzYdx07lo3Ebe+tsq3knO4YwxSa6ELDBqKhdM2MjGv63ig9Fncrd7gFoyRXNLqNuwi78+8zHOm+GczVXTM4EQk3LDQc85VrnHdVOnIGRfCQd/CS+7bl511f3Or/x75iRPvwHOexj+d6bHzatmda+fvQx2PAIzZrieSIKr/gAv/wZ+802cN5a625lsHX0VXHUS/n4TtNdC0pWw8J7+HV/2L+CLHo/ba2H1j6DpM+drFP8ExgHkw8Ifwt+vgTXLgm+TAWNjz0e1tBZMcyYXPZ06hclpG9ixs5HC6T1iryCVFNdmveLSY11vPedYhbTJF3Lj5OBqnTYmndq1r/JOsx3ziBwuXHA2pwDdE4MEilfn+mln57Jj/UkmF491PZfHxYvO5LUNpfz1mZ3OffInMf9M5zEubnqft197lQ9c72eTz2+BIXaf+1OmT6d4/ztsee8IE873f7zgv40pnMnC+vd5e+XLvIPz5lWXLCrp0f4eis7k7L3bWfPMKtImlzDj5Kes2fyR8wZnyZkUz50yxFpRRERERKLFcDgcjsGuhIgMjrq6OgzDCOof4Pdx18+ey0A/B3quP3p9dT4mHefI0WRGjkolAZvzhlg7k1h4wywKBrtqMSApMYy5Ck8cBYe97+0i7dOnYGM+fGVh+OWsHwlfuyoy9RpMhgnSR4W8+9CI5dBVrF3FjswLw75xVP17a1h5fBy3XT41zFHn/RdOjA5kv0aqjaMlrPc6ERERERk0pWX7A67XiFURGbIMA2L+o6HWk1Rue5/K+nb3aKcz5pYoqUroCXWPAiDW+9+vE/DuI3DuW4NdkcgwwptZaEjE8qDbz449nYyfPWXAkqrhxqj61Sns9zoRERERiVkasSoSx4b6iNVOqw27fRBGLEpEmEwmLAlh3A6stRE62yJXIQmdJRlSMvvezg/FcmwKN0bVr05hv9eJiIiIyKDpa8Sqbl4lIkOWyaRRQEOZOdz+SxiocXvSpzD7QrEcm8KN0bBjfJhQO4iIiIgMX0qsisiQZdLXK4e0sL8eq8Rq7Ag3sapYjknhTwWgfgW1g4iIiMhwpsSqiAxZhmFgMultbCgymUyRmWNVydXBZ0l29kUYFMuxJxIxqn6N0HudiIiIiMSs+L7aFZEhL8Gst7GhKGL9lpwedlJPwmAYkJQekaIUy7ElUv0R7/0a78cvIiIiMtzpak9EhjTDMEjQTUGGlIQEc+RGcJnMkJwRmbIkeMkZEKERiYrl2BHJGI3nfo3oe52IiIiIxCQlVkVkyDObTCSY4/MP96EmwWzGHOmvBluSnSNXZWAlpzvbPoIUy4MvGjEaj/0alfc6EREREYk5uuITkWHBbDbpK5cxLsFswhytPkpM1cjVgZSc4WzzKFAsD55oxmg89WtU3+tEREREZECZTP6/gWQyGUqsisjwYTabsVgSBrsa4oPFkoA52iPWElMg9ZSIfTVdfDCZnG2cmBLVl1EsD7yBiNF46NcBea8TERERkQGTaLEEXKe/PkVkWDEZBkmJFo0WihFms4mkRAumgZpnMCEJRuRA0oiBeb14kjTC2bYJSQPycorlgTHQMTpc+3XA3+tEREREZECMPMX/NyNHnpKB4XA4HANYHxGJIXV1dRiGEdQ/wO/jrp89l4F+DvRcpNjtdmx2Bw6H859EV9fvgtlkYBrskaMOB9g6oLMNbFZw2J3/pG+GyXljMJPZOY+qOREGOWGkWI6MmIpRhm6/xlo7ioiIiEh0tLZYOdnSyvHPm+josAKQmJhA9ikZpKWmMLy/jyUicc9kMumb4fHKMJyjKwdohKVEl2J5eFK/ioiIiEisS0tNIS3V93RoSqyKxIO2Rtj/Pny8Fj6vgv3vAZALdI6dgT1jDB2F87CNOxdHkm4AJCIiIiIiIiLSl5iZCuDdbeWUlu2hYk8VrW3tAIzMyqCosICrFs4iJ1vJHpGQbHkc3vottDX1uakjKZ22WV+nfcbNw2YqABERERERERGRULS2WAOuH/TEav3xJp56/nUq9lYBkJKcSEF+LgCV+w65t1swdzpLr5k3KHUUGZIaquAvd8Hhj4Pe1TaqiJYv/g7HKWOVWBURERERERGRuBTTidWq6joefPQFWtvamXzaWK5eNIuiwgKvbd7dVs7qtVs43tBEQf4o/vW7tw5SbUWGkNpyeGJpv0ap+pWcQfOyP2EffYYSqyIiIiIiIiISd2I2sdrS2s4DDz3DsYYmll5zMQvmznCvW7dpB61tHRTkj6KkuJCW1nYefHQFh2qOMn/OdJYt0chVEb8aquCRxeElVbskZ9B8+/95jVwFJVZFREREREREZPjrK7E6aPdhXbdpB8camrjg3KleSVWA1Wu3sHrtFh558iUeeOgZAL6/fCnZWRms37yTquq6waiyyNDwl69EJqkK0NZEyspvRKYsEREREREREZFhxPzTn/70p4Pxwo88uQpLgplv3f0lLJYEr3UzzzmDosICGpua2X/wMOWf7GfB3BmkpiRTWraHjk4b50wrDK8CrZ+x+bkneeKFv7Nm7Zts2FzGoYRcJo3PJim8koNQxtP3PU3D2bOZOGLAXlSGsy2Pw4cvRrRIo7kektOxjynRiFURERERERERiRvWTnvA9QkB10ZJVXUdrW0dlEydRGpK7zRmTnYGOdkZnFNcyIOPrKBy3yEq9lQxe+ZUnnr+dSpdN7oKXR0b/vC/lBbdy49vy8cC0FlH6QtP8PiGL/Pteblhli8yCNoa4a3fRqXoxHcepeG0hTiSMgAlVkVERERERERk+LOYkwOuH5TEaktrOwAFY/pOYN5z5xLWbdrh3nbyaWOp3HcovArUlbO9tojF33YlVQEsuZTcdD8l4ZUsMnj2vRf8FADXvgVpz8Izfwq8XVsTqTW76CicDyixKiIiIiIiIiIyKInVYKSmJHH1olmRLTQlmRTqOFgHxX5zu53UbH6ap9dU0mBNIG3ypdx20zzGpwAn9rJhxUo27DtKmxUSRp3PbfdeS1EKULeBB//zIFOvh/KV5Vgv/B73X55Fzdbn+MvL5Ry1QkLWZC698SbmjXe+UsPB1Tz823c42LMskWDsXhvc9te+BaM2wv/2kVR1Sdz3ljuxKiIiIiIiIiIS7wY1sdo1cjUY9Q1NpCQnhvfC6Rdw/eL3+O1//gvbx01lzvnnUzR1HPkp7vGrdJY+zcPb87n3Z18h3wInSp/m4RfK+N5txViwkjXva/z4K+lY6GTvyl/ywpvnc//V+a69y3mv9Hru/dlt5Fqgs/RxfrvGwo33/5qSdOg8vp13DlphPMBRSssv5fv//mvSaaX06V+y4s0Z/OvV48M7Rok/DUFMkeFOqv6s37uYm6pDqJSIiIiIiIiIyPBkGowX7fpaf2nZnqD2q6qu43hDE0WTCsKuQ+68b/Ozn93LTWenc/C9F3j4Jz/iXx5cSUUrwAm2v1NJ0bzLyXflWtNLLuS0vR+xDyC9iJJJ6a5pBCxMmjyehobjHqVP5dqvnEuupbusyVffSEm6c60l+1zmdT0gi/MXl+B8lELJ2ZM42XAi7OOTOHTg/f5tF0JSFSChvjKESomIiIiIiIiIDE+DMmI1NSWJC86dytbt5azbtIMFc2f0a7/Va7cAUDLt9IjUw5KSz6Q5VzNpztXQeZztT/+WJ1ZO5dc3ZdHWCuXP3cd9z3nuMZWpAK2fsfmFlWzYe5STbVbXKu9j6G7YVtpawZJswbcEUrwfisSmYOdvFREREREREREZxgYtjTduzCi2bofVa7dSNKmgXzey6tpm9sypka+QJZtzz53EC+8c5wT5JKfA1Ft/zW3FvTetWPkIGxJu5ds/LibdApQ+zX0f+Ss4heQU6GzrBPwlV0UG0MpLnKNWv/qT4EatJqX3vY2IiIiIiIiISJwYlKkAnl+1gRUvvQ1Aa1s7Dz76Aus27fS5rec8rFcvmsU9dy4JvwJ1r/HwHzaw93hn93Mn9rJ6QwXjZhSTTjol50+m4s3XqOnapLOO0u176QQSEpIhJYVkC9BZw4YNFQFezFlW5YaX2ev6hn/niVI2l+rr/hJhE87r/7YrL4GjFzmTq/1kHVUUQqVERERERERERIanAR2x2tLazqNPvkTF3iqyszK4etEsVqzaQGtbOyte2sC6TTs4Z1ohqSnJABysrqNiTxXjxuTyveXXR64iuZdy4/kv89wTP6fmaBtWICE5j6LF9/LVC1yznZ57G/e2Ps3TP7mPBqtz/dnX3sZUYNLVN1H88BP86D4rCWmTuercIjjq/+VSzr2Je078hed+6SorazKX3qgklURYVkH/51mF7pGrt94Jz/ypz81tGWPCqJyIiIiIiIiIyPBiOBwOx0C8UFV1HY88+RLHGpqYfNpY7rhhMQ889Aytbe0sveZiDlYfZev28l77pSQncvWiWf2eh1Ukbn28Fp67K2rFn7jyd3QUzgfAMAz3P8/HXT97LgP9HOg5EREREREREZFYNiAjVquq63jw0RdobWtn/pzpLFsyjwcfWeF+3JU0XbZkHlXVdV77FhUWDEQVRYa+0853zoPaHoVpJpLS6Sw4N/LlioiIiIiIiIgMUVFPrHomVW9fdhmzZ07l+VUbqNx3iLH5o1i2ZJ5729SUJCVSRUKVnAnzvw2vPRDxopvP/zr2xAw0rlRERERERERExCnqN696+MmXvJKq724rZ/3mnaQkJ/L95Uuj/fIi8WXWV+DUMyJapG1UES1n3xzRMkVEREREREREhrqoJ1aPNzRRkD/KnVR96vnX3UnV1JSkaL+8SPy56XHnlACRkJTO55f/V2TKEhEREREREREZRqJ+86oHH1lB5b5DFOSPoqrmqDupWjAmN5ovKxLfasvh8evDm281KZ3jX3wc66gpfm9WpZtXiYiIiIiIiEi8ivqI1WVL5jHWlVTNzspQUlVkIORNhXtfD3laAGvOZI5e/1c6c4oiXDERERERERERkeEh6iNWRWSQbXkc1v9Xv0avOhLTOPGFr9J81k1eo1I1YlVERERERERExJsSqyLxoK0R9r0Hu9dCQxXUfgztJ3AkptEx8nRsGWNoHX8RnQXnYk/M8JtUVWJVRERERERERMRJiVWROPbZgZqASVQlVkVEREREREREfIv6HKsiIiIiIiIiIiIiw40SqyIiIiIiIiIiIiJBUmJVREREREREREREJEhKrIqIiIiIiIiIiIgESYlVERERERERERERkSApsSoiIiIiIiIiIiISJCVWRURERERERERERIKkxKqIiIiIiIiIiIhIkJRYFREREREREREREQmSEqsiIiIiIiIiIiIiQUoIt4CGhoZI1ENEPGRlZQ12FUREREREREREJICwE6tKAImIiIiIiIiIiEi80VQAIiIiIiIiIiIiIkFSYlVEREREREREREQkSEqsioiIiIiIiIiIiARJiVURERERERERERGRICmxKiIiIiIiIiIiIhIkJVZFREREREREREREgqTEqoiIiIiIiIiIiEiQlFgVERERERERERERCVLCYFdARGQgGQaYE0yYTAaGgeufMdjVEhEREREREYkZDocDhwMcDrDbHdisdhyOwa5V7FFiVUSGPcMAs9mEyWxgNiuJKiIiIiIiIhKIYTgHIwGYzQYWiwmbzYHd5sBmU5K1ixKrIjKsmc0GCRbnCFURERERERERCY3ZNVjJbDewdtqx2ZRdVWJVRIYlk8n5iZpJI1RFREREREREIsZkMkhMMmO3OejstGO3x2+CdcASqxV7qli3eSelZXv6tX1B/igWzJ3BrJlTo1wzERlunG/yJs2dKiIiIiIiIhIlJrNBoslER3v8JlcNhyP6syK8u62cp55/HYDsrAxysjICbt/S1s6hmqMAzJo5lTuWXRbtKorEpc8O1LjmTen/P8Dv466fPZeBfg70XKgSLCYsFlPEyhMRERERERGRwDo77Fit9sGuxoCL+ojVij1VPPX864zNH8Wdyy6jYExuv/arP97EI0+uYsu2ckZmZXD1ollRrqmIDHUm14TaIiIiIiIiIjJwLIkm7A7nza3iSdQzEOs27QAIKqkKkJOdwfeXLyUlOZF1m3ZGq3oiMkwYhkFionmwqyEiIiIiIiISlxITzXE3JV/UE6ul5XsZmz/KnVStqq5jxUsbaGltB5zTBLz8xlYAWlrbefL51/nQNQ9rakoSJcWn09rWTlV1XbSrKiJDWGKiiTh7/xYRERERERGJGYbh/Ns8ngzI0aYmJ7l/Xr12C+s27WTLtjIAnnr+dVav3UJLqzN5umVbOes27nBvf860QlKSE0lJSR6IqorIEGQyG5jMyqqKiIiIiIiIDKZ4+/s86nOs9rR0ySUUFRYwa2YxAMvvuAZwjk4tKixg6TUXUzSpwL39OcWFnPOLf45afTo6rPz3EysB+OcvX0tiYuAm2fGPSl546W1++I0bycpMC+q1dvyjkj88/TJfu+0qZpw1OeQ6i4g3zas0cvEjAAAgAElEQVQqIiIiIiIiEhssFhPtNttgV2NADHhiNSc7gwVzZ7gfn1Nc6LXecx04b341MjuTnOyMqNTns0OHOeiaZuCzQ4c5/bSxUXkdgGlnnMav//WrjEjV6FuRSElIMGEyxc+nYSIiIiIiIiKxzGQySEgwYbXaB7sqUTfgidV1m3aweu1W7rnjGooKC3jwkRW0trXzr9+91Wu7d7eVs2LVBlrbnHOxFuSPYvkdSyKaYHU4YMv2jzm3pAhw/lw4cWzU5mlMtCSQGOQoVxEJzJygpKqIiIiIiIhILDEnGFitg12L6BvwxOrB6qO0trXT4kqY1jc00draRktrO6kpzrlYK/ZU8dTzr5OSnMhVCy+g/ngTW7eX8+iTq3olYMNxqPYoe/ZXc/fNVwDwxHNrOHrsc3JzTnFvc6DqMI//5TWOHG0gb/RIr6/wNzSe5Fe/f46Z50yhtGwPdfUNlEwt5KpFs3j2/95k/8FaxuSNYvnt1zBqZCb7PqvlD8+8zNduvYqsU9L51e+fY9bMYj7c9Sk1R+rJzcniKzddzoSCUyN2jCLDmWGg0aoiIiIiIiIiMcZkMjAMA4fDMdhViaoBT6zeecNlXDp3OgVjcgH4iStR2pVUBeeoVoB//e5t7hGqOdkZvPzGVir2VFFUWEAkfPDhbvJGjyT/1BwAckdlUVq2h4UXnwtA44lmnnhuDWPzRvHNu66jsekkTzz3Wq9yPvn0IF+77WoaPj/BH599hb0HarjpugXkjMzkiede4/W3PuCWf7rUZx3e21HOl2+8nPS0VP701zW8tv4DvnrLlZjNmjNSpC+KExEREREREZHYZDKDbZiPWh3wrERLazutbR1ej1ta23ttk5Kc5PW1/64bWlXV1EWkHo1NzfyjfB+zZ07FbDZhNpuYPXMq735QRmNTMwD7P6ulta2dL15+IaNGZlI4cQxXXHpBr7Iunl3C2LwcCieOIf/UHM4sGs/0s05n3JhcCieMofpwvdcxe7ri0gsonDiG0aOyKJ4ykaYTzXR0DvPfOpEIMZRXFREREREREYlJ8fAN0wEfsfr8qg1s3V7O7csuY/bMqTzw0NO0tnXwu3+71z1qdWR2JpX7DnmNTu0axdqVYA1XecUBauuO8fCfVnk9bxjOdbNmTuVIfQNmk4nERIt7fUpyYq+yej6Xm5Pl/vmUzDSqD9f7rYev8kSkf4xoTYgsIiIiIiIiImGJh7/ZBzyxWlRYQFVNnTtBOmtmMceON3pNBXD1olmUln3Kf/7PCxRNKqD+eCPHGpoomTrJPYVAODo6rGzdXs7Vi2Yz+wvFXuve/aCMrdvLOffsIkbnZNFptdLc0kaW66ZT/kaeisjAM8XBm7SIiIiIiIjIUBQPf7MPeGJ19sypzJ451f142ZJ5vbbJyc7g+8uXsnrtFkrL95KdlcH8OdO5etGsiNThs0OHqTvWyNIlhe6EaZeS4kI2v7+Lzw4dZuL4PEakpvDKG1u57sq5NDad5NU3t0akDiISPk0FICIiIiIiIhKb4iCvOvCJ1arqOkrL9zJ/znRSU5L4sGwPx443sWDudK/tCsbkcs+dSyL++g4HbNn+MWPzcsjLze61Pi83m7F5OWzZ/jG3/tNCvnzjYp54bg0/+uXj5OZkMePsIrZ9+EnE6yUiIiIiIiIiIjJsxEFi1XA4HI5ovsBd332IyaeN5fv3LAXgwUdWULnvkHuO1bu++xAAf3zou177Veypcs+zmpKSRNGkAkqKC71uaCUi4fnsQA2GYQT1D/D7uOtnz2WgnwM91x8pqQP+2ZCIiIiIiIiI9FNry/C+QfuAZCVa29rdPy9bMo8Py/ZwTnEhAMvvuIZjxxu9tv/TX19n6/Zyr+dKy/aweu0Wli6Z5zWVgIiIiIiIiIiIiMhAi3pitWTqJErL91JVXUfBmFz3vy5dCdYuq9duYev2csbmj+LqRbM4p7iQ+uNNVOytYsWqt3jq+dcZlz8qIjexEhEREREREREREQlF1G/9smDuDAAeefIlqqrrAm7b0trOuk07yc5y3ryqK+mak53B7JlTuecO55yrq9duiW6lRURERERERERERAKI+ojVosICbl92GU89/zoP/ObPjMzKICc702ubkuJJLJg7g6rqOlrb2lkw13ljK19lZWdlUFq+N9rVFhEREREREREREfFrQOZYnT1zKjlZGazbtIPS8r0ca2jyWu9wOFgwdwYjszPJzsqgaFJBwLI+LNsT7SqLiIiIiIiIiIgMOrvdTqfVRqfVisPuwGa3A2AymTCZDBItFiwJ5pBvDC2hMxwOh2OwKyEig+OzAzUYhhHUP8Dv466fPZeBfg70XH+kpA7IZ0MiIiIiIiIiA85ut9PW3kFHp7Vf2ydaEkhJToqpBGtrS//qPlQpKyEiIiIiIiIiIhJDOjuttLS1E8x4yI5OK1abnRGpyZhNUb+tkjAAN68SERERERERERGR/unotNLc2hZUUrWL3W7nxMmWfo9ylfAosSoiIiIiIiIiIhIDOjqttLS2hV1OS2sbnUquRp0SqyIiIiIiIiIiIoPMbrfT2tYesfJa2tqxu250JdGhxKqIiIiIiIiIiMgga2vvCOnr//44HA7a2jsiVp70pptXiYgEVMYj311Lqa9VuWfxwA8uJS/ir1nHmv/4MyvroOT273LPtIi/QMg+fPIhHi2DUy+/hZ/Pz+3nXo2UrXqJZ7ce5Zg19o7JWxUb//wBFUDRJddx0ZjBro+IiIiIiMQDu90elXlROzqtJCfZMelmVlGhxKqISL+YKSgq4NQUj6ey80gdtPoMHbXrX+B3m5sgIYOpJdkUpViJjdOPrwR2I2WlBygFOktQYlVERERERAZEp9UW1bKTEpVYjYYE/jsNAIcDDMCBa+kAAwMHDufS4XA/BsO5AUZ3ST1GKnuX571/12OvV/RTnld9DI96ORwYhkc5nhtgeOzoUR/Do14O3Pu76+O1f9djvCrivb/vdurPcYXeTj160Fc7+SkvJtqpr34L4bhCb6f+/H77Li/sdvLFkoQxIhNjRBZGRg7ms+ZhueCLGCOV2YkNI5h5zXUsHj3Y9RhqGqksawKgZNld3HPOIFenT8Xc81DxYFdCRERERETiTKe1/6NVj5dtYDMlXFOc1e+ykxItoVZNAnAPGTJcSSDDlUzyShL1etyVRPIoySM517O83vs73Pv3VZ5nffBIynkv6bX0zhLjtX9UygnyuEJtp577+22nPvpt0Nqpr3JCOq7Q2qk/v9/+ygu7nXzpbMfxeR2Oz+ugugLb7nfpWPFvmIvOI+GCa0n4wpUY6SP97CyDp2vUYwZzr8mj8tUKDlshYdx07r8lm/V/3MCWOhsJ6Xks+/qNXDQa2LWCu546BMXTuSt5D09ub8KakMrUhZdx9/yJvkfBNn3C809uYOPBFqxAQlYeV99yDYvHV/Hkj15lS1sS879xL8vGOzcv++tv+d12G1OXfY1vzYR961/isTdqOWZ17nvdHdezYIzrFHD8I558cgMf1NiwJpgpmHkZ3/zSFDL7cfRdUwOUXLOA1K3OYyUhi/nLl7IseQs//vU/OOzatvTZh7jr2bEsf2gp5/g9nhF+2nQsy2+HR586BMVncXPnHp6vaMGakMqsm6/jorp1PPJGLU1WM6decBn3f2kKqUDjnk2seLWcD3u+Ts+6PfUQdzGW5Q/N43DPUaz9reuyCRx79R+Un4CE9LHc/I2lzM4O5XdKRERERETijd0eaCRWt9ZPVvNfL9bSxgEaEpZy+5S+v0fp6GfZEjz3OOCuyXEdrqyPrxGB3SP6urd36zWir7s8/yMM6bM8r/WGR728Rj56r3fv7zUS03u9VxLMPcKQXuX1Honppz5BHleo7eR/JKajz/Jiop366rcQjivUdurP77e/8sJupyDYKt6n/akf0Prv12ErfTP4AiRCmtn20os89ufufy9+0uixvolNr9YysjiPUxPAenAnP//FOvZlFTA1F6wnann2+U147kHZTp48OIJzirPIsLZQ/tpKfrvleO+X7vyEx/7jVdYfbCF13FhmFmVAQy0rf/8Mz382hWsXZQHtbNnyiWv7HazbboPkSSyYOYLa9c/xy9dqaczOY2bJWAqstaz4zQt80Okq+6F1bKlJoKB4AjMnjaB266v8clVVUK1T+lL3sWJtYP2fN3MwJY+SkrEUJDu3GTluAjNLJjIy4PF4ltrEppcqOEwSGekjcH++WvYPVrdmUzwuCawtbHnqz/xycxunTckiAxuHt77Oij3OTRvLKihrG0FxyQRmFmeR2lDLysfepMxf3YJq+x51fb6ClvFjmZgO1hOHeOr/dtAZVCuKiIiIiEi8stvtfW9Uv4k/rKilDYAOylf8nbfq+97N1p+yJSTuxKphOL+G7RzR5xphh0fyyeOx5/ZuPR96lNdz/67HPV/PV3le6x0e9fIYGdhzvXt/h0c5PdZ7jSx0j4ikV3nu4/IciemrPkEeV6jt1HN/n+3kp7yYaKe++i2E4wq1nfrz++2vvLDbKQT2Q5/Q+tAttDxwFbbKD0IvSEJko6riANtKu/+VVrd7bTH1S7fwrVtuZPlc1yeGRRfzr3dfx7duP8uZsDt4FK90ZXoR3//Bjdx9x5386mbnLbD2b/2InufFxm1b2NYGTJrDz7+5lLvvvov756QCLazf9AmZF5zNVKB1+04+6ITGrR9RDhQsmksxVWzc3AQkUZCfBCSQk5UK1LKltI3O0p1sa4OE3GxyEoCUDPKS4VhpOfuCaJ2MOdfz87uv41vfuZipAA2NHMso5rpb5jEzw7lNwSXXcfctXyCzj+PxdOol1/Pof9zLQz+9EvcX9NOncs83l3LPN+dQAkAS8++4k3vuuJOlxa6++syZoB53xfV865opnJYCJIwgMxloO0pVq++6jQuy7T1NXfYV/uWOpfzLHVPJAGg43qsvRUREREREQtJWwVOP76bG68mTrHl8NWVtg1Qn6Z4KwDnSrmtEYF8j+rpGCHpkiXyM6Osuz98Iw77L86qP35GPXSMEPcrxMRKze39/Iwx7l+drJKbP+gR5XKG2U6CRmEYf5cVEO/XVbyEcV+jt1Pfvt7/ywm6nMNg/3Ubbf3+F5K8/ivnMC8MvUPopg2vvu8vHHKt17p8sya7hj8mut1ZLknuUpXNp9R7BOH4Cp3Wtzx/FqdRyuKaOKmdq0q2l1TmJ+cjx3TfLGjcpGza3QGsznZYZXD3nA8o31/L61jL2bWoA8rjsgmyghmMnANrZX3qA/R7lHmtqop5mZ83qatlW57GyrdF7dG0fUtOTeh2zP30eD93fnz91XEHv8lLMOO8hZnY9keRMmIJ7206sQBUv/scLvN4QxIGEUdfu/jeTCjSF/rIiIiIiIhJnTCaT/1GrbRU8+/DblLf7WNdey9MPv8pt915BcbLv3c0m3bgqWjTHaqTKCfK4Qm2nnvv7bac++m3Q2qmvckI6rtDaqT+/3wM6x2oQHJ/X0fqr60la9v+wXL48/AJlcHx2gH0UcxrQWXPUOd9nfi4F4J77EyAnYwTQxLHPammhgFSgts6ZtktJz8QCnHbJVAo2b6PqpbVUASPnzOELFoBkUpOBtiyW/uROFmR4V6FxizM5mXLuFfz+hinRPNqgjicijnxCaQOQMIHl/3Yd51hqePHf/uo70epnnvgBq6uIiIiIiMQ1k8nA7zf266uoaA6wc3MdFfVQPNb3asMUxtdnJSCNWNWIVY1YDfD7HYsjVrsrYaf9+Z9jGlOE+ez5ESxYfHPOsVqV4vFUdhFLr8gNvcgTFTz4H02ck9tGRZkz21dQMpWcHptZSqYzc9WrbNu7mR//bj9FGc1UlDUBGSy+pNC5UcYXuKxoG3+sAMhiwSUFrr0LueySDLa81sCKX/yRsuJsUlsbKdsLV//oThbMnMXMV19l2/ZX+W7dRxRlQ/1ntRyedFnUEq19H09dX0X0z+gCTkv+B4fbDrDyyRfZ0lrrTLS65XLaODPU2Sh96U88UpbPRddMH5y6ioiIiIhIXLMkJGC12nyvHLuAn/9kQVhlS3RojtX+zonpORLTV32CPK5Q26nn/j7byU95MdFOffVbCMcVL3Os+uRw0PrI17DX7olwwdJb7zlWt5XV0hJOkVkTWDCumQ/LGmhKMFNwwRV8b76PRK1lCnf/4Armj0ul5eAhtpU10JI7lqXfuNFjaoJkiqZkAZBy7iyvkal58+/gx9eNpSChifLSA2zb20TOlEJOs/gou/QQVWQzc0oYCeO+9Ot4ImEKS+8+i6npcLjiAPsyCpnV47CKllzDtUWpJJxooLS0kc4eI3oHrq4iIiIiIhLPLAnmvjeKwbLjneH4/QgH4Pras8cARodHEsvHiD78jDB0P/Qqz/8IQ/ooz6s+hke9eox89NrA50hMz/27HvceYUiv8vCqiPf+vtupP8cVejv16EFf7eSnvJhop776LYTjCr2d+vP77W/EapjtFGHmyV8g5cerg97vswM1GIYR1D/A7+Ounz2XgX4O9Fx/pKQO0U/ddq3grqcOQe5ZPPCDS8mLSKFVPP9vL7C+IZX53/k6y8ZEpFAREREREREZIC2tbXR0+pmnLESJlgRSU/xMvjoAWlsiezyxJnZGrGaOh4xxvcrTiNXgR2L6Ky8m2kkjVqPCVvkB1h1rolO4DAkt2zazvgEo+gLXKakqIiIiIiIy5CQnJYY88MgXwzBITkqMWHnS2+CPWC24ENPi/4HM8c4dGz/D/trX4eA77mJDGvmoEav++00jVofdiFUA09gppP5iPZj6P8RfI1ZFREREREREYkdnp5Xm1raIlDUiJRmLZXD/btaI1T5G9LmFMhIzdxqmLz6Ho+odHE/Pxv7UbBxV72C69jnIHNerPhqx2nv/7qf7HtkZE+2kEatRYz/0CZ0bno3eC4iIiIiIiIhIVFki9NX91BhIqsYDd2LVOeIP14g9fI4I7B7R1729W68Rfd3l+RthaMxYDnVlONZ8HceRf0DdLhyvfR3qyjAuvL9XfZwD/zz2d4989F7vro/XSEzv9b7v4k6v8nqPxPRTH6+Rk0S0nTzL8z8S09FneTHRTn31WwjHFWo79ef32195YbdTlHRuXhHdFxARERERERGRqEq0JDAiJTmkb3eaTCbS01JJVFJ1QAzciNXkU2DWDzFd9j8w9QbnV4czx0PV5l7lOQ5udq4DTNNuwrj8UUwX3g+JmRqxqhGrGrEagH3vThwNh6P7IvL/2bv7uKjrfP//jxlmgAEdhBQVRQ0o3BgLUzgrJa6leVXp0b5pbVa0i6fVvtV3qa1O5XZs95Sb7Kl+aZ3cXXJ1SzrpydK0pEws3K94mfA90qKpJCoqBiYXMjC/P4aL4fpChkF43m83bjCfi/fn/fnMvPjMvOb1eX9ERERERERE3MpsNtHX39KuBKl39TpeRmPrC0unqH12nJV2NRWBrVX0uY5pWdNA/YbrtefTD8P8r8BggIJvMEz7TxzBN+AoOlZ7wyrX9gzB1+MoOobh1pcxjPq5c7zVYfEYRt1L5V9uxlBe3GiszpoxLevG7qRRJaahuoLQOCIe48z/hL4hrj2GC6eo2vn/4fj7Chh1N6YZyTiy/5vKjx7F647XMVx3J5Wf/RbH3lX12jN498Vr/n9h6DcM+7qH4bsdHTtOzVZiuo792eAZdKnENLTSXnuPU217jSoxGx/3pipWDY3aazzGaqP+dGC/On6cWn99N9feZR8nN7Lv/RTzrQ+4f0MiIiIiIiIi4jZGoxE/iy++PlVU2CupsNtxVDmorKqqnW80GvA2mzGbvDpU4SqXpzax6qyoq6nYa5AkavS4pkLPpaUGlznXay/qXjAYqFoVh6G8GKLuxTDtLarWTsc47xMo+Ab2vOm8v8/YhXDNDBzvTcd4zydUrb8X/rERfPphTPgK4/U/pypzRf0KQQeNfterxHS49Me1Mjbv7zj2plQnR/0xxv4K4/gncVw41XQFpW8/jKNmU7l3Vb32DKPvxTBoFJQV1ebOOnKcGh9nl/2rbq/h+rX75/K8Nd9eO4+Ta7Lwco53e9rp0H517Di15fXdXHuXfZzcqOpYlns3ICIiIiIiIiJdxmg04uNtxMfb7OmuSANdUrFq9O0HZT84K01xYCg+7lyo4CCOzQ9juGUp3LLU2Vp5kXOc1aLqZcp/cLZX9gOUF4FPQNsqH1upxATAXkbVN2sxYKDK4QAfK8b432AYNg7H95kNdsj5yzD4Bgw3PkDVnlXO9sz+eNn+Gbz9oayoNjmoilVVrHqqYtVRVOD+jYiIiIiIiIiI9HJdUrFa9Y+PMY57BuKexnB8B4aJL8OZg85EacFBqj57DEO/MOfq549A4T+g+DgUHMR468tUpT2FcVg8BI/Csf7e+v25jIrVmn7Wjvl5qcQ50WhuumK15Jxztu2fcez9KzgceEXPwzBgJBSfAAyqWFXFqucrVs/muXcDIiIiIiIiIiLSRWOsnsmi6sN7MN6yFOL+FXI3UZX2JMZ5myB0fG0r9VKZx3dQtXEBxsmvYLx3MxQdp2r9PTh+ONa2yse2VKy67udV12L8yR3gqILTB6vbcV0QqCyn6rsdGK+5DcON9+PYuwqDbTaUnMNx4SSGoDBVrKpitW3HyY2qziixKiIiIiIiIiLibl1SserwsWIIHoUja03tfOPstYABx6qbcBQcrE5OVc8MHoVx+lsYb/9PHN9ugmPpgAFD8Cg4/jWOsh86pWLVcPXPMD1fVNdpexmOb9ZStfvPGK+fW/9IVbfj+MdnEPpPGG2zcRhNGIKvo2rPOxhCRlfvtypWVbHq2YpVERERERERERFxP/dXrA6wYZz7CZQX142b6hsAA0ZRtXa688ZVDdsrOEjVV/+OcfZ7zptd1bTfbxiGsQupevd2HKe/ufyK1by/U7nnL879qijBcWQblF9w6Y/rDlU3++MZqv6xFeOouzD0HQQXz1C1dw1eIdHV26lZXBWrqlj1TMWqISDY/RsREREREREREenl3F6xaox7FvK+wrHh3rr1Q292JltpobKz3FlJWvXVS3B8B9XZOoxz3sMw/hlYd+9lV6w67GWQ9T5VNfvdoJ16atuBqsw/YQy/BYKupuqrV3Gcy6UmKaiK1ctsp0P7pYpVV8Z+SqyKiIiIiIiIiLibseaPmgpNR3XWp+WKvrrlazVR0QdAxAwc2X9r0J7ras2016BhZ8UfVH2zBsM1MxpUPtbNr22niUrMevNd+llXYUj99hp2w1BdkXomh8qMN6jK/DOVB1Jrk3XO9VrZr2aOU8uVmHXttVSJ2Vp7HTlOTVdi0ui4N1Wx2rC9xhWrzT8v7dmvjh6ntry+m2vvso+TG6liVURERERERETE/dxesQrgKC9qvH7tas20V69hl/YuFdc+vtyK1dbaadQNR11FqmPPO3XrueyRKlYvs50O7ZcqVl15RYxx7wZ6mdNnfvB0F0REREREREQ63cAB/TzdhSue28dYpXqplitWm2ivQcM1Y1rWJmvrVT7WVAi6tNNEJWbNmJgcTcf+6k9aHBOz6sBaqr5JrV2/csOjtRWrTY0dal8106Vysv3HSWOsNn2cNMZq+5l+Osv9G+lFdKIRERERERERkabUDgVQU6FpqK28dEk61VT04ag3v56GD13HMm3UnutqzbTXoGFDbSmoS/9cKlBr5te241pB2cT8epWFtRWRNGqvfna48fymjlOL+9XMcWrqODfVXqPcc+1kQ6vtdYvj1Nrz1oH96uhxasvru7n2Lvs4uYkx/EYMGmNVRERERERERMTt3F+xWl6EMepeqqpq2gfDgFEAGIJHUTemZf31DcHOZQi2gaOKmoI/g+0eKC+6rIpVt1RiNlM5qYpVVax2ZcWqacxU925AREREREREREQAMDhe969O9RioPwhk08kr1zFSGyZD6yeNqtuLug/DxJfBJ6BzelxeRFXa03Dw3fpjWVb3x2Bw6Ve9pKGhwQKGJpJhdbNr988l6VhbMVublKxLntU/TvULQdt0nJpJ8jVsr/H6LvuHo5X2uslxau15a/d+dew4teX13Xx7nXCcOpmhfyj+yX8Ho1eb1zl2NB+DwdCuH6DZxzV/u/5u6e+WprWFxc/U+kIiIiIiIiIi4hGlJXZPd8Gt3F6x6sheA9l/a7bCsGHSrGF7TSUD21T5qIrV5p83Vaz2yIpVn7v/tV1JVRERERERERER6Ti3j7Ha1jEx2zTGpsOlX62N1elaMtrEfI2x6qHj1Nrz1oH90hirYBw6EtO4f3ZP4yIiIiIiIiIi0khtYtVRfR123ZinLVX01S1fq4mKvpr2mq8wpNX26s1vtvKx/vza9RtUYrrOb7rCkEbtNVWJ2WR/2rlfHT1OLVVittZetzhOrT1vHdivjh6ntry+m2vvso9TZ/Ltg++vVrihYRERERERERERaY4qVlWxqorVFl7f3b5i1WDA8tifMQ67rpMbFhERERERERGRlqhiVRWrqlht4fXd3StWfe79N7xsEzq3URERERERERERaZUqVlWxqorVFl7f3bZi1bcPlmc+wDx1QSc1KCIiIiIiIiIi7aGKVVWsqmK1hdd3d6xYNQwKx2/JFryuu/nyGxMRERERERERkQ4x1fzhrKirqdhrkCRq9LimQs+lpQZJI9f2Gq/vqF2/tfZc+4Nr8qrebxr9rleJ6aDe+m5pp5371dHj1Cg519xxauV589hxaq2dDu1Xx45TW17fzbV32cepAwyBg/GesRDzLfPB7NuxRkREREREREREpFPUJladSaWaisDWKvpqKgRdrmtuoqKvrr3mKgxbb69ef5qtfKypEHRpp4lKzLr1m6swbNxeU5WYTfannfvV0ePUUiWmoZX2usVxau1568B+dfw4tf76bq69yz5O7eBlm4B53CxM8fe0f2XpRFksT/qU/Q2mDpo+nxdvDe6ULexLSWb9sFrfJn8AACAASURBVM5rr32yWJ70JTyYwKJR/nWTT2/l+T8UMjt5LqM90CsR9+gN8byTsN8kMm1g47me7ZtIZ+vp8dyaIrI2pZETPok5IwMazy79js2rt/BRTgl2wNQ3kNiZt3Pf6GDM5LF99S64ZQ4ThrSymRO7ePsLmDo/lmHu2A0RoLXzV6s6+r5V73dF5DKoYlUVq6pY7S4Vq35WjMHDMQaPwDgoDK+R4/Aa+VNVp3YrVmZ39I3eFaGc/e+8y+YevY8iNXp6PIv0Jr05nsvJyzrKft9y5oxsOK+Q7W+vJ2PITF5OjiAAqCjOJW3dAY6MnkwkRWTtPwrRtJ5YLfyOzP0Qo8SqiIhIPSb+94/NzjS08Xdr2tpOW9sTEelWqr/ljp5+kbRPzmM3BTI7MZ6iTRv5/HglpuBIHv/17USaC9i8dDVHbDFUZGaSfQGskTE8lhDPMHODNgsPkLJyGxkFlWDyI2rmTB6PC+Drt9/i4+C7eXlWqHO5E1t4ekUZ9/1+FrbiQ6x+cwvpBZVgshKfcC/zR/pDRR5pKRtZl1OCvbatkCZ2xI9oG6x//UPCfj+LyIazK/LYvmYr6w6dp9QOpuBIFj16OzZLdTVP3+sJy/qGjAtgHTuJxyIO8doH31Ns9+HaOXfzZFwwYOd4+vu8tukkxXbn/j+xIJ7Bnf6kiHRQj4ln131K59U3nX00DYsirmH/RHqqbhHPceQtXc0R240Upe/lO7sXV0+/nTkX0nl1x3nsJiu3Js5nXoQvzZ4ja/ZjTiUZG05Wn1dn82RcYV217ierSfxkKAvrVdwVkHMcBsU7k6oAZmsE0xIiqo/NN5wCeCeZxODrWfLrkXzbxHn+qoyVLP6kGIAVScnOauDgbSR+EsSSpyY7z+EHU2sfBxzbytsp3zj/5/gGEjd/rvP/l0i7NBGX4TE8sdD5vrHo0EZeW51DXhmY+g5g0n13M6evy+our8mGr9HBXCTrg3dZvrMYu8mP6HHBVNSuqPeqItI+ptYXERERp2LW/yGZ9bWPqytkADjJqaAE3kwO4MgHb/DSm9uY/ZvHWTkwj7W/e591meP51zjnWvsPlfP8s0k8Th7rXn+fZR+E8Po9ES7bKWDzyjTybHezYkYo5uIDLF+6npTgR0iIDyd19R6yZoViA7LSD0HMHGwUsPnNLRTflsDK0QFQfIDlSzey7/czYc06tg+Zw+sLQjFX5LHuj5vYHN5UZY+JsOn3EvdJCstTsng5wYaf62zzAKKmzyEuIQAzdrJWv0FqRgG26ksjTx2uJPHZJBLsu3jluTSWlU3h5aVzIfNdHvswg5y4WYQdXMeynUE88bt7GWa2c3xTCis+H9lNL6+Unq2nx3ONPNauzORcjOv2s2n8zYnIlaw7xzPkATkFQby4NImAYxtJen0DqdPv4c3kEI58+CYvbdrFtMfi8WvuHGkD+J4c+3xeXhoMh9aRtHInWXFzWJQczOalq8kY29RQBSO5Y3oGS9a8wb9nRTIhJoLI8KvpbwYGTubF5MEsT/oUHkxi0SiAMsxNnOdfvDWRlcGpJL5DXeL2YHPPRSHbP/iGihkPszLGn4riLPYVeF3e0yu92v7cSl56Non+HOLtFzbx8aF4FgRuZdnKPMISf8nikQFUFOeSV9r2q/wq9m3gtX1WEn+bSKzVGWsvYnXO03tVEWknJVZFRNqsmUsNTwMMJma0sx7EEugDwSOIHggQSuQQyC4tr108Kn58dQVMKHNuGcqWTd9xEpcPboXZZBYEMmF8KGYA6w3ERaSxJisPZo0hzvI+2w+CbeQe0nZbmfTbUCjcRmZBJXlr/kTimrr+hp0+Sl5WJad4n4Vf1G0iugBoMhHjz+iE2ZxKfo9lnwex2OY6r4QjX3xIatZ5isuqJ9kLAOcbzats1zv3y+yHHxA5tjoxO2wAg8oKKQFy9n9PacH3vPh0dl2ztro2RLpOb4hnoDCXb88HMqnB9tc3s7jIlakbxzMFAERG3+CsGvX1wQ8rMTZnpXlYeBDklFMC5DV3jrQBDGVSfLBzu4FWAjhK3mmwtTL8weBbH+L1uHyOZH7D9vRtpKasxzzyZzyTMIb+jZZu+TzfNkGEDffhoy82spkxRNlGEhuhj5zScdHxE51fBhBEqBUyThRw9sRRTgVHsLB6XGGzNYIwK9Ux37qcrJNYbDOJtQKYGDZ2BIO+KHTO03tVEWknneVERDpJh6+utVdS2uaFQ5kWH8gTO/dw8vwBsiNvYJEVKASwMvvZRKYFuS5/iLeBmMQkFjQae605IUxbOIUjv1vPcka4NLWNlVn+PPjU/dxkNZHz3qssK6ubbfZt4yklegYr57e5MyIe0XPiWUQ8Gs812vqpq6lz5OmTQMf3w2wJITI+hMh4oOIArz6dxvpDYxr/H2nlPN+SirLK2r8j73qE10/nsivrAGuWbsA+fj6LVe0nHdVJGQvX12ir9F5VRNrB6OkOiIj0NtnpOzheAVBIWvr3WCJHEOa6QFAUMcHn2b4jzzneU/EBMnJ9sNmc47YFjLuBqJydvPRpObdOGeP8oBUUwbWBxWR8kUsRAEXkZGZxkhFER0JW+i7OVgDYOZu5h5zWOmmxsejRSM59kuMcfw3A5IUFMJtNUJpFWlY73qBWi7QNhkN72V5oB6CicBdf57a7GZFuo9vHc1AE1waeJ63e9jv3GIj0FG6J53bo2DkymKuCoeT8xSbm5bP9g63kFNZlRysKTnKOQMJCAIIYFAglZdXrtnSeDw7iKsopqck0W3ywFJzhSClAEbv2nayeUcaRQ7mUBEVw061zeHzGAPKyDlX/LxPpHP1tIxhUcJS0XOcrq6I4lyMNq1WbfY06Y600aw+7igHsHN99tPb9rt6rikh7qWJVRKTNGo7hhvMGDrZmV2hS9Egf1v8+ufrmGNfz+KyG34gHMy1xEqdWrmPhFzU3x5hNQs3ViOYx3DluJy8di2La8Jp1Qpm3cBIpKRt5OqkSu8mL0OjxJEb7Ejt/NudWb+H5p3dgx4urIqNIiASstGzgZB6bk8cT66ofR0xmweh3Wf5cMil9R3DnaCv7L7Rv382jZ/JM4QbeXvoaa+xgChzMpHmRUHtbDZGu0lviOZR5iTG8+qZz+ABTcCSxrd39W+SK053jue2aP0e2LHZ6DBlvridxZ8MhEYKJCt/L2yve4rvzziSpKXAAExLnMMkKEMK0uyJ5KeUtEtcOZWHy7c2f5wfGcd8457x3bFNYmTCZhLF/5e3nknnHZCU+egCcByinaF86r6ZscN4Aq+9gZifE6iwvnWvgZB67bx2vrfwTifaam1cNJcz15lURzb1GnbH22OF3Wf5vyaw0+REVHcRV1M3Te1URaQ+Dw+FweLoTIuIZx47mYzAY2vUDNPu45m/X3y393dK0trD4XWnfDVXf3XR6zU0iLq+dnNsW8fjotg/ULyKdSfEs0nMonkVERNyltMTu6S64lYYCEBG50hzKYHNxOJP0oU3kyqd4Fuk5FM8iIiK9jkcrVktKy/n4swy+3pVNaZnzjpwWXx9uio3ijtvi8LP4eKprIr2CKlZFRERERERExF16esWqR7MSaz/cxs7d2QwNGYCfrzOJWlJWTlr6Xi6WlPPQPVM92T0RERERERERERGRJnk0sVqTVP1t0v31pv9b8l/ZuTtbiVURERERERERERHpljyaWI2OCicutvHtOu+cEkfGriwP9EhERERERERERESkdR4dY1VEPEtjrIqIiIiIiIiIu2iM1U6Ud6KA/dmHO7RudFQ4oUOCO7lHIiIiIiIiIiIiIu3XJRWrJaXlrEjZQM7hvMtqJzI8lIUJM/Gz+FxWO6Vll3ht5TqiIkdwx23jLqstkSuZKlZFRERERERExF1UsXqZSkrLWbYilbz8M0RHhRM96hr6B1rb1cbZ88XsP/gP9mcfZtmKVJ5YOPeyk6siIu7gcDg6nCgW6cmuxNi4Evss0hWuxNi4Evss0hWuxNi4Evss0hUUG57h9sRqWvoe8vLPcMdt47hzSlyH2ogEboqJ4i/vbWHn7mzS0vd0uC0Rkc50qcJORYUdu72SCnslRoOBCnulp7sl0u2YTV5UORyYTV6YTF6YTSa8vbtX1bniWaRtFM8iPYfiWaTnuBLiuSdy+xH+OjMbi693pyRC582ayM7d2WRkZrs1sWqvrOSzbbv5bPtuSkrLueG6MH5+1yT6Wftw+sx5/uvj7fzPt8eosNu5ethg/mX+7Vit/qxI2YDJZOJf5t+Ol5cRgHWb0jl6/BT/+xezyT16gvf++wtOnykkuH8g986+leuuHe62/RAR97rwYylVVVUYjUa8vc34+/liMnl5ulsi3VbNByK7vZLSsnLKL1XQt4/F090CFM8i7aV4Fuk5FM8iPUd3jueeyujuDRSeLyY0pO6mU2cLizlbWNxouVeWp7JsxfsttuVn8eHasKGcO994/c705dcH2Jq+h/v/1228/Owv8fHx5t31X1BZWcXFkjJGhA7khScf5MWnHsLLaGTdph14Gb0Ye0MkR47lc7awCIDiH0vYn3WYcWOjOH32PH9+9xOuvy6Ml59NZOrEGFb/11YKzv7g1n0Rkc5XWVnF2XPFGI0GAqz+9O1jweLrrTd5Iq0wmbyw+HrTt4+FAKs/RqOBs4XFVFZWeaxPimeRjlE8i/QcimeRnqM7xnNP5/bEakMp721m2YrURtPz8gs4fuJ0k+vk5Nbd9Cp0SDBDQwa4rX/l5RXsPfgPxo29jhuvv4agQCtTb4nl7LkfKCr+kbDhg7l98jgGXBXAwAGB/OTa4Zw7X0xZ+SWiIkfg6+PNgezDAHx37CRGg4GoyBEc/J8jBFj7MP3WfyIo0ErsjT8huH8/juadctu+iEjnq6ysouhCCf36+ePv5+vp7ohc0fz9fOln9aeo+KJH3uwpnkU6j+JZpOdQPIv0HJ6O596gywdb8LP48O0RZ9Vq/6C6m1gtTnqgyeVzcvNY9ub7PDhvKjfFRDFv1kS39q/s0iV+KPqRrUe+Z+v2PbXTLb7e/FB8kbJLFaR+uI3jJwr48WIpAOEjQgAIsPozelQEew/+g5tibXydmU3YiBCsff05feY8eScKePz55fW2F3H1ELfuj4h0rvM//Ei/fv6YvPRtuUhnMJm8sPb143zRj/XeF3QFxbNI51I8i/QcimeRnsOT8dwbdHliNXrUNezPPsw7a7ewMGEmfhYfgHpP7tnCYvwsPpwrLCJtx14AdmZmMyxkAFcFBVBSWu62F4Ovtzf9Avpw/XVhTJkYUzvdaDDg6+vN26s3cuFiKY8vmIO1rz9p6Xs4fDS/drnY6JHs2nuI/7v3fzj2/Wl+ee80DAYYOCCQYUOC+eXPp+Pr61O3PR9vt+yHiHS+Cz+WYrF4602eSCeruWTpwo+lXTYGlOJZxD0UzyKdr6qqigp7JVVVDiorq6iq6njVmdFoxMvLiNFowGzywmhs/iJWxbNI5+vMeAbw8nLGtI+3GYPB0Oxynojn3qLLE6s3xUSRk5vHzt3ZLEn+K6NHReBn8cXi60NcTBR+Fh+WJK8CnC+I0rJyAHIO57Hkj6uxVCclX//9I5fdl7LyS5wv+rH2sdFgwN/flxtHXcPW9D385JphDBs6kOILF8nJzWPizaPx9fHGbPLC18ebc4VF7P3mWwKsfWrbCBnUn+Ghg/hw89cMHxrM8KGDABj1kzC+zDhA5v4cbo61UVnlYF/WPxhtuwaLr5KrIt3dpUt2qqqq6NvH39NdEemR/P18KSq+SEWFHbPZvW9PFM8i7qV4Fuk8JaXl2O2VndZeVVVdIqe8vAKz2dTi51HFs0jn6ex4BufQGZWVVVy6ZMfLy4ifxafZBGtXxnNv4pEj+dA9U+kfZCUtfQ9p6Xtrp4eGDCAyIpS5s27hnbVbAHjiV3cTGRFK3okCXlmRSmlZOQ/Om9op/fjsy9189uXu2scWX28eX3AXP7vpBi5dqiBl7RYulpTRz9qHyRPGYDDAnBnj+c/VG3l+6V8YPnQQkRHDOFVQWNuGl5eRm2KiOPj/jjBubBTe3qbafXtw7hTe++8v2Lh1J2aTiRuvv5bY0SM7ZV9ExL0q7PYWv9EXkctnNBq5VFHp9jd6imcR91M8i1yeysoqSkrLcTgcbt1ORYUdu70SP4sPXl5Nx5LiWeTydFU8V1ZWceHHUvwsPs3e6K2r4rk3MTjc/MwmJiVzbdhQnlw0t8n5eScKKCktx8/iQ+iQ4HrrRUeFs+ihWbXT/vLeFnbuzmbxr+fXW1ZEOubY0XwMBkO7foBmH9f87fq7pb9bmtYWFr+uOxkUFV/E29usCnMRNyotu8SlSxUEWN1bqaJ4FnE/xbNIx1VU2Cktu9Tl220uGaN4Fum43hrP9bZZYu+ybXlCl3wdVHM5f1NChwQTGRHaZKL03Pni+o8LiwCwWHRnQBHpWhX2SszNfOsnIp3DbPKiopMvj2qK4lnE/RTPIh1TVVXlkSQMOC9Tbmq8R8WzSMf05njuTdyeWI2OCicv/wx5JwravM4ry1MByMs/Q+qGbXx7+Hs+/mwn3x75HqB2mAARka7gcDgwGgzNXk4hIp3DZPLCy2hw62VSimeRrqF4FukYTyVhWtq+4lmkY3prPPc2bk+sToofA8DylA3tSq6OGxvF0JABpKXv5ZUVqXz0aQZDQwYwbmyUXgAi0qUMBoO+1RPpIpcqKjs8PEhbKJ5Fuo7iWaR9HA7nXcI9qbKyqsnP24pnkfbpzfHc27h9gMLIiFAenDeVd9ZuYckfV3NVoJX+QQFNLnvHbeOIjAitNx5rWvoeUjd8ybixUTx0T+fctEpERERERESkOykrr/B0FwBnPzTOqcjlUTz3Hl1y55ebYqLoH2glLX0P+7MPNxo7tcbQrAFERoTWmxYZHkpQoJWbYqK6oqsiIiIiIiIiXa6p8RA9obv0Q+RK1l3iqLv0oyfrsltqR0aENkqatkXokGCWPpfohh6JiIiIiIiIdA9VVd1jyLvu0g+RK1l3iaPu0o+ezO1jrIqIiIiIiIhIy7rLvUS6Sz9ErmTdJY66Sz96MiVWRURERERERERERNpJiVURERERERERERGRdlJiVURERERERERERKSduuzmVSIiPd3Ot5awtQDATtmPdkx9fKv/ydqYu3g2kW7a7oX9q3jjo2NUXM52slbxmz1j+MMDtkazctYvYdvgR3h4XFDL/cj5hB2MZ3pk3470QEREpHspPsTalG1knq90PjZZiZ5xO/NHt3A+PL2V59+BhU9NZnC7N1hE1qadMH4qNmsH+yzSK1zkSPpG1nxxhqLqKQHDY3nwvliGmbu+N0WHtpDGOOaMDGg07+TnK1n8WTlWi8vE4Ot5ZmE8/Tth2/tSkskYm8SiUZ3QWGcqPEBKyg6yLlQ/NgUxaf5Mpg33b3XVbrtPIs1QYlVEpJOMe3gx4wDIYtVv9jBm8QM0TlN2tsN8sr6Uyc8sZqyl9aU7InL24jYla0vzs8lmrBKrIiLSAxSStjKNc7clkDyqOhFQUcCuTbkcHx3LMLdss5y8rDwYixKr0kbFZLzzN9YdbWGREf/Ebx+8kZ70kjr5+bssPx7L4hfmUpPKLMrdyv5jMCyi6/tTciKP/dzInJFNzx902928eGtw13bKk4rT+felOUQ++jDJQ6pTTsUHWL40hZSER0jwwHN0Zeid8dwTKLEqIuJuOaks3hHJ87+Mxvkl+gV2/McbnJ/7DGFbf8OeAf9MRfaX5JdWYA4Zz70/n8hwC0ABO/+0iq35pYCZkMm/4JfjXN6UFe7krTc2c7zMTvYrS/jENpfFs8PI37GKVdvyqQDMIRN54IHxhJgha1X1tnZ/zJHIB/j3uQ3TpcfZ+afNfJlfSinBTHv4YcYFV6835g88YCtg2yurOP/TcPK/yqGwtBRL9M95ZHYkx9cvIXX3j/zIWyzZEczkRx4m+sx63kjNohTAEsnsh+diU85VRESuCIXkFVqJjnCprjIHEzur7jx8MuNdVnxWSAlgDrmexxbEN6pSbXaZ0kOsXpHG/gsAXoTecj2BX+zj7xfK4c03SOvEijbpyayER/TDdPQH7M0sERIxpGclYSr2kPqZlfuW3oBrfWhAxGQmQOOqcdfHB1NJ3B3EfRW5rD08mEW/9if1nXImhJ9kXaYX8556iJiCjSxbe9RZCWsZQcKjt2OzVFdRBsdQkZVNXmk5BN/IEwvjOffBG6RkllPM+yTtsHLno/czoeWLvGo527yRkn2HOFVazlW3zOE+trFiZzFFF3yYkDifeRG+DbZdiTkkkgXzJxPWsKiiIo+0lI1szq/E+X/ldhbFh5Lz3hukjfwlj4/2dS5XnM6S10t48Lmp9D/U9P5CPtvf3sBHNW3dNpPH40IaTx9/O4tuDcW1UPj4F9nYZ8xlzhCXdJP1BhbN/45Hv9jDfRFjMNc+F0fZnF9OCVbm/Op+Jgx0aejQhzyaHkrygjHV7ReSlpzK2Xm/Yt6Qth3jK0svjOceQolVERF3ixzP2PWp/P1CNOP7Avnb+KrvZB4PgcNAdr6Z5598hr5Awbb/4K2PhrF4bjiHU//GycmPs3i4GShl959WsdP2MONqkpNB43h4cd/61bE5qbyVE82Ti39Z1976EBbPDQcg+4idp5/5d4Kaukzq8BkszzzJMxYo3f0nXtycxbhGQwOc4fCFB3jymdnAMT566X3+XvAkE2cv5uHAV1jFAzw5MRjI56P/LGDik9WVtBfyye/8IysiIuImEUydkcGypX8he7yNCSOjCBviX5c8yP2QlfnjWPzC1ZiBksx3WZ5RxJPhLk00t0xcJdvfTqO4thq2iJOFJgbHX0Pw0g3wYCLTBjbsj0jTBt58D79mDX9Iu9BoXsik2STd3MNeTPlnyAsKYlBH1886ScWzibwZZILTW0ktyCNv5r28eVcAFKfzSnowj71wuzNpe2wLSz7MxXaPs8QypyCAl5/6FX5c5Ou332L9wXgW3fUITwSuZAUzm61KPfXZ+yTtcJlgm0TyXSOr2wzi5ed+hR9ZLE96n/XzHubl5/zh2EaSPtzFtMfiAdh/wpdlT/2KAJzDCyz7MJfke+qXfmZ9sIGs0fNJXhAA5LM5eT1rQh4hIT6CNWt3UTQ6ngCciU/rlPsZ1sL+5ry3heNTEkkebgIu8vXb69huu5+4w1/yUdBUkhdcDdg5fqKA+h8rysgrKCfU1kR2OTiA/sfyOMIY59VwuYVYnkvkZYvz/2PSJ1lMSHD57DFyDHEfbGV78RgmWYETu0jrG8viHplUdep18dxDKLEqIuJ2IUy8Gd7Yls/4O0PI2ZFN2Pg7qfmS+droG6jJlQaP/SlB/5HNMWB39hmyc14iy6UlWz60dF3+4f3ZDIue3UR7zk96UTePbzqpChB+A9HVnbIMCydw2xkKGi0USNTYmjeNwwkLOcOeAqDR+8gBRA4rYP372+DmSKKGhRDigTGvREREKEznlde/4RQA1RVlNDGtQR5gcNz9JMdc5PixPWR8sYE1h4qw3jKVRbdeTV7mUU5mfc/T9U7SJ8ElsZrT3DLFBXxdMJQ5NUMMEMDgIICL7duHoEK2r3iXj6pP1oNuu5cn49pYKic9ysCbZ/Pg9+/xzqFLtdN8R05koZIwjdluYFKQSxokMIKp1WOjFmXl8u3hEpa8sKtufrAfZ3EmMCOjb8APAH/Cwq1sKWjyTXAjLQ0FUNdmMGHBVhhW/X/B1we/snJKqpeLGn19bYXu4JhIrvpjLkdwTazmkpkVRMxdNUuFEDfOjyVZeTArlkmksvlEPPOGHOLzrMFMmuVPUUZz+wsZWefZl/MW+122EJ0PE0IGE7BhG6uDL3KTLYKwISGt7n89Zt+6RGzESGKrP3v4DRtA/y9OcrLeQGqhTIuHl77IY9KsULLSvyMyfmr18eq5FM9XHiVWRUS6QN+fTmTAst0cmzaMHUeimD63LWuFMO3/PFJXodoZWvyv35ZTgom2DeVqJvLnz/B4YT7Hs//On/92mGEPPMmdw9u0soiISOcJiufJF+IbTGxqWhPM/gyLiK8et/E7Vr+QxvbRiYQBoTPm869xDW5Wczqv3sMmlylu/LVlq5rchyAmLHzEefmz9HJ+jJp3O9PfWs8np4BB1/HovJFtfM92hQkZQGhhLqegAzeIA/Cq/7DBF/+W6KmNKkEB8sA92ZMuycgEMeGWAJ7PzGNOwV5ybONJAIpobn9zgUDm/PohJjS67nwii5+N5fixbLI3rGZ5xY0sXjDGZVgGX0KDffg8vxAiGnzRU1DE2ZBQQmsnNHgumhAw7gYGLc3myIwC0g5fzex72rHbV6xeFM89hNHTHRAR6RXM0YwPy2bzn7dx4eaJuH63++3+A9Rc7FGw++8UREYynHCiowr4akfdh68Lh481UUFaX3h0FMdd2ruQk01hZBRdkc8M7BvImeM1PSylsKAMS9BwIsfP5u6xdnKOdOCDpIiIiEfksyszl6IKl0nFxRRX+HNVX4gcPYJTO3ZxsnZeLkdO12+h2WWsNmKDviftYE2Fqp2i4ouAFWtgMTpdSscM5NYHZzDzp6N59MEJ9NjaNvMY5t5WzJqUA85xQasV5abz9TFg4GAGFV/kXPX0k7uPVld6ty7AFkH/rD3sKq2eUFFAzrGiFtcB6G/159Rx9wZu9r5vavf3ZGYOpyJHEFZviQhibIVk7q9ZqoisrBJsNmca0zz6RiKzdvDqF2VMusU5rfn9jSDGVkzajrqBvIpyv3P+LyvM5yz+DIuIZVpCLGE5uRxp0NdhU2KxblrHuhMuI4UWH2D56pPETRnTMJfdMvMYJoV/x7qVByiOd9eNA7ujXhLPPYQqVkVEukjkT6NIXV7Anb+oX4IaFVJB6isvkV9aij1oLL/4hfNa/8jZD/PTVX9myRLnpzpzyHjuHTa80Tfr9Tcym4cLVvHGkk9qb171ywfCW1ihyPw4PAAAIABJREFU85jH3sm0v7/B4iXriZ7zSwbv/htbj1W/U7PYmPtIMOSsZ0kqzF08mwE73+KNAzfwyMOR5Lz1BgdueISHx+kSRhER6Q6CCTNtYfnSLZyryQ2Ygpi0YCaxZmDk7TxR8D6vvfAGFTXz5g8lzNelieaWIYhJiZM4+eZKHl1nwuxyk5mbZt7I9tdfJWldBAkv3E7Dkc5FWuQ7jPipPT/1NPjWe1mUvpHXXthRm2wMGH49c+cA2Jg9Yy/Lnn0DLD6Ehlu5qq0NW+N5bP5GXlv6BqkA+GGbM6elUbgAMMf8jNkZ7/PoC18SM+8R5o+sP7/RGKvVN6drj+ghZaQsfZO80nIqAkfy+IKRjZax3TWTUynvkrSp5uZVM1lUW4w6kgm2NF4qGMfjNVWoLeyv7a45nErZQNILlc59DIliwfCrKSrYy9sr1lf/X/QidM5MRjfsiGUMjz9lYvXqlSSdr6yeNoBpC+5nUgeqPWxxV5PyeiFzE3vZ54ReEs89gcHhcDg83QkR8YxjR/MxGAzt+gGafVzzt+vvlv5uaVpbWPy67ruh02d+YOCAfpfVRsX+P/FizniWzK17e5a16jfsGfMHGt0jSqSX6oxY6w7bEBHFs0h7FV8oaX2hLmLtW38kS8Wz5+xLSSZjbBKLRl1OK2XsevtPZMc/QkLjnGy3VrHvXZIO3cjr91xZHe/t8eyqtMTe+kJXMA0FICLSJQr4ausFJk9v7TtvERERERGRTnR6Bx9fuJ7ZV1ZuEigg7bMy7pxxxXVcehFVrIr0YqpYbTt9gy7SNVQRI9JzKJ5F2qe3V7gpnqUn6e3x7KqnV6x6dIzVktJyMjKzycjMIi//DAChIQOIi7ERFxOFn8XHk90TERERERER6RJGo5GqqipPdwOjURe2ilwuxXPv4bHEat6JAl5Z8T7gIC7Gxh1T4gDIyc3jo0+/5qNPM3hy4d2EDgn2VBdFREREREREuoSXV/dIxHh5KREjcrkUz72HR45wTVI12hbBy88tYN6siZSUllNSWs68WRN5+bkFRNsieGXF++SdKPBEF0VERERERES6jLGDw2N1Ni9VuIlcNsVz7+GRI7z2w22EhgzgoXum1l7un7Eri4xdWQD4WXx46J6phIYMIHXDl57oooiIiIiIiEiXMZu9PN0FAEwmJWJELpfiuffo8iN8trCYb498z53Vl/635M4pceQczuNsYXEX9ExEpGkOhwOzqXucGEV6OrPJC3feV1PxLNJ1FM8i7WM0GjGbPXobFLy9TU2Oyah4Fmmf3hzPvU2XJ1b3Z/0Di683kRGhjeaVlpXz7eHva38iI0Kx+HqzP+sfXd1NEZFaBoOBKocDu73S010R6dHs9kqqHA4Mbrx0SvEs0jUUzyIdY/H1dmvctMRgMODr491ouuJZpGN6azz3Nl2ePi8pLSc0pOkbUuXln+GVFam1j1cmJxEaEkxJaXmnbb+07BKvrVzH4aP5Tc4P6teXx//lf7EqdQsAjyXOweLb+MUoIr2L2eRFhb0Sk75JF3GbCntll1SrKJ5F3E/xLNJxfhYfLpaUeWS7TVE8i3Rcb43n3qTLE6t+Fh/y8s80ml5zA6uG8vILiIu1ddr2fX28WZQwC3ul85uwv61Lo6j4Ir+4dxo+Pt4YjQb6+PmxKGFW7fIiIiaTl75BF3Ezu70Sk8n9b00UzyLup3gW6TgvLyP+fr6UlJZ3yeW6BoMBP4tPs3cPVzyLdFxXxzPQLeK5N+nyoxltu4bUDV+Sk5tXbziA0CGNq1hzcvMoLbtEZHjjYQM6ymCAvn0stY+9zSa8vIwEWPvUq0x1XUZExNts4mInVs+LSGNVVVX4+Jjdvh3Fs4j7KZ5FLo+Xl5G+fSyUll2iosLutu14e5taLSZSPItcnq6KZy8vI34WnxYv8++qeO5Nujyx2j/IyrVhQ0ndsI3FSfe3uOzaDdu4Nmwo/YOsXdS7Om+v3gjAgvm38/FnOzmQfZihIQP4v3v+B29vMw/OvY1z54vZsCUDu72SO6fEMfWWWAwGKCu/xAcb09mZmU1VlYObYm3cdUe8ql9FrmBmswmv8goulpTh7+fr6e6I9Dg/XizDy8uIdxcM8q94FnEvxbNI57H4euPjbcJur6KyqorKyiqqqqo63J7RaMTLy4iX0YjJZGzyxjauFM8inaez4xmcyVQvLyM+3uZWx03tynjuTTxyNBPumcaS5FUsT9lAwrypjcZ+KCktJ2XtFs4VFrEo6QFPdLGR7/PP8E83/oTfP/MQ//Xxdt7668eMHnUNi5PuZ/f+HLam72bUdWEMGdSfDz5OJzvnO/7Pv9xF3z5+rEr9lE1pf2fOjHhP74aIXIa+fSycLSzGx9ussZ9EOpHdXklZ+aUu/SJV8SziHopnkc5nNBrx9u7y+04rnkXcoDfFc2/hkcRq/yArTy6cyxspG3j6dyu5KTaq9oZWefkFfL0rG4vFhycXzu02T3rI4P7ExUTh7+fL2OhI/t+3x5h2SywDrgpg1HVhfLZ9N6fPFNLX30J2znfMmDyOiKuHADDt1n9i8+f/l9Kyciy+TQ8gLCJXhsCAPhRduIi1j5/e7Il0Aru9kuIfSwns16fLt614FulcimeRnkPxLNJzeDKeewOP1f+GDgnmt0n3k5GZxb6DuaSl7wXg2rCh3DllHHExtmbvYuYJ3mZTvcskfH28sfb1B8Dfz7e2lLrowkVKyy6xKvVTVqV+Wrt8UL++lJVXKLEqcoXz8jIS0Nef80U/YvH11mVKIpfhx4tllJVfIrBfH7xauRTRHRTPIp1H8SzScyieRXoOT8dzb+DRgRX8LD5Mih/DpPgxnuxGpwro64/F15uZU28i2hZRO91oNNDX38+DPRORzuLlZaR/kJULP5byQ/HF6jGqvDCbvPStukgL7PZKKuyV2O2VVFZVYaqOJU9SPIt0jOJZpOdQPIv0HN0xnnu6LkuspqXvIefw95R28C5/FosPkeGhTIq/sZN71rmsff2Jirya7RkHGD50IIH9+nK6oJAz54q4+Z9Gebp7ItKJ+vaxcOmSnQp7JZcuOQfaNxoMVNgrPd01kW7HbPKiyuGo/kBkwtfHjLkbDZyveBZpO8WzSM+heBbpObp7PPdUbj/CJaXlLFuRytnCIqJt11BSUsbZ88XcFBMFQN6JAvZnH+aO28YB8PFnO4mOCid0iHPM1a8zs+kfaMXi68NHn35NRmYWTyyc262GCXBlMMBdd8TzwcZ0kt98nwq7nQFX9WPm1Js83TURcQNvbxPe3ibA+T/J4XC0ejdGkd7oSogNxbNI21wJsaF4FmmbKyE2FM8ibaPY8AyDw+FwuHMDaz/cxr6sXH6bdD9+Fh8++jSDnNw8nlw0F3AmVpf8cTWLEmYCsDxlA4t/Pb82sfrK8lQiI0K5c0ocJaXl/FvyXxlti2DerInu7LZIr3DsaD4Gg6FdP0Czj2v+dv3d0t8tTWsLi5++fRMRERERERHprkpL7J7uglu5feTafVm5TI6/sdkK05oE6vKUDSxP2VBvWkN+Fh8mx9/I/qxc93RWREREREREREREpA3cnlgtPF9MaEjTiVKAs4XFAMyd+TPmzvxZvWlNCQ0J5tz55ueLiIiIiIiIiIiIuJvbE6utOVdYBMCk+DFMih9Tb5qIiIiIiIiIiIhId9QlAxTm5Z+pHUPx3PliSsvK+fbw9wBk7M7G4utT+9ji60PG7uza5UvLyjl3vrh2fl7+ma7osoiIiIiIiIiIiEiz3H7zqsSkZLe0uzI5yS3tivQmunmViIiIiIiIiLhLT795ldsTqyLSfSmxKiIiIiIiIiLu0tMTqx4fY1VERERERERERETkSqPEqoiIiIiIiIiIiEg7KbEqIiIiIiIiIiIi0k5KrIqIiIiIiIiIiIi0kxKrIiIiIiIiIiIiIu2kxKqIiIiIiIiIiIhIOymxKiIiIiIiIiIiItJOSqyKiIiIiIiIiIiItJMSqyIiIiIiIiIiIiLtpMSqiIiIiIiIiIiISDspsSoiIiIiIiIiIiLSTkqsioiIiIiIiIiIiLSTydMdEBG5UpQc28rbq7PJPl8JeGENCWVuwkxigzz7r/Tk5ytZ/ImVhclzGd3ZjZ/eyvN/OErcbxKZNtBl+sFUEj8JYslTkxnc2dsU6QrNvbYbatNrvYDNS1ezvqCpeVZm/2YmvLOa9cFTWJlgo+jQFlIPD2XuDBsBwL6UZNYPm8+LtwZf5k6J9E4dOz874/bI9CQWjWq5/ZOfr2Tx8XGsTLB1YP0slid9yqnpzhhvGP8iIiJyZVNiVUSkLYrTefX1o4T+KoGVEQGAnaLcbazZeZTYGREe7drgWxNZeas7t1DM+tdTGfTcXEZb3LkdkStVMNOeSmIaUJNE4cEGyZba+VByIo/MLC/uUGJF5PJ14/Ozk41FyXUJWcW/iIhIz6LEqohIW+Sf4TusTIqo+RhkIiBiMouqP7M1rDire4yzosUWQ0VmJtkXwBoZw2MJ8QwzAxV5pKVsZF1OCXaTH1EzZ/J4XEh1lZw/c8NPsm4n3HlfKNvXFDL75XuJNQOUsevt5WwZmcDiwK11FXWl37F59RY+yinBbvIiNGYqT9w1Er/mptdU3NT0b/iUBhU5AAOIjjjDirfTWfZYfOMPgsWHWJuyje3HS7Dj3L8nFsQzuLbtGylK38t3di+unn47cy6k8+qO89hNVm5NnM+8CN/mj4NIFzm7bx2vrT3KKTuYAgczL/FeJtRWspaT/cFKluwsxm6yEjdvDgmjg9rVfs3/hNnHV7MiC+AbFid9Q/SDScS5LqhYEGmfyzg/A3A8nVfX1Zyfr2fR/MmEtftLxILG5/rwGJ5Y6HIunJ5E3O7kRvHfWrWsiIiIdG8eT6yWlJaTkZnN/qxcjp8ooLSsHIDI8FAiI0IZNzaK/kFWD/dSRHq9keOYHfIeK1/4C/vH24iLiCByeBDmNq6+/1A5zz+bxOPkse7191n2QQiv3zOUfWvWsX3IHF5fEIq5Io91f9zE5vBEZ2VbwVGybplN8swQ/MyFmL9IISOrjNjRvlC8iy05g5maEASH6rZzNiON9fYxvJYci19FEfuyzmCmjH1rN7DZPJGXk28goCKPdX98n1czgvnXuJr+lfDEow+zKMi/id77EJcwm7Dk93jt8wgW39ogyWMdzKR5Ccwb6AsUsjk5hfUH42s/LOYUBPHi0iQCjm0k6fUNpE6/hzeTQzjy4Zu8tGkX0x6L5Uhzx6GlS7RFOsvprby2ppDoXz/GnCEmival8vzrHzLo97OIBCg4Ss5t83nzrgBKcj9kyZsfsj38ISZ04O3J6IQklny+ksW7R9QOL7Bvd83csub/JygWRJrWWedncyFpr6Xw6odX8/o9Hat03Z9byUvPJtGfQ7z9wiY+PhTPgpF185uKfxEREbmyeTSx+tGnGaSl78Vi8SEyPJRoWzihIcGcPV9M3okCvtqVxUefZhAXE8XcmRPxs/h4srsi0quFMC3pMSacOEpG5gHSPshgeYEPtrvmsiim9cq1qPjxzgpVQplzy1C2bPqOk9jJzKrkFO+z8Iu6ZaNrxmnsG8GdMSH4ARDEhFsGk/rFLopGx1P0RTZnx06srl6t03/4YKyfHSDlc5g0Mgrb6AjMHCIzC0b/6gZntak5lLixVrZkfUdFXGh1/35GZJBvy/u/cApHfree5cEJLHKdVVpI5oYtpB0uodjunDSooG6wycjo6u36+uCHlRibMzEbFh4EOeWUcLT546BkknSBs1lHOTUskklDnG+LAkZHEbnmS/Ydw5lY7RvBtNHOaji/iFhiAt9jX04ZE2JaipmOUCyItF9nnZ+DmBQ/lNQNuRwhgrAO9CQ6fiL9q9sKtULGiQIY2dpaIiIiciXzSGK1pLSclLVbyMk9zqT4Mdw5JY6S0nK+zz/D8RMFDBsSTGR4KPNmTeTrzGw++jSDZStSeWLhXCVXRcSDTPgNiWDSkAgmARX73mXhmm1kxcxpsFwZJRWtNGWvpLT6z5jEpHoVLQAcBCxeuF6NaB59I3EfbGPziathP8QlNvFpLeJ2kn+XT87+bLZ/kMKr9igWJ7VeE2P2bUOCyGJj0aMnWfLHd9kcX1eqdzYjjfXnr+b5301lmLmI7a/9iTTX9dp4pmnyOIh0U2ZTZydV6ygWRNqrE8/Ppvrn3loV5VSASyVsAUcKvPBzXdjj1wKKiIhIVzN6YqNrP9xGTu5xnlw4l0nxY0hZu4XHnnuDV1ak8tGnX/PKilSe+f1Klq14n2EhA/ht0v04gGUrUikpLfdEl0WktzudzurPczlb+4GsjJP5FyFkAKGAn68Xpw7nUQJQ/A2ZOfVXz07fwfEKgELS0r/HEjmCMEYQHQlZ6buq27VzNnMPDVZ1MZJbYyAjZSMZfaOYNqTxEhXHDpFTGkxkzGQWLIglLP87vi0eQYwN9u04QBFARR4Zu4u52nZ1my+VrDVwMk/cZ2XzF9/XTjJbvAAvzGbg9C62H29vo+09DiKXryS/kCKsDBoI/W0jGHQ8h7QTzpLron3Z5PgOZfTw6oUv5LJ5X1H1vB1sPx+ILbzj2x4cZIXS8tovV+ooFkTarbPOzxV5rPvieyzhVze6RH/wyFCuytnLutyi2m0c37ST/b4jiGvnqAHNx7+IiIhcibr8e9WvM7PZuTubxb+eD8DTv1vJVUFWFibMZLSt7p1J3okC1n64jSV/XM2D86by5MK5/FvyX1n74TYeumdqV3dbRHq7oJFEnt/Csuc2cM4O4MVVw0byWKLzZk4BsyYRt/RTHkv6ElNwJLHhcM5l9eiRPqz/fXLtzTEen+UsR4udP5tzq7fw/NM7sOPFVZFRJEQ2341ht0TRf0cm1hmxTd5NuKQ4m9S3N5FXBpj8iJp+O3FWX8zzZnJq9RaeTkqrvnnVDJ6ICwIKmmilZX6j5rJo7Bssq06gBsRN5b7961mc9A2mYTcyyQb729Wib/PHQUNsS6fLYnnSp+w3+RE1ZyajAQZO5rH71vHa66+xpebmVY9Wj68KEDyCyMPv86s1zptXxSfe3aHxVWuNHs99mRt4JSmZ/tPnM7t2hmJBpN069fwcwxN3NZEpHTKVZxK3sHxtConnKwGwhIwgMcnl/0RbNYj/mptqiYiIyJXJ4HA4HF25wad+t5KbYqKYFD+GJcl/JTRkAAn3TAPg488yyDtxBovFh7kzJ9I/yFo7DuuTC+/meP4Z3lm7hZeeTdQNrUQ6wbGj+RgMhnb9AM0+rvnb9XdLf7c0rS0sflfCNXd1dwPWnX9FRERERESkNyktsXu6C27VpVmJfVm5FJ4vZlL8GNLS9+AAEu6Zhp/Fh1eWp3L2fDE3xUSRk5vHshWpLE66nzunxJGTm0fqhi95YuHdfPRpBhmZWdw5Ja7D/Sgtu8RrK9dx+Gh+7TSDAQZc1Y+5Mydy/XUdGa6+4/Z88y1vrfqYhx+4gzHXX9ul2xYREREREREREZH269LEak5uHteGDcXP4sPXmdlMjr8RP4sPJaXlfHvke5741d1ERoRSEl/OY8+9Qc7hPEbbIpg3ayJL/rias4XFjLZFkJObB1Muvz+3/Wwsk+LHAOCoquLzr/ax6v1PeXzBXYSGDLj8DbTRqJ+E8YfF/4K/n/NGGHu++ZZVqc5+hA1v/aYznakm6RzUry8L5t/epdsW6ZmCmfZUkqc7ISIiIiIiIiKdrEtvXpV3ooDQIcGUlJZTeL6Y0JD6YwqVlNW/MZWfrw8AoUOcy50rLCJ0SDB5+Wc6pT++Pt4EBvQhMKAPQYFWpkyMwc/iy7eH8zql/bbyNpsIDOiDt/lKuKxZREREREREREREujyT52fxIe+E82YpVwUF1E6Ljgon5b0tfBsbxb6DuQwNGUBkRGjtehZfb/LyCwgNCaa0QQLWXeyVlXy2bTefbd9NSWk5N1wXxs/vmkQ/ax+qqhx8mbGfTVv/TvGPJfSz9mH2jPH8dMx1rFyzkYslZVgsPmT9z3f8fM4kPtz8FXfP/Nn/z96dx0dd3fsff01my2QlIQTIwpIEAiRA2HcQWURkU6zgilituFxtr6Wtv6veXmtvW73ee9vrQmsrinXBnUVkUxAkoCwCJmgwQUIgSEISspDJMsvvj0BMBGJCMjNZ3s/HI4+Z+S7nfGbCZ8h85nzPqb3U/2+vrKXwTCkP3jWfk6cKWLZiDUtum83mbXvZvb9mudI//OU14ntFsWjBDP73r28xYkg/9qdlkne6iJSkBGZfNZZ/vr2Jb4+dJLp7F+69fS5dOte8pocOZ/P6ex9zKr+QyIgwbrpuCgP69uRI9kmWrVjD+JHJ7NidTtGZEnr36M7dt87iTMlZ/vdvb2OvqCIL2L0/Q9MTiIiIiIiIiIiIXITXC6unC0uYOvH7EajnF6G67455bN62ly++zCQlOeGCOVTtFVXERkWSk5uHzd/S4nG5XG72HjiMvaKSvnExAGzdcYBN2/Zy20+m0yu2K++u+5TX3v2Yu2+dxc496by9ZhvzZ01g6KC+HDt+irzTZzi/Bs9X32QzIqUfv75/IRZr4+O95fqp9OvTg7dWf8Jdt1xD7x7dcThrVh/9+ptjLFk0h6Izpbzwz7VkHc3l5vlTiegcyj9eW8f6jz/n1p9MIyc3n3+8to7RwwYwZfx8Dh3O5pW3NvGLu68HoKKikvSMo/zLT6/F4XDw1xVr2JK6n7kzxvFvP7+Fv7+6jtCQQG6eP7V2egIRERERERERERH5nlcLq4kJsexPyyTAZiUmqgtfpGXWG5U6deKw2jlP69qxOx2omRJgx+50EuNjLzjmcqzekMrqDam1j0OCArh5/lRioiKprKxm35ffMGb4AIYO6gPAjCtH8uJr68g/fYbUPYcYNaw/V44fisEAYaFB9Z9rfCyLbrgKi8VEUXFZo2MKsPkTGOCPwQBBgTaCg2y1518xLoWY7hF0DgshqlsEXTqH1saW0CuaE9+dxl5RxZdfHSE0JIiZU0YRGODPyKH92b0/g6M53xERHorZbOLamROI6R4BQO8e3SkoLMFkNBISHIjR6Fc7PYGIiIiIiIiIiIhcyKuF1SHJCazZuPPcqNVhvPTGegwG+OLLTAqKSi443uZvZcjAmsWqxgxPIsBmZX/aNxeMZr1c5xevcjicvLN2G2ftFfTr0wODASqqqjhTXMamI8fZ9MneOjFZyC8s5kxxGf3PHXsxwUEBWCwt+/L+cKRuZERY7f1OoUGc+O40AKfyi8g5kcfPH3223vEJvaOJCA/FaDRqPlcREREREREREZFm8Gp1LTY6kpioLqzekModN85g87a9bN62j9nTx1x0FGpObh6rN+wE3CycN7l2dOnYEcktEs/5xasArp89if9e9iYfba+Jx99ioVNoEIMGxHHV5BG15/gZDJhMRjqFBlF4phS3m0sWVy/F7a6ZesBTunYJo0d0JHfePBP/cwuAQc3zPXmqwGP9ioiIiIiIiIiIdBR+3u5w6sRh7NyTzo7d6Sy9dwExUV3YvG0f+9MzMRgMxEbXzL+ak5vP5m37sNmsLL13AQWFxWzeto+pE4cRYLP+SC9NFxEewhVjU/hk5wG+yyvEajUzdGAfvkjL5NjxUwCUlJ7ls31f1e7be+Aw2z87SFFxGQfSs/j40y8u2rbVYiY4KICvDh+jsqqajKwcvs48dslYunYJx2Ixk/vd6csqwA7sH0fpWTu792fgdrlwOJzs3v81ZWftP3quzd9CdLcICopKKC492+S+RUREREREREREOgKvjljNOZHHyve3EB4WwktvrIeFM/j3h25jx+702tGr54WHhTBuRBJTJw6joLCYp55786KLWrWkUcP6s/2zL9m8bR83z5/KFeMGU1VVzfI31nO2vIJOIUFMm1QzB+z5fe9+sJ1X3tpERHgo184cj/siddAAm5VZ00bzylub2LbrAL17dCclOYHv8govGkd0twhmTB7BylVbWbNxJ0tun9uk5xEb1YXbF1zF6+99zNpNOzGbTAwd1JeRQ/o16vxrpo7ir6+sZel/LGP29LHMnj6mSf2LdGRutxtDU4exi3QAbTE32mLMIt7QFnOjLcYs4g3KDRGR5jG43RcrBba8nBN5PPXcmwTYrPzxkbv49RMvUFhUQkpyAgvmTiYiPASAjMwcYqMjCbBZKbdX8tH2fazekMqY4UksnDfZI6NVRTqq7KO5GAyGJv0Al3x8/n7d24buN7StMWwBvp8ruKraQXW1A4fDSbXDiZ/BQLXD6euwRFods8mIy+3GbDJiMhkxm0wtPhd5cymfRRpH+SzSfrSFfBaRts1e7vB1CB7llcLq+aJqYnwMGVk5BNj8KbdXsGDelWzetpfjufnERnUhNjqSiPBQyu0VZGTmkJObT3hYCHOuGsu4EUmeDlOkw1FhtXlKy+y4XC78/PzO/SFa8wepiFzc+QKHw+GszZ3gIJuvwwKUzyJNpXwWaT9acz6LSNunwmoznS+qpiQncMeNM3j2xffJyMph6b0Lvp9P9UQeX6RlkpGZU3tebHQkiQmxDElO8GR4Ih2aCquXx+l0UXSmDJvNQmCAv09iEGkPzpZXYK+oIiw0CKPR69O+A8pnkZaifBZpP1pDPotI+6HCajP9+okXSIyP5Y4bZ/Di6+vZn/ZNvaKqiPiOCqtN53S6KC4tJyTYhsmo0S8izeVwOCkpLSc0JNDrH96UzyItS/ks0n74Mp9FpH1p74VVj79D2u0VGAyw/A0VVUWk7Ss6U6YPbSItyGQyEhIcQFFxmdf7Vj6LtCzls0j74ct8FhFpSzw+YnXH7nRWvv8xNps/9y+eq6KqSCuiEatNU1pmx8/PoMsLRTzgbHkFLpfba3O6KZ+lvXO5XDgcLqqqHbhcrma15efnh9Hoh5+fAbPJiJ9fw2MzlM8iLcvlclHtcOJyuXE6Xc3K6daezyLS/rT3EateWbxKRFonFVY2WnW9AAAgAElEQVQbr6rKgb2iktCQQK/1KdLRFJecJcBmxWz2bG4rn6W9O1tegdPZvGJqQ8xmEzZ/S4PHKJ9FWka5vRKHw+mx9ltTPotI+9TeC6uaLEVEpBGqHY4f/UZfRJrHz8+PqmrPfXg8T/ks7dX5ORE9WVQFqK52UFpmb7Af5bNI8zidLkrL7B4tqkLrymcRkbZIf4WIiDSCw+HEZNK8bSKeZDIZcTg8/4228lnaI6fTRbm90mv9ud3uBkfGKp9FLp/T6eJseQXeuri0teSziEhbpMKqiEgjVDucmPXBTcSjzCYj1R4emQPKZ2mfvFlUbUy/ymeRy9dR81lEpC1SYVVE5Ee43W78DAaNiBHxMJPJiNHP4NEROspnaY/K7ZVeG9n2Q263G3tF1QXblc8il6ej5rOISFulwqqIyI8wGAz6ll7ES6qqnZe9oF1jKJ+lvXG5XB6fg/HHVFc7LrpKufJZpGk6cj6LiLRVKqyKiIiIiLRR1a1kQRmHw7MLZol0BMpnEZG2R4VVEREREZE2ytVKLs11XmSEm4g0jfJZRKTtUWFVRERERKSNutQq3t7WWuIQactaSx61ljhERNoCFVZFRERERNqoi82F6AutJQ6Rtqy15FFriUNEpC1QYVVERERERERERESkiVRYFREREREREREREWkik68DEBFpL3Yue5xNeQAOKsocmIL8z73JJrPgsetI9FC/pftf5pnV2VQ3p5+0l/nV3mE8uSj5gl0Z7z7Olu73s2RMeMNxZKxjOxOYmRh8ORGItA8lX/PG8i3sLjq3srMphJRrZnHrkAby59QmHn0J7v31NLo3ucNi0j7YCRNmkBxymTGLyMUpn0VERORHqLAqItJCxix5jDEApPHyr/Yy7LFFXFimbGlZrHvXzrSHH2O4zTM9JF73WKOKtfbcdNIZrsKqdGCFbH5hMwXTF/P0wMCaTdV5fP5BJseGjKSHR/qsJCctB4ajQow0UgmpL73KO0cbOKTXKP799qF07H9SymdpC5TPIiK+psKqiIinZazkse2JPHpnCmYAStn+P89QtOBh4jb9ir1drqU6fSu59mrMURO46ebJ9LQB5LHz7y+zKdcOmIma9lPuHBP5fbuFO1n2zIccq3CQ/tTjrEtewGPXxZG7/WVe3pJLNWCOmsyiRROIMkPay+f62rOGI4mL+M8FPyyXHmPn3z9ka64dO5FcvWQJYyLPnTfsSRYl57HlqZcpGh1P7qcZFNrt2FJu5v7rEjn27uOs3FNGGct4fHsk0+5fQkr+uzyzMg07gC2R65YsIFk1V2nXCskpDCElIfD7TeZIRs77Pm9Ppr7GcxsLKQfMUYN48GcTLxjVdslj7F/zynOb2V8KYCT2ykGEffwFu0or4fln2Bw5iIfvnUiEp5+mtHEhxCd0wnT0DI5LHBGVEK0ijPJZ2gTls4iIr6mwKiLiaYkTGP7uSnaVpjAhGMjdwqfB0/h5FGQB6blmHl36MMFA3pb/YdnqHjy2IJ6sla9yctrPeaynGbCz5+8vszN5CWPOFyfDx7DkseD6o2MzVrIsI4Wlj935fXvvRvHYgngA0o84+M3D/0m4+SJxZuVje3gpD9vAvufv/O7DNMZcMDVAPlmli1j68HVANqv/8Ca78pYy+brHWBL2FC+ziKWTI4FcVv81j8lLz42kLc0lt+VfWZFWJoEZ16TyX396kfQJyUzql0RcdCC16Zb5Pi/kjuGx3/bGDJTvfo1nU4tZGl+niUsdM9bJJ3/bTEnt6LliThaa6D6xD5F/WgW338XVXb39fKWt6jr+Rv6Vf/Lk5tIL9kVNvY6Hxusfk/JZ2grls4iIb/m0sJpzIo/96VkAxEZ1ISU5wZfhiIh4SBSTx8MzW3KZMCeKjO3pxE2Yw/kr9/umDOZ8rTRy+GjC/yedbGBPej7pGX8grU5LybnQ0HX5WfvT6ZFy3UXaq/mklzR+wsWLqgDxg0k5F5StRzxhW/LJu+CgMJKGnx+t05O4qHz25gGRPzyuC4k98nj3zS0wPpGkHlFEXapfkdaocBtP/eUg3wEQwpwHbmMSF9n2g6kWu4+9jadHnOVY9l5SP17FP78uJuTKGdw3pTc5u49yMu04v6mX1CehTiEm41LHlOSxIy+G+ecvSSaU7uEAZ5v2HMIL+eS511h9Lrm7Tb+JpWMbnj9Z2qeu46/j9uOv89LXVbXb/PtN5t72WIRRPks716HyWUSklfFJYbXcXslzy1eRkZVTb3vnsBDuWzyX2OgLPqGLiLRpwaMn0+W/9pB9dQ+2H0li5oLGnBXF1b+4//sRqi2hwXf9xvyXYKJxU7maSbz5YX5emMux9F3849UseixaypyejTpZxPfCJ7L0txN/sPFi2y7CHEiPhIn0SAD4lld+u5lPhtxFHBB7za38v7Gh9Y8/Vf/voYseU3Lh1xw/6qLPIZxJ997PpKa3Ju1OAAMXzmLmsndZ9x3QbQAPLOzXyPf4Nkb5LO1eB8pnEZFWxs8XnT713EqOnTjFgrlX8Ocn7ueFpx/i9oUzKLdX8NRzb1Jur/RFWCIinmNOYUJcOh/+Ywul4ycTVWfX4f0HOH/xVt6eXeQlJtKTeFKS8vh0+/cfvkqzsi8ygrS++JQkjtVprzQjncLEJLxRzwwLDiP/2PkI7RTmVWAL70nihOu4YbiDjCOX8UFSpE3J5fPdmRRX19lUUkJJdSCdgyFxSC++2/45J2v3ZXLkVP0WLnlMSDIjw4+z+cvzI9ocFJecBUIICStB6SWXpytTbr+GuaOH8MDtk9DYtrqUz9LWKJ9FRHzB6yNWd+xO53huPvcunsuQOpf+jxuRRI+oLjz+36+wekMqC+dN9nZoIiIelTg6iZXP5jHnp/WHoCZFVbPyqT+Qa7fjCB/OT39ac61/4nVLGP3yP3j88ZpPdeaoCdzUoyc0dEl94nUsyXuZZx5fV7t41Z2L4hs4oeWYh8/h6l3P8Njj75Iy/06673mVTdn2mp22ZBbcHwkZ7/L4Sljw2HV02bmMZw4M5v4liWQse4YDg+9nyRhdwihtWSRxpvU8+6f1FJxfRcQUztSfzWWkGeg3i1/mvcmff/sM1ef33RpDnH+dJi51DOFMvWsqJ59/gQfeMWHGSOyVs7hvYizj5g7lk7/8Lw+9k8Di387ihzMjizTIvwcTZ3hmjfu2TfksbZDyWUTE6wxut9vtzQ6fffF9juXm86dH7rrk/pzcfP54if0i0nKyj+ZiMBia9ANc8vH5+3VvG7rf0LbGsAV477uhU/ln6NqlU7PaqN7/d36XMYHHF3w/SWray79i77AnuWCNKJEOqiVyrTX0IeItJaXlvg6hVkhwQL3HymeRpuno+Swi7ZO93PHjB7VhXp8KoNxeSURYyCX3x0ZHUlBU4sWIRES8IY9PN5UybWYDK0+JiIiIiIiISJvh9cJqgM3aYOE050QeMVFdPBqDvaKKP/7f66zZuPOi+7/LK+SX/7GMvQcPt2i7F3M05zse+eOL3PXQ003uT0TakkgmL/0FE36wEFXyIo1WFREREREREWmLvF5YTRnYh4KiEjZv23vBvozMHPanZ9Wbe9WTdu5J53Rh/SKv2w3bP/vy3ATynlVur+Sfb2+mV2w3/vTIXQzsH+fxPkVERERERERERKT5vL541bgRSaR+nsbKVVuxV1SRGB8LQEZWDps+2UtMVBemThzmlVjyC4rZuSed2dPH1G47lV/IZ/u+8lL/Z8gvOMPVU0YS3sD0CCIiIiIiF+Pn54fL5fJ1GPj5eX28hki7o3wWEWl7vF5YBRgyMIHDR46zekNqve1942K47455AKTuTq+dMqBzWAh942OJCG/Z4uOQgX34/IuvGTM8qbbtHbvT6BQShNtVs6bXgfQsXnz9Q+6/Yx594mIAyDt9hv96/k0WzLmCYYP7XrL9I9knWbZiDeNHJrNjdzpFZ0ro3aM7d986ix2702uf/7KX1xDeKZjfPHATNn8Lb6/dxs7d6VQ7nPTu0Y1FC64iqmvnFn3uIiIiItL2GY2toxBjNKoQI9JcymcRkbbHq4XVnBN5PLt8FQVFJYSHhTAkOYGI8BBioyIJsFmJjY5kx+50Vr6/BXDXbv/08zTs9kqmTRpWb3Rpcw1JTsBur6gdtZp3+gxffJnJzCmjWLV+BwB94mLo0rkTB786UltYzfz2BFaLmYTe0T/aR0VFJekZR/mXn16Lw+HgryvWsCV1PzOnjKZnTFde+OcH/GTOJAYnxRMUEMDr731Eesa3/OLu6wkNCeKdtdt4/qXV/PLeGwgNDmyx5y4iIiIibZ+fweDrEAAwaoSbSLMpn0VE2h6vFVZ37E7npTfWEx4Wwi/vuYHEhNhLHrNg7hVMnTiMnBN5ZGQd57475vFFWibLX/+Qs+UVLJw3uUVislhMTL9iBG+u3sqY4Uls/+wgUd0i6Bv/fWwBNisjh/Rj176vmDG5ArPZxGf7viIlOZ7QkB8vdJrNJq6dOYGY7hEA9O7RnYLCEmz+FoICbRgMEBjgT2hwIMUlZ0nP+JZrpo2pLdpeO3M8Tz23km+zT5LipblnRURERKRtMJuNVFZV+zoMTCYVYkSaS/ksItL2eOUdM+dEHi+9sZ6YqC78+0O3XbSoerqwpF5RFWD1hlRWrtoC1IwuXXrvAj7avo+MzJwWiy0xPpbOYSGsWr+DL77MZNrEoRdc+jAgsRclpWfJ/PYEp/IKOV1YzMiUfo1q32g0YjE3rn5dXHoWe0UVNn9L7TaLxYzRz49Tp4sa/6REpEW53W7MJqOvwxDpEMwmI26322PtK5+lvfHz88PcyL81PcViMV10Tkbls0jTdOR8FhFpq7zyrv3M8lWEh4Ww9N4FBNisFz1m87a9hIeF1Fu4avGNV1Nur6x9HBsdyZjhSWzetveixdnLYbGYmDF5BP/34nsMHdiHuJ5RlJSV1zume2Q4cT2j2J+eRXinYCLCQ+kaGd4i/dcVGhyIzd+CvaKqdltVVTVOl4uuEWEt3p+INI7BYMDlduNwODHpA5yIxzgcTlxuNwYPXgqpfJb2yOZvweFw+qToYTAY8LdaLtiufBa5PB01n0VE2iqPj1jdsTudwqIS7lg445JFVagZ1TqkzqXuO3an8x9Pr+ClN9bXO27IwAQyso63aIwJcdHcs2gO186ccNGJuo1GP8aNSGJ/Wiaf7DzAqKH9Gz0KtSlCggNJSuzNB5t2kvntCfILinlv3afY/K307tm9xfsTkcYzm4xUO5y+DkOkXat2OL0y+kz5LO1RQ39n+6Jf5bPI5euo+Swi0hZ5fMRq6udpxER1adQI07pv5ONGJFFQWMzmbXvrH+NvxV5R+cNTm8VkNJLcr3eDx/Tu2Z2gQBtut5ukxF4t2v95BgNcP3siGOB//vo21Q4nvXt0457b52jhKhEfM5mMOPTBTcSjakadef5iGuWztEdGox8BNmu9q708yWAwEGCzXnL1cOWzyOUzGv0IDPCn3F7plZGrrSWfRUTaIo+/Ox4+cpwpE4Y26tiMzBy4qv7j2KjI+sdk5RAeFtKsmGz+Fn7zLzdecn9YaBB/evRn9bb5Wyx0CgmkV49ul1y06oftxvXszpM/aOdnt86qt/8vv/+X+v1YLdwyfyq3zJ/a6OcjIp5nMZs466UPqyIdlcvlwmo1e7wf5bO0VyaTkZDgAM6WV+B0ujzWj8ViuujlwnUpn0Wax2j0IzjIhr2iiupqh8f6aU35LCLSFnm8sGrzt3A4K4c1G3c2cIyVIQMTWLlqK+X2ygsuQai77Yu0TBLjW2Z+1abIPv4dud8VMOeqsV7vW0R8z2w2Yays5mx5BYEB/r4OR6TdKTtbgdHo55Gpdn5I+SztXWCAPy6XC4fDRVW1A5ereUVWPz8/jEY/jH5+mEx+F13Ypi7ls0jLsflbsFpMOBwunC4XTqerWTndmvNZRKQt8vi74+Ibr2b56x+yekPqJY+x+Vv44yM/Y/WGVJ5bvopf3nsDAGNHJpP6eRoZWTkMSU5g9YZUjufmc9/ieZ4Oux63G1L3HCKqW2d6xnTzat8i0noEB9k4XViC1WLWIhkiLcjhcFJRWUVEePOuSGkK5bO0d35+flgsflgs3i2GKJ9FWt75fPY2X+SziEhbY3D7YrnBS/giLZPnlq8iNqoLc64aS9/4WAJsVjIyc9i8fR/70zK5feEMxo1I8nWoIu1C9tFcDAZDk36ASz4+f7/ubUP3G9rWGLYA739z7nS6KC49S0hQgD68ibQAh8NJSZmd0JAAjD8yaqalKZ9FWpbyWaT98GU+i0j7Yi/33HQmrUGrKqxCzbyqL76xnsKiknrbbf4WFt94NUOSE3wUmUj7o8Lq5XE6XRQVl2Hzt+iyQ5FmKDtbQUVlFWGdgnz2oU35LNIylM8i7UdryGcRaT9UWPWRnBN5ZGTlUG6vJDE+lsQE78+rKtLeqbDaPKVldpwu17k5qoyYTUaNkhFpgMPhpNrhxOFw4nS5MBn9CAq0+TosQPks0lTKZ5H2ozXns4i0fSqsiki7pcJq81VVOc79IVpz62cwUO1w+joskVbHbDLicrvPFThMWMxGzK1sIQzls0jjKJ9F2o+2kM8i0ra198Kq3jFFRJrBYjGdWxjECoDb7b7sQrFIe9YWckP5LNI4bSE3lM8ijaPcEBFpHk2YIiLSgvSHqcjFtcXcaIsxi3hDW8yNthiziDcoN0REmkeFVREREREREREREZEmUmFVREREREREREREpIlUWBURERERERERERFpIhVWRURERERERERERJpIhVURERERERERERGRJlJhVURERERERERERKSJVFgVERERERERERERaSIVVkVERERERERERESaSIVVERERERERERERkSZSYVVERERERERERESkiVRYFREREREREREREWkiFVZFREREREREREREmkiFVREREREREREREZEmMvmy83J7JWs2ppKRmUNObj4AsVFdSEyIZfb0sQTYrL4MT0REREREREREROSiDG632+2LjnfsTmfl+1uw2ayMG5FEbHQkABmZOXyRlondXsmCeZMZNyLJF+GJdAjZR3MxGAxN+gEu+fj8/bq3Dd1vaFtj2AJ8+t2QiIiIiIiIiDTAXu7wdQge5ZOqxI7d6bz0xnpmTx/DnKvGUm6v5HBWDgBzrhrLwnmTWb0hlZfeWA+g4qqIiIiIiIiIiIi0Kl4vrJ4uLOGlN9azYO4VTJ04jJwTeTz13JvYKyoBsPlbWXrvDcy5aiwAK9/fQmJ8LBHhId4OVUREREREREREROSivL541eoNqYSHhTB14jAAnlm+ipTkBF54+iFeePohUpITeHb5KqBm9KrNZmXztr3eDlNERERERERERETkkrxeWM3IymHaxKEA5JzIo7CopHZ0KtQUUwuKSsg5kQfAtIlD2Z+W6e0wRURERERERERERC7J61MBFBaVEBtVs1BV5/BQAHJy82ov9c/Jzau3LzYqkoKikhaNwV5RxZ9feIeso7m12wwGA717dGPRgquI6tr5sts+mvMdf391Hafyi1iyaDbDBvVtiZBFRERERERERESkFfHpktoBNispSfGsfH8LdnvNHKurN6QyZngSATarx/uffsXw2ikJHA4n76zdxvMvreaX995AaHBgk9srt1fyz7c30yu2G/969/UEBQW0dMgiIiIiIiIiIiLSCnh9KgCbv4XTdUagdg4PpaCohOVvrGf5G+spKCohMOD7ourpohJs/haPxOJvtRAWGkRYaBBdOocya/oY7BWVHDued1nt5RecIb/gDEMGJhAeFoLF7NO6tYiIiIiIiIiIiHiI1yt/Kcl92Lk7nXEjknjj/S2k7k5jwdwrSEnuA0Dq7jQ2b9uL2w0L500m9fO02n2eZjYZAXA6nQAcOpzN6+99zKn8QiIjwrjpuikM6NuTI9knWbZiDaOG9mPXnq+I6taZ3j2788GmXQAse3kN4Z2C+c0DN2GvqOTllRv49th3mE1GxoxI4vpZE/G3Wi7ZTtpX3xIT1YXP9n6FxWLm9gXTKSgqYdX6VBwOJ3OuGsuMK0diMMCR7JO8uXor2TmncLpcDB3Yh9tumE6AzcqajTs5kJ5Fn7hotu08iMvl5opxKcyfNQGT0YjL5WZr6n4+2LSLkrJyOoUEcd01Exg9bAAn8wpq4w4OtHH97EmMHjYAg8ErvwqRVuNU/hlfhyAiIiIiIiLS4rp26eTrENo8rxdWp00cyuP//Qqbt+3lo+37uH3hDMaNSKrdP+eqsXQOD+WlN9YTER7C4SPHeWzeZI/H5XA62bX3EH5+fkR1iyAnN59/vLaO0cMGMGX8fA4dzuaVtzbxi7uvB6CiopLP9n3NtTPHk9SvFxazmbge3Xnhnx/wkzmTGJwUj8vl5vmXVhPdLYI7H76G4pIy/vHaOnDDzfOnXrSdbTsPcjw3n1FD+/P7h+/grTWfsGzFGoYM7MNjD93Gnv0ZbNq2h4ED4ojpHkFxSRmjhvbnZ7dcQ+lZO39dsZaPtu9j9vQxABw7cYrEhFh+9+vFpH19lHc+2MbQgQn0iYshdXcab6/ZxvxZExg6qC/Hjp8i7/QZSsrO1os773QRL7+5kYjwEPrExXj8dyHSmug/GhERERERERG5GK8XVmOjI5kyYSgrV23F5m+pV1Q9b9yIJFa+/zErV21lyoShxEZHeiSW1RtSWb0htfZxgM2fxQuvIjKiE+s++ozQkCBmThlFYIA/I4f2Z/f+DI7mfEdEeChGo5Gbr5vC4KT42vODAm0YDBAY4E9ocCD70zKxV1Ry7czxdOkcSpfOoVwzbQwfbNpJSelZgIu2E9U9grEjkggM8Gd4SiKHDmdz9ZUj6dI5lIED4tj4yR5O5RcS0z2CIQO/H80bHhZCr9iunDxVULstJiqy9jkMHBDHB5trRqdWVlaTuucQo4b158rxQzEYICw0COCicQ/s15tDh7NVWBUREREREREREcFHi1ctnDeZcnslO/ek81/PvcnUiUOJiaopnh7PzWPztn3YK6oYMzyJhR4crVp38SqT0VhbGAU4lV9Ezok8fv7os/XOSegdTUR4KGazieAfWZzq1OkijH5+WCzm2m02fwv2iiqKzxVWL9aOxWzCz+/76W/9rRZCzi2mFRjgX2/u1ozMHN5dt52TpwqxV9QsADYiJfGSbZ1XUVXFmeIy+vfpccHl/adOF1FccpZH/vhive112xUREREREREREenIfLa60h031kwBsHpDKs8uX1VvX9+4GH55zw0kJsR6NIbzi1ddTNcuYfSIjuTOm2fi72+td07dEaEN6RoRhtPloqqqunabvaIKm7+F0OBACuos4nU5zpZXsHL1VsJCg3j4gRvx97fy6jubG3Wuv8VCp9AgCs+U4nZTr7jaNSKMTiFB3Lt4Lp3qvD5WixbjEhERERERERERAS8XVjMycwiwWWsv7U9MiGVpwgLK7ZXs3Z8BwLCURAJs1nrnnS4soaCw2OOF1roG9o9ja+oBdu/PYPzIZJwuN1+kfcOQJiyk1btnd2z+Vt5b9ynzZ02kuKSMDzbtJCmxNyEtUFj18/PDYjZhMZuwWsx8m32SzG9PMKBvzx8912o1M3RgH1ZvSKV3j24M7B/HseOnKCgqYdjgvgTYrHyy8wDXTB2N0c/AocPZRHWLIK5n92bFLCIiIiIiIiIi0h54rbBabq/k2eWr6BEdyS/vvaHevgCblbUffYYBmDBm0AXnLn/9Q3Jy8/njI3ddUHT1lNioLty+4Cpef+9j1m7aidlkYuigvowc0q/RbYQGB3LP7XN4eeUG/u0P/8BsMjJmRBLXz5p4weX3l8Pmb2HhvMn8/dV1/Ob3L5CSlEDPmK6NPv+KcYOpqqrm3Q+288pbm4gID+XameMJCQrk7kWza+M2+vnRNz6GBfOimh+0iIiIiIiIiIhIO2Bwu91uT3ZQbq/keG4+X6R9w47P07BXVLF44QwiwkPpGx9DRmYOh48cZ/WGVGz+FqZNGk5ifCwxUV3IOZFHQVEJy99YX7PQ1chkhiT3ISaqi9cKrCLtWfbRXAwGQ5N+gEs+Pn+/7m1D9xva1hi2AE1PISIiIiIiItJa2csdvg7BozxeWH3g3/6vdl7ROVeNpdxeyZqNOy84bvb0MQTYrKxctfWCfVMmDCU2OpKV73+MvaKK8LAQ/vTIXZ4MW6RDUGFVRERERERERDylvRdWPV6VWDDvSl56Yz1DBvZh6sRhAHyRlklBYTEL5l3Jyvc/ZsjAPsy5aiwAx07ksz/tm9p9EeGhLJw3GaiZo3XnnvTaY0VERERERESk43G5XRTYs8ktPURuaXrNbdkhyqpO+zq0VivIEkFU0ACiggcQFZxEdPAAwm098TP4+SymQ6c3c/DUOk6dPczZqiLOVhficFX6LJ62xuznT6ClM51tsXQP6k+vTsNJCB+LzRTq69A6DI8XVseNSKKgsJgdu9PJOZEHwPHcfO5dPJchyQkE2Kw8t3wVs6fXFEt37klnwdwrGDciqXbf+fMysnKYPX0M40YkeTpsEREREREREWmFNh75X3Yd/yc2U0htkXB8j8VEBQ0g2NrF1+G1WqWV+eSWHSK39BBpeR+yIetpKh1ljIm9ham9H/BaHHZHMR9/+xy7TrxKlbPca/22R9WuCs5UnOBMxQmyinbxac5yABLCxjKzz2+IDk72cYTtn1euoy23V1JYVMLj//1KvW1AbdH04d+/AIDN31q77/xt3fNOF5Z4I2QRERERERERaUVOl3/LioP3MCjyah4e9ylmo7+vQ2pTgq1dSLROIrHzpNpt1c4Kthx9nv/9bCa3DlpGZ1sPj/XvdFeRmrOCj759BrtDtR1PyixK5f8+n8vomFuYkfBL/I3Bvg6p3fJKYbWgsJi+cTHMuWosp4tKWL0hFbu9AoAAm5XwsBAWzptMgL+VN1ZtqS2e2u0VhIeFMOeqsSRKyvkAACAASURBVESEhdQ7T0REREREREQ6hq1Hl/F57pvcNuh5ugUl+jqcdsNs9Gd6/C9IjpzB3/fdyuiYW5jUs+XXtKlwlrLiwBKyii5cc0c8w42bncdfIad4P3cMeZFAc2dfh9QueXzxKhFpvbR4lYiIiIiItHbP77mBnp2GMTPh174Opd374Jv/5ETpIX429J8t1mZ++RFePnAX+eXftlib0jThth7cPvhvdA3s6/W+2/viVb6boVhEREREREREpAHP77mBkdELVVT1kmv6/D+GdJ3DX/fd1CLtna0uZPn+O1VU9bFC+zFWHLyHs9UFvg6l3VFhVURERERERERana1Hl9Gz0zCGdb/O16F0KCOibyA6OIlt2X9vVjtOdzUvHbiLAvvRFopMmuN0+be8fGAJTne1r0NpV1RYFREREREREZFW5XT5t3ye+6ZGqvrIrD7/RurxFRTacy67jW3Zf+dY8RctGJU0V3bx3mYXzKU+FVZFREREREREpFVZcfAebhv0vK/D6NBuG7SMFQeXXNa5Z6sL2HL0uRaOSFrClqPPU1Z12tdhtBsqrIqIiIiIiIhIq7HxyP8yKPJqugUl+jqUDi0qeAD9I67ko2+fafK5G7L+m0rnWQ9EJc1V6Sxj45H/8XUY7YaW1BYRERERERGRVsHldrEz55/8v/Gf+jaQo7/j11nLf7AxGH//JVybfA8poT6Jyuuu6LmEJ3dO5spe92EwGBp1ToWjlD25b3s4soZEM7jPU8zoPoRws7Vmk7OEvDNvs/nrJzhQ4c1YnuShKddDbhxPf+XNfhu2J/cdZib8Bn9TsK9DafNUWBURERERERGRVqHAnk2AOQSz0d/XoQA38ZORv6J23KzjOJ8eupvX94cQOelmojzVbdHb/Ne+X9El/giLenmqk8axmgKxGAMotB+jc0DPRp2TVbTTpwskxfV/iZ9ExVBR9DbvnviMCiAsfDGjut7M1N5rOfDVfp/F1lo43VVkFe0kqct0X4fS5qmwKiIiIiIiIiKtQm7pIaKCB/g6jHOs2IJD+H5M3wCujl/CnvRNZBTdTFSYD0PzoqigAeSWHWp0YTWj4BMPR9SwYaHxmCs/4a19j3Lg/MZTa9n6bTRhFSd8GVqrklHwiQqrLUCFVRERERERERFpFXJL04kKTvJ1GJdmtmKu+/jsF6w++Ds+K9+PgxT6dn2Km5LjsQHYs9hycCmby/bjIIKwgAe5dtDNJAYCzhIy0h7hzdNrKSOYoKBHWTToevyzbufpU9sAyM+K49dZE5kx9CUm+7CIGx2SzImSNAZGXt2o43NLD3k4ooZVuABrPAO6RnPgVJ1CasUJis7f95/FtcmPMiy0C2ag2r6Lz76+iTWFgP9NXDtgMYND4rEZASopLHiSv+1fThHwk9FHGO63kV2O0YwODqG04AGe2F/C7KFPMCwspuZ37ywhL/9JXkw/15/5dzw48WaizAAl5B5/gD9nbPPK63Epvv49tRdavEpEREREREREWoXWNWL1B6pL2H9kGUWmaSSGAc4sVu+Zz16/B7lv5H4eGfQg5F/Da5mVAGQdup31VbO4Y+h+Hhn5LrMDjpBxrrJ3LO12XiwM4epB+3lk5AdczTKePbiLsD5/4ZH+vyMM6Bu7n0dG/oXxIT57xsD3I1Ybq9THK86vObmRUmcMKcnb+e34TdyX8iQzuvevc0Q0M5KfYnRQJYczH+C1tCc5zBDG9/szcQAVIYRZKjmS8wivpT3Au9/lE975QX4SW6cJ23QG+33BnqOP8O7Rk4wb+hfGh4WQf7zmnA9PZYE1uraQGxk+CfupR3gt7UnS7SFExfyK2V57RS7O17+n9kIjVkVERERERESkVcgtO0RUUGsprC5nxUd1F7CyYLI8yI0p5+ZXPbmRvY5pTBswiahgIHgS13YdzZ/yd1GdMAmHKx+wYgsIIdgaQtLgR6kZi3uIXYX76d71JYZ3CQFCGN73QT7dt5YDjGa4zYoJMFlCCG4FawtFBydxojT9xw88p7Qy34PRNELOEp4oms+MnvNJDB1A987X06Pz9UyO38WH+29ia9liEkOtlBb8mRXZawE4YJrIb/sNYXwnOHJmGS/uWvZ9e6cmMr7b9QQH1emjehebdi1mBwCP8GBYCNXFz/NsxmvnzlnLVgCeBMBespy/ndt3IHw+f7LF0D0a8OHMBD7/PbUTKqyKiIiIiIiIiFygzuJVFV/wZtoDlHaeTUroud2O01SwiTWfx7Gm7mmWWRQBickfMOPgI/z100dx+I2ie6cHuWnQaMKNldhdcPJkCr8+WffEiZSWe+eZtXtl77A+/R3WAxDN4D5/4doeo5nabwlb94RgAoI7P8WfpjxV56QS/IOBipu4cdCDJAaEYDNaa/fm1W2/6vi5oipATXtFZ+u2VV+pffmFG3UNebugwqqIiIiIiIiItArnLztPtE7ydSjUW7wqeBK39b6eJ7IeYHX4u8zpBvhZgVnMTnmCwZY6p/lZa86xxTN51OtMBqqLD7Hm4Cz+lraN3wwGMxDbfRuLYutf5+8fAJRYW1Wx5kRpOtFNmPc22NqFMz5cJCosqD+UffX9fKqc4MA3axnVfQjxprjaraUFv2PNybqjNispLYa4vktICbaSm/tn3is8DsxiRvKPL/IUFrgUuHRxtbUJtnbxdQjtgurjIiIiIiIiItIqRAUPaLWL6ph7PcjV/ofY8c2amtGL0bMY5reWTZlfUHrumNKiNezJB6hk/96lrD52nNLSkpoFlQC7owQYwqhOceScWkZGxbkTK7LYkp2FwwiExRPlB0dOfUJpNeD06tO8QFOnZwi2RHgwmh8zihmDPuChse9wY/xNDO46i8Fdb+LaoUvoYa4kt+DPwJ85XFpJcKfFDPY/d5r/RMZHT8NUAUXVNXPk4ioBQoiLHU14g33WtGcOvZn7Emv6HJX4Gg+lLPHkE2023/6e2o/W9CWIiIiIiIiIiHRgUcFJpOV96OswLiGE0fGPsjV9KWsOT+enfQdww8i1bEl7hGc/34+DYPz9r2dabwArPULj2Jp1HTtcp4EIwoKe5KcDagqU8Snv8rOvnuSttJG85arC5DeNvl1/da6fAczu8wi53zzAE9tKGRB/hEW9fPSUgRMlX5LSbW6jj48KHkBOyQEPRtSQz1if9SK23rNJjH2CFGPN1urq4xw7tpS3vqkZSbvm4FIY8CuGJfylZt5bZwl5Z94GoOir37Er+C+MjnmCm2IqKSz4gkJGN9DnCdYcXIop+VGGxTzBTTFAdT65BWsJ8+RTbaZWu0hcG2Nwu91uXwdxurCEnXtqJkJOSYonNjrSxxGJdAzZR3MxGAxN+gEu+fj8/bq3Dd1vaFtj2AL03ZCIiIiISHtyuvxbXtz/U3419mNfhyLn/GnHJO4c+gqdbT0adXx6/kZWHGzdozUF7khZTmJnz0+5YS93eLwPX/J5VSLnRB5PPfcm9oqaodarN6Tyy3tuIDEh1seRiYiIiIiIiIg3hdt6UuU8S7WzArPR/8dPEI+qdJThdFUT5h/T6HPiw8ZgNFhwuqs8GJk0h9FgJiF8jK/DaBd8Osdq3aLqgrlXsGDuFQA8u3wVOSfyfuRsEREREREREWlP/Ax+jI65mS1Hn/d1KAJsOfo8o2Nvwc/Q+PKRvymY4VHzPRiVNNfwqOsxGiw/fqD8KJ8VVusWVW9fOIOpE4cxdeIwbl84A3tFJU8996aKqyIiIiIiIiIdzNTeD3Do9CZyS7/ydSgd2vGSLzlcuJ0re93b5HOnxf0ck58Kd62Ryc/C9Lhf+DqMdsMnhdUfFlXHjUiq3TduRJKKqyIiIiIiIiId2K2DlvGK5un0qVcO3sOtgy5v5HCwpQujom9q4YikJYyPXUyQJcLXYbQbXi+sNlRUPU/FVREREREREZGOq7OtB6NjbuGDb/7T16F0SKsP/44JPe4gzD/6stuYHv8LugX1a8GopLl6hKQwNe5BX4fRrhjcbrfbW501pqha147d6bz0xnps/laW3nsDsdGRLRKHvaKKP7/wDllHc2u3WcwmEnpH85PZk4iJ6tKs9ouKy/jjX17jhrlXMGxQ3wv2H8k+ybIVa1hy22zienZvVl+Xa83GnaRnHOXBu+Zj89fw/I4q+2guBoOhST/AJR+fv1/3tqH7DW1rDFuAz9ffExERERERD/rbvlsY0m0OI6Ju8HUoHcau46+Rlr+BO4e83Oy2iitP8uzu+RRXftcCkUlzdLb15L4R7xBoDvdqv/Zyh1f78zavjVhtalEVPD9ydfoVw3nysbt58rG7+c2/3EhQoI0nn13JwUNHWrQfEREREREREWm6nw39J/u+e5+13/ze16F0CKsP/67FiqoAodbuLE55EasxqEXak8sTYA7jp0OWe72o2hF4pbB6OUXV8zxZXPW3WggLDSIsNIjY6EgW3ziDgf17s3pDKuX2yhbrR0REREREREQuz91DXyPE0pU/7phIbukhX4fTLh0v+ZI/fDqecP/oFiuqntc9qB+/GfcJPUOHtmi70jgxwQP55ZiNdLb18nUo7ZLHr6OtW1TtGxfTpKLqeeNGJJH6eRqHjxznqefebNFpAeoyGY1MGD2IZS+v5tiJPPolxHIk+yRvrt5Kds4pnC4XQwf24bYbphNgs1JYVMKKtzZx6HA2Rj8/hg3uy/WzJ9a2l/tdAes/fpXs498RGRHGnTfPpFdst9r9hw4f5cXXPyTvdBG9e3Tnzptn0qVzp3P7snn9vY85lV9IgM2f6ZOGM33ycExGI6fyi3hrzSd8dTibaoeD3j26c/etswgPC6mdZmDU0H7s2vMVUd06c98d8ziUcZRX3tpE6dly+sbH0jUirMVfPxERERERERFPmNjzTpIjr2LFwSX0j7iSK3ouwWoK9HVYbV6lo4wtR5/ncOF2lgxf2aw5VRsSYA7jnuFvsif3LdZnPU1Z1WmP9CPfsxgDGBtzG1f2vg+rUbniKR4vrD713ErsFVUt1t75kat/+f39LdZmXUGBNgwGA2fL7QAUl5Qxamh/fnbLNZSetfPXFWv5aPs+Zk8fw3sffkpVVTW/+/ViXC4X23YdpLTMTlCgDYDU3Wn89KaZBAcF8OLrH7Luo8+5+9ZZAFRWVpGekc2SRXMAeOWtjfzjtQ958K75nC4s5h+vrWP0sAFMGT+fozmneOXtTVgsZqZOHMrZ8gp6xXZlwdzJuFwuXl65gXc+2M6dN18DQEVFJZ/t+5prZ44nqV8vTuUX8crbmxg9fABTxg/haM4pVry1kW6RGgIuIiIiIiIibUO4LZafj/qAj759hidTJ2MxBRAVNIDokOSa2+Akgq3NWzOlPSutzOdEaTq5ZYc4UfIluaWHcLqrGR1zCw+MXO3x/g34MSJqAYO6XsPH3z5L6vFXqHKWe7zfjibIEsGo6BsZF7tIl/57gccLq2NHJJOYEMtzy1dhr2j+5fX3Lp5LRmZOC0R2cVVV1TidztrHQwb2qb0fHhZCr9iunDxVULvNZrMSGhKIv9XCgrmTgZrFqwCumTaGhN413/Yk9+tNesZRqqprJu318/NjxuQRxHSPAODamRN44ZW15H53moysHEJDgpg5ZRSBAf6Eh4WQefQE+778hgmjBhLXs3u9Ra/69+1JesZRKiprCthGo5Gbr5vC4KR4AHZ8nnbR9o5kn2zx109ERERERETEk6b0vp8re91Hof3YuSJhGqnHX+ZEabpGQjYgyBJBdHASUUEDSOk2l5l9HibMPwY/g9eW3wHAagzi6oRfc3XCrzl0+iMOnvqAU2e/obyqiLPVhVS7KrwaT3sQHzaa7kH96RcxmT7h430dTofi8cLqwnmTa+/n5ObX23e6sISHf//CRc977F9vvejl/kOSExiSnNCyQdZRVe3AbDLRKaRmYuWMzBzeXbedk6cKawvDI1ISAZg/ayKvvvMRv3j0OQICrEweN4Tpk4bXtmXzt1yyH7PZRHBQQO1ji9lEtcPBmZIyTuUXYTGb8PP7/s3N5m/lTHEZFVVVFJwpYeX7Wzh2Io+yszUja+N7RV2y7Uu1JyIiIiIiItIWGQwGOgf0pHNATwZGXu3rcOQyDYiYwoCIKb4OQ+Syebyw2pCCwmKgZiRoRFgIAKeLSigsKvHJ4lEOp5Ptuw4S1imY7l07c7a8gpWrtxIWGsTDD9yIv7+VV9/ZXHt8p5Ag7ls8F7cbjuZ8x7IVawjvFEz/vj1/tK/qagelZd8Pea9b0O3aJYyc3HxcLlftfntFJZ1CgzAbTbyzdhulZ+38/GfzCQkOZPO2vWQdzb1kX127hHEk+yTVDgc2LLXtiYiIiIiIiIiIyOXx7njvSxg3Ioml9y1g6X0LLrm4VWJCLLOnj2nRfisqqygqLqOouIzs46d45h/vc+hwNjdeeyUBNit+fn5YzCYsZhNWi5lvs0+S+e0JAJxOF2+t+YQ9Bw5zpqQMgwH8DI0vWLpcLtZv2c3xk6c5fvI0763bTveunYnqFsHA/nEUl5Sx7qPPKCwqYd/Bb9i55xBDB/bBZrPib7VgNhnxt1ooKCxm38HDDfY1sH8c5fYKNmzZXdte6u70Zr9+IiIiIiIiIiIiHZVPR6w2xZyrxrZ4mxu37mHj1j1AzaX4Cb2jeWjJT4iJqpns2uZvYeG8yfz91XX85vcvkJKUQM+YrkDNZQdR3SJY+f4WzpSUYTIaGTcymXEjkxu1WJfVaqF/nx78+W/vUFxaRu8e3bnjxhnY/C3ERnXhpzfN5PX3PmbTJ3sIsPkzfdJwrhg3GIMB5l8zgb++spZH//QiPWO6kZjQg+/yCi/ZV2xUF269fhqvvvMRmz7ZQ+8e3UlJTmjwHBEREREREREREbk0g9vtdnujo7seehqAF55+qHZbRmYO//X8m8yePqa2cLp6QyprNu7kl/fcQGJCrDdCE+mwso/mYjAYmvQDXPLx+ft1bxu639C2xrAFtJnvhkREREREREQ6HHu5w9cheFSrmAqgMVZvSGXlqi2+DkNERERERERERETEe4VVm7+lWeev2biTHZ+ntVA0IiIiIiIiIiIiIpfPa9fRpiT3YeeedJa/sZ5xI5IByMnNv+TxObn5tZcH79idVtuGiMh5bjdc5iwCIiIiIiIiIuJBbpevI/A8rxVW51w1loysHFJ3pzdqRfofXvYfHhbCwnmTPRWeiLRBbrf7sudnFRERERERERHP8dKyTj7ltcWrAMrtlaTuTqPcXllv+5DkBGKjIwHIOZHHF2mZ9fYH2KyMHZFMgM3qrVBFOoS2vniV2eKHydRmpooWERERERER6TAcDhfVVe172KpXC6si0rq09cKqn9GA1Wq8rHNFRERERERExHMqK524nO277KihXiLSZrX3N2gRERERERGRtqojfGZXYVVE2jSXq/2/UYuIiIiIiIi0JR2hqAoqrIpIG+fsIG/WIiIiIiIiIm1FR/msrsKqiLRpjmpXh1hpUERERERERKQtcLvdOBzte9Gq81RYFZE2r72vMigiIiIiIiLSVnSkz+gqrIpIm+d0ujXXqoiIiIiIiIiPuVzuDjMNAKiwKiLtRHWVC80IICIiIiIiIuIbbnfHGq0KKqyKSDvhcrmprnL6OgwRERERERGRDqm6ytnhriZVYVVE2g2n093hvh0TEREREZH/397dx0VZ5/sffw/DzQzKIAio3JgiKxZYmWmpaVmmVt61VlpbbXpW23JPtmvt7jnd7enmt9uN56ztydo8Jy07Ba6VZhaWpdlKJd4nJSR4M4DKrYzCcDvz+wOYRAFBYQaY1/PxmAcz1/W9rutzwSN88O57fb4APK26yuFVLQAa+Hq6AABoTzU1DjkcTvkHGGUweLoaAAAAAAC6L6dTqqr0vpmqDZixCqDbcTicqqzw3l/sAAAAAAB0tLq/vWu8+m9vZqwC6Jaczrpw1dfXR0Zfg3x8mL4KAAAAAMCFcjicqq1xqqaGVnwEqwC6tZoah2pqJKOvj4xGyejjI5GxAgAAAADQak6n5Kh1qNYh1RKouhCsAvAKtTUO1dZIkkM+RoOMPgbJIPn4GGQwGOjHCgAAAACA6kJUp9NZ94i/U6p1OOXwwoWpWoNgFYDXcdTyjwIAAAAAALgwbg1Wrbn5Sl67WRlZ1jYfazYFaNaM8RozIqH9CwMAAAAAAACANnBbsFpYbNOLS1fJXlGp6MhwBZoC2nS8NS9fK5JSFD8oRmGhlg6qEgAAAAAAAADOzW3B6sYtO2SvqNSs6ddpwrjhbT7+ww2pWvfp1yoqLiVYBQAAAAAAAOBRPu66kDU3X5I0ekSiuy4JAAAAAAAAAB3CLcHq1rR0WfMKJEnLk1JUbq9sclxD+AoAAAAAAAAAnZlbWgHs/u5H2SvqwtTd+w6oqLhUgVERrv1b09KVvGaT7BWVLFIFAAAAAAAAoNNzS7C6YO4MvfhKsjKzc7Rs8aJG+wqLbVqRlCKzyV+DY6OVmZ2jFUkpGpYYp0Bz2xa4ai17RZWWLHtPWYfyXNv8/XwVNzBKt0+9VtGR4Y3GSdLCeTNlNvl3SD0AAAAAAAAAuha3LV7VnN37fpQkTRg3XNMmjVbSmk36/KudsubmKz4upkOvPfG6K10LaZ06Va6UTWl64ZVk/eoXN+vSS2JlCvDXgjkzJEmmgPYNVV9f+ZGKT5wksAUAAAAAAAC6ILf0WP1wQ6qrx+pLS1epsNjm2hcTWdcSYPe+A8rMylFmllWSOmy26ulMAf4KCe6pkOCeiomK0Jw7J2voxQP14YZUldsrZTBIQT3NCupplsHQ4eUAAAAAAAAA6CLcMmO13F7p6rF6JPd4o329Q4NlNgXImlegF5cmS5LMpgCZzSZ3lNaIr9GosVdfqtfe/FBHcvM1JC5Gr6/8SJI0/54pWvfp19qTnqWYqAht2/mDfn7LWI0ZmajVH23R12npcjicGjMyUbdNHSdTgL8cDqc2p+7W+s++ke1UuXpZemrS+BH67MvtKj5xUpL00GN/07RJozV14ih9n3lY737whY4XFCvQbNLEa6/UxPFXytdoPOva0yeP0Xc/ZMtsNun+e6bIaKzLyN9bv0U/ZucyExYAAAAAAADoQG4JVmfPGC9rbr4ys3P08nP/6tpebq/U04vfkr2iUtGR4RqWGKdd+w4oJ69ALy1N1pOL7nXLzNXT9exhlsFgUFm5vcn9h3OOq0egSQvnz1R0vwitXrdF6RkH9dv7b1NQz0C9mbxB6zd+o5m3jFNq2j6tXrdFM6eM1RWXDtaRnOM6XnBC//7wL7TyH5+p1Famf7nrJgVbesqaV6D/fedjXT38Et1wzUwdsh7XytWfyd/fTxPGXXHWtWMiI9Szh1lrUraqqMSmiLBeKrdX6ofMIxo5bAihKgAAAAAAANCBPNpj9cMNqbJXVOqGsVdo9ozxkqRpk0brjXdT9PX2dG3cskPTJo12a01VVdWqra1tdn+f8BDNvfMmBVt6qNRWpvSMg7rlxlGKGxglSbrphqv0yeff6kTpKaVu/15XDb9Y119zhQwGKSS4p+s8/n6+Mhp9FGzpKbPJX9/9kK1gS0/dfMNV6hFoUmiIRQcO5Wrndz9q7FVDz7q2JCXED9DHn3+rzOwcRYT1UtahPJWV23V5YlwHfocAAAAAAAAAuCVYTVqzSZnZOZKkhx77bz256F6FhVpkzc2XJGVmWfXS0lWu8eX2CklSxgGrNMkdFf6kqrpGfr6+6mXp2eT+nj3M8vf3kySVniyTvaJKbyZv0JvJG1xjQnsFyXaqXCdKT+nin/VvVX/W4wUl8vfzlY/PT21vzaYAnSg9pYqqqrOuLUnBlh6KHxSjb3d8rxGXxWvndz9qyM8uUnjvXudz6wAAAAAAAABayS3BaqA5QGaTv+wVVYqJDD9rf8PCVk0d5041tbX66pu9CukVpH59ep9zfHBQD5lN/po+eUyjWaI+Pgb5+/qpV3BPFZ84KadT5wxX+4SHyJpXIIfD4dpmr6hUr+CeMvk3/1j/1cMv1v/838faf+CIMg5Ydeet17PQFgAAAAAAANDB3BKsTps0WhkHrMrMztGjC2a5tp/+/lwaQtb2DFsrKqtUUnpKkmQ7WaYPPv6nDucc12/mzmjVdSxBPZQQP1Bfpu7RRdF9FNIrSMfzi1VQVKprrhqqK4b+TB9uSNXA/n019OJYHck5rqISm66/ZpgGDYjUwS07VFRiU3S/MA29OFaff7VTH3/+rW64ZpgOWY/r6+3f65YJVysgwK/ZGi6K7quIsF5a9eFm9Qg0adCAyHb7/gAAAAAAAABomkd7rEpSYbFN6z5NVVGxrdH2+LgYTZ04yvV5wrjhGj0isV2D1U83b9enm7dLqut5GjcwSot+fbuim5hV2xSDQbpt6jit/miLFr+6StU1NQrv3UvTJ4+RJF035jJVVVXr/fVfaeU/PlNYaLBuvfkaOZ3SqCsT9GN2rp5e/JauvGyw5t8zRf9y181694Mv9NmX2xVoNmnitVfqujGXtViDv7+vLk+MU9KaTbp96rVun+ULAAAAAAAAeCOD0+l0dvRFXnljjXanZ7k+P/m7exQTFSGpro/qS6+uOusYs8lfLz/3rx1dWrewJz1LSWu+0G/vv10RYfRXResdPpQng8HQppekZj83vD/9a0vvW9oGAAAAAADQmbllxurlQ3+mjCyr7BVVujxhkHqHBrv2xcfF6JEH7jjrmNPHSFK5vVI5eQUaPCi6w+vtSmprHdqalq6YqD7qHWLxdDlAp2cwSEZfH/n4GGQwqP5FsAsAAAAAQAOn0ymnU3I6JYfDqdoahzp+ambX45ZgdcyIBKVu26fM7BzNmnH9WY+rx8fFnPMcqWn7lLx2sx554I5WjfcWeccKlXUoV/fePlFGo4+nywE6JYNBMhp95GM0yGgkRAUAAAAAoCV1T6bWvTcaDfLz81FtrVOOWqdqawlZG7gtiWt49H/3vh/P6/hye2V7V0PzOwAAIABJREFUltNtxERFaPGfHtBlCYM8XQrQKRmNBvkHGOXn70OoCgAAAADAeTIaDfLz95F/gJG/r+u5bfGqCeOGu2adpqalK9BsatPxR3LzJZ3dIgAAmuLjU/d/1Hz4ZQ8AAAAAQLvx8ambwOSodaq62iGHw3unr7pl8aoG1tx8Ja3ZpMzsnDYfazb5a9aM6zVmREIHVAZ4p+66eFXdL3kfeqcCAAAAANCBnE6nqiq9N1x1a7AKoHPpjsGqr5+P/PzoNwwAAAAAgLtUVzlUU+PwdBluR/oAoNvwqW+oDQAAAAAA3MfP3ztb8ZFAAOgWDAaD/P2Nni4DAAAAAACv5O9v9LqWfASrALoFf38fednvbwAAAAAAOg2Doe5vc2/iXXcLoFvyMRq88pEDAAAAAAA6E2/7+5xgFUCXR19VAAAAAAA6B2/6G9177hRAt+Tr6yMfH+/5v2EAAAAAAHRmPj4G+fp6R+ToHXcJoNsy+hKqAgAAAADQmXjL3+oEqwC6LINBzFYFAAAAAKCT8fExyOAFK0wTrALosoxGfoUBAAAAANAZ+Rg9XUHHI5UA0GUZ+A0GAAAAAECn5A1PmBJLAOiyvOGxAgAAAAAAuiJv+JudYBVAl+XjBb+kAQAAAADoirzhb3aCVQBdFq0AAAAAAADonLwgVyVYBQAAAAAAANDOCFYBAAAAAAAAAGfy9XQB1tx8LU9KkTWvQJIUExmuObMnKyYqwsOVAQAAAAAAAEDTPD5j9Y36UDU6MlzRkeGy5hVoeVKKp8sCAAAAAAAAgGa5dcaqNTdfH376tez2SvUOtWjW9PHKqQ9Vn1p0ryTpPxa/JWtegcrtlUpeu0lFxTaZzQGaNnEUs1gBAAAAAAAAdApuC1atufl6cekq2Ssq6zZkSRkHrJKksBCLa1xYiEU5eQV6evFbKiqxubZnHLDq0QfvIFwFAAAAAAAA4HFuC1Y/3JAqe0Wl7ps9WcMS47T83U+0Oz1LoSEWTZs02jVu2qTROpJXoKISmy5PGKQ5d96kXfsOaEVSij7ckKoFc2e4q2QAaLVjp/Yro+grZZV8rRMVuTpVVaSy6mJPl9Vl9fDrrZ7+vdXLFKm40FEa3Huc+vaI93RZAAAAAAC4uC1YLbfXzVQdlhinQHPAWQGpNTdfZrNJMVERev7xeY32DUuM04rTzgEAnYFTTn1fsFEbDy5R3snvPV1Ot1JWXaSy6iIdL8tURtFmrf/xz4oMukQ3xj6si8NukEEGT5cIAAAAAPBybgtWe4cGS9k5Wp6UogVzpru2n9kiwGwK0LChcZo1fbwCzQGSpOXvfvLTOdqBvaJKS5a9p4T4AZo6cdRZ+4/lF+ulV1fpzluv1/BLB7d4rh17M/Xam+v0619OPedYAN3HiYpcrfxugXJsez1ditfIO/m93twzX9GWS3XP0FfUyxTl6ZIAAAAAAF7Mx10Xmj1jvEJDLNq970Cj7WazSZKz7r3JX5JTqWnpemlpsmuGakPLgNkzxrdrTV9vT1dhsa3RNqdT+urb71RqK2vVOYZeHKsXnrxfQy+OPedYe0WV/vK3d/X6yo/Oq14AnUNm0Vf667e3EKp6SI5tr/6Wdqv2F272dCkAAAAAAC/W4cGqNTdfTy9+Swsf/28Vl9gUWr9QlTU3X4XFNoWFWvTog7NkNvnLXlGlaZNGa9SVCbLmFWjp8rWSpNAQi4pLbFr4+H/r6cVvyZqb3y61FRSV6uvt6Y22HS8o1rc7f2j1Ofz9fBUS3FP+fm6b/AvAQ5xyavPhv+uN3XNkr7Gd+wB0mFNVhVqx51facmSZp0sBAAAAAHipDk8Dk9ZskjWvQNGR4Qo7baGqF5cmy15RpftmT9aYEQl69MFZevo/V2prWrqeWnSvMrKsysiySpJ+M2e6PtyQqsISm6x5BVqelKInF917wbUNG/ozbdu1X6OuTFBYaF3guzVtn3pZesrpcLrGHS8o0T/WfakfMg+ruqZGA/v30/33TFFoiEXZh4/qtbfW6df3TlVIryD95eV3NHpEonZ996PyjhcqIixEv/rFzXI4nPrr66tlr6hSlqS03Rmu9gHfZx7Wux98oeMFxYoIC9FdP79Blwy+yHXua0YmamtaukpO2Bpdu6KySilfpOmrb/fKdrJclp6Buuf2G3V5YpxKSk81W8uAmL6SpEPWY1r5j89kzcuXn6+vRo1I0G1TxkmSVn+0RV+npcvhcGrMyETdNnWcTAH+F/w9B7qyffkblHLgBTnlPPdgdDinHPr4x7+ob494De49ztPlAAAAAAC8TIfPWM3MzlF0ZLieWnSvFsydoZioCJXbK2WvqJIkrUhK0da0dB3JK5AkhdXPaG34WlhsU0xUhBbMnaGnFt2r6MhwWevHXqhhiXHqZenhmrWaX3hCu747oOuvGSZfX6NrXFl5hQbE9NGfHr1Pz/xhrow+Pnpv/VdyNpOtfLMjXXffNkHP/GGuegSa9PHn2xTVL0yPPXy3BsT01WUJg1ztA6x5Bfrfdz7WpZfE6i+PzdPk8SO08h+fKb/whCSpoqJS6RmH9K//cqv+feEvZDtZpk2puyVJDodTNbW1euhXP9cLT96vsVdfquS1m1R84mSLtdTWOnQsv1j//cYahffupef+7Vf6t4W/kNnkr5oah1av26L0/Qf12/tv058e/aXyjhVq/cZv2uV7DnRVR0/uV1L6bwlVOxmnnHr7u9+weBgAAAAAwO3c0mP1zLWbGxalquupWheurkhKkSTFx8Wo3F4pa16BzCZ/10zSjuDv76uJ143Qtl37VVhs01ff7lVk3zANHhTTaFzsRf005cZRCu8drD7hIbp48EUqKrGporKqyfPecuMoxQ2MUp/wECUOGSjbyTI5HE5ZgnrIaPRp1D7gux+yFWzpqZtvuEqhIRaNvOJiRYT10iHrMUmSn5+vbr15rKL7hWlATF8N7N9PRfV9YQPNAbptyjhdFN1HIcE9deklsap1OHWi9FSLtVRV12jndz/KFOCvO2+9XuG9gxXdL0wzbxmn2tpapWccbHTcTTdcpayDea4FxgBvlJT+W9U4+G+gM6qsPaVV3z/i6TIAAAAAAF6mw1sBNMwwfXrxW+odGqxpE0cpJiqiPlQ1aNb067TruwPqHRqs/lHhGj0iUUXFpbJXVMpsCpA1N18xURGSpBdfSVZOfVuB9hI/KEa9Qyxam7JVB48c1S/vmCijsXHenHe8SMlrNulIbr5OldklSYMGRDZ7zobAuDWOF5TImpuvh594pdH2uIFRCgsNltFobLZ/a0VlldambNXOvT+qpPSUnE7nWddurpbjBSXq2cMsf3+/RttLT5bJXlGlN5M36M3kDa7tob2CVFFZLbMpoNX3BnQXe46v07GyDE+XgRYcPbVf6QWfKiF8oqdLAQAAAAB4iQ4PVufOnqw3klJkzSuoe+Xm6y+Pz9OEccO17tOvZc0r0KMLZkmSyu2VKiouVUxUhO6bPVkrklL04tJVevTBOxQTFaHCEpuiI8M1d/bkdqvP399Xk8eP0N/e+EBXDP2ZYi+KlO1UuWt/ba1D7320RSfL7Hp4/kxZgnpo45YdyjqU1y7X7xMeov5REfrVL26W6bTQ0hTgr6PHi1o8dvueTG3dtk+zZ1yviwdfJGtuvt5e/Vmrr5t1KE9VVdWNwtfgoB4ym/w1ffIYXZ4Y59ru42NQUI/ANt4d0PU5nLX65MCLni4DrfBZ9l91cdgN8jEYzz0YAAAAAIAL1OGtAGKiIvTUonu15NnfqHeIRUUldY+xTxg3XNGR4UpNS9cfn12ml5au0h+fXeZawGrMiATdN3uy7BWVenHpKllz8/X84/P01KJ7XTNY20tcbJQe+OU03Xrz2LNmq/r4+MgU4C8/X6NMAf4qKi7Vzr2Z53Uds8lfUX3DVFRiU+nJMknS0ItjdbLMrrTdGXI6HKqpqVXa7v2umbEtni/AXwaDQUE9A1VTU6vUtPRm2xOcaejFsbJXVOqDT/6pgqJS5Rwt1Acf/1O+vr5KiB+oL1P3qKS+V+vx/GLtTc+WwXBmUweg+zt4Ik0lFTmeLqOd/VoLrsvW89cs1/DWDI95R3+6IVuLLm5uwBzNH5et569+of1KPA9HT+3XwRNpHq0BAAAAAOA93NJjVZKS1mxSUYlNlycMklTXH/TRB2dp1JUJKiqxKSPLKqnuUfaGBa2aClc7gq/RqMQhAxXaK+isfQaDNPOWsZKkJ55/Q8lrNys+rv95X+uWCVdJkh79j9e07tOvFRMZrvtmTVLa7gz98bll+tOLK2TNLZCf37lnXF2WOEijRyRq6fK1eva/3lZ4WHCjWa8tiYkM17/cdbOyDuXpsT//j57/27uqqq6W0WjQbVPHKS42SotfXaU/PPN3rVz9mQIC/M59UqAbyi7pnAu3hcQ8o1ujos7v2Pgp6m+UFHC1rr6ofevytM768wIAAAAAdD8Gp7O5te3b14uvJCszO0dLnv2Na/Gqplhz8/Xi0mTZK6p03+zJGjMiQVvT0rUiKUVmU4CrLQCAC3f4UJ4MBkObXpKa/dzw/vSvLb1vaVtrmAM7vJuJ3twzX98Xbuzw67TVmCt260Yt0Z92Lm/jkVfpztHvKqHqVX3rM1fX+KzT37/5vbJbOiTmHf1p8NU6mRerxT80NWCO5o97QoOqVusP3/y+jfW0r0vCJuiXl73u0RoAAAAAAHXs5TWeLqFDdXwqUa8hTN2174DGjEjQK2+s0e70LPUOsWjBnOmusDQmKkKPPjhLLy5N1oqkFEnSmBEJknRWz1UA6Gjdrg3ARb9XgrlA2Qdf1DpdossuuVbX9ZOyj/40JCRqieYOmqoIP0m1OcoqtjU+h+ku3Xn573V5D4ukShWXfKkKd95DC05WFXi6BAAAAACAl3BbK4Bpk0a7HvOft2ixdqdnKbS+5+qHG1IbjW0IV5trC/DK8rXuKhuAlztZVejpElxCoh7XnQlLdGfCEsX7B8jXf5zr89RWtQWI0q19hsnv5Kf64Kiko68pyx6u2Khf/zTE9Lju/dlUhTi+0Tf7H9I7P34pv16XyHzaOaZe+oQuN1UqK+dxvbPvGWX6XK3ITtItpDP9vAAAAAAA3ZvbgtWGsPTyhEEaHButUVcm6KlF90qSa0ErSXrj3RQ9vfits8LVjVt2asyIBEVHhjcaDwAdpdZRo/LqEk+X0X56/V6Dgyp15PgTqrurb5VyfJcUPEW3murHDLxWkUabjhy+Sx/kfqQ9uU/oldxdqnadZKEGBwXIbntNr2e8oz3H39EH2/9PR2o9cD9NsFUeV62j+twDAQAAAAC4QG5rBSDVhasL5s5otC06MlzWvAI9vfgtSZI1r0ChIRbX+Ia2AMlrN2njlh0qKrEpOjLcnWUD8FJGH18F+oXoVCeZBVmS+6zeza17P+aK3eqvLXo3vfU9VocPuFqhClBoXLaej2u8L2HITH2w+736TwUqsZ62s6pSZ3bFOWk//bqFqna0uowOFejXS0afTjJ9FgAAAADQrbk1WG3K3NmT9UZSiqx5dX3xoiPDNXf2ZNf+hnA1ac0mZWbnaHBstGbPGO+pcgF4mSD/sE4TrF4Q0zO6pne4igseV8rxxrP+Tf2e0M973aXr9J42S5LCFRIjqSFc9Q846x+LIPMcSQ3hapj83Pb8Q8uC/MM8XQIAAAAAwEt4PFiNiYpwtQRoacyjC2a5qSIA+EmQf7iOar+nyzjL9wXrFOH4tNXjYwddq0h9r28y39GeM1eaqrxR1w2fqsvio7T54JfK6zNXgwa+p1sdy5Wtq3RN1DD9NAd0iTJPTtU1IQu1IL5S/zwhxcb8Qv2N7XRjFyjInycaAAAAAADu0UnmGAFA5xQZdImnS2hSifUJfZCb28rRM3VdSLR0cpc2nxmqStKJF5RdJkWGP6vhFc/qrR/XKV/DdPWQl3XXkInSie9ldw3O1bq9z2h3mdQ/+lndlfisEvSN8jpJW9P+wcM8XQIAAAAAwEsYnE6n09NFAPCMw4fyZDAY2vSS1Oznhvenf23pfUvbWsMc2PGT7vNOfq8l26Z0+HXQPhaN+kwRgYM8XQYAAAAAQJK9/MwVO7oXZqwCQAsigy7RwF4jPV0GWmFgr5GEqgAAAAAAtyFYBYBzuDH2YU+XgFbg5wQAAAAAcCeCVQA4h0EhVzNrtZMbHDpWg0Ku9nQZAAAAAAAvQrAKAK3w8yHPyWQM8nQZaILJGKRpg5/ydBkAAAAAAC9DsAoArRDRY5BmJ/6XDDq/hbbQMQwy6M7EJQrvEevpUgAAAAAAXoZgFQBa6eKw6zVp0COeLgOnmTToEQ0Ju87TZQAAAAAAvBDBKgC0wfgBD+jeS/8uPx+Tp0vxan4+Jt176d81fsADni4FAAAAAOClCFYBoI0Swm/Ug1euVt+eQzxdilfq23OIHrxytRLCb/R0KQAAAAAAL2ZwOp1OTxcBwDMOH8qTwWBo00tSs58b3p/+taX3LW1rDXOg73kd116ccmh73j+UkrVYp6oKPVqLN+jpH6ZJgxZpROTtMvD/BQEAAACg07OX13i6hA5FsAp4MYLV9pNV8rUOFKfqcOlOnazM16nqYpVXl3i6rC4r0C9EPf1CZTH11UXBV+hnoWM0sNdIT5cFAAAAAGgDglUA3RbBKgAAAAAA6CjdPVjlWUoAAAAAAAAAaCOCVQAAAAAAAABoI4JVAAAAAAAAAGgjjzQoLLdXat2nqdq6LV32ispWH9c7xKIJ44ZrwrgrOrA6AAAAAAAAAGiZR4LVV95Yo8zsHJlN/hocG93q4zKzc5S8dpPM5gCNGZHQgRUCAAAAAAAAQPPcHqxac/OVmZ2j6MhwPfrgLAWaA9p07NP/uVLrNqQSrAIAAAAAAADwGLf3WDWbTRocG61pk0a3KVSVpJioCA2OjVZRia2DqgMAAAAAAACAc3P7jNWwUIseXTDL3ZcFAAAAAAAAgHbj9mC1sNim3fsONFq06vKEQYqJinBbDfaKKi1Z9p6yDuW5thkMUp/wUN156/W6ZPBFbqsFAAAAAAAAQNfjtmC13F6pdZ+mauOWnWft+3BDqmIiwzVr+njFx8W4qyRNvO5KTRg3XJLkdDj0+T936Y13P9Hv7r9dkX17u60OAAAAAAAAAF2LW4LVcnulXlqaLGtegUJDLLpx3BWKiayboVpYYlPqtn3KzM7RS6+u0n2zJ7e4MFWgOUBmk3+71GUK8FdIcE/X57FXDdW3O35QfmEJwSoAAAAAAACAZrklWH3ljTWy5hVo1JUJmj1jfKNFq+IljRmRoK1p6VqRlKIVSSnqHxnebGuABXNndEiNDodTe77PktkcoP7113595UeSpPn3TJEk7dibqTeTN+jh+bdJkv76+mrZK6pc5zCb/PXw/NtUUnpSr725rtH5Q3sF6Y8P3dUoyAUAAAAAAADQNXV4sLo1LV2Z2TkaHButuXdObnZcwyzVFUkpSl67WY88eEdHl6YPN6Tqww2prs+WoEA9eN90hYZYznls/+gIPfOHuXI4naqqqtYb734io9GovhGhio4M1wtP3i9Jsp0s06srPtTgQdEK6mnusHsBAAAAAAAA4D4dHqzu/u5HSdK0SaMl1S1etSIppdGYUSMSNKb+tXHLDmVkWVVYbFNY6NkBpzU3X+X2ynbpxdpUj9WlK9bq4fm3KSYyvMVjfY1GBVt6yOmU1m/8WmXlFVo4b6ZrNq5/cE/V1Nbqg4+/UmiIRbNnXC9fo/GCawYAAAAAAADgeT4dfYHd6VkKDbG4glC7vUIZWdZGL2tuvmv8sMQ4SZI1L7/J8yWt2aSXXl3VLrU19FgNCe6p0BCLbr7hKgVbeiozy9rqc6Tt3q/NW/dozuzJCu8d7NrudEopX2xT9uGjmjN7cqP2BwAAAAAAAAC6Nrf0WA077dH6mKgILVu8qNmxDb1Vrbn5rpC1gTU3X5nZOa16VP9ClNsrm9xeW+to9DnrUJ7e/eAL3TLhag0aENloX9ru/fp083bNu3tKo8AVAAAAAAAAQNfnlmDVXvFTUNlSKwBJrtmrvUPrwsiNW3bIbDbp67R0ZdTPJG1oK3ChKiqrVFJ6SlJdK4B/btun4hKbhtTPru0datHe77NVUHRC/v5+2rx1t+vYgqJS/e87n2hg/766PHGQ6zw9Ak2y5ubrnfc/19XDL1F0vzCVlJ6Sj8GgHj1MtAMAAAAAAAAAuoEOD1ajI8NlzStw9UxtaAVwutAQy1nBav/6HqfJazc3Gjd7xvizZrKer083b9enm7e7Pvey9NS9t09U3MBoSdL40ZcrMytHj/35fxXUI1CjRyaosMQmSTqSe1wFRSdUUHRC//bc/7jO8etfTlXesSKVlVdo09bd2lQfxppN/np4/m2Kvahfu9QOAAAAAAAAwHMMTqfT2ZEX2Lhlh5LXbtYNY6/Q7BnjWxxrzc3X0/+5UqEhFj3/+DxJUsYBq95ISlFxiU1TJ45qt9mqAKTDh/JkMBja9JLU7OeG96d/bel9S9tawxzolkn3AAAAAADgPNjLazxdQofq8MWrRo9IVGiIRZ9/tVNb09KbHVdYbNMry9dKUqMANj4uRk8tulezpl+nCeOGd3S5AAAAAAAAAHBOHR6sBpoDXEHp51t2KDMrx/W4v1S3UNTGLTv19OK3VFRi06grE8561D/QHKAJ44Yr0BzQ0eUCAAAAAAAAwDm55Tnacnvd4lXWvAK9uDS52XE86g8AAAAAAACgK3BLsBoWYlFoiEVhIRbFx8XImpvvClulusf9R49IVFioxR3lAAAAAAAAAMAF6fDFqwB0XixeBQAAAAAAOkp3X7yKVAIAWnC84ISnSwAAAAAAoN31Ce/l6RK6PIJVAGgB/9AAAAAAAICm+Hi6AAAAAAAAAADoaghWAQAAAAAAAKCNCFYBAAAAAAAAoI0IVgEAAAAAAACgjQhWAQAAAAAAAKCNCFYBL+V0Oj1dAgAAAAAAQJdFsAp4qdpah6dLAAAAAAAA6LIIVgEvVVtb6+kSAAAAAAAAuiyCVcBLne+MVYPB0M6VAAAAAAAAdD0Eq4CXqq1hxioAAAAAAMD5IlgFvBStAAAAAAAAAM4fwSrgpVi8CgAAAAAA4PwRrAJeqrKyytMlAAAAAAAAdFkEq4AXqqmpVVVVtafLAAAAAAAA6LIIVgEvVFZW3uJ+g8HQbtdqz3MBAAAAAAB0FgSrgBcqL6+4oOMJSwEAAAAAgLcjWAW8jNPpVEVFZaNtDUFpRwemBLIAAAAAAKC7IFgFvExzs1XPDFdbG4ISlgIAAAAAAG9EsAp4mfIye5vGE5wCAAAAAACcjWAV8CIVFZU6VVYugwwyGH56AQAAAAAAoG0IVgEvcqLE1qbxhK4AAAAAAABNI1gFvITdXqFye9P9Vc+lqYC1pdC1LYEs4S0AAAAAAOiKCFYBL1FYUHJBx7dXkAoAAAAAANAdEKwCXuDUqXJVV1d3+HUIWAEAAAAAgLcgWAW8QFHhhc1WBQAAAAAAQGMEq0A3V1hYopqaGk+XAQAAAAAA0K0QrALdWOmJkzpRUtrkvobH9pv72tIxAAAAAAAA3o5gFeimyk6Vq6CgSAaDoS4Qrf9qkOGcoWprw1WCVgAAAAAA4K0IVoFuqMJeqaNH8y/oHK5A9gLP0Z2UHt6nI7b2PmuFjh44qKbnFQMAAAAAgM7K19MFAGhf1dU1ysk9KqfT2S7BZncLR8/ffr3/+lcyP5io/pYmdh//TE+/sFe971ukBUNP2168R8uXb9K2vFrVSDJHRmvm7Jm6Nqrh12+BvkxaK/ttD2vOkBYuf/wzPfHCXh07c7uvUX0j4zT1nikaGXoBt9eRvkvWvBXSg4tnadh5HL5r+WIt3df0vsvP/H57ygXeIwAAAACg6yFYBbqR8nK7cnOPyelon1C1wZnnOp9zd/WAtnrXTqVa4vR0VFN78/Teir2ySup9+mb7Dv31+c2yjZquZx4coGAVKzs1Ra/853KV/36ebuojSTG6dlQPPbllh+4eMlx+LVZh0c9dx0lSjcqLrUpdvV7LFq9R8HMzFH/ht9o5JU7SsjmJnq4CAAAAAAAXWgEA3cSJEzZZj+S5QtXTXzrjsf629FQ9l/Y8V+dVoW1pR2WJH6J+Z+0r067l7+vLiGgNPmPPkQ3blB4xQgtnxCnM7Cs/c4Tib7hDd8fb9H7SFtfj//0SB6hvRoa2Vbe1Ll8Fhg7UhPljdXnFIaUeOI9bAwAAAAAA54UZq0AX53Q6dexYgUpP2M4Zap5r4aqW+qp2RGDadULYQ0rPkOLHxZy1pzxtrV4vjteTi/rp/UU5jfYVlZRLoaEKbrTVpJhBFunjHO2rlsb4SeozULGmvdq9XxrTTo+1lx/+TK+vTFd6Sa3ka1TMiMlaeNuQ02op1rbVHyk5rUC2GsnXFKKRt03R3cMi6mbNNmphYFTv+ATNmX2j4uvbIBz9fJme3D5ACyfa9P7qQ7KaL9XTj9+oftVWbVz+kd7LKK8/7gotHHFmdcXa9u4avb27RPamrn1ezjhnSD9Nm32Lboqrv+MmH9Xfp1cWbZAa2gnUj5n3u35KXb6z/nsXqITp0/Xw6MifLtWqewQAAAAAdHcEq0AXVltbK+uRPFVUVLb7o/9Nna+pWa9e4bhVVlk0OuLM7Z/ppdVlmva7u9RPZzcBDTQZpZJylUsKPG17UX6ZJMlWLKmPJIWqb6j05ZE8aWjkWedpUXWpMtZv027TAD0Sd1pdSw9p4N13aMmQSPmdPKCNSSn685oe+suMGNXNsn1Hy3L7ad5DMzUsyqjSw3v1/pptyh42RfG2Lfp/z6WpZux0PfNQnIJr8rRt5ft66XmbFv5pphIb0s/8vXrl0wG6e/49SgzpoUAV68ulq5Rck6BHHrtO8UG1OrJ7rZauLpYU7ir5yJpkLTsSo0f+cJfig2pVmJeu99fvlHXYZMW27e7rFevLJcv1dk2C65w9z7atAAAGaElEQVRHdq/VS6+ulHXerzR/iKkN5zqqt9cGaM6ceVoQIR1NW6uX3kvRxsS5mmCpv1Yr7hEAAAAA0P0RrAJdkNPp1IkSmwoKi1RbU9vkrNOWZp+ijfKLdUwW9T19cajq/Xr95Qz1vnvOaT1PG4u//jLFvLBNr6dFa8GISPmpRoVpq7R8n6/MjUbWBatF+cWSWgpWbXr/hcV6v9G2utmkj/zhxvr+qhXatnavykfdoXsaQtrQON00M16pL+9QxowYxed+peR9Rt3wu5kaWd8zNuyikZq/sO79kS/SdTByhF6aEVc3w9UvUmPmT1DmY+v1YVqpEkc3zHvtp7sfmqkxDTdz+Ct9eCREs56a7JrZ2n/EXZp14K9asv2niotKyqWIGMWHmn669oMt3LYk7dugeYs2nLExum4Gau42fdLEdecf+KuWbNimWUPGnTFruCU9dNPMGRpW/zPtP3qkhq1fq4wsacIwSYe3teoeAQAAAADdH8Eq0IU4nU6dOGFTQX6RampqWhegNoxR06FrS8c2dW5vXLjqbGXa9fZG7UucrJeH9mh+WJ/xemRemf68/F09mFS3yTLoUi2YH67lLx86j+sG6oYH7tJN9TNnq/O/1tJlBxUzbrQr5JMKlJ0nFWWs0ryvzjw+WuWSqvOKVaQIJTa5EFeFrPnlsgwaeEYYOUQJceuVmnVUaghWI8IVe1pCXJ1fLFtQpGItjQ5U4pB+0mmh47CbL1XMCxu1aMkBTRgdr/hBcYoNPces0vixemn2mUtz+Sqw4X6avW6BrFIbglWL+vY547NFSi3OlxTR6nsEAAAAAHR/BKtAF2ErPaljxwpUXV3d7oHn+fZXbSmc7X5h6mmOp+r9fZWya63mnRmmrViseQ0zKSUFDpmiZ56fomp7qap9gxXoJ2lXso4pVDHNzHRtnq+Cg4IV3BDqWSZr3sRlenLlZxr93AydHjsOnH6PFlwecNbxgeoE+tyoJ/8yUtlZe7Qtba+Wr96g8sRJeuaexObr8wtUsKXpeLTNa34BAAAAANAOCFaBTqyysko220mdOGFTZRN9VM8MQ8+akXoe7QBa01+1pWO7JXOAzKr8KcDrM1b/9tTIMwK9DC3/j6+k2b/SnPizA0w/c3D9wkzF+nJLjsxX3qLE0/ZXS5Jv238l97thrEZ/sV7vpRbr30eHSgpXbKSUmlus4HFDmj4oIlQWHdS+XDUxa9WkmIhA2bIOqlQxp8303K/0A9LAW/o1W4tfZKh6n8xTtk2NZnTu239U0hnH+QUrdsg4xQ6RZN+mFx//Wl9OTGy2rUJLWrxu/ysUI0l+vpJqGv/MDucoW2pTX9c23SMAAAAAoFvz8XQBAH7idDp16lSZ8nKPaf8PB5SZkaVjR/MbharnM1u1qTYA52ohcL77WqtLhbARoeqrYlmPN2wwKdASrOBGr0D5SfIzBSvY0kN+ko5+vkwPPP+eth7OV3m1VG3P07aVyXo7P1pzZpweeuarKF+KiTxzdazWGKKf3xKig+u31C+fZdLISQkK3L5RL35+QIX2GlXbS3Vk13t6YvkOlUvSRSM1rX+5Pl/+nrbllqlaFSrP3aPlS1OULan/9QkamJemJWsOqLC+7q3LNypVAzRtRAsP1UeN1E39S5S8LEUZxWWqri7TkbR3lLzv9MC4TFtXvqGVu/JUaq+Rqst0ZN8BWRWgQHOzZ25Zo+tW1J0zLVnLt/tqxKSRdeHwoAFKUI5S1h9UeXWNynP36PWkdNku6FrN3SMAAAAAwBvwlyDgZg6HQ1VV1aqurlZ1dY2qqqpUXV2j6upqlZfb5ah1SGr6MfumZqee+bmti1a1dEx7tBvoFiwDFRuUJuuRCqlP61eY73fDHXrYb6PeW/mOVpTUSjKqd/8hWviHyUo8PUSstiojP0CD40KbO1WLgkeP0+j1a5W8Pk+Jt0RKF03Wkw9t0fLVH+mJj2tVI8kcGa1p0+PqZ9KG6tqFc2R+d43efvk1LauRfE0hGnnblLrZnZZx+vfHgrV8+Ud64o+1qjl9gSy/lioJ1bUP3iG9naK/Pvda/XFXaOFtRj35dsOYHkocFafda1fpj2/X1eYbEq5r503XtZYWTt2in+7nledfkb1G8g3pp2kP3KOb4up/Xn7DNX/eUf15+fta+IXkG9RP0+aMVfXLZzWiPfe1znmPAAAAAABv8P8B3DyvYsoZ2VsAAAAASUVORK5CYII=" height="600" width="800" />]]>
  </system-out>
  <testcase name="VerifyQuickLaunchItemCount_002" time="20.178" classname="testcases.QuickLaunch"/>
  <system-out>
    <![CDATA[<img src="data:image/png;base64,iVBORw0KGgoAAAANSUhEUgAABVYAAAJcCAYAAAASBf/6AAAAAXNSR0IArs4c6QAAIABJREFUeJzsvXmcI1d57v89VVpa6r17unv2xeMZjz023jCbbcBgboKTmCXBgCEXchMCTnAcIL5ZuL/4kuXCjVlNgiEJJCGG/GICARMMwTgEL/GC8die8TIznrFn6Zme3le1tqpz/6iSWktVSafU6m5J9X4YXqt06tVbz1PPOa/OOV0SUkpJYIEFtnKWmoW5U8i5YeTcMMyesv0JzOGfIlKzSAlCUOQ1DcfjApCAQCCRnh5ACIGUsrIvOb/wk8q8Y2IVvFe8UqvUvNBXYfnmKmmrpFF0vj+8PX3BebXhrMqjGs6q/C0P3tXyqIbzqumlKgT84b229FIHnayaXvzhrMqfMs6+ePSH89rUiz+cW0YvDue3tF5U+Av04pu/ltCLn566mfWSPy/Qi7JefPVLTayXigDUhndggRWa/qWTzCcWmZyeJZ3OAhCJhOjr6aIjHkMEE6uBBbaGzMwgjz+APHw35uG7YeYEboOHoPi1ymCnCc1HsVLLIK02+FdlNRUty1RkVVEELGdx6OxrKWrV+KtHkVh8fi1FrRqPy1kcuupF8TZV5dE/zqr81f9LST2+TK2WXuqiE0ce66+XenyZWha9+OmmfeNcwZfZKuhFRSetoBfHOIFeAr3Ua1xpIb2oZezJY1PoxQfcgV5ycdX7pTWhl8Ba1hY/fZjhM+OO720aWhdMrAYW2Jq28WcxD9+N8fQ3EGNPOw4ymsiNDWpFiKZpSoPjsg3mVRVnJbbMg+NKFL9L59ejGFk6byW+LC55NZxV+VsevKvlcTmL9jrqpSoE/OG9tvRSjy+5q6UXfzir8qeMsy8e6/Eld7X04g/nltGLw/ktrRcV/gK9+OavJfTip6duZr3kzwv0oqwXX/1SE+ulIgC14R1YYIV28o9/RjKVdnyvLRoJJlYDC6wxTCKf/TbGfX8KE4cdBw9rslR9sINqB9FaBmm1wb9KSGooWpapyKqiCGiGHXjKtY6KFZ1fS1GrxuOa2yHhg0f/OKvyV/8vJcGOVT881l8vTbGjqBX0oqKTVtCLY5xAL4Fe6jWutJBe1DL25LEp9OID7kAvubjq/dKa0EtgLWtH//BhTNP5htE0gbbC+QQWWGC+TCDOfQuh9z2Kds1tyI719hhqiTs3mJmmBFmhCCnxAKZpOg+OJe3ynhJf+n6hFy7eqb3b6CYdvNfgWOrLwi1TvlXgUYa7VzFS6qvgsRacq+KxIF5FnN2KE6/2RTVhffJ2iquKsyp/yvm65e3R3uMG98R51fTigUfVeLu1W0N68YtzAeDuvlQvbnn4yNvJ+8W57nrx0U/7xbkh9KIyrrjx6MZLI+rFcc5BUS8q/XSgl8r8NapeFPhzzdsD54bTi0q+FfBoCr2439jV4+3VvjSsj37JK+9V1csyf99ywqNmvQQWWIG5Tarm3gsmVgMLrJFMC6Fd9GuEb3gS7bV/ArFeAGuQQ+Y9UmA6DXLCwduDZNnkakm73OcACEp86fuFXrp4p/Z2vDITDt6lGHRsXxZumfKtAg83vMu8Ez9uRYoTLz5wrorHgngVcXbB27N9Qdx65e0UVxVnVf6U83XL26O9xw3uifOq6cUDj6rxdmu3hvTiF+cCwN19qV7c8vCRt5P3i3Pd9eKjn/aLc0PoRWVccePRjZdG1ItDXGW9qPTTgV4q89eoelHgzzVvD5wbTi8q+VbAoyn04n5jV4+3V/vSsD76Ja+8V1Uvy/x9ywmPmvUSWGAKFjwKILDAGtnmR8h+812Yw4+iuQ1mCBD2a6+VxwIPlMVxrb4QICUIRe8Vr9QqNS9diaxg+eYqaaukUXR+lbh78Oe48mufVxvOqjyq4azK3/LgXS2Pajir8rdseqkKAX94ry291EEnq6YXfzir8qeMsy8e/eG8NvXiD+eW0YvD+S2tFxX+Ar345q8l9OKnp25mveTPC/SirBdf/dLy68XUQtC3DbO9H9HejxmOQiiKjPUgNB1Sc2hmFswMYnEOkUmgzY+BkV5evVQEoDa8W8KkCWYWaRpgGGBkwcgiUwvWfweWt+d//yHP94OJ1cACa3Qz0hjffT/GM/+CsAcTt+JEE9UXK1A6uNYySKsN/lVZTUXLMhVZVRQBy1kcOvuV+FKiWOuoWNH5tRS1ajwu55cpZ6+Isw8e/eOsyl/9v5TU48vUaumlLjpx5LH+eqnH5MOy6MVPN+0b5wq+zFZBLyo6aQW9OMYJ9BLopV7jSgvpRS1jTx6bQi8+4G5UvZjhOHLgLGTPJsy+7aCHFPUhCc2PwsIE2twoIrOo3C+tCb20kmVTyFQCmUpAOrna2ay6BROrgQXWImY+chvZ//hjhDSRSOcdrDI3aVpdMWn9zzp/2QbzqoqzElvmwXElit+l8+tQvBectxJfFpe8Gs6q/C0P3tXyuJxFe/n5K1H8Npde6vEld7X04g9nVf6UcfbFYz2+5K6WXvzh3DJ6cTi/pfWiwl+gF9/8tYRe/PTUzayX/HmBXpT14qtfqk0vRDswtl6K3LAXqWlqvHnwp80MExo/jMgm6zCuLJNeAlsyI4Ocm0Qm51c7k1WzYGI1sMBayOSxn5D51n9HLE7lBzNcBrlqHw8AuUG2lkFabfCv7mKrTcDp5GUqsqooApphB55yraNiRefXUtSq8bjmdkj44NE/zqr81f9LSbBj1Q+P9ddLU+woagW9qOikFfTiGCfQS6CXeo0rLaQXtYw9eWwKvfiAu1H0Yuoh5JZLMTZfhNDDCjqolj8rHW3iBUITR8DINIZeWt2yKWuCNZVY7UxW3IKJ1cACazWbOU7mX94BZw4UDWKaSxGiaZWLGwQs22BeVXFWYss8OK5E8bt0fh2K94LzVuLL4pJXw1mVv+XBu1oel7NoLz9/JYrf5tJLPb7krpZe/OGsyp8yzr54rMeX3NXSiz+cW0YvDue3tF5U+Av04pu/ltCLn566mfWSPy/Qi7JefPVL6nrJDuzC3PEqiHW48jKTynA6G2JGbyMjQqRFmKloPwKNntQUYZkhLDP0GIus19P0tkXc9ZJNE5o4gj75ggJw1QBQG96BuZtMziFnxmxttIYFE6uBBdaCJk88ROZrv4Aws2WDIQ7FiuvkapHHblf/Yqu6i6w2AaeTl6nIqqLYaoYdeMrfDVSs6Pxailo1HtfcDgkfPPrHWZW/+n8pCXas+uGx/nppih1FraAXFZ20gl4c4wR6CfRSr3GlhfSilrEnj02hFx9wr3W9ZLa/HLn5IsdnqM6ksxzPtDEcWcdCuAMhrJD5S5MghGbHKzhuCtozc2xKj7IltEhPNOyYlj5zktDp/WtbL4HlTWZSyOmRlvmRq2BiNbDAWtTMfV8hc/dNxT9YZRcZuBQfUHnF1xowaxjMqyrOSmyZB8eVKH6Xzq9D8V5w3kp8WVzyajir8rc8eFfL43IW7e56qWfx21x6qceX3NXSiz+cVflTxtkXj/X4krtaevGHc8voxeH8ltaLCn+BXnzz1xJ68dNTN7Ne8ucFelHWi69+qco09DDZXa9DDp4NQhThuJDOsN/sYji2uSgfIYovQEjIT6wKO7IEEEgbJykl2xaOsieUIB7WyxLWEpOETj6OMLOVM68IQG14B1bZpGnA9BlkenG1U6m7BROrgQXWwmb84ENkf/a3xZOrBd7p8QDgseJrj1VWvPoVW1VZTUXLMhVZVRRbzbADT/m7gYoVnV9LUavG45rbIeGDR/84q/JX/y8lwY5VPzzWXy9NsaOoFfSiopNW0ItjnEAvgV7qNa60kF7UMvbksSn04gPutagXGeshu/sq6NlkH7VwzpgmB5MRDnfs9LwgCzeJmTUAgaZphEIhkNZxEEgh8rznpp92LTzPOdEUEV0vSk9LzRI6+ThadnHt6SUwB5PIuQnkwsxqJ1JXCyZWAwuslc3MkLnjFzFP/BfCHj1Kiw7NoQjBoYgpHYWKdq76qtq9RrkSW+bBcSWK36Xz61C8F5y3El8Wl7wazqr8LQ/e1fK4nEV7Zb0sV/HbvHqpx5fc1dKLP5xV+VPG2ReP9fiSu1p68Ydzy+jF4fyW1osKf4FefPPXEnrx01M3s17y5wV6UdaLr36pwsfrYTLn/yKiZFJ1Np1ln9jATLQfUxRflvVCQ0pJNpthamqK0dEx5ufm0AX0dHfT29tDR3snsVgMoWtIoeUhL7Se1AQXG8N0t4WLcBbJOcLHH/HeuVoRgNrwDkzNzPlJmJ9a7TTqZsHEamCBtbolxkl/+dXI2RMIBIjyYsV1crXoePEgjRDV1Qw+Bv+qrKaiZZmKrCqKrWbYgaf83UDFis6vpahV43HN7ZDwwaN/nFX5q/+XkmDHqh8e66+XpthR1Ap6UdFJK+jFMU6gl0Av9RpXWkgvahl78tgUevEB91rTi3HO6zDWn4uw4+cmVR+M7CKjR5Ei97m5DARISC6mOH36NCMjIxw7fpzTIyMsJhaIx9rYsW0rbdEoHe1xtm7bwtCGjUTaYnZ8kf8cK7QknE1zeeoQPdFQUZqhhTPoJx5fW3oJzNUkEjl9BpILq51KXSyYWA0ssMCQxx8g84/XFBUbpT9YVTa5iqBwEtZpNBK5wdZX1e41ypVeQIXmioPjShS/S+fXoXgvOG8lviwueTWcVflbHryr5XE5i/by8+tR/Da3XurxJXe19OIPZ1X+lHH2xWM9vuSull784dwyenE4v6X1osJfoBff/LWEXvz01M2sl/x5gV6U9eKrX3L/+Mymi+Dsy220rOMnkpLHO/YAtnYQIDXrtX1tkxMT7Pvp4xw9cpS5+QWyRhZDmkgNero66Yy3YWbTREMaQ0MD9PQP0D80xIYNmwhHY0iseAiTwue0XjL7DJvb9KJM9fHnCY0f9slfbXgH5sOkiTkxDNn0amey7BZMrAYWWGAAZO64BvPYA1BQbJROpnrvXHUepBEVdq76GPyrspqKlmUqsqootpphB57ydwMVKzq/lqJWjcc1t0PCB4/+cVblr/5fSoIdq354rL9emmJHUSvoRUUnraAXxziBXgK91GtcaSG9qGXsyWNT6MUH3GtFL2bvZozzfwk0LR9nJmPw49j5CFH6mcL6YSopGRk5zX0/uY+Tx09iZLOkM1mkgKxhoIXDRMIRzHSK7s52NqzrJ6TDQiqFCIfpHxjgkpe+jN6+dVZcIQGz6ApfM3+gbOdq5NTPELOja0MvgVU2I4M5cRJMs3LbBrJKE6vaCuURWGCBrbKFXv1HSHuUyRUvpllcfJiFxY7dDml7WPIseSll+fuFXrh4p/Zuo5t08F6DY6kvC7dM+TrgUfq+oBhPz+K91HsVk4iacfbK2yluRZzdihOv9kU1YX3ydoqrirMqf8r5uuXt0d7jBvfEedX04oFH1Xi7tVtDevGLcwHg7r5UL255+MjbyfvFue568dFP+8W5IfSiMq648ejGSyPqxXHOQVEvKv10oJfK/DWqXhT4c83bA+eG04tKvhXwaAq9uN/Y1ePt1b40rI9+yam9qYfI7nodUtPy15E2TR6MnoMQWsE/HSE0NCHQBIycPsV9//ljRkdHaItFMYwsbbEI/f29tHfEaYtGSCymmEukSCxmyEqNdMZkYSHB+NgY+598igfvf4Cx0VGwORJCR6AjCCFEiIfie0gbRlG+mYFzq+evAI+a9RKYP9PDiK51q53FilswsRpYYC1iYusV6Ge/wRqMhF2siPLJVWswWnpf5kcjEPYSpqDY5z9DiHIvXbxT+5J4S4EdvEsx6Ni+LJzL56vm64JH4fuFOHquqJe2cysuS9rVgrNX3k5xK+Lsgrdn+4K49crbKa4qzqr8KefrlrdHe48b3BPnVdOLBx5V4+3Wbg3pxS/OBYC7+1K9uOXhI28n7xfnuuvFRz/tF+eG0IvKuOLGoxsvjagXh7jKelHppwO9VOavUfWiwJ9r3h44N5xeVPKtgEdT6MX9xq4eb6/2pWF99EtO7c3150OsowiP/5LryehtCDSw/1nvW8mmkgkO7H+KYy+8yI5tW5ibmSUcidLd3UNbWwxN06wdrOk0WcNkfiHByJkzpLIZQqEw4VCYjo4OUskkB558iomxcTShodmTt0IIBIKsHuMhsaEoXyJxsuvOVr7vatZLYP6trQMRiqx2FitqwcRqYIG1kIWu+hhLK7hLRYjj5GrufdtLWb5CW8vODsf2uCwdOq0wuhSDju3Lwi1TvlXgUe+dErXgrLpyXxFnF7w92xfErVfeFXdKVIFz3XdIuOXt0d7jBvfEedX04oFH1Xi7tVtDevGLcwHg7r5UL255+MjbyTfFjiLpAniVODeEXlTGFTce3XhpRL04xFXWi0o/HeilMn+NqhcF/lzz9sC54fSikm8FPJpCL+43dvV4e7UvDeujXyptJ/UwxuYL8/gCPJcUzLQNIBAIEUKgkZtg1RCkkkmOHn2eM6On6e3uYm5mGiFgcTHNqVOjvPDCcSbHZ1hYWLQ4C4EhMxhkkUKi6xo6Apk1GD8zyr7H93H/ffcxemYUKzVrAje3U3Y2NsihlFaUt9G7HVMLVeavAI+a9RKYbxMI6Oxb7TRW1IKJ1cACayETQxcgdv9CfiWXgmKkbHKV8hXf3NKe444AWbJin/Oy+hVUpZVfl2LQsX1ZOO8Vzpp3HHityLsVg6Xt3IpLB1784qy6cl8RZxe8PdsXxK1X3hV3SlSBc913SLjl7dHe4wb3xHnV9OLVf1SLt1u7NaQXvzgXAO7uS/XiloePvJ18U+woEi6AV4lzQ+hFZVxx49GNl0bUi0NcZb2o9NOBXirz16h6UeDPNW8PnBtOLyr5VsCjKfTifmNXj7dX+9KwPvql0nbGhgvQ2jrz+adNk6Px7WgChCbQhYEuDIQQmELDzCZ54rFHeOHgIRLTk3R1xjENQSZtML8wz8z8AjOLaZJZk2TKJJFNI8OS9s44GdPk1OgkJ0+Nc2p4nLFTZzhz+jRj45P8dN9T7D/wNOlkyspPEyCE9d9C44WOnWRMuZS/Hsbs216ZvwI8atZLYDWZiLZDJLbaaayYBROrgQXWYqbv/RVrEhV7JbegGCmaXMV65mrZSjwFK4UUHzfth1SvyMqvSzHo2L4snPcKZ807DrxW5N2KwdJ2bsVlSbtacFZdua+Iswvenu0L4tYr74o7JarAue47JNzy9mjvcYN74rxqevHAo2q83dqtIb34xbkAcHdfqhe3PHzk7eSbYkeRdAG8SpwbQi8q44obj268NKJeHOIq60Wlnw70Upm/RtWLAn+ueXvg3HB6Ucm3Ah5NoRf3G7t6vL3al4b10S8VtjO1EOaWi4tweCEdIhuKI0QIhAbC+j0rqYGuCWYmxzl17Chkkwx0dzIxOkI6k2E+mWUhK0hrOllgMZ0hmU6iZTXCSZPs3Ax6KknUzNIRFqzrCDHUEWFrXwcbu9sJZU1Ghs+wuJi0vosKgdDsRwIIQSYU48VspCj/bO+2yvwV4FGzXgKr2URX/2qnsGIWWu0EAgsssJU1fefVCE3DlCaaQ1FimhJNK3gtpd0Oux3Wa7CLHvs4xSuF+eNSwdvxyqyaFV8vXxbOesPKt8RLHz4XzyFu1SvsbsWhU5FZFNc/zmVeOPiC8/zi7cifA4/KONfAozrOqvwp4uyDxyUgG0QvHvzVjvfa0YtvnXjx58DjSujFP8511osKf3m9+MO5IfSiohM3Hh112KB6cThfGW8n/gK9tJ5eVPjzg3ej6UVlXGkFvdhxqsLZA++q9eID50JPzyZEJJb/gIxpciR+FkLYyQnrn5AghAbSpC0kWNfTQdYwCYV6WDgxyvTEPLNJw2IonSYiDNpCGnEh6IpGWd/fxY7tgwwO9RJvjxGORenr7CQsJPH2Th576jm++6MHmRg9wczsFF39PWBzUHgPvtC5k+2LzxLRNQtvPYLZOYg+N+rOXwGPNeslsJpNhKJIPQxGZrVTqbsFE6uBBdZqFu2GjZcihh8rm0QtmlwtKHKKd67ar+3ihtxxkXvfNlFyvNTj4POjXImpDo6lviyctJpLiVVrVOHx8JT4ovMVivdS71RcUnxeLTiX+QrxKuLsVpxUyV9FvEtxrolHNZxV+asF54r8lVWL/vBecb148leDTtaYXvzirMqfcr/ki0d/OK9NvfjDuWX04nB+S+tFhb9AL77rgzWvFwX+/ODccHpZlnGlifSSB84fzsp68dUvLXmjf4cd3np9IgXZtjZ0YR8VOlIIEBKk9ZRVHZOwBjOzCZIZweTULIZI0hEVdEd0usKCoa4I2zcMsGXLZrZu28iGjZvp7l1HtC1GrD1OKBZBCws0I0MqlaV7YIAzE5Pc++gzTExMsXn7doSwJk81hHWvA9lQjOFsiO2akcfb7FiPNnemKv5q1ktgy2PROCRmVjuLulswsRpYYC1ooXN+ifTwT9FE+Q7VnDdl6XGWdq7aRYTbim/O6rryq1q0FIWz3vC74ltxBb8gXjPswKt55deJPwcelXGugUd1nFX5U8TZB4+Oxfxa1osHf8GO1Qr8OfC4Enrxj3Od9aLCX14v/nBuCL2o6MSNR0cdNqheHM5XxtuJv0AvracXFf784N1oelEZV1pBL3acqnD2wLtqvfjAudDTs9lOwzpvJNRrx9Ds+BpCSCQ6GgKBgZRZero70fQIx4bHCOka7dEQe8/dxe4NvfSHUmzsCjPQ3Un/hgHiAz3o7V1E2joR4XaEFsZEI2ua6IDQYGhoHZddej6PPvMiCwvzmIZBOBRCCKzdspr1w1VSSkYi/ewQY3m8zXivN38FPNasl8CWxURbO7IFJlaDZ6wGFlgLmn7OL1iDkz3YFj5blYLipuhZrLDkkUhp+aLjTl64eKf2bqObdPBeg2OpLwu3TPmW5O0Ut2xF3quYLPVOxWVJu1pw9srbKW5FnN2KE6/2BXHrlbdTXFWcVflTztctb4/2Hje4J86rphcPPKrG263dGtKLX5wLAHf3pXpxy8NH3k7eL85114uPftovzg2hF5VxxY1HN14aUS8OcZX1otJPB3qpzF+j6kWBP9e8PXBuOL2o5FsBj6bQi/uNXT3eXu1Lw/rol/Lvt/dhxrryeadNg/H4ensyVeT/aUKzJjgFSMMgnUgSCYXoaI8jkJy3+ywuOmcHr7z4HC674GzO3tjPUE+MjphGSDMgA5oZRtNCSCExZAZTZtEMEIZAl5K4brCht4OB3i4SiQSGadqfLYpyEUIw2b6JtGHk85bhOGa0oyo8atZLYMtjkTbQ9NXOou4WTKwGFlgLmujfDf27rElV6TK5SvHKsHWi5a2VTkDar0W5zxU5SJy903m5uGUJO3iXYtCxfVk497yV8i3J2ylu1Svspe3ciksHXvzi7JW3U9yKOLvg7dm+IG698naKq4qzKn/K+brl7dHe4wb3xHnV9OKBR9V4u7VbQ3rxi3MB4O6+VC9uefjI28n7xbnuevHRT/vFuSH0ojKuuPHoxksj6sUhrrJeVPrpQC+V+WtUvSjw55q3B84NpxeVfCvg0RR6cb+xq8fbq31pWB/9Uu797Lqz0YSWz3skDUJo9isdTdMRQiA0iRA6Ah1MMLIGmiaIdcQZ3DDEpo1D9HfEMBPzaIAWiWKGYizKKHNJnVQSskkTmZHoZgbIII0MWtZAM0Eg0WSGeEjS1xUnJCyeLa5BCCvfwn9TRjHeMr6uKjxq1ktgy2ICAZHYaqdRdwseBRBYYC1q+qaXkRk7hKYt/UBV0WMBKF5BhtzK79LoVLiSjFD0OPiiUa/A3AZHeQPaRz6BaCtpnzyGfOpDmPfcC4B49zG09u9hfOm3AOschm/A+KevIwR2MZbzWxG/vh+R+gOMf7x96TgenhJfFM+j+Ktlp8Qy4FzmK8Qrwh8PXzV/xb4It2pwdsS7gs/HU8NZlb9acK7InywF0B/e1fJXG87V8leDTtaYXvzirMqfcr/ki0d/OK9NvfjDuWX04nB+S+tFhb9AL77rgzWvFwX+/ODccHpZlnGlifSSB84fzsp68dUv2T4at38zw+JtVkSBwt2qGpqwHvuGEEgEBhqpTJpUJoOUGkKDkZOn2L6ul3AoAtFOhs+MMXZqmExWEm1rY8NgN5vXz7NhQ4L2zgjoERYysJBIk5UakSi0iRRp00AISSSko9uTutK+8NIFngkRZ5BkHm9TD6HZ1+XFW816CWzZTETakMn51U6jrhZMrAYWWKtaxyBCLE2mOk2uFv6AFWAXLZBfVcR6rQn7dYkHQBacV8kjnMc44eALahn5VDfmd3PHtyLe8DXEy25HO7Mb8ynnyxfbbkDr+SfkjLQHcNtf9gXEeuCYPbDbxZqntxPK+4J4Va+wuxWHTkVmUVwFfJ34K/ROPBacp1QkVuKvlEdZBd6lODvgnfcVeFPHWZU/RZx98OhYzFeBsyp/teBcLX+147129OJbJ178OfC4Enrxj3Od9aLCX14v/nBuCL2o6MSNR0cdNqheHM5XxtuJv0AvracXFf784N1oelEZV1pBL3acqnD2wLtqvfjAOY93vLeIxxm93frTewRCE2gITGFfk5CYmiAjYCa5wKkzo5honDo9isxk6OjczPpNG5lYSHL/vmeZmZwhnTaZm1+kIx7i7E39vOz8LZy3cyMYYY6eGOfJF44zvpBk08b17N6yHikkiWSKgbY2dDsPBBQ+mkBKiWmazIW7QSaX8I735fHw4jFy84OEBosxlKM/IvPlW8hOuuPsbtcR/ZObEAcuJ3ln+bvatZ8i8tKL0WJR67MWT2M+djvpu+51/5grPk/sTf0YN19PuvC/r/s68cv6ML7z86QeUMlxjVoLPAogmFgNLLAWNa1jqKz4KJpczb2muEgBgVlQ7GC/j3D2QnN5HwefryZKrFLRUfT6OPKezyDO+zvYCrhMrBJ6CeKN70T+/19naWX3crRLLoNs0gqbPy6t8G6eEl94nkrxXuqdistSPip5D5yDHavV46zKXy04V+Sv7NuVP7yr5W/N7yhZp4ZuAAAgAElEQVRaY3rxi7Mqf8r9ki8e/eG8NvXiD+eW0YvD+S2tFxX+Ar34rg/WvF4U+PODc8PpZVnGlSbSSx44fzgr68VXv4R9HVoRj5qm2f90BNZEpihIKvf9bSGxyMT0LLoWJhYOsee8c7nwJXvp6urk4R/ey5mRMwxu2ExbvItnnzvIi2OzTE8nILvIlk3rMRILPLf/EMdOn6ZtwwaGOtcx0NnP8OQZTAmdXV2EQqE810JQxKn1z0qrmD8q8gYgj3yOxS/eaeG94d1EP3AD4bc8TPbL36+sFwUTb/wS0Su3IX96K4t3fh/JerQrbiBy/l7gXvWAd15PwmHyth6mv+cuouf3e7SYIHvHtaSfrOFDgonVwAILrGmtfSg/+DgWJ1g+N9kqJfZOVuyBF5ZWau3Xwnpd6JG5AbIKn49XYsLBS5fXEhDdVu/mUOvkTB75Eez8LUT312HGOlG87A8RPftheHf+erDx8PT2Bzut3DfDDrycVyoSK/HnwJsyzg54530F3tRxVuVPEWcfPLre4BVwVuVvVXYUNbBefOvEiz8HHldCL/5xrrNeVPjL68Ufzg2hFxWduPHoqMMG1YvD+cp4O/EX6KX19KLCnx+8G00vKuNKK+jFjlMVzh54V60XHzjn8Y50FPG4GGoHAULYccXSJKYAQmhENZ2OaBxpgtSgv7+Piy96CWft2Mqj//UQzz65n5mZBLOJDL3r1nHe+Xt48okDJKammVrIEu0eoHOgjaEXJzk4Oc2cYbK4mISsQWdnO0Prh+jt60UPhZCaAGHa10QRh4vhTkidyeMtw/GlNh48FvEhgdN3YJx6N3rfJbC1n8jb340+2GnRs3iYzNfeS+agtdNVn7MnZCl87UQ2wMWELzofjv0jyTu/bx8bwXzgFpL2blPxio8RveZqtBjAHOZzXyH15Tvd5Vq6e/X8NMbkevRNndb5D91C8luPAC8n/MGPEt7WD6Qwn3sa9uxCfufnSY39DtG3vhm9LwqkkMN3k/rsJzFLPso8cgx5fn/+Ni2z2WOYx93erNJaYGI1+PGqwAJrUcvtWMUeuEAUv5YFRY49Opmm5SXWWmHhiqGU5NsVeom041LscfBuw4t08MLt9QWIN/0WtB1Deq2szX8IObIL8Us32J9/BeKSl8LB/41ZcF2e+ZbkXbSCavuyFXmvYrLUOxWXlPPiiG8VOHvl7RTXEXcnX2pe7Qvi1itvp7iqOKvyp5yvW94e7V0Br4BzRR7LwvnHuch74FE13m7t1pBe/OJcALi7L9WLWx4+8nbyfnGuu15U+JMugFeJc0PoRWVccePRjZdG1ItDXGW9qPTTgV4q89eoelHgzzVvD5wbTi8q+VbAoyn04n5jV4+3V/vSsD76pdz7MtpelHci0mMlISRCI/8PIexHBJhEpEk7YaJahMX5RcLhMIPrB0imU0yMj7N+YIh1A4MMDA1x1s7t/Mpbf5G3vfFKLty9FSOZZn4+QfeGfvp3bCTSv46RyUnaBnp4/uRxiEQZ3LCRWKwdgTVFr0nQyE3wCjTNmqpKtvUU8xaOVYVHER8CxI4PoG/sRE4+DsefxnzocyRvvpzEze8hM7eL0FXXOQNf0a5B6wM56jbzeh2Ra65GnLqdxZsvZ/GOR2DPB4heu776j4htRRy/lcWbf5n0kTTaRe8mBGjvupnwtjTZO36ZxM2/STa8Kz/BF7rqGvTQI9Y1fuZWjLG0Y2j5wI0kv/O48223+Djpv7yR7FT1qTqa1vzTjsGOVSyRzmYSzKYTzGUSpM0MACEtxKZ4P72RzlXOMLDAlt9ExyBUU5yQW/HMrZQurdB6rvjmvMT+c5KC18ux8iuXXosLZ9AvXGouk4fgP96FPOGFwHHkj+9FvO1/oG37InLT/0Z0PIb84gOIX11aLUVWsRJsJ+S0ct8MO/Bq3inhxF8pj7IKvEtxdsA77yvwpo6zKn+KOPvgsbhqrIB3DfzVgnO1/NWO99rRi2+dePHnwONK6MU/znXWiwp/eb34w7kh9KKiEzceHXXYoHpxOF8Zbyf+Ar20nl5U+PODd6PpRWVcaQW92HGqwtkD76r14gPnvKeAV4SFghBLmAJ67tqEJITB1Ngpjh94ir2bN3Ho+AkSCwmkHqItFuacszazZ9MgY+MTZAzJhk3raZs5ySvO3khm9DSHj8wxeuo0u3fv5uKXXsrgjh0kMyYDvT20R2BkYoLQ8Cx6OIQMCRDWc15FDihBnsMlWJf4y12Pp14AsfMm4rfeZEdIWc9Y/dfvQ++b0V75AcLX/C9EOPcJu5zYrN1ecSVabALzoTssWp+8BfO/PYi+9c0wWWWMxafJfst6Vmt2cp7Izn40QNu4AYb/mfSTIwBknzhMeKd1HcapEeTOi4l84OMYB79N5mu3uXYP8oEbSW38OtHLtuVvVzLHyH5tGSZVW8RaemJ1ODHOA6MHuP/Mfg7OnmA6Pc9cZjE/sRrVItxx5R9waX8wsRpY85koecZq7oeq8j9cRfFxe4SzvLB8/lmrVpXh6k3TRGha8XEcfL6aKLEKRYd8shvzezgWIV4mj/wB8sxPEa++BbovgKcvQwrrAwW5Ad32eHhKfOF5KsV7qXcqLik+zwv3SjiX+Qrxyoo9N6/CX4GviHcpzo54V/D5eGo4q/JXC84V+Sv7duUP72r5qw3navmrQSdrTC9+cVblT7lf8sWjP5zXpl784dwyenE4v6X1osJfoBff9cGa14sCf35wbji9LMu40kR6yQPnD2dlvfjql2yfWkC2deZ5i6VnycT7sCZXsXas5i9FA5mhLRzirC1b6OzvZi6ZYDwxz/CJE/Ts3smGwX7M2WnO3noe4VAYw8wiswZjoxOkFxNITDKpRcxMmnhXnJ2b1pNIZonEokQigvGZWdoiUaKRKJqmYyKRGkhpIytzQEjaklM2LDZwmUQeDy/egOJnrBbiet11hAbnyf7zB0k/9jzh332QcBgHu7iKGbO7MSevQd/4OwjcJy9X2uRd7yV54DpCV16JfsXHCV/1NOk/vpGsS3vzzg+T6ft7Ijutxw0Yd3+Y9MFlSsYsfQBB81nz78l1saPzp3nbf/4JNz36V/zLsfvYP/UCJxbG6I92IU1JIpvior6dXNR39mqnGlhg9bFod1GxYNpFiWnaHtvbx4Elz5KXBcdzxUXxyqiLL21XELfMhIOXFV4XehcT4gTyP74Jmz6EFnoA+YMTVn445O+UrwMepe9XvcJe2s6tuCxpVwvOXnk7xa2IsxveXu0L4tYrb6e4qjir8qecr1veHu1dAa+As6peasG5yHvgUTXebu3WkF784lwAuLsv1YtbHj7ydvJ+ca67XlT4Ey6AV4lzQ+hFZVxx49GNl0bUi0NcZb2o9NOBXirz16h6UeDPNW8PnBtOLyr5VsCjKfTifmNXj7dX+9KwPvql3PsiNVeUd7uRsI7n/4EUYGog0ECECMU6aOvo4cCTB3h63xOct2Mng93d6Hby8/PzLM7OEiFLVAeBtTFndmaGofUb2H7WdjSRxcymiYTD9PT1Eo/HwDARpsmm9evpau9AA4QmMIXA1HLXKslNrMay80V4a5nFqvAo4qMU76T9Z/Fzz8M5H0UfXGouMyB6L7byuvA6tD5nPpZsH5knDsCma4he90b7Y9ajXfEx2j7wO4iH78dc7Ed75bsRgLjwY2iDKeTxb1cKXNGyp07DplcTuXA9cDahl+7KX6b2xt8j1Pc4mX+4keSdjyBj24r+wrPcRsh+8RYyzx3AuP8WUg+M1Jxf3gy36dzmsZbcsXpw5gQffPQvOTp/GgBNCC4fPJ+93dv40el9LJpp+qKd/OEF70QXLTv3HFgLWGExomlLP1RlmraXSztXwZ5kZWmy1WnFNxePMo89qC3zym/p+zh4r+s//luY94FIfsK+LnBcgcfDU+KLVow9ir9l2ClRjnOJ98BZdeW+Is5ueHvxV+Br25FSpc/HU8NZlb9acK7In3SqytXxrpa/Nb+jaI3pxS/Oqvwp90u+ePSH89rUiz+cW0YvDue3tF5U+Av04rs+WPN6UeDPD84Np5dlGVeaSC954PzhrKwXX/2S5ZFmEY+atpS3Jqw/wpfCmhcRmkCgEe3ooq23l/m5GVIL86zr7GTzukFSyQVmZmYZm5xCZtO0hQVt8TiRaBgR72JsPs3ec3Ywn5LMTC8QN0No4RjhUBbTNMlkUsTbIgwNdmFEI6SFwBQWJsI0EUJa2AqJ0CSaJm1YCnGnIm+OfORe33U7mbM+Rvg3HiSUOYYxOgf2jtXM9+9Gf881tN36ICwexpx15qOIm++/n1T4U0ReejOxy/6XdWzxNOZjtwP3kr57L9FrbiB26w1YP171RVJ3jcAVlWN7mfm1W8kMfIzwu79J6N0pzOcOY7INsiA6LyF05VsIvx0ghXnkTjJevz8CwCNkvvxIbUk5mTSWP+Yas5acWP37Iz9k/9RRAC7t381v7v4F7j29jy8//30ypkX6u8+6mgt6d6xmmoEFtgJmDT75yVStoDihuEgByK+A5l4jrLFKFHhpDcqFr/O+0rNW7XgOaZZ76fLarWhxCivsBg/9dv56KbteWdnbH5T3YslXvcLuVhw6FZlFcT3wrIBzmRcOvuA8pSKxEn8OvCnj7IB33lfgTR1nVf4UcfbBo2MxXwXOqvzVgnO1/NWO99rRi2+dePHnwONK6MU/znXWiwp/eb34w7kh9KKiEzceHXXYoHpxOF8Zbyf+Ar20nl5U+PODd6PpRWVcaQW92HGqwtkD76r14gPnvF+cRvRuyfPYlZljKh/X+kwdgS4FEg1DgIi10TU0QE9/H1uyGV44eIjdZ59FvDtOIp1hcm6RMJLujjjRWDttsQ4ePPAoz43OcvTHj/DE/hgv23s2e/fsZvf5cURIBwGmkSUU0ojoMealBppm74K1c0EikAhhApKuzKwNn4W3lprP4+HFY/qTl3vg+wiZz/08GScCD/45yT/6cydmSf3xnY7HAcy7PkLyLpc3H76F5MO3lB9/4EYWH6jw33deT6LwYwtf925APnkLi599BMl69Hf9JdHMCJmHwXj4ehbd011ZM4KJ1aazRDbFgekXaNMjXL/jdVy3/TX8y7H7+c6JB/OTqtvah3jr1isQ+V4wsMCa03JFR26nqmtxU3A8PypJQf5Zq4XvV+tx8PnRrjRRXAbF2zE/fXt5EVLi5R3bWOrOb8f41O1Wcymxao5ib/7jVvs1S8fx8JT4ongKxXupdyouS/moAedgx2r1OKvyVwvOFfkr+3blD+9q+VvzO4rWmF784qzKn3K/5ItHfzivTb34w7ll9OJwfkvrRYW/QC++64M1rxcF/vzg3HB6WZZxpYn0kgfOH87KevHVL1me5HwRj50yWRBZYM17CISwEhBCYGoabb197Nx7AXv2nMfJ4y8yfOI45607j1AoQiojmZ5L0DU7S7yzg7BpcPDw88wvzBM1JGKwk2i8k/b2DmvCNpPBlBmMTIqMIcnqus2w/elSgtDsy8/99aRJbzYBegHe6SqfsVqrXhrBBreiv+IDhK+xnp9L5jTGw7eTWe28SkxmkpUbNbi13MTqVHqOjbF+3rfrGi7qO5vfe+xL/Nfo02Tt7clDbb3c9rLf5pzuLaucaWCBrYDZg0/RTlVZ8ENWRR67HTit+GJ7a4wqeC2XfG5QW5aVX9WipSic9UbNOyRyPhfPIW4z7MAr5U8Vb0f+HHhUxrkGHtVxVuVPEWcfPDoW82tZLx78BTtWK/DnwONK6MU/znXWiwp/eb34w7kh9KKiEzceHXXYoHpxOF8Zbyf+Ar20nl5U+PODd6PpRWVcaQW92HGqwtkD76r14gPnnNfHj2DueIWdhmBAMxBo1iMBhLT/CUxCICQC+7EA8Tgb9+6FuVlOjY1w+IXn2XPxucRibYTDEWYXZhgdmyQWC9MWDXPuliE6onE2bN7CxS/Zy1lbNtDeFkYaBkYmjWEkyKSSpM0Yhh4CoRf86E/+AasgJbmJ1C6RY83CW09M5vGoq14awQ7eRurjt612Fp4mkZBaXO006m4t9wDRmB7lI3vfxrVbXsVtz/4r9515Kj+pGg9F+aOXXM/LB861B4rAAmtuyxUdpmkNprkV2PyzVE3b21W2zHl7FCo8LgvfL/TCxTu1dxvdpIP3GhxLfVk4l89Xzbckb6e4ZSvyXsVkqXcqLkva1YKzV95OcSvi7FaceLUviFuvvJ3iquKsyp9yvm55e7T3uME9cV41vXjgUTXebu3WkF784lwAuLsv1YtbHj7ydvJ+ca67Xnz0035xbgi9qIwrbjy68dKIenGIq6wXlX460Etl/hpVLwr8uebtgXPD6UUl3wp4NIVe3G/s6vH2al8a1ke/lMc7MQWLM/m8I7pG38Kpgg+UCHtyFWE5TWhIXSfS00+0f5DOwY30rBtC00JEomGi8SgpQzI2Ncfw8BnmZmfYunGAc3dsZLAjTHJylOOHD3L00EHGx8fJmgamkcUwBRkRwhS69XxXYU2GWhPF1vNewXrdNz9M2H4erEQiMglIzVaFR816CWx5LJ0Eaa52FnW3ltux2hftpDfawY9HnuSJqaNcs/kVnNW5kcsHzuXivrPpiXSsdoqBBbaC5vwYAKdnrVqDT/HSa24BwmmlMH9cFnuk83FrDFRY+XUpBl0H0aJw/ld8HX0unkPcZtiBV/PKrxN/Djwq41wDj+o4q/KniLMPHpeAbBC9ePBXO95rRy++deLFnwOPK6EX/zjXWS8q/OX14g/nhtCLik7ceHTUYYPqxeF8Zbyd+Av00np6UeHPD96NpheVcaUV9GLHqQpnD7yr1osPnAu9NjOMjHXneRtMjzPL5qL4ArGUL2Cik9UEeqyLvm07MabHiETbCIV1IvEIMhJmdj5FaHKBoal52iIhhJGgJ95BdzxCe3ucSDyGHo0ghSSLJE2INFFAt6+hwGTxpa9bHF36jQ4EWmLKm78CHmvWS2DLYjK5sNoprIg1/8RqegGZTSNi3SCsDbpCmrxWi3Kl6EEeexrT+Bmi5wm0gV3Ic69BdG1c5aQDC2xlrGwSVRb8kJVTkSMLipqS44gSv1SdFR0X2tL7ZT4/ypUmitrgWOrLwkmruZRYtUYVHg9PiS86X6F4L/VOxSXF55Xh7sCDG85lvkK8iji7FSdV8lcR71Kca+JRDWdV/mrBuSJ/ZdWiP7xXXC+e/NWgkzWmF784q/Kn3C/54tEfzmtTL/5wbhm9OJzf0npR4S/Qi+/6YM3rRYE/Pzg3nF6WZVxpIr3kgfOHs7JefPVLS16MHUGuPy/P23otyYvZJGYkhjXBKUBIcpOdEhBSItExtBBdg+tZkBn0cAhdM4lEQ5haiLm0JN4WYiFl0D/QD5hsWD+EFooSjrUzsGEzItZGKruAYZikzTBGqA2JbqMn8veddcACR88mGZQppCSPtzY/UjV/NeslsOWxVGK1M1gRa9KJVYl58nGM5/8T88TPIJtEdG9C23E52qaL0dbthFgvYsNepBAwcgDz0I8wnv43jGfuRj/vF9DP+0VE59BqX0hggdXVhLAnUe3JTk0r2MGKwzNWRW74E0isP9bIHbfGPJGPK3Nelvj85zm8b8ctT9TBqxYtReGsN2reIZHzuXgOcZthB17NK79O/DnwqIxzDTyq46zKnyLOPnh0LObXsl48+Ksd77WjF9868eLPgceV0It/nOusFxX+8nrxh3ND6EVFJ248OuqwQfXicL4y3k78BXppPb2o8OcH70bTi8q40gp6seNUhbMH3lXrxQfOhV6bPY2ZSSLCMUAS0XS2zhzmxYGX2B9amADWbxRLQQgwBURiMbTeLkxpENYEkXAINI1FQzI2t0DX5CTRWJSBTevp7O5Gj3Ugop0Qa8MQkkzWJJHOkBExsnoUKTR0pOtNu3XqIGFNYKePMLNoc6Pe/BXwWLNeAqvZZDYNxlr7Ka36WPNNrJpZso98meyDtyNTcxBqQ8S6kXMjGIfvRbR1oV90HaGL34G+91r0vddCNoU5dhjz6H1kH/sqmXs/gfHM9whfdTPa9lfmQ0spmZycxDQM+vr7MU2To0eOkE6nueAlL8m3m52Z4eTwMPNz88TjMQYHhxgYHLA7vyWbmZ4mk8kQb28nFosxMjLC6VOnMAyT9RvWs3nz5rJzADKZDKeGh5maniabyRKOhIlEIoR0HSklfX19rBsYWILENBkeHmZqcpJkMkUs1saWrVvp6elZujYkR+dGAMnGeD8xPVr0mSkjw6nFCbKmwfaOIU4tTpDMppF2b2RIk4gWZmO8n/ZQGwBjyRmOzp/mot6dRPWwK2X7Jp9noK2bzfEB1zaB1ccKHwOQ36mqFbyW0p48tUafnMd+iLjTimGumKGSd4hbt5XfsnDSai6lPVhX4fHwlPii8xWK91LvVFyyfDirrtxXxNmtOKmSv4p4l+JcE49qOKvyVwvOFfkrqxb94b3ievHkrwadrDG9+MVZlT/lfskXj/5wXpt68Ydzy+jF4fyW1osKf4FefNcHa14vCvz5wbnh9LIs40oT6SUPnD+clfXiq19a8mTTiOOPY+58VZ6/jXKBk9kUZiRecC0i7wQSTUoQGqbQiXV1Y0R0MkaWNk0nFo0ghcbpyRmSGYNYKMy6gZ3EOtoJxdvRo1E0PY2RSjOfzDCTiiA6e9BECFMAmMWfiXWr69kUG7JzoGl5vLXJF214quOvZr0EVrPJ2fHVTmHFrMkmViXGs98nc99t1i7VWA+hy96LWL/XEtnoQYxjD5N99O+QE0eJvOVzIHQIRdE2nI+24XxEz2bSd38U89STpL/3h0Sv/yqidysA2WyWL93+RU4cP8afffzj7Hv8cf7iE/+XtrY2vvNv30UIwfHjx/nyX/8N+596irm5ORaTSS688EI+cvPvcdbOnUXZfuMb32Dfzx7nV9/z39E0jb/+4pd4Yt8+skaWc889j/f95m/ymqtei67r+XMymQzf+uY3+fa/fpuNGzcQi8U5dPAg0zMz7Nmzh0QiwRvf+Ebe+iu/TG5S9p4f/pCv/v0/oGkaQ0NDjI+PMzg0yK//xm9wzp491rWZJjc++nmklNz60vdzfs/2olxPJsb5nz/7a6bSc/zTqz/KrQfu5MmpI+zu2sy29iGemjrKTGaBq9ZfxG/veRPd4XYeHD3Ap575Bn/zyg+zp3urI2NzmUU+8NBnuWHPtbx3539btjshsOqssBgpm2SVBY8JyA+w1iDlteJLyWtrbCvxwY7V6otDpyKzKK4Hzm6+lD8HHp3i+sXbkT8HHpVxroFHdZxV+VPE2QePjsX8WtaLB3/BjtUK/DnwuBJ68Y9znfWiwl9eL/5wbgi9qOjEjUdHHTaoXhzOV8bbib9AL62nFxX+/ODdaHpRGVdaQS92nKpw9sC7ar34wLnU66f3I7dcBJE4AkFE09gyfZhjA5eA1OwPF/nYVnxs1AQhPYLMZJicnOaFF0+STAm0UIyMluLMfJb9h09h6GHOWoTedUniHe3oIY35pMloQqOtZzOG3o5AoGGCkCALPsu6Adk8+RxhXcvjjZEhNHmMXCau/BXwWLNeAqvJZGoB0ourncaKWVNNrJrHHiF990etSdXebUSu+TO07a9aanD2VYRe9X7MY4+Suf82so//E6FL310UQ997LdHBPaT/+X3I6ROkv/Nhou/9BiDQNI1nn3mGnz32GN/45zv5j3t/xCWXXEIylUQIwfDJk3zu05/h7e98J7f8ycfQNI0HH3iAj//Zn/Ohm36XWz/1SXafc07+s4ZPnuRH99xDW1sbekjnxptuYt26fg4+d5A/+P3f56Ybb+Szn7+N1199NQBSSv7XH32UBx98gM//1V9x8cUXAzA7O8tvf+AGpqen+eJff4l4PA7AYmKRr3/ta3zq1lv5/Bf+ile/5jWEw2GklPzpxz7GO952Hbd++lNc/YY3ENZ0Ds2cxMQka2bLsZUmh2ZPMJacIaqFmckscHh2mN8651reueN1ZEyDvzn8Pf70yTt4ZvoYd1z5h5xJTnF8YZR/OHIPf37x/8j/GXmhffHgXRxbOMOJhdFa6Q/Mh5U+BqBokpWCIqek6DFz7eyixzTl0rNT7cEbUX581VZ+y8JJq7mUdrpVeDw8Jb7ofIXivdQ7FZclfJThqoBzsGO1epxV+asF54r8lVWL/vBecb148leDTtaYXvzirMqfcr/ki0d/OK9NvfjDuWX04nB+S+tFhb9AL77rgzWvFwX+/ODccHpZlnGlifSSB84fzsp68dUvlXgjAyf2IXdacyQC2MoCE4lREh3ryd1q5N8VdjrW/4eEhGSa+ekFnj58jOGxWevP/fUIppHl4Hya0zMHOXJijI2bBujt6yHe2UG8d4D40E6yMmqxahqgyaJry1l8foQtxnwRT/rki2CmlfirWS+B+TaJRM5NrnYaK2raaiewbCYNsj+7A9LWr46Fr/6j4knVvAm0bS8n+va/QU4dcwylDewm9LJfAwTm8D7Mk/vy74VC1lz0oYMH+fwXvsAnbv0LPnvbbQDE29v5yM2/x8te/jI0zYL28iuu4O3Xv5PDhw7x/e/dXfQ57e0dAIyNjfEXn/wkF150IZs2b+Z1V7+e33jfb5BOp/nRD+/Jt3/22Wf59r/+K5dccgkXXXRR/nhXVxc/98af55GHHy76jIceeojbPvtZXnvVVbz+6qsJh60/xxdC8P4bbiCVSvH3X/kKqVQKAF1o+X9lmBQcD2sh4vajAkJayD6mc+XgBXSGYzwy/iyGNBlOjJM2svz7qZ/ykzNPlsVcyCb58vM/sDBIzjhyEVh9rbAYMc2lwSi3IpwbvApXaAEEJV54eFnuCz+/yDsVJ9Yb5d6tSHFqXxZOLV/P66uAR9Ur7KXt3IrLkna+8i7Nt0o8KuLsgrdn+4K49crbKa4qzqr8KefrlrdHe48b3BPnVdOLBx5V4+3WbtQZ9MsAACAASURBVA3pxS/OBYC7+1K9uOXhI28n7xfnuuvFRz/tF+eG0IvKuOLGoxsvjagXh7jKelHppwO9VOavUfWiwJ9r3h44N5xeVPKtgEdT6MX9xq4eb6/2pWF99EtO7UOnn0YsTBfhccHcc+jZJOWzjdZ3QFNoIDUikQiZVJrJqXnGphNMzScZGZ9iZHyKuYTBohZn3ohybGSa5w4e48Xjp5Chdtr7t5AVEYxQBKmBFhIITUOUzDvo2STnTx0szjuzSGj8eeX7rma9BObfkvOQTa92FitqTTOxKqeHMYefAEB0b0Lf+WrvE8JxQld80PVtbcerEPFeAIxDP1o6rmsYhsE7rn8nQ0PFP27V29vLxk2bymLt2L4DKSUTExNFxyORCABXv+HqsnMuv/JKAE6dOoVhGACcPHESgKGhobLCZ+OmTQghOHz4MGCt+tzz7/9OMpnk9Q7xBwcH2bV7Ny++eIzTp05Z1ya0/L9SC2kautARCDQhiIWsidWItrTpeSw5TdLI8IqB89CFxunFSUKazlhymr8+9D3MgpWolJHhq0fuIWta1zaenMaQJoGtrOUnVZ1W3hElK75We4m1CkWhlx5euHin9mWDeS5RB+9SDDq2Lwu3TPmW5O0Ut2xF3q0YLG3nVly68OIH56p4LIhXEWcXvD3bF8StV95OcVVxVuVPOV+3vD3ae9zgnjivml488Kgab7d2a0gvfnEuANzdl+rFLQ8feTt5vzjXXS8++mm/ODeEXlTGFTce3XhpRL04xFXWi0o/HeilMn+NqhcF/lzz9sC54fSikm8FPJpCL+43dvV4e7UvDeujX3Jqj5FGP3I/0v4rVYkkrAkuGH3E8VKkEGQMycTMPNF4H9OLJhPzKVIpiWFomKbAyBokFheZm5thZnaKUFjnnHN3c/kVl7Pz7LMJhcOAQCJACAq/9Qsh8v/OP/MoIa34ekOjz+bzLPIV8KhZL4H5MyODnJ2o3K7JrHkmVudOI+fHANA2vgT0SMVzRFu3+3vxPoj3AWCesnZbCiHyk45n79pVVV7ZbJZnn30GKWV+F2vOQmFrUnLDxo1l5w2ss37IybQnHgHa29sB6zmrpTY7M4OUMj9Zm0gkOHjwYP6/f/bYY+x/6imePnCAJ/Y9wSMPP4yuaSzMz7OwYO3y1YWGYZocnD3J/qkXeHr6xfy/QzMnyZhZcvO5uQnV3C7WJyaf5zPPfpMdnev52EXvAeD4wigX9p7F1vZBfnLmSZ6efiGf7/7pF/jSoe/yjh1XATCZnifVIr8Yt6ZM2H+u7zSpytKKb454p5VfaR+XsvYVVKWVX5di0LF9WTjvFc6adxx4rci7FYOl7dyKy5J2teCsunJfEWcXvD3bF8StV94Vd0pUgXPdd0i45e3R3uMG98R51fTigUfVeLu1W0N68YtzAeDuvlQvbnn4yNvJN8WOIuECeJU4N4ReVMYVNx7deGlEvTjEVdaLSj8d6KUyf42qFwX+XPP2wLnh9KKSbwU8mkIv7jd29Xh7tS8N66NfcstbmzqOdvRhsHEG6NAFu0YeKr8UIZhfSHD46DG0ti4SZhvzaUHKkJjS/u5oZtHNDBGZZkN/B1defhmvvvIVrB9aRzikoQsrlpAmuanRwnlNIWDXqf+iXSvOVx8/jD4/WoR3tfddzXoJTN2kiTk1AgVzWK1iTfOMVZlOgL3q4jVhWrUJze6UQc6eWjpsCzZU8INShTYzPc2Pf/xjnnn6GTKZNKZhMjs7ixAi/6f4OctN0pYetz7H8rq+RNHFl1zMps2b2L//ALOzs3R1dQFgGAb3/eQ+hBC89qrXArC4uEgyaT0s+Ml9T3D82HF0XcM0Jaa9A/bCiy/i0ssuo7evL/8ZGZnlwdEDHJ07bU20SgNDmkyl5kgaS9u5dWFd//956ut85plvspBd5G3bX8uvnnU1g209AJxOTPCGjZeyIdbPJ5++k9sPfpcvvOImDGny1SP3oAud9+2+hr89fDcL2UUSRpK4vRM2sJUxKUt+sKrwmau5IqWwuCmYdEUKEPZra1Y17wt3wCIElLxfNolbGNdplHMbHH2uRFrXg51HlR4PT4kvOt+j+Ktlp4Qox93R445zma8QryLOLnhXy19FvEtxrolHNZxV+asF54r8SacqUR3vFdeLJ3816GSN6cUvzqr8KfdLvnj0h/Pa1Is/nFtGLw7nt7ReVPgL9OK7PljzelHgzw/ODaeXZRlXmkgveeD84aysF1/9kjuP+vA+zI4+suv3WL+tgWRIZGgf/k+eXv9KjFAUhCSZzjI+OcPUbIL9z7/IYO8AoquXTCRKejENpokuTUJCMtQZ47ydW9i8vh9dSKSZwZQaJjpSCAQmQoIJCDTARM8m2TvyEHFRjK82N0Jo/Hnf/NWsl8CUTCJhZrTlHgGQs6aZWC20wolQ35ZesCZrAYzyH3Nysru+/R0+8+lPc+lLX8qNN/0OW7duRQjB/ffdx7//4Af53aQ5M+0/fbc6j2LLHYpEIvmdrvF4nK/ecQe3/H9/zI2//UGuf9f1tLe385Of/IRDhw7xhS99kUsuvRQAXdfRNGvy88bfvYlt27ZVdQ0xPcqvn/1Gzuspbn9iYYx7R/Yxn7UmazNmFoHgxnPfzN8e/j4nFsaQ0mRd1JrUnkkvMJ6aYWN8He/Y/loeGX+Wb594kBvOuZaEkeKhsaf5n+e/nfVtfUT1MPOZReYyi/nzA1sZE8L+oaoCL3OepSJFyw1OdvFgFTsFXpT7XHwpsX/AquB16fs5b8crT9TBqxYtReGsN6w8Srz04XPxHOJWvcLuVhw6FZlFcR1wrORL+fPgsfA8v3g78ufAozLONfCojrMqf4o4++DRsZhfy3rx4K92vNeOXnzrxIs/Bx5XQi/+ca6zXlT4y+vFH84NoRcVnbjx6KjDBtWLw/nKeDvxF+il9fSiwp8fvBtNLyrjSivoxY5TFc4eeFetFx84V+JRe/4+tLYe6NmQx7tDE+w98xDPd5/LTLSfUyMTjIxOoOkR7v7+j7jqypcS6xtAj3ciExlkOoUuTDo72nnJnrPYtW0jIpsinUwQC3VgmCYGgrQpiOgSgYGBhkCjfX6UndPPEBfF+LI4S+j0gfx1O/LoxF9B+5r1EpiSyfkpSC6sdhqrZk3zKAAR7QDd2vlpntwHmcWa4sn5UeSC9WwI0da5dNyuNgqfFwrWrtH/+4lPAPC7H/oQ27Ztszs7yGSsiVmtZJdrbueoUwGTtSdzI5FIPg5AT08Pu3fvZvc5u5mYmODI80e48sor+ZdvfZPXve51+XYdHR309lo7R48fc/6RrlIzpIl06V0ksihP027bpkf4/Ms+SFQP8zeH7uaRcesZKCcTY5hSMhDtZlN8He/f/YuYUvK5Z7/F5575Jhf37eKtW68kqodZF+1mIZtkvkbOAlM3p8cA5DyyoMixyc/f//Z9krtfSt8v8sLZ5/4VtXcb3aSD9xocS31ZOPV8Pa/TA4+yFXmvYrLUOxWXuPCikndpvlXiURFnt+LEq31B3Hrl7RRXFWdV/pTzdcvbo73HDe6J86rpxQOPqvF2a7eG9OIX5wLA3X2pXtzy8JG3k/eLc9314qOf9otzQ+hFZVxx49GNl0bUi0NcZb2o9NOBXirz16h6UeDPNW8PnBtOLyr5VsCjKfTifmNXj7dX+9KwPvolr7wlEmFk0J/9AUwPI6WZx71DwN6pp+k9/jOeP3qSY8eGGR8fZ2TkDN/85l2cPDlGxhRokRiRji6Gtmznwksu49JLL2HzhkF6OmOEQzpCjzCfMNHDXYyMTpHbpSqEwcbRfZw7dYC4MIvyZXGG8PDjYP+1rN9+uma9BFalSeT8BMxPrXYiq2rNM7HauR7RMQiATM2RfeIbkE35jCYxjvwEskkrdv9Z1lEp87tMS21hYYGJ8XHa43Hi7fGS9+btDr/4nNyzUjOZ8u3Sufc0vZiif/ra19n3+ON86MMf5vp3vYv3/Np7efVrXkNbW1tRu3A4zFWvez3hcJi7vvMd10JpZno6/56JiSlNxx+RykoDQxqYUmJKScKwsM2YBuf1bOP39l6HEIL/s//rDCfGObZgPQulJ2I9F/Y1Qy/h3O6t/Pupn/LTiYO8c8dVhO0dtRtifSwaKabT8445BlY/cypKTFOCx0o8WCuFRT5/cxe/tlZGXXxpu4J45Yk6eJdi0LF9WTiXz1fNtwIeSivsZXh7FJkF7WrB2Stvp7gVcXbB27N9Qdx65e0UVxVnVf6U83XL26O9xw3uifOq6cUDj6rxdmu3hvTiF+cCwN19qV7c8vCRt5P3i3Pd9eKjn/aLc0PoRWVccePRjZdG1ItDXGW9qPTTgV4q89eoelHgzzVvD5wbTi8q+VbAoyn04n5jV4+3V/vSsD76Ja+8c15LJwgd+De0sSNIliZXw7rGBbEEH9w4yjlilMmJcYQwOXz4MPue2E/GEMQ7u9myYyevef0b+Lk3vZkNZ+0g2tFJW6yTcCSGqUWRog2px3n62aNMziRYN/E8l564n+3ZSUKaKMpXS0wQOfFTRGax5n66Zr0EVtGkaSCnRpDz06udyqpb80ysdm1EGzo3/zp732cxnv9PX7Hk7AjGM3fnX2ubX5r/byOb22VaPFHZ3t5OV3c3p0+f5sTxE/njJ0+c5Nvf+hZSyrIfnUokrB2a6XT5xGpy0Xn35unTpzly5Ah//5W/44H77+fRRx5h3+OPc/z4cQyj+CHBb37rW7j2TW/i7n/7Hvf88Idl7+9/6im+8uUvL12baZI1TbKy/GHDRsHxrGmwYE865469b9c1XL/jdTw2fojf/ekXODZ/hogWpjdi7fYNayHec/bPkTENzu3exsvXLXE12NZDxjQ4vdh6vx632pZ7Fqq1A7v42aiFK76m6bzSmdu5nfOFK4Uy91qor6CWmdMKo0sx6Ni+LJz3CmfNOw68VuTdisHSdm7FZUk7X3mX5lslHhVxdsHbs31B3HrlXXGnRBU4132HhFveHu09bnBPnFdNLx54VI23W7s1pBe/OBcA7u5L9eKWh4+8nXxT7CiSLoBXiXND6EVlXHHj0Y2XRtSLQ1xlvaj004FeKvPXqHpR4M81bw+cG04vKvlWwKMp9OJ+Y1ePt1f70rA++iWvvAu9MDLoz/wA7fgTmPYj/3L493fE+NCrNvOJl4e5dkuWs9fFyJqSru517NpzHq989Ws5/9LLGNiynfYte4gMbMVo68AMd5DIasT61qNnF7lIH+GCE/dwVnKEqP2bHoX5atMnCR9/tHynqs9+uma9BOZp0sggJ4aRqcRqp7ImrHmesarp6Be8xZpMNbPI5AyZe/4U0bEObfOlVYeRCxOk7/oIcvKFpbjnvMF6T0qyWWtytHQyVNd1PnjjB/8fe3ceH1V973/8dWYy2chiQggmEBaJBCVoBKkKgiII4kq1V3BfWm2L3u619fbX29be3vbWa2/bq95eq3WptWKvFHFBFERAQWUxlkRMZJOQBEIgJpB9lt8fM5nMJDOTzJZMMu/n4wEnM+ec73zP95vPnJPPfOd7+MOj/8P3v/tdrrr6atrb2zlWX8+1X/oS+/buY82rr1E0ZQpLvvhFAJpPOkdotrT0/mVsbXUmLtvb2t0nC4Cbb7mFf/zjH/zut7/12t4wDEaOHMm1X7qOb33725jNZrKzs/nxT38CwPe+/R3OOvsszjv/ApKSEvnwww850dTEN771bQzDoNNuw2wykWwk+hyVa3PYsJgSSLek0GJrp93WSbolhVbXqGCLKYGvFl3J20c+ovT4Hqqb6zklcQQpHjejum7cHP57999ZNnGe102qxo3IJd2SQmOngnKgGeB9w6oeSwMDO645VsF10UL3Y/x/Uujw2B6PTyIdgZYYvs9xvj5h9HMx6Pck6lWcc4Wzvj2WjhCWXeX5KLffn7D7uzj0dZHpVW4/2tVPO/daGj6WDs9+DK29ffafj34Mup3D6Mfg2znY/guynUPox+6GHCLxEqD/wm/v2ImXkOMkUP/56MeBiJfQ2znK8RJM/7njJbR2HhLxEkyc+OtHn3E4ROPFx/5Bt7ev/lO8xF+8BNN/obT3UIuXYM4r8RAvrnL61c4B2rvf8RJCOwfbj+b972I0H8M2YSZGSqZXP0zIyeK2nFO4fWYhnx1tYG+zGUfOeBLTLJxiauNEB2Rm5JBuOYzJ6MTxeTWn2DtJPbqLREcnxaendZfn2Y52KwlHdmNuqg7cD/3pP4/9w44X8cOBo7nROaeqn29zxyPD0ZXaHw6s7XS8/hNsH/2t+7mkNMxFC7Fc9B2MjDz/+3Y0Yzuwlc61P8XRVOt+OmHGzVgu+xkADoeD2tparFYreXl5WCyWXsUcratj65attLS2UDRlCiUlJRiGQUNDA/X19YwdM5aU1BQA6o7U0dnZQeqIEWRlZXmV09raSn19PYmJiYwePdr9/OqXXmLDWxuYe9Fczjr7bFKSk2lra2fHju38z6OPUn2omp8+8ABLly113/QKnCNnP/lkN8ePHSc5OZmzzj6LCRMnejefw4bZcO5juM8ATnaHw/1GaBjOUasJJjN2h8O9DzinBjAbJvfNkAzDuyyH+827m801n0vPbSX66n6c7kqSOnovXSdRk8dJ2306M7pPa71O1ibnEsPAcC17Pt91tjMM8H2W6yHCJ0f35h7V6XMZTDW89g/z4t3X0mO/PiseTM37LC+4dg62/yLT3v3tx+DaOdj+C6+dg+2/0No7tuIlCnEyaPESWjsH239Bt3NI/RhaO8dmvITWznETLz72j+t4Cab/FC8h919cxEso79TDOV7c+ylego6XkN6XQosXEhKx5Z+FffwMMFuC668g4sX8+WeY6z7FcFgjeF6JULxIL472ZhxNx8DW2ffGw8yeH2wNuH54JVYBR1MNHS/cjf3I7u4nTWZMedMwT7kMU+4UZ4I1MRXsNhxtJ3Ac24vtk9exV3+I48QR925G9kSSrn/MPcfqYNuxfTs/+P59/PBf7ueS+fO9Eqc2m4231q/nG/f+M8tuuIH7fvgDUlJSBrG2MhQc/bFzqgaTK+nZtez6BNQ72eo8R+EAk+tcZQIwui8pDI/HXeu7zm1d+3ue85wjY3uf/PslrIuWCF1k9eNiK5IXh76XA/FHSZDXOsHw2j+ci9rg+jGSf0z5HyER3K9psP0YejsH23/R/6MkGn9MDVa8RCVOfPZj9OMlGsmHiMRLKG/TIbdzH8teBiFegomTeIgXn+UoXhQv0TqvxFG8BFfjgP04LOIlhOYeavFit6TiGH8utrwzMUwJQcRD4KXp82rM9Z+65lIdQvESpxy2Dmiqx9Eevzcb7yuxOnymAnAxMvJJvPa/6XjxHuz1e8BuA7sNe3Up9upSMCVgpGSCxZlYpf0Ejo5mvIcxG5gKZpB4+S9iJqkKsPLFlSQlJXHO9OleSVVwTkUwf8ECRowYQeqIVMxm8yDVUoaS7pOP8+LDa1oAw3vZdfbx/AS4r08iPZeGqcfzGNjtdgzD5H7c/cmyv4r2Y4mPZa/iHB7H3c8lAZb0WHrtH8TFe89lPy4me7ZzryU+lvhZ9lFen+3s7+Kk39fefbR3z3YOqx+Da+dg+y+cdu6z/3pdLYbW3gMeLwH7L4w4ibF4CbWdg+2/oN+XQurH0No5NuMltHaOm3jxsX9cx0sw/ad4Cfn6IObjJYj+C6Wdh1y8ROS8Mozixd1wobVz0PES0vtSePFi6mzB8elGTAd3YBs5AVN2Abas8Rhmi//+8tN/phOHMZ2sw2g+hmFtg3DjpY9+Czte4p21HUd7i3MO1Y62wa5NzBt2iVUAI3silsv/Heum32HbtxmvqLFbcTQfA/zfKMnImYRl/g8xcgqjXtdgNDc3u95YfOvo6MBqtVJcXExiYuIA1kyGMue5xnXyNDyW9Fg6wHCdpLo/mXc+79wO93Zdj42e+3k8dj/vuZ2r3F4MH8tgL1q8inOu6BqZ67V0hLDsKs9HuY6ey2AvDn1dpHiV67tdAy49+89zafhYeuwXanv77D8f/Rh0O4fRj8G3c7D9F2Q7h9CPPi/mYzleAvRf+O0dO/EScpwE6j8f/TgQ8RJ6O0c5XoLpP3e8hNbOQyJegokTf/3oMw6HaLz42D/o9vbVf4qX+IuXYPovlPYeavESzHklHuLFVU6/2jlAe/c7XkJo54jFS/tJEmrLcdSUYUpIxJ5VAGmjcKRmYSQm4zAnYaRk4TCZMLWfBHsHZrsNR2sTJmsrxokjmOzW7n4N4X0p2OvpsOMlHjjszvyY3QY2G9isYLPiaG92/iz9NiwTqwCmMSUkXv8YtvKXsX70N+wHP+hjDwMjbRQJs5eTMP0GMMVe01x08UW8tX4927dtZ9Fli7zWtba28vMHHuCMM89k4aJFfkoQ8eaVTO15Ayuje2nvuthxLe2O7pMurucx+l7i+RiPk3XXY/dZrmdFCe7k2HPZqziHc3OHw1WtfiwJsKTH0mv/IC7eey59XVz2bLe+lvhY4mfZZ//10c7+Lk762X/hfcIebD8G187B9l847dxn//W6WgytvQc8XgL2XxhxEmPxEmo7B9t/Qb8vhdSPobVzbMZLaO0cN/HiY/+4jpdg+k/xEvL1QczHSxD9F0o7D7l4ich5ZRjFi7vhQmvnoOMlpPelKMSLtQPz0X04ju4N3G+47tnhakeba3+7+/fZx7LfDednf6+ln/YWiYJhN8eqP/ajldgr38RevxfH8QPQ2QoJiRiZYzByCjEXzsN06lQwx/ZIz1V//zt/efZZTp88mRkzziUlJZna2lre2/oeU86YwteXLyc1NXWwqylDRF3XHKuG82zja+lwdM29CiYT4HBdQhiuOVTxnnO112OPc5zJ1PucB0b3Y4I45wV70eIlnJN0cBcBYV8cBrhY6f7kNshqB9N8oVzrBMNr/9DbOdh+DL6dg+2/INs5hH4MvZ2D7b8IxUswcTKE4yUqceKzH6MfL6G3c5TjJZS36ZDbuY9lL4MQL8HESTzEi89yFC+Kl2idV+IoXoKrccB+HBbxEkJzK166yg3+fSkm4kXiVtzdvCoguw1H+wlo/RzsVjCZISkdIzkj5hOqXWw2G5WVlbz7zrscqjoIQFp6OnPmzOGss8/WDaskKEf+X5r7xlS9bmCFAYbzk0YM52PDtQTnSbTrMtLAedYzXGe/rse4Trb4eB53OV3pWM+zXA8RPjkOxMVv9/7RuBjp3m8g/ljsXgbXzsH2X2Tau7/9GMmL9t77D8TF7/CKl2j8kTtY8RJaOwfbf0G3c0j9GI0/cgcrXkJr57iJFx/7x3W8BNN/ipeQ+y8u4iWUd+rhHC/u/RQvQcdLSO9Lwzhe+myA8NpbxJMSqyLi15H/l45hOM81huE8mRp0J0O9k63dI05NAEb3pYS/EasGzie6znEasRrexeFgjZAI+lonGF77h3NRG1w/xtwIiRD6MfR2Drb/ov9HiUashtKP0Y+XYTGiKB7iJZg4iYd48VmO4kXxEq3zShzFS3A1DtiPwyJeQmhuxUtXucG/L8VEvEjc6iuxagq4VkSGNYfrbOL83/UJIh4nR48lgN3u6LGfa+kIsDT8LH1t7+/s5vCxDHRy7Ln0d9zh1tfRd3v0bMeAFyM9l4EuJj36JdR27lc/epTXZzv7uzgJtL3XNWF06u2r3GDbOdj+C7q+/uodYPsAv+AB23nQ4iVAe/S7vf1tF0PxEmo7ezS4/2XPePFXjxDq7WsZajtHPV5CeJ8OtZ2HRLwEc17x14/++mUoxovPnEOQ8RLM+7Tipe/+G6rxEkT/+a13gHYecvESTH37aI9hES/+f7H7396Btu9ZbAjvS4HqPajxEuG/t3y1R9jxIhIEJVZF4lj3SY7eJ028l0D3kh7Lnus9lw4/S1/bu8rzUdHeSz8Xgz6393HcEalvP9qjZzv6vUjpuZ2/ixN//RJCO/erHz3K67Od/bR3wO09yo1WvX2VG2w7B9t/QdfXX70DbB/gFzxgOw9avARoj363t7/tYiheQm1njwb3v+wZL/7qEUK9fS1Dbeeox0sI79OhtvOQiJdgziv++tFfvwzFePFRbtDxEsz7tOKl7/4bqvESRP/5rXeAdh5y8RJMfftoj2ERL/5/sfvf3oG271lsCO9Lgeo9qPES4b+3fLVH2PEiEgRNBSASx44ePYphGP3+B/h93PWz5zLQz4GeExEREREREREZbKVl+wOu14hVEYkYfU4jIiIiIiIiIvFCiVUR6ZdASVMlVEVEREREREQk3iixKiJ98pU4jVSiVUlZERERERERERmKlFgVEb+U9BQRERERERER8U2JVZE4p+SpiIiIiIiIiEjwlFgViWP9Saoq8SoiIiIiIiIi0psSqyICdCdQey77u5+IiIiIiIiISDxJGOwKiMjgczgcGIbhXkb7dQaS3W7HZnfgcDiUBB4AhmFgGAZmk4HJNMif3TkcYOuAzjaw25z/HPbBrdNQYZjAZHb+sySDOREGOHZ7UixHRkzFKEO3X2OtHUVERERkcCixKiJBG4wEabCsNhs2m5JoA60rOWK3A9gwm00kmM0DXQnoaIb25oF93eHEYQebHWydzsQ0QNIISBwx4AlWxXJkxUSMMvT7NVbaUUREREQGlxKrItJLJBOnA52EtdnsWG22AXs9Ccxms2Oz2UlIMGMeiFFd7c3OpOoQGvk2ZLQ3Q0crJKeBJSXqL6dYHhgDHaPDtV8H/L1ORERERGKCrvxEZNgYrn+wDwdWqw1btPumowXaTyqpGk0OO7Q2OROsUaRYHngDEaPx0K8D8l4nIiIiIjFDiVURGRbi4Q/2oc7qGtEVFR0t0HYiOmVLb21NzjaPAsXy4IlmjMZTv0b1vU5EREREYooSqyIy5Nnt8fMH+1Bntdmw2yOccLC2K6k6GNpOONs+ghTLgy8aMRqP/RqV9zoRERERiTlKrIrIkOZwSbL+LwAAIABJREFUOOi0xtcf7ENdp9UWubt/OxzO0ZMyOFqbIjb1gmI5dkQyRuO5XyP6XiciIiIiMUmJVREZ0mwaETQkRazfOppBvwODx2F39kEEKJZjS6T6I977Nd6PX0RERGS4U2JVRIISS6NvHA6H5rEbomw2e2R+l6I0z6cEIQJ9oFiOPZGIUfVrBN/rRERERCQmKbEqIkOW/lQd2sLuP2t7xL6GLmFwOMKea1W9GJvC7Rf1q5PaQURERGT4UmJVRIaseB8JNdTZw+2/zrbIVETCF2ZiVbEcm8KNUfWrU9jvdSIiIiISs5RYFZEhy+HQH6tDmT3c0aa2zshURMJn7Qhrd8VybAo3RtWvTna1g4iIiMiwpcSqiAxZ+hb40Bb2vIP6BYgdYSfgIlQPiajw51iNUEWGOLWDiIiIyPClxKqIDEm6GcjwEFY/ahRY7AijLxTLsS3U/lG/ioiIiEg8SBjsCoiIhMIwjBD3bKFq5za2fNxAox3AREpOHnPmTmdCmjnk+rTs38Kqd+s4aU/l7OIkPipr4YwrFzMnO+Qi++9wKa+VQcmCEvKB+vfWsLIylYtuvYiiSJRfs503Tp7Bwskj/G7SUvkWO9IuYU5+cEWH3o8heu97sGljjyfvgftuj0z5x96AJ2oiV16w3vse1NwG107zfv7Tp+DvZfDl/4SR/naugdUb4bwbYHS0K9ot3N+B9o838PT2tr7j7fg2nnulhRm+4sLvukpefuZjantsnjb5Qm48PyesenepWLuKHZmRKy/SQu2f0Pbz1d4WcidPY+H540gNqSbBO7HnfTYfyWHO7EmkD9BrioiIiMjQpMSqiMQRGzXvbmRNdToXLbmCojQL0MaRip3sPQ4T0kIt9xAfvFdH6swruLHIAsB50yNV53442cihGpjkephz/mLuPj+C5eePIeWxlfyZa7nFR3K1pfIVHn07i5vvjuBrRlPhn3onHoe702+H+/ra6Bh88hs4Y2ATq+FppLTyBJkZFio/2s+ceROj8BpJA/chidCrvU+W8/KqUjaPHsOiiaF/+BWM9vrjHDpsoh0lVkVEREQkMCVWRSR+dHzMB3vtTF54IUXuJGoyo4tmufJINj6v2Mpr2+o5aQdzcibF8+Zy3igz7NnIYx9ZOHtUI2UH2rGRxKQ5FzE/s5znXqnmJMD7r/LY+13lZrlGjLZQ9e47vLG3BRsWcotzMZfVc8qVi5lzfCOPfZTKtdfNJAdcr+F67PV6MHlxCek7d7HjSAs2wDwil4sun8UpH61hZaXzjuwbn1nFjskXcmNOeXc5rQfZvGEXu+s7AROZE6Zx1dyJpFLP5hff4fMxE7AdPEBdGyRmTWDxVSU+cmp5zLl7AfhIrnYnVWdzajT6bCCtnAkjfgF7HoZmoPgXULAD3ngEbNNh4S+gJMc5+nNjunPdR2+C+VL44v1wWs8UTDu89zC8+zzY8iD3Nlh2HRx/GZ79DL5zr+ss3A5/uwYm/g1KTsDffwX7t4L5Apj/QyhxDQPe9yL8/Y9gA7Lvgpuvg+R+HpvXSNoT8NovoexNYDxM/A5cchKe+JFz27/PhOxfwFcWht+m0bZ/F2Udo1m8JI0Pnv+U9xsncl5m18oW9mzayMYD7diwkDcpExv9WddPx7fx3CsnKTijk8rdLdhMqRTPnULHzlIqm+wwIpeFV81iQqJrVGrKOEYfPcTeZrszfhedR2HPUfJ+4pWP1/FsWTpXXn8ezt+GWt5+YRvtM69g0agDrF9bzt5mO5iSmDT7IuZPTAU6qdn5DuvLGmkFUnImsPByX/Ed49KmMGnUp5QeaYCJOXByr8/jDdzGLVS99z5vVzrbwpyRy0WLZlGY0qNvyGNGWjU7jgBUs/KZavJmLWF+yjbeeLeaujbAlMqk2Re62lhERERE4p0SqyISP6qPU0caZ/jLAB7fyWvvn6Bg4RXMOdXEiYpNvLBuK6NvuJAJAM0NfD59Ll+em8rn29bzws5PmHHdTG68NZOXn/kYZi3hqkLcXysGaP/4fdbst3DhtVdxZpqdmvfW8QpwSn/q21xP7eSZ3HB+LqmJnXw+/TyKR2WSQCd71q3hg4/qufH8xdyds5HHttD91f89XQW0UbGplL3mKdxw62TSbbW8vep9Xt6ZzVLXiNrao3auvW4JOezltb/uYsf+Ei73OejPmVxtffQF/sz13DJ5BC2Vr/DQugzuWj7Ekqp77oRfezz2HMFa1Q5fXQ3WLfD7O6HtT/DdbbDrIXjrTSi5wbnd8Vdg9u9h0b/D7qfg/x6G5fd7v86nf4X3R8JXt0EasPF78Lc8uOViyL0ESm+Dc9Ph5FbYfyV8MRFWfx9yH4R/ygdrDTz1Gyj4T+ANeLkWvvq6s6zdD8Nru0IbebvvRdg/A+77d6AddlfCyFlwXx78+k744jY4PfhiB14j739Uz8jiy8hPtPCFSQdYX3aI82aPBZyx99bBZC68dqEz9t5dxyuuL5MHWtdbO7tfWcVu92PXiEoATvB5xjy+fGsqVZteZ83b5Zyx+AruHlXL2y9s5/2yRiZMd2Z6T1afoOSqK5if1sLHazfw1rpd5Cwp8XidQPE6ifE7d7Frv438iWbYv5e9jGbxxAY2v1hOS/E87i5Kd47ufHkbFRMvYsKeLazZn8rim+aRb+6k5t11rH9vbMxOOeCP9fguKo+aGF2cA9Szea3v4wX/bZyyZxtv7DdxQdf78LvreGVtqbv9T1Y3cuaCeVw4Kp0kZjL+vTWsrM5xfehVz5YXq7GdsZC7p6ViPbmXyuO6RYGIiIiIOCmxKiLi8vneek5m5FFyqvPr/OlFY8h9/1MOHMaZWE3OpWSic1TiKVlJsPsERwicJK2qacQ85mzOTDMDZvLPGE1a5ZH+Vcgymi9My3Olexqp+Wg7HxxuoaPrPkGjjwOBkiTV7D0CeRdPdn6d1ZxH8ZgkKg8fpJ08APImn02OGSCT9BSoOlLvHBXmUx4Ll1/GG4++wJ8qs6g+mM1dy+cOraQqBJ4K4PQZzjNjgmv06TTXdvnToL2me7sR18IZrm3OWAgbr4Gq+yHXo6zdz8Ppv3MmQgGKF8L7W8E6C867Dd7dCucuhPdXQvE9kHAA9lTCnmvgfY9yjgPH3ob2N+HRp7ufz54MhJBYzZ0MbU/D2pEwbQacMUSnRTj8CZWtOcw50zlsN784j8SXPmXXzLFMS/QVezmk7XV+4BFoXW9+pgI4DpDOpCLn70FKoglG5HDGKDMwlrzM7dR0dLo3Txw3yfV66Zw5PY8daxqoAbrHrAaK12lMm/gxr1TuhYnj2LW7nrTCeeQ37uXtZjsn31/vMVo+iVOOg/lAA7ZmeOUvq7rr3Od7Rizokci2pDJp5oXMHwM0HqTKz/Hm4r+NEw80wKk9+7ueqg5IBBLHnU7JKH9f+s8if5SF3ZXb2Mw4JheO48xxligev4iIiIgMJUqsikj8GJNNLgc5VG2jaEwIc/WZPZMgkdfukYQBINFEYtfP+3fxzmELFyy5gmlpFg5sWM0bHRF4UXOwR+RMrr73ymEuX37O0Euq9iUpse9t/LG293/bMy51TjFQMx7KgGVFQAUwEr70OpzWY/tjOEey3n5x6PXrkjYLvjkNDu6Ad38GNcVwz+1D7IqgjV07a2nthDeeWeW1ZtfOeqYN2KhMUxjvCTZsHf1/T8kvziPzpWp2HT3Jx/WZnLkgE1oBkii+ZjGzMr233wOQP427F0zqXVhM80hkn9zFqpUHaU9M9Vrv63grfJblbOO+JJoDzalhZsLcy7j56EF2763m7VUfYSu8kBtnxnqCWkREREQGgr7LJCLxI/FMvjDJxN53t1JxsiuJ2caRii1sOWjjlEk5pDXVUnq4E7BxoqKaOksmE8LIHhbkZ2KrPsDHJ21AJzVlR5zzsQIkmjE3N1LbCnCC3QdO+i0HsxkzYDZboLWSXYft3esyU0mhk9bWnjuNYdJoqN1dyQkAWy1l1e1knjqOpNAPCcjj/CuHYVI1GM0rYfcJ588HN0LTlTCxR6uesQw+3Yq7w8vegLwLXAnMIigG/vYryL/NdbOoCTAR2LEFrK59du1wLideAHWvwEHXa548AJ/Wh1b3YxXQmAinXQz/dC8kvAk1ACMhA2gLIkE8WI7vYld9JhcsW8Ldt3r8W5iHbc8n7MFH7O2ud3dFoHXR0nFwr+v1WjhQVkdrRjYFXnn8PuI180zOzGlkx7pDdEw6nWmJQGYe+cntHPjooHMfTnBgVyX1rmPk8H5Kjzvf66zHd7HrYNAzyQ6utGlcXGzh0HvbOQABjxf8t3HBhCw4fNC7vzNyerR/t5ysZOjodOataaNm/0E6sidScv6FXFWcxsnqQ67XFxEREZF4N6TGp4iIhMdM/uyLWLxzG1tWvcpGO4CJlJw85swF0qZz+XlbeW3dqzzWdfOqBRc4pwEIUdKZ53FJ/UY2rnyZd7CQW5xDLsedA0XHTefC/A1s/NsqtpqSmDQmzTUCzYdx07lo3Ebe+tsq3knO4YwxSa6ELDBqKhdM2MjGv63ig9Fncrd7gFoyRXNLqNuwi78+8zHOm+GczVXTM4EQk3LDQc85VrnHdVOnIGRfCQd/CS+7bl511f3Or/x75iRPvwHOexj+d6bHzatmda+fvQx2PAIzZrieSIKr/gAv/wZ+802cN5a625lsHX0VXHUS/n4TtNdC0pWw8J7+HV/2L+CLHo/ba2H1j6DpM+drFP8ExgHkw8Ifwt+vgTXLgm+TAWNjz0e1tBZMcyYXPZ06hclpG9ixs5HC6T1iryCVFNdmveLSY11vPedYhbTJF3Lj5OBqnTYmndq1r/JOsx3ziBwuXHA2pwDdE4MEilfn+mln57Jj/UkmF491PZfHxYvO5LUNpfz1mZ3OffInMf9M5zEubnqft197lQ9c72eTz2+BIXaf+1OmT6d4/ztsee8IE873f7zgv40pnMnC+vd5e+XLvIPz5lWXLCrp0f4eis7k7L3bWfPMKtImlzDj5Kes2fyR8wZnyZkUz50yxFpRRERERKLFcDgcjsGuhIgMjrq6OgzDCOof4Pdx18+ey0A/B3quP3p9dT4mHefI0WRGjkolAZvzhlg7k1h4wywKBrtqMSApMYy5Ck8cBYe97+0i7dOnYGM+fGVh+OWsHwlfuyoy9RpMhgnSR4W8+9CI5dBVrF3FjswLw75xVP17a1h5fBy3XT41zFHn/RdOjA5kv0aqjaMlrPc6ERERERk0pWX7A67XiFURGbIMA2L+o6HWk1Rue5/K+nb3aKcz5pYoqUroCXWPAiDW+9+vE/DuI3DuW4NdkcgwwptZaEjE8qDbz449nYyfPWXAkqrhxqj61Sns9zoRERERiVkasSoSx4b6iNVOqw27fRBGLEpEmEwmLAlh3A6stRE62yJXIQmdJRlSMvvezg/FcmwKN0bVr05hv9eJiIiIyKDpa8Sqbl4lIkOWyaRRQEOZOdz+SxiocXvSpzD7QrEcm8KN0bBjfJhQO4iIiIgMX0qsisiQZdLXK4e0sL8eq8Rq7Ag3sapYjknhTwWgfgW1g4iIiMhwpsSqiAxZhmFgMultbCgymUyRmWNVydXBZ0l29kUYFMuxJxIxqn6N0HudiIiIiMSs+L7aFZEhL8Gst7GhKGL9lpwedlJPwmAYkJQekaIUy7ElUv0R7/0a78cvIiIiMtzpak9EhjTDMEjQTUGGlIQEc+RGcJnMkJwRmbIkeMkZEKERiYrl2BHJGI3nfo3oe52IiIiIxCQlVkVkyDObTCSY4/MP96EmwWzGHOmvBluSnSNXZWAlpzvbPoIUy4MvGjEaj/0alfc6EREREYk5uuITkWHBbDbpK5cxLsFswhytPkpM1cjVgZSc4WzzKFAsD55oxmg89WtU3+tEREREZECZTP6/gWQyGUqsisjwYTabsVgSBrsa4oPFkoA52iPWElMg9ZSIfTVdfDCZnG2cmBLVl1EsD7yBiNF46NcBea8TERERkQGTaLEEXKe/PkVkWDEZBkmJFo0WihFms4mkRAumgZpnMCEJRuRA0oiBeb14kjTC2bYJSQPycorlgTHQMTpc+3XA3+tEREREZECMPMX/NyNHnpKB4XA4HANYHxGJIXV1dRiGEdQ/wO/jrp89l4F+DvRcpNjtdmx2Bw6H859EV9fvgtlkYBrskaMOB9g6oLMNbFZw2J3/pG+GyXljMJPZOY+qOREGOWGkWI6MmIpRhm6/xlo7ioiIiEh0tLZYOdnSyvHPm+josAKQmJhA9ikZpKWmMLy/jyUicc9kMumb4fHKMJyjKwdohKVEl2J5eFK/ioiIiEisS0tNIS3V93RoSqyKxIO2Rtj/Pny8Fj6vgv3vAZALdI6dgT1jDB2F87CNOxdHkm4AJCIiIiIiIiLSl5iZCuDdbeWUlu2hYk8VrW3tAIzMyqCosICrFs4iJ1vJHpGQbHkc3vottDX1uakjKZ22WV+nfcbNw2YqABERERERERGRULS2WAOuH/TEav3xJp56/nUq9lYBkJKcSEF+LgCV+w65t1swdzpLr5k3KHUUGZIaquAvd8Hhj4Pe1TaqiJYv/g7HKWOVWBURERERERGRuBTTidWq6joefPQFWtvamXzaWK5eNIuiwgKvbd7dVs7qtVs43tBEQf4o/vW7tw5SbUWGkNpyeGJpv0ap+pWcQfOyP2EffYYSqyIiIiIiIiISd2I2sdrS2s4DDz3DsYYmll5zMQvmznCvW7dpB61tHRTkj6KkuJCW1nYefHQFh2qOMn/OdJYt0chVEb8aquCRxeElVbskZ9B8+/95jVwFJVZFREREREREZPjrK7E6aPdhXbdpB8camrjg3KleSVWA1Wu3sHrtFh558iUeeOgZAL6/fCnZWRms37yTquq6waiyyNDwl69EJqkK0NZEyspvRKYsEREREREREZFhxPzTn/70p4Pxwo88uQpLgplv3f0lLJYEr3UzzzmDosICGpua2X/wMOWf7GfB3BmkpiRTWraHjk4b50wrDK8CrZ+x+bkneeKFv7Nm7Zts2FzGoYRcJo3PJim8koNQxtP3PU3D2bOZOGLAXlSGsy2Pw4cvRrRIo7kektOxjynRiFURERERERERiRvWTnvA9QkB10ZJVXUdrW0dlEydRGpK7zRmTnYGOdkZnFNcyIOPrKBy3yEq9lQxe+ZUnnr+dSpdN7oKXR0b/vC/lBbdy49vy8cC0FlH6QtP8PiGL/Pteblhli8yCNoa4a3fRqXoxHcepeG0hTiSMgAlVkVERERERERk+LOYkwOuH5TEaktrOwAFY/pOYN5z5xLWbdrh3nbyaWOp3HcovArUlbO9tojF33YlVQEsuZTcdD8l4ZUsMnj2vRf8FADXvgVpz8Izfwq8XVsTqTW76CicDyixKiIiIiIiIiIyKInVYKSmJHH1olmRLTQlmRTqOFgHxX5zu53UbH6ap9dU0mBNIG3ypdx20zzGpwAn9rJhxUo27DtKmxUSRp3PbfdeS1EKULeBB//zIFOvh/KV5Vgv/B73X55Fzdbn+MvL5Ry1QkLWZC698SbmjXe+UsPB1Tz823c42LMskWDsXhvc9te+BaM2wv/2kVR1Sdz3ljuxKiIiIiIiIiIS7wY1sdo1cjUY9Q1NpCQnhvfC6Rdw/eL3+O1//gvbx01lzvnnUzR1HPkp7vGrdJY+zcPb87n3Z18h3wInSp/m4RfK+N5txViwkjXva/z4K+lY6GTvyl/ywpvnc//V+a69y3mv9Hru/dlt5Fqgs/RxfrvGwo33/5qSdOg8vp13DlphPMBRSssv5fv//mvSaaX06V+y4s0Z/OvV48M7Rok/DUFMkeFOqv6s37uYm6pDqJSIiIiIiIiIyPBkGowX7fpaf2nZnqD2q6qu43hDE0WTCsKuQ+68b/Ozn93LTWenc/C9F3j4Jz/iXx5cSUUrwAm2v1NJ0bzLyXflWtNLLuS0vR+xDyC9iJJJ6a5pBCxMmjyehobjHqVP5dqvnEuupbusyVffSEm6c60l+1zmdT0gi/MXl+B8lELJ2ZM42XAi7OOTOHTg/f5tF0JSFSChvjKESomIiIiIiIiIDE+DMmI1NSWJC86dytbt5azbtIMFc2f0a7/Va7cAUDLt9IjUw5KSz6Q5VzNpztXQeZztT/+WJ1ZO5dc3ZdHWCuXP3cd9z3nuMZWpAK2fsfmFlWzYe5STbVbXKu9j6G7YVtpawZJswbcEUrwfisSmYOdvFREREREREREZxgYtjTduzCi2bofVa7dSNKmgXzey6tpm9sypka+QJZtzz53EC+8c5wT5JKfA1Ft/zW3FvTetWPkIGxJu5ds/LibdApQ+zX0f+Ss4heQU6GzrBPwlV0UG0MpLnKNWv/qT4EatJqX3vY2IiIiIiIiISJwYlKkAnl+1gRUvvQ1Aa1s7Dz76Aus27fS5rec8rFcvmsU9dy4JvwJ1r/HwHzaw93hn93Mn9rJ6QwXjZhSTTjol50+m4s3XqOnapLOO0u176QQSEpIhJYVkC9BZw4YNFQFezFlW5YaX2ev6hn/niVI2l+rr/hJhE87r/7YrL4GjFzmTq/1kHVUUQqVERERERERERIanAR2x2tLazqNPvkTF3iqyszK4etEsVqzaQGtbOyte2sC6TTs4Z1ohqSnJABysrqNiTxXjxuTyveXXR64iuZdy4/kv89wTP6fmaBtWICE5j6LF9/LVC1yznZ57G/e2Ps3TP7mPBqtz/dnX3sZUYNLVN1H88BP86D4rCWmTuercIjjq/+VSzr2Je078hed+6SorazKX3qgklURYVkH/51mF7pGrt94Jz/ypz81tGWPCqJyIiIiIiIiIyPBiOBwOx0C8UFV1HY88+RLHGpqYfNpY7rhhMQ889Aytbe0sveZiDlYfZev28l77pSQncvWiWf2eh1Ukbn28Fp67K2rFn7jyd3QUzgfAMAz3P8/HXT97LgP9HOg5EREREREREZFYNiAjVquq63jw0RdobWtn/pzpLFsyjwcfWeF+3JU0XbZkHlXVdV77FhUWDEQVRYa+0853zoPaHoVpJpLS6Sw4N/LlioiIiIiIiIgMUVFPrHomVW9fdhmzZ07l+VUbqNx3iLH5o1i2ZJ5729SUJCVSRUKVnAnzvw2vPRDxopvP/zr2xAw0rlRERERERERExCnqN696+MmXvJKq724rZ/3mnaQkJ/L95Uuj/fIi8WXWV+DUMyJapG1UES1n3xzRMkVEREREREREhrqoJ1aPNzRRkD/KnVR96vnX3UnV1JSkaL+8SPy56XHnlACRkJTO55f/V2TKEhEREREREREZRqJ+86oHH1lB5b5DFOSPoqrmqDupWjAmN5ovKxLfasvh8evDm281KZ3jX3wc66gpfm9WpZtXiYiIiIiIiEi8ivqI1WVL5jHWlVTNzspQUlVkIORNhXtfD3laAGvOZI5e/1c6c4oiXDERERERERERkeEh6iNWRWSQbXkc1v9Xv0avOhLTOPGFr9J81k1eo1I1YlVERERERERExJsSqyLxoK0R9r0Hu9dCQxXUfgztJ3AkptEx8nRsGWNoHX8RnQXnYk/M8JtUVWJVRERERERERMRJiVWROPbZgZqASVQlVkVEREREREREfIv6HKsiIiIiIiIiIiIiw40SqyIiIiIiIiIiIiJBUmJVREREREREREREJEhKrIqIiIiIiIiIiIgESYlVERERERERERERkSApsSoiIiIiIiIiIiISJCVWRURERERERERERIKkxKqIiIiIiIiIiIhIkJRYFREREREREREREQmSEqsiIiIiIiIiIiIiQUoIt4CGhoZI1ENEPGRlZQ12FUREREREREREJICwE6tKAImIiIiIiIiIiEi80VQAIiIiIiIiIiIiIkFSYlVEREREREREREQkSEqsioiIiIiIiIiIiARJiVURERERERERERGRICmxKiIiIiIiIiIiIhIkJVZFREREREREREREgqTEqoiIiIiIiIiIiEiQlFgVERERERERERERCVLCYFdARGQgGQaYE0yYTAaGgeufMdjVEhEREREREYkZDocDhwMcDrDbHdisdhyOwa5V7FFiVUSGPcMAs9mEyWxgNiuJKiIiIiIiIhKIYTgHIwGYzQYWiwmbzYHd5sBmU5K1ixKrIjKsmc0GCRbnCFURERERERERCY3ZNVjJbDewdtqx2ZRdVWJVRIYlk8n5iZpJI1RFREREREREIsZkMkhMMmO3OejstGO3x2+CdcASqxV7qli3eSelZXv6tX1B/igWzJ3BrJlTo1wzERlunG/yJs2dKiIiIiIiIhIlJrNBoslER3v8JlcNhyP6syK8u62cp55/HYDsrAxysjICbt/S1s6hmqMAzJo5lTuWXRbtKorEpc8O1LjmTen/P8Dv466fPZeBfg70XKgSLCYsFlPEyhMRERERERGRwDo77Fit9sGuxoCL+ojVij1VPPX864zNH8Wdyy6jYExuv/arP97EI0+uYsu2ckZmZXD1ollRrqmIDHUm14TaIiIiIiIiIjJwLIkm7A7nza3iSdQzEOs27QAIKqkKkJOdwfeXLyUlOZF1m3ZGq3oiMkwYhkFionmwqyEiIiIiIiISlxITzXE3JV/UE6ul5XsZmz/KnVStqq5jxUsbaGltB5zTBLz8xlYAWlrbefL51/nQNQ9rakoSJcWn09rWTlV1XbSrKiJDWGKiiTh7/xYRERERERGJGYbh/Ns8ngzI0aYmJ7l/Xr12C+s27WTLtjIAnnr+dVav3UJLqzN5umVbOes27nBvf860QlKSE0lJSR6IqorIEGQyG5jMyqqKiIiIiIiIDKZ4+/s86nOs9rR0ySUUFRYwa2YxAMvvuAZwjk4tKixg6TUXUzSpwL39OcWFnPOLf45afTo6rPz3EysB+OcvX0tiYuAm2fGPSl546W1++I0bycpMC+q1dvyjkj88/TJfu+0qZpw1OeQ6i4g3zas0cvEjAAAgAElEQVQqIiIiIiIiEhssFhPtNttgV2NADHhiNSc7gwVzZ7gfn1Nc6LXecx04b341MjuTnOyMqNTns0OHOeiaZuCzQ4c5/bSxUXkdgGlnnMav//WrjEjV6FuRSElIMGEyxc+nYSIiIiIiIiKxzGQySEgwYbXaB7sqUTfgidV1m3aweu1W7rnjGooKC3jwkRW0trXzr9+91Wu7d7eVs2LVBlrbnHOxFuSPYvkdSyKaYHU4YMv2jzm3pAhw/lw4cWzU5mlMtCSQGOQoVxEJzJygpKqIiIiIiIhILDEnGFitg12L6BvwxOrB6qO0trXT4kqY1jc00draRktrO6kpzrlYK/ZU8dTzr5OSnMhVCy+g/ngTW7eX8+iTq3olYMNxqPYoe/ZXc/fNVwDwxHNrOHrsc3JzTnFvc6DqMI//5TWOHG0gb/RIr6/wNzSe5Fe/f46Z50yhtGwPdfUNlEwt5KpFs3j2/95k/8FaxuSNYvnt1zBqZCb7PqvlD8+8zNduvYqsU9L51e+fY9bMYj7c9Sk1R+rJzcniKzddzoSCUyN2jCLDmWGg0aoiIiIiIiIiMcZkMjAMA4fDMdhViaoBT6zeecNlXDp3OgVjcgH4iStR2pVUBeeoVoB//e5t7hGqOdkZvPzGVir2VFFUWEAkfPDhbvJGjyT/1BwAckdlUVq2h4UXnwtA44lmnnhuDWPzRvHNu66jsekkTzz3Wq9yPvn0IF+77WoaPj/BH599hb0HarjpugXkjMzkiede4/W3PuCWf7rUZx3e21HOl2+8nPS0VP701zW8tv4DvnrLlZjNmjNSpC+KExEREREREZHYZDKDbZiPWh3wrERLazutbR1ej1ta23ttk5Kc5PW1/64bWlXV1EWkHo1NzfyjfB+zZ07FbDZhNpuYPXMq735QRmNTMwD7P6ulta2dL15+IaNGZlI4cQxXXHpBr7Iunl3C2LwcCieOIf/UHM4sGs/0s05n3JhcCieMofpwvdcxe7ri0gsonDiG0aOyKJ4ykaYTzXR0DvPfOpEIMZRXFREREREREYlJ8fAN0wEfsfr8qg1s3V7O7csuY/bMqTzw0NO0tnXwu3+71z1qdWR2JpX7DnmNTu0axdqVYA1XecUBauuO8fCfVnk9bxjOdbNmTuVIfQNmk4nERIt7fUpyYq+yej6Xm5Pl/vmUzDSqD9f7rYev8kSkf4xoTYgsIiIiIiIiImGJh7/ZBzyxWlRYQFVNnTtBOmtmMceON3pNBXD1olmUln3Kf/7PCxRNKqD+eCPHGpoomTrJPYVAODo6rGzdXs7Vi2Yz+wvFXuve/aCMrdvLOffsIkbnZNFptdLc0kaW66ZT/kaeisjAM8XBm7SIiIiIiIjIUBQPf7MPeGJ19sypzJ451f142ZJ5vbbJyc7g+8uXsnrtFkrL95KdlcH8OdO5etGsiNThs0OHqTvWyNIlhe6EaZeS4kI2v7+Lzw4dZuL4PEakpvDKG1u57sq5NDad5NU3t0akDiISPk0FICIiIiIiIhKb4iCvOvCJ1arqOkrL9zJ/znRSU5L4sGwPx443sWDudK/tCsbkcs+dSyL++g4HbNn+MWPzcsjLze61Pi83m7F5OWzZ/jG3/tNCvnzjYp54bg0/+uXj5OZkMePsIrZ9+EnE6yUiIiIiIiIiIjJsxEFi1XA4HI5ovsBd332IyaeN5fv3LAXgwUdWULnvkHuO1bu++xAAf3zou177Veypcs+zmpKSRNGkAkqKC71uaCUi4fnsQA2GYQT1D/D7uOtnz2WgnwM91x8pqQP+2ZCIiIiIiIiI9FNry/C+QfuAZCVa29rdPy9bMo8Py/ZwTnEhAMvvuIZjxxu9tv/TX19n6/Zyr+dKy/aweu0Wli6Z5zWVgIiIiIiIiIiIiMhAi3pitWTqJErL91JVXUfBmFz3vy5dCdYuq9duYev2csbmj+LqRbM4p7iQ+uNNVOytYsWqt3jq+dcZlz8qIjexEhEREREREREREQlF1G/9smDuDAAeefIlqqrrAm7b0trOuk07yc5y3ryqK+mak53B7JlTuecO55yrq9duiW6lRURERERERERERAKI+ojVosICbl92GU89/zoP/ObPjMzKICc702ubkuJJLJg7g6rqOlrb2lkw13ljK19lZWdlUFq+N9rVFhEREREREREREfFrQOZYnT1zKjlZGazbtIPS8r0ca2jyWu9wOFgwdwYjszPJzsqgaFJBwLI+LNsT7SqLiIiIiIiIiIgMOrvdTqfVRqfVisPuwGa3A2AymTCZDBItFiwJ5pBvDC2hMxwOh2OwKyEig+OzAzUYhhHUP8Dv466fPZeBfg70XH+kpA7IZ0MiIiIiIiIiA85ut9PW3kFHp7Vf2ydaEkhJToqpBGtrS//qPlQpKyEiIiIiIiIiIhJDOjuttLS1E8x4yI5OK1abnRGpyZhNUb+tkjAAN68SERERERERERGR/unotNLc2hZUUrWL3W7nxMmWfo9ylfAosSoiIiIiIiIiIhIDOjqttLS2hV1OS2sbnUquRp0SqyIiIiIiIiIiIoPMbrfT2tYesfJa2tqxu250JdGhxKqIiIiIiIiIiMgga2vvCOnr//44HA7a2jsiVp70pptXiYgEVMYj311Lqa9VuWfxwA8uJS/ir1nHmv/4MyvroOT273LPtIi/QMg+fPIhHi2DUy+/hZ/Pz+3nXo2UrXqJZ7ce5Zg19o7JWxUb//wBFUDRJddx0ZjBro+IiIiIiMQDu90elXlROzqtJCfZMelmVlGhxKqISL+YKSgq4NQUj6ey80gdtPoMHbXrX+B3m5sgIYOpJdkUpViJjdOPrwR2I2WlBygFOktQYlVERERERAZEp9UW1bKTEpVYjYYE/jsNAIcDDMCBa+kAAwMHDufS4XA/BsO5AUZ3ST1GKnuX571/12OvV/RTnld9DI96ORwYhkc5nhtgeOzoUR/Do14O3Pu76+O1f9djvCrivb/vdurPcYXeTj160Fc7+SkvJtqpr34L4bhCb6f+/H77Li/sdvLFkoQxIhNjRBZGRg7ms+ZhueCLGCOV2YkNI5h5zXUsHj3Y9RhqGqksawKgZNld3HPOIFenT8Xc81DxYFdCRERERETiTKe1/6NVj5dtYDMlXFOc1e+ykxItoVZNAnAPGTJcSSDDlUzyShL1etyVRPIoySM517O83vs73Pv3VZ5nffBIynkv6bX0zhLjtX9UygnyuEJtp577+22nPvpt0Nqpr3JCOq7Q2qk/v9/+ygu7nXzpbMfxeR2Oz+ugugLb7nfpWPFvmIvOI+GCa0n4wpUY6SP97CyDp2vUYwZzr8mj8tUKDlshYdx07r8lm/V/3MCWOhsJ6Xks+/qNXDQa2LWCu546BMXTuSt5D09ub8KakMrUhZdx9/yJvkfBNn3C809uYOPBFqxAQlYeV99yDYvHV/Hkj15lS1sS879xL8vGOzcv++tv+d12G1OXfY1vzYR961/isTdqOWZ17nvdHdezYIzrFHD8I558cgMf1NiwJpgpmHkZ3/zSFDL7cfRdUwOUXLOA1K3OYyUhi/nLl7IseQs//vU/OOzatvTZh7jr2bEsf2gp5/g9nhF+2nQsy2+HR586BMVncXPnHp6vaMGakMqsm6/jorp1PPJGLU1WM6decBn3f2kKqUDjnk2seLWcD3u+Ts+6PfUQdzGW5Q/N43DPUaz9reuyCRx79R+Un4CE9LHc/I2lzM4O5XdKRERERETijd0eaCRWt9ZPVvNfL9bSxgEaEpZy+5S+v0fp6GfZEjz3OOCuyXEdrqyPrxGB3SP6urd36zWir7s8/yMM6bM8r/WGR728Rj56r3fv7zUS03u9VxLMPcKQXuX1Honppz5BHleo7eR/JKajz/Jiop366rcQjivUdurP77e/8sJupyDYKt6n/akf0Prv12ErfTP4AiRCmtn20os89ufufy9+0uixvolNr9YysjiPUxPAenAnP//FOvZlFTA1F6wnann2+U147kHZTp48OIJzirPIsLZQ/tpKfrvleO+X7vyEx/7jVdYfbCF13FhmFmVAQy0rf/8Mz382hWsXZQHtbNnyiWv7HazbboPkSSyYOYLa9c/xy9dqaczOY2bJWAqstaz4zQt80Okq+6F1bKlJoKB4AjMnjaB266v8clVVUK1T+lL3sWJtYP2fN3MwJY+SkrEUJDu3GTluAjNLJjIy4PF4ltrEppcqOEwSGekjcH++WvYPVrdmUzwuCawtbHnqz/xycxunTckiAxuHt77Oij3OTRvLKihrG0FxyQRmFmeR2lDLysfepMxf3YJq+x51fb6ClvFjmZgO1hOHeOr/dtAZVCuKiIiIiEi8stvtfW9Uv4k/rKilDYAOylf8nbfq+97N1p+yJSTuxKphOL+G7RzR5xphh0fyyeOx5/ZuPR96lNdz/67HPV/PV3le6x0e9fIYGdhzvXt/h0c5PdZ7jSx0j4ikV3nu4/IciemrPkEeV6jt1HN/n+3kp7yYaKe++i2E4wq1nfrz++2vvLDbKQT2Q5/Q+tAttDxwFbbKD0IvSEJko6riANtKu/+VVrd7bTH1S7fwrVtuZPlc1yeGRRfzr3dfx7duP8uZsDt4FK90ZXoR3//Bjdx9x5386mbnLbD2b/2InufFxm1b2NYGTJrDz7+5lLvvvov756QCLazf9AmZF5zNVKB1+04+6ITGrR9RDhQsmksxVWzc3AQkUZCfBCSQk5UK1LKltI3O0p1sa4OE3GxyEoCUDPKS4VhpOfuCaJ2MOdfz87uv41vfuZipAA2NHMso5rpb5jEzw7lNwSXXcfctXyCzj+PxdOol1/Pof9zLQz+9EvcX9NOncs83l3LPN+dQAkAS8++4k3vuuJOlxa6++syZoB53xfV865opnJYCJIwgMxloO0pVq++6jQuy7T1NXfYV/uWOpfzLHVPJAGg43qsvRUREREREQtJWwVOP76bG68mTrHl8NWVtg1Qn6Z4KwDnSrmtEYF8j+rpGCHpkiXyM6Osuz98Iw77L86qP35GPXSMEPcrxMRKze39/Iwx7l+drJKbP+gR5XKG2U6CRmEYf5cVEO/XVbyEcV+jt1Pfvt7/ywm6nMNg/3Ubbf3+F5K8/ivnMC8MvUPopg2vvu8vHHKt17p8sya7hj8mut1ZLknuUpXNp9R7BOH4Cp3Wtzx/FqdRyuKaOKmdq0q2l1TmJ+cjx3TfLGjcpGza3QGsznZYZXD3nA8o31/L61jL2bWoA8rjsgmyghmMnANrZX3qA/R7lHmtqop5mZ83qatlW57GyrdF7dG0fUtOTeh2zP30eD93fnz91XEHv8lLMOO8hZnY9keRMmIJ7206sQBUv/scLvN4QxIGEUdfu/jeTCjSF/rIiIiIiIhJnTCaT/1GrbRU8+/DblLf7WNdey9MPv8pt915BcbLv3c0m3bgqWjTHaqTKCfK4Qm2nnvv7bac++m3Q2qmvckI6rtDaqT+/3wM6x2oQHJ/X0fqr60la9v+wXL48/AJlcHx2gH0UcxrQWXPUOd9nfi4F4J77EyAnYwTQxLHPammhgFSgts6ZtktJz8QCnHbJVAo2b6PqpbVUASPnzOELFoBkUpOBtiyW/uROFmR4V6FxizM5mXLuFfz+hinRPNqgjicijnxCaQOQMIHl/3Yd51hqePHf/uo70epnnvgBq6uIiIiIiMQ1k8nA7zf266uoaA6wc3MdFfVQPNb3asMUxtdnJSCNWNWIVY1YDfD7HYsjVrsrYaf9+Z9jGlOE+ez5ESxYfHPOsVqV4vFUdhFLr8gNvcgTFTz4H02ck9tGRZkz21dQMpWcHptZSqYzc9WrbNu7mR//bj9FGc1UlDUBGSy+pNC5UcYXuKxoG3+sAMhiwSUFrr0LueySDLa81sCKX/yRsuJsUlsbKdsLV//oThbMnMXMV19l2/ZX+W7dRxRlQ/1ntRyedFnUEq19H09dX0X0z+gCTkv+B4fbDrDyyRfZ0lrrTLS65XLaODPU2Sh96U88UpbPRddMH5y6ioiIiIhIXLMkJGC12nyvHLuAn/9kQVhlS3RojtX+zonpORLTV32CPK5Q26nn/j7byU95MdFOffVbCMcVL3Os+uRw0PrI17DX7olwwdJb7zlWt5XV0hJOkVkTWDCumQ/LGmhKMFNwwRV8b76PRK1lCnf/4Armj0ul5eAhtpU10JI7lqXfuNFjaoJkiqZkAZBy7iyvkal58+/gx9eNpSChifLSA2zb20TOlEJOs/gou/QQVWQzc0oYCeO+9Ot4ImEKS+8+i6npcLjiAPsyCpnV47CKllzDtUWpJJxooLS0kc4eI3oHrq4iIiIiIhLPLAnmvjeKwbLjneH4/QgH4Pras8cARodHEsvHiD78jDB0P/Qqz/8IQ/ooz6s+hke9eox89NrA50hMz/27HvceYUiv8vCqiPf+vtupP8cVejv16EFf7eSnvJhop776LYTjCr2d+vP77W/EapjtFGHmyV8g5cerg97vswM1GIYR1D/A7+Ounz2XgX4O9Fx/pKQO0U/ddq3grqcOQe5ZPPCDS8mLSKFVPP9vL7C+IZX53/k6y8ZEpFAREREREREZIC2tbXR0+pmnLESJlgRSU/xMvjoAWlsiezyxJnZGrGaOh4xxvcrTiNXgR2L6Ky8m2kkjVqPCVvkB1h1rolO4DAkt2zazvgEo+gLXKakqIiIiIiIy5CQnJYY88MgXwzBITkqMWHnS2+CPWC24ENPi/4HM8c4dGz/D/trX4eA77mJDGvmoEav++00jVofdiFUA09gppP5iPZj6P8RfI1ZFREREREREYkdnp5Xm1raIlDUiJRmLZXD/btaI1T5G9LmFMhIzdxqmLz6Ho+odHE/Pxv7UbBxV72C69jnIHNerPhqx2nv/7qf7HtkZE+2kEatRYz/0CZ0bno3eC4iIiIiIiIhIVFki9NX91BhIqsYDd2LVOeIP14g9fI4I7B7R1729W68Rfd3l+RthaMxYDnVlONZ8HceRf0DdLhyvfR3qyjAuvL9XfZwD/zz2d4989F7vro/XSEzv9b7v4k6v8nqPxPRTH6+Rk0S0nTzL8z8S09FneTHRTn31WwjHFWo79ef32195YbdTlHRuXhHdFxARERERERGRqEq0JDAiJTmkb3eaTCbS01JJVFJ1QAzciNXkU2DWDzFd9j8w9QbnV4czx0PV5l7lOQ5udq4DTNNuwrj8UUwX3g+JmRqxqhGrGrEagH3vThwNh6P7IvL/2bv7uKjrfP//jxlmgAEdhBQVRQ0o3BgLUzgrJa6leVXp0b5pbVa0i6fVvtV3qa1O5XZs95Sb7Kl+aZ3cXXJ1SzrpydK0pEws3K94mfA90qKpJCoqBiYXMjC/P4aL4fpChkF43m83bjCfi/fn/fnMvPjMvOb1eX9ERERERERE3MpsNtHX39KuBKl39TpeRmPrC0unqH12nJV2NRWBrVX0uY5pWdNA/YbrtefTD8P8r8BggIJvMEz7TxzBN+AoOlZ7wyrX9gzB1+MoOobh1pcxjPq5c7zVYfEYRt1L5V9uxlBe3GiszpoxLevG7qRRJaahuoLQOCIe48z/hL4hrj2GC6eo2vn/4fj7Chh1N6YZyTiy/5vKjx7F647XMVx3J5Wf/RbH3lX12jN498Vr/n9h6DcM+7qH4bsdHTtOzVZiuo792eAZdKnENLTSXnuPU217jSoxGx/3pipWDY3aazzGaqP+dGC/On6cWn99N9feZR8nN7Lv/RTzrQ+4f0MiIiIiIiIi4jZGoxE/iy++PlVU2CupsNtxVDmorKqqnW80GvA2mzGbvDpU4SqXpzax6qyoq6nYa5AkavS4pkLPpaUGlznXay/qXjAYqFoVh6G8GKLuxTDtLarWTsc47xMo+Ab2vOm8v8/YhXDNDBzvTcd4zydUrb8X/rERfPphTPgK4/U/pypzRf0KQQeNfterxHS49Me1Mjbv7zj2plQnR/0xxv4K4/gncVw41XQFpW8/jKNmU7l3Vb32DKPvxTBoFJQV1ebOOnKcGh9nl/2rbq/h+rX75/K8Nd9eO4+Ta7Lwco53e9rp0H517Di15fXdXHuXfZzcqOpYlns3ICIiIiIiIiJdxmg04uNtxMfb7OmuSANdUrFq9O0HZT84K01xYCg+7lyo4CCOzQ9juGUp3LLU2Vp5kXOc1aLqZcp/cLZX9gOUF4FPQNsqH1upxATAXkbVN2sxYKDK4QAfK8b432AYNg7H95kNdsj5yzD4Bgw3PkDVnlXO9sz+eNn+Gbz9oayoNjmoilVVrHqqYtVRVOD+jYiIiIiIiIiI9HJdUrFa9Y+PMY57BuKexnB8B4aJL8OZg85EacFBqj57DEO/MOfq549A4T+g+DgUHMR468tUpT2FcVg8BI/Csf7e+v25jIrVmn7Wjvl5qcQ50WhuumK15Jxztu2fcez9KzgceEXPwzBgJBSfAAyqWFXFqucrVs/muXcDIiIiIiIiIiLSRWOsnsmi6sN7MN6yFOL+FXI3UZX2JMZ5myB0fG0r9VKZx3dQtXEBxsmvYLx3MxQdp2r9PTh+ONa2yse2VKy67udV12L8yR3gqILTB6vbcV0QqCyn6rsdGK+5DcON9+PYuwqDbTaUnMNx4SSGoDBVrKpitW3HyY2qziixKiIiIiIiIiLibl1SserwsWIIHoUja03tfOPstYABx6qbcBQcrE5OVc8MHoVx+lsYb/9PHN9ugmPpgAFD8Cg4/jWOsh86pWLVcPXPMD1fVNdpexmOb9ZStfvPGK+fW/9IVbfj+MdnEPpPGG2zcRhNGIKvo2rPOxhCRlfvtypWVbHq2YpVERERERERERFxP/dXrA6wYZz7CZQX142b6hsAA0ZRtXa688ZVDdsrOEjVV/+OcfZ7zptd1bTfbxiGsQupevd2HKe/ufyK1by/U7nnL879qijBcWQblF9w6Y/rDlU3++MZqv6xFeOouzD0HQQXz1C1dw1eIdHV26lZXBWrqlj1TMWqISDY/RsREREREREREenl3F6xaox7FvK+wrHh3rr1Q292JltpobKz3FlJWvXVS3B8B9XZOoxz3sMw/hlYd+9lV6w67GWQ9T5VNfvdoJ16atuBqsw/YQy/BYKupuqrV3Gcy6UmKaiK1ctsp0P7pYpVV8Z+SqyKiIiIiIiIiLibseaPmgpNR3XWp+WKvrrlazVR0QdAxAwc2X9r0J7ras2016BhZ8UfVH2zBsM1MxpUPtbNr22niUrMevNd+llXYUj99hp2w1BdkXomh8qMN6jK/DOVB1Jrk3XO9VrZr2aOU8uVmHXttVSJ2Vp7HTlOTVdi0ui4N1Wx2rC9xhWrzT8v7dmvjh6ntry+m2vvso+TG6liVURERERERETE/dxesQrgKC9qvH7tas20V69hl/YuFdc+vtyK1dbaadQNR11FqmPPO3XrueyRKlYvs50O7ZcqVl15RYxx7wZ6mdNnfvB0F0REREREREQ63cAB/TzdhSue28dYpXqplitWm2ivQcM1Y1rWJmvrVT7WVAi6tNNEJWbNmJgcTcf+6k9aHBOz6sBaqr5JrV2/csOjtRWrTY0dal8106Vysv3HSWOsNn2cNMZq+5l+Osv9G+lFdKIRERERERERkabUDgVQU6FpqK28dEk61VT04ag3v56GD13HMm3UnutqzbTXoGFDbSmoS/9cKlBr5te241pB2cT8epWFtRWRNGqvfna48fymjlOL+9XMcWrqODfVXqPcc+1kQ6vtdYvj1Nrz1oH96uhxasvru7n2Lvs4uYkx/EYMGmNVRERERERERMTt3F+xWl6EMepeqqpq2gfDgFEAGIJHUTemZf31DcHOZQi2gaOKmoI/g+0eKC+6rIpVt1RiNlM5qYpVVax2ZcWqacxU925AREREREREREQAMDhe969O9RioPwhk08kr1zFSGyZD6yeNqtuLug/DxJfBJ6BzelxeRFXa03Dw3fpjWVb3x2Bw6Ve9pKGhwQKGJpJhdbNr988l6VhbMVublKxLntU/TvULQdt0nJpJ8jVsr/H6LvuHo5X2uslxau15a/d+dew4teX13Xx7nXCcOpmhfyj+yX8Ho1eb1zl2NB+DwdCuH6DZxzV/u/5u6e+WprWFxc/U+kIiIiIiIiIi4hGlJXZPd8Gt3F6x6sheA9l/a7bCsGHSrGF7TSUD21T5qIrV5p83Vaz2yIpVn7v/tV1JVRERERERERER6Ti3j7Ha1jEx2zTGpsOlX62N1elaMtrEfI2x6qHj1Nrz1oH90hirYBw6EtO4f3ZP4yIiIiIiIiIi0khtYtVRfR123ZinLVX01S1fq4mKvpr2mq8wpNX26s1vtvKx/vza9RtUYrrOb7rCkEbtNVWJ2WR/2rlfHT1OLVVittZetzhOrT1vHdivjh6ntry+m2vvso9TZ/Ltg++vVrihYRERERERERERaY4qVlWxqorVFl7f3b5i1WDA8tifMQ67rpMbFhERERERERGRlqhiVRWrqlht4fXd3StWfe79N7xsEzq3URERERERERERaZUqVlWxqorVFl7f3bZi1bcPlmc+wDx1QSc1KCIiIiIiIiIi7aGKVVWsqmK1hdd3d6xYNQwKx2/JFryuu/nyGxMRERERERERkQ4x1fzhrKirqdhrkCRq9LimQs+lpQZJI9f2Gq/vqF2/tfZc+4Nr8qrebxr9rleJ6aDe+m5pp5371dHj1Cg519xxauV589hxaq2dDu1Xx45TW17fzbV32cepAwyBg/GesRDzLfPB7NuxRkREREREREREpFPUJladSaWaisDWKvpqKgRdrmtuoqKvrr3mKgxbb69ef5qtfKypEHRpp4lKzLr1m6swbNxeU5WYTfannfvV0ePUUiWmoZX2usVxau1568B+dfw4tf76bq69yz5O7eBlm4B53CxM8fe0f2XpRFksT/qU/Q2mDpo+nxdvDe6ULexLSWb9sFrfJn8AACAASURBVM5rr32yWJ70JTyYwKJR/nWTT2/l+T8UMjt5LqM90CsR9+gN8byTsN8kMm1g47me7ZtIZ+vp8dyaIrI2pZETPok5IwMazy79js2rt/BRTgl2wNQ3kNiZt3Pf6GDM5LF99S64ZQ4ThrSymRO7ePsLmDo/lmHu2A0RoLXzV6s6+r5V73dF5DKoYlUVq6pY7S4Vq35WjMHDMQaPwDgoDK+R4/Aa+VNVp3YrVmZ39I3eFaGc/e+8y+YevY8iNXp6PIv0Jr05nsvJyzrKft9y5oxsOK+Q7W+vJ2PITF5OjiAAqCjOJW3dAY6MnkwkRWTtPwrRtJ5YLfyOzP0Qo8SqiIhIPSb+94/NzjS08Xdr2tpOW9sTEelWqr/ljp5+kbRPzmM3BTI7MZ6iTRv5/HglpuBIHv/17USaC9i8dDVHbDFUZGaSfQGskTE8lhDPMHODNgsPkLJyGxkFlWDyI2rmTB6PC+Drt9/i4+C7eXlWqHO5E1t4ekUZ9/1+FrbiQ6x+cwvpBZVgshKfcC/zR/pDRR5pKRtZl1OCvbatkCZ2xI9oG6x//UPCfj+LyIazK/LYvmYr6w6dp9QOpuBIFj16OzZLdTVP3+sJy/qGjAtgHTuJxyIO8doH31Ns9+HaOXfzZFwwYOd4+vu8tukkxXbn/j+xIJ7Bnf6kiHRQj4ln131K59U3nX00DYsirmH/RHqqbhHPceQtXc0R240Upe/lO7sXV0+/nTkX0nl1x3nsJiu3Js5nXoQvzZ4ja/ZjTiUZG05Wn1dn82RcYV217ierSfxkKAvrVdwVkHMcBsU7k6oAZmsE0xIiqo/NN5wCeCeZxODrWfLrkXzbxHn+qoyVLP6kGIAVScnOauDgbSR+EsSSpyY7z+EHU2sfBxzbytsp3zj/5/gGEjd/rvP/l0i7NBGX4TE8sdD5vrHo0EZeW51DXhmY+g5g0n13M6evy+our8mGr9HBXCTrg3dZvrMYu8mP6HHBVNSuqPeqItI+ptYXERERp2LW/yGZ9bWPqytkADjJqaAE3kwO4MgHb/DSm9uY/ZvHWTkwj7W/e591meP51zjnWvsPlfP8s0k8Th7rXn+fZR+E8Po9ES7bKWDzyjTybHezYkYo5uIDLF+6npTgR0iIDyd19R6yZoViA7LSD0HMHGwUsPnNLRTflsDK0QFQfIDlSzey7/czYc06tg+Zw+sLQjFX5LHuj5vYHN5UZY+JsOn3EvdJCstTsng5wYaf62zzAKKmzyEuIQAzdrJWv0FqRgG26ksjTx2uJPHZJBLsu3jluTSWlU3h5aVzIfNdHvswg5y4WYQdXMeynUE88bt7GWa2c3xTCis+H9lNL6+Unq2nx3ONPNauzORcjOv2s2n8zYnIlaw7xzPkATkFQby4NImAYxtJen0DqdPv4c3kEI58+CYvbdrFtMfi8WvuHGkD+J4c+3xeXhoMh9aRtHInWXFzWJQczOalq8kY29RQBSO5Y3oGS9a8wb9nRTIhJoLI8KvpbwYGTubF5MEsT/oUHkxi0SiAMsxNnOdfvDWRlcGpJL5DXeL2YHPPRSHbP/iGihkPszLGn4riLPYVeF3e0yu92v7cSl56Non+HOLtFzbx8aF4FgRuZdnKPMISf8nikQFUFOeSV9r2q/wq9m3gtX1WEn+bSKzVGWsvYnXO03tVEWknJVZFRNqsmUsNTwMMJma0sx7EEugDwSOIHggQSuQQyC4tr108Kn58dQVMKHNuGcqWTd9xEpcPboXZZBYEMmF8KGYA6w3ERaSxJisPZo0hzvI+2w+CbeQe0nZbmfTbUCjcRmZBJXlr/kTimrr+hp0+Sl5WJad4n4Vf1G0iugBoMhHjz+iE2ZxKfo9lnwex2OY6r4QjX3xIatZ5isuqJ9kLAOcbzats1zv3y+yHHxA5tjoxO2wAg8oKKQFy9n9PacH3vPh0dl2ztro2RLpOb4hnoDCXb88HMqnB9tc3s7jIlakbxzMFAERG3+CsGvX1wQ8rMTZnpXlYeBDklFMC5DV3jrQBDGVSfLBzu4FWAjhK3mmwtTL8weBbH+L1uHyOZH7D9vRtpKasxzzyZzyTMIb+jZZu+TzfNkGEDffhoy82spkxRNlGEhuhj5zScdHxE51fBhBEqBUyThRw9sRRTgVHsLB6XGGzNYIwK9Ux37qcrJNYbDOJtQKYGDZ2BIO+KHTO03tVEWknneVERDpJh6+utVdS2uaFQ5kWH8gTO/dw8vwBsiNvYJEVKASwMvvZRKYFuS5/iLeBmMQkFjQae605IUxbOIUjv1vPcka4NLWNlVn+PPjU/dxkNZHz3qssK6ubbfZt4yklegYr57e5MyIe0XPiWUQ8Gs812vqpq6lz5OmTQMf3w2wJITI+hMh4oOIArz6dxvpDYxr/H2nlPN+SirLK2r8j73qE10/nsivrAGuWbsA+fj6LVe0nHdVJGQvX12ir9F5VRNrB6OkOiIj0NtnpOzheAVBIWvr3WCJHEOa6QFAUMcHn2b4jzzneU/EBMnJ9sNmc47YFjLuBqJydvPRpObdOGeP8oBUUwbWBxWR8kUsRAEXkZGZxkhFER0JW+i7OVgDYOZu5h5zWOmmxsejRSM59kuMcfw3A5IUFMJtNUJpFWlY73qBWi7QNhkN72V5oB6CicBdf57a7GZFuo9vHc1AE1waeJ63e9jv3GIj0FG6J53bo2DkymKuCoeT8xSbm5bP9g63kFNZlRysKTnKOQMJCAIIYFAglZdXrtnSeDw7iKsopqck0W3ywFJzhSClAEbv2nayeUcaRQ7mUBEVw061zeHzGAPKyDlX/LxPpHP1tIxhUcJS0XOcrq6I4lyMNq1WbfY06Y600aw+7igHsHN99tPb9rt6rikh7qWJVRKTNGo7hhvMGDrZmV2hS9Egf1v8+ufrmGNfz+KyG34gHMy1xEqdWrmPhFzU3x5hNQs3ViOYx3DluJy8di2La8Jp1Qpm3cBIpKRt5OqkSu8mL0OjxJEb7Ejt/NudWb+H5p3dgx4urIqNIiASstGzgZB6bk8cT66ofR0xmweh3Wf5cMil9R3DnaCv7L7Rv382jZ/JM4QbeXvoaa+xgChzMpHmRUHtbDZGu0lviOZR5iTG8+qZz+ABTcCSxrd39W+SK053jue2aP0e2LHZ6DBlvridxZ8MhEYKJCt/L2yve4rvzziSpKXAAExLnMMkKEMK0uyJ5KeUtEtcOZWHy7c2f5wfGcd8457x3bFNYmTCZhLF/5e3nknnHZCU+egCcByinaF86r6ZscN4Aq+9gZifE6iwvnWvgZB67bx2vrfwTifaam1cNJcz15lURzb1GnbH22OF3Wf5vyaw0+REVHcRV1M3Te1URaQ+Dw+FweLoTIuIZx47mYzAY2vUDNPu45m/X3y393dK0trD4XWnfDVXf3XR6zU0iLq+dnNsW8fjotg/ULyKdSfEs0nMonkVERNyltMTu6S64lYYCEBG50hzKYHNxOJP0oU3kyqd4Fuk5FM8iIiK9jkcrVktKy/n4swy+3pVNaZnzjpwWXx9uio3ijtvi8LP4eKprIr2CKlZFRERERERExF16esWqR7MSaz/cxs7d2QwNGYCfrzOJWlJWTlr6Xi6WlPPQPVM92T0RERERERERERGRJnk0sVqTVP1t0v31pv9b8l/ZuTtbiVURERERERERERHpljyaWI2OCicutvHtOu+cEkfGriwP9EhERERERERERESkdR4dY1VEPEtjrIqIiIiIiIiIu2iM1U6Ud6KA/dmHO7RudFQ4oUOCO7lHIiIiIiIiIiIiIu3XJRWrJaXlrEjZQM7hvMtqJzI8lIUJM/Gz+FxWO6Vll3ht5TqiIkdwx23jLqstkSuZKlZFRERERERExF1UsXqZSkrLWbYilbz8M0RHhRM96hr6B1rb1cbZ88XsP/gP9mcfZtmKVJ5YOPeyk6siIu7gcDg6nCgW6cmuxNi4Evss0hWuxNi4Evss0hWuxNi4Evss0hUUG57h9sRqWvoe8vLPcMdt47hzSlyH2ogEboqJ4i/vbWHn7mzS0vd0uC0Rkc50qcJORYUdu72SCnslRoOBCnulp7sl0u2YTV5UORyYTV6YTF6YTSa8vbtX1bniWaRtFM8iPYfiWaTnuBLiuSdy+xH+OjMbi693pyRC582ayM7d2WRkZrs1sWqvrOSzbbv5bPtuSkrLueG6MH5+1yT6Wftw+sx5/uvj7fzPt8eosNu5ethg/mX+7Vit/qxI2YDJZOJf5t+Ol5cRgHWb0jl6/BT/+xezyT16gvf++wtOnykkuH8g986+leuuHe62/RAR97rwYylVVVUYjUa8vc34+/liMnl5ulsi3VbNByK7vZLSsnLKL1XQt4/F090CFM8i7aV4Fuk5FM8iPUd3jueeyujuDRSeLyY0pO6mU2cLizlbWNxouVeWp7JsxfsttuVn8eHasKGcO994/c705dcH2Jq+h/v/1228/Owv8fHx5t31X1BZWcXFkjJGhA7khScf5MWnHsLLaGTdph14Gb0Ye0MkR47lc7awCIDiH0vYn3WYcWOjOH32PH9+9xOuvy6Ml59NZOrEGFb/11YKzv7g1n0Rkc5XWVnF2XPFGI0GAqz+9O1jweLrrTd5Iq0wmbyw+HrTt4+FAKs/RqOBs4XFVFZWeaxPimeRjlE8i/QcimeRnqM7xnNP5/bEakMp721m2YrURtPz8gs4fuJ0k+vk5Nbd9Cp0SDBDQwa4rX/l5RXsPfgPxo29jhuvv4agQCtTb4nl7LkfKCr+kbDhg7l98jgGXBXAwAGB/OTa4Zw7X0xZ+SWiIkfg6+PNgezDAHx37CRGg4GoyBEc/J8jBFj7MP3WfyIo0ErsjT8huH8/juadctu+iEjnq6ysouhCCf36+ePv5+vp7ohc0fz9fOln9aeo+KJH3uwpnkU6j+JZpOdQPIv0HJ6O596gywdb8LP48O0RZ9Vq/6C6m1gtTnqgyeVzcvNY9ub7PDhvKjfFRDFv1kS39q/s0iV+KPqRrUe+Z+v2PbXTLb7e/FB8kbJLFaR+uI3jJwr48WIpAOEjQgAIsPozelQEew/+g5tibXydmU3YiBCsff05feY8eScKePz55fW2F3H1ELfuj4h0rvM//Ei/fv6YvPRtuUhnMJm8sPb143zRj/XeF3QFxbNI51I8i/QcimeRnsOT8dwbdHliNXrUNezPPsw7a7ewMGEmfhYfgHpP7tnCYvwsPpwrLCJtx14AdmZmMyxkAFcFBVBSWu62F4Ovtzf9Avpw/XVhTJkYUzvdaDDg6+vN26s3cuFiKY8vmIO1rz9p6Xs4fDS/drnY6JHs2nuI/7v3fzj2/Wl+ee80DAYYOCCQYUOC+eXPp+Pr61O3PR9vt+yHiHS+Cz+WYrF4602eSCeruWTpwo+lXTYGlOJZxD0UzyKdr6qqigp7JVVVDiorq6iq6njVmdFoxMvLiNFowGzywmhs/iJWxbNI5+vMeAbw8nLGtI+3GYPB0Oxynojn3qLLE6s3xUSRk5vHzt3ZLEn+K6NHReBn8cXi60NcTBR+Fh+WJK8CnC+I0rJyAHIO57Hkj6uxVCclX//9I5fdl7LyS5wv+rH2sdFgwN/flxtHXcPW9D385JphDBs6kOILF8nJzWPizaPx9fHGbPLC18ebc4VF7P3mWwKsfWrbCBnUn+Ghg/hw89cMHxrM8KGDABj1kzC+zDhA5v4cbo61UVnlYF/WPxhtuwaLr5KrIt3dpUt2qqqq6NvH39NdEemR/P18KSq+SEWFHbPZvW9PFM8i7qV4Fuk8JaXl2O2VndZeVVVdIqe8vAKz2dTi51HFs0jn6ex4BufQGZWVVVy6ZMfLy4ifxafZBGtXxnNv4pEj+dA9U+kfZCUtfQ9p6Xtrp4eGDCAyIpS5s27hnbVbAHjiV3cTGRFK3okCXlmRSmlZOQ/Om9op/fjsy9189uXu2scWX28eX3AXP7vpBi5dqiBl7RYulpTRz9qHyRPGYDDAnBnj+c/VG3l+6V8YPnQQkRHDOFVQWNuGl5eRm2KiOPj/jjBubBTe3qbafXtw7hTe++8v2Lh1J2aTiRuvv5bY0SM7ZV9ExL0q7PYWv9EXkctnNBq5VFHp9jd6imcR91M8i1yeysoqSkrLcTgcbt1ORYUdu70SP4sPXl5Nx5LiWeTydFU8V1ZWceHHUvwsPs3e6K2r4rk3MTjc/MwmJiVzbdhQnlw0t8n5eScKKCktx8/iQ+iQ4HrrRUeFs+ihWbXT/vLeFnbuzmbxr+fXW1ZEOubY0XwMBkO7foBmH9f87fq7pb9bmtYWFr+uOxkUFV/E29usCnMRNyotu8SlSxUEWN1bqaJ4FnE/xbNIx1VU2Cktu9Tl220uGaN4Fum43hrP9bZZYu+ybXlCl3wdVHM5f1NChwQTGRHaZKL03Pni+o8LiwCwWHRnQBHpWhX2SszNfOsnIp3DbPKiopMvj2qK4lnE/RTPIh1TVVXlkSQMOC9Tbmq8R8WzSMf05njuTdyeWI2OCicv/wx5JwravM4ry1MByMs/Q+qGbXx7+Hs+/mwn3x75HqB2mAARka7gcDgwGgzNXk4hIp3DZPLCy2hw62VSimeRrqF4FukYTyVhWtq+4lmkY3prPPc2bk+sToofA8DylA3tSq6OGxvF0JABpKXv5ZUVqXz0aQZDQwYwbmyUXgAi0qUMBoO+1RPpIpcqKjs8PEhbKJ5Fuo7iWaR9HA7nXcI9qbKyqsnP24pnkfbpzfHc27h9gMLIiFAenDeVd9ZuYckfV3NVoJX+QQFNLnvHbeOIjAitNx5rWvoeUjd8ybixUTx0T+fctEpERERERESkOykrr/B0FwBnPzTOqcjlUTz3Hl1y55ebYqLoH2glLX0P+7MPNxo7tcbQrAFERoTWmxYZHkpQoJWbYqK6oqsiIiIiIiIiXa6p8RA9obv0Q+RK1l3iqLv0oyfrsltqR0aENkqatkXokGCWPpfohh6JiIiIiIiIdA9VVd1jyLvu0g+RK1l3iaPu0o+ezO1jrIqIiIiIiIhIy7rLvUS6Sz9ErmTdJY66Sz96MiVWRURERERERERERNpJiVURERERERERERGRdlJiVURERERERERERKSduuzmVSIiPd3Ot5awtQDATtmPdkx9fKv/ydqYu3g2kW7a7oX9q3jjo2NUXM52slbxmz1j+MMDtkazctYvYdvgR3h4XFDL/cj5hB2MZ3pk3470QEREpHspPsTalG1knq90PjZZiZ5xO/NHt3A+PL2V59+BhU9NZnC7N1hE1qadMH4qNmsH+yzSK1zkSPpG1nxxhqLqKQHDY3nwvliGmbu+N0WHtpDGOOaMDGg07+TnK1n8WTlWi8vE4Ot5ZmE8/Tth2/tSkskYm8SiUZ3QWGcqPEBKyg6yLlQ/NgUxaf5Mpg33b3XVbrtPIs1QYlVEpJOMe3gx4wDIYtVv9jBm8QM0TlN2tsN8sr6Uyc8sZqyl9aU7InL24jYla0vzs8lmrBKrIiLSAxSStjKNc7clkDyqOhFQUcCuTbkcHx3LMLdss5y8rDwYixKr0kbFZLzzN9YdbWGREf/Ebx+8kZ70kjr5+bssPx7L4hfmUpPKLMrdyv5jMCyi6/tTciKP/dzInJFNzx902928eGtw13bKk4rT+felOUQ++jDJQ6pTTsUHWL40hZSER0jwwHN0Zeid8dwTKLEqIuJuOaks3hHJ87+Mxvkl+gV2/McbnJ/7DGFbf8OeAf9MRfaX5JdWYA4Zz70/n8hwC0ABO/+0iq35pYCZkMm/4JfjXN6UFe7krTc2c7zMTvYrS/jENpfFs8PI37GKVdvyqQDMIRN54IHxhJgha1X1tnZ/zJHIB/j3uQ3TpcfZ+afNfJlfSinBTHv4YcYFV6835g88YCtg2yurOP/TcPK/yqGwtBRL9M95ZHYkx9cvIXX3j/zIWyzZEczkRx4m+sx63kjNohTAEsnsh+diU85VRESuCIXkFVqJjnCprjIHEzur7jx8MuNdVnxWSAlgDrmexxbEN6pSbXaZ0kOsXpHG/gsAXoTecj2BX+zj7xfK4c03SOvEijbpyayER/TDdPQH7M0sERIxpGclYSr2kPqZlfuW3oBrfWhAxGQmQOOqcdfHB1NJ3B3EfRW5rD08mEW/9if1nXImhJ9kXaYX8556iJiCjSxbe9RZCWsZQcKjt2OzVFdRBsdQkZVNXmk5BN/IEwvjOffBG6RkllPM+yTtsHLno/czoeWLvGo527yRkn2HOFVazlW3zOE+trFiZzFFF3yYkDifeRG+DbZdiTkkkgXzJxPWsKiiIo+0lI1szq/E+X/ldhbFh5Lz3hukjfwlj4/2dS5XnM6S10t48Lmp9D/U9P5CPtvf3sBHNW3dNpPH40IaTx9/O4tuDcW1UPj4F9nYZ8xlzhCXdJP1BhbN/45Hv9jDfRFjMNc+F0fZnF9OCVbm/Op+Jgx0aejQhzyaHkrygjHV7ReSlpzK2Xm/Yt6Qth3jK0svjOceQolVERF3ixzP2PWp/P1CNOP7Avnb+KrvZB4PgcNAdr6Z5598hr5Awbb/4K2PhrF4bjiHU//GycmPs3i4GShl959WsdP2MONqkpNB43h4cd/61bE5qbyVE82Ti39Z1976EBbPDQcg+4idp5/5d4Kaukzq8BkszzzJMxYo3f0nXtycxbhGQwOc4fCFB3jymdnAMT566X3+XvAkE2cv5uHAV1jFAzw5MRjI56P/LGDik9WVtBfyye/8IysiIuImEUydkcGypX8he7yNCSOjCBviX5c8yP2QlfnjWPzC1ZiBksx3WZ5RxJPhLk00t0xcJdvfTqO4thq2iJOFJgbHX0Pw0g3wYCLTBjbsj0jTBt58D79mDX9Iu9BoXsik2STd3MNeTPlnyAsKYlBH1886ScWzibwZZILTW0ktyCNv5r28eVcAFKfzSnowj71wuzNpe2wLSz7MxXaPs8QypyCAl5/6FX5c5Ou332L9wXgW3fUITwSuZAUzm61KPfXZ+yTtcJlgm0TyXSOr2wzi5ed+hR9ZLE96n/XzHubl5/zh2EaSPtzFtMfiAdh/wpdlT/2KAJzDCyz7MJfke+qXfmZ9sIGs0fNJXhAA5LM5eT1rQh4hIT6CNWt3UTQ6ngCciU/rlPsZ1sL+5ry3heNTEkkebgIu8vXb69huu5+4w1/yUdBUkhdcDdg5fqKA+h8rysgrKCfU1kR2OTiA/sfyOMIY59VwuYVYnkvkZYvz/2PSJ1lMSHD57DFyDHEfbGV78RgmWYETu0jrG8viHplUdep18dxDKLEqIuJ2IUy8Gd7Yls/4O0PI2ZFN2Pg7qfmS+droG6jJlQaP/SlB/5HNMWB39hmyc14iy6UlWz60dF3+4f3ZDIue3UR7zk96UTePbzqpChB+A9HVnbIMCydw2xkKGi0USNTYmjeNwwkLOcOeAqDR+8gBRA4rYP372+DmSKKGhRDigTGvREREKEznlde/4RQA1RVlNDGtQR5gcNz9JMdc5PixPWR8sYE1h4qw3jKVRbdeTV7mUU5mfc/T9U7SJ8ElsZrT3DLFBXxdMJQ5NUMMEMDgIICL7duHoEK2r3iXj6pP1oNuu5cn49pYKic9ysCbZ/Pg9+/xzqFLtdN8R05koZIwjdluYFKQSxokMIKp1WOjFmXl8u3hEpa8sKtufrAfZ3EmMCOjb8APAH/Cwq1sKWjyTXAjLQ0FUNdmMGHBVhhW/X/B1we/snJKqpeLGn19bYXu4JhIrvpjLkdwTazmkpkVRMxdNUuFEDfOjyVZeTArlkmksvlEPPOGHOLzrMFMmuVPUUZz+wsZWefZl/MW+122EJ0PE0IGE7BhG6uDL3KTLYKwISGt7n89Zt+6RGzESGKrP3v4DRtA/y9OcrLeQGqhTIuHl77IY9KsULLSvyMyfmr18eq5FM9XHiVWRUS6QN+fTmTAst0cmzaMHUeimD63LWuFMO3/PFJXodoZWvyv35ZTgom2DeVqJvLnz/B4YT7Hs//On/92mGEPPMmdw9u0soiISOcJiufJF+IbTGxqWhPM/gyLiK8et/E7Vr+QxvbRiYQBoTPm869xDW5Wczqv3sMmlylu/LVlq5rchyAmLHzEefmz9HJ+jJp3O9PfWs8np4BB1/HovJFtfM92hQkZQGhhLqegAzeIA/Cq/7DBF/+W6KmNKkEB8sA92ZMuycgEMeGWAJ7PzGNOwV5ybONJAIpobn9zgUDm/PohJjS67nwii5+N5fixbLI3rGZ5xY0sXjDGZVgGX0KDffg8vxAiGnzRU1DE2ZBQQmsnNHgumhAw7gYGLc3myIwC0g5fzex72rHbV6xeFM89hNHTHRAR6RXM0YwPy2bzn7dx4eaJuH63++3+A9Rc7FGw++8UREYynHCiowr4akfdh68Lh481UUFaX3h0FMdd2ruQk01hZBRdkc8M7BvImeM1PSylsKAMS9BwIsfP5u6xdnKOdOCDpIiIiEfksyszl6IKl0nFxRRX+HNVX4gcPYJTO3ZxsnZeLkdO12+h2WWsNmKDviftYE2Fqp2i4ouAFWtgMTpdSscM5NYHZzDzp6N59MEJ9NjaNvMY5t5WzJqUA85xQasV5abz9TFg4GAGFV/kXPX0k7uPVld6ty7AFkH/rD3sKq2eUFFAzrGiFtcB6G/159Rx9wZu9r5vavf3ZGYOpyJHEFZviQhibIVk7q9ZqoisrBJsNmca0zz6RiKzdvDqF2VMusU5rfn9jSDGVkzajrqBvIpyv3P+LyvM5yz+DIuIZVpCLGE5uRxp0NdhU2KxblrHuhMuI4UWH2D56pPETRnTMJfdMvMYJoV/x7qVByiOd9eNA7ujXhLPPYQqVkVEukjkT6NIXV7Anb+oX4IaFVJB6isvkV9aij1oLL/4hfNa/8jZD/PTVX9myRLnpzpzyHjuHTa80Tfr9Tcym4cLVvHGkk9qb171ywfCW1ihyPw4PAAAIABJREFU85jH3sm0v7/B4iXriZ7zSwbv/htbj1W/U7PYmPtIMOSsZ0kqzF08mwE73+KNAzfwyMOR5Lz1BgdueISHx+kSRhER6Q6CCTNtYfnSLZyryQ2Ygpi0YCaxZmDk7TxR8D6vvfAGFTXz5g8lzNelieaWIYhJiZM4+eZKHl1nwuxyk5mbZt7I9tdfJWldBAkv3E7Dkc5FWuQ7jPipPT/1NPjWe1mUvpHXXthRm2wMGH49c+cA2Jg9Yy/Lnn0DLD6Ehlu5qq0NW+N5bP5GXlv6BqkA+GGbM6elUbgAMMf8jNkZ7/PoC18SM+8R5o+sP7/RGKvVN6drj+ghZaQsfZO80nIqAkfy+IKRjZax3TWTUynvkrSp5uZVM1lUW4w6kgm2NF4qGMfjNVWoLeyv7a45nErZQNILlc59DIliwfCrKSrYy9sr1lf/X/QidM5MRjfsiGUMjz9lYvXqlSSdr6yeNoBpC+5nUgeqPWxxV5PyeiFzE3vZ54ReEs89gcHhcDg83QkR8YxjR/MxGAzt+gGafVzzt+vvlv5uaVpbWPy67ruh02d+YOCAfpfVRsX+P/FizniWzK17e5a16jfsGfMHGt0jSqSX6oxY6w7bEBHFs0h7FV8oaX2hLmLtW38kS8Wz5+xLSSZjbBKLRl1OK2XsevtPZMc/QkLjnGy3VrHvXZIO3cjr91xZHe/t8eyqtMTe+kJXMA0FICLSJQr4ausFJk9v7TtvERERERGRTnR6Bx9fuJ7ZV1ZuEigg7bMy7pxxxXVcehFVrIr0YqpYbTt9gy7SNVQRI9JzKJ5F2qe3V7gpnqUn6e3x7KqnV6x6dIzVktJyMjKzycjMIi//DAChIQOIi7ERFxOFn8XHk90TERERERER6RJGo5GqqipPdwOjURe2ilwuxXPv4bHEat6JAl5Z8T7gIC7Gxh1T4gDIyc3jo0+/5qNPM3hy4d2EDgn2VBdFREREREREuoSXV/dIxHh5KREjcrkUz72HR45wTVI12hbBy88tYN6siZSUllNSWs68WRN5+bkFRNsieGXF++SdKPBEF0VERERERES6jLGDw2N1Ni9VuIlcNsVz7+GRI7z2w22EhgzgoXum1l7un7Eri4xdWQD4WXx46J6phIYMIHXDl57oooiIiIiIiEiXMZu9PN0FAEwmJWJELpfiuffo8iN8trCYb498z53Vl/635M4pceQczuNsYXEX9ExEpGkOhwOzqXucGEV6OrPJC3feV1PxLNJ1FM8i7WM0GjGbPXobFLy9TU2Oyah4Fmmf3hzPvU2XJ1b3Z/0Di683kRGhjeaVlpXz7eHva38iI0Kx+HqzP+sfXd1NEZFaBoOBKocDu73S010R6dHs9kqqHA4Mbrx0SvEs0jUUzyIdY/H1dmvctMRgMODr491ouuJZpGN6azz3Nl2ePi8pLSc0pOkbUuXln+GVFam1j1cmJxEaEkxJaXmnbb+07BKvrVzH4aP5Tc4P6teXx//lf7EqdQsAjyXOweLb+MUoIr2L2eRFhb0Sk75JF3GbCntll1SrKJ5F3E/xLNJxfhYfLpaUeWS7TVE8i3Rcb43n3qTLE6t+Fh/y8s80ml5zA6uG8vILiIu1ddr2fX28WZQwC3ul85uwv61Lo6j4Ir+4dxo+Pt4YjQb6+PmxKGFW7fIiIiaTl75BF3Ezu70Sk8n9b00UzyLup3gW6TgvLyP+fr6UlJZ3yeW6BoMBP4tPs3cPVzyLdFxXxzPQLeK5N+nyoxltu4bUDV+Sk5tXbziA0CGNq1hzcvMoLbtEZHjjYQM6ymCAvn0stY+9zSa8vIwEWPvUq0x1XUZExNts4mInVs+LSGNVVVX4+Jjdvh3Fs4j7KZ5FLo+Xl5G+fSyUll2iosLutu14e5taLSZSPItcnq6KZy8vI34WnxYv8++qeO5Nujyx2j/IyrVhQ0ndsI3FSfe3uOzaDdu4Nmwo/YOsXdS7Om+v3gjAgvm38/FnOzmQfZihIQP4v3v+B29vMw/OvY1z54vZsCUDu72SO6fEMfWWWAwGKCu/xAcb09mZmU1VlYObYm3cdUe8ql9FrmBmswmv8goulpTh7+fr6e6I9Dg/XizDy8uIdxcM8q94FnEvxbNI57H4euPjbcJur6KyqorKyiqqqqo63J7RaMTLy4iX0YjJZGzyxjauFM8inaez4xmcyVQvLyM+3uZWx03tynjuTTxyNBPumcaS5FUsT9lAwrypjcZ+KCktJ2XtFs4VFrEo6QFPdLGR7/PP8E83/oTfP/MQ//Xxdt7668eMHnUNi5PuZ/f+HLam72bUdWEMGdSfDz5OJzvnO/7Pv9xF3z5+rEr9lE1pf2fOjHhP74aIXIa+fSycLSzGx9ussZ9EOpHdXklZ+aUu/SJV8SziHopnkc5nNBrx9u7y+04rnkXcoDfFc2/hkcRq/yArTy6cyxspG3j6dyu5KTaq9oZWefkFfL0rG4vFhycXzu02T3rI4P7ExUTh7+fL2OhI/t+3x5h2SywDrgpg1HVhfLZ9N6fPFNLX30J2znfMmDyOiKuHADDt1n9i8+f/l9Kyciy+TQ8gLCJXhsCAPhRduIi1j5/e7Il0Aru9kuIfSwns16fLt614FulcimeRnkPxLNJzeDKeewOP1f+GDgnmt0n3k5GZxb6DuaSl7wXg2rCh3DllHHExtmbvYuYJ3mZTvcskfH28sfb1B8Dfz7e2lLrowkVKyy6xKvVTVqV+Wrt8UL++lJVXKLEqcoXz8jIS0Nef80U/YvH11mVKIpfhx4tllJVfIrBfH7xauRTRHRTPIp1H8SzScyieRXoOT8dzb+DRgRX8LD5Mih/DpPgxnuxGpwro64/F15uZU28i2hZRO91oNNDX38+DPRORzuLlZaR/kJULP5byQ/HF6jGqvDCbvPStukgL7PZKKuyV2O2VVFZVYaqOJU9SPIt0jOJZpOdQPIv0HN0xnnu6LkuspqXvIefw95R28C5/FosPkeGhTIq/sZN71rmsff2Jirya7RkHGD50IIH9+nK6oJAz54q4+Z9Gebp7ItKJ+vaxcOmSnQp7JZcuOQfaNxoMVNgrPd01kW7HbPKiyuGo/kBkwtfHjLkbDZyveBZpO8WzSM+heBbpObp7PPdUbj/CJaXlLFuRytnCIqJt11BSUsbZ88XcFBMFQN6JAvZnH+aO28YB8PFnO4mOCid0iHPM1a8zs+kfaMXi68NHn35NRmYWTyyc262GCXBlMMBdd8TzwcZ0kt98nwq7nQFX9WPm1Js83TURcQNvbxPe3ibA+T/J4XC0ejdGkd7oSogNxbNI21wJsaF4FmmbKyE2FM8ibaPY8AyDw+FwuHMDaz/cxr6sXH6bdD9+Fh8++jSDnNw8nlw0F3AmVpf8cTWLEmYCsDxlA4t/Pb82sfrK8lQiI0K5c0ocJaXl/FvyXxlti2DerInu7LZIr3DsaD4Gg6FdP0Czj2v+dv3d0t8tTWsLi5++fRMRERERERHprkpL7J7uglu5feTafVm5TI6/sdkK05oE6vKUDSxP2VBvWkN+Fh8mx9/I/qxc93RWREREREREREREpA3cnlgtPF9MaEjTiVKAs4XFAMyd+TPmzvxZvWlNCQ0J5tz55ueLiIiIiIiIiIiIuJvbE6utOVdYBMCk+DFMih9Tb5qIiIiIiIiIiIhId9QlAxTm5Z+pHUPx3PliSsvK+fbw9wBk7M7G4utT+9ji60PG7uza5UvLyjl3vrh2fl7+ma7osoiIiIiIiIiIiEiz3H7zqsSkZLe0uzI5yS3tivQmunmViIiIiIiIiLhLT795ldsTqyLSfSmxKiIiIiIiIiLu0tMTqx4fY1VERERERERERETkSqPEqoiIiIiIiIiIiEg7KbEqIiIiIiIiIiIi0k5KrIqIiIiIiIiIiIi0kxKrIiIiIiIiIiIiIu2kxKqIiIiIiIiIiIhIOymxKiIiIiIiIiIiItJOSqyKiIiIiIiIiIiItJMSqyIiIiIiIiIiIiLtpMSqiIiIiIiIiIiISDspsSoiIiIiIiIiIiLSTkqsioiIiIiIiIiIiLSTydMdEBG5UpQc28rbq7PJPl8JeGENCWVuwkxigzz7r/Tk5ytZ/ImVhclzGd3ZjZ/eyvN/OErcbxKZNtBl+sFUEj8JYslTkxnc2dsU6QrNvbYbatNrvYDNS1ezvqCpeVZm/2YmvLOa9cFTWJlgo+jQFlIPD2XuDBsBwL6UZNYPm8+LtwZf5k6J9E4dOz874/bI9CQWjWq5/ZOfr2Tx8XGsTLB1YP0slid9yqnpzhhvGP8iIiJyZVNiVUSkLYrTefX1o4T+KoGVEQGAnaLcbazZeZTYGREe7drgWxNZeas7t1DM+tdTGfTcXEZb3LkdkStVMNOeSmIaUJNE4cEGyZba+VByIo/MLC/uUGJF5PJ14/Ozk41FyXUJWcW/iIhIz6LEqohIW+Sf4TusTIqo+RhkIiBiMouqP7M1rDire4yzosUWQ0VmJtkXwBoZw2MJ8QwzAxV5pKVsZF1OCXaTH1EzZ/J4XEh1lZw/c8NPsm4n3HlfKNvXFDL75XuJNQOUsevt5WwZmcDiwK11FXWl37F59RY+yinBbvIiNGYqT9w1Er/mptdU3NT0b/iUBhU5AAOIjjjDirfTWfZYfOMPgsWHWJuyje3HS7Dj3L8nFsQzuLbtGylK38t3di+unn47cy6k8+qO89hNVm5NnM+8CN/mj4NIFzm7bx2vrT3KKTuYAgczL/FeJtRWspaT/cFKluwsxm6yEjdvDgmjg9rVfs3/hNnHV7MiC+AbFid9Q/SDScS5LqhYEGmfyzg/A3A8nVfX1Zyfr2fR/MmEtftLxILG5/rwGJ5Y6HIunJ5E3O7kRvHfWrWsiIiIdG8eT6yWlJaTkZnN/qxcjp8ooLSsHIDI8FAiI0IZNzaK/kFWD/dSRHq9keOYHfIeK1/4C/vH24iLiCByeBDmNq6+/1A5zz+bxOPkse7191n2QQiv3zOUfWvWsX3IHF5fEIq5Io91f9zE5vBEZ2VbwVGybplN8swQ/MyFmL9IISOrjNjRvlC8iy05g5maEASH6rZzNiON9fYxvJYci19FEfuyzmCmjH1rN7DZPJGXk28goCKPdX98n1czgvnXuJr+lfDEow+zKMi/id77EJcwm7Dk93jt8wgW39ogyWMdzKR5Ccwb6AsUsjk5hfUH42s/LOYUBPHi0iQCjm0k6fUNpE6/hzeTQzjy4Zu8tGkX0x6L5Uhzx6GlS7RFOsvprby2ppDoXz/GnCEmival8vzrHzLo97OIBCg4Ss5t83nzrgBKcj9kyZsfsj38ISZ04O3J6IQklny+ksW7R9QOL7Bvd83csub/JygWRJrWWedncyFpr6Xw6odX8/o9Hat03Z9byUvPJtGfQ7z9wiY+PhTPgpF185uKfxEREbmyeTSx+tGnGaSl78Vi8SEyPJRoWzihIcGcPV9M3okCvtqVxUefZhAXE8XcmRPxs/h4srsi0quFMC3pMSacOEpG5gHSPshgeYEPtrvmsiim9cq1qPjxzgpVQplzy1C2bPqOk9jJzKrkFO+z8Iu6ZaNrxmnsG8GdMSH4ARDEhFsGk/rFLopGx1P0RTZnx06srl6t03/4YKyfHSDlc5g0Mgrb6AjMHCIzC0b/6gZntak5lLixVrZkfUdFXGh1/35GZJBvy/u/cApHfree5cEJLHKdVVpI5oYtpB0uodjunDSooG6wycjo6u36+uCHlRibMzEbFh4EOeWUcLT546BkknSBs1lHOTUskklDnG+LAkZHEbnmS/Ydw5lY7RvBtNHOaji/iFhiAt9jX04ZE2JaipmOUCyItF9nnZ+DmBQ/lNQNuRwhgrAO9CQ6fiL9q9sKtULGiQIY2dpaIiIiciXzSGK1pLSclLVbyMk9zqT4Mdw5JY6S0nK+zz/D8RMFDBsSTGR4KPNmTeTrzGw++jSDZStSeWLhXCVXRcSDTPgNiWDSkAgmARX73mXhmm1kxcxpsFwZJRWtNGWvpLT6z5jEpHoVLQAcBCxeuF6NaB59I3EfbGPziathP8QlNvFpLeJ2kn+XT87+bLZ/kMKr9igWJ7VeE2P2bUOCyGJj0aMnWfLHd9kcX1eqdzYjjfXnr+b5301lmLmI7a/9iTTX9dp4pmnyOIh0U2ZTZydV6ygWRNqrE8/Ppvrn3loV5VSASyVsAUcKvPBzXdjj1wKKiIhIVzN6YqNrP9xGTu5xnlw4l0nxY0hZu4XHnnuDV1ak8tGnX/PKilSe+f1Klq14n2EhA/ht0v04gGUrUikpLfdEl0WktzudzurPczlb+4GsjJP5FyFkAKGAn68Xpw7nUQJQ/A2ZOfVXz07fwfEKgELS0r/HEjmCMEYQHQlZ6buq27VzNnMPDVZ1MZJbYyAjZSMZfaOYNqTxEhXHDpFTGkxkzGQWLIglLP87vi0eQYwN9u04QBFARR4Zu4u52nZ1my+VrDVwMk/cZ2XzF9/XTjJbvAAvzGbg9C62H29vo+09DiKXryS/kCKsDBoI/W0jGHQ8h7QTzpLron3Z5PgOZfTw6oUv5LJ5X1H1vB1sPx+ILbzj2x4cZIXS8tovV+ooFkTarbPOzxV5rPvieyzhVze6RH/wyFCuytnLutyi2m0c37ST/b4jiGvnqAHNx7+IiIhcibr8e9WvM7PZuTubxb+eD8DTv1vJVUFWFibMZLSt7p1J3okC1n64jSV/XM2D86by5MK5/FvyX1n74TYeumdqV3dbRHq7oJFEnt/Csuc2cM4O4MVVw0byWKLzZk4BsyYRt/RTHkv6ElNwJLHhcM5l9eiRPqz/fXLtzTEen+UsR4udP5tzq7fw/NM7sOPFVZFRJEQ2341ht0TRf0cm1hmxTd5NuKQ4m9S3N5FXBpj8iJp+O3FWX8zzZnJq9RaeTkqrvnnVDJ6ICwIKmmilZX6j5rJo7Bssq06gBsRN5b7961mc9A2mYTcyyQb729Wib/PHQUNsS6fLYnnSp+w3+RE1ZyajAQZO5rH71vHa66+xpebmVY9Wj68KEDyCyMPv86s1zptXxSfe3aHxVWuNHs99mRt4JSmZ/tPnM7t2hmJBpN069fwcwxN3NZEpHTKVZxK3sHxtConnKwGwhIwgMcnl/0RbNYj/mptqiYiIyJXJ4HA4HF25wad+t5KbYqKYFD+GJcl/JTRkAAn3TAPg488yyDtxBovFh7kzJ9I/yFo7DuuTC+/meP4Z3lm7hZeeTdQNrUQ6wbGj+RgMhnb9AM0+rvnb9XdLf7c0rS0sflfCNXd1dwPWnX9FRERERESkNyktsXu6C27VpVmJfVm5FJ4vZlL8GNLS9+AAEu6Zhp/Fh1eWp3L2fDE3xUSRk5vHshWpLE66nzunxJGTm0fqhi95YuHdfPRpBhmZWdw5Ja7D/Sgtu8RrK9dx+Gh+7TSDAQZc1Y+5Mydy/XUdGa6+4/Z88y1vrfqYhx+4gzHXX9ul2xYREREREREREZH269LEak5uHteGDcXP4sPXmdlMjr8RP4sPJaXlfHvke5741d1ERoRSEl/OY8+9Qc7hPEbbIpg3ayJL/rias4XFjLZFkJObB1Muvz+3/Wwsk+LHAOCoquLzr/ax6v1PeXzBXYSGDLj8DbTRqJ+E8YfF/4K/n/NGGHu++ZZVqc5+hA1v/aYznakm6RzUry8L5t/epdsW6ZmCmfZUkqc7ISIiIiIiIiKdrEtvXpV3ooDQIcGUlJZTeL6Y0JD6YwqVlNW/MZWfrw8AoUOcy50rLCJ0SDB5+Wc6pT++Pt4EBvQhMKAPQYFWpkyMwc/iy7eH8zql/bbyNpsIDOiDt/lKuKxZREREREREREREujyT52fxIe+E82YpVwUF1E6Ljgon5b0tfBsbxb6DuQwNGUBkRGjtehZfb/LyCwgNCaa0QQLWXeyVlXy2bTefbd9NSWk5N1wXxs/vmkQ/ax+qqhx8mbGfTVv/TvGPJfSz9mH2jPH8dMx1rFyzkYslZVgsPmT9z3f8fM4kPtz8FXfP/Nn/z96dx0dd3fsff01my2QlIQTIwpIEAiRA2HcQWURkU6zgilituFxtr6Wtv6veXmtvW73ee9vrQmsrinXBnUVkUxAkoCwCJmgwQUIgSEISspDJMsvvj0BMBGJCMjNZ3s/HI4+Z+S7nfGbCZ8h85nzPqb3U/2+vrKXwTCkP3jWfk6cKWLZiDUtum83mbXvZvb9mudI//OU14ntFsWjBDP73r28xYkg/9qdlkne6iJSkBGZfNZZ/vr2Jb4+dJLp7F+69fS5dOte8pocOZ/P6ex9zKr+QyIgwbrpuCgP69uRI9kmWrVjD+JHJ7NidTtGZEnr36M7dt87iTMlZ/vdvb2OvqCIL2L0/Q9MTiIiIiIiIiIiIXITXC6unC0uYOvH7EajnF6G67455bN62ly++zCQlOeGCOVTtFVXERkWSk5uHzd/S4nG5XG72HjiMvaKSvnExAGzdcYBN2/Zy20+m0yu2K++u+5TX3v2Yu2+dxc496by9ZhvzZ01g6KC+HDt+irzTZzi/Bs9X32QzIqUfv75/IRZr4+O95fqp9OvTg7dWf8Jdt1xD7x7dcThrVh/9+ptjLFk0h6Izpbzwz7VkHc3l5vlTiegcyj9eW8f6jz/n1p9MIyc3n3+8to7RwwYwZfx8Dh3O5pW3NvGLu68HoKKikvSMo/zLT6/F4XDw1xVr2JK6n7kzxvFvP7+Fv7+6jtCQQG6eP7V2egIRERERERERERH5nlcLq4kJsexPyyTAZiUmqgtfpGXWG5U6deKw2jlP69qxOx2omRJgx+50EuNjLzjmcqzekMrqDam1j0OCArh5/lRioiKprKxm35ffMGb4AIYO6gPAjCtH8uJr68g/fYbUPYcYNaw/V44fisEAYaFB9Z9rfCyLbrgKi8VEUXFZo2MKsPkTGOCPwQBBgTaCg2y1518xLoWY7hF0DgshqlsEXTqH1saW0CuaE9+dxl5RxZdfHSE0JIiZU0YRGODPyKH92b0/g6M53xERHorZbOLamROI6R4BQO8e3SkoLMFkNBISHIjR6Fc7PYGIiIiIiIiIiIhcyKuF1SHJCazZuPPcqNVhvPTGegwG+OLLTAqKSi443uZvZcjAmsWqxgxPIsBmZX/aNxeMZr1c5xevcjicvLN2G2ftFfTr0wODASqqqjhTXMamI8fZ9MneOjFZyC8s5kxxGf3PHXsxwUEBWCwt+/L+cKRuZERY7f1OoUGc+O40AKfyi8g5kcfPH3223vEJvaOJCA/FaDRqPlcREREREREREZFm8Gp1LTY6kpioLqzekModN85g87a9bN62j9nTx1x0FGpObh6rN+wE3CycN7l2dOnYEcktEs/5xasArp89if9e9iYfba+Jx99ioVNoEIMGxHHV5BG15/gZDJhMRjqFBlF4phS3m0sWVy/F7a6ZesBTunYJo0d0JHfePBP/cwuAQc3zPXmqwGP9ioiIiIiIiIiIdBR+3u5w6sRh7NyTzo7d6Sy9dwExUV3YvG0f+9MzMRgMxEbXzL+ak5vP5m37sNmsLL13AQWFxWzeto+pE4cRYLP+SC9NFxEewhVjU/hk5wG+yyvEajUzdGAfvkjL5NjxUwCUlJ7ls31f1e7be+Aw2z87SFFxGQfSs/j40y8u2rbVYiY4KICvDh+jsqqajKwcvs48dslYunYJx2Ixk/vd6csqwA7sH0fpWTu792fgdrlwOJzs3v81ZWftP3quzd9CdLcICopKKC492+S+RUREREREREREOgKvjljNOZHHyve3EB4WwktvrIeFM/j3h25jx+702tGr54WHhTBuRBJTJw6joLCYp55786KLWrWkUcP6s/2zL9m8bR83z5/KFeMGU1VVzfI31nO2vIJOIUFMm1QzB+z5fe9+sJ1X3tpERHgo184cj/siddAAm5VZ00bzylub2LbrAL17dCclOYHv8govGkd0twhmTB7BylVbWbNxJ0tun9uk5xEb1YXbF1zF6+99zNpNOzGbTAwd1JeRQ/o16vxrpo7ir6+sZel/LGP29LHMnj6mSf2LdGRutxtDU4exi3QAbTE32mLMIt7QFnOjLcYs4g3KDRGR5jG43RcrBba8nBN5PPXcmwTYrPzxkbv49RMvUFhUQkpyAgvmTiYiPASAjMwcYqMjCbBZKbdX8tH2fazekMqY4UksnDfZI6NVRTqq7KO5GAyGJv0Al3x8/n7d24buN7StMWwBvp8ruKraQXW1A4fDSbXDiZ/BQLXD6euwRFods8mIy+3GbDJiMhkxm0wtPhd5cymfRRpH+SzSfrSFfBaRts1e7vB1CB7llcLq+aJqYnwMGVk5BNj8KbdXsGDelWzetpfjufnERnUhNjqSiPBQyu0VZGTmkJObT3hYCHOuGsu4EUmeDlOkw1FhtXlKy+y4XC78/PzO/SFa8wepiFzc+QKHw+GszZ3gIJuvwwKUzyJNpXwWaT9acz6LSNunwmoznS+qpiQncMeNM3j2xffJyMph6b0Lvp9P9UQeX6RlkpGZU3tebHQkiQmxDElO8GR4Ih2aCquXx+l0UXSmDJvNQmCAv09iEGkPzpZXYK+oIiw0CKPR69O+A8pnkZaifBZpP1pDPotI+6HCajP9+okXSIyP5Y4bZ/Di6+vZn/ZNvaKqiPiOCqtN53S6KC4tJyTYhsmo0S8izeVwOCkpLSc0JNDrH96UzyItS/ks0n74Mp9FpH1p74VVj79D2u0VGAyw/A0VVUWk7Ss6U6YPbSItyGQyEhIcQFFxmdf7Vj6LtCzls0j74ct8FhFpSzw+YnXH7nRWvv8xNps/9y+eq6KqSCuiEatNU1pmx8/PoMsLRTzgbHkFLpfba3O6KZ+lvXO5XDgcLqqqHbhcrma15efnh9Hoh5+fAbPJiJ9fw2MzlM8iLcvlclHtcOJyuXE6Xc3K6daezyLS/rT3EateWbxKRFonFVY2WnW9AAAgAElEQVQbr6rKgb2iktCQQK/1KdLRFJecJcBmxWz2bG4rn6W9O1tegdPZvGJqQ8xmEzZ/S4PHKJ9FWka5vRKHw+mx9ltTPotI+9TeC6uaLEVEpBGqHY4f/UZfRJrHz8+PqmrPfXg8T/ks7dX5ORE9WVQFqK52UFpmb7Af5bNI8zidLkrL7B4tqkLrymcRkbZIf4WIiDSCw+HEZNK8bSKeZDIZcTg8/4228lnaI6fTRbm90mv9ud3uBkfGKp9FLp/T6eJseQXeuri0teSziEhbpMKqiEgjVDucmPXBTcSjzCYj1R4emQPKZ2mfvFlUbUy/ymeRy9dR81lEpC1SYVVE5Ee43W78DAaNiBHxMJPJiNHP4NEROspnaY/K7ZVeG9n2Q263G3tF1QXblc8il6ej5rOISFulwqqIyI8wGAz6ll7ES6qqnZe9oF1jKJ+lvXG5XB6fg/HHVFc7LrpKufJZpGk6cj6LiLRVKqyKiIiIiLRR1a1kQRmHw7MLZol0BMpnEZG2R4VVEREREZE2ytVKLs11XmSEm4g0jfJZRKTtUWFVRERERKSNutQq3t7WWuIQactaSx61ljhERNoCFVZFRERERNqoi82F6AutJQ6Rtqy15FFriUNEpC1QYVVERERERERERESkiVRYFREREREREREREWkik68DEBFpL3Yue5xNeQAOKsocmIL8z73JJrPgsetI9FC/pftf5pnV2VQ3p5+0l/nV3mE8uSj5gl0Z7z7Olu73s2RMeMNxZKxjOxOYmRh8ORGItA8lX/PG8i3sLjq3srMphJRrZnHrkAby59QmHn0J7v31NLo3ucNi0j7YCRNmkBxymTGLyMUpn0VERORHqLAqItJCxix5jDEApPHyr/Yy7LFFXFimbGlZrHvXzrSHH2O4zTM9JF73WKOKtfbcdNIZrsKqdGCFbH5hMwXTF/P0wMCaTdV5fP5BJseGjKSHR/qsJCctB4ajQow0UgmpL73KO0cbOKTXKP799qF07H9SymdpC5TPIiK+psKqiIinZazkse2JPHpnCmYAStn+P89QtOBh4jb9ir1drqU6fSu59mrMURO46ebJ9LQB5LHz7y+zKdcOmIma9lPuHBP5fbuFO1n2zIccq3CQ/tTjrEtewGPXxZG7/WVe3pJLNWCOmsyiRROIMkPay+f62rOGI4mL+M8FPyyXHmPn3z9ka64dO5FcvWQJYyLPnTfsSRYl57HlqZcpGh1P7qcZFNrt2FJu5v7rEjn27uOs3FNGGct4fHsk0+5fQkr+uzyzMg07gC2R65YsIFk1V2nXCskpDCElIfD7TeZIRs77Pm9Ppr7GcxsLKQfMUYN48GcTLxjVdslj7F/zynOb2V8KYCT2ykGEffwFu0or4fln2Bw5iIfvnUiEp5+mtHEhxCd0wnT0DI5LHBGVEK0ijPJZ2gTls4iIr6mwKiLiaYkTGP7uSnaVpjAhGMjdwqfB0/h5FGQB6blmHl36MMFA3pb/YdnqHjy2IJ6sla9yctrPeaynGbCz5+8vszN5CWPOFyfDx7DkseD6o2MzVrIsI4Wlj935fXvvRvHYgngA0o84+M3D/0m4+SJxZuVje3gpD9vAvufv/O7DNMZcMDVAPlmli1j68HVANqv/8Ca78pYy+brHWBL2FC+ziKWTI4FcVv81j8lLz42kLc0lt+VfWZFWJoEZ16TyX396kfQJyUzql0RcdCC16Zb5Pi/kjuGx3/bGDJTvfo1nU4tZGl+niUsdM9bJJ3/bTEnt6LliThaa6D6xD5F/WgW338XVXb39fKWt6jr+Rv6Vf/Lk5tIL9kVNvY6Hxusfk/JZ2grls4iIb/m0sJpzIo/96VkAxEZ1ISU5wZfhiIh4SBSTx8MzW3KZMCeKjO3pxE2Yw/kr9/umDOZ8rTRy+GjC/yedbGBPej7pGX8grU5LybnQ0HX5WfvT6ZFy3UXaq/mklzR+wsWLqgDxg0k5F5StRzxhW/LJu+CgMJKGnx+t05O4qHz25gGRPzyuC4k98nj3zS0wPpGkHlFEXapfkdaocBtP/eUg3wEQwpwHbmMSF9n2g6kWu4+9jadHnOVY9l5SP17FP78uJuTKGdw3pTc5u49yMu04v6mX1CehTiEm41LHlOSxIy+G+ecvSSaU7uEAZ5v2HMIL+eS511h9Lrm7Tb+JpWMbnj9Z2qeu46/j9uOv89LXVbXb/PtN5t72WIRRPks716HyWUSklfFJYbXcXslzy1eRkZVTb3vnsBDuWzyX2OgLPqGLiLRpwaMn0+W/9pB9dQ+2H0li5oLGnBXF1b+4//sRqi2hwXf9xvyXYKJxU7maSbz5YX5emMux9F3849UseixaypyejTpZxPfCJ7L0txN/sPFi2y7CHEiPhIn0SAD4lld+u5lPhtxFHBB7za38v7Gh9Y8/Vf/voYseU3Lh1xw/6qLPIZxJ997PpKa3Ju1OAAMXzmLmsndZ9x3QbQAPLOzXyPf4Nkb5LO1eB8pnEZFWxs8XnT713EqOnTjFgrlX8Ocn7ueFpx/i9oUzKLdX8NRzb1Jur/RFWCIinmNOYUJcOh/+Ywul4ycTVWfX4f0HOH/xVt6eXeQlJtKTeFKS8vh0+/cfvkqzsi8ygrS++JQkjtVprzQjncLEJLxRzwwLDiP/2PkI7RTmVWAL70nihOu4YbiDjCOX8UFSpE3J5fPdmRRX19lUUkJJdSCdgyFxSC++2/45J2v3ZXLkVP0WLnlMSDIjw4+z+cvzI9ocFJecBUIICStB6SWXpytTbr+GuaOH8MDtk9DYtrqUz9LWKJ9FRHzB6yNWd+xO53huPvcunsuQOpf+jxuRRI+oLjz+36+wekMqC+dN9nZoIiIelTg6iZXP5jHnp/WHoCZFVbPyqT+Qa7fjCB/OT39ac61/4nVLGP3yP3j88ZpPdeaoCdzUoyc0dEl94nUsyXuZZx5fV7t41Z2L4hs4oeWYh8/h6l3P8Njj75Iy/06673mVTdn2mp22ZBbcHwkZ7/L4Sljw2HV02bmMZw4M5v4liWQse4YDg+9nyRhdwihtWSRxpvU8+6f1FJxfRcQUztSfzWWkGeg3i1/mvcmff/sM1ef33RpDnH+dJi51DOFMvWsqJ59/gQfeMWHGSOyVs7hvYizj5g7lk7/8Lw+9k8Di387ihzMjizTIvwcTZ3hmjfu2TfksbZDyWUTE6wxut9vtzQ6fffF9juXm86dH7rrk/pzcfP54if0i0nKyj+ZiMBia9ANc8vH5+3VvG7rf0LbGsAV477uhU/ln6NqlU7PaqN7/d36XMYHHF3w/SWray79i77AnuWCNKJEOqiVyrTX0IeItJaXlvg6hVkhwQL3HymeRpuno+Swi7ZO93PHjB7VhXp8KoNxeSURYyCX3x0ZHUlBU4sWIRES8IY9PN5UybWYDK0+JiIiIiIiISJvh9cJqgM3aYOE050QeMVFdPBqDvaKKP/7f66zZuPOi+7/LK+SX/7GMvQcPt2i7F3M05zse+eOL3PXQ003uT0TakkgmL/0FE36wEFXyIo1WFREREREREWmLvF5YTRnYh4KiEjZv23vBvozMHPanZ9Wbe9WTdu5J53Rh/SKv2w3bP/vy3ATynlVur+Sfb2+mV2w3/vTIXQzsH+fxPkVERERERERERKT5vL541bgRSaR+nsbKVVuxV1SRGB8LQEZWDps+2UtMVBemThzmlVjyC4rZuSed2dPH1G47lV/IZ/u+8lL/Z8gvOMPVU0YS3sD0CCIiIiIiF+Pn54fL5fJ1GPj5eX28hki7o3wWEWl7vF5YBRgyMIHDR46zekNqve1942K47455AKTuTq+dMqBzWAh942OJCG/Z4uOQgX34/IuvGTM8qbbtHbvT6BQShNtVs6bXgfQsXnz9Q+6/Yx594mIAyDt9hv96/k0WzLmCYYP7XrL9I9knWbZiDeNHJrNjdzpFZ0ro3aM7d986ix2702uf/7KX1xDeKZjfPHATNn8Lb6/dxs7d6VQ7nPTu0Y1FC64iqmvnFn3uIiIiItL2GY2toxBjNKoQI9JcymcRkbbHq4XVnBN5PLt8FQVFJYSHhTAkOYGI8BBioyIJsFmJjY5kx+50Vr6/BXDXbv/08zTs9kqmTRpWb3Rpcw1JTsBur6gdtZp3+gxffJnJzCmjWLV+BwB94mLo0rkTB786UltYzfz2BFaLmYTe0T/aR0VFJekZR/mXn16Lw+HgryvWsCV1PzOnjKZnTFde+OcH/GTOJAYnxRMUEMDr731Eesa3/OLu6wkNCeKdtdt4/qXV/PLeGwgNDmyx5y4iIiIibZ+fweDrEAAwaoSbSLMpn0VE2h6vFVZ37E7npTfWEx4Wwi/vuYHEhNhLHrNg7hVMnTiMnBN5ZGQd57475vFFWibLX/+Qs+UVLJw3uUVislhMTL9iBG+u3sqY4Uls/+wgUd0i6Bv/fWwBNisjh/Rj176vmDG5ArPZxGf7viIlOZ7QkB8vdJrNJq6dOYGY7hEA9O7RnYLCEmz+FoICbRgMEBjgT2hwIMUlZ0nP+JZrpo2pLdpeO3M8Tz23km+zT5LipblnRURERKRtMJuNVFZV+zoMTCYVYkSaS/ksItL2eOUdM+dEHi+9sZ6YqC78+0O3XbSoerqwpF5RFWD1hlRWrtoC1IwuXXrvAj7avo+MzJwWiy0xPpbOYSGsWr+DL77MZNrEoRdc+jAgsRclpWfJ/PYEp/IKOV1YzMiUfo1q32g0YjE3rn5dXHoWe0UVNn9L7TaLxYzRz49Tp4sa/6REpEW53W7MJqOvwxDpEMwmI26322PtK5+lvfHz88PcyL81PcViMV10Tkbls0jTdOR8FhFpq7zyrv3M8lWEh4Ww9N4FBNisFz1m87a9hIeF1Fu4avGNV1Nur6x9HBsdyZjhSWzetveixdnLYbGYmDF5BP/34nsMHdiHuJ5RlJSV1zume2Q4cT2j2J+eRXinYCLCQ+kaGd4i/dcVGhyIzd+CvaKqdltVVTVOl4uuEWEt3p+INI7BYMDlduNwODHpA5yIxzgcTlxuNwYPXgqpfJb2yOZvweFw+qToYTAY8LdaLtiufBa5PB01n0VE2iqPj1jdsTudwqIS7lg445JFVagZ1TqkzqXuO3an8x9Pr+ClN9bXO27IwAQyso63aIwJcdHcs2gO186ccNGJuo1GP8aNSGJ/Wiaf7DzAqKH9Gz0KtSlCggNJSuzNB5t2kvntCfILinlv3afY/K307tm9xfsTkcYzm4xUO5y+DkOkXat2OL0y+kz5LO1RQ39n+6Jf5bPI5euo+Swi0hZ5fMRq6udpxER1adQI07pv5ONGJFFQWMzmbXvrH+NvxV5R+cNTm8VkNJLcr3eDx/Tu2Z2gQBtut5ukxF4t2v95BgNcP3siGOB//vo21Q4nvXt0457b52jhKhEfM5mMOPTBTcSjakadef5iGuWztEdGox8BNmu9q708yWAwEGCzXnL1cOWzyOUzGv0IDPCn3F7plZGrrSWfRUTaIo+/Ox4+cpwpE4Y26tiMzBy4qv7j2KjI+sdk5RAeFtKsmGz+Fn7zLzdecn9YaBB/evRn9bb5Wyx0CgmkV49ul1y06oftxvXszpM/aOdnt86qt/8vv/+X+v1YLdwyfyq3zJ/a6OcjIp5nMZs466UPqyIdlcvlwmo1e7wf5bO0VyaTkZDgAM6WV+B0ujzWj8ViuujlwnUpn0Wax2j0IzjIhr2iiupqh8f6aU35LCLSFnm8sGrzt3A4K4c1G3c2cIyVIQMTWLlqK+X2ygsuQai77Yu0TBLjW2Z+1abIPv4dud8VMOeqsV7vW0R8z2w2Yays5mx5BYEB/r4OR6TdKTtbgdHo55Gpdn5I+SztXWCAPy6XC4fDRVW1A5ereUVWPz8/jEY/jH5+mEx+F13Ypi7ls0jLsflbsFpMOBwunC4XTqerWTndmvNZRKQt8vi74+Ibr2b56x+yekPqJY+x+Vv44yM/Y/WGVJ5bvopf3nsDAGNHJpP6eRoZWTkMSU5g9YZUjufmc9/ieZ4Oux63G1L3HCKqW2d6xnTzat8i0noEB9k4XViC1WLWIhkiLcjhcFJRWUVEePOuSGkK5bO0d35+flgsflgs3i2GKJ9FWt75fPY2X+SziEhbY3D7YrnBS/giLZPnlq8iNqoLc64aS9/4WAJsVjIyc9i8fR/70zK5feEMxo1I8nWoIu1C9tFcDAZDk36ASz4+f7/ubUP3G9rWGLYA739z7nS6KC49S0hQgD68ibQAh8NJSZmd0JAAjD8yaqalKZ9FWpbyWaT98GU+i0j7Yi/33HQmrUGrKqxCzbyqL76xnsKiknrbbf4WFt94NUOSE3wUmUj7o8Lq5XE6XRQVl2Hzt+iyQ5FmKDtbQUVlFWGdgnz2oU35LNIylM8i7UdryGcRaT9UWPWRnBN5ZGTlUG6vJDE+lsQE78+rKtLeqbDaPKVldpwu17k5qoyYTUaNkhFpgMPhpNrhxOFw4nS5MBn9CAq0+TosQPks0lTKZ5H2ozXns4i0fSqsiki7pcJq81VVOc79IVpz62cwUO1w+joskVbHbDLicrvPFThMWMxGzK1sIQzls0jjKJ9F2o+2kM8i0ra198Kq3jFFRJrBYjGdWxjECoDb7b7sQrFIe9YWckP5LNI4bSE3lM8ijaPcEBFpHk2YIiLSgvSHqcjFtcXcaIsxi3hDW8yNthiziDcoN0REmkeFVREREREREREREZEmUmFVREREREREREREpIlUWBURERERERERERFpIhVWRURERERERERERJpIhVURERERERERERGRJlJhVURERERERERERKSJVFgVERERERERERERaSIVVkVERERERERERESaSIVVERERERERERERkSZSYVVERERERERERESkiVRYFREREREREREREWkiFVZFREREREREREREmkiFVREREREREREREZEmMvmy83J7JWs2ppKRmUNObj4AsVFdSEyIZfb0sQTYrL4MT0REREREREREROSiDG632+2LjnfsTmfl+1uw2ayMG5FEbHQkABmZOXyRlondXsmCeZMZNyLJF+GJdAjZR3MxGAxN+gEu+fj8/bq3Dd1vaFtj2AJ8+t2QiIiIiIiIiDTAXu7wdQge5ZOqxI7d6bz0xnpmTx/DnKvGUm6v5HBWDgBzrhrLwnmTWb0hlZfeWA+g4qqIiIiIiIiIiIi0Kl4vrJ4uLOGlN9azYO4VTJ04jJwTeTz13JvYKyoBsPlbWXrvDcy5aiwAK9/fQmJ8LBHhId4OVUREREREREREROSivL541eoNqYSHhTB14jAAnlm+ipTkBF54+iFeePohUpITeHb5KqBm9KrNZmXztr3eDlNERERERERERETkkrxeWM3IymHaxKEA5JzIo7CopHZ0KtQUUwuKSsg5kQfAtIlD2Z+W6e0wRURERERERERERC7J61MBFBaVEBtVs1BV5/BQAHJy82ov9c/Jzau3LzYqkoKikhaNwV5RxZ9feIeso7m12wwGA717dGPRgquI6tr5sts+mvMdf391Hafyi1iyaDbDBvVtiZBFRERERERERESkFfHpktoBNispSfGsfH8LdnvNHKurN6QyZngSATarx/uffsXw2ikJHA4n76zdxvMvreaX995AaHBgk9srt1fyz7c30yu2G/969/UEBQW0dMgiIiIiIiIiIiLSCnh9KgCbv4XTdUagdg4PpaCohOVvrGf5G+spKCohMOD7ourpohJs/haPxOJvtRAWGkRYaBBdOocya/oY7BWVHDued1nt5RecIb/gDEMGJhAeFoLF7NO6tYiIiIiIiIiIiHiI1yt/Kcl92Lk7nXEjknjj/S2k7k5jwdwrSEnuA0Dq7jQ2b9uL2w0L500m9fO02n2eZjYZAXA6nQAcOpzN6+99zKn8QiIjwrjpuikM6NuTI9knWbZiDaOG9mPXnq+I6taZ3j2788GmXQAse3kN4Z2C+c0DN2GvqOTllRv49th3mE1GxoxI4vpZE/G3Wi7ZTtpX3xIT1YXP9n6FxWLm9gXTKSgqYdX6VBwOJ3OuGsuMK0diMMCR7JO8uXor2TmncLpcDB3Yh9tumE6AzcqajTs5kJ5Fn7hotu08iMvl5opxKcyfNQGT0YjL5WZr6n4+2LSLkrJyOoUEcd01Exg9bAAn8wpq4w4OtHH97EmMHjYAg8ErvwqRVuNU/hlfhyAiIiIiIiLS4rp26eTrENo8rxdWp00cyuP//Qqbt+3lo+37uH3hDMaNSKrdP+eqsXQOD+WlN9YTER7C4SPHeWzeZI/H5XA62bX3EH5+fkR1iyAnN59/vLaO0cMGMGX8fA4dzuaVtzbxi7uvB6CiopLP9n3NtTPHk9SvFxazmbge3Xnhnx/wkzmTGJwUj8vl5vmXVhPdLYI7H76G4pIy/vHaOnDDzfOnXrSdbTsPcjw3n1FD+/P7h+/grTWfsGzFGoYM7MNjD93Gnv0ZbNq2h4ED4ojpHkFxSRmjhvbnZ7dcQ+lZO39dsZaPtu9j9vQxABw7cYrEhFh+9+vFpH19lHc+2MbQgQn0iYshdXcab6/ZxvxZExg6qC/Hjp8i7/QZSsrO1os773QRL7+5kYjwEPrExXj8dyHSmug/GhERERERERG5GK8XVmOjI5kyYSgrV23F5m+pV1Q9b9yIJFa+/zErV21lyoShxEZHeiSW1RtSWb0htfZxgM2fxQuvIjKiE+s++ozQkCBmThlFYIA/I4f2Z/f+DI7mfEdEeChGo5Gbr5vC4KT42vODAm0YDBAY4E9ocCD70zKxV1Ry7czxdOkcSpfOoVwzbQwfbNpJSelZgIu2E9U9grEjkggM8Gd4SiKHDmdz9ZUj6dI5lIED4tj4yR5O5RcS0z2CIQO/H80bHhZCr9iunDxVULstJiqy9jkMHBDHB5trRqdWVlaTuucQo4b158rxQzEYICw0COCicQ/s15tDh7NVWBUREREREREREcFHi1ctnDeZcnslO/ek81/PvcnUiUOJiaopnh7PzWPztn3YK6oYMzyJhR4crVp38SqT0VhbGAU4lV9Ezok8fv7os/XOSegdTUR4KGazieAfWZzq1OkijH5+WCzm2m02fwv2iiqKzxVWL9aOxWzCz+/76W/9rRZCzi2mFRjgX2/u1ozMHN5dt52TpwqxV9QsADYiJfGSbZ1XUVXFmeIy+vfpccHl/adOF1FccpZH/vhive112xUREREREREREenIfLa60h031kwBsHpDKs8uX1VvX9+4GH55zw0kJsR6NIbzi1ddTNcuYfSIjuTOm2fi72+td07dEaEN6RoRhtPloqqqunabvaIKm7+F0OBACuos4nU5zpZXsHL1VsJCg3j4gRvx97fy6jubG3Wuv8VCp9AgCs+U4nZTr7jaNSKMTiFB3Lt4Lp3qvD5WixbjEhERERERERERAS8XVjMycwiwWWsv7U9MiGVpwgLK7ZXs3Z8BwLCURAJs1nrnnS4soaCw2OOF1roG9o9ja+oBdu/PYPzIZJwuN1+kfcOQJiyk1btnd2z+Vt5b9ynzZ02kuKSMDzbtJCmxNyEtUFj18/PDYjZhMZuwWsx8m32SzG9PMKBvzx8912o1M3RgH1ZvSKV3j24M7B/HseOnKCgqYdjgvgTYrHyy8wDXTB2N0c/AocPZRHWLIK5n92bFLCIiIiIiIiIi0h54rbBabq/k2eWr6BEdyS/vvaHevgCblbUffYYBmDBm0AXnLn/9Q3Jy8/njI3ddUHT1lNioLty+4Cpef+9j1m7aidlkYuigvowc0q/RbYQGB3LP7XN4eeUG/u0P/8BsMjJmRBLXz5p4weX3l8Pmb2HhvMn8/dV1/Ob3L5CSlEDPmK6NPv+KcYOpqqrm3Q+288pbm4gID+XameMJCQrk7kWza+M2+vnRNz6GBfOimh+0iIiIiIiIiIhIO2Bwu91uT3ZQbq/keG4+X6R9w47P07BXVLF44QwiwkPpGx9DRmYOh48cZ/WGVGz+FqZNGk5ifCwxUV3IOZFHQVEJy99YX7PQ1chkhiT3ISaqi9cKrCLtWfbRXAwGQ5N+gEs+Pn+/7m1D9xva1hi2AE1PISIiIiIiItJa2csdvg7BozxeWH3g3/6vdl7ROVeNpdxeyZqNOy84bvb0MQTYrKxctfWCfVMmDCU2OpKV73+MvaKK8LAQ/vTIXZ4MW6RDUGFVRERERERERDylvRdWPV6VWDDvSl56Yz1DBvZh6sRhAHyRlklBYTEL5l3Jyvc/ZsjAPsy5aiwAx07ksz/tm9p9EeGhLJw3GaiZo3XnnvTaY0VERERERESk43G5XRTYs8ktPURuaXrNbdkhyqpO+zq0VivIEkFU0ACiggcQFZxEdPAAwm098TP4+SymQ6c3c/DUOk6dPczZqiLOVhficFX6LJ62xuznT6ClM51tsXQP6k+vTsNJCB+LzRTq69A6DI8XVseNSKKgsJgdu9PJOZEHwPHcfO5dPJchyQkE2Kw8t3wVs6fXFEt37klnwdwrGDciqXbf+fMysnKYPX0M40YkeTpsEREREREREWmFNh75X3Yd/yc2U0htkXB8j8VEBQ0g2NrF1+G1WqWV+eSWHSK39BBpeR+yIetpKh1ljIm9ham9H/BaHHZHMR9/+xy7TrxKlbPca/22R9WuCs5UnOBMxQmyinbxac5yABLCxjKzz2+IDk72cYTtn1euoy23V1JYVMLj//1KvW1AbdH04d+/AIDN31q77/xt3fNOF5Z4I2QRERERERERaUVOl3/LioP3MCjyah4e9ylmo7+vQ2pTgq1dSLROIrHzpNpt1c4Kthx9nv/9bCa3DlpGZ1sPj/XvdFeRmrOCj759BrtDtR1PyixK5f8+n8vomFuYkfBL/I3Bvg6p3fJKYbWgsJi+cTHMuWosp4tKWL0hFbu9AoAAm5XwsBAWzptMgL+VN1ZtqS2e2u0VhIeFMOeqsSRKyvkAACAASURBVESEhdQ7T0REREREREQ6hq1Hl/F57pvcNuh5ugUl+jqcdsNs9Gd6/C9IjpzB3/fdyuiYW5jUs+XXtKlwlrLiwBKyii5cc0c8w42bncdfIad4P3cMeZFAc2dfh9QueXzxKhFpvbR4lYiIiIiItHbP77mBnp2GMTPh174Opd374Jv/5ETpIX429J8t1mZ++RFePnAX+eXftlib0jThth7cPvhvdA3s6/W+2/viVb6boVhEREREREREpAHP77mBkdELVVT1kmv6/D+GdJ3DX/fd1CLtna0uZPn+O1VU9bFC+zFWHLyHs9UFvg6l3VFhVURERERERERana1Hl9Gz0zCGdb/O16F0KCOibyA6OIlt2X9vVjtOdzUvHbiLAvvRFopMmuN0+be8fGAJTne1r0NpV1RYFREREREREZFW5XT5t3ye+6ZGqvrIrD7/RurxFRTacy67jW3Zf+dY8RctGJU0V3bx3mYXzKU+FVZFREREREREpFVZcfAebhv0vK/D6NBuG7SMFQeXXNa5Z6sL2HL0uRaOSFrClqPPU1Z12tdhtBsqrIqIiIiIiIhIq7HxyP8yKPJqugUl+jqUDi0qeAD9I67ko2+fafK5G7L+m0rnWQ9EJc1V6Sxj45H/8XUY7YaW1BYRERERERGRVsHldrEz55/8v/Gf+jaQo7/j11nLf7AxGH//JVybfA8poT6Jyuuu6LmEJ3dO5spe92EwGBp1ToWjlD25b3s4soZEM7jPU8zoPoRws7Vmk7OEvDNvs/nrJzhQ4c1YnuShKddDbhxPf+XNfhu2J/cdZib8Bn9TsK9DafNUWBURERERERGRVqHAnk2AOQSz0d/XoQA38ZORv6J23KzjOJ8eupvX94cQOelmojzVbdHb/Ne+X9El/giLenmqk8axmgKxGAMotB+jc0DPRp2TVbTTpwskxfV/iZ9ExVBR9DbvnviMCiAsfDGjut7M1N5rOfDVfp/F1lo43VVkFe0kqct0X4fS5qmwKiIiIiIiIiKtQm7pIaKCB/g6jHOs2IJD+H5M3wCujl/CnvRNZBTdTFSYD0PzoqigAeSWHWp0YTWj4BMPR9SwYaHxmCs/4a19j3Lg/MZTa9n6bTRhFSd8GVqrklHwiQqrLUCFVRERERERERFpFXJL04kKTvJ1GJdmtmKu+/jsF6w++Ds+K9+PgxT6dn2Km5LjsQHYs9hycCmby/bjIIKwgAe5dtDNJAYCzhIy0h7hzdNrKSOYoKBHWTToevyzbufpU9sAyM+K49dZE5kx9CUm+7CIGx2SzImSNAZGXt2o43NLD3k4ooZVuABrPAO6RnPgVJ1CasUJis7f95/FtcmPMiy0C2ag2r6Lz76+iTWFgP9NXDtgMYND4rEZASopLHiSv+1fThHwk9FHGO63kV2O0YwODqG04AGe2F/C7KFPMCwspuZ37ywhL/9JXkw/15/5dzw48WaizAAl5B5/gD9nbPPK63Epvv49tRdavEpEREREREREWoXWNWL1B6pL2H9kGUWmaSSGAc4sVu+Zz16/B7lv5H4eGfQg5F/Da5mVAGQdup31VbO4Y+h+Hhn5LrMDjpBxrrJ3LO12XiwM4epB+3lk5AdczTKePbiLsD5/4ZH+vyMM6Bu7n0dG/oXxIT57xsD3I1Ybq9THK86vObmRUmcMKcnb+e34TdyX8iQzuvevc0Q0M5KfYnRQJYczH+C1tCc5zBDG9/szcQAVIYRZKjmS8wivpT3Au9/lE975QX4SW6cJ23QG+33BnqOP8O7Rk4wb+hfGh4WQf7zmnA9PZYE1uraQGxk+CfupR3gt7UnS7SFExfyK2V57RS7O17+n9kIjVkVERERERESkVcgtO0RUUGsprC5nxUd1F7CyYLI8yI0p5+ZXPbmRvY5pTBswiahgIHgS13YdzZ/yd1GdMAmHKx+wYgsIIdgaQtLgR6kZi3uIXYX76d71JYZ3CQFCGN73QT7dt5YDjGa4zYoJMFlCCG4FawtFBydxojT9xw88p7Qy34PRNELOEp4oms+MnvNJDB1A987X06Pz9UyO38WH+29ia9liEkOtlBb8mRXZawE4YJrIb/sNYXwnOHJmGS/uWvZ9e6cmMr7b9QQH1emjehebdi1mBwCP8GBYCNXFz/NsxmvnzlnLVgCeBMBespy/ndt3IHw+f7LF0D0a8OHMBD7/PbUTKqyKiIiIiIiIiFygzuJVFV/wZtoDlHaeTUroud2O01SwiTWfx7Gm7mmWWRQBickfMOPgI/z100dx+I2ie6cHuWnQaMKNldhdcPJkCr8+WffEiZSWe+eZtXtl77A+/R3WAxDN4D5/4doeo5nabwlb94RgAoI7P8WfpjxV56QS/IOBipu4cdCDJAaEYDNaa/fm1W2/6vi5oipATXtFZ+u2VV+pffmFG3UNebugwqqIiIiIiIiItArnLztPtE7ydSjUW7wqeBK39b6eJ7IeYHX4u8zpBvhZgVnMTnmCwZY6p/lZa86xxTN51OtMBqqLD7Hm4Cz+lraN3wwGMxDbfRuLYutf5+8fAJRYW1Wx5kRpOtFNmPc22NqFMz5cJCosqD+UffX9fKqc4MA3axnVfQjxprjaraUFv2PNybqjNispLYa4vktICbaSm/tn3is8DsxiRvKPL/IUFrgUuHRxtbUJtnbxdQjtgurjIiIiIiIiItIqRAUPaLWL6ph7PcjV/ofY8c2amtGL0bMY5reWTZlfUHrumNKiNezJB6hk/96lrD52nNLSkpoFlQC7owQYwqhOceScWkZGxbkTK7LYkp2FwwiExRPlB0dOfUJpNeD06tO8QFOnZwi2RHgwmh8zihmDPuChse9wY/xNDO46i8Fdb+LaoUvoYa4kt+DPwJ85XFpJcKfFDPY/d5r/RMZHT8NUAUXVNXPk4ioBQoiLHU14g33WtGcOvZn7Emv6HJX4Gg+lLPHkE2023/6e2o/W9CWIiIiIiIiIiHRgUcFJpOV96OswLiGE0fGPsjV9KWsOT+enfQdww8i1bEl7hGc/34+DYPz9r2dabwArPULj2Jp1HTtcp4EIwoKe5KcDagqU8Snv8rOvnuSttJG85arC5DeNvl1/da6fAczu8wi53zzAE9tKGRB/hEW9fPSUgRMlX5LSbW6jj48KHkBOyQEPRtSQz1if9SK23rNJjH2CFGPN1urq4xw7tpS3vqkZSbvm4FIY8CuGJfylZt5bZwl5Z94GoOir37Er+C+MjnmCm2IqKSz4gkJGN9DnCdYcXIop+VGGxTzBTTFAdT65BWsJ8+RTbaZWu0hcG2Nwu91uXwdxurCEnXtqJkJOSYonNjrSxxGJdAzZR3MxGAxN+gEu+fj8/bq3Dd1vaFtj2AL03ZCIiIiISHtyuvxbXtz/U3419mNfhyLn/GnHJO4c+gqdbT0adXx6/kZWHGzdozUF7khZTmJnz0+5YS93eLwPX/J5VSLnRB5PPfcm9oqaodarN6Tyy3tuIDEh1seRiYiIiIiIiIg3hdt6UuU8S7WzArPR/8dPEI+qdJThdFUT5h/T6HPiw8ZgNFhwuqs8GJk0h9FgJiF8jK/DaBd8Osdq3aLqgrlXsGDuFQA8u3wVOSfyfuRsEREREREREWlP/Ax+jI65mS1Hn/d1KAJsOfo8o2Nvwc/Q+PKRvymY4VHzPRiVNNfwqOsxGiw/fqD8KJ8VVusWVW9fOIOpE4cxdeIwbl84A3tFJU8996aKqyIiIiIiIiIdzNTeD3Do9CZyS7/ydSgd2vGSLzlcuJ0re93b5HOnxf0ck58Kd62Ryc/C9Lhf+DqMdsMnhdUfFlXHjUiq3TduRJKKqyIiIiIiIiId2K2DlvGK5un0qVcO3sOtgy5v5HCwpQujom9q4YikJYyPXUyQJcLXYbQbXi+sNlRUPU/FVREREREREZGOq7OtB6NjbuGDb/7T16F0SKsP/44JPe4gzD/6stuYHv8LugX1a8GopLl6hKQwNe5BX4fRrhjcbrfbW501pqha147d6bz0xnps/laW3nsDsdGRLRKHvaKKP7/wDllHc2u3WcwmEnpH85PZk4iJ6tKs9ouKy/jjX17jhrlXMGxQ3wv2H8k+ybIVa1hy22zienZvVl+Xa83GnaRnHOXBu+Zj89fw/I4q+2guBoOhST/AJR+fv1/3tqH7DW1rDFuAz9ffExERERERD/rbvlsY0m0OI6Ju8HUoHcau46+Rlr+BO4e83Oy2iitP8uzu+RRXftcCkUlzdLb15L4R7xBoDvdqv/Zyh1f78zavjVhtalEVPD9ydfoVw3nysbt58rG7+c2/3EhQoI0nn13JwUNHWrQfEREREREREWm6nw39J/u+e5+13/ze16F0CKsP/67FiqoAodbuLE55EasxqEXak8sTYA7jp0OWe72o2hF4pbB6OUXV8zxZXPW3WggLDSIsNIjY6EgW3ziDgf17s3pDKuX2yhbrR0REREREREQuz91DXyPE0pU/7phIbukhX4fTLh0v+ZI/fDqecP/oFiuqntc9qB+/GfcJPUOHtmi70jgxwQP55ZiNdLb18nUo7ZLHr6OtW1TtGxfTpKLqeeNGJJH6eRqHjxznqefebNFpAeoyGY1MGD2IZS+v5tiJPPolxHIk+yRvrt5Kds4pnC4XQwf24bYbphNgs1JYVMKKtzZx6HA2Rj8/hg3uy/WzJ9a2l/tdAes/fpXs498RGRHGnTfPpFdst9r9hw4f5cXXPyTvdBG9e3Tnzptn0qVzp3P7snn9vY85lV9IgM2f6ZOGM33ycExGI6fyi3hrzSd8dTibaoeD3j26c/etswgPC6mdZmDU0H7s2vMVUd06c98d8ziUcZRX3tpE6dly+sbH0jUirMVfPxERERERERFPmNjzTpIjr2LFwSX0j7iSK3ouwWoK9HVYbV6lo4wtR5/ncOF2lgxf2aw5VRsSYA7jnuFvsif3LdZnPU1Z1WmP9CPfsxgDGBtzG1f2vg+rUbniKR4vrD713ErsFVUt1t75kat/+f39LdZmXUGBNgwGA2fL7QAUl5Qxamh/fnbLNZSetfPXFWv5aPs+Zk8fw3sffkpVVTW/+/ViXC4X23YdpLTMTlCgDYDU3Wn89KaZBAcF8OLrH7Luo8+5+9ZZAFRWVpGekc2SRXMAeOWtjfzjtQ958K75nC4s5h+vrWP0sAFMGT+fozmneOXtTVgsZqZOHMrZ8gp6xXZlwdzJuFwuXl65gXc+2M6dN18DQEVFJZ/t+5prZ44nqV8vTuUX8crbmxg9fABTxg/haM4pVry1kW6RGgIuIiIiIiIibUO4LZafj/qAj759hidTJ2MxBRAVNIDokOSa2+Akgq3NWzOlPSutzOdEaTq5ZYc4UfIluaWHcLqrGR1zCw+MXO3x/g34MSJqAYO6XsPH3z5L6vFXqHKWe7zfjibIEsGo6BsZF7tIl/57gccLq2NHJJOYEMtzy1dhr2j+5fX3Lp5LRmZOC0R2cVVV1TidztrHQwb2qb0fHhZCr9iunDxVULvNZrMSGhKIv9XCgrmTgZrFqwCumTaGhN413/Yk9+tNesZRqqprJu318/NjxuQRxHSPAODamRN44ZW15H53moysHEJDgpg5ZRSBAf6Eh4WQefQE+778hgmjBhLXs3u9Ra/69+1JesZRKiprCthGo5Gbr5vC4KR4AHZ8nnbR9o5kn2zx109ERERERETEk6b0vp8re91Hof3YuSJhGqnHX+ZEabpGQjYgyBJBdHASUUEDSOk2l5l9HibMPwY/g9eW3wHAagzi6oRfc3XCrzl0+iMOnvqAU2e/obyqiLPVhVS7KrwaT3sQHzaa7kH96RcxmT7h430dTofi8cLqwnmTa+/n5ObX23e6sISHf//CRc977F9vvejl/kOSExiSnNCyQdZRVe3AbDLRKaRmYuWMzBzeXbedk6cKawvDI1ISAZg/ayKvvvMRv3j0OQICrEweN4Tpk4bXtmXzt1yyH7PZRHBQQO1ji9lEtcPBmZIyTuUXYTGb8PP7/s3N5m/lTHEZFVVVFJwpYeX7Wzh2Io+yszUja+N7RV2y7Uu1JyIiIiIiItIWGQwGOgf0pHNATwZGXu3rcOQyDYiYwoCIKb4OQ+Syebyw2pCCwmKgZiRoRFgIAKeLSigsKvHJ4lEOp5Ptuw4S1imY7l07c7a8gpWrtxIWGsTDD9yIv7+VV9/ZXHt8p5Ag7ls8F7cbjuZ8x7IVawjvFEz/vj1/tK/qagelZd8Pea9b0O3aJYyc3HxcLlftfntFJZ1CgzAbTbyzdhulZ+38/GfzCQkOZPO2vWQdzb1kX127hHEk+yTVDgc2LLXtiYiIiIiIiIiIyOXx7njvSxg3Ioml9y1g6X0LLrm4VWJCLLOnj2nRfisqqygqLqOouIzs46d45h/vc+hwNjdeeyUBNit+fn5YzCYsZhNWi5lvs0+S+e0JAJxOF2+t+YQ9Bw5zpqQMgwH8DI0vWLpcLtZv2c3xk6c5fvI0763bTveunYnqFsHA/nEUl5Sx7qPPKCwqYd/Bb9i55xBDB/bBZrPib7VgNhnxt1ooKCxm38HDDfY1sH8c5fYKNmzZXdte6u70Zr9+IiIiIiIiIiIiHZVPR6w2xZyrxrZ4mxu37mHj1j1AzaX4Cb2jeWjJT4iJqpns2uZvYeG8yfz91XX85vcvkJKUQM+YrkDNZQdR3SJY+f4WzpSUYTIaGTcymXEjkxu1WJfVaqF/nx78+W/vUFxaRu8e3bnjxhnY/C3ERnXhpzfN5PX3PmbTJ3sIsPkzfdJwrhg3GIMB5l8zgb++spZH//QiPWO6kZjQg+/yCi/ZV2xUF269fhqvvvMRmz7ZQ+8e3UlJTmjwHBEREREREREREbk0g9vtdnujo7seehqAF55+qHZbRmYO//X8m8yePqa2cLp6QyprNu7kl/fcQGJCrDdCE+mwso/mYjAYmvQDXPLx+ft1bxu639C2xrAFtJnvhkREREREREQ6HHu5w9cheFSrmAqgMVZvSGXlqi2+DkNERERERERERETEe4VVm7+lWeev2biTHZ+ntVA0IiIiIiIiIiIiIpfPa9fRpiT3YeeedJa/sZ5xI5IByMnNv+TxObn5tZcH79idVtuGiMh5bjdc5iwCIiIiIiIiIuJBbpevI/A8rxVW51w1loysHFJ3pzdqRfofXvYfHhbCwnmTPRWeiLRBbrf7sudnFRERERERERHP8dKyTj7ltcWrAMrtlaTuTqPcXllv+5DkBGKjIwHIOZHHF2mZ9fYH2KyMHZFMgM3qrVBFOoS2vniV2eKHydRmpooWERERERER6TAcDhfVVe172KpXC6si0rq09cKqn9GA1Wq8rHNFRERERERExHMqK524nO277KihXiLSZrX3N2gRERERERGRtqojfGZXYVVE2jSXq/2/UYuIiIiIiIi0JR2hqAoqrIpIG+fsIG/WIiIiIiIiIm1FR/msrsKqiLRpjmpXh1hpUERERERERKQtcLvdOBzte9Gq81RYFZE2r72vMigiIiIiIiLSVnSkz+gqrIpIm+d0ujXXqoiIiIiIiIiPuVzuDjMNAKiwKiLtRHWVC80IICIiIiIiIuIbbnfHGq0KKqyKSDvhcrmprnL6OgwRERERERGRDqm6ytnhriZVYVVE2g2n093hvh0TEREREZH/397dx0VZ5/sffw/DzQzKIAio3JgiKxZYmWmpaVmmVt61VlpbbXpW23JPtmvt7jnd7enmt9uN56ztydo8Jy07Ba6VZhaWpdlKJd4nJSR4M4DKrYzCcDvz+wOYRAFBYQaY1/PxmAcz1/W9rutzwSN88O57fb4APK26yuFVLQAa+Hq6AABoTzU1DjkcTvkHGGUweLoaAAAAAAC6L6dTqqr0vpmqDZixCqDbcTicqqzw3l/sAAAAAAB0tLq/vWu8+m9vZqwC6Jaczrpw1dfXR0Zfg3x8mL4KAAAAAMCFcjicqq1xqqaGVnwEqwC6tZoah2pqJKOvj4xGyejjI5GxAgAAAADQak6n5Kh1qNYh1RKouhCsAvAKtTUO1dZIkkM+RoOMPgbJIPn4GGQwGOjHCgAAAACA6kJUp9NZ94i/U6p1OOXwwoWpWoNgFYDXcdTyjwIAAAAAALgwbg1Wrbn5Sl67WRlZ1jYfazYFaNaM8RozIqH9CwMAAAAAAACANnBbsFpYbNOLS1fJXlGp6MhwBZoC2nS8NS9fK5JSFD8oRmGhlg6qEgAAAAAAAADOzW3B6sYtO2SvqNSs6ddpwrjhbT7+ww2pWvfp1yoqLiVYBQAAAAAAAOBRPu66kDU3X5I0ekSiuy4JAAAAAAAAAB3CLcHq1rR0WfMKJEnLk1JUbq9sclxD+AoAAAAAAAAAnZlbWgHs/u5H2SvqwtTd+w6oqLhUgVERrv1b09KVvGaT7BWVLFIFAAAAAAAAoNNzS7C6YO4MvfhKsjKzc7Rs8aJG+wqLbVqRlCKzyV+DY6OVmZ2jFUkpGpYYp0Bz2xa4ai17RZWWLHtPWYfyXNv8/XwVNzBKt0+9VtGR4Y3GSdLCeTNlNvl3SD0AAAAAAAAAuha3LV7VnN37fpQkTRg3XNMmjVbSmk36/KudsubmKz4upkOvPfG6K10LaZ06Va6UTWl64ZVk/eoXN+vSS2JlCvDXgjkzJEmmgPYNVV9f+ZGKT5wksAUAAAAAAAC6ILf0WP1wQ6qrx+pLS1epsNjm2hcTWdcSYPe+A8rMylFmllWSOmy26ulMAf4KCe6pkOCeiomK0Jw7J2voxQP14YZUldsrZTBIQT3NCupplsHQ4eUAAAAAAAAA6CLcMmO13F7p6rF6JPd4o329Q4NlNgXImlegF5cmS5LMpgCZzSZ3lNaIr9GosVdfqtfe/FBHcvM1JC5Gr6/8SJI0/54pWvfp19qTnqWYqAht2/mDfn7LWI0ZmajVH23R12npcjicGjMyUbdNHSdTgL8cDqc2p+7W+s++ke1UuXpZemrS+BH67MvtKj5xUpL00GN/07RJozV14ih9n3lY737whY4XFCvQbNLEa6/UxPFXytdoPOva0yeP0Xc/ZMtsNun+e6bIaKzLyN9bv0U/ZucyExYAAAAAAADoQG4JVmfPGC9rbr4ys3P08nP/6tpebq/U04vfkr2iUtGR4RqWGKdd+w4oJ69ALy1N1pOL7nXLzNXT9exhlsFgUFm5vcn9h3OOq0egSQvnz1R0vwitXrdF6RkH9dv7b1NQz0C9mbxB6zd+o5m3jFNq2j6tXrdFM6eM1RWXDtaRnOM6XnBC//7wL7TyH5+p1Famf7nrJgVbesqaV6D/fedjXT38Et1wzUwdsh7XytWfyd/fTxPGXXHWtWMiI9Szh1lrUraqqMSmiLBeKrdX6ofMIxo5bAihKgAAAAAAANCBPNpj9cMNqbJXVOqGsVdo9ozxkqRpk0brjXdT9PX2dG3cskPTJo12a01VVdWqra1tdn+f8BDNvfMmBVt6qNRWpvSMg7rlxlGKGxglSbrphqv0yeff6kTpKaVu/15XDb9Y119zhQwGKSS4p+s8/n6+Mhp9FGzpKbPJX9/9kK1gS0/dfMNV6hFoUmiIRQcO5Wrndz9q7FVDz7q2JCXED9DHn3+rzOwcRYT1UtahPJWV23V5YlwHfocAAAAAAAAAuCVYTVqzSZnZOZKkhx77bz256F6FhVpkzc2XJGVmWfXS0lWu8eX2CklSxgGrNMkdFf6kqrpGfr6+6mXp2eT+nj3M8vf3kySVniyTvaJKbyZv0JvJG1xjQnsFyXaqXCdKT+nin/VvVX/W4wUl8vfzlY/PT21vzaYAnSg9pYqqqrOuLUnBlh6KHxSjb3d8rxGXxWvndz9qyM8uUnjvXudz6wAAAAAAAABayS3BaqA5QGaTv+wVVYqJDD9rf8PCVk0d5041tbX66pu9CukVpH59ep9zfHBQD5lN/po+eUyjWaI+Pgb5+/qpV3BPFZ84KadT5wxX+4SHyJpXIIfD4dpmr6hUr+CeMvk3/1j/1cMv1v/838faf+CIMg5Ydeet17PQFgAAAAAAANDB3BKsTps0WhkHrMrMztGjC2a5tp/+/lwaQtb2DFsrKqtUUnpKkmQ7WaYPPv6nDucc12/mzmjVdSxBPZQQP1Bfpu7RRdF9FNIrSMfzi1VQVKprrhqqK4b+TB9uSNXA/n019OJYHck5rqISm66/ZpgGDYjUwS07VFRiU3S/MA29OFaff7VTH3/+rW64ZpgOWY/r6+3f65YJVysgwK/ZGi6K7quIsF5a9eFm9Qg0adCAyHb7/gAAAAAAAABomkd7rEpSYbFN6z5NVVGxrdH2+LgYTZ04yvV5wrjhGj0isV2D1U83b9enm7dLqut5GjcwSot+fbuim5hV2xSDQbpt6jit/miLFr+6StU1NQrv3UvTJ4+RJF035jJVVVXr/fVfaeU/PlNYaLBuvfkaOZ3SqCsT9GN2rp5e/JauvGyw5t8zRf9y181694Mv9NmX2xVoNmnitVfqujGXtViDv7+vLk+MU9KaTbp96rVun+ULAAAAAAAAeCOD0+l0dvRFXnljjXanZ7k+P/m7exQTFSGpro/qS6+uOusYs8lfLz/3rx1dWrewJz1LSWu+0G/vv10RYfRXResdPpQng8HQppekZj83vD/9a0vvW9oGAAAAAADQmbllxurlQ3+mjCyr7BVVujxhkHqHBrv2xcfF6JEH7jjrmNPHSFK5vVI5eQUaPCi6w+vtSmprHdqalq6YqD7qHWLxdDlAp2cwSEZfH/n4GGQwqP5FsAsAAAAAQAOn0ymnU3I6JYfDqdoahzp+ambX45ZgdcyIBKVu26fM7BzNmnH9WY+rx8fFnPMcqWn7lLx2sx554I5WjfcWeccKlXUoV/fePlFGo4+nywE6JYNBMhp95GM0yGgkRAUAAAAAoCV1T6bWvTcaDfLz81FtrVOOWqdqawlZG7gtiWt49H/3vh/P6/hye2V7V0PzOwAAIABJREFUltNtxERFaPGfHtBlCYM8XQrQKRmNBvkHGOXn70OoCgAAAADAeTIaDfLz95F/gJG/r+u5bfGqCeOGu2adpqalK9BsatPxR3LzJZ3dIgAAmuLjU/d/1Hz4ZQ8AAAAAQLvx8ambwOSodaq62iGHw3unr7pl8aoG1tx8Ja3ZpMzsnDYfazb5a9aM6zVmREIHVAZ4p+66eFXdL3kfeqcCAAAAANCBnE6nqiq9N1x1a7AKoHPpjsGqr5+P/PzoNwwAAAAAgLtUVzlUU+PwdBluR/oAoNvwqW+oDQAAAAAA3MfP3ztb8ZFAAOgWDAaD/P2Nni4DAAAAAACv5O9v9LqWfASrALoFf38fednvbwAAAAAAOg2Doe5vc2/iXXcLoFvyMRq88pEDAAAAAAA6E2/7+5xgFUCXR19VAAAAAAA6B2/6G9177hRAt+Tr6yMfH+/5v2EAAAAAAHRmPj4G+fp6R+ToHXcJoNsy+hKqAgAAAADQmXjL3+oEqwC6LINBzFYFAAAAAKCT8fExyOAFK0wTrALosoxGfoUBAAAAANAZ+Rg9XUHHI5UA0GUZ+A0GAAAAAECn5A1PmBJLAOiyvOGxAgAAAAAAuiJv+JudYBVAl+XjBb+kAQAAAADoirzhb3aCVQBdFq0AAAAAAADonLwgVyVYBQAAAAAAANDOCFYBAAAAAAAAAGfy9XQB1tx8LU9KkTWvQJIUExmuObMnKyYqwsOVAQAAAAAAAEDTPD5j9Y36UDU6MlzRkeGy5hVoeVKKp8sCAAAAAAAAgGa5dcaqNTdfH376tez2SvUOtWjW9PHKqQ9Vn1p0ryTpPxa/JWtegcrtlUpeu0lFxTaZzQGaNnEUs1gBAAAAAAAAdApuC1atufl6cekq2Ssq6zZkSRkHrJKksBCLa1xYiEU5eQV6evFbKiqxubZnHLDq0QfvIFwFAAAAAAAA4HFuC1Y/3JAqe0Wl7ps9WcMS47T83U+0Oz1LoSEWTZs02jVu2qTROpJXoKISmy5PGKQ5d96kXfsOaEVSij7ckKoFc2e4q2QAaLVjp/Yro+grZZV8rRMVuTpVVaSy6mJPl9Vl9fDrrZ7+vdXLFKm40FEa3Huc+vaI93RZAAAAAAC4uC1YLbfXzVQdlhinQHPAWQGpNTdfZrNJMVERev7xeY32DUuM04rTzgEAnYFTTn1fsFEbDy5R3snvPV1Ot1JWXaSy6iIdL8tURtFmrf/xz4oMukQ3xj6si8NukEEGT5cIAAAAAPBybgtWe4cGS9k5Wp6UogVzpru2n9kiwGwK0LChcZo1fbwCzQGSpOXvfvLTOdqBvaJKS5a9p4T4AZo6cdRZ+4/lF+ulV1fpzluv1/BLB7d4rh17M/Xam+v0619OPedYAN3HiYpcrfxugXJsez1ditfIO/m93twzX9GWS3XP0FfUyxTl6ZIAAAAAAF7Mx10Xmj1jvEJDLNq970Cj7WazSZKz7r3JX5JTqWnpemlpsmuGakPLgNkzxrdrTV9vT1dhsa3RNqdT+urb71RqK2vVOYZeHKsXnrxfQy+OPedYe0WV/vK3d/X6yo/Oq14AnUNm0Vf667e3EKp6SI5tr/6Wdqv2F272dCkAAAAAAC/W4cGqNTdfTy9+Swsf/28Vl9gUWr9QlTU3X4XFNoWFWvTog7NkNvnLXlGlaZNGa9SVCbLmFWjp8rWSpNAQi4pLbFr4+H/r6cVvyZqb3y61FRSV6uvt6Y22HS8o1rc7f2j1Ofz9fBUS3FP+fm6b/AvAQ5xyavPhv+uN3XNkr7Gd+wB0mFNVhVqx51facmSZp0sBAAAAAHipDk8Dk9ZskjWvQNGR4Qo7baGqF5cmy15RpftmT9aYEQl69MFZevo/V2prWrqeWnSvMrKsysiySpJ+M2e6PtyQqsISm6x5BVqelKInF917wbUNG/ozbdu1X6OuTFBYaF3guzVtn3pZesrpcLrGHS8o0T/WfakfMg+ruqZGA/v30/33TFFoiEXZh4/qtbfW6df3TlVIryD95eV3NHpEonZ996PyjhcqIixEv/rFzXI4nPrr66tlr6hSlqS03Rmu9gHfZx7Wux98oeMFxYoIC9FdP79Blwy+yHXua0YmamtaukpO2Bpdu6KySilfpOmrb/fKdrJclp6Buuf2G3V5YpxKSk81W8uAmL6SpEPWY1r5j89kzcuXn6+vRo1I0G1TxkmSVn+0RV+npcvhcGrMyETdNnWcTAH+F/w9B7qyffkblHLgBTnlPPdgdDinHPr4x7+ob494De49ztPlAAAAAAC8TIfPWM3MzlF0ZLieWnSvFsydoZioCJXbK2WvqJIkrUhK0da0dB3JK5AkhdXPaG34WlhsU0xUhBbMnaGnFt2r6MhwWevHXqhhiXHqZenhmrWaX3hCu747oOuvGSZfX6NrXFl5hQbE9NGfHr1Pz/xhrow+Pnpv/VdyNpOtfLMjXXffNkHP/GGuegSa9PHn2xTVL0yPPXy3BsT01WUJg1ztA6x5Bfrfdz7WpZfE6i+PzdPk8SO08h+fKb/whCSpoqJS6RmH9K//cqv+feEvZDtZpk2puyVJDodTNbW1euhXP9cLT96vsVdfquS1m1R84mSLtdTWOnQsv1j//cYahffupef+7Vf6t4W/kNnkr5oah1av26L0/Qf12/tv058e/aXyjhVq/cZv2uV7DnRVR0/uV1L6bwlVOxmnnHr7u9+weBgAAAAAwO3c0mP1zLWbGxalquupWheurkhKkSTFx8Wo3F4pa16BzCZ/10zSjuDv76uJ143Qtl37VVhs01ff7lVk3zANHhTTaFzsRf005cZRCu8drD7hIbp48EUqKrGporKqyfPecuMoxQ2MUp/wECUOGSjbyTI5HE5ZgnrIaPRp1D7gux+yFWzpqZtvuEqhIRaNvOJiRYT10iHrMUmSn5+vbr15rKL7hWlATF8N7N9PRfV9YQPNAbptyjhdFN1HIcE9deklsap1OHWi9FSLtVRV12jndz/KFOCvO2+9XuG9gxXdL0wzbxmn2tpapWccbHTcTTdcpayDea4FxgBvlJT+W9U4+G+gM6qsPaVV3z/i6TIAAAAAAF6mw1sBNMwwfXrxW+odGqxpE0cpJiqiPlQ1aNb067TruwPqHRqs/lHhGj0iUUXFpbJXVMpsCpA1N18xURGSpBdfSVZOfVuB9hI/KEa9Qyxam7JVB48c1S/vmCijsXHenHe8SMlrNulIbr5OldklSYMGRDZ7zobAuDWOF5TImpuvh594pdH2uIFRCgsNltFobLZ/a0VlldambNXOvT+qpPSUnE7nWddurpbjBSXq2cMsf3+/RttLT5bJXlGlN5M36M3kDa7tob2CVFFZLbMpoNX3BnQXe46v07GyDE+XgRYcPbVf6QWfKiF8oqdLAQAAAAB4iQ4PVufOnqw3klJkzSuoe+Xm6y+Pz9OEccO17tOvZc0r0KMLZkmSyu2VKiouVUxUhO6bPVkrklL04tJVevTBOxQTFaHCEpuiI8M1d/bkdqvP399Xk8eP0N/e+EBXDP2ZYi+KlO1UuWt/ba1D7320RSfL7Hp4/kxZgnpo45YdyjqU1y7X7xMeov5REfrVL26W6bTQ0hTgr6PHi1o8dvueTG3dtk+zZ1yviwdfJGtuvt5e/Vmrr5t1KE9VVdWNwtfgoB4ym/w1ffIYXZ4Y59ru42NQUI/ANt4d0PU5nLX65MCLni4DrfBZ9l91cdgN8jEYzz0YAAAAAIAL1OGtAGKiIvTUonu15NnfqHeIRUUldY+xTxg3XNGR4UpNS9cfn12ml5au0h+fXeZawGrMiATdN3uy7BWVenHpKllz8/X84/P01KJ7XTNY20tcbJQe+OU03Xrz2LNmq/r4+MgU4C8/X6NMAf4qKi7Vzr2Z53Uds8lfUX3DVFRiU+nJMknS0ItjdbLMrrTdGXI6HKqpqVXa7v2umbEtni/AXwaDQUE9A1VTU6vUtPRm2xOcaejFsbJXVOqDT/6pgqJS5Rwt1Acf/1O+vr5KiB+oL1P3qKS+V+vx/GLtTc+WwXBmUweg+zt4Ik0lFTmeLqOd/VoLrsvW89cs1/DWDI95R3+6IVuLLm5uwBzNH5et569+of1KPA9HT+3XwRNpHq0BAAAAAOA93NJjVZKS1mxSUYlNlycMklTXH/TRB2dp1JUJKiqxKSPLKqnuUfaGBa2aClc7gq/RqMQhAxXaK+isfQaDNPOWsZKkJ55/Q8lrNys+rv95X+uWCVdJkh79j9e07tOvFRMZrvtmTVLa7gz98bll+tOLK2TNLZCf37lnXF2WOEijRyRq6fK1eva/3lZ4WHCjWa8tiYkM17/cdbOyDuXpsT//j57/27uqqq6W0WjQbVPHKS42SotfXaU/PPN3rVz9mQIC/M59UqAbyi7pnAu3hcQ8o1ujos7v2Pgp6m+UFHC1rr6ofevytM768wIAAAAAdD8Gp7O5te3b14uvJCszO0dLnv2Na/Gqplhz8/Xi0mTZK6p03+zJGjMiQVvT0rUiKUVmU4CrLQCAC3f4UJ4MBkObXpKa/dzw/vSvLb1vaVtrmAM7vJuJ3twzX98Xbuzw67TVmCt260Yt0Z92Lm/jkVfpztHvKqHqVX3rM1fX+KzT37/5vbJbOiTmHf1p8NU6mRerxT80NWCO5o97QoOqVusP3/y+jfW0r0vCJuiXl73u0RoAAAAAAHXs5TWeLqFDdXwqUa8hTN2174DGjEjQK2+s0e70LPUOsWjBnOmusDQmKkKPPjhLLy5N1oqkFEnSmBEJknRWz1UA6Gjdrg3ARb9XgrlA2Qdf1DpdossuuVbX9ZOyj/40JCRqieYOmqoIP0m1OcoqtjU+h+ku3Xn573V5D4ukShWXfKkKd95DC05WFXi6BAAAAACAl3BbK4Bpk0a7HvOft2ixdqdnKbS+5+qHG1IbjW0IV5trC/DK8rXuKhuAlztZVejpElxCoh7XnQlLdGfCEsX7B8jXf5zr89RWtQWI0q19hsnv5Kf64Kiko68pyx6u2Khf/zTE9Lju/dlUhTi+0Tf7H9I7P34pv16XyHzaOaZe+oQuN1UqK+dxvbPvGWX6XK3ITtItpDP9vAAAAAAA3ZvbgtWGsPTyhEEaHButUVcm6KlF90qSa0ErSXrj3RQ9vfits8LVjVt2asyIBEVHhjcaDwAdpdZRo/LqEk+X0X56/V6Dgyp15PgTqrurb5VyfJcUPEW3murHDLxWkUabjhy+Sx/kfqQ9uU/oldxdqnadZKEGBwXIbntNr2e8oz3H39EH2/9PR2o9cD9NsFUeV62j+twDAQAAAAC4QG5rBSDVhasL5s5otC06MlzWvAI9vfgtSZI1r0ChIRbX+Ia2AMlrN2njlh0qKrEpOjLcnWUD8FJGH18F+oXoVCeZBVmS+6zeza17P+aK3eqvLXo3vfU9VocPuFqhClBoXLaej2u8L2HITH2w+736TwUqsZ62s6pSZ3bFOWk//bqFqna0uowOFejXS0afTjJ9FgAAAADQrbk1WG3K3NmT9UZSiqx5dX3xoiPDNXf2ZNf+hnA1ac0mZWbnaHBstGbPGO+pcgF4mSD/sE4TrF4Q0zO6pne4igseV8rxxrP+Tf2e0M973aXr9J42S5LCFRIjqSFc9Q846x+LIPMcSQ3hapj83Pb8Q8uC/MM8XQIAAAAAwEt4PFiNiYpwtQRoacyjC2a5qSIA+EmQf7iOar+nyzjL9wXrFOH4tNXjYwddq0h9r28y39GeM1eaqrxR1w2fqsvio7T54JfK6zNXgwa+p1sdy5Wtq3RN1DD9NAd0iTJPTtU1IQu1IL5S/zwhxcb8Qv2N7XRjFyjInycaAAAAAADu0UnmGAFA5xQZdImnS2hSifUJfZCb28rRM3VdSLR0cpc2nxmqStKJF5RdJkWGP6vhFc/qrR/XKV/DdPWQl3XXkInSie9ldw3O1bq9z2h3mdQ/+lndlfisEvSN8jpJW9P+wcM8XQIAAAAAwEsYnE6n09NFAPCMw4fyZDAY2vSS1Oznhvenf23pfUvbWsMc2PGT7vNOfq8l26Z0+HXQPhaN+kwRgYM8XQYAAAAAQJK9/MwVO7oXZqwCQAsigy7RwF4jPV0GWmFgr5GEqgAAAAAAtyFYBYBzuDH2YU+XgFbg5wQAAAAAcCeCVQA4h0EhVzNrtZMbHDpWg0Ku9nQZAAAAAAAvQrAKAK3w8yHPyWQM8nQZaILJGKRpg5/ydBkAAAAAAC9DsAoArRDRY5BmJ/6XDDq/hbbQMQwy6M7EJQrvEevpUgAAAAAAXoZgFQBa6eKw6zVp0COeLgOnmTToEQ0Ju87TZQAAAAAAvBDBKgC0wfgBD+jeS/8uPx+Tp0vxan4+Jt176d81fsADni4FAAAAAOClCFYBoI0Swm/Ug1euVt+eQzxdilfq23OIHrxytRLCb/R0KQAAAAAAL2ZwOp1OTxcBwDMOH8qTwWBo00tSs58b3p/+taX3LW1rDXOg73kd116ccmh73j+UkrVYp6oKPVqLN+jpH6ZJgxZpROTtMvD/BQEAAACg07OX13i6hA5FsAp4MYLV9pNV8rUOFKfqcOlOnazM16nqYpVXl3i6rC4r0C9EPf1CZTH11UXBV+hnoWM0sNdIT5cFAAAAAGgDglUA3RbBKgAAAAAA6CjdPVjlWUoAAAAAAAAAaCOCVQAAAAAAAABoI4JVAAAAAAAAAGgjjzQoLLdXat2nqdq6LV32ispWH9c7xKIJ44ZrwrgrOrA6AAAAAAAAAGiZR4LVV95Yo8zsHJlN/hocG93q4zKzc5S8dpPM5gCNGZHQgRUCAAAAAAAAQPPcHqxac/OVmZ2j6MhwPfrgLAWaA9p07NP/uVLrNqQSrAIAAAAAAADwGLf3WDWbTRocG61pk0a3KVSVpJioCA2OjVZRia2DqgMAAAAAAACAc3P7jNWwUIseXTDL3ZcFAAAAAAAAgHbj9mC1sNim3fsONFq06vKEQYqJinBbDfaKKi1Z9p6yDuW5thkMUp/wUN156/W6ZPBFbqsFAAAAAAAAQNfjtmC13F6pdZ+mauOWnWft+3BDqmIiwzVr+njFx8W4qyRNvO5KTRg3XJLkdDj0+T936Y13P9Hv7r9dkX17u60OAAAAAAAAAF2LW4LVcnulXlqaLGtegUJDLLpx3BWKiayboVpYYlPqtn3KzM7RS6+u0n2zJ7e4MFWgOUBmk3+71GUK8FdIcE/X57FXDdW3O35QfmEJwSoAAAAAAACAZrklWH3ljTWy5hVo1JUJmj1jfKNFq+IljRmRoK1p6VqRlKIVSSnqHxnebGuABXNndEiNDodTe77PktkcoP7113595UeSpPn3TJEk7dibqTeTN+jh+bdJkv76+mrZK6pc5zCb/PXw/NtUUnpSr725rtH5Q3sF6Y8P3dUoyAUAAAAAAADQNXV4sLo1LV2Z2TkaHButuXdObnZcwyzVFUkpSl67WY88eEdHl6YPN6Tqww2prs+WoEA9eN90hYZYznls/+gIPfOHuXI4naqqqtYb734io9GovhGhio4M1wtP3i9Jsp0s06srPtTgQdEK6mnusHsBAAAAAAAA4D4dHqzu/u5HSdK0SaMl1S1etSIppdGYUSMSNKb+tXHLDmVkWVVYbFNY6NkBpzU3X+X2ynbpxdpUj9WlK9bq4fm3KSYyvMVjfY1GBVt6yOmU1m/8WmXlFVo4b6ZrNq5/cE/V1Nbqg4+/UmiIRbNnXC9fo/GCawYAAAAAAADgeT4dfYHd6VkKDbG4glC7vUIZWdZGL2tuvmv8sMQ4SZI1L7/J8yWt2aSXXl3VLrU19FgNCe6p0BCLbr7hKgVbeiozy9rqc6Tt3q/NW/dozuzJCu8d7NrudEopX2xT9uGjmjN7cqP2BwAAAAAAAAC6Nrf0WA077dH6mKgILVu8qNmxDb1Vrbn5rpC1gTU3X5nZOa16VP9ClNsrm9xeW+to9DnrUJ7e/eAL3TLhag0aENloX9ru/fp083bNu3tKo8AVAAAAAAAAQNfnlmDVXvFTUNlSKwBJrtmrvUPrwsiNW3bIbDbp67R0ZdTPJG1oK3ChKiqrVFJ6SlJdK4B/btun4hKbhtTPru0datHe77NVUHRC/v5+2rx1t+vYgqJS/e87n2hg/766PHGQ6zw9Ak2y5ubrnfc/19XDL1F0vzCVlJ6Sj8GgHj1MtAMAAAAAAAAAuoEOD1ajI8NlzStw9UxtaAVwutAQy1nBav/6HqfJazc3Gjd7xvizZrKer083b9enm7e7Pvey9NS9t09U3MBoSdL40ZcrMytHj/35fxXUI1CjRyaosMQmSTqSe1wFRSdUUHRC//bc/7jO8etfTlXesSKVlVdo09bd2lQfxppN/np4/m2Kvahfu9QOAAAAAAAAwHMMTqfT2ZEX2Lhlh5LXbtYNY6/Q7BnjWxxrzc3X0/+5UqEhFj3/+DxJUsYBq95ISlFxiU1TJ45qt9mqAKTDh/JkMBja9JLU7OeG96d/bel9S9tawxzolkn3AAAAAADgPNjLazxdQofq8MWrRo9IVGiIRZ9/tVNb09KbHVdYbNMry9dKUqMANj4uRk8tulezpl+nCeOGd3S5AAAAAAAAAHBOHR6sBpoDXEHp51t2KDMrx/W4v1S3UNTGLTv19OK3VFRi06grE8561D/QHKAJ44Yr0BzQ0eUCAAAAAAAAwDm55Tnacnvd4lXWvAK9uDS52XE86g8AAAAAAACgK3BLsBoWYlFoiEVhIRbFx8XImpvvClulusf9R49IVFioxR3lAAAAAAAAAMAF6fDFqwB0XixeBQAAAAAAOkp3X7yKVAIAWnC84ISnSwAAAAAAoN31Ce/l6RK6PIJVAGgB/9AAAAAAAICm+Hi6AAAAAAAAAADoaghWAQAAAAAAAKCNCFYBAAAAAAAAoI0IVgEAAAAAAACgjQhWAQAAAAAAAKCNCFYBL+V0Oj1dAgAAAAAAQJdFsAp4qdpah6dLAAAAAAAA6LIIVgEvVVtb6+kSAAAAAAAAuiyCVcBLne+MVYPB0M6VAAAAAAAAdD0Eq4CXqq1hxioAAAAAAMD5IlgFvBStAAAAAAAAAM4fwSrgpVi8CgAAAAAA4PwRrAJeqrKyytMlAAAAAAAAdFkEq4AXqqmpVVVVtafLAAAAAAAA6LIIVgEvVFZW3uJ+g8HQbtdqz3MBAAAAAAB0FgSrgBcqL6+4oOMJSwEAAAAAgLcjWAW8jNPpVEVFZaNtDUFpRwemBLIAAAAAAKC7IFgFvExzs1XPDFdbG4ISlgIAAAAAAG9EsAp4mfIye5vGE5wCAAAAAACcjWAV8CIVFZU6VVYugwwyGH56AQAAAAAAoG0IVgEvcqLE1qbxhK4AAAAAAABNI1gFvITdXqFye9P9Vc+lqYC1pdC1LYEs4S0AAAAAAOiKCFYBL1FYUHJBx7dXkAoAAAAAANAdEKwCXuDUqXJVV1d3+HUIWAEAAAAAgLcgWAW8QFHhhc1WBQAAAAAAQGMEq0A3V1hYopqaGk+XAQAAAAAA0K0QrALdWOmJkzpRUtrkvobH9pv72tIxAAAAAAAA3o5gFeimyk6Vq6CgSAaDoS4Qrf9qkOGcoWprw1WCVgAAAAAA4K0IVoFuqMJeqaNH8y/oHK5A9gLP0Z2UHt6nI7b2PmuFjh44qKbnFQMAAAAAgM7K19MFAGhf1dU1ysk9KqfT2S7BZncLR8/ffr3/+lcyP5io/pYmdh//TE+/sFe971ukBUNP2168R8uXb9K2vFrVSDJHRmvm7Jm6Nqrh12+BvkxaK/ttD2vOkBYuf/wzPfHCXh07c7uvUX0j4zT1nikaGXoBt9eRvkvWvBXSg4tnadh5HL5r+WIt3df0vsvP/H57ygXeIwAAAACg6yFYBbqR8nK7cnOPyelon1C1wZnnOp9zd/WAtnrXTqVa4vR0VFN78/Teir2ySup9+mb7Dv31+c2yjZquZx4coGAVKzs1Ra/853KV/36ebuojSTG6dlQPPbllh+4eMlx+LVZh0c9dx0lSjcqLrUpdvV7LFq9R8HMzFH/ht9o5JU7SsjmJnq4CAAAAAAAXWgEA3cSJEzZZj+S5QtXTXzrjsf629FQ9l/Y8V+dVoW1pR2WJH6J+Z+0r067l7+vLiGgNPmPPkQ3blB4xQgtnxCnM7Cs/c4Tib7hDd8fb9H7SFtfj//0SB6hvRoa2Vbe1Ll8Fhg7UhPljdXnFIaUeOI9bAwAAAAAA54UZq0AX53Q6dexYgUpP2M4Zap5r4aqW+qp2RGDadULYQ0rPkOLHxZy1pzxtrV4vjteTi/rp/UU5jfYVlZRLoaEKbrTVpJhBFunjHO2rlsb4SeozULGmvdq9XxrTTo+1lx/+TK+vTFd6Sa3ka1TMiMlaeNuQ02op1rbVHyk5rUC2GsnXFKKRt03R3cMi6mbNNmphYFTv+ATNmX2j4uvbIBz9fJme3D5ACyfa9P7qQ7KaL9XTj9+oftVWbVz+kd7LKK8/7gotHHFmdcXa9u4avb27RPamrn1ezjhnSD9Nm32Lboqrv+MmH9Xfp1cWbZAa2gnUj5n3u35KXb6z/nsXqITp0/Xw6MifLtWqewQAAAAAdHcEq0AXVltbK+uRPFVUVLb7o/9Nna+pWa9e4bhVVlk0OuLM7Z/ppdVlmva7u9RPZzcBDTQZpZJylUsKPG17UX6ZJMlWLKmPJIWqb6j05ZE8aWjkWedpUXWpMtZv027TAD0Sd1pdSw9p4N13aMmQSPmdPKCNSSn685oe+suMGNXNsn1Hy3L7ad5DMzUsyqjSw3v1/pptyh42RfG2Lfp/z6WpZux0PfNQnIJr8rRt5ft66XmbFv5pphIb0s/8vXrl0wG6e/49SgzpoUAV68ulq5Rck6BHHrtO8UG1OrJ7rZauLpYU7ir5yJpkLTsSo0f+cJfig2pVmJeu99fvlHXYZMW27e7rFevLJcv1dk2C65w9z7atAAAGaElEQVRHdq/VS6+ulHXerzR/iKkN5zqqt9cGaM6ceVoQIR1NW6uX3kvRxsS5mmCpv1Yr7hEAAAAA0P0RrAJdkNPp1IkSmwoKi1RbU9vkrNOWZp+ijfKLdUwW9T19cajq/Xr95Qz1vnvOaT1PG4u//jLFvLBNr6dFa8GISPmpRoVpq7R8n6/MjUbWBatF+cWSWgpWbXr/hcV6v9G2utmkj/zhxvr+qhXatnavykfdoXsaQtrQON00M16pL+9QxowYxed+peR9Rt3wu5kaWd8zNuyikZq/sO79kS/SdTByhF6aEVc3w9UvUmPmT1DmY+v1YVqpEkc3zHvtp7sfmqkxDTdz+Ct9eCREs56a7JrZ2n/EXZp14K9asv2niotKyqWIGMWHmn669oMt3LYk7dugeYs2nLExum4Gau42fdLEdecf+KuWbNimWUPGnTFruCU9dNPMGRpW/zPtP3qkhq1fq4wsacIwSYe3teoeAQAAAADdH8Eq0IU4nU6dOGFTQX6RampqWhegNoxR06FrS8c2dW5vXLjqbGXa9fZG7UucrJeH9mh+WJ/xemRemf68/F09mFS3yTLoUi2YH67lLx86j+sG6oYH7tJN9TNnq/O/1tJlBxUzbrQr5JMKlJ0nFWWs0ryvzjw+WuWSqvOKVaQIJTa5EFeFrPnlsgwaeEYYOUQJceuVmnVUaghWI8IVe1pCXJ1fLFtQpGItjQ5U4pB+0mmh47CbL1XMCxu1aMkBTRgdr/hBcYoNPces0vixemn2mUtz+Sqw4X6avW6BrFIbglWL+vY547NFSi3OlxTR6nsEAAAAAHR/BKtAF2ErPaljxwpUXV3d7oHn+fZXbSmc7X5h6mmOp+r9fZWya63mnRmmrViseQ0zKSUFDpmiZ56fomp7qap9gxXoJ2lXso4pVDHNzHRtnq+Cg4IV3BDqWSZr3sRlenLlZxr93AydHjsOnH6PFlwecNbxgeoE+tyoJ/8yUtlZe7Qtba+Wr96g8sRJeuaexObr8wtUsKXpeLTNa34BAAAAANAOCFaBTqyysko220mdOGFTZRN9VM8MQ8+akXoe7QBa01+1pWO7JXOAzKr8KcDrM1b/9tTIMwK9DC3/j6+k2b/SnPizA0w/c3D9wkzF+nJLjsxX3qLE0/ZXS5Jv238l97thrEZ/sV7vpRbr30eHSgpXbKSUmlus4HFDmj4oIlQWHdS+XDUxa9WkmIhA2bIOqlQxp8303K/0A9LAW/o1W4tfZKh6n8xTtk2NZnTu239U0hnH+QUrdsg4xQ6RZN+mFx//Wl9OTGy2rUJLWrxu/ysUI0l+vpJqGv/MDucoW2pTX9c23SMAAAAAoFvz8XQBAH7idDp16lSZ8nKPaf8PB5SZkaVjR/MbharnM1u1qTYA52ohcL77WqtLhbARoeqrYlmPN2wwKdASrOBGr0D5SfIzBSvY0kN+ko5+vkwPPP+eth7OV3m1VG3P07aVyXo7P1pzZpweeuarKF+KiTxzdazWGKKf3xKig+u31C+fZdLISQkK3L5RL35+QIX2GlXbS3Vk13t6YvkOlUvSRSM1rX+5Pl/+nrbllqlaFSrP3aPlS1OULan/9QkamJemJWsOqLC+7q3LNypVAzRtRAsP1UeN1E39S5S8LEUZxWWqri7TkbR3lLzv9MC4TFtXvqGVu/JUaq+Rqst0ZN8BWRWgQHOzZ25Zo+tW1J0zLVnLt/tqxKSRdeHwoAFKUI5S1h9UeXWNynP36PWkdNku6FrN3SMAAAAAwBvwlyDgZg6HQ1VV1aqurlZ1dY2qqqpUXV2j6upqlZfb5ah1SGr6MfumZqee+bmti1a1dEx7tBvoFiwDFRuUJuuRCqlP61eY73fDHXrYb6PeW/mOVpTUSjKqd/8hWviHyUo8PUSstiojP0CD40KbO1WLgkeP0+j1a5W8Pk+Jt0RKF03Wkw9t0fLVH+mJj2tVI8kcGa1p0+PqZ9KG6tqFc2R+d43efvk1LauRfE0hGnnblLrZnZZx+vfHgrV8+Ud64o+1qjl9gSy/lioJ1bUP3iG9naK/Pvda/XFXaOFtRj35dsOYHkocFafda1fpj2/X1eYbEq5r503XtZYWTt2in+7nledfkb1G8g3pp2kP3KOb4up/Xn7DNX/eUf15+fta+IXkG9RP0+aMVfXLZzWiPfe1znmPAAAAAABv8P8B3DyvYsoZ2VsAAAAASUVORK5CYII=" height="600" width="800" />]]>
  </system-out>
</testsuite> <!-- testcases.QuickLaunch -->
