<?xml version="1.0" encoding="UTF-8"?>
<!-- Generated by org.testng.reporters.JUnitReportReporter -->
<testsuite skipped="0" hostname="LAPTOP-JEI8AS0O" name="testcases.QuickLaunch_CB" tests="6" failures="0" timestamp="2022-09-25T13:14:00 EDT" time="71.281" errors="0">
  <testcase name="VerifyQuickLaunchItems_003" time="10.694" classname="testcases.QuickLaunch_CB"/>
  <system-out>
    <![CDATA[<img src="data:image/png;base64,iVBORw0KGgoAAAANSUhEUgAABVUAAAJeCAYAAAC0+uXyAAAAAXNSR0IArs4c6QAAIABJREFUeJzsvXmcZFV99/8+99bSVb13T3fPvjAwDAw7giigovgkEoNLlCiaR/MkRkkkiMqTxecJMcujCXHDRDSJJjFofsFoFCNGkRhZhEFggBnAWWGWnunpfa2u7d7z++NWVddyb1XdU7e6u6ru98W8vlTVuae+9fncz/f7rXNP3xJSSolvvvm2fJaYhbmTyLlh5NwwzJ7M+OOYwz9DJGaREoSgwGsats8LQAICgUSW9QBCCKSUlX3R8fnvVOJtA6vgy81XbJWG5/sqLDfcTdhuwpDqOFfl846vDedqeVTD2S1/rnFW4lEN5xXTS7100gp6sTm+pfWixJ+vF7f8tYRePNFJi+rFjU5aQS/10kkBj02qFxVz8/aucV5hvdRLJ6tAL7Xh7Ja/+uplefowj/Tim28Z0790goXYIhNTsySSaQDCoQD9vV20RyMIf1HVN99WkZkp5LGHkQfvwzx4H8wcx6lwCAofuyl0mtAUGpbla7SqspoaFo8arTLz1KNBtPf1b7S8bAzL81j/RqseX6Qc9eISZ9f9vTLOFXyJrYBe3OikFfRiO48HOmkFvSjA3dR6ccWf+7zU1HqpAEDL6cUT/lpULy7hWz69qONck17qpRPFvLT69OKRTlaFXtRxdsufpzrxraVt8dMHGT49bvvahqE1/qKqb76taht/AfPgfRjPfQMx9pxtodFEtj64a0Q0TXNVGJezoJeYx43k8hT0OjTsNjwuTwOshrNb/mr5olE9j/Vo3Ouol3rppBX0YnN8S+tFiT9fL275awm9eKKTFtWLG520gl7qpZMCHptULyrm5u1d47zCeqmXTlaBXmrD2S1/9dXL8vRhHunFN98yduKPniSeSNq+1hYO+YuqvvnWGCaRL3wb48E/hYmDtoXDWih1X+ig2gK6fI1WlZDU0LB41GiVmcffqarCY/0brabYSZSFQxnnCr7EVkAvbnTSCnqxnccDnbSCXhTgbmq9uOLPfV5qar1UAKDl9OIJfy2qF5fwLZ9e1HGuSS/10oliXlp9evFIJ6tCL+o4u+XPU5341tJ25A8ewzTtTxpNE2jLHI9vvvmmZAJxzlsIvO9xtOvuRHaszdRRS9zZQmaaEmSFRqTIA5imaV8Yi8blPEW++PV8Lxy83XinCidtfLkCWexLpvM2Xjs8nPCuhHOBr4JHr+O2w0MV5zzAnX1BX1jhfHIZt51XxbliY2nHiwfxlsNDFeeG0EuVOJflsVweazS92H6P8iBeJzyceGlEvbipK054lxtfMu0q14sL/lTyktvzrqH0UgEP1bzUsHrxgD+VvFQu7obRi2KeVs1LS4Db+GKdrIRe6lVXFPPSatOL1/1jOTzqrZdacHZ73inXFd98KzKnBdXsa/6iqm++NZJpAbSLfp3gTc+gveZPINILYBU4ZM4jBaZdgRM2PlMgSxZWi8Zl3wdAUOSLX8/30sHbjc/MV2LCxjs1KHbjS6bzNl47PCrh7YRzgXdqUOx48ShuOzxUcc4D3NnnzVv2PFKI286r4uzIXzm9eBBvOTxUcW4IvVSJc1key+WxRtOLzbyexOuEhxMvjagXN3XFCe9y40umXeV6ccGfSl5ye941lF4q4KGalxpWLx7wp5KXysXdMHpRzNOqeWkJcBtfrJOV0Eu96opiXlptevG6fyyHR731UgvObs875brim28uzf/zf998a2SbHyH9zXdhDj+O5lTIECAyj8tdcczzQMk8ZTsCKUG49BU7jDyrNLz4SmQFyw13E7abMLILeNXgXYa3sld8M8fXhnO1PKrh7JY/1zgr8aiGs1sePdNLvXTSCnqxOb6l9aLEn68Xt/y1hF480UmL6sWNTlpBL/XSSQGPTaoXFXPz9q5xXmG91Esnq0AvteHslr/yOBMIYfZugvYBZHsvBNuQgTBEepGahpaYBzOJZhrIxVm09CJi9jSaTC9jH+aRXprdpAlmGmkaYBhgpMFIIxML1v/7lrNDv/do2df9RVXffGt0M5IY330/xvP/hsgUEqcGRRPVNyxQXFiXr9GqympqWOr/haQeDaK9r3+j5WVjWJ7H+jda9fgiZe/rqJMsHMo4V/AltgJ6caOTVtCL7Twe6KQV9KIAd1PrxRV/7vNSU+ulAgAtpxdP+GtRvbiEb/n0oo5zTXqpl04U89Lq04tHOlHUC+EOjP6tiL5NGL1bEHqwer4yXpsfQVuYQsydRksv1rWuVH26+uZs6QQyEUMmYpCMr3Q0K27+oqpvvrWImbvvJP1ff4SQJhJpv3NVZhdMq2skrf+s45ezoJeYx41kLY1T9QW9Dg27TUO5PA2wGs5u+avli0b1PNajcS893jO91EsnraAXm+NbWi9K/Pl6cctfS+jFE520qF7c6KQV9FIvnRTw2KR6UTE3b+8a5xXWS710sgr0UhvObvlbwtUMRjG3XIa57hyEFqheH2V4RAi0qeMEJg4jUrHVrRffLDNSyLlJZHx+pSNZMfMXVX3zrYVMHv0JqW/9T8TiVK6Q4VDgqr0lAGQL7PI1WtV92GoDsDu4/l9I/J2qKjzW0tBWx2NT7CTKwqGMcwVfYiugFzc6aQW92M7jgU5aQS8KcDe1Xlzx5z4vNbVeKgDQcnrxhL8W1YtL+JZPL+o416SXeulEMS+tPr14pJMq9YIewth0CebGi0APuOOnol/COTD1ItrYYTSZ8rSuVH26+ubO0glrcTURW+lIlt38RVXffGs1mzlG6t/eAaf3FRQyzaER0bTKjSQClrOgl5jHjWQtjVP1Bb0ODbtNQ7k8DbAazm75q+WLRvU81qNxLz3eM73USyetoBeb41taL0r8+Xpxy19L6MUTnbSoXtzopBX0Ui+dFPDYpHpRMTdv7xrnFdZLvXSyCvRSG87u+DOHzia99Qq0SJcjL1OJJCPpADN6GykRJCkCTIX7EWj0JKYIyhRBmaLHWGRdIEV3KOCsEyNNYPwg+vTR1acX32xNxueQM2MZvlrD/EVV33xrQZPHHyX1tV9CmOmSQohNw+K4sFrgyYyrf6NV3YesNgC7g+v/hcTfqarCYy0NbXU8NsVOoiwcyjhX8CW2Anpxo5NW0IvtPB7opBX0ogB3U+vFFX/u81JT66UCAC2nF0/4a1G9uIRv+fSijnNNeqmXThTz0urTi0c6qcBjeusrMDZeiGZzz9TpRJLjRoQTwTUsBDsQwpou9/EkCKFl5sp73hS0p+ZYnzzN5kCC7nDAFmcxdYLQ6b2e1JWqT1fflE2mEsjpkZb5QSt/UdU331rUzD1fIXXfLYU/TpVpNHBoQKDyFV+rYNavoBcXYygzTLFA1tI4VV/Q69Cw2zSUy9MAq+Hslr9avmhUz2M9GndnvdTcANdLJ62gF5vjW1ovSvz5enHLX0voxROdtKhe3OikFfRSL50U8NikelExN2/vGucV1ku9dLIK9FIbzpW9qQUxzn4t5prtaJpegGMslWav0cVwZGNBTEIUBi8k5BZVRWZ2CSCQGYyklGxZeJGdgQWioUBJ4NrCOIETTyPMZHWR11svvpU1aRowfRqZXFzpUOpu/qKqb761sBn/eSvpJ/++cGE1z9vdEgAqX/G15qtfo1WV1dSw1P8Lib9TVYXHWhra6nhsip1EWTiUca7gS2wF9OJGJ62gF9t5PNBJK+hFAe6m1osr/tznpabWSwUAWk4vnvDXonpxCd/y6UUd55r0Ui+dKOal1acXj3Riw6OMdJPe8VroWQdoOZyTZpoD8TAHOraX/VAWZhIzbQACTdMIBAIgredBIIXIcZ5dejpr4RBnhxMENb0gPBZnCQ4/hUgt1syfpzrxzcEkcm4CuTCz0oHU1fxFVd98a2UzU6TufiPm8Z8iMhWkuPHQbBoRbBqZ4kpUsGO1xoJe6ovM40aylsap+oJeh4bdpqFcngZYDWe3/NXyRaN6HuvRuFfWi3IDXC+dtIJebI5vab0o8efrxS1/LaEXT3TSonpxo5NW0Eu9dFLAY5PqRcXcvL1rnFdYL/XSySrQS204O3tTD2Kc90Zkz4YCXqYTKZ7W1jET7scUhTFYDzSklKTTKaamphgdHWN+bg5dQE93N729PXS0dxKJRBC6hhRaDvZ860mMc7F5iu6QXoCziM8QPPazyjtW660X36o2c34S5qdWOoy6mb+o6ptvrW6xcZJffhVy9jgCAaK0YXFcWC14vrBQI0R1/YJCA1CV1dSw1P8Lib9TVYXHWhra6nhsip1ENo2pO5wr+BJbAb240Ukr6MV2Hg900gp6UYC7qfXiij/3eamp9VIBgJbTiyf8taheXMK3fHpRx7kmvdRLJ4p5afXpxSOdFPFonH0txtqzESxtlJlOpvhp6CxSehgpsu+djUKAhPhiglOnTjEyMsLRY8c4NTLCYmyBaKSNbVs20xYO09EeZfOWTQytW0+oLYKlRcGSJgEhCaaTXJU8QFcwUBCmNnea4PBTNfHnqU58K2sSiZw+DfGFlQ6lLuYvqvrmm2/IYw+T+ufrChqO4h+nKllYRZC/AGtXkUS22NZQ0O198QeoMNxlgaylcaq+oNehYbdpKJenAVbD2S1/tXzRqJ7HejTupcd71gDXSyetoBeb41taL0r8+Xpxy19L6MUTnbSoXtzopBX0Ui+dFPDYpHpRMTdv7xrnFdZLvXSyCvRSG8723thwEeaZV5J/wflY3OSpjnOAjG4QIDXrcSaQyYkJ9vzsKY4cPsLc/AJpI40hTaQGPV2ddEbbMNNJwgGNoaEBevoH6B8aYt26DQTDESTWfAiT/PuyXjL3AhvDoiBSffwggfFDNfDoDmffajRpYk4MQzq50pF4bv6iqm+++QZA6u7rMI8+DHkNR/FCavkdq/aFGlFhx6pCA1CV1dSw1P8Lib9TVYXHWhra6nhsip1EWTiUca7gS2wF9OLBwkNT6cV2Hg900gp6UYC7qfXiij/3eamp9VIBgJbTiyf8taheXMK3fHpRx7kmvdRLJ4p5afXpxSOdZLzZuwnjvDeCFsjNM5NK8ePI+QhR/L7C+hEqKRkZOcWDP3mQE8dOYKTTJFNppIC0YaAFg4SCIcxkgu7Odtat6Segw3wigRYM0j8wwCUvu5zevjXWvEICZsGnfM3CvpIdq4ETT6LPjSrx56lOfKvOjBTmxAkwzcpjG8gqLapqyxSHb775tsIWeNUfIjMVJtvAmGZhA2LmNzqZcciMhyXPkpdSlr6e74WDtxvvVOGkjS9XIIt9yXTexlvi8/Ar8XaNpJMv11Ai6hK3HR6qOOcB7uwL+sIycSjEbedVca7YyNvx4kG85fBQxbkh9FIlzmV5dOKlEfVi+z3Kg3id8HDipRH14qauOOFdbnzJtKtcLy74U8lLbs+7htJLBTxU81LD6sUD/lTyUrm4G0YvinlaNS8tAW7ji3WyEnqpV11RzEurTS9e9o9SD5I667Wg6bl5k4bBI+GdCKHl/dMRQkMTAk3AyKmTPPjfP2Z0dIS2thCGkaYtEqK/v5f2jiht4RCxxQRzsQSxxRRpqZFMmSzMxxgfG2PvM8/yyEMPMzY6ChmehNAR6AgCCBHgp5GdpEyzIN704DnK551yXfFN3fQgomvNSkex7OYvqvrmW4uY2HwV+pmvtwqRyDQsonRh1SpES6/LXEUCkbl8KSj0ufcQotRLB283vmi+pYltvFODYje+ZDqH91eMt8QX4VfgixtBp3FODWbROK/jtsNDFec8wJ193ryO8SrGbedVcXbkz4FHr+Ith4cqzg2hlypxLsujEy+NqBebeT2J1wkPJ14aUS9u6ooT3uXGl0y7yvXigj+VvOT2vGsovVTAQzUvNaxePOBPJS+Vi7th9KKYp1Xz0hLgNr5YJyuhl3rVFcW8tNr04mX/aKzdhYh0Fsz7U9aR0tuw7q1q/bNeswJNxGPs2/ssR198iW1bNjE3O0cwFKa7u4e2tgiaplk7V5NJ0obJ/EKMkdOnSaRTBINBgoEgHR0dJOJx9j3zLBNj42hCQ8ss3AohEAjSeoRHxdrC8yQYxVhzVvU85uGgXFd8q83aOhCB0EpHsazmL6r65lsLWeCaj7N0BXepEbFdWM2+nvFSll6ZbfkrvsU45M1b9RV2p3FODWbROK/jtsNDFec8wJ193rxlzyOFuO18rTtRHBt6O148iLccHqo4N4ReqsS5LI9OvDSiXmzm9SReJzyceGlEvbipK054lxtfMu0q14sL/lTyktvzrqH0UgEP1bzUsHrxgD+VvFQu7obRi2KeVs1LS4Db+GKdrIRe6lVXFPPSatOLV/o2tQDmxosK5t0f15hpW4NAIEQAgUZ2cVVDkIjHOXLkEKdHT9Hb3cXczDRCwOJikpMnR3nxxWNMjs+wsLBo8RYAQ6YwSCOFRNc1dAQybTB+epQ9T+3hoQcfZPT0KFZY1uJtdofsbGSQ/XGtIO507xakFnR93inXFd9qMoGAzr6VDmNZzV9U9c23FjIxdD5ixy/lruSS15CULKxSesU3e2nPdieAtLky3OxXfMvhgT2OJY2g0zinBtOGl7rukKgB5zzAnX3evGV3DijEbedr3Yni2NDb8eJBvOXwUMW5IfRSJc5leXTipRH1YjOvJ/E64eHESyPqxU1dccK73PiSaVe5Xlzwp5KX3J53DaWXCnio5qWG1YsH/KnkpXJxN4xeFPO0al5aAtzGF+tkJfRSr7qimJdWm1680re5/gJEW0duvpRpcji6FU2A0AS6MNCFgRACU2iY6ThPP7GbF/cfIDY9SVdnFNMQpJIG8wvzzMwvMLOYJJ42iSdMYukkMihp74ySMk1Ojk5y4uQ4J4fHGTt5mtOnTjE2PsnP9jzL3n3PkYwnrNg0AUJY/y80XuzYTso0l+LXQxh9W1yfd8p1xbeaTYTbIRRZ6TCWzfxFVd98azHTd73NWkAle2XdYWEV6x6rbq74mpmbUrfKFV9XOyNwaASdxjk1mEXjvI7bDg9VnPMAd/Z585bdOaAQt52vdSeKY0Nvx4sH8ZbDQxXnhtBLlTiX5dGJl0bUi828nsTrhIcTL42oFzd1xQnvcuNLpl3lenHBn0pecnveNZReKuChmpcaVi8e8KeSl8rF3TB6UczTqnlpCXAbX6yTldBLveqKYl5abXrxQt9SD+Z2qWbnO5IMkA5EESIAQgMBmgZSA10TzEyOc/LoEUjHGejuZGJ0hGQqxXw8zUJakNR00sBiMkU8GUdLawTjJum5GfREnLCZpiMoWNMRYKgjxOa+DtZ3txNIm4wMn2ZxMW59DxUCoWVuAyAEqUCEl9KhApyN3q2uzzvluuKbJya6+lc6hGWzwEoH4Jtvvi2v6duvRWgapjTRbBoT05RoWt5jKTPjyIzDegyZxifzPIVXCnPPSxc+M1+Jubni69SwFExnvWDFW+SlC5+dp9g77Xgod4XdqUG0azQL5lXHucQLG18DzmX5s+GxFryr5VEdZ7f8ucfZrVfFuSH04kYnTjza6rBB9WJzvCc6aQW9uKkrZfBuGr244s8Dvdjxl8djQ+mlAm/qealB9eIBfyp5qSn04oa/PB7rrZdacK5JL/WqK4p5abXpxYu6YnavR4SjOR6TZpoj0TMQIhOgsP4JCUJoIE3aAoI1PR2kDZNAoIeF46NMT8wzGzcslpJJQsKgLaARFYKucJi1/V1s2zrI4FAv0fYIwUiYvs5OgkISbe/kiWd/znd/9AgTo8eZmZ2iq78HMvjnn4cvdm5n6+ILBDVh4awHkZ1DiLnRqvOdsk5888REIIzUg2CkVjqUupu/qOqbb61m4W5Yfyli+ImSBdSChdW8Rqdwx2rmcabBIfu8yL6eMVH0fLHHxucqXZG5bUSKfcl00houJVa/UYXHxuPg3TbsTt6uwaTw+FpwLvEO86ji7JY/R5yrwrtaHtVwdsujCs5V85frFNVwbhm92BzfEnrxRCdNpJd61ZVG1YsL/lTyklv+Wk4vbvhrJr040VerThpVL4r8qealanmsLS/VoJd61RXFvLTa9OJFXTHXnFHA4/GEIN3Whi4y76Dp1rsICdK6q6qOSVCDmdkY8ZRgcmoWQ8TpDGt0hTS6goKhrhBb1w2wadNGNm9Zz7r1G+nuXUO4LUKkPUogEkILCjQjRSKRpntggNMTkzzw+PNMTEyxcetWhNCQ0vp5LISFZzoQYTitszUkczgbHUME5ka904tv9bdwFGIzKx1F3c1fVPXNtxa0wNm/THL4Z2iidGdq1puy+HmWdqxmGginK4VZa+YrvmQaN7DxItMQ2nm3DaJdo1kwrzrOK7rzzobHWvCulkd1nN3y5x5nt14V54bQixudOPFoq8MG1YvN8Z7opBX04qaulMG7afTiij8P9GLHXx6PDaWXCryp56UG1YsH/KnkpabQixv+8nist15qwbkmvdSrrijmpdWmFy/qiuzZWMDjSKA3M4+WeQ8NISQSHQ2BwEDKND3dnWh6iKPDYwR0jfZwgAt27WD7UA/9gQTru4IMdHfSv26A6EAPensXobZORLAdoQUx0UibJjogNBgaWsNll57H48+/xMLCPKZhEAwEEAJrl6ymIaVESsnp0Bq2MpbD2Yz25fCohj9lnfjmmYm2dmQLLKr691T1zbcWNP3sX0KwtOM0/16q5DU4BfdehSWPRErLFzxv54WDtxvvVOGkjS9XIIt9yXTexlvi5RJuJd6ukXTydg1m0Tiv47bDQxXnPMCdfd68Zc8jhbjtvCrOFXdM2PHiQbzl8FDFuSH0UiXOZXl04qUR9WIzryfxOuHhxEsj6sVNXXHCu9z4kmlXuV5c8KeSl9yedw2llwp4qOalhtWLB/yp5KVycTeMXhTztGpeWgLcxhfrZCX0Uq+6opiXVpteatZ3tBcZ6co9TpppxqNrEWLpPqZCCDShWYubAqRhkIzFCQUCdLRHEUjO3XEGF529jcsv3MFl55/Jmev7GeqJ0BHRCGgGpEAzg2haACkkhkxhyjSaAcIQ6FIS1Q3W9XYw0NtFLBbDyPwglZYXR/bfRPsGUqa59PmDEWS4s2o8lOuKb95ZqA00faWjqLv5i6q++daCJvp3QP9Z1oKqdFhYpfDKsHWg5a0rpoDMPBalPtvoILH3dsdl5y0J2MY7NSh240umc45bJd4Sb3dlHYdG0GmcU4Npw4uXcdvhoYpzHuDOPm9ex3gV47bzqjhX3CFhx4sH8ZbDQxXnhtBLlTiX5dGJl0bUi828nsTrhIcTL42oFzd1xQnvcuNLpl3lenHBn0pecnveNZReKuChmpcaVi8e8KeSl8rF3TB6UczTqnlpCXAbX6yTldBLveqKYl5abXqpVd/GwJkIRO7xSBKE0DIz62iajhACoUmE0BHoYIKRNtA0QaQjyuC6ITasH6K/I4IZm0cDtFAYMxBhUYaZi+sk4pCOm8iURDdTQApppNDSBpoJAokmU0QDkr6uKAFhcW3xDUJYMef/m0oX8md0DlWNh3Jd8c0zEwgIRVY6jLqb/+f/vvnWoqZvuJzU2AE0benHqApuBUDhFWTIXvldqlD5V5IRLj02vqDy5ZlTIyJvQvvIJxFtRePjR5HP3op5/wMAiHcfRWv/HsaXfhuwjmH4Jox/+TpCkGnIsn4z4jf2IhK/j/HPdy09j43HwZe7kl7sKeOdGs2842vBucQ7zGOLPzbeyRz5K/SOOFeFd5VeEWe3PKrgXDV/OR2q4eyWRzWcV4FebI5vCb14opMm0ovrulIlf42qFxf8qeQlt/y1nF7c8NdMenGir1adNKpeFPlTzUvV8lhbXqpBL/WqK4p5abXppda6QihqzZN5PCvCQP4uVQ1NWLd5QwgkAgONRCpJIpVCSg2hwciJk2xd00swEIJwJ8Onxxg7OUwqLQm3tbFusJuNa+dZty5Ge2cI9BALKViIJUlLjVAY2kSCpGkghCQU0NEzC7oy8+GzC6RZm9DaGSS2hLce9E4vvi2LiVAbMj6/0mHU1fxFVd98a1XrGESIpYVUu4XV/B+rAjKNC+SuKGI91kTmcZEHQOYdV8kj7OucsPF5fYx8thvzu9nnNyNe/zXE5Xehnd6B+az9xxdbbkLr+RfkjMwU8Iy/7AuItcDRTGHPNGy2PhNIic80B66usDs1iHaNZsG8LvC14y/f2/HotjGslr9iHmVteJd4h3nUcXbLn3uc3XpVnN3yqIJzzXpxoxMnHm112KB6sTneE520gl7c1JUyeDeNXlzx54Fe7PjL47Gh9FKBN/W81KB68YA/lbzUFHpxw18ej/XWSy0416SXetUVxby02vRSa10h2mvNk3k8o3dYf26PQGgCDYEpMp9HSExNkBIwE1/g5OlRTDROnhpFplJ0dG5k7Yb1TCzEeWjPC8xMzpBMmszNL9IRDXDmhn4uP28T525fD0aQI8fHeebFY4wvxNmwfi07Nq1FCkksnmCgrQ09EwcC8m9HIKXENE3mgl0IubjEX7izqnwX/OgjBAYLcZSjPyL197eTnq6gE1u7gfCf3ILYdyXxe0pf1a7/FKGXXYwWCVvvtXgK84m7SN77gPNbXfV5Im/qx7jtRpL5/3/D14le1ofxnV8k8bDbOFehtcCf//uLqr751qKmdQyVNCAFC6vZxxQ2KiAw8xoeMq8j7L3QHF7Hxuc6iiKr1HgUPD6GvP8ziHP/ATYDDouqBC5AvOGdyP/v6yxd2b0S7ZLLIB23ps09L63piz0O3m3D7uTtGsxiPir5Mjg3zM67qvCu0ivi7JZHFZyr5i/3zUoNZ7c8rvqdd0482hzfEnrxRCdNpBeVulINf42qFxf8qeQlf6eq+7zUEnpxoq9WnTSqXhT5U81L1fJYW16qQS/1qiuKeWm16aXmuiKsOz5mH2uaQNM068/+sRYxRV5A2e9uC7FFJqZn0bUgkWCAneeew4UX7KKrq5PHfvgAp0dOM7huI23RLl74+X5eGptlejoG6UU2bViLEVvg53sPcPTUKdqFWuevAAAgAElEQVTWrWOocw0Dnf0MT57GlNDZ1UUgEMjxLQQFvOYvsJI7L6iOR0Ae/hyLX7rH+ljr3034AzcRfOtjpL/8/QpCcWfiDV8ifPUW5M/uYPGe7yNZi3bVTYTO2wU84H7Ce24kZrNwWw/T33Mv4fP6y4yYIH339SSfqeFN/EVV33zzrWmtfShXeGwbFCyfXWiVkswOVjKFF5au0GYeC+txvkdmC2QVPjdfkQkbLx0eS0B0W9nNps/Jmjz8I9j+24jur8OMdaC4/A8QPXtheEfu85DBw9Zn3rCqnRFU0RDaNYh2jWbBvC7wLcK52h0urhrDavmz4a0WvEu8wzzqOLvlzz3Obr0qzm55rHWHhJJe3OjEiUdbHTaoXmyO90QnraAXN3WlDN5NoxdX/HmgFzv+8nhsKL1U4E09LzWoXjzgTyUvNYVe3PCXx2O99VILzjXppV51RTEvrTa91FpXCHda82QeLwbaQYAQmedEdgHTCiGARljT6QhHkSZIDfr7+7j4ogs4Y9tmHv/po7zwzF5mZmLMxlL0rlnDueft5Jmn9xGbmmZqIU24e4DOgTaGXppk/+Q0c4bJ4mIc0gadne0MrR2it68XPRBAagKEmflcFPC4GOxAJPL4C0aqync5y+J68m6Mk+9G77sEtvQTuuHd6IOdFkWLB0l97b2k9kPotkfQ5z7H4hetVc2lxw6a4mKCF50HR/+Z+D3ZxdoRzIdvJ57ZZSqu+Djh665FiwDMYf78KyS+fI+zVIt3rZ6XxJhci76h0zr+0duJf2s38HKCH/wYwS39QALz58/BzrOQ3/lFEmO/S/itb0bvCwMJ5PB9JD77V5hFb2UePoo8rx9REkTGZo9iHnN6sUprgUVV/4eqfPOtRS27U5VM4QJR+FjmNTrSSvumaXmJdY1QZsqBlBIpyY3L9xKZmZdCj413Ki/Sxgunx+cj3vTb0HYUWe6q2vytyJGzEL98U+b9r0Jc8jLY/8eYeZ+rmnhLfB5uJd6ukXTydg0mpbzY4qsYd4kv1/AVeydzGl80r2O8inHbeVWcK+6YsOPFg3jL4aGKs1sePYvbjV6qxLksj068NKJebOb1JF4nPJx4aUS9uKkrTniXG18y7SrXiwv+VPKS2/OuofRSAQ/VvNSwevGAP5W8VC7uhtGLYp5WzUtLgNv4Yp2shF7qVVcU89Jq00ut+jbz7qkKEAv1WAEIidDI/UOIzG0BTELSpJ0gYS3E4vwiwWCQwbUDxJMJJsbHWTswxJqBQQaGhjhj+1be9tY38vY3XM2FOzZjxJPMz8foXtdP/7b1hPrXMDI5SdtAD4dOHINQmMF164lE2hFYS8aaBI3s4q61kxYg3tZTwJ8MRqvDI2sZnMUZH0Bf34mcfAqOPof56OeI33YlsdveQ2ruLALX3GAPfkW7Dq0P5KjTqusNhK67FnHyLhZvu5LFu3fDzg8Qvn5t9W8R2Yw4dgeLt/0KycNJtIveTQDQ3nUbwS1J0nf/CrHbfot08Kzc4l7gmuvQA7utz/iZOzDGkrZTy4dvJv6dp+xPvcWnSP71zaSnqg/V1rTmX3L0d6piCXQ2FWM2GWMuFSNppgAIaAE2RPvpDXWucIS++ea9iY5BqKZBIXulc+nKn+srvtkdrvW44guIC2fQL1waLuMH4L/ehTxeDoFjyB8/gHj7/0Lb8kXkhj9GdDyB/OLDiF9bulKKLHMFOBNIVTsjKINzTTskqsC1lh0S5RrBClfWy/JXzKOsDe8S7zCPOs5u+XOPs1uvirNbHmvdIaGkFzc6ceLRVocNqheb4z3RSSvoxU1dKYN30+jFFX8e6MWOvzweG0ovFXhTz0sNqhcP+FPJS02hFzf85fFYb73UgnNNeqlXXVHMS6tNLzXXlew8mcewtHhp4Q169nMJSQCDqbGTHNv3LLs2buDAsePEFmJIPUBbJMjZZ2xk54ZBxsYnSBmSdRvW0jZzgivOXE9q9BQHD88xevIUO3bs4OKXXcrgtm3EUyYDvT20h2BkYoLA8Cx6MIAMCBDWfV1FFixBjsfs53eb7wDE9luI/uUtmU+fsO6p+q3vQ9+b0V7xAYLX/R9EMIvyWXZM1m5XXI0WmcB89G6L2mdux/wfj6BvfjNMVjnH4nOkv2XdmzU9OU9oez8aoK1fB8P/SvKZEQDSTx8kuN36HMbJEeT2iwl94BMY+79N6mt3OqYG+fDNJNZ/nfBlW3LnCqmjpL/mwYJqi1hLL6oOx8Z5eHQfD53ey/7Z40wn55lLLeYWVcNaiLuv/n0u7fcXVX1rPhNF91TN/ihV7keqKHw+U+EsLyyfu7eqVcEcvWmaCE0rfB4bn+soiqxC4yGf6cb8HraNSDmTh38fefpniFfdDt3nw3OXIYX1hoJsQc94bDwO3m3D7uTtGkwKjy+HeyWcS7zDPI4NX7F3BLoMf3neEeeq8K7SK+LslkcVnKvmL/fNSg1ntzyq4bwK9GJzfEvoxROdNJFeVOpKNfw1ql5c8KeSl9zy13J6ccNfM+nFib5addKoelHkTzUvVctjbXmpBr3Uq64o5qXVppda6wqJBWjrzD2OJGdJRfuwFlaxdqrmPoYGMkVbMMAZmzbR2d/NXDzGeGye4ePH6dmxnXWD/Ziz05y5+VyCgSCGmUamDcZGJ0guxpCYpBKLmKkk0a4o2zesJRZPE4qECYUE4zOztIXChENhNE3HRCI1kDKDqsyCIWmLTxfwJ1KL1fEIhfdUzbcbbiAwOE/6Xz9I8olDBD/0CMEgNnZxFatl92FOXoe+/ncROC9cLrfJe99LfN8NBK6+Gv2qTxC85jmSf3QzaYfx5j0fJtX3j4S2W7cYMO77MMn9HgVjFt90oPms+ffiOtiR+VO8/b//hFse/xv+7eiD7J16keMLY/SHu5CmJJZOcFHfdi7qO3OlQ/XNt/pYuLugUTAzjYlpZjwZn3keWPIseZn3fLaxKBgvHXzxuLx5S0zYeFnhcb53MCGOI//rm7DhVrTAw8j/PG7Fh038ZeIt8SJT+O18cSPoNM6pwSwaVwvOdnGXeKdG0AXOjuOL5nWMVzFuO6+Kc8UdEna8eBBvOTxUcXbLo2dxu9FLlTiX5dGJl0bUi828nsTrhIcTL42oFzd1xQnvcuNLpl3lenHBn0pecnveNZReKuChmpcaVi8e8KeSl8rF3TB6UczTqnlpCXAbX6yTldBLveqKYl5abXqpVd9acr7gcbsRQwiR9w+kAFMDgQYiQCDSQVtHD/ue2cdze57m3G3bGezuRs8EPj8/z+LsLCHShHUQWBtyZmdmGFq7jq1nbEUTacx0klAwSE9fL9FoBAwTYZpsWLuWrvYONEBoAlMIzMzKlBCS7KJqJDVXwJ9ILVaHR9bscI5n/hR+7hCc/TH0wbzhKRC9F1txXXgDWp89J0u2h9TT+2DDdYRveEPmLdaiXfVx2j7wu4jHHsJc7Ed7xbsRgLjw42iDCeSxb1eauKKlT56CDa8idOFa4EwCLzsr9xG1N3yUQN9TpP7pZuL37EZGthT8VWepjZD+4u2kfr4P46HbSTw8UnN8OTOclnKbx1pyp+r+meN88PG/5sj8KQA0Ibhy8Dx2dW/hR6f2sGgm6Qt38gfnvxNdtOy6s28tYPkNiaYt/SiVaWa8XNqxCpkFVpYWWu2uFGbno8STKWweX/Etfh0bX+7zH/ttzAdBxD+Z+VwOV4Sx8Tj4WndGuLhyX4pzkS+Dc7VX7sviXgXOZfnL87XtRKnSK+LslkcVnKvmTyropJJ+yvBY6w6JFdOLzfEtoRdPdNJEelGpK9Xw16h6ccGfSl5yy1/L6cUNf82kFyf6atVJo+pFkT/VvFQtj7XlpRr0Uq+6opiXVpteaq4rpmHNk3msaUsxa8L6w3sprDURoQkEGuGOLtp6e5mfmyGxMM+azk42rhkkEV9gZmaWsckpZDpJW1DQFo0SCgcR0S7G5pPsOnsb8wnJzPQCUTOAFowQDKQxTZNUKkG0LcTQYBdGOERSCExh4SFMEyGkhauQCE2i6SCNJbyz511FHrNmh/O9d5E64+MEf/MRAqmjGKNzkNmpmvr+fejvuY62Ox6BxYOYs/acFPDz/feTCH6K0MtuI3LZ/7GeWzyF+cRdwAMk79tF+LqbiNxxE9YPVX2RxL0jcFXlucuZ+bU7SA18nOC7v0ng3QnMnx/EZAukQXReQuDqtxD8VYAE5uF7SJX7rREAdpP68u7agrIzaXg/5yqzllxU/cfDP2Tv1BEALu3fwW/t+CUeOLWHLx/6PqlM0nn3Gddyfu+2lQzTN9+WwazCk1tI1fIaFAobFYDcFcDsY4RV1kSel1ZRzn+c85XurZqZzybMUi8dHjs1LHbTisyAR38n93kp+bzS2WfeoMTn41fs3TaIdo1mwbxl8KyAc4kXNt5tY1gtfza81YJ3iXeYRx1nt/y5x9mtV8XZLY8qONesFzc6ceLRVocNqheb4z3RSSvoxU1dKYN30+jFFX8e6MWOvzweG0ovFXhTz0sNqhcP+FPJS02hFzf85fFYb73UgnNNeqlXXVHMS6tNLzXXlcVpZM/G3OOu1BzZW2UKYb2vjkCXAomGIUBE2ugaGqCnv49N6RQv7j/AjjPPINodJZZMMTm3SBBJd0eUcKSdtkgHj+x7nJ+PznLkx7t5em+Ey3edya6dO9hxXhQR0EGAaaQJBDRCeoR5qYGmZXa/ZmJBIpAIYQKSzuRMAX8iMVdVvkvecWUZnHeT+uwvkrLjbv+fE//DP7d7hcQf3WP7PIB570eI3+vw4mO3E3/s9tLnH76ZxYcr/P89NxLLf9v8x73rkM/czuJndyNZi/6uvyacGiH1GBiP3ciic7jLa4a/qNp0Fksn2Df9Im16iBu3vZYbtr6afzv6EN85/khuQXVL+xBv3XwVIpcJffOtOS3beGR3qDo2OHnP5yqSFOTurZr/erUeG5+reMWB4lAY78L89F2ljUiRl3dvYSmd34Xxqbus4VJi9ReF3vznzZnHLD2PjcfBu23Ynbxdg1nMRw04N8zOu6rwrtIr4uyWRxWcq+Yvp0M1nN3yuOp33jnxaHN8S+jFE500kV5c15Uq+WtUvbjgTyUv1bTzrhX04oa/ZtKLE3216qRR9aLIn2peqpbH2vJSDXqpV11RzEurTS8115W49ef/2cedMp43u8Ba8xAIYb2bEAJT02jr7WP7rvPZufNcThx7ieHjxzh3zbkEAiESKcn0XIyu2VminR0ETYP9Bw8xvzBP2JCIwU7C0U7a2zusxdpUClOmMFIJUoYkresZljPvLiUILQNB9i8mTfqMRaSeh7eR8k4vjW6Dm9Gv+ADB6zqtszB1CuOxu+wXi1fQZCpeeVCDW8stqk4l51gf6ed9Z13HRX1n8tEnvsRPR58jndmWPNTWy52X/w5nd29a4Uh9820ZLFN4CnaoyrwfrSrwZMaB3RVfMt6qU3mP5ZLPFraGv+Kb9dl5ir3INIR23m2DaNdoFsxbBs8KOK/ozjsbHmvBu1oe1XF2y597nN16VZwbQi9udOLEo60OG1QvNsd7opNW0IubulIG76bRiyv+PNCLHX95PDaUXirwpp6XGlQvHvCnkpeaQi9u+Mvjsd56qQXnmvRSr7qimJdWm15qrSuBiSOktr0cIaxfgxrQTASadRsAITP/BCYBEBJB5lYA0Sjrd+2CuVlOjo1w8MVD7Lz4HCKRNoLBELMLM4yOTRKJBGkLBzln0xAd4SjrNm7i4gt2ccamdbS3BZGGgZFKYhgxUok4STOCoQdA6Hk/8JO7oSpISXbhtEtYsWb50+dOV53vlHXSKLb/ThKfuHOloyhrEgmJxZUOo+7WcjcMjehhPrLr7Vy/6ZXc+cK/8+DpZ3MLqtFAmD+84EZePnBOJnn55ltzW7bxME2rmGavvObunWpmvJS58ZBJkFDwvMx/Pd8LB2833qnCSRtfrkAW+5LpHN5fMd4Sn20Q7bxdI+nk7RrMonFex22HhyrOeYA7+7x5HeNVjNvOq+JccceEHS8exFsOD1WcG0IvVeJclkcnXhpRLzbzehKvEx5OvDSiXtzUFSe8y40vmXaV68UFfyp5ye1511B6qYCHal5qWL14wJ9KXioXd8PoRTFPq+alJcBtfLFOVkIv9aorinlptemlVn2zMIlYnM09DuqCvoWTeW8qEZmFVYTlNKEhdZ1QTz/h/kE6B9fTs2YITQugB3TC0TAJQzI2Ncfw8GnmZmfYvH6Ac7atZ7AjSHxylGMH9/PigQOMj4+TNg1MI41hClIigCl0636uwloEtRaKBdYajPW4b36YoKYt4ZyKIRJzVeOhXFd8886ScZDmSkdRd2u5nap94U56wx38eOQZnp46wnUbr+CMzvVcOXAOF/edSU+oY6VD9M23ZTT7P/23u7eqVYAKL71mLz7YXSnMPS8LPdL+eav+NcYVX6WdEZRpBGvaIVEGTy92SNSAc1n+bHhcjh0S6ji75c89zm69Ks4NoRc3OnHi0VaHDaoXm+M90Ukr6MVNXSmDd9PoxRV/HujFjr88HhtKLxV4U89LDaoXD/hTyUtNoRc3/OXxWG+91IJzTXqpV11RzEurTS9e1BUxfQKiPTkeB5NjzLJx6T1EZkFTLL2viU5aE+iRLvq2bMeYHiMUbiMY0glFQ8hQkNn5BIHJBYam5mkLBRBGjJ5oB93REO3tUULRKHo4hBSSNJIkAZKEAT3zOfJMWjxnbU18NPf5JaDFpgoeV+JPWSe+eWYyvrDSISyLNf+ianIBmU4iIt0grI25Qpq8RgtztehBHn0O03gS0fM02sBZyHOuQ3StX+GgffNteaxkAVXm/WiVXaMj8xqboucRRX6pQyt4XmhLr5f4XKUrDhR3jUixL5lOWsOlxOo3qvDYeBy824bdyds1mBQeX4K7DQ9OOJd4h3lUcXbLnyPOVeFdLY9qOLvlUQXnqvnL6UsN55bRi83xLaEXT3TSRHqpV11pVL244E8lL7nlr+X04oa/ZtKLE3216qRR9aLIn2peqpbH2vJSDXqpV11RzEurTS9e1BVt/AjpdbtyvK3VEryUjmOGIliLmwKEJLvQKQEhJRIdQwvQNbiWBZlCDwYIBiAUDmBqAeaSkmhbgIWEQf9AP2Cybu0QWiBMMNLOwLqNiEgbifQChmGSNIMYgTYkegY5kTv3yMaBRE/HGTTjkNupKtDmR3J4eKIX3+pvidhKR7As1qSLqhLzxFMYh/4b8/iTkI4jujegbbsSbcPFaGu2Q6QXsW4XUggY2Yd54EcYz/0HxvP3oZ/7S+jnvhHRObTSH8Q33+pqQmQWUDMLnZqWt3MVm3uqimz5E0hAY+l5aU2Ym1dmvSzyufezeT0zb2mgNt5tw1IwnfVCLVd8yTRuYOMz+NV2hb1Mo1kwrwPO5XwG5xXdeWfDYy14V8ujOs5u+XOPs1uvinND6MWNTpx4tNVhg+rF5nhPdNIKenFTV8rg3TR6ccWfB3qx4y+Px4bSSwXe1PNSg+rFA/5U8lJT6MUNf3k81lsvteBck17qVVcU89Jq04sndWXmJCKdgEAYgSCkaWyeOchLAxdk3jg/CKzfIpaCAGAKCEUiaL1dmNIgqAlCwQBoGouGZGxuga7JScKRMAMb1tLZ3Y0e6UCEOyHShiEkqbRJLJkiJSKk9TBSaOhIxxN209R+QrqWwxkzhT436irfKevEN09MppNgrLafzaqPNd+iqpkmvfvLpB+5C5mYg0AbItKNnBvBOPgAoq0L/aIbCFz8DvRd16Pvuh7SCcyxg5hHHiT9xFdJPfBJjOe/R/Ca29C2viI3tZSSyclJTMOgr78f0zQ5cvgwyWSS8y+4IDdudmaGE8PDzM/NE41GGBwcYmBwIJMAl2xmeppUKkW0vZ1IJMLIyAinTp7EMEzWrlvLxo0bS44BSKVSnBweZmp6mnQqTTAUJBQKEdB1pJT09fWxZmBgCRLTZHh4mKnJSeLxBJFIG5s2b6anp2fpsyE5MjcCSNZH+4no4YL3TBgpTi5OkDYNtnYMcXJxgng6icxkJEOahLQg66P9tAfaABiLz3Bk/hQX9W4nrAcdKdszeYiBtm42Rgccx/hWH8v/0//cDlUt77GUmYVTqwJlvVVpBXZXCrMNDZW8zbyNdMVX5M9T7N027E7ersHEO5wbZuddVXhXy6Mazm55VMG5av5ynaIazi2jF5vjW0IvnuikifRSr7rSqHpxwZ9KXqpp510r6MUNf82kFyf6atVJo+pFkT/VvFQtj7XlpRr0Uq+6opiXVptePKkrRgqOPgnbX5mbb71c4EQ6gRmK5n0OkXMCiSYlCA1T6ES6ujFCOikjTZumEwmHkELj1OQM8ZRBJBBkzcB2Ih3tBKLt6OEwmp7ESCSZj6eYSYQQnT1oIoApAMzC98Q6zfV0gvXpeaRGDmd98iXv9eJbXU3Ojq90CMtmTbaoKjFe+D6pB++0dqdGeghc9l7E2l2WwEb3Yxx9jPTj/4CcOELoLZ8DoUMgjLbuPLR15yF6NpK872OYJ58h+b0/IHzjVxG9mwFIp9N86a4vcvzYUf7sE59gz1NP8Zef/Ava2tr4zn98FyEEx44d48t/+3fsffZZ5ubmWIzHufDCC/nIbR/ljO3bC6L9xje+wZ4nn+LX3vM/0TSNv/3il3h6zx7SRppzzjmX9/3Wb/Hqa16Druu5Y1KpFN/65jf59r9/m/Xr1xGJRDmwfz/TMzPs3LmTWCzGG97wBt76tl8huyB7/w9/yFf/8Z/QNI2hoSHGx8cZHBrkN37zNzl7507rs5kmNz/+eaSU3PGy93Nez9aCWE/ExvnfT/4tU8k5/uVVH+OOfffwzNRhdnRtZEv7EM9OHWEmtcA1ay/id3a+ie5gO4+M7uNTz3+Dv3vFh9nZvdmWsbnUIh949LPctPN63rv9f3h2JvhWneU3JCULrDLv1gC5AmsVqHJXfCl6bNW1Iu/vVK2+QbRrNAvmLYOzky/mz4bH/HlVcS7Lnw2PteBdLY/qOLvlzz3Obr0qzg2hFzc6ceLRVocNqheb4z3RSSvoxU1dKYN30+jFFX8e6MWOvzweG0ovFXhTz0sNqhcP+FPJS02hFzf85fFYb73UgnNNeqlXXVHMS6tNL17VlcDIPtKbLkSEOgBJSNPZNH2QowOXYK1gCuvdRDYQiRDZCAQBPYRMpZicnObFl04QTwi0QISUluD0fJq9B09i6EHOWITeNXGiHe3oAY35uMloTKOtZyOG3o5AoGGCkCDz3ss6Cdk0+XMCmiATNsJMo08edZ3vlHXiW80mEwuQXFzpMJbNmmpR1Ty6m+R9H7MWVHu3ELruz9C2vnJpwJnXEHjl+zGPPk7qoTtJP/UvBC59d8Ec+q7rCQ/uJPmv70NOHyf5nQ8Tfu83AIGmabzw/PM8+cQTfONf7+G/HvgRl1xyCfFEHCEEwydO8LlPf4Zffec7uf1PPo6maTzy8MN84s/+nFtv+RB3fOqv2HH22bn3Gj5xgh/dfz9tbW3oAZ2bb7mFNWv62f/z/fz+7/0et9x8M5/9/J287tprAZBS8n/+8GM88sjDfP5v/oaLL74YgNnZWX7nAzcxPT3NF//2S0SjUQAWY4t8/Wtf41N33MHnv/A3vOrVryYYDCKl5E8//nHe8fYbuOPTn+La17+eoKZzYOYEJiZpM12KrTQ5MHucsfgMYS3ITGqBg7PD/PbZ1/POba8lZRr83cHv8afP3M3z00e5++o/4HR8imMLo/zT4fv584v/V+5Px/Pti/vv5ejCaY4vjNZKv28KVvyn/wULrOQ1OkWNj5kdl2l8TFMu3Ss1VwFLn2+qK7758xR7tw27k7drMIv4KMHVBc4Ns/OuKryr5VENZ7c8quBcNX+5TlEN55bRi83xLaEXT3TSRHqpV11pVL244E8lL/k7Vd3npZbQixN9teqkUfWiyJ9qXqqWx9ryUg16qVddUcxLq00vXtUV0knE8acxtr/S+p6HZAsLTMRGiXWsJXuaWSYyn3EpsICQEE8yP73AcwePMjw2a/2Jvx7CNNLsn09yamY/h4+PsX7DAL19PUQ7O4j2DhAd2k5ahi1mTQO0pQ9r4WlZdH6EjcZcAc7a5EsIM+W9Xnyri0kkcm5ypcNYVtNWOgDPTBqkn7wbktYvjAWv/cPCBdWcCbQtLyf8q3+HnDpqO5U2sIPA5b8OCMzhPZgn9uReCwSsdegD+/fz+S98gU/e8Zd89s47AYi2t/OR2z7K5S+/HE2zoL3yqqv41RvfycEDB/j+9+4reJ/29g4AxsbG+Mu/+isuvOhCNmzcyGuvfR2/+b7fJJlM8qMf3p8b/8ILL/Dtf/93LrnkEi666KLc811dXfzCG36R3Y89VvAejz76KHd+9rO85ppreN211xIMWn+CL4Tg/TfdRCKR4B+/8hUSiQQAutBy/0owyXs+qAWIZm4PENACmed0rh48n85ghN3jL2BIk+HYOEkjzQ9O/oyfnH6mZM6FdJwvH/pPC4P4jC0XvtXX8hsS01wqRNkrwtnClX/lD0BQ5EUZL0t9/vsXeLvGxHqh1Ds1KHbjS6ZzF6/j5yvGIW/eqq+wO41zajCLxnkdtx0eqjjnAe7s8+Ytex4pxG3nVXGuuEPCjhcP4i2HhyrODaGXKnEuy6MTL42oF5t5PYnXCQ8nXhpRL27qihPe5caXTLvK9eKCP5W85Pa8ayi9VMBDNS81rF484E8lL5WLu2H0opinVfPSEuA2vlgnK6GXetUVxby02vTiZf+on9qHtjBdMO/5c/vR03FKVxut73+m0EBqhEIhUokkp8dmGJuOMTUfZ2R8ipHxKeZiBotalHkjzNGRaX6+/ygvHTuJCHfR3r+JtAhhBEJIDbSAQGgaomjNQU/HOW9qf0G8IhUjOH6oEIcq8VCuK77VZvF5SCdXOopltaZZVJXTw5jDTwMgujegb0X/O4AAACAASURBVH9V+QOCUQJXfdDxZW3bKxHRXgCMAz9ael7XMAyDd9z4ToaGCn/Iqre3l/UbNpTMtW3rNqSUTExMFDwfCoUAuPb115Ycc+XVVwNw8uRJDMMA4MTxEwAMDQ3lkkfW1m/YgBCCgwcPAtYVn/t/8APi8Tivs5l/cHCQs3bs4KWXjnLq5Enrswkt96/YApqGLnQEAk0IIgFrUTWkLW12HotPEzdSXDFwLrrQOLU4SUDTGYtP87cHvoeZdxUqYaT46uH7SZvWZxuPT2NIE9+W13ILqnZX3BFFV3yt8RLrChT5XpbxwsHbjS8p5tlAbbxTg2I3vmQ6b+O1w8NxR11xI+g0zqnBdODFq7jt8FDFOQ9wZ583b9nzSCFuO6+Kc8UdE3a8eBBvOTxUcW4IvVSJc1kenXhpRL3YzOtJvE54OPHSiHpxU1ec8C43vmTaVa4XF/yp5CW3511D6aUCHqp5qWH14gF/KnmpXNwNoxfFPK2al5YAt/HFOlkJvdSrrijmpdWmFy/7R2Gk0A4/BKaRmzegwQVju20/hhSClCGZmJknHO1jetFkcj5BIiExDA3TFBhpg9jiInNzM8zMThEI6px9zg6uvOpKtm07g0AwCAgkAoQg/xu/ECL377zTuwlohfwFRl9QPu+U64pv6makkLMTlcc1mTXPourcKeT8GADa+gtAD1U8RrR1O78W7YNoHwDmSWuXpRAit+B45llnVRVXOp3mhReeR0qZ272atUDQWpBct359yXEDa6wfbTIzi44A7e3tgHVf1WKbnZlBSplbqI3FYuzfvz/3/08+8QR7n32W5/bt4+k9T7P7scfQNY2F+XkWFqzdvbrQMEyT/bMn2Dv1Is9Nv5T7d2DmBCkzTXYtN7uYmt29+vTkIT7zwjfZ1rmWj1/0HgCOLYxyYe8ZbG4f5Cenn+G56Rdz8e6dfpEvHfgu79h2DQCTyXkSLfLrcKvKROZP9O0WVFm64psl3u6Kr8w8L6UHV1BxvERb6p0aFLvxJdNVd4Wzliv2VV9hdxrn1GAWjfM6bjs8VHHOA9zZ581bdueAQtx2vtadKI4NvR0vHsRbDg9VnBtCL1XiXJZHJ14aUS8283oSrxMeTrw0ol7c1BUnvMuNL5l2levFBX8qecnteddQeqmAh2peali9eMCfSl4qF3fD6EUxT6vmpSXAbXyxTlZCL/WqK4p5abXpxev+UZ86jjjyKNa3OGv+dg12jDxW+jGEYH4hxsEjR9HauoiZbcTNAAlDYsrM90YzjW6mCMkk6/o7uPrKy3jV1VewdmgNwYBAF9ZcQppkl0Tz1zWFgDOHf0qHXhhnYPwQ2tyo8nmnXFd8UzNpYk6NQN76VatY09xTVSZjkLkXaLnF0qpNaJnEDHL25NLTWZHn/XhUvs1MT/PjH/+Y5597nlQqiWmYzM7OIoTI/fl91rILtMXPW+9jeV1foujiSy5mw8YN7N27j9nZWbq6ugAwDIMHf/IgQghec81rAFhcXCQet24O/Myepzl29Bi6rmGaEjOz8/XCiy/i0ssuo7evL/ceKZnmkdF9HJk7ZS2ySgNDmkwl5ogbS9u4dWF9/v/37Nf5zPPfZCG9yNu3voZfO+NaBtt6ADgVm+D16y9lXaSfv3ruHu7a/12+cMUtGNLkq4fvRxc679txHX9/8D4W0ovEjDjRzA5Y35bHpCz6car8e6xmG5X8BidvwRUpQGQeWyuqOZ+/8xUhoOj1kgXc/HntKp1TI2LnsfEl00lruJSZ8Krw2HgcfLkr6cWeMt6p0SzCt6zHGecS7zCPKs5u+XPEuSq8q+VRDWe3PKrgXDV/0gOdtIJebI5vCb14opMm0ku96kqj6sUFfyp5yS1/LacXN/w1k16c6KtVJ42qF0X+VPNStTzWlpdq0Eu96opiXlptevGsruTxGBh+mnRHP+Za60erBTAgErSf/An7hq7ACIRBSOLJNOOTM0zNxth76CUGewcQXb2kQmGSi0kwTXRpEhCSoc4I527fxMa1/ehCIs0UptQw0ZFCIDAREkxAoAEmejrOrlM/JaoX4qvPj6KPH7Tnzyu9+OaZSSTMjLbcn/1nrWkWVfMtfxFU2ZIL1kItgFH6w012du+3v8NnPv1pLn3Zy7j5lt9l8+bNCCF46MEH+cF//mduF2nWzMyfu1sJpNCyT4VCodwO12g0ylfvvpvb/+8fcfPvfJAb33Uj7e3t/OQnP+HAgQN84Utf5JJLLwVA13U0zVr4vPlDt7Bly5aqPkNED/MbZ76Bc3sKxx9fGOOBkT3Mp62F2pSZRiC4+Zw38/cHv8/xhTGkNFkTtha0Z5ILjCdmWB9dwzu2vobd4y/w7eOPcNPZ1xMzEjw69hz/+7xfZW1bH2E9yHxqkbnUYu5435bHhMj8KFWel1nPUqOiZQtTpnGwGp48L0p9dn4pyfxYVd7j4tezPjNfaaA23m3DUjCd9YIVR5GXLnx2nmKfj1+xd9sg2jWaBfPa4FjJF/NXhkdZA85l+bPhsRa8q+VRHWe3/LnH2a1Xxbkh9OJGJ0482uqwQfVic7wnOmkFvbipK2Xwbhq9uOLPA73Y8ZfHY0PppQJv6nmpQfXiAX8qeakp9OKGvzwe662XWnCuSS/1qiuKeWm16cWzulLEo37oIWRbN/RsyPEZFSbnnX6Ug93nMBPu5+TIBCOjE2h6iPu+/yOuufplBDt70aOdyFgKmUygC5POjnYu2HkGZ21Zj0gnSMZjRAIdGKaJgSBpCkK6RGBgoCHQaF8YZfvk87TrhbhqiTn0k3trznfKOvHNtcn5KYgvrHQYK2ZN8+f/ItwBurXj0zyxB1KLNc0n50eRC9b9IERb59Lz0lJg/v1Bwdot+hef/CQAH7r1VrZs2ZJJeJBKWYuyWtHu1uyOUWkj6nRmITcUCuXmAejp6WHHjh3sOHsHExMTHD50mKuvvpp/+9Y3ee1rX5sb19HRQW+vtWP02FH7H+QqNkOaSIcMI5EFcZqZsW16iM9f/kHCepC/O3Afu8dfAOBEbAxTSgbC3WyIruH9O96IKSWfe+FbfO75b3Jx31m8dfPVhPUga8LdLKTjzNfImW/uze5P/7MemdfoZMjPnf+Z8yR7vhS/XuCFvc/+KxjvVOGkjS9XIIt9yXTu47UdX4xD3ryOO+rsGkknb9dg4sCLR3Hb4aGKcx7gzj5v3rLnkULcdl4V54o7Jux48SDecnio4twQeqkS57I8OvHSiHqxmdeTeJ3wcOKlEfXipq444V1ufMm0q1wvLvhTyUtuz7uG0ksFPFTzUsPqxQP+VPJSubgbRi+KeVo1Ly0BbuOLdbISeqlXXVHMS6tNL173j7m4jSSBF34AUycyz2YXViW7pp+n5+gTHDpygqNHhxkfH2dk5DTf/Oa9jJyeImUKtFCEUEcXQ5u2cuEll3HppZewcd0gPZ0RggEdoYeYj5nowS5GRqfI7k4VwmD92NOcM7mXqC4L4hbxWQInnkSYqZrPO+W64psLk8j5CZifWulAVtSaZ1G1cy2iYxAAmZgj/fQ3IJ1QnE1iHP4JpOPW3P1nWM9KmdtdWmwLCwtMjI/THo0SbY8WvTafSfqFx2TvjZpKlW6Tzr6m6YUU/cvXvs6ep57i1g9/mBvf9S7e8+vv5VWvfjVtbW0F44LBINe89nUEg0Hu/c53csmm2Gamp3OvmZiY0rT9wai0NDCkgSklppTEDAvblGlwbs8WPrrrBoQQ/L+9X2c4Ns7RhVEAekLWfWBfPXQB53Rv5gcnf8bPJvbzzm3XEMzspF0X6WPRSDCdnLeN0bf6mV1jYpoSbHdSkFvgt65w5vncyV342Loi6uCLx+XNVxqojXdqUOzGl0zn8P6K8drhUfUVdqdxTg1m0Tiv47bDQxXnPMCdfd68jvEqxm3nVXGuuEPCjhcP4i2HhyrODaGXKnEuy6MTL42oF5t5PYnXCQ8nXhpRL27qihPe5caXTLvK9eKCP5W85Pa8ayi9VMBDNS81rF484E8lL5WLu2H0opinVfPSEuA2vlgnK6GXetUVxby02vTidf+Yj4dILhB47nuI0UMZ1C38AxpcGI3zwXWjnC1GmZwYRwiTgwcPsufpvaQMQbSzm03btvPq172eX3jTm1l3xjbCHZ20RToJhiKYWhiDNqQe5bkXjjA5E2PNxCEuPf4QW5ITBHWtIG59cZLgscfRsmswNZ53ynXFt6pMmgZyagQ5P73Soay4Nc+iatd6tKFzco/TD34W49B/K80lZ0cwnr8v91jb+LLc/xvp7O7SwkXK9vZ2urq7OXXqFMePHc89f+L4Cb79rW8hpSz5galYzNqZmUyWLqrGF+13bZ46dYrDhw/zj1/5Bx5+6CEe372bPU89xbFjxzCMwpsCv/mtb+H6N72J+/7je9z/wx+WvL732Wf5ype/vPTZTJO0aZKWpTcXNvKeT5sGC5lkl33ufWddx43bXssT4wf40M++wNH504S0IL0ha5dvUAvwnjN/gZRpcE73Fl6+ZomrwbYeUqbBqcXW+6W4lbbsvU+tndeF90LNv+JrmvZXOLM7trM+/0qhzD4WLq6g4nDp0O4Ko1ODYje+ZDqH9/dwp0HVV9idxjk1mEXjvI7bDg9VnPMAd/Z581Z7Zb2WHRK17kRxbOjtePEg3nJ4qOLcEHqpEueyPDrx0oh6sZnXk3id8HDipRH14qauOOFdbnzJtKtcLy74U8lLbs+7htJLBTxU81LD6sUD/lTyUrm4G0YvinlaNS8tAW7ji3WyEnqpV11RzEurTS9e94/FeJDO7Fg9+jSYZgEPazqjfOiVG/iLK0JcvzHNmWsipE1JV/caztp5Lq941Ws479LLGNi0lfZNOwkNbMZo68AMdhBLa7T3r0VPx7hYH+G84/dzRuI0YUFJvPrsMIGjuwt3qNZ43inXFd8qmjRSyIlhZCK20qGsCmuee6pqOvr5b7EWUs00Mj5D6v4/RXSsQdt4adXTyIUJkvd+BDn54tK8Z7/eek1K0mlrYbR4IVTXdT548wf54hfu4raPfIRfvv56EokEE+PjvPVtb+PI4SN8/3v3cfbOnbz5LW8BYGHe2pkZi5WejIuL1qJlIp7IFQyAd//ar/Hss8/yuc9+tmC8EIL+/n7e+rZf4UO33oqu6/T19fF///h2AD5664e54MILePkVryAcDrFnzx7mZmf53Q/dihCClGmgaxptImS7G9eQBkEtQGcwQsxIkDD+f/buPD6q+t7/+OvMko0sJoRgAmERJChBI4gLCIogiHv1XkGta6tt0dv23ra23v5629rb29567e2i3l6rdam1Yq+IuCAKIqCgshhLIiayhxAIgZhA9ll+f8xkMpPMJJktmcm8n48HnMycc77zPd/vfM45+eR7zukgw5pKi3s0sNVk4WtFV/HukU8oPb6L6qY6TkkaRqrXg6duGDOb3+98mSXj5/o8kGrMsDwyrKk0dCgoB5oBvg+n6jY1MHDgvqcquE9c6HpN4L8UOr2Wx+svh87ephj+j3P+/sLY2wmKvwOpT3GuGa76dps6g5h2ltN9GmjEQ29/YQ90gujvRNOn3H60a4B27jE1/EzDaOde+89PP4bT3v3tx9DbOdj+C76dg52G2s5xES/BxEmgfvQbh3EaL37Wj0icJEK8BHNc6aW9h0y8BNV/EYgXf/3n1Y9xFS999Fvo+6U4jZcI9F8o+6UhES/B9J9XP0Y7XsJp57DiJVrHlRD3S7EWLxE7rgTqR3d51n2bsDXX4Rx3Ps7UDAxMnv4YMzyLO4afwu3nTaCqroHPT5gwRozFmm7lFFMrJ9ohKzOXdGsNZqMD5xfVnOLoIPXo30lx2ply+jDf9u/8vtk7sNTuxPRFdWTixWu9kONEeuHE2dTguodqgCu4E5Hh7EztDwW2Ntrf/DH2T/7W9V5yOuaiBVgv/heMzPzA67Y3Yd+3mY7VP8HZWON52zL9y1gv/ykATqeTmpoabDYb+fn5WK3WHsUcra1l86bNNLc0UzR5MiUlJRiGQX19PXV1dYweNZrUtFQAao/U0tHRTtqwYWRnZ/uU09LSQl1dHUlJSYwcOdLz/spXXmHdO+uYc/Eczjr7bFJTUmhtbWPbtq38z2OPUX2wmp88+CCLlyz2POAKXCNmP/tsJ8ePHSclJYWzzj6LcePH+zaf047ZcK1jeI4CLg6n07NTNQzXaFWLyYzD6fSsA67bAZgNk+fBR4bhW5bTswPvYnc6POV2nyfRVfujDHeC1Nlz6j6hMXkduD2HMqPrkNbjQG1yTTEMDPe0+/udRzrDAP9Hum4icSLprziv6vQ5DaYangN6GCfsvU291u+z4sHUPGA5obVzsP0XdDuH1I+htXOw/RhaOwfbf6G1c8LEi5/1EzpeQuo/xUuw/ZcQ8RKROEnQeAkmThIhXqIVJz79OETjJRTBfHzQ7TzI8RKtOImBeAmvnYPtPwOHyYJjdAmOwnMwLMn9j4t+9KN3Rc3H92Ku241hb4/NeBEfzrYmnI3HwN7R98JDzK7vb+51/tBKqgLOxkO0v3gPjiM7u940mTHlT8U8+XJMeZNdydWkNHDYcbaewHlsN/bP3sRR/THOE0c8qxk540m+8XHPPVUH27atW/n+9+7nB//6AJfOm+eTNLXb7byzdi3fvO+fWHLTTdz/g++Tmpo6iLWVeHD0R67bM5jcCc/OaedfLH0Tra7jE04wuY9TJgCj63TC8HrdOb/zuNa5vvfxzjUitucJQL+EdcIS/V9IonGC6H8a/ROtSJ4Y9t6P4ZzQ9q8fo/GLVMAREkG2c9Dn9yG3cx/THgYhXiKQeBhS8eK3nAjESSLESwjNPaTjJaj+C36/NKTjpY8GSLh4iUj/JWi8BNl8AxcvobdzWPESrTgJcb8Ue/ESoTgJMl5ISsdeOA1nQTFOkym4fgo4BXNDNeajn2OytUTluNLvr6v0i9PeDo11ONsS96HifSVVh87l/25GZgFJ1/+e9pfuxVG3Cxx2cNhxVJfiqC4FkwUjNQusrqQqbSdwtjfhO3zZwFQ4naQrfh4zCVWA5S8tJzk5mXOmTfNJqILr9gPz5s9n2LBhpA1Lw2w2D1ItJZ50HYBcJyA+twIwfKedRyDvvwD39Rd776lh6vY+Bg6HA8MweV53/WU5UEX7McXPtEdxTq/t7ucUP1MCTIM9YQ807ccJZfd27jHFz5QA0wDlhNrOwfZfwHbuV3v3tx9Da+dg+zGUdu53/3niMbR2Tph46cd+aUjGS0TiZAjFS7SOK/EaL0H0Xyj7pWD7L+HiJZj+G0rxEqj7wo2TeI2XEPsv1P1Sf/sxvP1SGPESreNKiPulWIuXiB1XAvWjz/pe7dp2EsvujTgObMM54jScp4zCmTMOp9nSe7/56UdLUy1G42GM5nqMjubYiBcJzNaGs63Zdc/U9tbBrk3MG3JJVQAjZzzWK/4D24bfYt+zEZ/IcdhwNh0DAj8UycidgHXeDzByJ0a9rsFoampy71z8a29vx2azUVxcTFJS0gDWTOKZ63jjOgD5JFLpNnWC4T5AdY34cr3vWg7Pcp2vje7reb32vO+9nLvcHgw/02BPWHyKc83oHJHrM3UGMe0sp/vU3W5+p8GeIPo7QfEp13+79jr17j/vqeFnGkY799p/fvoxnPbubz+G3s7B9l/w7RzsNNR2jot4CSZOAvWj3ziM03jxs35E4iQR4iWY40ov7T1k4iWo/otAvPjrP69+jKt46aPfQt8vxWm8RKD/QtkvDYl4Cab/vPox2vESTjuHFS/ROq6EuF+KtXiJ2HElUD96leevvU0dzTird2AcKsNhssDwsTjShmNKH47Dkuy6RUDqKRgmM7Q1YnbYwNGB0XICw9aM6cRRcLT7tn8Uz8P6HS+Jzulw5cYcdrDbwW4Duw1nW5PrZ+m3IZlUBTCNKiHpxsexl7+K7ZO/4TjwUR9rGBjpI7DMWopl2k1gir2mufiSi3ln7Vq2btnKwssX+sxraWnhZw8+yBlnnsmChQsDlCDiyyeR2v1hVUbX1NF5wuOeOpxdB1zc72P0PcX7dWd53q89R7ruFSW4E5Hu0x7FOV2LO53uavVjip8pAabBnrAHmvo7wezebn1N8TMlwDRgv4XWzsH2X9B/WQ+pH0Nr52D7MZR27nf/ec4UQ2vnhIkXP+snRLxEJE6GULxE67gSr/ESRP+Fsl8KayRRIsRLMP03lOIlUPeFGyfxGi8h9l+o+6X+9mN4+6Uw4iVax5UQ90uxFi8RO64E6kef9XtvZ5PDhrN2FxZ248SJubf+c087f290eL7HvUz73XB9lOMvXkSiZMjdUzUQx9FKHJVv46jbjfP4PuhoAUsSRtYojNyJmCfOxXTqFDDH9gjPFS+/zF+ee47TJ01i+vRzSU1Noaamhg82f8DkMybzjaVLSUtLG+xqSpyo7bynquE64vibOp2d91oFkwlwuk8fDPc9U/G9x2qP117HN5Op5/EOjK7XBHHcC/aExUc4B+j+HfgjdoLYx4mK51ODqHYQpyvBnd+Ewqec6J9ohd7OwfZf8O3c7/7rbI6Q27mPaQ+DEC/BxEkixIvfciIQJ4kQLyE095COl6D6L/j90pCOlz4aIOHiJSL9l6DxEmTzDVy8hN7OYcVLtOIkxP1S7MVLhOIkJuIl9HYOtv8iGieS0BLuQVW9cthxtp2Ali/AYQOTGZIzMFIyYz6Z2slut1NZWcn7773PwaoDAKRnZDB79mzOOvtsPZxKgnLk/6V7HkLV42FVGGA4MbmnBgaGewquA2jnodHAdQQz3Eeyzte4D7T4eR9POZ2pWO8jXTcRPpEcmAN6FE7Y/ZzgDMwJcGjtHGz/hfOLRv/7MRon7j3Xj9gJcK9bHlo7J0y8+Fk/oeMlpP5TvATbfwkRLxGJkwSNl2DiJBHiJVpx4tOPQzReQhHMxwfdzoMcL9GKkxiIl/DaOdj+i268DMx5WITiRcRNSVURCejI/8vAMFzHG8NwHUgNuhKhvonWrpGmJgCj6zQi0EhVA9cbncc3jVQN7wRxSI2889uP0T/RGhIjiTqbI+R27mPawyDESzBxkgjx4recCMRJIsRLCM09pOMlqP4Lfr80pOOljwZIuHiJSP8laLwE2XwDFy+ht3NY8RKtOAlxvxR78RKhOImJeAm9nYPtv4jGiSS0vpKqpl7nisiQ5nQfUVz/u/+CiNeB0WsK4HA4u63nnjp7mRoBpv6WD3SEc/qZ9naA7D4NtN0Rqq+/9ujefgFPTAIt19cJpVe/RLLe/toj1Hb2avDAU5/zwj6+T0HW29801Hbu88TSX79EoL69tUeo7RwX8dLPdu61HwP1SzzGi9/foyJQ30DtEahf4jFegjmuBGrv3pbvUWyMx0sQ/RfKfinY711cxUsf7RHqfilu4yUC/RfKfqm3esdNvIS4nw51v9TV4H6m3eNkMOIlWseVEPdLsRYvkT5/7K09oh0v4bRzsN+7kI8rIkFSUlUkgXUd6Oh5wMR3CnRN6TbtPt976gww9be8uzw/Fe05DXSC4m95P9sdyfr6a4/u7eeZ9tHOPtNAJyj++iVC9fbXHqG2s1eDB556ldvr9yiEevubhtrOAfuvt3iJQH17a49Q2zku4qWf7dxrP/a2H4u3ePFTbkTqG6g9AvVLPMZLMMeVQO3d2/I9io3xeAmi/0LZLwX7vYureOmjPULdL8VtvESg/0LZL/VW77iJlxD306Hul7oa3M+0e5wMRrxE67gS4n4p1uIl0uePvbVHtOMlnHYO9nsX8nFFJEi6/F8kgR09ehTDMPr9Dwj4uvNn72lvP/f2noiIiIiIiIjIYCot29vrfI1UFZGI0d9oRERERERERCQRKKkqIv3SW8JUyVQRERERERERSSRKqopIn/wlTSOVZFVCVkRERERERETijZKqIhKQEp4iIiIiIiIiIj0pqSqS4JQ4FREREREREREJjpKqIgmsPwlVJV1FRERERERERHwpqSoiQFfytPu0v+uJiIiIiIiIiCQKy2BXQEQGn9PpxDAMzzTanzOQHA4HdocTp9OpBPAAMAwDwzAwmwxMpkH+u53TCfZ26GgFh931z+kY3DrFC8MEJrPrnzUFzEkwwLHbnWI5MmIqRonffo21dhQRERGRgaekqogEbTCSo8Gy2e3Y7UqgDbTOxIjDAWDHbDZhMZsHuhLQ3gRtTQP7uUOJ0wF2B9g7XElpgORhkDRswJOriuXIiokYJf77NVbaUUREREQGj5KqItJDJJOmA52Atdsd2Oz2Afs86Z3d7sBud2CxmDEPxGiutiZXQjWORrzFjbYmaG+BlHSwpkb94xTLA2OgY3So9uuA7+tEREREZNDprE9Ehoyh+sv6UGCz2bFHu2/am6HtpBKq0eR0QEujK7kaRYrlgTcQMZoI/Tog+zoRERERiQlKqorIkJAIv6zHO5t7JFdUtDdD64nolC09tTa62jwKFMuDJ5oxmkj9GtV9nYiIiIjEDCVVRSTuORyJ88t6vLPZ7TgcEU422NqUUB0MrSdcbR9BiuXBF40YTcR+jcq+TkRERERiipKqIhLXnE4nHbbE+mU93nXY7JF7yrfT6Ro1KYOjpTFit1tQLMeOSMZoIvdrRPd1IiIiIhJzlFQVkbhm10iguBSxfmtvAn0HBo/T4eqDCFAsx5ZI9Uei92uib7+IiIjIUKakqogEJZZG3TidTt23Lk7Z7Y7IfJeidF9PCUIE+kCxHHsiEaPq1wju60REREQk5iipKiJxS7+mxrew+8/WFrFLzyUMTmfY91ZVL8amcPtF/eqidhAREREZmpRUFZG4legjoOKdI9z+62iNTEUkfGEmVRXLsSncGFW/uoS9rxMRERGRmKSkqojELadTv6jGM0e4o0ztHZGpiITP1h7W6orl2BRujKpfXRxqBxEREZEhSUlVEYlbuvI7voV9n0F9AWJH2Mm3CNVDIir8o6DMpwAAIABJREFUe6pGqCJxTu0gIiIiMjQpqSoicUkP/hgawupHjf6KHWH0hWI5toXaP+pXERERERnqLINdARGRUBiGEeKazVRt38KmT+tpcACYSM3NZ/acaYxLN4dcn+a9m1jxfi0nHWmcXZzMJ2XNnHHVImbnhFxk/x0u5Y0yKJlfQgFQ98EqllemcfFtF1MUifIPbeWtk2ewYNKwgIs0V77DtvRLmV0QXNGh92OIPvgubFjf7c174f47IlP+sbfgyUORKy9YH3wXDt0O10/1ff/zp+HlMvjKf8HwQCsfgpXr4fybYGS0K9ol3O9A26freGZra9/xdnwLz7/WzHR/cRFwXiWvPvspNd0WT590ETdfkBtWvTtVrF7BtqzIlRdpofZPaOv5a28reZOmsuCCMaSFVJPgndj1IRuP5DJ71gQyBugzRURERCT+KKkqIgnEzqH317OqOoOLr7uSonQr0MqRiu3sPg7j0kMt9yAffVBL2owrubnICsD50yJV53442cDBQzDB/TL3gkXcc0EEyy8YRerjy/kz13Orn8Rqc+VrPPZuNl++J4KfGU0T/9Qz6TjUnX4H3N/XQsfgs1/DGQObVA1PA6WVJ8jKtFL5yV5mzx0fhc9IHrg/kAg92vtkOa+uKGXjyFEsHB/6H76C0VZ3nIOHTbShpKqIiIiIBKakqogkjvZP+Wi3g0kLLqLIk0BNYWTRTHcOyc4XFZt5Y0sdJx1gTsmieO4czh9hhl3refwTK2ePaKBsXxt2kpkw+2LmZZXz/GvVnAT48HUe/7Cz3Gz3SNFmqt5/j7d2N2PHSl5xHuayOk65ahGzj6/n8U/SuP6GGeSC+zPcr30+DyYtKiFj+w62HWnGDpiH5XHxFTM55ZNVLK90PXl9/bMr2DbpIm7OLe8qp+UAG9ftYGddB2Aia9xUrp4znjTq2PjSe3wxahz2A/uobYWk7HEsurrETz4tn9n3zAc/idWuhOosTo1Gnw2k5TNg2M9h1yPQBBT/HAq3wVuPgn0aLPg5lOS6Rn2uz3DN++RtMF8GX3oATuuefmmDDx6B918Aez7k3Q5LboDjr8Jz++Ff7nMfhdvgb9fC+L9ByQl4+ZewdzOYL4R5P4AS9/DfPS/By38EO5BzN3z5Bkjp57b5jKA9AW/8AsreBsbC+H+BS0/Ckz90LfvyDMj5OXx1QfhtGm17d1DWPpJF16Xz0Quf82HDeM7P6pzZzK4N61m/rw07VvInZGGnP/P66fgWnn/tJIVndFC5sxm7KY3iOZNp315KZaMDhuWx4OqZjEtyj0ZNHcPIowfZ3eRwxe/C85nYfXR8gHjl0zU8V5bBVTeej+vbUMO7L26hbcaVLByxj7Wry9nd5ABTMhNmXcy88WlAB4e2v8fasgZagNTccSy4wl98x7j0yUwY8TmlR+phfC6c3O13e3tv42aqPviQdytdbWHOzOPihTOZmNqtb8hneno1244AVLP82WryZ17HvNQtvPV+NbWtgCmNCbMucrexiIiIiCQyJVVFJHFUH6eWdM4IlP07vp03PjxB4YIrmX2qiRMVG3hxzWZG3nQR4wCa6vli2hy+MieNL7as5cXtnzH9hhncfFsWrz77Kcy8jqsn4rmUGKDt0w9ZtdfKRddfzZnpDg59sIbXgFP6U9+mOmomzeCmC/JIS+rgi2nnUzwiCwsd7Fqzio8+qePmCxZxT+56Ht9E1+X+uzoLaKViQym7zZO56bZJZNhreHfFh7y6PYfF7pG0NUcdXH/DdeSymzf+uoNte0u4wu9gP1diteWxF/kzN3LrpGE0V77Gw2syuXtpnCVUd90Fv/J67T1ytaoNvrYSbJvgd3dB65/gO1tgx8PwzttQcpNrueOvwazfwcL/gJ1Pw/89Aksf8P2cz/8KHw6Hr22BdGD9d+Fv+XDrJZB3KZTeDudmwMnNsPcq+FISrPwe5D0E/1gAtkPw9K+h8L+At+DVGvjam66ydj4Cb+wIbcTtnpdg73S4/z+ANthZCcNnwv358Ku74Etb4PTgix14DXz4SR3Diy+nIMnKeRP2sbbsIOfPGg24Yu+dAylcdP0CV+y9v4bX3BeQ9zavpzZ2vraCnZ7X7pGUAJzgi8y5fOW2NKo2vMmqd8s5Y9GV3DOihndf3MqHZQ2Mm+bK8p6sPkHJ1VcyL72ZT1ev4501O8i9rsTrc3qL1wmM3b6DHXvtFIw3w97d7GYki8bXs/GlcpqL53JPUYZrVOerW6gYfzHjdm1i1d40Ft0ylwJzB4feX8PaD0bH7G0GArEd30HlURMji3OBOjau9r+9ELiNU3dt4a29Ji7s3A+/v4bXVpd62v9kdQNnzp/LRSMySGYGYz9YxfLqXPcfvOrY9FI19jMWcM/UNGwnd1N5XI8kEBERERElVUVEPL7YXcfJzHxKTnVdwp9RNIq8Dz9n32FcSdWUPErGu0YjnpKdDDtPcITeE6RVhxowjzqbM9PNgJmCM0aSXnmkfxWyjuS8qfnuVE8Dhz7ZykeHm2nvfCbQyONAbwmSanYfgfxLJrkuYTXnUzwqmcrDB2gjH4D8SWeTawbIIiMVqo7UuUaD+ZXPgqWX89ZjL/KnymyqD+Rw99I58ZVQhd4v/z99uuvIaHGPOp3qXq5gKrQd6lpu2PVwhnuZMxbA+muh6gHI8ypr5wtw+m9dSVCA4gXw4WawzYTzb4f3N8O5C+DD5VB8L1j2wa5K2HUtfOhVznHg2LvQ9jY89kzX+zmTgBCSqnmToPUZWD0cpk6HM+L0VgiHP6OyJZfZZ7qG6xYU55P0yufsmDGaqUn+Yi+X9N2uP3b0Nq+nAJf/HwfIYEKR63uQmmSCYbmcMcIMjCY/ayuH2js8iyeNmeD+vAzOnJbPtlX1HAK6xqr2Fq9TmTr+U16r3A3jx7BjZx3pE+dS0LCbd5scnPxwrdco+WROOQ7mffXYm+C1v6zoqnOf+4xY0C2JbU1jwoyLmDcKaDhAVYDtzSNwGyftq4dTu/d3HVXtkAQkjTmdkhGBLvTPpmCElZ2VW9jIGCZNHMOZY6xR3H4RERERiRdKqopI4hiVQx4HOFhtp2hUCPfmM3snQCKvzSsBA0CSiaTOn/fu4L3DVi687kqmplvZt24lb7VH4EPNwW6RK7H6wWuHuWLpOfGXUO1LclLfywRia+v/smdc5rqtwKGxUAYsKQIqgOHwD2/Cad2WP4ZrBOsdl4Rev07pM+FbU+HANnj/p3CoGO69I87OCFrZsb2Glg5469kVPnN2bK9j6oCNxjSFsU+wY2/v/z6loDifrFeq2XH0JJ/WZXHm/CxoAUim+NpFzMzyXX4XQMFU7pk/oWdhMc0riX1yByuWH6AtKc1nvr/trfBblquN+5Jk7u0+GmbGzbmcLx89wM7d1by74hPsEy/i5hmxnpwWERERkWjT9UsikjiSzuS8CSZ2v7+ZipOdCcxWjlRsYtMBO6dMyCW9sYbSwx2AnRMV1dRasxgXRuawsCALe/U+Pj1pBzo4VHbEdf9VgCQz5qYGaloATrBz38mA5WA2YwbMZiu0VLLjsKNrXlYaqXTQ0tJ9pVFMGAk1Oys5AWCvoay6jaxTx5Ac+iYB+Vxw1RBMqAajaTnsPOH6+cB6aLwKxndr1TOWwOeb8XR42VuQf6E7eVkExcDffgkFt7sfDDUOxgPbNoHNvc6Oba7p+Auh9jU44P7Mk/vg87rQ6n6sAhqS4LRL4B/vA8vbcAhgOGQCrUEkhwfL8R3sqMviwiXXcc9tXv8W5GPf9Rm78BN7O+s8XdHbvGhpP7Db/XnN7CurpSUzh0KfHH4f8Zp1JmfmNrBtzUHaJ5zO1CQgK5+ClDb2fXLAtQ4n2Lejkjr3NnJ4L6XHXfs62/Ed7DgQ9J1jB1f6VC4ptnLwg63sg163FwK3ceG4bDh8wLe/M3O7tX+X3OwUaO9w5axp5dDeA7TnjKfkgou4ujidk9UH3Z8vIiIiIoksrsaliIiEx0zBrItZtH0Lm1a8znoHgInU3HxmzwHSp3HF+Zt5Y83rPN75oKr5F7ou/Q9R8pnnc2ndetYvf5X3sJJXnEsex10DRMdM46KCdaz/2wo2m5KZMCrdPfLMjzHTuHjMet752wreS8nljFHJ7mQsMGIKF45bz/q/reCjkWdyj2dgWgpFc0qoXbeDvz77Ka4H35zN1dOygBATckNB93uqcq/7AU5ByLkKDvwCXnU/qOrqB1yX+XvnI0+/Cc5/BP53hteDqmZ2zZ+1BLY9CtOnu99Ihqv/AK/+Gn79LVwPkbrHlWgdeTVcfRJevgXaaiD5Klhwb/+2L+fn8CWv1201sPKH0Ljf9RnFP4YxAAWw4Afw8rWwaknwbTJg7Oz6pIaWwqmuxKK3UyczKX0d27Y3MHFat9grTCPVvViPuPSa11P3e6pC+qSLuHlScLVOH5VBzerXea/JgXlYLhfNP5tTgK6bgfQWr675U8/OY9vak0wqHu1+L59LFp7JG+tK+euz213rFExg3pmubVzU+CHvvvE6H7n3Z5MuaIY4e579KdOmUbz3PTZ9cIRxFwTeXgjcxkycwYK6D3l3+au8h+tBVZcuLOnW/l6KzuTs3VtZ9ewK0ieVMP3k56za+InrYWYpWRTPmRxnrSgiIiIi0WA4nU7nYFdCRAZHbW0thmEE9Q8I+LrzZ+9pbz/39l5/9LhcPiYd58jRFIaPSMOC3fXwq+3JLLhpJoWDXbUYkJwUxr0JTxwFp6Pv5SLt86dhfQF8dUH45awdDl+/OjL1GkyGCTJGhLx6fMRy6CpWr2Bb1kVhPySq7oNVLD8+htuvmBLmaPP+CydGB7JfI9XG0RLWvk5EREREBkVp2d5e52ukqojELcOAmP+zUMtJKrd8SGVdm2eU0xlzSpRQJfRkulcBEOv9H9AJeP9ROPedwa5IZBjh3U0oLmJ50O1l264Oxs6aPGAJ1XBjVP3qEva+TkRERERikkaqiiSweB+p2mGz43AMwkhFiQiTyYTVEsajv1oaoKM1chWS0FlTIDWr7+UCUCzHpnBjVP3qEva+TkREREQGRV8jVfWgKhGJWyaTRv/EM3O4/WcZqPF60qcw+0KxHJvCjdGwY3yIUDuIiIiIDE1KqopI3DLpksq4FvYlsUqqxo5wk6qK5ZgU/uX/6ldQO4iIiIgMVUqqikjcMgwDk0m7sXhkMpkic09VJVYHnzXF1RdhUCzHnkjEqPo1Qvs6EREREYlJiX2mKyJxz2LWbiweRazfUjLCTuhJGAwDkjMiUpRiObZEqj8SvV8TfftFREREhjKd6YlIXDMMA4seABJXLBZz5EZumcyQkhmZsiR4KZkQoZGIiuXYEckYTeR+jei+TkRERERijpKqIhL3zCYTFnNi/tIebyxmM+ZIXw5sTXGNWJWBlZLhavsIUiwPvmjEaCL2a1T2dSIiIiISU3S2JyJDgtls0mWWMc5iNmGOVh8lpWnE6kBKyXS1eRQolgdPNGM0kfo1qvs6EREREYkZlsGugIhIpJjNZgyTiY4O22BXRbqxWi3Rf8J7UqrrUvTWRnA4ovtZicpkciVUo/yAMMXywBuIGE2Efh2QfZ2IiIiIxAQlVUVkSDEZBslJVmx2O3a7EmuDzTU6bQAv+7Ukw7BcaG+CtqaB+9xEkDwMkoYN2IPBFMsDY6BjdKj264Dv60RERERk0CmpKiJDksVsxmI243A4sDucOJ2ufxJdhmFgGAZmk4FpsO4naBiQnO5KANrboaMV7DZwOlz/pG+GyfUQMJPZdd9Uc9KAJVO7UyxHVkzEKPHfr7HSjiIiIiIyeJRUFZEhzWQyRerh5BJvDMM1cjXKl6rLwFAsD03qVxERERGJV0qqiiSC1gbY+yF8uhq+qIK9HwCQB3SMno4jcxTtE+diH3MuzmQ97EdEREREREREpDeGM0autXp/SzmlZbuo2FVFS2sbAMOzMymaWMjVC2aSm6NEj0hINj0B7/zG9fCePjiTM2id+Q3apn/Zc2lj939AwNedP3tPe/u5t/dERERERERERAZLadneXucPelK17ngjT7/wJhW7qwBITUmisCAPgMo9Bz3LzZ8zjcXXzh2UOorEpfoq+MvdcPjToFe1jyii+Uu/xXnKaCVVRURERERERCThxHRStaq6locee5GW1jYmnTaaaxbOpGhioc8y728pZ+XqTRyvb6SwYAT/9p3bBqm2InGkphyeXNyv0akBpWTStORPOEaeoaSqiIiIiIiIiCSUmE2qNre08eDDz3KsvpHF117C/DnTPfPWbNhGS2s7hQUjKCmeSHNLGw89toyDh44yb/Y0llynEasiAdVXwaOLwkuodkrJpOmO//MZsQpKqoqIiIiIiIjI0NZXUnXQnre6ZsM2jtU3cuG5U3wSqgArV29i5epNPPrUKzz48LMAfG/pYnKyM1m7cTtV1bWDUWWR+PCXr0YmoQrQ2kjq8m9GpiwRERERERERkSHC/JOf/OQng/HBjz61AqvFzLfv+QesVovPvBnnnEHRxEIaGpvYe+Aw5Z/tZf6c6aSlplBatov2DjvnTJ0YXgVa9rPx+ad48sWXWbX6bdZtLOOgJY8JY3NIDq/kIJTxzP3PUH/2LMYPG7APlaFs0xPw8UsRLdJoqoOUDByjSjRSVUREREREREQSwuHaL3qdb+l1bpRUVdfS0tpOyZQJpKX2TGHm5mSSm5PJOcUTeejRZVTuOUjFripmzZjC0y+8SaX7oVahq2XdH/6X0qL7+NHtBVgBOmopffFJnlj3Ff55bl6Y5YsMgtYGeOc3USk66b3HqD9tAc7kTEBJVRERERERERFJbIOSVG1uaQOgcFTfyct777qONRu2eZaddNpoKvccDK8CteVsrSli0T+7E6oA1jxKbnmAkvBKFhk8ez4I/rL/69+B9Ofg2T/1vlxrI2mHdtA+cR6gpKqIiIiIiIiIJLZBSaoGIy01mWsWzoxsoakppFLLgVooDpjX7eDQxmd4ZlUl9TYL6ZMu4/Zb5jI2FTixm3XLlrNuz1FabWAZcQG333c9RalA7Toe+q8DTLkRypeXY7vouzxwRTaHNj/PX14t56gNLNmTuOzmW5g71vVJ9QdW8shv3uNA97JEgrFzdXDLX/8OjFgP/9tHQtUtac87nqSqiIiIiIiIiEgiG9SkaueI1WDU1TeSmpIU3gdnXMiNiz7gN//1r2wdM4XZF1xA0ZQxFKR6xq3SUfoMj2wt4L6ffpUCK5wofYZHXizju7cXY8VG9tyv86OvZmClg93Lf8GLb1/AA9cUuNcu54PSG7nvp7eTZ4WO0if4zSorNz/wK0oyoOP4Vt47YIOxAEcpLb+M7/3Hr8ighdJnfsGyt6fzb9eMDW8bJfHUB3FbDE9C9af9XsXcWB1CpUREREREREREhh7TYHxo56X8pWW7glqvqrqW4/WNFE0oDLsOeXP/mZ/+9D5uOTuDAx+8yCM//iH/+tByKloATrD1vUqK5l5BgTvPmlFyEaft/oQ9ABlFlEzIcN86wMqESWOprz/uVfoUrv/queRZu8qadM3NlGS45lpzzmVu5wuyuWBRCa5XqZScPYGT9SfC3j5JQPs+7N9yISRUASx1lSFUSkRERERERERk6BmUkappqclceO4UNm8tZ82GbcyfM71f661cvQmAkqmnR6Qe1tQCJsy+hgmzr4GO42x95jc8uXwKv7olm9YWKH/+fu5/3nuNKUwBaNnPxheXs273UU622tyzfLehq2FbaG0Ba4oV/yyk+r4UiU3B3q9VRERERERERGSIGrQU3phRI9i8FVau3kzRhMJ+PbSqc5lZM6ZEvkLWHM49dwIvvnecExSQkgpTbvsVtxf3XLRi+aOss9zGP/+omAwrUPoM938SqOBUUlKho7UDCJRYFRlAyy91jVb92o+DG62anNH3MiIiIiIiIiIiCWBQLv9/YcU6lr3yLgAtrW089NiLrNmw3e+y3vddvWbhTO6967rwK1D7Bo/8YR27j3d0vXdiNyvXVTBmejEZZFBywSQq3n6DQ52LdNRSunU3HYDFkgKpqaRYgY5DrFtX0cuHucqqXPcqu91X9XecKGVjqS7xlwgbd37/l11+KRy92JVY7SfbiKIQKiUiIiIiIiIiMvQM6EjV5pY2HnvqFSp2V5GTnck1C2eybMU6WlrbWPbKOtZs2MY5UyeSlpoCwIHqWip2VTFmVB7fXXpj5CqSdxk3X/Aqzz/5Mw4dbcUGWFLyKVp0H1+70H1303Nv576WZ3jmx/dTb3PNP/v625kCTLjmFoofeZIf3m/Dkj6Jq88tgqOBPy713Fu498RfeP4X7rKyJ3HZzUpQSYRlF/b/vqrQNWL1trvg2T/1ubg9c1QYlRMRERERERERGToMp9PpHIgPqqqu5dGnXuFYfSOTThvNnTct4sGHn6WltY3F117CgeqjbN5a3mO91JQkrlk4s9/3XRVJWJ+uhufvjlrxJ676Le0T5wFgGIbnn/frzp+9p7393Nt7IiIiIiIiIiKDpWJPVa/zB2SkalV1LQ899iItrW3Mmz2NJdfN5aFHl3ledyZMl1w3l6rqWp91iyYWDkQVReLfaRe47nvaFoVbSyRn0FF4buTLFRERERERERGJQ1FPqnonVO9YcjmzZkzhhRXrqNxzkNEFI1hy3VzPsmmpyUqiioQqJQvm/TO88WDEi2664Bs4kjLReFIRERERERERkQF4UNUjT73ik1B9f0s5azduJzUlie8tXRztjxdJLDO/CqeeEdEi7SOKaD77yxEtU0REREREREQknkU9qXq8vpHCghGehOrTL7zpSaimpSZH++NFEs8tT7huAxAJyRl8ccV/R6YsEREREREREZE4YTIFvl7XZDKi/6Cqhx5dRuWegxQWjKDq0FFPQrVwVF40P1YksdWUwxM3hnd/1eQMjn/pCWwjJgd8MJUeVCUiIiIiIiIiQ9H+6iO0trX7nZeSnBT9kapLrpvLaHdCNSc7UwlVkYGQPwXuezPkWwHYcidx9Ma/0pFbFOGKiYiIiIiIiIjEvuGnZPY6L+ojVUVkkG16Atb+d79GrTqT0jlx3tdoOusWn9GoGqkqIiIiIiIiIommqbmFY/WNtLXbAEhOsjA8O5NhaalKqookhNYG2PMB7FwN9VVQ8ym0ncCZlE778NOxZ46iZezFdBSeiyMpM2BCVUlVERERERERERGUVBVJZPv3Heo1gaqkqoiIiIiIiIhIT1G/p6qIiIiIiIiIiIjIUKKkqoiIiIiIiIiIiEgQlFQVERERERERERERCYKSqiIiIiIiIiIiIiJBUFJVREREREREREREJAhKqoqIiIiIiIiIiIgEQUlVERERERERERERkSAoqSoiIiIiIiIiIiISBCVVRURERERERERERIKgpKqIiIiIiIiIiIhIECzhFlBfXx+JeoiIl+zs7MGugoiIiIiIiIiIBBB2UlXJHxEREREREREREUkkuvxfREREREREREREJAhKqoqIiIiIiIiIiIgEQUlVERERERERERERkSAoqSoiIiIiIiIiIiISBCVVRURERERERERERIKgpKqIiIiIiIiIiIhIEJRUFREREREREREREQmCkqoiIiIiIiIiIiIiQbAMdgVERAaSYYDZYsJkMjAM3P+Mwa6WiIiIiIiISExwOp04neB0gsPhxG5z4HQOdq1ij5KqIjLkGQaYzSZMZgOzWQlUERERERERkUAMwzUICcBsNrBaTdjtThx2J3a7EqydlFQVkSHNbDawWF0jU0VEREREREQkeGb3ICWzw8DW4cBuV2ZVSVURGZJMJtdf00wamSoiIiIiIiISESaTQVKyGYfdSUeHA4cjcZOrA5ZUrdhVxZqN2ykt29Wv5QsLRjB/znRmzpgS5ZqJyFDj2smbdK9UERERERERkSgwmQ2STCba2xI3sWo4ndG/E8L7W8p5+oU3AcjJziQ3O7PX5Ztb2zh46CgAM2dM4c4ll0e7iiIJaf++Q+57pfT/HxDwdefP3tPefu7tvVBZrCasVlPEyhMRERERERGRwDraHdhsjsGuxoCL+kjVil1VPP3Cm4wuGMFdSy6ncFRev9arO97Io0+tYNOWcoZnZ3LNwplRrqmIxDuT+wbaIiIiIiIiIjIwrEkmHE7Xg6wSSdSzD2s2bAMIKqEKkJuTyfeWLiY1JYk1G7ZHq3oiMkQYhkFSknmwqyEiIiIiIiKScJKSzAl3C76oJ1VLy3czumCEJ6FaVV3LslfW0dzSBrhuDfDqW5sBaG5p46kX3uRj931X01KTKSk+nZbWNqqqa6NdVRGJY0lJJhJs/y0iIiIiIiISEwzD9Xt5IhmQrU1LSfb8vHL1JtZs2M6mLWUAPP3Cm6xcvYnmFlfidNOWctas3+ZZ/pypE0lNSSI1NWUgqioicchkNjCZlVEVERERERERGSyJ9rt51O+p2t3i6y6laGIhM2cUA7D0zmsB16jUoomFLL72EoomFHqWP6d4Iuf8/J+iVp/2dhu/f3I5AP/0letJSuq9Sbb9vZIXX3mXH3zzZrKz0oP6rG1/r+QPz7zK12+/mulnTQq5ziLiS/dRFRERERERERl8VquJNrt9sKsxIAY8qZqbk8n8OdM9r88pnugz33seuB50NTwni9yczKjUZ//Bwxxw31pg/8HDnH7a6Kh8DsDUM07jV//2NYaladStSKRYLCZMpsT5S5iIiIiIiIhIrDKZDCwWEzabY7CrEnUDnlRds2EbK1dv5t47r6VoYiEPPbqMltY2/u07t/ks9/6WcpatWEdLq+veq4UFI1h653URTa46nbBp66ecW1IEuH6eOH501O7LmGS1kBTk6FYR6Z3ZooSqiIiIiIiISKwwWwxstsGuRfQNeFL1QPVRWlrbaHYnS+vqG2lpaaW5pY20VNe9Vyt2VfH0C2+SmpLE1QsupO54I5u3lvPYUyt6JF/DcbDmKLv2VnPPl6/ZQFN6AAAgAElEQVQE4MnnV3H02Bfk5Z7iWWZf1WGe+MsbHDlaT/7I4T6X7dc3nOSXv3ueGedMprRsF7V19ZRMmcjVC2fy3P+9zd4DNYzKH8HSO65lxPAs9uyv4Q/PvsrXb7ua7FMy+OXvnmfmjGI+3vE5h47UkZebzVdvuYJxhadGbBtFhjLDQKNURURERERERGKIyWRgGAZOp3OwqxJVA55Uveumy7lszjQKR+UB8GN3krQzoQqu0awA//ad2z0jU3NzMnn1rc1U7KqiaGIhkfDRxzvJHzmcglNzAcgbkU1p2S4WXHIuAA0nmnjy+VWMzh/Bt+6+gYbGkzz5/Bs9yvns8wN8/fZrqP/iBH987jV27zvELTfMJ3d4Fk8+/wZvvvMRt/7jZX7r8MG2cr5y8xVkpKfxp7+u4o21H/G1W6/CbNY9IkX6ojgRERERERERiT0mM9iH+GjVAc9INLe00dLa7vO6uaWtxzKpKck+l/p3Pryq6lBtROrR0NjE38v3MGvGFMxmE2aziVkzpvD+R2U0NDYBsHd/DS2tbXzpiosYMTyLieNHceVlF/Yo65JZJYzOz2Xi+FEUnJrLmUVjmXbW6YwZlcfEcaOoPlzns83errzsQiaOH8XIEdkUTx5P44km2juG+LdOJEIM5VRFREREREREYk4iXFU64CNVX1ixjs1by7ljyeXMmjGFBx9+hpbWdn777/d5RqsOz8mics9Bn1GpnaNXO5Or4Sqv2EdN7TEe+dMKn/cNwzVv5owpHKmrx2wykZRk9cxPTUnqUVb39/Jysz0/n5KVTvXhuoD18FeeiPSPEa0bIIuIiIiIiIhIyBLh9/UBT6oWTSyk6lCtJzk6c0Yxx443+Fz+f83CmZSWfc5//c+LFE0opO54A8fqGymZMsFz24BwtLfb2Ly1nGsWzmLWecU+897/qIzNW8s59+wiRuZm02Gz0dTcSrb7AVOBRpyKyMAzJcBOWkRERERERCTeJMLv6wOeVJ01YwqzZkzxvF5y3dwey+TmZPK9pYtZuXoTpeW7ycnOZN7saVyzcGZE6rD/4GFqjzWw+LqJnmRpp5LiiWz8cAf7Dx5m/Nh8hqWl8tpbm7nhqjk0NJ7k9bc3R6QOIhI+Xf4vIiIiIiIiEnsSIKc68EnVqupaSst3M2/2NNJSk/m4bBfHjjcyf840n+UKR+Vx713XRfzznU7YtPVTRufnkp+X02N+fl4Oo/Nz2bT1U277xwV85eZFPPn8Kn74iyfIy81m+tlFbPn4s4jXS0REREREREREZEhIgKSq4XQ6ndH8gLu/8zCTThvN9+5dDMBDjy6jcs9Bzz1V7/7OwwD88eHv+KxXsavKc1/V1NRkiiYUUlI80efhVSISnv37DmEYRlD/gICvO3/2nvb2c2/v9Udq2oD/XUhERERERERE+qGleWg/iH1AMhItrW2en5dcN5ePy3ZxTvFEAJbeeS3Hjjf4LP+nv77J5q3lPu+Vlu1i5epNLL5urs/tA0REREREREREREQGUtSTqiVTJlBavpuq6loKR+V5/nXqTK52Wrl6E5u3ljO6YATXLJzJOcUTqTveSMXuKpateIenX3iTMQUjIvLAKhEREREREREREZFgRf0xL/PnTAfg0adeoaq6ttdlm1vaWLNhOznZrgdVdSZcc3MymTVjCvfe6brH6srVm6JbaREREREREREREZEAoj5StWhiIXcsuZynX3iTB3/9Z4ZnZ5Kbk+WzTEnxBObPmU5VdS0trW3Mn+N6iJW/snKyMykt3x3taouIiIiIiIiIiIj4NSD3VJ01Ywq52Zms2bCN0vLdHKtv9JnvdDqZP2c6w3OyyMnOpGhCYa9lfVy2K9pVFhERERERERERGVQOh4MOm50Omw2nw4nd4QDAbDJhmAysFgtJVkvID4CW0BlOp9M52JUQkcGxf98hDMMI6h8Q8HXnz97T3n7u7b3+SE0bkL8LiYiIiIiIiAwoh8NBa1s77R22fi2fZLWQmpIcU8nVlub+1T1eKSMhIiIiIiIiIiISIzo6bDS3thHMOMj2DhsdNjvD0lKwmM1RrJ10ivqDqkRERERERERERKRv7R02mlpag0qodnI6nZxsaun36FYJj5KqIiIiIiIiIiIig6y9w0ZzS2vY5TS3tNKhxGrUKakqIiIiIiIiIiIyiBwOBy2tbRErr7m1DYf7oVYSHUqqioiIiIiIiIiIDKLWtvaQLvkPxOl00trWHrHypCc9qEpEpFdlPPqd1ZT6m5V3Fg9+/zLyI/6Ztaz6zz+zvBZK7vgO906N+AeE7OOnHuaxMjj1ilv52by8fq7VQNmKV3hu81GO2WJvm3xVsf7PH1EBFF16AxePGuz6iIiIiIjIUOdwOKJyH9T2DhspyQ5MJo2pjAYlVUVE+sVMYVEhp6Z6vZWTT9qg1Sd+1Kx9kd9ubARLJlNKcihKtREbhx9/yesGykr3UQp0lKCkqoiIiIiIRF2HzR7VspOTlFSNBgu/TwfA6QQDcOKeOsHAwInTNXU6Pa/BcC2A0VVStxHKvuX5rt/52ucTA5TnUx/Dq15OJ4bhVY73AhheK3rVx/CqlxPP+p76+Kzf+Rqfiviu77+d+rNdobdTtx70104ByouJduqr30LYrtDbqT/fb//lhd1O/liTMYZlYQzLxsjMxXzWXKwXfgljuLI6sWEYM669gUUjB7se8aaByrJGAEqW3M295wxydfpUzL0PFw92JUREREREJIF02Po/SvV42To2UsK1xdn9Ljs5yRpq1aQXnqFChjsBZLgTST4Joh6vOxNIXiV5Jea6l9dzfadn/b7K864PXgk53yk9pr4ZYnzWj0o5QW5XqO3Uff2A7dRHvw1aO/VVTkjbFVo79ef7Hai8sNvJn442nF/U4vyiFqorsO98n/Zl/4656HwsF16P5byrMDKGB1hZBk/naMdM5lybT+XrFRy2gWXMNB64NYe1f1zHplo7lox8lnzjZi4eCexYxt1PH4TiadydsountjZis6QxZcHl3DNvvP/Rr42f8cJT61h/oBkbYMnO55pbr2XR2Cqe+uHrbGpNZt4372PJWNfiZX/9Db/damfKkq/z7RmwZ+0rPP5WDcdsrnVvuPNG5o9yHwKOf8JTT63jo0N2bBYzhTMu51v/MJmsfmx95+0ASq6dT9pm17ZiyWbe0sUsSdnEj371dw67ly197mHufm40Sx9ezDkBt2dYgDYdzdI74LGnD0LxWXy5YxcvVDRjs6Qx88s3cHHtGh59q4ZGm5lTL7ycB/5hMmlAw64NLHu9nI+7f073uj39MHczmqUPz+Vw99Gr/a3rknEce/3vlJ8AS8ZovvzNxczKCeU7JSIiIiIiicTh6G0EVpeWz1by3y/V0Mo+6i2LuWNy39dOOvtZtgTPM/6382a4TnfGx99IwK6RfF3Le/QYyddVXuCRhfRZns98w6tePiMefed71vcZgek73ycB5hlZSI/yeo7ADFCfILcr1HYKPALT2Wd5MdFOffVbCNsVajv15/sdqLyw2ykI9ooPaXv6+7T8xw3YS98OvgCJkCa2vPISj/+5699LnzV4zW9kw+s1DC/O51QL2A5s52c/X8Oe7EKm5IHtRA3PvbAB7zUo285TB4ZxTnE2mbZmyt9Yzm82He/50R2f8fh/vs7aA82kjRnNjKJMqK9h+e+e5YX9k7l+YTbQxqZNn7mX38aarXZImcD8GcOoWfs8v3ijhoacfGaUjKbQVsOyX7/IRx3ush9ew6ZDFgqLxzFjwjBqNr/OL1ZUBdU6pa90bSu2etb+eSMHUvMpKRlNYYprmeFjxjGjZDzDe90e71Ib2fBKBYdJJjNjGJ6/rZb9nZUtORSPSQZbM5ue/jO/2NjKaZOzycTO4c1vsmyXa9GGsgrKWodRXDKOGcXZpNXXsPzxtykLVLeg2r5bXV+ooHnsaMZngO3EQZ7+v210BNWKIiIiIiKSiBwOR98L1W3gD8tqaAWgnfJlL/NOXd+r2ftTtoTEk1Q1DNel166RfO6RdXglnrxeey/v0f2lV3nd1+983f3z/JXnM9/pVS+vEYHd53vWd3qV022+z4hCz0hIepTn2S7vEZj+6hPkdoXaTt3X99tOAcqLiXbqq99C2K5Q26k/3+9A5YXdTiFwHPyMlodvpfnBq7FXfhR6QRIiO1UV+9hS2vWvtLrNZ4kp/3Ar3771ZpbOcf+1sOgS/u2eG/j2HWe5knUHjuKTqswo4nvfv5l77ryLX37Z9birvZs/oftxsWHLJra0AhNm87NvLeaee+7mgdlpQDNrN3xG1oVnMwVo2bqdjzqgYfMnlAOFC+dQTBXrNzYCyRQWJAMWcrPTgBo2lbbSUbqdLa1gycsh1wKkZpKfAsdKy9kTROtkzr6Rn91zA9/+l0uYAlDfwLHMYm64dS4zMl3LFF56A/fceh5ZfWyPt1MvvZHH/vM+Hv7JVXguys+Ywr3fWsy935pNCQDJzLvzLu698y4WF7v7ar8rOT3myhv59rWTOS0VsAwjKwVoPUpVi/+6jQmy7b1NWfJV/vXOxfzrnVPIBKg/3qMvRUREREREgtZawdNP7OSQz5snWfXESspaB6lO0nX5v2uEXedIwL5G8nWODPTKEPkZyddVXqCRhX2X51OfgCMeO0cGepXjZwRm1/qBRhb2LM/fCEy/9Qlyu0Jtp95GYBp9lBcT7dRXv4WwXaG3U9/f70Dlhd1OYXB8voXW33+VlG88hvnMi8IvUPopk+vvv9vPPVVrPT9ZU9zDHlPcu1Zrsmd0pWtq8x25OHYcp3XOLxjBqdRw+FAtVa60pEdzi+um5cPHdj0Ya8yEHNjYDC1NdFinc83sjyjfWMObm8vYs6EeyOfyC3OAQxw7AdDG3tJ97PUq91hjI3U0uWpWW8OWWq+ZrQ2+o2r7kJaR3GObA+lze+i6Zv7UMYU9y0s143pemNn9RrIrWQqeZTuwAVW89J8v8mZ9EBsSRl27+t9MGtAY+seKiIiIiEgCMZlMgUertlbw3CPvUt7mZ15bDc888jq333clxSn+Vzeb9JCqaNE9VSNVTpDbFWo7dV8/YDv10W+D1k59lRPSdoXWTv35fg/oPVWD4PyilpZf3kjykv+H9Yql4Rcog2P/PvZQzGlAx6Gjrvt7FuRRCJ57fQLkZg4DGjm2v4ZmCkkDampdKbvUjCyswGmXTqFw4xaqXllNFTB89mzOswKkkJYCtGaz+Md3MT/TtwoNm1yJydRzr+R3N02O5tYGtT0RceQzSusByziW/vsNnGM9xEv//lf/SdYA94UfsLqKiIiIiEjCMpkMAl6lX1dFRVMvKzfVUlEHxaP9zzZMYVwyK73SSFWNVNVI1V6+37E4UrWrEg7aXvgZplFFmM+eF8GCxT/XPVWrUr3eyili8ZV5oRd5ooKH/rORc/JaqShzZfoKS6aQ220xa8k0Zqx4nS27N/Kj3+6lKLOJirJGIJNFl050LZR5HpcXbeGPFQDZzL+00L32RC6/NJNNb9Sz7Od/pKw4h7SWBsp2wzU/vIv5M2Yy4/XX2bL1db5T+wlFOVC3v4bDEy6PWpK17+2p7auI/hlZyGkpf+dw6z6WP/USm1pqXElWjzxOG2OGWjulr/yJR8sKuPjaaYNTVxERERERSVhWiwWbze5/5uj5/OzH88MqW6JD91Tt7z0wvUdg+qtPkNsVajt1X99vOwUoLybaqa9+C2G7EuWeqn45nbQ8+nUcNbsiXLD01POeqlvKamgOp8jsccwf08THZfU0WswUXngl353nJ0lrncw937+SeWPSaD5wkC1l9TTnjWbxN2/2uh1BCkWTswFIPXemz4jU/Hl38qMbRlNoaaS8dB9bdjeSO3kip1n9lF16kCpymDE5jGRxX/q1PZEwmcX3nMWUDDhcsY89mROZ2W2ziq67luuL0rCcqKe0tIGObiN5B66uIiIiIiKSqKwWc98LxWDZic5w/m6YE3Bf6uw1cNHplcDyM5KPACMLPS99ygs8spA+yvOpj+FVr24jHn0W8DsC03v9ztc9RxbSozx8KuK7vv926s92hd5O3XrQXzsFKC8m2qmvfgthu0Jvp/58vwONVA2znSLMPOk8Un+0Muj19u87hGEYQf0DAr7u/Nl72tvPvb3XH6lpcfoXtx3LuPvpg5B3Fg9+/zLyI1JoFS/8+4usrU9j3r98gyWjIlKoiIiIiIiIDIDmllbaOwLclyxESVYLaakBbrY6AFqaI7s9sSZ2RqpmjYXMMT3K00jV4EdgBiovJtpJI1Wjwl75EbZtq6JTuMSF5i0bWVsPFJ3HDUqoioiIiIiIxJWU5KSQBxz5YxgGKclJEStPehr8kaqFF2Fa9D+QNda1YsN+HG98Aw685yk2pBGPGqkauN80UnXIjVQFMI2eTNrP14Kp/0P7NVJVREREREREJDZ0dNhoammNSFnDUlOwWgf3d2aNVO1jJJ9HKCMw86Zi+tLzOKvew/nMLBxPz8JZ9R6m65+HrDE96qORqj3X73q77xGdMdFOGqkaNY6Dn9Gx7rnofYCIiIiIiIiIRI01Qpfrp8VAQjUReJKqrpF+uEfq4XckYNdIvq7lPXqM5OsqL9DIQmP6Uqgtw7nqGziP/B1qd+B84xtQW4Zx0QM96uMa8Oe1vmfEo+98T318RmD6zvf/tHZ6lNdzBGaA+viMmCSi7eRdXuARmM4+y4uJduqr30LYrlDbqT/f70Dlhd1OUdKxcVl0P0BEREREREREoibJamFYakpIV3QahkH6sFSSlFAdEAM3UjXlFJj5A0yX/w9Mucl1uXDWWKja2KM854GNrnmAaeotGFc8humiByApSyNVNVJVI1V74di9HWf94eh+iIiIiIiIiIhEjdVqISPI5GiS1UJmehoWc/9vCSjh8fSOa4Rd50jAvkbyed/DsrMA34J9yks+BePW98AwoPbvGIv+F2fe2Tgb9nseTuVdnpF3Fs6G/Rjzfokx9RbX/VXHzMGYejP2P12E0dbY496cnfew7LpXJz1GYBrukYOmcXMwXfu/kFHgXWM4cRjH5t/j/OAxmHojlisfxln+MvaV38R89e8wzrwG+1s/xrn9GZ/yjKQMzLf+7f+zd/9xUdb53sdfM8wAgzEoKiqKGrINu2BBCmelxLW01H7o0e7VPFmxZ/G02l3di251Kre13VNtsmfrkdrJ3UOubklHvbPVtCRN3HAPaGrCfaT1N4o6KsaY/JAB7j+G379BhkF4Px8PHzLXj+/1va6Zz1wzn/lc3wtD3+E4NzwBx3d37Dg1W4FZd6zPBs9gnQpMQyvttfc41bTXqAKz8XFvqlLV0Ki9xmOqNupPB/ar48ep9dd3c+1d93FyI+dXn2K++zH3b0hERERERERE3MJoNOJn8cXXp4IyZzllTieVFZWUV1QA4GU0YjAaMJtMeJtNHapsletTk1R1VdJVV+o1SBA1elxdmVenpQaXNtdrL2IuGAxUrI7DUOqAiLkYpr5DxbppGOd8AvavYd9K1718xi6A791H5QfTMD78CRUb58LfN4NPX4wJf8V46z9RkbWifmVgJY3+r1eBWVmnP3UrYvP+RuVXKVWJ0T4YY3+GcfxiKq+ca7py0rcvxtEzKf9qdb32DNFzMQweDSWFNXmzjhynxse5zv5Vtddw/Zr9q/O8Nd9eO49T3UTh9Rzv9rTTof3q2HFqy+u7ufau+zi5UcXJbPduQERERERERES6hNFoxMfbiI+32dNdkQa6pFLV6NsXSr51VZhSicFxyrWQ/RCVW5/AcNfrcNfrrtZKC13jqhZWLVP6rau9km+htBB8AtpW8dhKBSYAzhIqvl6HAQMVlZXgY8UY/wsMw8dReTqrwQ65/jMMuQ3D7Y9RsW+1qz1zH7wi/xG8+0BJYU1iUJWqqlT1VKVqZaHd/RsREREREREREenFuqRSteLvf8E47nmIew7Dqd0YJr4GFw65kqT2Q1R89jSGvqGu1S8fg4K/g+MU2A9hvPs1KtKexTg8HoJGU7lxbv3+XEelanU/a8b4vFbkmmg0N12pWnTJNTvyH6n86k9QWYlX1BwMA8PBcQYwqFJVlaqer1S9mOfeDYiIiIiIiIiI9HJdM6bqhWwqPnoY412vQ9y/wpEtVKQtxjhnC4SMr2mlXhrz1G4qNs/HOPkNjHO3QuEpKjY+TOW3J9tW8diWStW6+9n/FozffwAqK+D8oap26i4IlJdScXw3xu/dg+H2R6n8ajWGyJlQdInKK2cxBIaqUlWVqm07Tm5UcUFJVRERERERERERd+qSStVKHyuGoNFUZq+tmW+cuQ4wULn6Dirth6oSU1Uzg0ZjnPYOxvv/g8pvtsDJdMCAIWg0nPqSypJvO6VS1XDzjzC9VFjbaWcJlV+vo2LvHzHeOrv+kapqp/Lvn0HIP2CMnEml0YQh6AdU7HsPQ3B01X6rUlWVqp6tVBUREREREREREfdyf6XqwEiMsz+BUkftOKm+ATBwNBXrprluUtWwPfshKv76bxhnfuC6sVV1+32HYxi7gIr376fy/NfXX6ma9zfK9/2na7/Kiqg8thNKr9TpT90dqmr2uwtU/H07xtEPYfAfDFcvUPHVWryCo6q2U724KlVVqeqZSlVDQJD7NyIiIiIiIiIi0ou5vVLVGPcC5P2Vyk1za9cPudOVaKWFis5SVwVpxV9fhVO7qcrUYZz1AYbxz8OGudddqVrpLIHsD6mo3u8G7dRT0w5UZP0B46i7IPBmKv76eyovHaE6IahK1etsp0P7pUrVuox9lVQVEREREREREXEnY/Uf1ZWZlVUZn5Yr+WqXr9FEJR8AYfdRmfPnBu3VXa2Z9ho07Kr0g4qv12L43n0NKh5r59e000QFZr35dfpZW1lI/fYadsNQVYl6IZfyjLepyPoj5QdTaxJ1rvVa2a9mjlPLFZi17bVUgdlaex05Tk1XYNLouDdVqdqwvcaVqs0/L+3Zr44ep7a8vptr77qPkxupUlVERERERERExL3cXqkKUFla2Hj9mtWaaa9ew3Xau+aoeXy9laqttdOoG5W1laiV+96rXa/OHqlS9Trb6dB+qVK1Lq+wMe7dQC9z/sK3nu6CiIiIiIiISKcaNLCvp7tww3P7mKpULdVypWoT7TVouHoMy5pEbb2Kx+rKwDrtNFGBWT0GJifScf7++y2OgVlxcB0VX6fWrF++6amaStWmxgp1rp5ep2Ky/cdJY6o2fZw0pmr7mX44w/0b6UV0ohERERERERGRhmou/6+uzDTUVFzWSThVV/JRWW9+PQ0f1h27tFF7dVdrpr0GDRtqSkDr9K9O5Wn1/Jp26lZONjG/XkVhTSUkjdqrnxluPL+p49TifjVznJo6zk211yjvXDPZ0Gp73eI4tfa8dWC/Onqc2vL6bq696z5ObmIcdTsGjakqIiIiIiIiIuJW7q9ULS3EGDGXiorq9sEwcDQAhqDR1I5hWX99Q5BrGYIiobKC6kI/Q+TDUFp4XZWqbqnAbKZiUpWqqlTtykpV05gp7t2AiIiIiIiIiIhgqHyrT1Wax0D9QR+bTlzVHRO1YSK0fsKoqr2IRzBMfA18Ajqnx6WFVKQ9B4ferz92ZVV/DIY6/aqXMDQ0WMDQRCKsdnbN/tVJONZUytYkJGsTZ/WPU/0C0DYdp2YSfA3ba7x+nf2jspX2uslxau15a/d+dew4teX13Xx7nXCcOplhQAh9kv8GRq82r3PyRD4Gg6Fd/4BmH1f/Xff/lv5uaVpbWPxMrS8kIiIiIiIiIl2uuMjp6S64ldsrVStz1kLOn5utLGyYMGvYXlOJwDZVPKpStfnnTZWqPbJS1efH/9quhKqIiIiIiIiIiHSM28dUbesYmG0aU7OyTr9aG5uzbqloE/M1pqqHjlNrz1sH9ktjqoJxWDimcf/onsZFRERERERERKSemqRqZdW117VjnLZUyVe7fI0mKvmq22u+spBW26s3v9mKx/rza9ZvUIFZd37TlYU0aq+pCswm+9PO/erocWqpArO19rrFcWrteevAfnX0OLXl9d1ce9d9nDqT7034/myFGxoWEREREREREZGmqFJVlaqqVG3h9d3tK1UNBixP/xHj8B90csMiIiIiIiIiItIcVaqqUlWVqi28vrt7parP3F/hFTmhcxsVEREREREREZEWqVJVlaqqVG3h9d1tK1V9b8Ly/HrMU+Z3UoMiIiIiIiIiItJWqlRVpaoqVVt4fXfHSlXD4FH4Ld2G1w/uvP7GRERERERERESk3UzVf7gq6aor9RokiBo9rq7Mq9NSg4RR3fYar19Zs35r7dXtD3UTV/X+p9H/9SowK6m3vlvaaed+dfQ4NUrMNXecWnnePHacWmunQ/vVsePUltd3c+1d93HqAEO/IXjftwDzXfPA7NuxRkRERERERERE5LrVJFVdCaXqSsDWKvmqKwPrXMvcRCVfbXvNVRa23l69/jRb8VhdGVinnSYqMGvXb66ysHF7TVVgNtmfdu5XR49TSxWYhlba6xbHqbXnrQP71fHj1Prru7n2rvs4tYNX5ATM42Zgin+4/StLJ8pmedKnHGgwdfC0ebxyd1CnbGF/SjIbh3dee+2TzfKkL+DxBBaO7lM7+fx2XvptATOTZxPtgV6JuMX57bz0268512By1ONJLBzdGRuws/X1NRyb1lnttVOLcZvN8qQ9hP4ikamDPNA3kU529vNVLPnE0WDqMBZ01nmru58Hz2Ty7g6YMi+W4U3Mvrh/AyvWnyCvBDB5MXhUBI/MmYzNCoWHt5F6dBiz74skoMWNFJK9JY3cUZOYFd7ykiLX4/o+C3f03Kvzooh0nCpVVamqStXuUqnqZ8UYNAJj0EiMg0PxCh+HV/gPVZXarViZ2aM/cJVy4L332dqj91GkWicmXUTEsyLvZVVCpKd74RkFx8k6ADFNJVWPfMTS9aXMSnqaCYEmoISz+7fwl9XWQKkAACAASURBVOwCbHGBFJ3JIyvbiwdaTaqWkpd9ggO+pcwKd9eOiIiI3HhM/O/vmp1paOP/rWlrO21tT0SkW6mqYomadpW0Ty7jNPVjZmI8hVs28/mpckxBNp75+f3YzFW/oEfGUJaVRc4VsNpieDohnuHmBm0WHCRl1U4y7OVg8iNi+nSeiQvgy3ff4S9BP+a1GSGu5c5s47kVJTzymxlEOg6zZuU20u3lYLISnzCXeeF9oCyPtJTNbMgtwlnTVnATO+JHVCRsfOsjQn8zA1vD2WV57Fq7nQ2HL1PsBFOQjYVP3U+kpaqywP9WQrO/JuMKWMdO4umww7y5/jQOpw+3zPoxi+OCACen0j/kzS1ncThd+79ofjxDOv1JEemgQ6kkftKHmcPz+HhvEfiPJCFxJFmrvuDAFbCOGs+iBbEMqY77WeVkbDqLAz8i7rufhfEhNAzni/s38Oa6E5xzgqnfEOYkzmXCoDzW/fpDzt23kGeiXT+ele1/nwU7hrEsKR4Ob2ZZSq5rnTqxRnNx3oKzGe+zbNNZHE4vbh4f1qh/Ij1Vm89NVXE/e9RZNuxx4DRZiU/4MfMaVWVe5djnm1j+mescZgm2MX/B/UTat/HcWwXMfG0usWaAEjLfXc628ASW9NvetvcUaDa+XfsRwy1HvyLdXl7zntA/o7ZKd0VScqOrZy6evECxZSS3BFbX0fgyJHoW86uOzYpsgK9ZkvQ1UY8n8Yh5M8vXH+H45bqfPQpqr9T5ZA2JnwxjQfJEztWrCKxbIVhA5gcbSNnrwIkX/W2387TO89IBzb3ua86Fq7aRkV+O0+THzfGTWXyftXblhhXmDR63dF4sbO78KyLSBFPri4iIiIuDjb9NZmPN46rKVQDOci4wgZXJARxb/zavrtzJzF88w6qqxMmGrPH8a5xrrQOHS3nphSSeIY8Nb33IsvXBvPVwWJ3t2Nm6Ko28yB+z4r4QzI6DLH99IylBT5IQP4rUNfvInhFCJJCdfhhiZhGJna0rt+G4J4FV0QHgOMjy1zez/zfTYe0Gdg2dxVvzQzCX5bHhd1vYOqqpalQTodPmEvdJCstTsnktIRK/urPNA4mYNou4hADMOMle8zapGXYiq77AnTtaTuILSSQ4M3njxTSWldzLa6/Phqz3efqjDHLjZhB6aAPL9gSy6NdzGW52cmpLCis+D/fQkAfSu51mRVJyncd1KlftZyl6JJGVD5fy5Yp3WLXCyYIXk1jIPn7/4m62HYklwd/VRs7lH/Pa6yFwZjuv/m4Ta4OfJKFuOJ/fzptrC4j6+dPMGmqicH8qL731EYN/M4Op8f1YtCOTwuh4Aihg146zRNw1k4Dz23lpzVUeeCGJWCuuddZl81ZCUDNx3kLF7ZltvLnhKnF1t78bemlNn/RU2Z+SmPRp7eM6lattOTfZAOwnyL1nHisfCnDFyaoNDP/lT5hQZzNlhzbz+x1ePPJCErFW1znslXfTWfZ0LJOCU9i2p4DY+EBwZLItdwhTEgLhMG17Twlr7jw+27UfhwuY/dQzzLMWsDU5hY0ZcSy5O5FVQakkvkeTlfcD4sYRs/tTlr5+gQnjIogeFUbo0D6YgeiEJJZ+voole0ey9NnJVUndWBKevZ8hZqBgJ0t/s5v9cbNZmBzE1tfXkDG2OmlrZ2tzz8XhnazKHcLzyYmEUsKp/Ueu99mVXqyp133k3U62rtxCzvD7eC0pnICyQnLzS9v+g2FL58Xz21nW5PlXZ00RaZqSqiIibdbM5f/nAYYQE+2qaLH084GgkUQNAgjBNhRyiktrFo+IH19VmRrCrLuGsW3Lcc5SJwtTkEOWvR8TxldVvFlvIy4sjbXZeTBjDHGWD9l1CCLD95G218qkX4ZAwU6y7OXkrf0DiWtr+xt6/gR52eWc40MW7KjdRJQdaPIS/z5EJ8zkXPIHLPs8kCX1PkMWcWzHR6RmX8ZRUjXJaQdcCdH+kbe69svshx9gG1uVlB0+kMElBRQBuQdOU2w/zSvP5dQ2G1nbhkjXaeHy/34jiRtqAkz4WYCwCKItACHYgso5Vgz4Awzh7nuq4nToZKZEfs3G3HwIq/14dTH7BOeG25g01DUtIDoC29ov2H8S5oy7jYhNX5FxPp6pzkzSCkbxSLQvFz8/wbkSB6t+lcyq6oaCAjlbcKGZOKeZeIaLh/O41Gj7ezp81ES6pRYu/2/LuQkA/zCmVp3HA6LHM2HLB2QfhQl1LuzIPXAaIqcTawUwMXzsSAbvOE12WTwT7hpC6mf7OBs/mbIdOVwcO7GqapW2vacU5DQb34OB/tGxRFoBAhkcCHmn8oHAlo+LJZL5L4dx8WQuWVmH2ZC+k7wrViYsmM2cEY0r3IsuHyR1ZS659lKcVds/18L7S5OCQ7ilOJN169N5MCYSW3SkquOlw5p83RdcIMtuZcLj4a5hK8wB2EYA2NvUZkvnxYvZzZx/iVS1tYg0SUlVEZFO0uEvDc5yitu8cIirum3PPs5ePkiO7TYWWoECACszX0hkar3vWId5F4hJTGJ+m8dBC2bqgns59uuNLGdknaZ2siq7D48/+yh3WE3kfvB7lpXUzjb7tvGUEnUfq+ZpUDbpxq4jA1BWVk6bP16ZxzBp7G7W7skjpLi66hwuAgTfzqtJExlQd/mCnTQd5yLSnDafm5pQ5ixpfaHq7UTfTtz6new6GUJxFsQtqHOea/N7StPxvZ/r2Q9fBoy4jakjbmMqcGrLSl5Zn8mkpIkNlitg1/qvuRT5Y966LwSzI51/+1VuG7dRSmH1BxlrLIt/bePY0YNkfrqB5ScDWfjyLCKVWZUOuJ74raekvPYHlNY0df4VEWmG0dMdEBHpbXLSd3OqDKCAtPTTWGwjCa27QGAEMUGX2bU7jzIAx0EyjvgQGekaRzVg3G1E5O7h1U9LufveMa7vaoFh3NLPQcaOIxQCUEhuVjZnGUmUDbLTM7lYBuDkYtY+Wv2aZIlk4VM2Ln2SW3uHdJMXFsBsNkFxNmnZ5e3ed1vkEDj8FbsKXDUwZQWZfKkrA+WGdZbPP6uK04J00rK9iAwPqbfEgMiRDD6VS9oZ12u+cH8Oub7DiB7hmh8ZHw5Zm3j3QBAP3Otad0B4CP3zj7D1iCuacRzhy0P2FuK8eQPCQ+jfcPudtfsiPcmVI2zd74qsoiOZZF3uR6St/s1CbVHDIHsfmQ4AJ6f2nuDc8GFVCcNw7o6BjHfTyBwRy4ND27n9DsQ3AEGB9KeUoiZ+nS06tI01+/MpKquaUFZInr0US/AQBgBDAq1QXFr1w64XfibX/2bgbFYux2s3Qv8gKLp8teqxD36+kHc0z9XsyYMcuFI16/wR9hf4EBoez5z5k4gz55F1sp3HQqQlgRHEBDnI2F0VK2WF5J5sUKVq8cFCAbknAZwcyzqOo2pWS+fFZs+/IiLNUKWqiEibNRxTFddNIdo5zFJUuA8bf5NcdaOqW3lmRsOqzSCmJk7i3KoNLNhRfbOImbXjNJrH8OC4Pbx6MoKpI6rXCWHOgkmkpGzmuaRynCYvQqLGkxjlS+y8mVxas42XnttdddOICBJsgJWWDZrM07PyWLSh6nHYZOZHv8/yF5NJ8R/Jg9HW2i9RbWSOns7zBZt49/U3WVt1055Jc2zQyn2HRTpfwzFVIerxJBa2q41hRPTbzXPPVt2oatp0ZjcM50GTefqRDbz51ptsq75R1VN1bgQ3dDwPDM0htd/t3FF9I4yhU1j0yAZWpPyBxBIw+fYj9qH7iW02zmm+Em7oFJ6e9T7L3nqTbU4vBo8bSUgzi4rcsBqOqVo1vEe7BI3EdvRDfrbWdaOquEdmMckKdS8lMY++n2fsm1j+m2RWVd2o6ukF8TVnsOH3jiFkdwYD4sfUH5O8TVqI75YMiuORca5z83sNhkHwGxHGkA3beG6d6waTmLwICY9j0UNVb1TR43kkaxNvJCUzYNo8XpkTQ+bKD0jc4cXN0yKI4kRNW7HTYshYuZHEPVVDIc25nS9/9yGJu8FqG0VoP9dyZSV57FqzmRWXywEvBo+dxKK640yLXLfqz8mbWZTk+px8c/xkFo+o88HWGk/CtCMsfSuZz01+REQF0r96XkvnxWbPv9d1EYuI9GCGysrKSk93QkQ84+SJfAwGQ7v+Ac0+rv677v8t/d3StLaw+N1ovwvVvTvu9beTe0/tXcNFpIs1vLNwR5Vls/zl3fRf8DPmtLeyTUQ6x6FUEj8JrL1hUweVHUolaVMAi16cwvBO65yIiMiNq7jI6ekuuJUu/xcRudEczmCrYxSTlFAVueEV7snkQGAEU5VQFbnBFbDrs9MMiI9VQlVERKSX8GilalFxKX/5LIMvM3MoLnHdGdvi68MdsRE8cE8cfhYfT3VNpFdQpaqIiIiIiIiIuENPr1T1aEZi3Uc72bM3h2HBA/HzdSVQi0pKSUv/iqtFpfzk4Sme7J6IiIiIiIiIiIhIIx5NqlYnVH+Z9Gi96b9K/hN79uYoqSoiIiIiIiIiIiLdjkeTqlERo4iLbXzb7AfvjSMjM9sDPRIRERERERERERFpmUfHVBURz9KYqiIiIiIiIiLiDhpTtRPlnbFzIOdoh9aNihhFyNCgTu6RiIiIiIiIiIiISPt0SaVqUXEpK1I2kXs077rasY0KYUHCdPwsPtfVTnHJNd5ctYEI20geuGfcdbUlciNTpaqIiIiIiIiIuIMqVa9TUXEpy1akkpd/gaiIUUSN/h4D+lnb1cbFyw4OHPo7B3KOsmxFKosWzL7uxKqIiDtUVlZ2OEks0pPdiLFxI/ZZpCvciLFxI/ZZxN1uxLi4Efss0hUUG57h9qRqWvo+8vIv8MA943jw3rgOtWED7oiJ4D8/2MaevTmkpe/rcFsiIp3pWpmTsjInTmc5Zc5yjAYDZc5yT3dLpNsxm7yoqKzEbPLCZPLCbDLh7d29qs0VzyJto3gW6RkUyyI9x40Qzz2R24/wl1k5WHy9OyUJOmfGRPbszSEjK8etSVVneTmf7dzLZ7v2UlRcym0/COWfHppEX+tNnL9wmf/6yy7+55uTlDmd3Dx8CP8y736s1j6sSNmEyWTiX+bdj5eXEYANW9I5ceoc//ufZ3LkxBk++L87OH+hgKAB/Zg7825+cMsIt+2HiLjXle+KqaiowGg04u1tpo+fLyaTl6e7JdJtVX8hcjrLKS4ppfRaGf43WTzdLUDxLNJeimeRnkGxLNJzdOd47qmM7t5AwWUHIcG1N5i6WODgYoGj0XJvLE9l2YoPW2zLz+LDLaHDuHS58fqd6YsvD7I9fR+P/q97eO2Fn+Lj4837G3dQXl7B1aISRoYM4uXFj/PKsz/By2hkw5bdeBm9GHubjWMn87lYUAiA47siDmQfZdzYCM5fvMwf3/+EW38QymsvJDJlYgxr/ms79ovfunVfRKTzlZdXcPGSA6PRQIC1D/43WbD4eutDnkgrTCYvLL7e+N9kIcDaB6PRwMUCB+XlFR7rk+JZpGMUzyI9g2JZpOfojvHc07k9qdpQygdbWbYitdH0vHw7p86cb3Kd3CO1N7gKGRrEsOCBbutfaWkZXx36O+PG/oDbb/0egf2sTLkrlouXvqXQ8R2hI4Zw/+RxDOwfwKCB/fj+LSO4dNlBSek1Imwj8fXx5mDOUQCOnzyL0WAgwjaSQ/9zjADrTUy7+x8I7Gcl9vbvEzSgLyfyzrltX0Sk85WXV1B4pYi+ffvQx8/X090RuaH18fOlr7UPhY6rHvmwp3gW6TyKZ5GeQbEs0nN4Op57gy4fYMHP4sM3x1zVqgMCa29YtSTpsSaXzz2Sx7KVH/L4nCncERPBnBkT3dq/kmvX+LbwO7YfO832Xftqplt8vfnWcZWSa2WkfrSTU2fsfHe1GIBRI4MBCLD2IXp0GF8d+jt3xEbyZVYOoSODsfr34fyFy+SdsfPMS8vrbS/s5qFu3R8R6VyXv/2Ovn37YPLSL+UincFk8sLq78flwu/qfS7oCopnkc6leBbpGRTLIj2HJ+O5N+jypGrU6O9xIOco763bxoKE6fhZfADqPbkXCxz4WXy4VFBI2u6vANiTlcPw4IH0DwygqLjUbS8GX29v+gbcxK0/COXeiTE1040GA76+3ry7ZjNXrhbzzPxZWP37kJa+j6Mn8muWi40KJ/Orw/z3V//DydPn+encqRgMMGhgP4YPDeKn/zQNX1+f2u35eLtlP0Sk8135rhiLxVsf8kQ6WfWlSle+K+6ycZ8UzyLuoXgW6VwVFRWUOcupqKikvLyCioqOV5sZjUa8vIwYjQbMJi+MxuYvXFUsi3S+zoxng8GA0WjAaDTi62PGYDA0u6wn4rm36PKk6h0xEeQeyWPP3hyWJv+J6NFh+Fl8sfj6EBcTgZ/Fh6XJqwHXC6K4pBSA3KN5LP3dGixVCcm3fvPkdfelpPQalwu/q3lsNBjo08eX20d/j+3p+/j+94YzfNggHFeuknskj4l3RuPr443Z5IWvjzeXCgr56utvCLDeVNNG8OABjAgZzEdbv2TEsCBGDBsMwOjvh/JFxkGyDuRyZ2wk5RWV7M/+O9GR38Piq8SqSHd37ZqTiooK/G/q4+muiPRIffx8KXRcpazMidns3o8nimcR91I8i3SOouJSnJ14p/uKitokTmlpGWazqcXvooplkc7T2fFcWVlJebkrOVtW5sTLy4jF17vZH0u6Mp57E48cyZ88PIUBgVbS0veRlv5VzfSQ4IHYwkKYPeMu3lu3DYBFP/sxtrAQ8s7YeWNFKsUlpTw+Z0qn9OOzL/by2Rd7ax5bfL15Zv5D/OiO27h2rYyUddu4WlRCX+tNTJ4wBoMBZt03nv9Ys5mXXv9PRgwbjC1sOOfsBTVteHkZuSMmgkP/7xjjxkbg7W2q2bfHZ9/LB/93B5u378FsMnH7rbcQGx3eKfsiIu5V5nS2+Gu+iFw/o9HItbJyt3/QUzyLuJ/iWaTjyssrKCoupbKy0q3bKStz4nSW42fxwcur6ThSLItcn66K5/LyCr67WoKfxafZm7p1VTz3JoZKNz+ziUnJ3BI6jMULZzc5P++MnaLiUvwsPoQMDaq3XlTEKBb+ZEbNtP/8YBt79uaw5Ofz6i0rIh1z8kQ+BoOhXf+AZh9X/133/5b+bmlaW1j8uu5kUOi4ire3WZXlIm5UXHKNa9fKCLC6t0pF8SzifopnkY4pK3NSXHKty7fbXCJGsSzScb01nutts8jZZdvyhC75Kaj6Ev6mhAwNwhYW0mSS9NJlR/3HBYUAWCy6C6CIdK0yZznmZn7xE5HOYTZ5UdaJl0U1R/Es4n6KZ5H2q6io8EgCBlyXJjc1vqNiWaRjenM89yZuT6pGRYwiL/8CeWfsbV7njeWpAOTlXyB1006+OXqav3y2h2+OnQaoGRpARKQrVFZWYjQYmr2MQkQ6h8nkhZfR4NbLoxTPIl1D8SzSfp5KwLS0fcWySMf01njubdyeVJ0UPwaA5Smb2pVYHTc2gmHBA0lL/4o3VqTy8acZDAseyLixEXoBiEiXMhgM+kVPpItcKyvv8JAgbaF4Fuk6imeRtnPddKbjdwLvDOXlFU1+11Ysi7RPb47n3sbtAxLawkJ4fM4U3lu3jaW/W0P/flYGBAY0uewD94zDFhZSb/zVtPR9pG76gnFjI/jJw51zgyoRERERERGR7qKktMzTXQBc/dC4piLXR/Hce3TJXV7uiIlgQD8raen7OJBztNFYqdWGZQ/EFhZSb5ptVAiB/azcERPRFV0VERERERER6VJNjX/oCd2lHyI3su4SR92lHz1Zl9062xYW0ihh2hYhQ4N4/cVEN/RIRERERERExPMqKrrHEHfdpR8iN7LuEkfdpR89mdvHVBURERERERGR5nWX+4Z0l36I3Mi6Sxx1l370ZEqqioiIiIiIiIiIiLSDkqoiIiIiIiIiIiIi7aCkqoiIiIiIiIiIiEg7dNmNqkREero97yxlux3AScl3Tkw3+Va9yUYye8lMbG7a7pUDq3n745OUXc92slfzi31j+O1jkY1m5W5cys4hT/LEuMCW+5H7CbsZzzSbf0d6ICIi0o04OZWxgfc+u0Bh1ZSAEbfyyJx4Qi3Nr7U/JZmMsUksHN2BTZ7J5N2TQ5gf1/6b+4r0JkUn00lZ/zXHrlRN8B/Ig3NmMWGoB9IbLcXt+e289Nscivzr9svKg089yoSWP1a3zaFUEvdGsCqh8ed3zyog84OPSM0tqnrsRcj4Kcy/+2b8Wlu12+6TSNOUVBUR6STjnljCOACyWf2LfYxZ8hju/zhwlE82FjP5+SWMbeFL3vWwzVzSpkRtcX4OOYxVUlVERG58hzezbE8gz788myFVkwqPbCfjZAmh4b7u2WbBcbJy/ZRUlTZz7P2QX22+1MIS/Zm16MfE3dRlXXK/89tZllLAlJ8/yUJr1TTHEbZmn4ChYV3fn9biNiiCRc9Ornkf6fkK2PVmCrvCfsxrL4dgBqCQzJQ1PPfBFN562APP0Q3BQcZ7f2bDiRYWGfkP/PLx27G2sIh0PSVVRUTcLTeVJbttvPTTqKoPFlfY/e9vc3n284Ru/wX7Bv4jZTlfkF9chjl4PHP/aSIjLAB29vxhNdvziwEzwZP/mZ+OC6ptt2AP77y9lVMlTnLeWMonkbNZMjOU/N2rWb0znzLAHDyRxx4bT7AZsldXbWvvXzhme4x/m90wVXqKPX/Yyhf5xRQTxNQnnmBcUNV6Y37LY5F2dr6xmss/HEX+X3MpKC7GEvVPPDnTxqmNS0nd+x3f8Q5Ldwcx+ckniLqwkbdTsykGsNiY+cRsIpVvFRGRG0BhQQHmEbfVS4QEhE1mavWD4sOsWZHGgSsAPkTNmcu88D71G2lhmbMZ7/PmZwWUAfgPY1a0gw2fXwDnWZJe/oKoOU8yL9y9+yg3PuvIYIJNl8h3Nj3fNDiYUT0poUoJmZu+pv+sJGLrZpasYUyNA7Cz9fVN8HgiUwc1eMx2XnqvlAmjzrIhy4s5z95P0apNXBw3hG+2HMEy/VH+NdredMweSiVxbyCPlJ1ga34pRViZ9bNHiTj6J17d0sG4rWpzZvERdtlLKep3G4segtSUw5y7UorfuPtZMiMMc4Ntl5kCmTRvOlNHNHi/wcmp9A9ZsaOg6jvArSxIiGf40Y94Kj2E5Pljqr6HFJCWnMrFOT9jTmDL71ErPiugqKqtp+fHM4SrZK9/n5TsUgD8bD9i0cORBNTtxplMtjpjeP6+6oQqQACxCZPIeSGTzLIwYguqnws7aYeLKCr2IWZeg/dQRzpL3yri8RenMLxqUvYHb5MW/lOeiXbTD1seZWVUWF9MJ76lmXAmOGyoEqrdkJKqIiLuZhvP2I2p/O1KFOP9gfyd/NV/Ms8Ew1EgJ9/MS4ufxx+w7/x33vl4OEtmj+Jo6p85O/kZlowwA8Xs/cNq9kQ+wbjqxGTgOJ5Y4l+/KjY3lXdyo1i85Ke17W0MZsnsUQDkHHPy3PP/RqC5iX4evYDl+cU8b4HivX/gla3ZjGs0HMAFjl55jMXPzwRO8vGrH/I3+2ImzlzCE/3eYDWPsXhiEJDPx/9hZ+LiqgraK/nkd/6RFRERcYuA6Diidm/ipXfDmRBvI2rUzQyoOXcWsCvlK0ITn2SeFSCPdcnbyQ2fUaeF5pexHfmIZXsGsujluQwBygryKQwMJnmg67LXZF32Km014E6Snign+e3/1/hz1uAf8PMn7mSQJ/rlNhc4lm8lNKj1JZtkzyNv+lxWPhQA2NmKg5wz43n+9fsJoIBdK5qJWYAjBVheTOQ1CxRlvU/SJ9msTHiUZP9W4taew7KXc+tMGEnCy/e7PrcfKaD/iz/jNYtr6JBXtvyIN1/8GX4cZ83LO8m4K4wJANkXMP0ykdeswPntLF25ndCXZ9S/kuzwZpYdDuOVl2MJAM5+vopl64NJfngMceu3s8sxhklW4Ewmaf6xLBnawv4e+YhV+eNY8vLNmHHt7/KMQhaP2MNa+2288nIsfkDhmbxGu1uWX0BRcFj9RCsAQQwOtJNzEmL9AftZCh9P5LWHgJPbeG5dBmfD61T0WmOZEvQHPj8MCeFA2T7Sjobx4MM9MaHqMujOh/k5a/lt2pVG84InzSTpzp4VzT2FkqoiIm4XzMQ74e2d+Yx/MJjc3TmEjn+Q6qv1b4m6jeo8adDYHxL47zmcBPbmXCAn91Wy67QUmQ8tXYt/9EAOw6NmNtGeK6kacef4phOqAKNuI6qqU5bho+i38wL2Rgv1I2Js9SfZEYQGX2CfHWj04XYgtuF2Nn64E+60ETE8mODmtisiIuJG2evfJqX6ZBo5ieSHwpucVo8lnHnPhlNWcJz9+3NI/XQbuSVBPJI4i1hTNl8etXPpd2+zsWYFK0MKqK0icjS/DFkn6D8uoSZ5YA4MZkAH9oHDm0laV32taJ1EjfQuAyawYM63/HpdPiXV03yDefzxCT0sodoJ+oUxJbxuus+PmLvCXQnAFmLWBhAWTmzV52S/4QMZsOMsZ4ls/bL+li7/r9Pm4OFWBhNSNeZoHwZYyikqrlrOZqutzB0Uy4R+a9h/sv5Xgtz9JwiNnlKTzBwSY6P/745wjClMjYdXd+QxaUYI2enHscVPwc+R3uJ71Nns0zxX70vIWYgZSah9Jymfw6TwCEKH1q1GbQsTluoV+o0krvoFOmIYIfYczkGd4+RLbPww1qbv45HwMRTtOYgjfgah7drejWfQnTN5/PQHvHf4Ws003/CJLFBCtdtSUlVEpAv4/3AiA5ft5eTU4ew+FsG02W1ZK5ip/+fJ2srUztDiu35bTgkm2jZ0qxnbPz3PMwX5nMr5G3/881GGP7aYB0e0aWUREZFOE/nQkyQ/1Pq0ppgDbyb27puJvRuKsv7E01sOEzsd8B3J/IaVYsD+ug+aWSaX9muyv+H3k/xyBxqTHscSPp2nJlVXuPkz7afTGd0j4YaECgAAIABJREFUC/oGEhrsIMsOHcoYN8oAmurfOKmZmOUMgFcHNtgad7TZWMC42xj8eg7H7rOTdvRmZj4MOGjxPSrkvnn8a1zjetP5L4RwMf84B/ak8u7RYBY+O6VeotMcHIhfej6FNKxWtXOuIJCIYKCAJp6LJoSPIW79bjLLgshL92XKs51xd6/uzo/Rc+5n2jsb+eQcMPgHPDUnvI3fv8QTjJ7ugIhIr2COYnxoDlv/uJMrd04kuM6sbw4cpPoiD/vev2G32RjBKKIi7Px1d22t6JWjJ5uoHK1vVFQEp+q0dyU3hwJbBF2Ry+zn348Lp6p7WEyBvQRL4Ahs42fy47FOco+11nsREZHuoehwJpnnS+pMcXLRXkp//z5gjSQ28ARp+6/WzjuSR2HdBlpYxhY9knN7Mjlbvayj0LWuNQCr/WztdJF2GHTnTJ6aYmP6T2dyd2ulzzcsX2Kn38qlDalkOupMdhwhLes4EMTgoFLOXa6afv4gGW39+NmWuG5yvS6I29zc2v09n8ku+zAiG3y4t0WP5Nj+r2v6W5h7mku2MFfC0zyGSaOOs2HVQRzxsa4xSlt7j9pd9z3qCMfOA8V2zhb3YcCISCY9NIW4sjxyzzfo69DxPOCfxZtb8lxjRrt6Q2ZKGrkx44ltV2lrCFPjS/h81W4OjLq9neveyAZx9+P3Mf2H0TylivNuT5WqIiJdxPbDCFKX23nwn+uXnkYEl5H6xqvkFxfjDBzLP/+z6/di28wn+OHqP7J0qesjiTl4PHOHj2j5l13bTJ6wr+btpZ/U3Kjqp4+NctMe1Wce+yBT//Y2S5ZuJGrWTxmy989sP1l13ZIlktlPBkHuRpamwuwlMxm45x3ePngbTz5hI/edtzl425M8Ma43/AItIiLdnV9wII4N75N0sqhmWoBtPIsedt3he1LiFM6uSiFpU/W8H/F0WN27fwc2v0z4/Syyf8iyF34PZhP4DyMhcQYBI8bzyPA/8eoLuYTcN5fFcTonSnv4MeKHd3XJD+keNWgyixLSSVn1NqnVVQT+A5k6fQoA0dNuJW3l70nCB7/gIQzu19aGW4jZlrQWt43GVLXy4FOPusZKbavIgTjXreK5/FKKyvyImz+78VAfVe8rr76cWXOjqqcTwmqbiLuZlLcKmJ1Y3b/W36PefPltV2LUFMikecMIcZ5g49oPOVb18d4vchLPN8r49eGO+QmY12/mpZcdVYlVH0Lvuo8l8a0cyyYEjLsN66ZMbvl5L7tzn+9w4qcMb3058ThDZWVlpac7ISKecfJEPgaDoV3/gGYfV/9d9/+W/m5pWltY/Lrud6HzF75l0MC+19VG2YE/8ErueJbOrr3IJnv1L9g35rc0uh+USC/VGbHWHbYhIopnkfZwXClqfaEuYvWvd1G8YtmTDrluhLXqOm9gV7b/fZIO385bD99gyckz23hunR/PJ8U3cfOr7qu3x3NdxUXOLtuWJ+jyfxGRLmHnr9uvMHlaC3eZEhERERER6VR20j4r4cH7brCEKiXs/+w4tvturISq9C6qVBXpxVSp2nb69Vyka6gaRqTnUDyLtF1vr2xTLEtP0tvjua6eXqnq0TFVi4pLycjKISMrm7z8CwCEBA8kLiaSuJgI/Cw+nuyeiIiIiIiIiNsZjUYqKio83Q2MRl3MKnK9FM+9h8eSqnln7Lyx4kOgkriYSB64Nw6A3CN5fPzpl3z8aQaLF/yYkKFBnuqiiIiIiIiIiNt5eXWPJIyXl5IwItdL8dx7eOQIVydUoyLDeO3F+cyZMZGi4lKKikuZM2Mir704n6jIMN5Y8SF5Z+ye6KKIiIiIiIhIlzB2cDiszualyjaR66Z47j08coTXfbSTkOCB/OThKTWX+GdkZpORmQ2An8WHnzw8hZDggaRu+sITXRQRERERERHpEmazl6e7AIDJpCSMyPVSPPceXX6ELxY4+ObYaR6suty/JQ/eG0fu0TwuFji6oGciIk2rrKzEbOoeJ0aRns5s8sKd99BUPIt0HcWzSNsZjUbMZo/e8gRvb1OTYzAqlkXapzfHc2/T5UnVA9l/x+LrjS0spNG84pJSvjl6uuafLSwEi683B7L/3tXdFBGpYTAYqKisxOks93RXRHo0p7OcispKDG68ZErxLNI1FM8i7Wfx9XZrzLTEYDDg6+PdaLpiWaRjems89zZdnjovKi4lJLjpm0/l5V/gjRWpNY9XJScREhxEUXFpp22/uOQab67awNET+U3OD+zrzzP/8r9YnboNgKcTZ2HxbfxiFJHexWzyosxZjkm/oou4TZmzvEsqVRTPIu6neBbpGD+LD1eLSjyy3aYolkU6rrfGc2/S5UlVP4sPefkXGk2vvllVQ3n5duJiIztt+74+3ixMmIGz3PUr2J83pFHouMo/z52Kj483RqOBm/z8WJgwo2Z5ERGTyUu/nou4mdNZjsnk/o8mimcR91M8i3SMl5eRPn6+FBWXdsklugaDAT+LT7N3CVcsi3RcV8cz0C3iuTfp8qMZFfk9Ujd9Qe6RvHpDAIQMbVy9mnskj+KSa9hGNR4qoKMMBvC/yVLz2NtswsvLSID1pnoVqXWXERHxNpu42olV8yLSWEVFBT4+ZrdvR/Es4n6KZ5GO8/Iy4n+TheKSa5SVOd22HW9vU6tFRIplkevTVfHs5WXE4uvd5Diq1boqnnuTLk+qDgi0ckvoMFI37WRJ0qMtLrtu005uCR3GgEBrF/Wu1rtrNgMwf979/OWzPRzMOcqw4IH8977/wdvbzOOz7+HSZQebtmXgdJbz4L1xTLkrFoMBSkqvsX5zOnuycqioqOSO2EgeeiBeVa8iNzCz2YRXaRlXi0ro4+fr6e6I9DjfXS3By8uIdxcM6q94FnEvxbNI57D4euPjbcLprKC8ooLy8goqKio63J7RaMTLy4iX0YjJZGwx+QKKZZHO1NnxbDAYMBoNGI1GfH3MrY6T2pXx3Jt45GgmPDyVpcmrWZ6yiYQ5UxqN91BUXErKum1cKihkYdJjnuhiI6fzL/APt3+f3zz/E/7rL7t4509/IXr091iS9Ch7D+SyPX0vo38QytDBA1j/l3Ryco/zf/7lIfxv8mN16qdsSfsbs+6L9/RuiMh18L/JwsUCBz7eZo33JNKJnM5ySkqvdemPqIpnEfdQPIt0LqPRiLd3l99fWrEs4ga9KZ57C48kVQcEWlm8YDZvp2ziuV+v4o7YiJqbV+Xl2/kyMweLxYfFC2Z3myc9eMgA4mIi6OPny9goG//vm5NMvSuWgf0DGP2DUD7btZfzFwrw72MhJ/c4900eR9jNQwGYevc/sPXz/6a4pBSLb9MDBovIjaFfwE0UXrmK9SY/fdgT6QROZzmO74rp1/emLt+24lmkcymeRXoGxbJIz+HJeO4NPFb3GzI0iF8mPUpGVjb7Dx0hLf0rAG4JHcaD944jLiay2TuWeYK32VTv8ghfH2+s/n0A6OPnW1NCXXjlKsUl11id+imrUz+tWT6wrz8lpWVKqorc4Ly8jAT49+Fy4XdYfL11eZLIdfjuagklpdfo1/cmvFq5BNEdFM8inUfxLNIzKJZFeg5Px3Nv4NHBFPwsPkyKH8Ok+DGe7EanCvDvg8XXm+lT7iAqMqxmutFowL+Pnwd7JiKdxcvLyIBAK1e+K+Zbx9Wqcam8MJu89Iu6SAucznLKnOU4neWUV1RgqoolT1I8i3SM4lmkZ1Asi/Qc3TGee7ouS6qmpe8j9+hpijt4Rz+LxQfbqBAmxd/eyT3rXFb/PkTYbmZXxkFGDBtEv77+nLcXcOFSIXf+w2hPd09EOpH/TRauXXNS5izn2jXXwPpGg4EyZ7mnuybS7ZhNXlRUVlZ9ITLh62PG3I0Gylc8i7Sd4lmkZ1Asi/Qc3T2eeyq3H+Gi4lKWrUjlYkEhUZHfo6iohIuXHdwREwFA3hk7B3KO8sA94wD4y2d7iIoYRchQ1xirX2blMKCfFYuvDx9/+iUZWdksWjC7Ww0NUJfBAA89EM/6zekkr/yQMqeTgf37Mn3KHZ7umoi4gbe3CW9vE+B6T6qsrGz1zosivdGNEBuKZ5G2uRFiQ/Es0robIS4UyyJto9jwDENlZWWlOzew7qOd7M8+wi+THsXP4sPHn2aQeySPxQtnA66k6tLfrWFhwnQAlqdsYsnP59UkVd9YnootLIQH742jqLiUXyX/iejIMObMmOjObov0CidP5GMwGNr1D2j2cfXfdf9v6e+WprWFxU+/vImIiIiIiIh0R8VFTk93wa3cPlLt/uwjTI6/vdnK0urk6fKUTSxP2VRvWkN+Fh8mx9/Ogewj7umsiIiIiIiIiIiISCvcnlQtuOwgJLjpJCnAxQIHALOn/4jZ039Ub1pTQoKDuHS5+fkiIiIiIiIiIiIi7uT2pGprLhUUAjApfgyT4sfUmyYiIiIiIiIiIiLS3XTJgIR5+Rdqxky8dNlBcUkp3xw9DUDG3hwsvj41jy2+PmTszalZvriklEuXHTXz8/IvdEWXRURERERERERERJrk9htVJSYlu6XdVclJbmlXpDfRjapERERERERExB16+o2q3J5UFZHuS0lVEREREREREXGHnp5U9fiYqiIiIiIiIiIiIiI3EiVVRURERERERERERNpBSVURERERERERERGRdlBSVURERERERERERKQdlFQVERERERERERERaQclVUVERERERERERETaQUlVERERERERERERkXZQUlVERERERERERESkHZRUFREREREREREREWkHJVVFRERERERERERE2kFJVREREREREREREZF2UFJVREREREREREREpB1Mnu6AiMiNoujkdt5dk0PO5XLAC2twCLMTphMb6Nm30rOfr2LJJ1YWJM8murMbP7+dl357grhfJDJ1UJ3ph1JJ/CSQpc9OZkhnb1OkKxxKJfE9Wo2b/SnJbBw+j1fuDmphqWyWJ33KgSbnDWNBcgQZSZ9ybto8Xrnbh+wtaeSOmsSs8ADAztbX13BsWhILR1/PDon0VgVkfvARaw9cptgJJl8/bHdNJuHuMAJaWq3N57FsliftIbSD58H65+g8dq3JhLtmMWFoO3ZRREREuiUlVUVE2sKRzu/fOkHIzxJYFRYAOCk8spO1e04Qe1+YR7s25O5EVt3tzi042PhWKoNfnE20xZ3bEblRRbIwOdL1ZzM/RERXz8dOXvYJDviWMiu8yzsq0uPkfvA+a6/EsuTXsQwwA2X5ZK7fwwFHGBOsnu5dw3N0IdkHTkAUSqqKiIj0AEqqioi0Rf4FjmNlUlh13YuJgLDJLKzKpzasZqt9jKsKLTKGsqwscq6A1RbD0wnxDDcDZXmkpWxmQ24RTpMfEdOn80xccFUFTB9mjzrLhj3w4CMh7FpbwMzX5hJrBigh893lbAtPYEm/7bXVMsXH2bpmGx/nFuE0eRESM4VFD4Xj19z06iq56v6NuJdVCZENdn4gUWEXWPFuOsuejm9c+eM4zLqUnew6VYQT1/4tmh/PkJq2b6cw/SuOO724edr9zLqSzu93X8ZpsnJ34jzmhPk2fxxEusRVjn2+ieWfncXhBEuwjfkL7iey+keEy4dZ8/r7pNvLMQWNJCFxFrGB7Wm/uhr1XnivqqL1kzUkfjKMBckT6y/qOMyaldtIt5eDyUp8wlzmhffplL0U6XkKOJZfil/4MFdCFcAcTOzDs1x/n9/OS78tYGZ1RXrDx5SSs34VS/c4cJqsxM2ZRUJ0u4Lbpd4529VWTexWV7Q+Dit++zXnAN5LJjHoVl3tISIicoPzeFK1qLiUjKwcDmQf4dQZO8UlpQDYRoVgCwth3NgIBgR2g5+ZRaR3Cx/HzOAPWPXyf3JgfCRxYWHYRgRibn1NAA4cLuWlF5J4hjw2vPUhy9YH89bDw9i/dgO7hs7irfkhmMvy2PC7LWwdlchUAPsJsu+aSfL0YPzMBZh3pJCRXUJstC84MtmWO4QpCYFwuHY7FzPS2Ogcw5vJsfiVFbI/+wJmSti/bhNbzRN5Lfk2Asry2PC7D/l9RhD/GlfdvyIWPfUECwObSt74EJcwk9DkD3jz8zCW3N0g2WkdwqQ5CcwZ5AsUsDU5hY2H4msuZc61B/LK60kEnNxM0lubSJ32MCuTgzn20Upe3ZLJ1KdjOdbccRjUqDMina7s0GZ+v8OLR15IItbq5NSWFF6p+hEB4Nz+szzw7DPMs14l94M/sWxNOramfmBoVSQLk4PY+voaMsZW/whjZ2vNfDtbV27DcU8Cq6IDwHGQ5a9vZv9v3DC0h0iPEMiEe0aS9t4HvHQmggkxYdwSPpLhljZ+xbGfIPeeeax8KICiIx+xdOVH7Br1k45VuNrzyJs+l5UPBXDx8//k+S2ZTA2fyIDq+YMm80ryEJYnfQqPa7gPERGRnsCjSdWPP80gLf0rLBYfbKNCiIocRUhwEBcvO8g7Y+evmdl8/GkGcTERzJ4+ET+Ljye7KyK9WjBTk55mwpkTZGQdJG19BsvtPkQ+NJuFMa1XtUTEj3dVphLCrLuGsW3Lcc7iJCu7nHN8yIIdtctG2av+8A/jwZhg/AAIZMJdQ0jdkUlhdDyFO3K4OHZiVdVqrQEjhmD97CApn8Ok8Agio8Mwc5isbIj+2W2uJJA5hLixVrZlH6csLqSqfz/CFujb8v4vuJdjv97I8qAEFtadVVxA1qZtpB0twuF0TRpst9fMtkVVbdfXBz+sxES6krKhowIht5QiTjR/HJRUlS6Qe+A0RE4n1gpgYvjYkQzecZrsMvADrDFxVfP6YLsrjP6/dc27o62/qrRVQQ5Z9nLy1v6BxLXVE62EnkexINIMv9GzSH6tgGPZ+/jyQAZp6zZRGBzB4vlTCG1tZf8wpka7fh7xC4slpt8H7M8tYUJMS+fDZvQLY0q4q60BQX0g304e1CZVRUREpMfxSFK1qLiUlHXbyD1yiknxY3jw3jiKiks5nX+BU2fsDB8ahG1UCHNmTOTLrBw+/jSDZStSWbRgthKrIuJBJvyGhjFpaBiTgLL977Ng7U6yY2Y1WK6EorJWmnKWU1z1Z0xiEvMbjq14CLB4UXcIU3P07cSt38nWMzfDAYhLbGJAxrD7Sf51PrkHcti1PoXfOyNYktT6xYVm3zZ8gbREsvCpsyz93ftsja8t47mYkcbGyzfz0q+nMNxcyK43/0Ba3fXaeKZp8jiIdEtemDs7oVrDyswXEpnagSuQRXotcyCh0ZMJjQbIY8OvP2RtRixLGo5mU1JOUWtNmZo6H5ZSWFJ/ylm7A3yHVP3wCW2+dEVERER6DKMnNrruo53kHjnF4gWzmRQ/hpR123j6xbd5Y0UqH3/6JW+sSOX536xi2YoPGR48kF8mPUolsGxFKkXFpZ7osoj0dufTWfP5ES7WJEtLOJt/FYIHEgL4+Xpx7mie68ua42uycuuvnpO+m1NlAAWkpZ/GYhtJKCOJskF2emZVu04uZu2jwap1hHN3DGSkbCbDP4KpTdzkouzkYXKLg7DFTGb+/FhC84/zjWMkMZGwf/dBCgHK8sjY6+DmyJvb/x1w0GQWPWJl647TNZPMFi9qkkznM9l1qr2Ntvc4iFy/s6ccEBTIYMAWNQyy95HpAHByau8Jzg0fRmRVgDiyMqrmFZL5SS6Xhg/B1uEtB9E/CIouX208KzCMW/o5yNhxxBWrFJKblc3ZDm9LpKe7yv6PNpN55irVp+cyh51zxV6EDA0Eiw8WCsg9CeDkWNZxHHVXv3KErfurom3/bnZd7kfkqIbbCCPGVkrGp5k1nwHKHAfZuMPBzTGR7RwGJJDB/aCopIn4FxERkRtOl1eqfpmVw569OSz5+TwAnvv1KvoHWlmQMJ3oyNo7aOedsbPuo50s/d0aHp8zhcULZvOr5D+x7qP/z96dx1Vd5v//fxw453AOsggCKosLoJig4r5rlntuqaO2Z9Ni1qearzlNv7G+far5zExN85n6tjjTTKY2pbZMLpVbaZpouaGBhYEbigoCsshhOQd+f6AEuYFwzgF83m83bpzzfr+v63oduL1YXud6X9cm7rttrKvDFpHrXWAXYnLX8pcFK8m2A3jSql0XHn+gcl1F/ykjGfTndTw+bzPGkBj6RUF2tebxXbz45A+vnN+oqjtPTKmcktnvrqlkL13LM7/bih1PWsXEMvsK1Zp2N8UStHUnfrf0u+Q/ckX5ySz/x2ekFwNGb2LHT2CQnwXTrMmcWrqW383beH6jqlt4clAgkHmJXq7Mu9tMHunzOn85Xzz1HzSWOxM/4dl5+zG268XIOCo34qk1y+W/DlpSWxra6Q0889J+Thn9GDZ7UOUmMd0m8ETmSt74wyu8fX6jqsfn/rxmapuebUl562+8nenAGBLD4w9fy3qqP+s3vi8Jb33CA9v9mPrbydXORDBr7kgWLVrD7+Y5KnM1figPxKNZcCKX1ILIOD/eW/Y2izIc2AGjJYC4W6ZxZxeAYcwen8rzr73Cl0ZvYuMDaVW9eUgHYtJW8PB75zeXemDGJdZTtdBv9gxs723g+QVbsdmp/P06eipPDKrrlPJQxk2P4Y+LFvLAsnDmvqL1kkVERJoyQ0VFRYUrB3zqxbcZ3DeWkcN68/wrS4gIDWb2beMAWL0+gfQTWVitXsycPIKgQL+qdVfnz53BsYws3l22lj/+/gFtXiXSAI4eycBgMNTpA7js8wuPq3++0uMrHasNq7fb99qrhQu7fmtTChEREREREbl+2Irs7g7BqVxakdiblEpObj4jh/Vm45bdVACzbxuHt9WLl99YzpncfAb3jSUlNZ2/vLmcZ+fdzaQxg0hJTWf5ys08OXcGq9YlkLAziUljBl1zHLbiUl59+2PSjmRUHTMYILhVS2ZOHkH3rldd1r5B7d5/kIWLVzPnnon07t7ZpWOLiIiIiIiIiIhI3bi0qJqSmk7nyHC8rV5s25nMqGG98LZ6UWQr4eCh4zz58AxioiMoGlbC4wteJyUtnZ5x0cyaMoLn/7qUMzn59IyLJiU1HcbUP57RN/Zh5LDeAFSUl/PlN3tZvGIdTzw4nYjQ4PoPUEvdbojkpWcfooV35cL4u/cfZPHyyjgi2199g5mGdKHgHNjSlwfvmuDSsUWapxDGPTXP3UGIiIiIiIiISANy6UZV6ScyiQgLochWQk5uPhGhITXOFxXX3ITK2+IFQERY5XXZOXlEhIWQnpHVIPFYvMwE+PsQ4O9DYIAfY0b0xdtq4WBaeoP0X1tmk5EAfx/MpqZwK7OIiIiIiIiIiMj1zeVVPG+rF+knKjdGaRXoX3UsPjaKRR+s5WC/WPZ+n0p4aDAx0RFV7awWM+kZmUSEhmD7RfHVWewOB+s37WL917sospXQo2skd0wfSUs/H8rLK9ickMhnG3aQX1hESz8fpt4ylAG9u/L2e2s4V1SM1epF0g+HuWPaSD794htmTL6x6vb+fyxdQ87ZAh5/YBonT2ezcMlq5tw9kY1bdrMzsXLP6z++9j5RHUK5Z+ZY/vb3D+nbswuJSalknsklPjaaiWMG8d5HGzh87CRhbYOZe+9kgltVfk0PHDzKB//5itNZOYQEBXD71Jvp2rk9h46eZOGS1QzpF8e2ncnkns2nY7u2PHTXBM7mn+Nv//gIW3EpacDOxBQtSSAiIiIiIiIiIvILLi+qnsnJZ+Swn2eeXthw6pH7prBxy272fp9KfFz0RWum2opLiQgNIT0jE6vF3OBxlZdXsHvfQWzFJXSODAdg87Z9bNiym7t/NZoOEa355PNveP+Tr3jorgls35XMR6u3MG3CUHp178yx46fJPHOWC/vt/PDTUfrGd+GpR2dh9qp9vHdOH0mXTu34cNXXPHDnLXRs1xa7wwHAjz8dY849k8g9W8Db760h7UgGd0wbSVArf/71/ues/eo77vrVKNIzsvjX+58zoHdXbh4yjQMHj7L0ww385qHpABQXl5CccoT/+vWt2O12/r5kNZsSEpk8djC/f+JO/vnvz/H3a8Ed00ZWLUkgIiIiIiIiIiIilVxaVI2JjiAxKRVvqxfhocHsTUqtMRt15LDeVWucVrdtZzJQuQzAtp3JxERFXHTNtVi1LoFV6xKqnvv5eHPHtJGEh4ZQUlLGnu9/YmCfrvTq3gmAsTf14533PyfrzFkSdh2gf+8buGlILwwGCPD3qflaoyK4Z8YYzGYjuXmFtY7J22qhhbcFgwF8Wljx9bFWtb9xcDzhbYNoFeBHaJsgglv5V8UW3SGME6fOYCsu5fsfDuHv58P4m/vTwttCv143sDMxhSPppwgK9MdkMnLr+KGEtw0CoGO7tmTn5GP09MTPtwWenh5VSxKIiIiIiIiIiIhITS4tqvaMi2b1+u3nZ6v25t1lazEYYO/3qWTn5l90vdXiRc9ulRtTDewTi7fVi8Skny6axXqtLmxUZbc7+HjNFs7ZiunSqR0GAxSXlnI2r5ANh46z4evd1WIyk5WTx9m8Qm44f+2l+Pp4YzY37Jf3lzN0Q4ICqh639PfhxKkzAJzOyiX9RCZPPPNGjeujO4YRFOiPp6en1m8VERERERERERG5Ri6trEWEhRAeGsyqdQncd9tYNm7ZzcYte5g4euAlZ5+mZ2Syat12oIJZU0ZUzSod1DeuQeK5sFEVwPSJw/nrwhV8ubUyHovZTEt/H7p3jWTMiL5VbTwMBoxGT1r6+5BztoCKCi5bWL2ciorK5QacpXVwAO3CQrj/jvFYzm/2BZWv9+TpbKeNKyIiIiIiIiIicj3wcPWAI4f1ZvuuZLbtTGb+3JmEhwazccseEpNTMRgMRIRVrreanpHFxi17sFq9mD93Jtk5eWzcsoeRw3rjbfW6yih1FxTox42D4vl6+z5OZebg5WWiV7dO7E1K5djx0wDkF5zj2z0/VJ3bve8gW7/dT25eIfuS0/jqm72X7NvLbMLXx5sfDh6jpLSMlLR0fkw9dtkwoKgpAAAgAElEQVRYWgcHYjabyDh15pqKr91uiKTgnI2diSlUlJdjtzvYmfgjhedsV21rtZgJaxNEdm4+eQXn6jy2iIiIiIiIiIhIc+fSmarpJzJZ/ukmAgP8eHfZWpg1lv8772627UyumrV6QWCAH4P7xjJyWG+yc/J4+c0Vl9zAqiH1730DW7/9no1b9nDHtJHcOLgHpaVlLFq2lnNFxbT082HU8Mo1Xy+c++SzrSz9cANBgf7cOn4IFZeogXpbvZgwagBLP9zAlh376NiuLfFx0ZzKzLlkHGFtghg7oi/LV25m9frtzLl3cp1eR0RoMPfOHMMH//mKNRu2YzIa6dW9M/16dqlV+1tG9ufvS9cw/78XMnH0ICaOHlin8UWuZxUVFRjqOn1d5DrQFHOjKcYs4gpNMTeaYswizqa8EBGpH0NFxaXKgA0v/UQmL7+5Am+rF39a8ABPvfg2Obn5xMdFM3PyCIIC/QBISU0nIiwEb6sXRbYSvty6h1XrEhjYJ5ZZU0Y4ZZaqyPXq6JEMDAZDnT6Ayz6/8Lj65ys9vtKx2rB6u39t4NIyO2Vldux2B2V2Bx4GA2V2h7vDEml0TEZPyisqMBk9MRo9MRmNDb72eH0pn0VqR/ks0jw0hVwWkabNVmR3dwhO5ZKi6oWCakxUOClp6XhbLRTZipk55SY2btnN8YwsIkKDiQgLISjQnyJbMSmp6aRnZBEY4MekMYMY3DfW2WGKXHdUVK2fgkIb5eXleHh4nP9DtPIPUhG5tAvFDbvdUZU7vj5Wd4cFKJ9F6kr5LNI8NOZcFpGmT0XVerpQUI2Pi+a+28byxjufkpKWzvy5M39eP/VEJnuTUklJTa9qFxEWQkx0BD3jop0Znsh1TUXVa+NwlJN7thCr1UwLb4tbYhBpDs4VFWMrLiXA3wdPT5cv8w4on0UaivJZpHloDLksIs2Hiqr19NSLbxMTFcF9t43lnQ/Wkpj0U42Cqoi4j4qqdedwlJNXUISfrxWjp2a9iNSX3e4gv6AIf78WLv/nTfks0rCUzyLNgztzWUSal+ZeVHX6T0ibrRiDARYtU0FVRJq+3LOF+odNpAEZjZ74+XqTm1fo8rGVzyINS/ks0jy4M5dFRJoSp89U3bYzmeWffoXVauHR2ZNVUBVpRDRTtW4KCm14eBh0S6GIE5wrKqa8vMJl67gpn6W5Ky8vx24vp7TMTnl5eb368vDwwNPTAw8PAyajJx4eV56XoXwWaTjl5eWU2R2Ul1fgcJTXK58bey6LSPPT3GequmSjKhFpnFRUrb3SUju24hL8/Vq4bEyR601e/jm8rV6YTM7NbeWzNHfniopxOOpXSL0Sk8mI1WK+4jXKZ5H6K7KVYLc7nNZ/Y8plEWmemntRVQukiIjUQpndftV380Wkfjw8PCgtc94/jxcon6W5urAOojMLqgBlZXYKCm1XHEf5LHLtHI5yCgptTi2oQuPKZRGRpkh/gYiI1ILd7sBo1DptIs5kNHpitzv/3WzlszRHDkc5RbYSl41XUVFxxRmxymeRa+NwlHOuqBhX3VDaWHJZRKQpUlFVRKQWyuwOTPqnTcSpTEZPypw8KweUz9I8ubKgWptxlc8i1+Z6zWURkaZIRVURkauoqKjAw2DQTBgRJzMaPfH0MDh1do7yWZqjIluJy2a1/VJFRQW24tKLjiufRerues1lEZGmSkVVEZGrMBgMeodexEVKyxzXvHldbSifpbkpLy93+rqLV1NWZr/kjuTKZ5Hau55zWUSkqVJRVURERESkiSprJBvI2O3O3RxLpLlTLouIND0qqoqIiIiINFHljeSWXMclZreJSO0pl0VEmh4VVUVEREREmqjL7djtao0lDpGmqrHkUGOJQ0SkKVBRVURERESkibrU+ofu0FjiEGmqGksONZY4RESaAhVVRUREREREREREROpARVURERERERERERGROjC6OwARkeZi+8Ln2ZAJYKe40I7Rx3L+h2wcM5+dSoyTxi1IXMzrq45SVp9xkhbz2929eemeuItOpXzyPJvaPsqcgYFXjiPlc7YylPExvtcSgUizkPfjWt5YmUq2rfK5KaADU++aQL8rpc/3y3lgVyxvz744/64una+XnqTjXf1ody0Bi8hl2DmW8DHvrs8i7/wR//bduXPWMCKtl2+1d9ErJPSZxyPdrmHIE9/xj6NteXBQxLUELCIiIi6moqqISAMZOOdZBgKQxOLf7qb3s/dwLSWSuknj809sjHr6Wfpc4Z+8+oiZ+mytCrW2jGSS6aOiqly/8rfw6tI8Ji54lJ7n87EsZx8f/5hOP6cVSfJISjyMn4qqUlvHN/D7f6ZSfNkLzAy8/9dMD3dhTI3Rj2v4y/ZAnn5uJm3PH8pL3UDC0WIiu1icM2bOYXameKuoKrWWv2sF/70m+wpXtGLakzMY5OOykERErisqqoqIOFvKcp7dGsMz98djAqCArf/7OrkznyZyw2/ZHXwrZcmbybCVYQodyu13jKC9FSCT7f9czIYMG2AidNSvuX9gyM/95mxn4etfcKzYTvLLz/N53EyenRpJxtbFLN6UQRlgCh3BPfcMJdQESYvPj7VrNYdi7uF/Zv6yVHqM7f/8gs0ZNmyEMG7OHAaGnG/X+yXuictk08uLyR0QRcY3KeTYbFjj7+DRqTEc++R5lu8qpJCFPL81hFGPziE+6xNeX56EDcAaw9Q5M4lTvVWas8wczoR1JKbaGxymwB7MGnThWQZf/2MlqzIcgCcRoyfzxKDQX3Ry+WuKflzDX5YdqZw1Zw1k3MQw9q7YyyEcpDz3Ou/FjeSV6V2c/SqlqQuKoItPKomFlznv05qYIJdG1Cjl5eRgat+jqqAK4B89inEXnth+ZOmbG0ksAPAiftbt3NWlRc1OrnDNyYT3eXV9DmUAvuFM65nPx19mgf0k857bTPysR7lL6SxX4dchlFBjNhn2S583tgklSgVVERGnUVFVRMTZYobS55Pl7CiIZ6gvkLGJb3xH8UQopAHJGSaemf80vkDmpv9l4ap2PDszirTl/+bkqCd4tr0JsLHrn4vZHjeHgRcKk4EDmfOsb81ZsSnLWZgSz/xn7/+5v09CeXZmFADJh+z87un/IdB0iTjTsrA+PZ+nrWDb9U9e+CKJgRctB5BFWsE9zH96KnCUVX9cwY7M+YyY+ixzAl5mMfcwf0QIkMGqv2cyYv75GbQFGWQ0/FdWpHGJ7se09St55tV0Rg7qQWxcB9pZf/5TK+WDtRwb8wCvtDcC59j2j4/5Ou5uhlfr4vLXbOFvy84x8anzs2DzMzhjCmXkc614Y14yg56bSU8Xv1xpoixduOtRsP9tE0m/nK5qCeXeRyfQzUkTMZsS/56DiN+6kmf+0YXhw2KIj+pIUNXvzhy+XrSHyAce5S4/gHSWvbKBlC5TqvVw+WtiUj/lL9uDefK522kLlOVkkBcYyivBlUuBvHJNS4HIdSloCPPmOHjl9QMX/53Vpiv/Z84QWrsjLhGR64Rbi6rpJzJJTE4DICI0mPi4aHeGIyLiJKGMGAKvb8pg6KRQUrYmEzl0Ehcms3WO78GFOmlInwEE/m8yR4FdyVkkp/yRpGo9xWXAle7FT0tMpl381Ev0V1lUjR0y9NIFVYCoHsSfD8raLoqATVlkXnRRALF9LsyWbU9kaBa7M4GQX14XTEy7TD5ZsQmGxBDbLpTQy40r0hj9uIZ5y46cf9KB2c9NIO5Sx2o0CmX43IcZZMvg0M79rF26iaQML8bNnsa49idJSMplb8pCEqu1iK/xX3DqZa/Jy0nlVMywqmUF8AvlqpMJLxVvzhZefm0/pyo7YdJjdzP8ysslS3Nk6cLs+0//ohDjy/j7JzfLgmrSR6+z6MIv0/Mzui91rAZrF+56qgtlOYfZuzeZ5evWklIcwp0PTKOfMYltaZlk//V1Pqlq4EfbHPC78DT/8tew8witBs6umgVrCrx6Pl8y3qv+TJLrQtBw5s46y4vLMn5e1sMSyr33DldBVUTEydxSVC2ylfDmopWkpKXXON4qwI9HZk8mIuyi/85FRJo03wEjCP7LLo6Oa8fWQ7GMn1mbVqGM+82jP89MbQhX/Klfm18JRmq3dKuJmDue5omcDI4l7+Bf/06j3T3zmdS+Vo1F3K/LBF55rhbHLsFkDSVmWCgxw4Cja5j30Xf0nRcBBDDt/9zHcL9fNPi++pNLX5OXUNcXcJl4A4cx/7lh19CZNDs1CjFm4mZN5eZmett/3PRHeWX61Y9diimwI/1u7ki/m6Fo5xIe/+xH+k0GLB148LkpF73Pubf6k8tck1LnV3CZeGv5M0maP2uXyTw28j1e2lhAc36DRESksfFwx6Avv7mcYydOM3Pyjbz64qO8/co87p01liJbMS+/uYIiW4k7whIRcR5TPEMjk/niX5soGDKC6qsoHkzcR8H5x5m7dpAZE0N7ooiPzeSbrT/PFS1IO3qJmaM1RcXHcqxafwUpyeTExOKKWmaAbwBZxy5EaCMnsxhrYHtihk5lRh87KYeuFr1IE3d6H9tS8yrXSDwvL+ccZb5++BNN37h8Nm79eV5gXuphTtbo4PLX+MdFE5S0m7228yfK8sizAfjTyjefU6ed9aKkObN2mcy86TEMnT6V2V283R1Oo1L043d8d7r6+gh2zmSW0Mq3BfjF0S/wCBv3nvv5XGp65XrHF1zhmpieHTi1/buf8z8/r7Ktnz9+mSd/8XNBpHZaD5nKY2NjmHx/832DRESksXH5TNVtO5M5npHF3NmT6Vntdv/BfWNpFxrM839dyqp1CcyaMsLVoYmIOFXMgFiWv5HJpF/XnHoaG1rG8pf/SIbNhj2wD7/+deWclpipcxiw+F88/3xlicYUOpTb27WHK91GHzOVOZmLef35z6s2qrr/nignvaKaTH0mMW7H6zz7/CfET7uftrv+zYaj5ytA1jhmPhoCKZ/w/HKY+exUgrcv5PV9PXh0TgwpC19nX49HmTNQ9yFLExbYFtPWlTzzXn5VYdUUGsMTd/XGBMRNn8apRSuZ95zj/LlYHmzfsUYXl73GbxiP37WGv7z4N94zGSs3qrpzBiPDIpg0LZBnXvsbG8N68fTcYVdfFkCkmsC4m5hy9cuuO96hgeR//D7zjhZVHfOPGcqTt0UAMPKBsZx8exHzVl44dyOPR0dU6yHw8td0mcCTmSv4y+//BiYj+IYz+4Ep+Lcfyp3tlvDH36cQccvtzB+k34lSF960H3CTS95IFxGRSoaKiooKVw74xjufciwjiz8veOCy59MzsvjTZc6LSMM5eiQDg8FQpw/gss8vPK7++UqPr3SsNqzerntf6HTWWVoHt6xXH2WJ/+SFlKE8P/PnGwGTFv+W3b1f4qL9oESuUw2Ra41hDBFXyS8ouvpFLuLnW3O2q/JZpPau91wWkebJVmR3dwhO5fLb/4tsJQQF/HIxsZ9FhIWQnZvvwohERFwhk282FDBq/BV2mRIRERERERGRJsHlRVVvq9cVi6bpJzIJDw12agy24lL+9P8+YPX67Zc8fyozhyf/eyG79x9s0H4v5Uj6KRb86R0emPdKnccTkaYkhBHzf8PQX2w6FXePZqmKiIiIiIiINDUuL6rGd+tEdm4+G7fsvuhcSmo6iclpNdZadabtu5I5k1OzwFtRAVu//Z68/HOXadVwimwlvPfRRjpEtOHPCx6g2w2RTh9TRERERERERERE6sflG1UN7htLwndJLF+5GVtxKTFRlQu6p6Sls+Hr3YSHBjNyWG+XxJKVncf2XclMHD2w6tjprBy+3fODi8Y/S1b2Wcbd3I/AKyyJICIiIiJyKR4eHpSXl7s7DDw8XD5XQ6RZUS6LiDQ9Li+qAvTsFs3BQ8dZtS6hxvHOkeE8cl/l/qMJO5OrlgloFeBH56gIggIbtvDYs1snvtv7IwP7xFb1vW1nEi39fKgor9y/a19yGu988AWP3jeFTpHhAGSeOctf3lrBzEk30rtH58v2f+joSRYuWc2QfnFs25lM7tl8OrZry0N3TWDbzuSq179w8WoCW/ryu8dux2ox89GaLWzfmUyZ3UHHdm24Z+YYQlu3atDXLiIiIiJNn6dn4yjEeHqqECNSH8plEZGmx6VF1fQTmbyxaCXZufkEBvjRMy6aoEA/IkJD8LZ6EREWwradySz/dBNQUXX8m++SsNlKGDW8d41ZpfXVMy4am624arZq5pmz7P0+lfE392fl2m0AdIoMJ7hVS/b/cKiqqJp6+AReZhPRHcOuOkZxcQnJKUf4r1/fit1u5+9LVrMpIZHxNw+gfXhr3n7vM341aTg9YqPw8fbmg/98SXLKYX7z0HT8/Xz4eM0W3np3FU/OnYG/b4sGe+0iIiIi0vR5GAzuDgEAT81uE6kX5bKISNPjsqLqtp3JvLtsLYEBfjz58AxioiMue83MyTcyclhv0k9kkpJ2nEfum8LepFQWffAF54qKmTVlRIPEZDYbGX1jX1as2szAPrFs/XY/oW2C6Bz1c2zeVi/69ezCjj0/MHZEMSaTkW/3/EB8XBT+flcvcppMRm4dP5TwtkEAdGzXluycfKwWMz4trBgM0MLbgr9vC/Lyz5GccphbRg2sKtjeOn4IL7+5nMNHTxLvorVmRURERKRpMJk8KSktc3cYGI0qxIjUh3JZRKTpcclPzPQTmby7bC3hocH833l3X7KgeiYnv0ZBFWDVugSWr9wEVM4qnT93Jl9u3UNKanqDxRYTFUGrAD9Wrt3G3u9TGTWs10W3PHSN6UB+wTlSD5/gdGYOZ3Ly6BffpVb9e3p6YjbVrnadV3AOW3EpVou56pjZbMLTw4PTZ3Jr/6JEpEFVVFRgMnq6OwyR64LJ6ElFRYXT+lc+S3Pj4eGBqZZ/azqL2Wy85DqMymeR2ruec1lEpKlyyU/t1xetJDDAj/lzZ+Jt9brkNRu37CYwwK/GJlWzbxtHka2k6nlEWAgD+8SyccvuSxZmr4XZbGTsiL78v3f+Q69unYhsH0p+YVGNa9qGBBLZPpTE5DQCW/oSFOhP65DABhm/On/fFlgtZmzFpVXHSkvLcJSX0zoooMHHE5HaMRgMlFdUYLc7MOqfNxGnsdsdlFdUYHDiLZDKZ2mOrBYzdrvDLUUPg8GAxct80XHls0jdXa+5LCLSVDl9puq2ncnk5OZz36yxly2oQuVs1p7Vbm/ftjOZ/35lCe8uW1vjup7doklJO96gMUZHhvHwPZO4dfzQSy7M7enpweC+sSQmpfL19n3073VDrWef1oWfbwtiYzry2YbtpB4+QVZ2Hv/5/BusFi86tm/b4OOJSO2ZjJ6U2R3uDkOkWSuzO1wy60z5LM3Rlf7Odse4ymeRa3O95rKISFPk9JmqCd8lER4aXKuZpdV/kA/uG0t2Th4bt+yueY3FC1txyS+b1ovR05O4Lh2veE3H9m3xaWGloqKC2JgODTr+BQYDTJ84DAzwv3//iDK7g47t2vDwvZO0SZWImxmNntj1T5uIU1XONnP+TTTKZ2mOPD098LZ61bjLy5kMBgPeVq/L7hSufBa5Np6eHrTwtlBkK3HJjNXGkssiIk2R0386Hjx0nJuH9qrVtSmp6TCm5vOI0JCa16SlExjgV6+YrBYzv/uv2y57PsDfhz8/82CNYxazmZZ+LejQrs1lN6j6Zb+R7dvy0i/6efCuCTXOv/aH/6o5jpeZO6eN5M5pI2v9ekTE+cwmI+dc9I+qyPWqvLwcLy+T08dRPktzZTR64ufrzbmiYhyOcqeNYzYbL3mbcHXKZ5Fr5+npga+PFVtxKWVldqeN05hyWUSkKXJ6UdVqMXMwLZ3V67df4RovenaLZvnKzRTZSi669aD6sb1JqcRENcx6qnVx9PgpMk5lM2nMIJePLSLuZzIZ8Swp41xRMS28Le4OR6TZKTxXjKenh1OW1/kl5bM0dy28LZSXl2O3l1NaZqe8vH4FVg8PDzw9PfD08MBo9LjkRjbVKZ9FGobVYsbLbMRuL8dRXo7DUV6vfG7MuSwi0hQ5/afj7NvGseiDL1i1LuGy11gtZv604EFWrUvgzUUreXLuDAAG9Ysj4bskUtLS6RkXzap1CRzPyOKR2VOcHXYNFRWQsOsAoW1a0T68jUvHFpHGw9fHypmcfLzMJm2IIdKA7HYHxSWlBAXW706UulA+S3Pn4eGB2eyB2ezaYojyWaRhXchlV3NHLouINDWGCndsLXgZe5NSeXPRSiJCg5k0ZhCdoyLwtnqRkprOxq17SExK5d5ZYxncN9bdoYo0C0ePZGAwGOr0AVz2+YXH1T9f6fGVjtWG1dv175o7HOXkFZzDz8db/7iJNAC73UF+oQ1/P288rzJjpqEpn0UalvJZpHlwZy6LSPNiK3LeEiaNQaMqqkLlOqrvLFtLTm5+jeNWi5nZt42jZ1y0myITaX5UVL02Dkc5uXmFWC1m3WooUg+F54opLikloKWP2/5pUz6LNAzls0jz0BhyWUSaDxVV3ST9RCYpaekU2UqIiYogJtr166iKNHcqqtZPQaENR3n5+XWpPDEZPTU7RuQK7HYHZXYHdrsDR3k5Rk8PfFpY3R0WoHwWqSvls0jz0JhzWUSaPhVVRaTZUlG1/kpL7ef/EK387GEwUGZ3uDsskUbHZPSkvKLifHHDiNnkiamRbXyhfBapHeWzSPPQFHJZRJq25l5U1U9MEZF6MJuN5zcB8QKgoqLimovEIs1ZU8gN5bNI7TSF3FA+i1yd8kJEpH60SIqISAPSH6Yil9YUc6MpxiziCk0xN5pizCLOprwQEakfFVVFRERERERERERE6kBFVREREREREREREZE6UFFVREREREREREREpA5UVBURERERERERERGpAxVVRUREREREREREROpARVURERERERERERGROlBRVURERERERERERKQOVFQVERERERERERERqQMVVUVERERERERERETqQEVVERERERERERERkTpQUVVERERERERERESkDlRUFREREREREREREakDFVVFRERERERERERE6sDozsGLbCWsXp9ASmo66RlZAESEBhMTHcHE0YPwtnq5MzwRERERERERERGRixgqKioq3DHwtp3JLP90E1arF4P7xhIRFgJASmo6e5NSsdlKmDllBIP7xrojPJHrwtEjGRgMhjp9AJd9fuFx9c9XenylY7Vh9Xbr+0IiIiIiIiIichm2Iru7Q3Aqt1Qktu1M5t1la5k4eiCTxgyiyFbCwbR0ACaNGcSsKSNYtS6Bd5etBVBhVURERERERERERBoNlxdVz+Tk8+6ytcycfCMjh/Um/UQmL7+5AltxCQBWixfz585g0phBACz/dBMxUREEBfq5OlQRERERERERERGRi7h8o6pV6xIIDPBj5LDeALy+aCXxcdG8/co83n5lHvFx0byxaCVQOWvVavVi45bdrg5TRERERERERERE5JJcXlRNSUtn1LBeAKSfyCQnN79qVipUFlKzc/NJP5EJwKhhvUhMSnV1mCIiIiIiIiIiIiKX5PLb/3Ny84kIrdyUqlWgPwDpGZlVt/enZ2TWOBcRGkJ2bn6DxmArLuXVtz8m7UhG1TGDwUDHdm24Z+YYQlu3uua+j6Sf4p///pzTWbnMuWcivbt3boiQRUREREREREREpJFw69bZ3lYv4mOjWP7pJmy2yjVVV61LYGCfWLytXk4ff/SNfaqWIbDbHXy8ZgtvvbuKJ+fOwN+3RZ37K7KV8N5HG+kQ0Yb/89B0fHy8GzpkERERERERERERcTOX3/5vtZg5U23maatAf7Jz81m0bC2Llq0lOzefFt4/F1TP5OZjtZidEovFy0yAvw8B/j4Et/JnwuiB2IpLOHY885r6y8o+S1b2WXp2iyYwwA+zya01axEREREREREREXECl1f94uM6sX1nMoP7xrLs000k7Exi5uQbiY/rBEDCziQ2btlNRQXMmjKChO+Sqs45m8noCYDD4QDgwMGjfPCfrzidlUNIUAC3T72Zrp3bc+joSRYuWU3/Xl3YsesHQtu0omP7tny2YQcACxevJrClL7977HZsxSUsXr6Ow8dOYTJ6MrBvLNMnDMPiZb5sP0k/HCY8NJhvd/+A2Wzi3pmjyc7NZ+XaBOx2B5PGDGLsTf0wGODQ0ZOsWLWZo+mncZSX06tbJ+6eMRpvqxer129nX3IanSLD2LJ9P+XlFdw4OJ5pE4Zi9PSkvLyCzQmJfLZhB/mFRbT082HqLUMZ0LsrJzOzq+L2bWFl+sThDOjdFYPBJd8KkUbjdNZZd4cgIiIiIiIi0qBaB7d0dwhNnsuLqqOG9eL5vy5l45bdfLl1D/fOGsvgvrFV5yeNGUSrQH/eXbaWoEA/Dh46zrNTRjg9LrvDwY7dB/Dw8CC0TRDpGVn86/3PGdC7KzcPmcaBg0dZ+uEGfvPQdACKi0v4ds+P3Dp+CLFdOmA2mYhs15a33/uMX00aTo/YKMrLK3jr3VWEtQni/qdvIS+/kH+9/zlUwB3TRl6yny3b93M8I4v+vW7gD0/fx4erv2bhktX07NaJZ+fdza7EFDZs2UW3rpGEtw0iL7+Q/r1u4ME7b6HgnI2/L1nDl1v3MHH0QACOnThNTHQELzw1m6Qfj/DxZ1vo1S2aTpHhJOxM4qPVW5g2YSi9unfm2PHTZJ45S37huRpxZ57JZfGK9QQF+tEpMtzp3wuRxkS/aERERERERETkl1xeVI0IC+Hmob1YvnIzVou5RkH1gsF9Y1n+6VcsX7mZm4f2IiIsxCmxrFqXwKp1CVXPva0WZs8aQ0hQSz7/8lv8/XwYf3N/Wnhb6NfrBnYmpnAk/RRBgf54enpyx9Sb6REbVdXep4UVgwFaeFvw921BYlIqtuISbh0/hOBW/gS38ueWUQP5bMN28gvOAVyyn9C2QQzqG0sLbwt94mM4cPAo427qR3Arf7p1jWT917s4nc9vRrAAACAASURBVJVDeNsgenb7eRZvYIAfHSJac/J0dtWx8NCQqtfQrWskn22snJVaUlJGwq4D9O99AzcN6YXBAAH+PgCXjLtbl44cOHhURVUREREREREREbnuuWXRz1lTRlBkK2H7rmT+8uYKRg7rRXhoZeH0eEYmG7fswVZcysA+scxy4izV6htVGT09q4qiAKezckk/kckTz7xRo010xzCCAv0xmYz4XmUjqtNncvH08MBsNlUds1rM2IpLyTtfVL1UP2aTEQ+Pn5e7tXiZ8Tu/cVYLb0uNtVpTUtP55POtnDydg624crOvvvExl+3rguLSUs7mFXJDp3YX3dJ/+kwuefnnWPCnd2ocr96viIiIiIiIiIjI9cptOyndd1vlbf+r1iXwxqKVNc51jgznyYdnEBMd4dQYLmxUdSmtgwNoFxbC/XeMx2LxqtGm+kzQK2kdFICjvJzS0rKqY7biUqwWM/6+LciutmHXtThXVMzyVZsJ8Pfh6cduw2Lx4t8fb6xVW4vZTEt/H3LOFlBRQY3CauugAFr6+TB39mRaVvv6eJm18ZaIiIiIiIiIiIhLq2Qpqel4W72qbuePiY5gfvRMimwl7E5MAaB3fAzeVq8a7c7k5JOdk+f0Imt13W6IZHPCPnYmpjCkXxyO8gr2Jv1EzzpsmtWxfVusFi/+8/k3TJswjLz8Qj7bsJ3YmI74NUBR1cPDA7PJiNlkxMts4vDRk6QePkHXzu2v2tbLy0Svbp1YtS6Bju3a0O2GSI4dP012bj69e3TG2+rF19v3ccvIAXh6GDhw8CihbYKIbN+2XjGLiIiIiIiIiIg0dS4rqhbZSnhj0UrahYXw5NwZNc55W71Y8+W3GIChA7tf1HbRB1+QnpHFnxY8cFHB1VkiQoO5d+YYPvjPV6zZsB2T0Uiv7p3p17NLrfvw923Bw/dOYvHydfz+j//CZPRkYN9Ypk8YdtEt99fCajEza8oI/vnvz/ndH94mPjaa9uGta93+xsE9KC0t45PPtrL0ww0EBfpz6/gh+Pm04KF7JlbF7enhQeeocGZOCa1/0CIiIiIiIiIiIk2coaKiosKZAxTZSjiekcXepJ/Y9l0StuJSZs8aS1CgP52jwklJTefgoeOsWpeA1WJm1PA+xERFEB4aTPqJTLJz81m0bG3lplb94ugZ14nw0GCXFVdFmrOjRzIwGAx1+gAu+/zC4+qfr/T4Ssdqw+qtJSlEREREREREGiNbkd3dITiV04uqj/3+/1WtIzppzCCKbCWsXr/9ousmjh6It9WL5Ss3X3Tu5qG9iAgLYfmnX2ErLiUwwI8/L3jAmWGLXBdUVBURERERERERZ2juRVWnVyRmTrmJd5etpWe3Towc1huAvUmpZOfkMXPKTSz/9Ct6duvEpDGDADh2IovEpJ+qzgUF+jNrygigck3W7buSq64VERERERERketLeUU52bajZBQcIKMgufJz4QEKS8+4O7RGy8ccRKhPV0J9uxLqG0uYb1cCre3xMHi4LabkrPV8n/kFpwoPUlSWy7myHOzlpW6Lp6mxePoSYA0jwBKOo6KMdv496dVmCoHWdu4O7brh9KLq4L6xZOfksW1nMuknMgE4npHF3NmT6RkXjbfVizcXrWTi6MpC6fZdycycfCOD+8ZWnbvQLiUtnYmjBzK4b6yzwxYRERERERGRRmb9ob+x4/h7WI1+VQXCIe1mE+rTFV+vYHeH12gVlGSRUXiAjIIDJGV+wbq0VyixFzIw4k5GdnzMZXHY7Hl8dfhNdpz4N6WOIpeN2xwVOwo4WfgjJwt/BCAl+2s2HPobXVqN4OaOj9LOv6ebI2z+XHLvbJGthJzcfJ7/69Iax4CqgunTf3gbAKvFq+rchc/V253JyXdFyCIiIiIiIiLSSJwpOsyS/Q/TPWQcTw/+BpOnxd0hNSm+XsHEeA0nptXwqmNljmI2HXmLv307nru6L6SVE2c4OipKSUhfwpeHX8dmV13HmX7M3sSP2Zvo0Xoi46LnE2AJd3dIzZZLiqrZOXl0jgxn0phBnMnNZ9W6BGy2YgC8rV4EBvgxa8oIvC1eLFu5qapwarMVExjgx6QxgwgK8KvRTkRERERERESav81HFvJdxgru7v4WbXxi3B1Os2HytDA66jfEhYzln3vuYkD4nQxv3/D71xQ7Cliybw5puRfvryPOs+/0ao7m7eH+nosJ9o50dzjNktM3qhKRxksbVYmIiIiISGP21q4ZtG/Zm/HRT7k7lGbvs5/+hxMFB3iw13sN1mdW0SEW73uArKLDDdan1I2POYg5vZe5pbDa3Deqct+KxCIiIiIiIiIil/HWrhn0C5ulgqqL3NLp/6Nn60n8fc/tDdLfubIcFiXer4KqmxWWnuHdfQ9wrizb3aE0OyqqioiIiIiIiEijsvnIQtq37E3vtlPdHcp1pW/YDMJ8Y9ly9J/16sdRUca7+x4g23akgSKT+jhTdJjF++bgqChzdyjNioqqIiIiIiIiItJonCk6zHcZKzRD1U0mdPo9CceXkGNLv+Y+thz9J8fy9jZgVFJfR/N217tYLjWpqCoiIiIiIiIijcaS/Q9zd/e33B3Gde3u7gtZsn/ONbU9V5bNpiNvNnBE0hA2HXmLwtIz7g6j2VBRVUREREREREQahfWH/kb3kHG08YlxdyjXtVDfrtwQdBNfHn69zm3Xpf2VEsc5J0Ql9VXiKGT9of91dxjNhrbOFhERERERERG3K68oZ3v6e/x/Q75xbyBHXuCptEW/OOiLxTKHW+MeJt7fLVG53I3t5/DS9hHc1OERDAZDrdoU2wvYlfGRkyO7kjB6dHqZsW17EmjyqjzkyCfz7Eds/PFF9hW7MpaXmHfzdMiI5JUfXDnule3K+Jjx0b/DYvR1dyhNnoqqIiIiIiIiIuJ22bajeJv8MHla3B0KcDu/6vdbqubL2o/zzYGH+CDRj5DhdxDqrGFzP+Ive35LcNQh7ungrEFqx8vYArOnNzm2Y7Tybl+rNmm52926GVLkDe/yq9BwinM/4pMT31IMBATOpn/rOxjZcQ37fkh0W2yNhaOilLTc7cQGj3Z3KE2eiqoiIiIiIiIi4nYZBQcI9e3q7jDO88Lq68fPc/m6Mi5qDruSN5CSewehAW4MzYVCfbqSUXig1kXVlOyvnRzRlfX2j8JU8jUf7nmGfRcOnl7D5sNhBBSfcGdojUpK9tcqqjYAFVVFRERERERExO0yCpIJ9Y11dxiXZ/LCVP35ub2s2v8C3xYlYieezq1f5va4KKwAtjQ27Z/PxsJE7AQR4P04t3a/g5gWgCOflKQFrDizhkJ88fF5hnu6T8eSdi+vnN4CQFZaJE+lDWNsr3cZ4cYCbphfHCfyk+gWMq5W12cUHHByRFdWXA54RdG1dRj7TlcrohafIPfCY8sEbo17ht7+wZiAMtsOvv3xdlbnAJbbubXrbHr4RWH1BCghJ/sl/pG4iFzgVwMO0cdjPTvsAxjg60dB9mO8mJjPxF4v0jsgvPJ778gnM+sl3kk+P57pBR4fdgehJoB8Mo4/xqspW1zy9bgcd3+fmgttVCUiIiIiIiIibte4Zqr+Qlk+iYcWkmscRUwA4Ehj1a5p7PZ4nEf6JbKg++OQdQvvp5YAkHbgXtaWTuC+Xoks6PcJE70PkXK+qncs6V7eyfFjXPdEFvT7jHEs5I39Owjo9BoLbniBAKBzRCIL+r3GED+3vWLg55mqtVXg5p3lV59cT4EjnPi4rTw3ZAOPxL/E2LY3VLsijLFxLzPAp4SDqY/xftJLHKQnQ7q8SiRAsR8B5hIOpS/g/aTH+ORUFoGtHudXEdW6sI6mh8dedh1ZwCdHTjK412sMCfAj63hlmy9Op4FXWFURNyRwOLbTC3g/6SWSbX6Ehv+WiS77ilyau79PzYVmqoqIiIiIiIiI22UUHiDUp7EUVRex5Mvqm1WZMZof57b48+upnlzPbvsoRnUdTqgv4DucW1sP4M9ZOyiLHo69PAvwwurth6+XH7E9nqFyDu4BduQk0rb1u/QJ9gP86NP5cb7Zs4Z9DKCP1QsjYDT74dsI9hEK843lREHy1S88r6Aky4nR1EL6HF7MncbY9tOI8e9K21bTaddqOiOidvBF4u1sLpxNjL8XBdmvsuToGgD2GYfxXJeeDGkJh84u5J0dC3/u7/QwhrSZjq9PtTHKdrBhx2y2AbCAxwP8KMt7izdS3j/fZg2bAXgJAFv+Iv5x/ty+wGn82RpO2zDAjasRuP371EyoqCoiIiIiIiIiUkO1jaqK97Ii6TEKWk0k3v/8afsZitnA6u8iWV29mXkCuUBM3GeM3b+Av3/zDHaP/rRt+Ti3dx9AoGcJtnI4eTKep05WbziMgiLXvLJmr/Bj1iZ/zFoAwujR6TVubTeAkV3msHmXH0bAt9XL/Pnml6s1ysfiCxTfzm3dHyfG2w+rp1fV2czq/ZceP19QBajsL/dc9b5qKrAtuvig7htvFlRUFRERERERERG3u3CreYzXcHeHQo2NqnyHc3fH6byY9hirAj9hUhvAwwuYwMT4F+lhrtbMw6uyjTWKEf0/YARQlneA1fsn8I+kLfyuB5iAiLZbuCei5r39Fm8g36tRFWpOFCQTVod1bn29gjnrxg2hAnxugMIffl4/lRPs+2kN/dv2JMoYWXW0IPsFVp+sPluzhII8iOw8h3hfLzIyXuU/OceBCYyNu/qGTgEt5gOXL6w2Nr5ewe4OoVlQbVxERERERERE3C7Ut2uj3UDH1OFxxlkOsO2n1ZWzFsMm0NtjDRtS91Jw/pqC3NXsygIoIXH3fFYdO05BQX7l5kmAzZ4P9KR/y0jSTy8kpfh8w+I0Nh1Nw+4JBEQR6gGHTn9NQRngcOnLvEhdl2TwNQc5MZqr6c/Y7p8xb9DH3BZ1Oz1aT6BH69u5tdcc2plKyMh+FXiVgwUl+LacTQ/L+WaWYQwJG4WxGHLLKtfEpTwf8CMyYgCBVxyzsj+T/x08ElM5Zv+Y95kXP8eZL7Te3Pt9aj4a0xsgIiIiIiIiInKdCvWNJSnzC3eHcRl+DIh6hs3J81l9cDS/7tyVGf3WsClpAW98l4gdXyyW6YzqCOBFO/9INqdNZVv5GSCIAJ+X+HXXyuJkVPwnPPjDS3yY1I8Py0sxeoyic+vfnh+nKxM7LSDjp8d4cUsBXaMOcU8HN71k4ET+98S3mVzr60N9u5Kev8+JEV3Jt6xNewdrx4nERLxIvGfl0bKy4xw7Np8Pf6qcQbt6/3zo+lt6R79Wuc6tI5/Msx8BkPvDC+zwfY0B4S9ye3gJOdl7yWHAFcY8wer98zHGPUPv8Be5PRwoyyIjew0Bznyp9dRoN4RrYgwVFRUV7g7iTE4+23dVLnwcHxtFRFiImyMSuT4cPZKBwWCo0wdw2ecXHlf/fKXHVzpWG1ZvvS8kIiIiItJcnCk6zDuJv+a3g75ydyhy3p+3Def+XktpZW1Xq+uTs9azZH/jnqUpcF/8ImJaOX+ZDVuR3eljuJPbKxLpJzJ5+c0V2Iorp1ivWpfAkw/PICY6ws2RiYiIiIiIiIirBFrbU+o4R5mjGJOn5eoNxKlK7IU4yssIsITXuk1UwEA8DWYcFaVOjEzqw9NgIjpwoLvDaBbcuqZq9YLqzMk3MnPyjQC8sWgl6Scyr9JaRERERERERJoLD4MHA8LvYNORt9wdigCbjrzFgIg78TDUvnRkMfrSJ3SaE6OS+uoTOh1Pg/nqF8pVua2oWr2geu+ssYwc1puRw3pz76yx2IpLePnNFSqsioiIiIiIiFxHRnZ8jANnNpBR8IO7Q7muHc//noM5W7mpw9w6tx0V+QRGDxXtGiOjh5nRkb9xdxjNhluKqr8sqA7uG1t1bnDfWBVWRURERERERK5Td3VfyFKty+lWS/c/zF3dr23GsK85mP5htzdwRNIQhkTMxscc5O4wmg2XF1WvVFC9QIVVERERERERketTK2s7BoTfyWc//Y+7Q7kurTr4AkPb3UeAJeya+xgd9Rva+HRpwKikvtr5xTMy8nF3h9GsGCoqKipcNVhtCqrVbduZzLvL1mK1eDF/7gwiwkIaJA5bcSmvvv0xaUcyqo6ZTUaiO4bxq4nDCQ8Nrlf/uXmF/Om195kx+UZ6d+980flDR0+ycMlq5tw9kcj2bes11rVavX47ySlHePyBaVgtmpZ/vTp6JAODwVCnD+Cyzy88rv75So+vdKw2rN5u32tPRERERESc5B977qRnm0n0DZ3h7lCuGzuOv09S1jru77m43n3llZzkjZ3TyCs51QCRSX20srbnkb4f08IU6NJxbUV2l47nai6bqVrXgio4f8bq6Bv78NKzD/HSsw/xu/+6DZ8WVl56Yzn7Dxxq0HFEREREREREpG4e7PUee059ypqf/uDuUK4Lqw6+0GAFVQB/r7bMjn8HL0+fBulPro23KYBf91zk8oLq9cAlRdVrKahe4MzCqsXLTIC/DwH+PkSEhTD7trF0u6Ejq9YlUGQrabBxRERERERERKTuHur1Pn7m1vxp2zAyCg64O5xm6Xj+9/zxmyEEWsIarKB6QVufLvxu8Ne09+/VoP1K7bT378X8gRtpZe3g7lCaJaffO1u9oNo5MrxOBdULBveNJeG7JA4eOs7Lb65o0KUAqjN6ejJ0QHcWLl7FsROZdImO4NDRk6xYtZmj6adxlJfTq1sn7p4xGm+rFzm5+Sz5cAMHDh7F08OD3j06M33isKr+Mk5ls/arf3P0+ClCggK4/47xdIhoU3X+wMEjvPPBF2SeyaVju7bcf8d4glu1PH/uKB/85ytOZ+XgbbUwengfRo/og9HTk9NZuXy4+mt+OHiUMrudju3a8tBdEwgM8KtaWqB/ry7s2PUDoW1a8ch9UziQcoSlH26g4FwRnaMiaB0U0OBfPxEREREREZGGNqz9/cSFjGHJ/jncEHQTN7afg5exhbvDavJK7IVsOvIWB3O2MqfP8nqtoXol3qYAHu6zgl0ZH7I27RUKS884ZRz5WQtTK0ZFPk7/sFl4GLRsnrM4/Sv78pvLsRWXNlh/F2asvvaHRxusz+p8WlgxGAycK7IBkJdfSP9eN/DgnbdQcM7G35es4cute5g4eiD/+eIbSkvLeOGp2ZSXl7Nlx34KCm34tLACkLAziV/fPh5fH2/e+eALPv/yOx66awIAJSWlJKccZc49kwBY+uF6/vX+Fzz+wDTO5OTxr/c/Z0Dvrtw8ZBpH0k+z9KMNmM0mRg7rxbmiYjpEtGbm5BGUl5ezePk6Pv5sK/ffcQsAxcUlfLvnR24dP4TYLh04nZXL0o82MKBPV24e0pMj6adZ8uF62oRo6reIiIiIiIg0foHWCJ7o/xlfHn6dlxJGYDZ6E+rTlTC/uMrPvrH4etVvf5TmrKAkixMFyWQUHuBE/vdkFBzAUVHGgPA7eazfKqePb8CDvqEz6d76Fr46/AYJx5dS6ihy+rjXm0BrBAPC7qR/+Cwsnr7uDqfZc3pRdVDfOGKiI3hz0UpsxfW/pX7u7MmkpKY3QGSXVlpahsPhqHres1unqseBAX50iGjNydPZVcesVi/8/Vpg8TIzc/IIoHKjKoBbRg0kumPlOz1xXTqSnHKE0rLKRXo9PDwYO6Iv4W2DALh1/FDeXrqGjFNnSElLx9/Ph/E396eFt4XAAD9Sj5xgz/c/MbR/NyLbt62xwdUNndv//+3de1iUdf7/8dcwMMwgB0FA5eCRRANLMy01LdPUylNrpbVbm+7qbrnfatfaw7fjr8Nvt4Pf37q7WZvfzco2pdXy0AEPpemKJaZm0gYJHgYwQUBGYTjO/P4ARlFAUJgB5vm4Li5m7vtzf+73jVd0zYvPQWnph1VWXhNeG41G/fhH43VlQn9J0o5dBxrsL+vIsVb/+QEAAAAA0FbG9/2VbuyzQIX2o7UB4QGlZL+lnFNpjIBsQqApXNFBCYoKvFxDekzXLZf9QaHmGPkY3LbVjiTJ3xiom+N+p5vjfqe0/E36Ju9jHS/5XiUVRSqpLFSVg6UYm8vfGKhQc7RCLTEKs8To8oibFBc6ytNleZU2D1Vnzxjnem3Nza937kShTX94fmmD1z35m3sanOI/NDFOQxPjWrfIs1RUVsnP11ddg2sWUk4/aNX7H2/XseOFrlB4+JB4SdLMKWP1z9Wf6tdPLFFAgL/GjR6qiddf7erLYjY1eh8/P18FBQa43pv8fFVZVaWTttM6nl8kk5+vfHzO/HKzmP11svi0yioqVHDSpqQ1W3Q0J0+nS2pG1PbvE9Vo3431BwAAAABAR2MwGNQtoLe6BfTW4MibPV0OLlJCxE1KiLjJ02UAF82jCysUFBZLqhkBGh4aLEk6UWRTYZHNIxtFVVVXa/sX+xXaNUg9u3dTSWmZktZtVWhIoP7w4F0ym/31z9WbXe27BgdqwZzpcjqlw9Yf9Nrb6xXWNUiDBvS+4L0qK6t06vSZoe5nh7ndI0Jlzc2Xw+FwnbeXlatrSKD8jL5a/eE2nSqx6+H5MxUc1EWbt32lzMO5jd6re0Soso4cU2VVlSwyufoDAAAAAAAA0HLuHefdiNHDE/Togll6dMGsRjeyio+L1dSJI1v1vmXlFSoqPq2i4tM6kn1cf/vHGn2bcUR33XajAiz+8vHxkcnPVyY/X/mb/HToyDEdPJQjSaquduhf6z/X7q8zdNJ2WgaD5GNofljpcDiUvCVV2cdOKPvYCX3w8Xb17N5NUT3CNXhQPxXbTuvjT79UYZFNe/Z/r527v9VVgy+TxeIvs79Jfr5Gmf1NKigs1p79GU3ea/Cgfiq1l2nDllRXfympaZf88wMAAAAAAAC8UYfZAmzapNZfF2Lj1t3auHW3pJrp93F9o7Xwl3coJqpmcWuL2aTZM8bpf//5sX7//FINSYhT75jukmqmG0T1CFfSmi06aTstX6NRo0ckavSIxGZtzOXvb9Kgy3pp8eurVXzqtPr26qm5d02WxWxSbFSEfnb3LVrxwWfa9PluBVjMmnj91bph9JUyGKSZt47R35d/qCdeeEO9Y3ooPq6XfsgrbPResVERuuf2m/TP1Z9q0+e71bdXTw1JjGvyGgAAAAAAAAANMzidTqc7bjRv4SJJ0tJFC13H0g9a9fKr72nqxJGu0HTdhhSt37hTj9x/p+LjYt1RGuC1jhzOlcFgaNGXpEbf170++3tTr5s61hyWgA7zdyEAAAAAALyKvbTK0yW0qXYx/b851m1IUdLaLZ4uAwAAAAAAAICXc1uoajGbLun69Rt3aseuA61UDQAAAAAAAABcHLfNnR2SeJl27k7TspXJGj08UZJkzc1vtL01N981JXhH6gFXHwBQx+mULnLlAAAAAAAA0EacDk9X0PbcFqpOmzRK6ZlWpaSmNWvn+XOn+oeFBmv2jHFtVR6ADsjpdF70eqwAAAAAAKBtuGkLJ49y20ZVklRqL1dK6gGV2svrHR+aGKfY6EhJkjUnT3sPHKx3PsDir1HDExVg8XdXqYBX6OgbVfmZfOTr22GWhgYAAAAAwCtUVTlUWdG5h6u6NVQF0L509FDVx2iQv7/xoq4FAAAAAABto7y8Wo7qzh05MsQLQIfV2X9BAwAAAADQEXnD53VCVQAdmsPR+X9RAwAAAADQUXhDoCoRqgLo4Kq95Jc1AAAAAAAdgbd8TidUBdChVVU6vGJXQQAAAAAA2jun06mqqs69QVUdQlUAHV5n31EQAAAAAICOwJs+nxOqAujwqqudrK0KAAAAAIAHORxOr5n6LxGqAugkKiscYhUAAAAAAADcz+n0rlGqEqEqgE7C4XCqsqLa02UAAAAAAOB1KiuqvW4GKaEqgE6jutrpdX8ZAwAAAADAkyorHF417b+Or6cLAIDWVFXlkMPhlMnfKIPB09UAAAAAANA5OZ1SRbn3jVCtw0hVAJ2Ow+FUeZn3/mIHAAAAAKAt1XzurvLqz92MVAXQKTmdNcGqr6+PjL4G+fgwbBUAAAAAgEvhcDhVXeVUVRVL7xGqAujUqqocqqqSjL4+Mholo4+PRL4KAAAAAECzOJ2So9qhaodUTZjqQqgKwCtUVzlUXSVJDvkYDTL6GCSD5ONjkMFgYP1VAAAAAIDXczprZn46HE7JKVU7nHJ44SZUzUGoCsDrOKr5nwIAAAAAALh4bg1VrTl5Slq7VemZ1hZfazH7a9aMcRo9PKH1CwMAAAAAAACAZnJbqHqi0KaXlrwne1m5YqIiFGD2b9H11tw8vbkyWfH9YxUeFtxGVQIAAAAAAABA09wWqm7e9pXsZeWaNf0GTRg7rMXXr9uQovUbd6qgsJhQFQAAAAAAAIDH+LjrRtacPEnSqOGJ7rolAAAAAAAAALQ6t4SqO1LTZM3NlyQtW5msUnt5g+3qglcAAAAAAAAAaK/cMv1/3zffy15WE6TuO3BQBYXFCoiOdJ3fkZqmpDVbZC8rZ0MqAAAAAAAAAO2aW0LVBXNn6KVXkpSRla2lixbWO3ei0KY3VybLYjZpQL8YZWRl682VyRqaGKcAS8s2s2oue1mFFi9drczDua5jJj9fxfWN1h1Tr1dMVES9dpL00LyZsphNbVIPAAAAAAAAgI7DbRtVNWbfge8lSRPGDtO0SaO0cs0Wfbp9j6w5eYqPi23Te0+84WrXplmnT5cqeUuqXnwlST//8S264vJ+MvubtGDODEmS2b91A9XXl3+owpOnCGsBAAAAAACADsYta6qu25DiWlP15SXv6UShzXUuNqpmGYB9Bw4qIzNbGZlWSWqzUapnM/ubFBoSqNCQQMVGR2rOXZM1eFBfrduQolJ7uQwGKSjQoqBAiwyGNi8HAAAAAAAAQAfglpGqpfZy15qqR3OO1zvXLSxEFrO/rLn5emlJkiTJYvaXxWJ2R2n1+BqNGnPtFXrtrXU6mpOngXGxen35h5Kk+fdM0fqNO/V1WqZioyO1a89/wkmLHQAAIABJREFU9KNbx2j0iESt+nCbdqamyeFwavSIRN0+dazM/iY5HE5tTdmnjzZ9IdvpUnUNDtSkccO16fPdKjx5SpL04GN/1bRJozR14kh9m3FEKz74TMfzCxVgMWvi9Vdr4rir5Ws0nnfv6ZNH65v/ZMliMesX90yR0ViTj6/+aJu+z8phBCwAAAAAAADQRtwSqs6eMU7WnDxlZGXrL8//l+t4qb1czyx6W/aycsVERWhoYpz2Hjio7Nx8vbwkSU8uvNctI1bPFtjFIoPBoJJSe4Pnj2QfV5cAsx6aP1MxPSO1av02paUf0q9/cbuCAgP0VtIGfbT5C828daxSUg9o1fptmjlljK66YoCOZh/X8fyT+u+Hf6zl/9qkYluJfnb3zQoJDpQ1N1//ePdjXTvsco2/bqYOW49r+apNMpn8NGHsVefdOzYqUoFdLFqTvEMFRTZFhndVqb1c/8k4qhFDBxKoAgAAAAAAAG3Eo2uqrtuQIntZucaPuUqzZ4yTJE2bNEpvrEjWzt1p2rztK02bNMqtNVVUVKq6urrR890jQjX3rpsVEtxFxbYSpaUf0q03jVRc32hJ0s3jr9Enn36pk8WnlbL7W10zbJBuvO4qGQxSaEigqx+Tn6+MRh+FBAfKYjbpm/9kKSQ4ULeMv0ZdAswKCw3WwcM52vPN9xpzzeDz7i1JCfF99PGnXyojK1uR4V2VeThXJaV2DUmMa8OfEAAAAAAAAODd3BKqrlyzRRlZ2ZKkBx/7m55ceK/Cw4JlzcmTJGVkWvXykvdc7UvtZZKk9INWaZI7KjyjorJKfr6+6hoc2OD5wC4WmUx+kqTiUyWyl1XoraQNeitpg6tNWNcg2U6X6mTxaQ26rFez1mM9nl8kk5+vfHzOLHNrMfvrZPFplVVUnHdvSQoJ7qL4/rH68qtvNfzKeO355nsNvKy3Irp1vZhHBwAAAAAAANAMbglVAyz+sphNspdVKDYq4rzzdZtYNXSdO1VVV2v7F/sV2jVIPbt3u2D7kKAusphNmj55dL3RoT4+Bpl8/dQ1JFCFJ0/J6dQFg9XuEaGy5ubL4XC4jtnLytU1JFBmU+NT+a8dNkj/+8+P9d3Bo0o/aNVdt93IploAAAAAAABAG3JLqDpt0iilH7QqIytbjy6Y5Tp+9usLqQtYWzNoLSuvUFHxaUmS7VSJPvj43zqSfVy/mjujWfcJDuqihPi++jzla/WO6a7QrkE6nleo/IJiXXfNYF01+DKt25Civr16aPCgfjqafVwFRTbdeN1Q9e8TpUPbvlJBkU0xPcM1eFA/fbp9jz7+9EuNv26oDluPa+fub3XrhGvl7+/XaA29Y3ooMryr3lu3VV0CzOrfJ6rVfj4AAAAAAAAAzufRNVUl6UShTes3pqig0FbveHxcrKZOHOl6P2HsMI0antiqoerGrbu1cetuSTVrnMb1jdbCX96hmAZG0zbEYJBunzpWqz7cpkWvvqfKqipFdOuq6ZNHS5JuGH2lKioq9f5H27X8X5sUHhai2265Tk6nNPLqBH2flaNnFr2tq68coPn3TNHP7r5FKz74TJs+360Ai1kTr79aN4y+sskaTCZfDUmM08o1W3TH1OvdProXAAAAAAAA8DYGp9PpbOubvPLGGu1Ly3S9f/I39yg2OlJSzbqpL7/63nnXWMwm/eX5/2rr0jqFr9MytXLNZ/r1L+5QZDjrqaL5jhzOlcFgaNGXpEbf170++3tTr5s6BgAAAAAA0F65ZaTqkMGXKT3TKntZhYYk9Fe3sBDXufi4WD1y/53nXXN2G0kqtZcrOzdfA/rHtHm9HUl1tUM7UtMUG91d3UKDPV0O0O4ZDJLR10c+PgYZDKr9ItQFAAAAAECSnE6nnE7J6ZQcDqeqqxxq+yGZHY9bQtXRwxOUsuuAMrKyNWvGjedNUY+Pi71gHympB5S0dqseuf/OZrX3Frk/nFDm4Rzde8dEGY0+ni4HaJcMBslo9JGP0SCjkQAVAAAAAIDG1MxGrXltNBrk5+ej6mqnHNVOVVcTsNZxWwpXN91/34HvL+r6Unt5a5bTacRGR2rR0/fryoT+ni4FaJeMRoNM/kb5mXwIVAEAAAAAuAhGo0F+Jh+Z/I18tq7lto2qJowd5hptmpKapgCLuUXXH83Jk3T+sgAA0BAfn5q/pvnwyx4AAAAAgFbh41MzcMlR7VRlpUMOh/cOW3XLRlV1rDl5WrlmizKyslt8rcVs0qwZN2r08IQ2qAzwTp11o6qaX/I+rJUKAAAAAEAbcTqdqij33mDVraEqgPalM4aqvn4+8vNjfWEAAAAAANyhssKhqiqHp8twO5IHAJ2GT+0C2gAAAAAAwD38TN659B7pA4BOwWAwyGQyeroMAAAAAAC8jslk9Lol+AhVAXQKJpOPvOz3NwAAAAAA7YLBUPO53Jt419MC6JR8jAavnGoAAAAAAEB74W2fzQlVAXR4rKMKAAAAAIDnedPnc+95UgCdkq+vj3x8vOcvYQAAAAAAtFc+Pgb5+npH3OgdTwmg0zL6EqgCAAAAANBeeMvndEJVAB2WwSBGqQIAAAAA0I74+Bhk8IKdpAlVAXRYRiO/wgAAAAAAaG98jJ6uoO2RSADosAz8BgMAAAAAoN3xhlmlRBIAOixvmE4AAAAAAEBH4w2f1wlVAXRYPl7wSxoAAAAAgI7GGz6vE6oC6LCY/g8AAAAAQPvjBZkqoSoAAAAAAACAVkSoCgAAAAAAAAA4m6+nC7Dm5GnZymRZc/MlSbFREZoze7JioyM9XBkAAAAAAAAAnM/jI1XfqA1UY6IiFBMVIWtuvpatTPZ0WQAAAAAAAADQILeOVLXm5Gndxp2y28vVLSxYs6aPU3ZtoPrUwnslSf9n0duy5uar1F6upLVbVFBok8Xir2kTRzJ6FQAAAAAAAIDHuS1Utebk6aUl78leVl5zIFNKP2iVJIWHBrvahYcGKzs3X88selsFRTbX8fSDVj36wJ0EqwAAAAAAAAA8ym2h6roNKbKXleu+2ZM1NDFOy1Z8on1pmQoLDda0SaNc7aZNGqWjufkqKLJpSEJ/zbnrZu09cFBvrkzWug0pWjB3hrtKBoBm++H0d0ov2K7Mop06WZaj0xUFKqks9HRZHVYXv24KNHVTV3OU4sJGakC3serRJd7TZQEAAAAAIMmNoWqpvWaE6tDEOAVY/M8LR605ebJYzIqNjtQLj8+rd25oYpzePKsPAGgPnHLq2/zN2nxosXJPfevpcjqVksoClVQW6HhJhtILtuqj7/+oqKDLdVO/hzUofLwMMni6RAAAAACAF3NbqNotLETKytaylclaMGe66/i5ywJYzP4aOjhOs6aPU4DFX5K0bMUnZ/poBfayCi1euloJ8X00deLI887/kFeol199T3fddqOGXTGgyb6+2p+h195ar1/+dOoF2wLoPE6W5Wj5NwuUbdvv6VK8Ru6pb/XW1/MVE3yF7hn8irqaoz1dEgAAAADAS/m460azZ4xTWGiw9h04WO+4xWKW5Kx5bTZJciolNU0vL0lyjUytWyZg9oxxrVrTzt1pOlFoq3fM6ZS2f/mNim0lzepj8KB+evHJX2jwoH4XbGsvq9Cf/rpCry//8KLqBdA+ZBRs15+/vJVA1UOybfv119Tb9N2JrZ4uBQAAAADgpdo8VLXm5OmZRW/rocf/psIim8JqN6Wy5uTpRKFN4WHBevSBWbKYTbKXVWjapFEaeXWCrLn5WrJsrSQpLDRYhUU2PfT43/TMordlzclrldryC4q1c3davWPH8wv15Z7/NLsPk5+vQkMCZfJz26BfAB7ilFNbj/xdb+ybI3uV7cIXoM2crjihN7/+ubYdXerpUgAAAAAAXqjNk8CVa7bImpuvmKgIhZ+1KdVLS5JkL6vQfbMna/TwBD36wCw98z/LtSM1TU8tvFfpmValZ1olSb+aM13rNqToRJFN1tx8LVuZrCcX3nvJtQ0dfJl27f1OI69OUHhYTdi7I/WAugYHyulwutodzy/Sv9Z/rv9kHFFlVZX69uqpX9wzRWGhwco6ckyvvb1ev7x3qkK7BulPf3lXo4Ynau833yv3+AlFhofq5z++RQ6HU39+fZXsZRXKlJS6L921ZMC3GUe04oPPdDy/UJHhobr7R+N1+YDerr6vG5GoHalpKjppq3fvsvIKJX+Wqu1f7pftVKmCAwN0zx03aUhinIqKTzdaS5/YHpKkw9YftPxfm2TNzZOfr69GDk/Q7VPGSpJWfbhNO1PT5HA4NXpEom6fOlZmf9Ml/8yBjuxA3gYlH3xRTjkv3BhtzimHPv7+T+rRJV4Duo31dDkAAAAAAC/S5iNVM7KyFRMVoacW3qsFc2coNjpSpfZy2csqJElvrkzWjtQ0Hc3NlySF145krft+otCm2OhILZg7Q08tvFcxURGy1ra9VEMT49Q1uItrtGreiZPa+81B3XjdUPn6Gl3tSkrL1Ce2u55+9D49+7u5Mvr4aPVH2+VsJFf54qs0/eT2CXr2d3PVJcCsjz/dpeie4Xrs4Z+oT2wPXZnQ37VkgDU3X/9492NdcXk//emxeZo8briW/2uT8k6clCSVlZUrLf2w/utnt+m/H/qxbKdKtCVlnyTJ4XCqqrpaD/78R3rxyV9ozLVXKGntFhWePNVkLdXVDv2QV6i/vbFGEd266vk//Fx/eOjHsphNqqpyaNX6bUr77pB+/Yvb9fSjP1XuDyf00eYvWuVnDnRUx059p5VpvyZQbWeccuqdb37FRmEAAAAAALdyy5qq5+7RXLcBVc0aqjXB6psrkyVJ8XGxKrWXy5qbL4vZ5BpB2hZMJl9NvGG4du39TicKbdr+5X5F9QjXgP6x9dr1691TU24aqYhuIeoeEapBA3qroMimsvKKBvu99aaRiusbre4RoUoc2Fe2UyVyOJwKDuoio9Gn3pIB3/wnSyHBgbpl/DUKCw3WiKsGKTK8qw5bf5Ak+fn56rZbxiimZ7j6xPZQ3149VVC7DmyAxV+3Txmr3jHdFRoSqCsu76dqh1Mni083WUtFZZX2fPO9zP4m3XXbjYroFqKYnuGaeetYVVdXKy39UL3rbh5/jTIP5bo2EwO80cq0X6vKwX8D7VF59Wm99+0jni4DAAAAAOBF2nz6f93I0mcWva1uYSGaNnGkYqMjawNVg2ZNv0F7vzmobmEh6hUdoVHDE1VQWCx7WbksZn9Zc/IUGx0pSXrplSRl1y4l0Fri+8eqW2iw1ibv0KGjx/TTOyfKaKyfNeceL1DSmi06mpOn0yV2SVL/PlGN9lkXFjfH8fwiWXPy9PATr9Q7Htc3WuFhITIajY2u11pWXqG1yTu0Z//3Kio+LafTed69G6vleH6RArtYZDL51TtefKpE9rIKvZW0QW8lbXAdD+sapLLySlnM/s1+NqCz+Pr4ev1Qku7pMtCEY6e/U1r+RiVETPR0KQAAAAAAL9Dmoerc2ZP1xspkWXPza75y8vSnx+dpwthhWr9xp6y5+Xp0wSxJUqm9XAWFxYqNjtR9syfrzZXJemnJe3r0gTsVGx2pE0U2xURFaO7sya1Wn8nkq8njhuuvb3ygqwZfpn69o2Q7Xeo6X13t0OoPt+lUiV0Pz5+p4KAu2rztK2Uezm2V+3ePCFWv6Ej9/Me3yHxWYGn2N+nY8YImr939dYZ27Dqg2TNu1KABvWXNydM7qzY1+76Zh3NVUVFZL3gNCeoii9mk6ZNHa0hinOu4j49BQV0CWvh0QMfncFbrk4MveboMNMOmrD9rUPh4+RiMF24MAAAAAMAlaPPp/7HRkXpq4b1a/Nyv1C00WAVFNVPXJ4wdppioCKWkpun3zy3Vy0ve0++fW+rarGr08ATdN3uy7GXlemnJe7Lm5OmFx+fpqYX3ukautpa4ftG6/6fTdNstY84bperj4yOzv0l+vkaZ/U0qKCzWnv0ZF3Ufi9mk6B7hKiiyqfhUiSRp8KB+OlViV+q+dDkdDlVVVSt133euEbFN9udvksFgUFBggKqqqpWSmtbokgTnGjyon+xl5frgk38rv6BY2cdO6IOP/y1fX18lxPfV5ylfq6h2bdbjeYXan5Ylg+HchRyAzu/QyVQVlWV7uoxW9kstuCFLL1y3TMOa0zz2XT09PksLBzXWYI7mj83SC9e+2HolXoRjp7/ToZOpHq0BAAAAAOAd3LKmqiStXLNFBUU2DUnoL6lmPdBHH5ilkVcnqKDIpvRMq6Sa6et1m1c1FKy2BV+jUYkD+yqsa9B55wwGaeatYyRJT7zwhpLWblV8XK+LvtetE66RJD36f17T+o07FRsVoftmTVLqvnT9/vmlevqlN2XNyZef34VHWl2Z2F+jhidqybK1eu7/vaOI8JB6o12bEhsVoZ/dfYsyD+fqsT/+r1746wpVVFbKaDTo9qljFdcvWotefU+/e/bvWr5qk/z9/S7cKdAJZRW1z03aQmOf1W3R0Rd3bfwU9TJK8r9W1/Zu3bo8rb3+ewEAAAAAOheD09nYHvat66VXkpSRla3Fz/3KtVFVQ6w5eXppSZLsZRW6b/ZkjR6eoB2paXpzZbIsZn/XUgAALt2Rw7kyGAwt+pLU6Pu612d/b+p1U8eawxLQ5iuY6K2v5+vbE5vb/D4tNfqqfbpJi/X0nmUtvPIa3TVqhRIqXtWXPnN1nc96/f2L3yqrqUti39XTA67Vqdx+WvSfhhrM0fyxT6h/xSr97ovftrCe1nV5+AT99MrXPVoDAAAAAECyl1Z5uoQ21faJRK26IHXvgYMaPTxBr7yxRvvSMtUtNFgL5kx3BaWx0ZF69IFZemlJkt5cmSxJGj08QZLOW2MVANpap5v63/u3SrDkK+vQS1qvy3Xl5dfrhp5S1rEzTUKjF2tu/6mK9JNUna3MQlv9Psx3664hv9WQLsGSylVY9LnK3PkMTThVke/pEgAAAAAAXsBt0/+nTRrlmto/b+Ei7UvLVFjtGqvrNqTUa1sXrDa2FMAry9a6q2wAXu5UxQlPl+ASGv247kpYrLsSFive5C9f01jX+6nNWgogWrd1Hyq/Uxv1wTFJx15Tpj1C/aJ/eaaJ+XHde9lUhTq+0BffPah3v/9cfl0vl+WsPqZe8YSGmMuVmf243j3wrDJ8rlVUO1khpD39ewEAAAAAOi+3hap1QemQhP4a0C9GI69O0FML75Uk1+ZVkvTGimQ9s+jt84LVzdv2aPTwBMVERdRrDwBtpdpRpdLKIk+X0Xq6/lYDgsp19PgTqnmqL5V8fK8UMkW3mWvb9L1eUUabjh65Wx/kfKivc57QKzl7Venq5CENCPKX3faaXk9/V18ff1cf7P6njlZ74HkaYCs/rmpH5YUbAgAAAABwCdw2/V+qCVYXzJ1R71hMVISsufl6ZtHbkiRrbr7CQoNd7euWAkhau0Wbt32lgiKbYqIi3Fk2AC9l9PFVgF+oTreT0Y9FOc9pRU7N69FX7VMvbdOKtOavqTqsz7UKk7/C4rL0Qlz9cwkDZ+qDfatr3+WryHrWyYpynbsSzin72fc9oUpHs8toUwF+XWX0aSfDZgEAAAAAnZZbQ9WGzJ09WW+sTJY1t2YdvJioCM2dPdl1vi5YXblmizKysjWgX4xmzxjnqXIBeJkgU3i7CVUviflZXdctQoX5jyv5eP3R/uaeT+hHXe/WDVqtrZKkCIXGSqoLVk3+5/3PIsgyR1JdsBouP7fNe2hakCnc0yUAAAAAALyAx0PV2OhI1zIATbV5dMEsN1UEAGcEmSJ0TN95uozzfJu/XpGOjc1u36//9YrSt/oi4119fe6uUuU36YZhU3VlfLS2Hvpcud3nqn/f1brNsUxZukbXRQ/VmbGfi5VxaqquC31IC+LL9e+TUr/YH6uXsZUe7BIFmZjJAAAAAABoe+1kbBEAtE9RQZd7uoQGFVmf0Ac5Oc1sPVM3hMZIp/Zq67mBqiSdfFFZJVJUxHMaVvac3v5+vfI0VNcO/IvuHjhROvmt7K7GOVq//1ntK5F6xTynuxOfU4K+UG47Wca0V8hQT5cAAAAAAPACBqfT6fR0EQA848jhXBkMhhZ9SWr0fd3rs7839bqpY81hCWj7wfa5p77V4l1T2vw+aB0LR25SZEB/T5cBAAAAAF7PXnru7hydCyNVAaAJUUGXq2/XEZ4uA83Qt+sIAlUAAAAAgFsQqgLABdzU72FPl4Bm4N8JAAAAAOAuhKoAcAH9Q69ltGo7NyBsjPqHXuvpMgAAAAAAXoJQFQCa4UcDn5fZGOTpMtAAszFI0wY85ekyAAAAAABehFAVAJohskt/zU78fzLo4jbVQtswyKC7Ehcroks/T5cCAAAAAPAihKoA0EyDwm/UpP6PeLoMnGVS/0c0MPwGT5cBAAAAAPAyhKoA0ALj+tyve6/4u/x8zJ4uxav5+Zh17xV/17g+93u6FAAAAACAFyJUBYAWSoi4SQ9cvUo9Agd6uhSv1CNwoB64epUSIm7ydCkAAAAAAC9lcDqdTk8XAcAzjhzOlcFgaNGXpEbf170++3tTr5s61hyWAN+Luq61OOXQ7tx/KTlzkU5XnPBoLd4g0BSuSf0XanjUHTLwN0EAAAAAaNfspVWeLqFNEaoCXoxQtfVkFu3UwcIUHSneo1PleTpdWajSyiJPl9VhBfiFKtAvTMHmHuodcpUuCxutvl1HeLosAAAAAEAzEaoC6LQIVQEAAAAAQFvo7KEq8ycBAAAAAAAAoAUIVQEAAAAAAACgBQhVAQAAAAAAAKAFPLIgYam9XOs3pmjHrjTZy8qbfV230GBNGDtME8Ze1YbVAQAAAAAAAEDjPBKqvvLGGmVkZctiNmlAv5hmX5eRla2ktVtksfhr9PCENqwQAAAAAAAAABrm9lDVmpOnjKxsxURF6NEHZinA4t+ia5/5n+VavyGFUBUAAAAAAACAR7h9TVWLxawB/WI0bdKoFgWqkhQbHakB/WJUUGRro+oAAAAAAAAAoGluH6kaHhasRxfMcvdtAQAAAAAAAKBVuD1UPVFo074DB+ttUDUkob9ioyPdVoO9rEKLl65W5uFc1zGDQeoeEaa7brtRlw/o7bZaAAAAAAAAAHQsbgtVS+3lWr8xRZu37Tnv3LoNKYqNitCs6eMUHxfrrpI08YarNWHsMEmS0+HQp//eqzdWfKLf/OIORfXo5rY6AAAAAAAAAHQcbglVS+3lenlJkqy5+QoLDdZNY69SbFTNyNQTRTal7DqgjKxsvfzqe7pv9uQmN6EKsPjLYja1Sl1mf5NCQwJd78dcM1hffvUf5Z0oIlQFAAAAAAAA0CC3hKqvvLFG1tx8jbw6QbNnjKu3QVW8pNHDE7QjNU1vrkzWmyuT1SsqotHlABbMndEmNTocTn39baYsFn/1qr3368s/lCTNv2eKJOmr/Rl6K2mDHp5/uyTpz6+vkr2swtWHxWzSw/NvV1HxKb321vp6/Yd1DdLvH7y7XogLAAAAAAAAoONp81B1R2qaMrKyNaBfjObeNbnRdnWjU99cmayktVv1yAN3tnVpWrchRes2pLjeBwcF6IH7pissNPiC1/aKidSzv5srh9OpiopKvbHiExmNRvWIDFNMVIRefPIXkiTbqRK9+uY6Degfo6BAS5s9CwAAAAAAAAD3aPNQdd8330uSpk0aJalmo6o3VybXazNyeIJG135t3vaV0jOtOlFoU3jY+eGmNSdPpfbyVll7taE1VZe8uVYPz79dsVERTV7razQqJLiLnE7po807VVJapofmzXSNwjWFBKqquloffLxdYaHBmj3jRvkajZdcMwAAAAAAAADP8mnrG+xLy1RYaLArBLXby5Seaa33Zc3Jc7UfmhgnSbLm5jXY38o1W/Tyq++1Sm11a6qGhgQqLDRYt4y/RiHBgcrItDa7j9R932nrjq81Z/ZkRXQLcR13OqXkz3Yp68gxzZk9ud6SBwAAAAAAAAA6LresqRp+1nT62OhILV20sNG2dWupWnPyXAFrHWtOnjKysps1Pf9SlNrLGzxeXe2o9z7zcK5WfPCZbp1wrfr3iap3LnXfd9q4dbfm/WRKvbAVAAAAAAAAQMfmllDVXnYmpGxq+r8k16jVbmE1QeTmbV/JYjFrZ2qa0mtHkNYtJXCpysorVFR8WlLN9P9/7zqgwiKbBtaOqu0WFqz932Ypv+CkTCY/bd2xz3VtfkGx/vHuJ+rbq4eGJPZ39dMlwCxrTp7eff9TXTvscsX0DFdR8Wn5GAzq0sXMEgAAAAAAAABAB9fmoWpMVISsufmuNVLrpv+fLSw0+LxQtVftmqZJa7fWazd7xrjzRrBerI1bd2vj1t2u912DA3XvHRMV1zdGkjRu1BBlZGbrsT/+Q0FdAjRqRIJOFNkkSUdzjiu/4KTyC07qD8//r6uPX/50qnJ/KFBJaZm27NinLbVBrMVs0sPzb1e/3j1bpXYAAAAAAAAAnmFwOp3OtrzB5m1fKWntVo0fc5VmzxjXZFtrTp6e+Z/lCgsN1guPz5MkpR+06o2VySossmnqxJGtNkoVgHTkcK4MBkOLviQ1+r7u9dnfm3rd1LHmsAS4ZbA9AAAAAABoIXtpladLaFNtvlHVqOGJCgsN1qfb92hHalqj7U4U2vTKsrWSVC98jY+L1VML79Ws6TdowthhbV0uAAAAAAAAADSpzUPVAIu/KyT9dNtXysjMdk3xl2o2hdq8bY+eWfS2CopsGnl1wnnT+wMs/powdpgCLP5tXS4AAAAAAAAANMktc2dL7TUbVVlz8/XSkqRG2zG9HwAAAAAAAEB755ZQNTw0WGGhwQoPDVZ8XKysOXmuoFWqmeI/aniiwsOC3VEOAAAAAAAAAFy0Nt+oCkD7xUZVAAAAAACgLXT2japIJACgCcfzT3q6BAAAAAAAWlX3iK6eLqHDI1QFgCbwPxoAAAAAAHAuH08XAAAAAAAAAAAdCaEqAAAAAAAAALQAoSoucZqqAAAMkElEQVQAAAAAAAAAtAChKgAAAAAAAAC0AKEqAAAAAAAAALQAoSoAAAAAAAAAtAChKgAAAAAAAAC0AKEq4KWcTqenSwAAAAAAAOiQCFUBL1Vd7fB0CQAAAAAAAB0SoSrgpaqrqz1dAgAAAAAAQIdEqAp4qYsdqWowGFq5EgAAAAAAgI6FUBXwUtVVjFQFAAAAAAC4GISqgJdi+j8AAAAAAMDFIVQFvBQbVQEAAAAAAFwcQlXAS5WXV3i6BAAAAAAAgA6JUBXwQlVV1aqoqPR0GQAAAAAAAB0SoSrghUpKSps8bzAYWu1erdkXAAAAAABAe0CoCnih0tKyS7qeoBQAAAAAAHgzQlXAyzidTpWVldc7VheStnVYShgLAAAAAAA6A0JVwMs0Nkr13GC1uQEoQSkAAAAAAPA2hKqAlyktsbeoPaEpAAAAAABAfYSqgBcpKyvX6ZJSGWSQwXDmCwAAAAAAAM1HqAp4kZNFtha1J3AFAAAAAAA4H6Eq4CXs9jKV2hteT/VCGgpXmwpcWxLGEtwCAAAAAICOhlAV8BIn8osu6frWClEBAAAAAAA6OkJVwAucPl2qysrKNr8P4SoAAAAAAPAGhKqAFyg4cWmjVAEAAAAAAHAGoSrQyZ04UaSqqipPlwEAAAAAANBpEKoCnVjxyVM6WVTc4Lm6qfqNfW/qGm9VfOSAjtpau9cyHTt4SA3/KwEAAAAAgPbI19MFAGgbJadLlZ9fIIPBUBOG1n43yHDBQLW5wap3hazf6f3Xt8vyQKJ6BUuqzNPebVu0/rNsWcskyahu8Qmaf89N6mepueLYp0v15MeNpbAxemDRLA1Vvj5fuVb22x/WnIFN3P74Jj3x4n79cO5xX6N6RMVp6j1TNCLsEh+xrXyTpHlvqvZ5W27vskVacqDhc0PuW6gFgy+putZxic8IAAAAAOhYCFWBTqjMXq5jx/IuqQ9XGHuJfXQWlXv3KCU4Ts9ES1KuPvmfFdoclKCfPDBZ8ZEh8jt1UJtXJuuPS3z1zMJx6imp5/h5Wjr+/L4OrPizFp+KU7wkKVbXj+yiJ7d9pZ8MHCa/JqsI1o9+O083d697X6XSQqtSVn2kpYvWKOT5GbV9dkKJk7R0TqKnqwAAAAAAQBLT/4FOp7KyStk5x+R0Olulv84UjF68Mu1KPabg+IHqKUmK0vX3/1yLHpisodEhCvCT/MLidPPMeHXLPah9hU10dXyTknb7a/ykYQqoPdQzsY96pKdrV2VL6/JVQFhfTZg/RkPKDivl4EU8GgAAAAAAaDFGqgKdSGmpXTk5P8jpcLZqGHpuXxfTd8cOZw8rLV2KHxvrOhIQHHJ+s7JqVaqLgoMa66dMu9bu1w/xN+jJ3mcd7t5X/cz7te87aXQrTWUvPbJJry9PU1pRteRrVOzwyXro9oE6U3Whdq36UEmp+bJVSb7mUI24fYp+MjSyZrRs4ddatmyLduVWq6p2aYM5s29SfHDN1cc+Xaond/fRQxNten/VYVktV+iZx29Sz0qrNi/7UKvTS2uvu0oPDT+3ukLtWrFG7+wrkr2he1+Uc/oM7alps2/VzXG1T9zg9PwDemXhBqluCYHaNvN+01Mpy/bU/uwClDB9uh4eFXXmVs16RgAAAABAZ0aoCnQSJ0/adPyHfNe0/bO/dM5U/pasoXohrdlXu3XcKquCNSqy8SaVtoNavSpNlUNu1YjGksEjW/V+erB+9Ntzp/mHqUeY9PnRXGlwVCMXN3bjYqV/tEv7zH30SFxdvZv08pLD6vuTO7V4YNSZpQnWdNGfZsRKKtHeZe9qaU5PzXtwpoZGG1V8ZL/eX7NLWUOnKN62Tf/3+VRVjZmuZx+MU0hVrnYtf18vv2DTQ0/PVGJd8Xn79crGPvrJ/HuUGNpFASrU50veU1JVgh557AbFB1Xr6L61WrKqUFKEq+Sja5K09GisHvnd3YoPqtaJ3DS9/9EeWYdOVr+WPX2tQn2+eJneqUpw9Xl031q9/OpyWef9XPMHmlvQ1zG9s9Zfc+bM04JI6VjqWr28OlmbE+dqQnDtvZrxjAAAAACAzo1QFejgnE6nfvghX8UnbRcMNC+0SVVT66i2RVjaYQLYvEL9oGD1OG8jqDx98sJyvV+7fG1w/+F6ZPbARkZbFurzNWkqvfrWs9ZErVMTqhbkFUpqKlS16f0XF+n9esdqRpE+8rubatdTrRkNWzryTt1TF9DWLk2Q8pevlD4jVvE525V0wKjxv5mpEdE1TcJ7j9D8h2peH/0sTYeihuvlGXE1I1v9ojR6/gRlPPaR1qUWK3FU3XjXnvrJgzM1unZjLh3ZrnVHQzXrqcmuEa29ht+tWQf/rMW7z1RcUFQqRcYqPsx85t4PNPHYknRgg+Yt3HDOwdrNvnJ26ZMG7jv/4J+1eMMuzRo4Vg2MK25EF908c4aG1v4b9Ro1QkM/Wqv0TGnCUElHdjXrGQEAAAAAnRuhKtCBVVdXy3o0V2Vl5a0+3b+h/hoa7erdIjXhwZ9rVKWkqkId+ChZf3zepoefnnL+hlEHt2n10VDNnDPwEu4XoPH3362ba0fMVubt1JKlhxQ7dpQr4JPylZUrFaS/p3nbz70+RqWSKnMLVaBIJUY3dI8yWfNKFdy/7zlB5EAlxH2klMxjUl2oGhmhfpYzLSrzCmULilK/4HoXKnFgT+mswHHoLVco9sXNWrj4oCaMild8/zj1C7vAaNL4MXp59rk/VV8F1D1Po/fNl1VqQagarB7dz3kfLKUU5kmKbPYzAgAAAAA6N0JVoANyOp06WWRT/okCVVdVNzjatKlRp2g9fpYQhVgkKUSj7xmnjMc+0uZvpii+3tqoefpkdaZ09XRdH9xwP83jq5CgEIXU9RE8WfMmLtWTyzdp1PMz6gW5faffowVD/M+7PkDtQPeb9OSfRigr82vtSt2vZas2qDRxkp69J7Hx+vwCFNLQOraSWry/FwAAAAAAl8jH0wUAaD6n06miomJ9n3FIx44ddwWqTYandQGrGg5cm7q2ob69b5MqSRZ/WVQ/vKusrGqgYcN/p6r8Zos+yeupWTPiGjyvur59W/53rp7jx2iUMrU6pbD2SIT6RUk/5BQqJDjknK8u8pPkFxmmYOXpQE5DPZoVGxkgW+YhFdc7/p3SDkp9+/dstBa/qDB1O5WrLFv94we+O9ZA4xD1GzhWs++5W88+PUY99u3U58db8uTNvG+vCMVKkl/Nz7ZeAHskW1mteS8AAAAAgNcgVAU6CFvxKX2fcUi5OT+oqqqqVcPOi11PtalgtsMHqWeLDFMPFcpaF/pVfqd3nn9N/3fVLmUVlqhSUqU9V7uWb1KK+uj6ejP8rVq9NlsBY8acWXv0PHkqyJNio5rYCatRA/WjW0N16KNtOiBJMmvEpAQF7N6slz49qBP2KlXai3V072o9sewrlUpS7xGa1qtUny5brV05JapUmUpzvtayJcnKktTrxgT1zU3V4jUHdaKy5tl2LNusFPXRtOFNTKSPHqGbexUpaWmy0gtLVFlZoqOp7yrpwNlhcYl2LH9Dy/fmqtheJVWW6OiBg7LKXwGN/nwuoN59y2r6TE3Sst2+Gj5pRM3U//59lKBsJX90SKWVVSrN+Vqvr0yT7UJ9X9QzAgAAAAA6Oz4FAu1YeXmFbLZTOnnSpvIG1k09Nwg9byTqRSwB0Jz1VJu6tlMK7qt+QamyHi2Tupslv4Ga8xtfbV69Ta+8sF22KkkyqluvOM1bOEWJZ+1UVZq6XZ/aY/TArbGN919pVXqevwbEnbcTVrOEjBqrUR+tVdJHuUq8NUrqPVlPPrhNy1Z9qCc+rlaVJEtUjKZNj6udXh+m6x+aI8uKNXrnL69paZXkaw7ViNun1IzqDB6r/34sRMuWfagnfl+tqrM3w2p4F65aYbr+gTuld5L15+dfq73uKj10u1FPvlPXposSR8Zp39r39Pt3amrzDY3Q9fMuZWmEM8/zyguvyF4l+Yb21LT779HNcbVrtfoN0/x5x/THZe/roc8k36CemjZnjCr/ct7Csxe+1wWfEQAAAADQ2RmcTqfT00UAqOF0OlVSUipb8SnZbKdVWVkzWfnc6fqNjTBtLFRtaOp/U9c15x51rxv63tTrpo61lCXAfX8XSl/xZ71cNkFL5yS2fuffrdGDy6UF56yLCgAAAABAR2UvbWjZvM6DkaqAmzkcDlVUVKqyslKVlVWqqKhQZWWVKisrVVpql6PaIal5QWWTo1SbqalrWmOJgc4ifuxAdVtyUAeUqNaOVQ/sPayA4TMJVAEAAAAA6CD+P04Tx8IwuDuhAAAAAElFTkSuQmCC" height="600" width="800" />]]>
  </system-out>
  <testcase name="VerifyQuickLaunchItems_003" time="14.786" classname="testcases.QuickLaunch_CB"/>
  <system-out>
    <![CDATA[<img src="data:image/png;base64,iVBORw0KGgoAAAANSUhEUgAABVYAAAJ7CAYAAAAIrMp0AAAgAElEQVR4XuydB4AcVf3Hf7t7JRfSSEIgDQKEBAgtAUR6lWIBRJTiXwQElWKjCCoiIIhKsdAUlCJNUIooKoggQkCkCgYMhFDSSC+XXN3d+b83d7vZvdu9ebP7ZnZ29/P0yN3tmze/+fzeb8r3fvN7MUc1oUEAAuESWPuBOB0rRdqWiax+T2TFHHFWvi2y9HVJL3tzQFtisd6PS4zcWHYAEUcyg/XZZYljG0EMauygxtUHVYGxi/rGCHJ5c8RzFxXg4WmTSQcLdoceMxZsLoqmhsa2Ei9BxnoNsTYJtdw+xIwhsZDniJWYCdlmQ5Le3SJuNzHj7UK3R8h+JGYM/eK3mwU/FvSNhXHr4f7Jr7sK9i/Cuq5jxgpYBqkmAjGE1WpyF7bWBYGOVeIs+LfIu09IetY94qxbWviw1UUsRyP1jUYLrKHfvAd5I1xjN1CRvhmpMdZ+gif0mKlj1n4eaKzEC+en/sgtzD9ixvAMY4F16DETss2GJL27RdxuYsbbhQirBRhFfF77OT8ZzoBsN4RVQ2JBzRGEVUMH0K2WCSCs1rJ3ObbqJ5BOijPnL+L85zZJv/2Y+ut8av0x9bmIlSKy6huR3AzWnDuU4NiFfFG3ciBB2TyAkGNFKArK7qDGDVLYsjQ2D7yGERXyHLESL5bmSEFCIfMw9JJ3Nwt2EzPemBGJEIlyCRAzxIwhgfxuFs7XQYqfQY6NsGo4Y4KaIwirhg6gWy0TQFitZe9ybDVFwFnyqjhP/0jSb/5JCazpAV+BMhVZMzci/cTVoC68CBf952Q13oxU4/ywNPd44DU8rYY8RxBWDf3it5sFPxIzhtAtsPYjXFiJmZBtNiTp3S3idhMz3i7kjxH8McLzjxERj3M/52vDiPDuFhSTanyWsfRc4A2dHvVCAGG1XjzNcdYOgeWzJT3zx5Ka9XuJaYF1gOYlsPa9ec8KrEFdeIO8iFWjzQPwiPRDb42x9nNy4IHXkFbIc8RKvHB+Mv7Dj+Es6NU+Qq7lHfLc88NiwL4h220lZkK2uVpZ+7Wb64whsZDnHzFj6Be/3Sz4kYxVQ+gWWBfcE8KqoQPoVssEEFZr2bscW00TcN64T1J/O0+ctYuLLUGVPf5iAmuhGxFXXA3qwotwYSxcRPoGvhrnh6W5xwOv4Wk15DliJV4szRE/Dx2GNAfuFjJrvzYTM4bEQvajlZgJ2WZDkt7dIm43MePtwt6/2hh2LKFbgTlCzJTA0WQTC/GIsGoCWvWxwNrPPU5dx4yhS+hWOwQQVmvHlxxJPRJQC12l/3SapHR5gN5WJDfI/bSvwDrQzXvB2qs2GId8UbdhcmA3IgMIOZG+GQnKh0EKW5bG5oHXMKJCniNW4sXSHPHz0GFIc+BuIbP2azMxY0gsZD9aiZmQbTYk6d0t4nYTM94udHuE7EdixtAvfrtZ8CPCqiF0C6xN7nGcRKOkh40TZ/hYkQ1GitPYLOkhG6nn0IR6GI2LxNWXavG25RJT64lI+xqJda5RP69UP3fn7yIom4M+hxi6JPLd0mp9F7XGi5NSfkqrN2X1v+rL6WxT//bxVeQPJlgDEVaD5cvoEAiFQPrFG1X26vnqhLf+BFdMYM0VV71u3gMRV4O6QAY1btAX3mp8fabGWPsJUq+Y8TOWUd86Zl2UT1CZREHGeh37kZgxinREor6YiJn+EycoJkGNG+Q5tQJjI6wansv8drMw/xBWDaFbYF1MWNViqjNyU3HGTJb0yM1FEg3qbx8DpfsUtjmh3sSMt6q3MVuX9IisQdkc9DnE0CVV3S3VJU57qzhtrUqDyFlgu6oPqnTjEVZLZ8eWEIgUAee9f0rqvuPF6VidZ9dAAqvJA691cTWoC2RQ4wZ94UVYzY+jiPvRJGasnhgizsOP+GmNC8IqMTPQZCJmjAS5Uh54+w0MayPWfs99XGcMiYU8/4gZQ7/47WbBjwirhtAtsO67Jzc7dewOkhq3vcRahuR9XFbMJLslsfJdSax4r38Wq+HhenYLgIfnPmu0g9OxVqRtjThd7TV6hN6HhbDqzYgeEKgaAs7SWZK66xPirFtqJK72qw2Q2arPhcaquBrURSyocRFWA3lwjIog5ze4eeA1JBZyPJZ18557SEHZHdS4FTo/Gc4CtxsxY0gr5DliJWZCttmQpHe3iNtNzHi7sPfkYtixhG5B/QEv4nOvpu7NYB3o/bsWVFNjt5f0xOkSa2opOHWsXGeCFFiDnCMlnHZqYpNkp6RXKx2iu7MmDsfPQSCs+qFFXwhUA4GVcyX1209KWv3bt/XNXs1c8PotblXkQmNFYA3qIhbUuBUSLqzcjATFJKhxK8TaT1jzwGtIK+Q5YiVegpx/IfMw9JJ3Nwt2EzPemBGJCjCyMPdqSiTi/BSoSNRvcITVfCQRj0cyVsO9zjhDN5bklANEhowquuNYh6qb2r5S4vrf7naJta3oH2aDdf3VFkkPGibpFvW9+rdYLMa626Rx0WsFxzE8+nDPISUbVRsbOutWitPa3+e1cXSFjwJhtZa9y7HVLQFn6evSfeuB6kKm0vILtIzAmnsjkieuDnADVba4GtTNWVDjBvkwM8DYVoSioJgENW6FWPs5USASGdIKeY5YiZcg51/IPAy95N3Ngt3EjDdmt4cF1kX3hEhU/SJRkHMk5LlnGBHe3UK228p1JmSbvSEa9oi43Qir4fkxOWG6OJt/WK08pRai6tvUa+CJ1Qskvnq+xJPtvmusOg0tkho+XtLqy2ka3DN6n7nXsPgNt0SAlRbkvLZiYJUPorNXVy6um0WuEFarfL5iPgSKEXDee1K67zpSFZNOFnzjX4urfW9EsuKqx4WmLHE1qItYUOMG+TAzwNiRvoGvMdZ+ziKIRIa0Qp4jVuIlyFgPmYehl7y7WbCbmPHGXOjh0XArs24Iq/mcLMzrouAtjE3MmE1r/hjRh5OFuRfkvA5ybITVcGImudX+4oyb1n9nSlBtWP6WK6rmtnLuzbS4mhw1WWW09gqsOQPHV82Xxg9eMzzoAboFGTPlW1czIzirPlBrwKyrmeMpdiAIqzXvYg6wngmkn79eko+e5yLo97p/z28L4jFZw7FkcTWoi1hQ42pCFRi7nJuRrFODsjuocSvE2s85ggdeQ1ohzxEr8RLk/AuZh6GXvLtZsJuY8cbs9rDAuuieEFbz0YTM2nAG5Fy6i9yFBWV3UONWYF77ZU3MGBKL+BxBWA3Wj2491W0PFWfkZv125C4wtXROwQWmyr03c+Jqv6MnS2rDSf32G29bLg3zXy5vYasg57WhS+qlm7NmqThqcatabgirtexdjg0CikDq7sMlNfeJLItcgTVbY7UvKXWhKSzEru+IsGppehW5qJd7MxLog3qQNyIRHxuRyHDeh+xHK/ESpAgQMg9DL3l3s2A3MeONOdDzdZF5bSVmLMwPP8KWIUnvbhG3m5jxdiExU4BRxOd1kLGOsBpszCS3/7gSVfuIm+luaVrwUk/N04CfZRxVi7V7wgzRQmtuS6xdrMTVlwwPPuSYKd2qmt3SWb1EnPbWmj0+hNWadS0HBoFeAusWS/ev9hRHXXwyLSOa5tVYzQXWe4EMRFwN6sYvqHGDFFsGGDvSD701xtrPuYIHXkNaIc8RK/ESZKyHzMPQS97dLNhNzHhjRiQK+YHXwrwOXSTi/NQfech+tHKdCdlmw7OPd7eI242w6u3CUq8zycn7ijN++7wdxDrXSOP7/16fLRqwsOqe/tQiV93jlbjaZ4GrssoCBDmvDV1Sb92cFQvFUaUjarEhrNaiVzkmCPQhkH79Pul+4MS8F/+1aNqvxmpmu5wLjXVxNaiLWFDjBvkwg7Ba8QclvycLRCJDYiHHo5UH3iBjPWQehl7y7mbBbmLGG3OpD7yGIxfMJrISMxbmR5ACZbWOTcwYzuyQ5x8xY+gXv90s+BFh1RC6T9apcdtJeqv9BhZVQ3yW0Rmr3Zt+qJ+4WvKCVj55GFKm20AEnLSkl82vyQWtEFaZ+hCoEwLJ3x8nqdl/yhNX9Y1IX+HUrezV50JjVVwN6iIW1LhBii0h3oxYneY1xtoPGx54DWmFPEesPPAGGesh8zD0knc3C3YTM96YEVYLMLIw9xBWozn3DK3y7hbyHLFynQnZZm+Ihj0ibjfCqn0/OhuMku6djpJYQ3N28H6ZqplPQshYze6qkLiaUmUJ3n9OYp0+XzMPcl4buqQuu6W6esRVp7YcgLBal7OZg65LAq0LpPMXO4t09azKpwXUbI3VPuskxAqc56yJq0GdQ4MaN0ixBWG1fyhG3I+IRIZnz5D9aOWBN8hYD5mHoZe8u1mwm5jxxoywirCaS4CYIWYMCeR3s3C+LrrfiI+NsGo4Y3z4MTn9U+IMG7t+YF1TtZh4GaKw6t6qNQ+V7s12y6u5qhez0uUJfDUfPHyNS2dPAs66VeK0LvfsV00dEFaryVvYCoEyCaQePEmSs36fM8p6RTVPOFUXmkJr0g4krhovZhXURSyocYMUWxBWEVa9YrrG5rXX4Rp9XoAJwqoROf+dLMw/RCJD7BZY+xFFrMRMyDYbkvTuFnG7iRlvF7o9QvYjMWPoF7/dLPgRYdUQuiFrZ+w2kpxyYN6gjQtfknjr+vU68j4MWVjV+04PHy/dY3fIt3HRqxJfvcAQRsDnEHMr6rZnetn7Isnumjl+hNWacSUHAgFvAs7CF6Tz5v2zr/+7pQByNssKp70XyL7iqpWsVcOLuvfR9OkR1LgVuHnv2WUhadsnlaCYBDVuhVj7ocoDryGtkOeIlXgJcv6FzMPQS97dLNhNzHhjdntYYF10T0H9MSJkmw1JeneLuN3EjLcLiZkCjCI+r/2cnwxnQLYbwqohMcM50rXHqRJrXF8CIKEWQG5Y8FLxnVRAWNXGJCfMkNSQjbN2xbrbpOntJw1hBHzdNbeibns63e3iLF9YM8ePsFozruRAIGBGoPvWAyQ1/3lXXM2WAsjZ1BVPcy6Q1sVVw4u62dHk9Apq3Ao88PbsEmHV9xzw2sDCHOGB1wty7+cWWPt5CLMSL0HGesg8DL3k3c2C3cSMN2a3hwXWocdMyDYbkvTuFnG7iRlvFxIzBRhFfF77OT8ZzoBsN4RVQ2IGc8QZv70kJ++7fkBVAqDxnZkSTw6wknuFhFWnsUW6N98zryRAo5+sVQMehmTpViKB9AqVYdzVUeLW0doMYTVa/sAaCAROIP3qndL10Jd79pOTgpqXudrHCj/iqmdJgKAuYkGNW4EH3p5dIqxaDwYLc4QHXkOvWGDt5yHMSrwEGesh8zD0knc3C3YTM96YEYkQiXIJEDPEjCGB/G4Wztd+rrsl2VhoIwt2I6waesOAdfeHTxRpHpIdMLFsjjQsf2vgHVRIWNVGJUdPltTorbL2+cpaNeBhSJZuJRJwutrEWbGoxK2jtRnCarT8gTUQCJ6Aek2i45ptRVSRb7cUQI5+l/1WXWj6vvZvTVwN6iIW1LhBii0DjG1FKAqKSVDjVoi1n6DjgdeQVshzxEq8BDn/QuZh6CXvbhbsJma8Mbs9LLD2I4pYiZmQbTYk6d0t4nYTM94uJGYKMIr4vPZzfjKcAdluCKuGxLzmyOjNpHvaJ/IGa3z7HwNnq1b4WUZnrXZtuV+ezU3vPC2xzlZvKF48vEeghwUC6aWq1mqq+mutIqxamAwMAYFqI5D62/nS9dx1yuweubSfuNp7oSkouvYebMn1VoO6iAU1bgUeeHt2Scaq9biyMEd44DX0igXWfh7CrMRLkLEeMg9DL3l3s2A3MeON2e1hgXXoMROyzYYkvbtF3G5ixtuFxEwBRhGf137OT4YzINsNYdWQmMccSW17qKQ3mpwdLL5mgehX6z1bBTNWtW1JtYhVSi1mlWkJtYBVQxl2ex4vHawScNaqZK+1q6yOWYnBEFYrQZ19QqDCBNJvPiyd9x7bk7Haa0ueiFpAWNXdrGStBnXjF9S4FXjg7dklwqr1MLEwR3jgNfSKBdZ+HsKsxEuQsR4yD0MveXezYDcx443Z7WGBdegxE7LNhiS9u0XcbmLG24XETAFGEZ/Xfs5PhjMg2w1h1ZCYxxzp2utLEks0ZgdrXPiSxFsXew9eYWE1PXSMdI/fOWuncTmAIGPGmxo9MgS6OyS9XNVarfKGsFrlDsR8CJREoH2FtF+9uThOzxWln7iqfl1IcM3tm9nvQJmrBeutBnURC2rcCjzw9uwSYbWkuT3QRhbmCA+8hl6xwNrPQ5iVeAky1kPmYegl724W7CZmvDG7PSywDj1mQrbZkKR3t4jbTcx4u5CYKcAo4vPaz/nJcAZkuyGsGhIbYI44wzaW5PRPrx9ILVrV/NZjZgNXWFjVRnZNOShvEasmVcIgpladH7AFGTNm5OjVSyC9eK66D6puhyCsMp0hUKcEOm/aU1KLX8sefZ6QmiOs6g4D1VtFWC1zAkXgZsT3EQR53Yv42DzwGs6WkP2IsGroF7/dLPiRmDGEboG1H+HCSsyEbLMhSe9uEbebmPF2IcIqwmouAYTV8mMmvenOktp89+xAibWLpWHBS2YDR+BZJjlhhqSGbJy1V5cwiKuSAAirZi6sdC9nxUJxujyE8Eob6bF/hNWIOwjzIBAUge4/niZdr9yZFU37CquuoJqz81LrrfbLWrX8QJM4Q9X+Gb5ZPqZ1S8T5z52SfuIi9/fx4x9w/03f9Un338SZr4rz/r8k/dAXC+JNfOFJcVRWb6Z/2JlE2qhIP/Ra9mGeEyI+Ng+8hmekkP1oJV56Ai+YFtS4QdpsaWxixnBKhTxHrMRMyDYbkvTuFnG7iRlvF7o9QvYjMWPoF7/dLPgRYdUQ+gCsU1sfKOmNt8kOlFg2RxqWv2U2cBSE1dGTJTV6q/X2r3xXGha/MbD9FuaeGSB6eRFw1iwTp221V7dIf46wGmn3YBwEgiOQ/Ofl0vnk5e4OMqJpVlzN2W25JQHCEFad1++X9OMXZa2OH36jxLY9UtJ/OVsJrLcXFFZlyCaSvvd4cebmv+YS2/FzEv/4teK88zjCarHpF+SNSMTH5oHX8JwUsh+tPPAG+aAeMg9DL3l3s2A3MeONGZGoACMLc68o+YiPTcwQM4YE8rtFfF4HGY8Iq4YzZoA5kpxxtDhDN8kO1DTvOYm1rTAbOALCqjN4pHRtutv6Z8G25dL4/r8Htj/ImDEjR69eAlpU1eJqNTeE1Wr2HrZDoAwC6dfvk7b7TupXS9UVUtWFplCGqpWsVcsXMZ2x2ldY1YeQm5VaKGNVBo0QZ+GL68XTXpY6W1U2VPVncz+zbHOe2yJwM+J7GlWAh28bC21gwW4eeA09YYG1n4cwhFVDv/jtZsGPxIwhdAusQ4+ZkG02JOndLeJ2EzPeLnR7hOxHK9eZkG02JOndLeJ2I6x6u9ArZrp3P0mkaYPsQE3vPi2xzlazgSPwLOM0D5WuzffK2hvrWCNN784c2P4g57UZOXr1EnA628RZuaiqeSCsVrX7MB4CpRNwFr0s6361b8HX/WO9F5q+max6b6WIq3lZq5YvYkWF1a+/pbJRn3Bf9y9WCsDNas3JWnWzVT9ymSuq6kYpgCLzy7IP8/YS8bF54DU854TsRysPvEE+qIfMw9BL3t0s2E3MeGP2euA1HKF4twJ+tBIzFuZHUaPreGxixnDGhzxHiBlDv/jtZsGPCKuG0Adg3b3vmXmDNM/+i+GgqlsEhFVtbOfWh+Ufw/88jsHC3DOHRM8BCSQ7Jb1sflVDQlitavdhPARKJ+Coujlrr9vZFUr7vu7fV1jVezEpCWC0kJXli1ghYTV+tKodO/kjA5YCcGbdL7Et9s+rpZr48vNKVH1ZZMhGLliE1SLzy7IP8/YS8bF54DU854TsRysPvPrQgrI7qHGDtNnS2MRMDcdMHc/rIAVhYoaYMSSQ362O4xFh1XDGIKyGFzOGLqFbL4F0UtJL3qtqHAirve5b090mq7vXydrudulMd7u/bYwlZNzg0bJh05CqdjLGQ6AgAbXAU+tVk4suXtVPbM0ZpKysVcs3fgUXr1r+pqTV4lXOsz91rS6YsaqEVWfF226Gavr+kyW22V4S2/lkSV25ab/+gYktAwgXVoQiy6yzUyCocS0JOTzwGp7zasiPVuIlyPlXQ6wNZ1fO6SJ3GcScrYNiEtS4Qc6PCoxtJWZg3T8cLDBBWDU8y1hg7ed+gZgx9Ivfbhb8iLBqCH1AYfUMNcj66zUZq4ZM6WaHgJOW9OJ37IxVoVHqWlhd0LZMnl7yX3lqyWsye/U8Wd21TlqT7dKV6hFWmxONcsfe35IZI9evMFchP7FbCNgnkOqU1st6MjOLLV5VTFztm5ma+9hcLGs1Ww7Awg1ULoxipQBy+xQTVtNPXJQVUWMjtxSdxZr7OzJWi0w7yz7M20vEx+aB1/BUFLIfrTzwBiluhczD0Eve3SzYTcx4Y3Z7WGCNSBRN1oZWZbsRM4bEiJl8UCHzMPSSdzcLdiOsemP2us507326ykSJZwdCWDVkSjc7BMhYtcOxEqO8s/YD+exTP5C5rflFcicPHSdacG1Pdcn+m+wkdyphNR5bf5KphK3sEwJBEVhzybC8V/yzQmrvDgu9/j/Q7zJ2DiiuWriByuVRrrAa2+IgiR91s0jHKkldu4M7dF8hNuwH3p5n7CJZXn4mg2XWOU99fqzw1zcom3uglt144DVEaIF10T0VGNtKvFiaIwXtDpmHoZe8u1mwm5jxxuz2sMA69JgJ2WZDkt7dIm43MePtQmKmAKOIz2s/5yfDGZBzW1rgnrmOeZTCunu3z4sMGprdlMWr/M5C+pdFQGlv6aXzyhqi0hvXZcbq7DXz5SvPXSOvrpzr8tfC6Z5jpsm0EZPk74tekrfWLJBRzcPk7n2+IztsuEWlfcT+IRAYAS2s6pYrlrrfq5uRflmsvZ3KqbXqZq1avtEpV1h1zwGHXiWOylovVjrAts15Di3Cw4pQZJl1zh1sYHOyEqz9HAwPvIa0gpp7veenvlZYiZciYxse8cDdQuZhxWZLPIgZQ2+EPEesxEzINhuS9O4WcbuJGW8Xuj1C9iMxY+gXv90s+JGMVUPoA7BO7nSUOMPHZQdqmvecxNpWmA0cgWcZZ/BI6dp0t6y98bbl0vj+vyt3b2ZGjl69BJzOdeKs/KCqedSlsPrtl38tN7/1V9dxO4+aIl+c8jF5/IOX5f73npZulYas29e2OUq+tf1xVe1cjIeAF4HVF6uM1SKLVxUTVvWYXlmrAy5iZSMTM+fAbAirfTmRseoxcyzcBBfdQ8TH5oHX66ySuUMy7FdKNzJW86kRM1XFIyrnPkSiUk4+BttYiEeuMwacdRcLrP3EIzFj6Be/3Sz4EWHVEPoArFNT9pP02O2yAyWWzZEGtdCxUYuAsJocPVlSo9eXb0ysfFcaFr8xsPkW5p4RHzp5EnDWrRSn1VDI9xytMh3qTlhtU3Ulj3ny+/LfVe/K8ZsfIJ+etK/c994/5fa3H5MOlYKs22ZDNpbb9jpPth42sTJeYa8QCImAFlZ16yuuxnovNH6yVvu+hFO0HIBlYTWLKsiLYwXGjvQNfAV4WAkJC3bzwGvoCQusQ3/gDfJBPWQehl7y7mbBbmLGG7PbwwLr0GMmZJsNSXp3i7jdxIy3C4mZAowiPq/9nJ8MZ0DOIwClAIyYDTBH0hOmS2rLPbPDJNYuloYFLxkNW+z6FeazTHLCDEkpDSfTGhe9KvHVCwa2P8iYMSNHr14CzqrF4nSsrWoedSes6vqp33/1Dvno+N1kJ7VYzTkv/FKeWTpLkumU68iNWzaUG3c/S3YbvXVVOxbjIWBCYJXOWFUdcwVU93t1oen7ez1eX6E193fu9zk7RVg18UAP60ItzJsRQ0vXdwvyRiTiY/PAazhbQvajlXjRhxaU3UGNG6TNlsYmZmo4Zup4Xhf1qgUmxAwxY0ggv5uFuRfkvA5ybDJWDWfMAHPE2WC0JHc5NjuQoxbzHjTnMbOBI/As07nVQSJq4fFMa3r7HxLrbh/Y/iBjxowcvXoJpJe8K9Krx1UrlLoTVld0tcqyjtUyZdgEOefFX8odKlM10zZoGCQ/mPEFOWbSftXqT+yGgC8CGWFVb5SXtap/7h2p1KzVouUAtGg7UK0AX0eQ0znIi2MFxrYiFAVld1DjWhJyQr95D9LuOmbtx49W4gU/9kduYf4hEhle1CywDj1mQrbZkKR3t4jbTcx4u9DtEbIfrVxnQrbZkKR3t4jbjbDq7UKTmOne8xQRpYdkWuPClyTeuth78AoLq+mhY6R7/M5ZO2PdbdL09pMl2+29IT2sEkh2SnrZfKtDVmKwuhNWM5CfWPwfuezVu2WzDcbI5sPGyp4bbSvTN9xSRjQNqYQf2CcEKkJg5UXra6zmZa32WmOStdpXI/XMWkVYzfd1hW9GSpp4Eb/B9iMu+D1+HngNiYU8R6w88Ab5oB4yD0MveXezYDcx443Z5IHXcJTC3Qr40UrMWJgfQZ6vq3VsYsZwtoc8/4gZQ7/47WbBjwirhtA9WKe2PkjSG69/azeuFvTWr9R7tgo/yyTH7iCp4eOzZiZUCYCGMuz2PF46WCXgrF0uztpVVsesxGC1L6x2rRPRtVNbRii+vZKPkxZn6ZuSeu0BkaVvSVqp5LEREyW20VaS2OYwiQ1bvyJeJZzCPiEQFoGMsKr3lxFR3Shxxc/CWau5QmpJi1ghrOa7t8I3IyXNNQs3wTzwGpKvY9Z+5oiVB97ec5+hZ/x1q2M/IhIZTpWQ54iVmAnZZkOS3t0ibjcx4+1Ct0fIfiRmDP3it5sFPyKsGkL3YO2MGCfJHY/KG6xRvVIfT5b2Sn0YMeM0tkjXlvvl2dz0ztMS62z1hmJh7nnvhB5eBNJL31N6Xc8C8tXcalZYTc9/UdJz/iH6XyfZocTS8ZLYYi+Jj99JYqO2FGlbIan3/iXOB69L+oNZkl6iVtoxaXEAACAASURBVI1TdThiY6ZKYtuPS4P6kiFjqtm32A4BTwIrdMaq6pURUbNZq73Cqh7Ab9YqGaue2PM7IKwa8fBJtXB3CzdQPPAaesIC66J7Cir7LsgH9ZB5GHrJu5sFu4kZb8xuDwusQ4+ZkG02JOndLeJ2EzPeLiRmCjCK+Lz2c34ynAHZbgirhsQM5kj3hz6nEtKGZwdMLJsjDcvfGngHFXyWSY6eLKnRW2XtMy4DEPR119Al9d7N6WwTZ+WimsBQe8JqOinJ534tyWduUCuLtUqsUdUJGdR7cmhXKcaDhknDTsdIYvox6zNTVUarm8E69ylJPn+byLrlEhu3vTTuf67EN9s9z9ErlitBVhXWHTlypKTTaZk7d650dXXJ9ttvn+23Zs0aWTB/vqxdu1ZaWgbLmI3HyJgx/UXa1atXS3d3twwePNj9+mDRIlm4cJEaNyWbbLKJTJg4seAk09ssXLhQVq1cKclkUhobG6WpqUkSDQ3iOI5r2+jRo9dfbNTvtD0rVf+Ojg4Z1NIiE9XYI0boLN71be7aRe724waPlpZEU95nneluWdS2XLqdlEzaYGNZ1L5C2jW33ieBtMoCbow3yPiWUTK4tzbLss7VMrd1keyoFglrjq8vJt33oF5eMUc2GjRCJqj90sIlkCus6j1nRdbeC6RX1moxEXVAcTU7doEVPMs5fIObhZKHr8DYYfyVt5p4lGxr7oYW/MgDr6EnLLD28xBmJV6CvMkOmYehl7y7WbCbmPHG7PawwDr0mAnZZkOS3t0ibjcx4+1CYqYAo4jPaz/nJ8MZkO2GsGpIzGCOOGO3keSUA9ezVYtYNb07c+Cs1QoJq2626qQ98xat0qUL4qoUgFEz4GE0Dp1KJuCsWChOl0dGdMmjh7thzQmrqdf/KN1/Ol+cbpWlOnhDadj18xLfZDuXanrpbEm/+y+VxaoKMW+5jzR98udKSYrnEU/Neki6/3yBcvA6iavyAE2f/Y0qE7Cp20cLmlf++Mfy/nvvy2WXXy4vvfSiXPGjH8mg5kHyh4f/5PaZ9/778qubbpLXXn1NWltbpaO9XXbcaSc569xzZIsttsjb169v+pW8/NJL8n8nnCDxeExu+uWN7s+pVEq22XYbOeWLX5T99t9ffbbeRm3DA/fdLw8+8ICMHTdOCbItMnv2m7J61SrZepttpK1tnRx62GHyqaOPzu7r0UcekdtuuVUSiYQr8C5fvkz9u7GcfOopMnXqVLdfUgmmRzz+Xfe+/oqdvyjTRkzKs1WLrt984UbRi3/9dp8L5JJXb5dXV8yVrVQm8KQhm8irK+fKqq61csAm0+WMrY+QYY2D5cF5M+XqWb+XG/c4S7YeVlgkXqteLTjw0XPl9KmHy+e3PDjc2c/eRAuruvXLWtUZq/r3RcoBuNv06qK+ywEgrObPvArdjJQ1/YO8EYn42DzwGs6ckP2IsGroF7/dLPiRmDGEboF10T0VGNtKzIRssyFJ724Rt5uY8Xah2yNkPxIzhn7x282CHxFWDaEbsu7e7fMqGW1odtDE2sXSsOCl4jup0LNMcsIMSQ3ZOGuXr2zVoM8hhi6p625Kr0svNxTBqwBUTQmrafVqf9fvviRO51qJj5wkjYd9X+KT9ujnhvT7z0nyqWsksfVhktj5s/0+19mrXfeeKulV8yWhArbp879z+2jB86QTPi8vPP+8fO0bX5e/P/Z32WLLLaSzo1N+8vOfyYIFC+TqK6+UY487TnbZdVd35fNnZs6UH1x6mStqXnHVVTJl6pTs/i753kVy5x13yMcP/4Q0JBrks5/7PxmlMk1n/+9/8q1vnidtSpT9qRr3wIMOym5z3je/Kc88PVOuue462Wn6Tu7vtYB7+pdPc8XZG375Szf7Vbd2tf3dd96pxOAr5Jrrr5N99t3XzW7V7fsXXSwP3H+//PiqK+Wgj3zE/d3kB05wM1bv2/8i2Ukt5JXb3mpdIEc9cZEs7Vgl/zvyFvnqv6+VRxe+KD/Z9XQ5bvP9XWH2xjcflu+/eoccNHaG3L7X+e7PP3jtLjl+iwPksuknK6Guf4biFbPulatm/U7O3PpIuWCH/r6oghiqahOXfy9/8aqsSKqOKlcwtVoOAGE1f85U6GakrIlreGNW0j4iPjYPvIZeDdmPVh54g7zJDpmHoZe8u1mwm5jxxuz2sMC66J4QVo2uu4aeGribBT8SM4aesMCamIkma0Orst0QVg2JGcaMs4nKWp26PmtVj97wwauiF4Uq2CrwLJNWi1V1q0WrcpuvbNWgr7uGLqnnbunl81XmYmfNIKgdYVW9it71wFcl9cZfXOc0f/qXEp+yXpDs5zFVT7X7yaul8aDvFHRm6vlbpftvl7pCY/OJv1O1WWe4r/5/4cST5Ll//UsO/ehhcv63vqVe81//VxL9qr0WM8epTNLcdsdvfuOKq1867ctKkP1G9qOrrrhCbvzFL+XDu+8ut91xe942+vf686OO/pRcrrJidXvj9dflyMOPkEMOPVR+fu01ef3vvP0OueTii+UHP7w8m636xOOPy9e/8lXZa++95bpf3JDXf8nixbL/PvvK9Bkz5ObbbnVLCUx98ERJq+O9Xwmr24/YPK+/zljVwuoHqgTA3KNul7Ne+IU8+P5MuXa3r8jRm+3j9v3vqnflqH9c5DKbrcTXi/5zu9z01sMyTpUHuGrXL8t+G++YN2abqn2788Ony0pVXPqYzfeTn+16Rs0EVrUcSK6wqm3O1lrV3/cehGk5gEKLWmU45H6WeXjUf3iw2gxvFkraZwXGtiIUBWV3UONq50R8bB54DSMoZD9aiZcg51/IPAy95N3Ngt3EjDdmt4cF1kX3hLCajyZk1oYzINuNmDEkFrIfrVxnQrbZkKR3t4jbjbDq7UK/15nk9E+JM2zs+vOSKgnQPO+5wotChSysOs1DpWvT3fJKAMRVycLG9/9tCKK3W5Dz2p8lddfbaV8jzuqlNXXcNSOsOqvel67bPyvpNQslrv6C0XzaYyrY8uuE9vNcxxq35mqhprNWO+/8P3FUvdXGPb4sDareqhZWv/iFU+Spf/5Tbr/rTvnQbiqgDdrTTz0lp578Bfn0MZ+RSy69NLvFNT/7mVz782vkO9/9rpxwokq5z2mvz5oln1Qi6u577C6/vrXnNf6/PfqonHn6GXLC5z+vtrkgr78WUU/70pflpJNPkvOU4Kvbt847T+7//X2uMKsF2r7tiI9/QlYsXy63332XTJo0Sbb9w8lZYXXb4ZvldX9/3RJXNF3QtkwJq3fIt1/6tdz9zuPyy92/IUdM7MkKfvyDV+SkmT+WfTfeQX6jMla/+OzV8teFL7hC615jtpO79vl2NmtV12y9Zc5f5UqVrbpWidwHjJ0ud6ht4n1KMxjgpUsZBJbpjFW1fe7iVa7cqS40/Ra06u2nP+77+r+vcgBkrOZ7LOSbkTKmy/pNg7wRifjYPPAazqCQ/Wjlgbf33Gd4hP66hczDn3ED9LZgNzFj6A0LrIvuCWHV6Lpr6KmBu1nwIzFj6AkLrImZaLI2tCrbDWHVkJiPmHE2GCXJ6UcpPaU5O3isc40rXsbUc3xeC/FZxlHrtnRvvoc4quxgpml7Gt8rIvoOhMYHD0PCdDMhoNbpSS9T2c8qMbKWWs0Iq2kV5F13qVfZ1V9TEtscJk1HXVuen5Sg2nnH8crpcyQxaXdVa/UOVyD80imnyJP/eFL+9fy/ZUO1SJRX04tL3fLrm93s02OPP04uuuSS7CY3XHe9/PTqq+W6G26Qgw7ueR0/05YsWSJ7776HK97eevtvXGFVlxU46fMnynHHH6/GuTiv/x8eeFC+ee65blbsWWefLevWrZMTPvtZ+e9r/5Xvfu9CVbN1mjQ1NynhMuYueNXe3iE//uEP5d133nFF4mnbbSfbP3SKuyCVrrG61bAJbt9MW6D+CnS2ylJd1rFa3lYZq9975Tb5zduPyq/2OFs+PuHD8srKt+W7L98ird1tcsue35TNVd3VQx87XxrUglY6I/WdtR/IIx/5YTYT9sXlb8oXnrlKPjHxw3LTm3+W6SMnuyUIBuecvL3Y8nn5BAoJq3rUWI6w6v7cW2u1WF3VUoTVnnEtZq0GeXGswNhWhKKg7A5qXD0pIj42D7yG552Q/WglXoKcfyHzMPSSdzcLdhMz3pjdHhZYF90Twmo+mpBZG86AbDdixpBYyH60cp0J2WZDkt7dIm43wqq3C0u5zqTGbSfprfbLG7yguBqSsOqKqpt+SJw+iXENi9+QxMp3DSHkdAtyXvu3pj62UGKqWwIg2Uecr4Gjrx1hdc4T0nnPKa5LGmYcp+qrrs8MLclPbSuUsKoyYFXmanzDzaT59Md7hNVTT5Unn/iHPP/ySzJsWP9s19WrV8s/VPbo6+q1/e6ubkmlU9K6plX+8uc/q0WqPudmp2baL5WgevWVV8mNv/qV7Lt//klr6dKlsteHd5c99tzDzVjVC1i1tbXJJz76Mdlwww3llt/cJkOH9hSV1rVfzz37HPnzww/LXff8Vmao1/uXq0zUzx3/WXl7zhz5xOGHy8hRIyURT6iM1LTq3/PXgbTarqGxQWW5fkEthDXWFVZbVfbop9Sr/eMGq/4qezSpsnRTapuVatGq+99/2s0u1cLq99XiVTe/9VfZYuhYaVFi6Dr1Wv9nJu0rn9viINlo0Ah3/B3++EX5yNid3bGu+O+9ctRme8v1u33VteEbL9wgM5fMkvv3u0g+9PAZMkUJuffvf7GMbi6cQVySD9nIk0CusKo7Z7NXiwirbh+DBa0yY2UMKFQKoGcshNViD9ORvoEP8kYk4mPzwOt5WunpELIfrcRLkHaHzMPQS97dLNhNzHhjrtqYsTA/itKp47GJGWLGkEB+N2IGHl4Tp4Q5ktpqf0mPm5Y3shZXG/Ri4GoR6oGuX1buzXptdhpbpFuVZuwrquq6rw2LXvU68sKfl8CjtB2xVYaAs2KhWiS+d97UGJaaFFYTW+4rTcfeXJarnNXzVWkBlbGqgjU+fJw0n/mUp7D60B/+ID+96mrZeZdd5Ctf+6psutlmrg26dMCXTjlVTvrCyXKuej0/0zIZq7/81U2y3/7759mbyVjVgqsWXjNt/vz5ctGFFyqRPynHffZ42WCDIfLPJ5+UZ595Rs4652zZ/4AD3K663qvOWH1z9pvyt8f/nrVlIChaWE0q0VOLndsM3zSv67y2pfIpVWN1vioFoIXV775yi9w59+9y9S6nya/e+rP8b808+cY2n5Kzpx3tvu6/unudbPPgyXLOtE/LMZP2k68/f70rpD76kR+Jrq165nPXqL6fliM33VOmPnCibKhqpTyg9jtJZbrSwiOghVXd+pUD6L3Q9CsRoPv2aqEDLWiVGTP3SLIaas5FDGFVEQrpr7xWZ1WQNyIRH5sHXsOZFLIfrdy860MLyu6gxg3SZktjEzM1HDN1PK+LetUCE2KGmDEkkN/NwtwLcl4HOTYZq4YzpsQ5kpp2qKRHT87biX5LuHnhSxJTyWhBP8s4KkmrS4mqkuhZhDvTEmsXuwJvya1EHiXvr843dFYvEae9tWYp1I6wOu8F6brzc6oUQJfEBg2VQV/7l0pdHVSy49LzX+wpLdDdIfExU6X51D/nlQJ47sUXZMSInsxM3XT91X322NNdBOo36tX6CRMmZD/T9U/P+PJpcorKdj3r3HOyv9f1VXWd1V/cdGNWEM18uGjhItlPLTr1kUMOlmuvvz67zbq1a+Xaa6+VVDIlkzafJN3d3bL5FlvIbqpkQHPz+hoo+vcnq7IB/37uOfnVLTfL3vv0LDA1UMvUWH1AZY72FVZ1jdVPuTVWl7vC6gUv3+wKq7/48Ndl6vCJ8vG/f0e99p+QW1UZgN032lZeX/2eHPDIOXLFLl9UWawfkccWvST/99Tl6tX/3d3s1qHqr07XqezVhlhCdlELWK1RJQS0oLvdiEleZvK5RQJLL1Q1VnNe88+KpTpjVe0nkDqrCKv5HkRYNeJhZdpbuIHigdfQExZYF91TgbERVg394rebBT8SM4bQLbAOPWZCttmQpHe3iNtNzHi70O0Rsh+tXGdCttmQpHe3iNuNsOrtwnJixlGCZmrbQ8UZ2ZM0ltsSK9+RxNK3+9dddUO0vDcT9av/qVFbSmpk/qLaev9aVE0sfK3gfg1pBHsOMTaiPjo6a5aK06bWN6rhVjPCam6GqfZX0yHfk8T0Y70XsCri3OSTP5Hup3vqtGZqtuYuXtVXWG1tbZVdp8+QyVttJbffeUde/dU/PfRH9ar+2XLql77kZpVm2k9UdusvlGh6zfXXycGHHJJnyfvvvScfOeBAOfSww+Rn116T/eymG2+Uvz/2mNysygMMHry+aHOhw7jl1792Sw0c9tGPyo+vurLgkerSBcOHD3c/2/rBk9zX/rWw2lfg1DVS9eJVi5SwOlcJq2e/8Et5QJUGuGa3M+XTm+0r189+SK7534Myeeg4V2x9deVctZDVFXLj7mfJ4UpM7U4n5WBVc3XOmgUySC0qdtMeZ8l+G+/o7vfjj18g/1nxtty9z3fcRa5o4RHoK6zqPbuCauarz2v/ubVUS17ACmE138EIq0Y8rESFhQcDHngNPWGBddE9IawSMwNNw5DnnmFEeHcL2e5yH3jdAwrZZm+Ihj0ibjfXmWj6kZgx9IvfbhbiEWHVEHqZrFNTVFmAsfllAdw9q1e7G5a/Jfq1/NxWTsyk1WLkyVGT8xapyoxd1uv/+QYagqNbOQScVR+I07GunCGqYtuaEVZVqqp0/f50Sb35mAs+1jJcmj52ucSn5guWJl5xWhe52a/p5e+43ZsO/q4kdj3RrWV6ykknqUWknpF/vfC8W+s00/Rne3xoN0mqf2+57VbZYcce0VC/uv+9C74rM59+WpUC+IKc963zs9v84NJL5bZbbpWrfvIT+fjhn8gzbfbs2XK4qqfaV1j9/sUXy0N/eMgtK7DDDju6GbKNjY0yevQoGTd+vLvIVaatXLFCrvjxj+WhB/8gP1GZsQccdGDe56+99po89ujf5Btnn+VuMvmBE9z6p/epzFG9mFRue6t1gRylSgEs7Vglsz95q3xFvcr/6MIX5epdT5PjNz/AFU4v/+/dcsPsP7ri6IFjp8vlr90td+797axYepta7Oq8F2+SD43eWn677wXZhapOfuZK+fP85+TnHzrTrdNKC49ARlh1Y0Z/ZbJXc37u+5n7czl1Vvtc1K2VAyjzZmFA6hUYu5ybkeyxBGV3UONqwyM+Ng+8huenkP1oJV6CnH8h8zD0knc3C3YTM96Y3R4WWBfdU1B/jAjZZkOS3t0ibjcx4+1CYqYAo4jPaz/nJ8MZkHO7WyAzso55BMk6OWG6OJt/WES9qdqvKYFVi55xVVJR11/1e2/mNLSo7NTNJD1kY3GaehPI+vix5IWqCkEJco74ncS12D/ZKemVi9WCQLW3UFUhd9WOsKqOLv2/R6Trwa8pjbXHefFh46Txkz+V+ISdzaeqysjsuv+rknpPlRJQLaZWtW8+4wmJqbGSyaSc+LkT5Pl//1ueemamjNl447xxf3PrbfKLG653F5XSC0Z1dnbKsmXLZO+995ErfvQj9575G2d9Q4745Cfd7b59/vly3+9+L9+/7FL5zLEquzan/eeVV+Qznzrarb2qa7Bm2ty5c+W8c86VV1/NL9KsxalRo0bJp44+Wr6u9qEXu9Kto6NDLrnoItFZs1rs/fDuH1ZibLO88vLLsmbNGvnaN74uu37oQ6q2akq2+8Mp0qhOkrftdZ7MGLlVnj26hupn//kD95X9pw79iXz139fJyyvmyPnbHytfmHyY23eJEl2P/eelMm/dUrWA1XBZq175v2WPc2TnUVPcz9eqE+x+j5wtZ217tCvGZtpF//mNW1bgvO2OkVO2+qi5r+hZNoEl3x3qLiDVrxyAnvu9o9uqs1qoxqobY7YWsAry4liBsf3ejBScDEHZHdS4+iAiPjYPvIannZD9aCVegpx/IfMw9JJ3Nwt2EzPemN0eFlgX3RPCaj6akFkbzoBsN2LGkFjIfrRynQnZZkOS3t0ibjcZq94utHmdcYZuLMmpB4psMLL4jpXIGlev68c7VU1N/X27qsXap6Vb1PZNLZJWa63kiam5/XrnXkxpEI2L1Kv/uqarrRbkvLZlY5WO46xbKU6rRV9VAYeaElZF1Vft/qta2OmV32XRx1SgJqYeLA37fUNiagX7oq1rnaTffVa6H7lY0msWZrs17PJ/0njIxdmfde3TZLJbNhk71s0U7duWLl3qLiTV3tYuU7eeKjtNn+520YtJLVci63hVe7WlpcX9nV6gStdC1a/052a/6s+0ILpMjaUzUnMFXL1A1j+eeEL22XdflbG6gwxSY+m+L77woltWQGfIXvz9S+QYJdTmClb69/974w3RWazNgwa5IuukSZPyzNdlABKxHkG2b3PUHb/jqMuWFuHU/3SGaqMSnXWGazxnGy3Q6jF0H72N/ter6TEy43r15XO7BIoJq/oBr2DtVbX7votW5eqiuZ9pS3O9j7BaxHdFLuqRvoEP8kYk4mPzwGt4DgrZj1biRR9aUHYHNW6QNlsam5ip4Zip43ld1KsWmBAzxIwhgfxuFuZekPM6yLERVg1njMU5ouuupsftIOlNldZRZF0bG/dmMZUwF1/xrjQsm2N4kD66WeThY6+13VWtT5RevVQk2VXbx1ng6GpLWNXPREoU7br3i5Je/Eb2cHXWaWzsdm6t1PiYrVX2qRJY1eJJogQ96VijXvl/W1L/+6uk57+slHWVrtzb4qM2l6bP3CSxAgWTKzFTXnzxRTnv3G/K+d/6lhyoXuvPFU51KQK9SNZXzjhTjjv+eDn3vG9mBdxK2Mo+q4NAIWHVFUQLCKvu73MWunJ/7j3MjGja9+fcPpnt+woXZKwWnis2bkYQifqwtXADxQOv4bnNAms/D2FW4kXvMCi7gxo3SJstjU3M1HDM1PG89nN+MpwB2W7EjCGxkOefletMyDYbkvTuFnG7EVa9Xej2CMCPPQLrjpKesIPKPs1f/6WcmMkIqokV75W3QNVAaALgYeiJmuvmdKxVi1OtVtnJHTV3bKYHVHPCqnvOUH/V6LrvdHGWva2002Qei5gKflGvqcdcYTUljk5P71ynsjGVyJoViWJu+YDGj14msdH5tUZNwQbR74Jvf0deVq/w68WxRo7sn3qvM0p3nbGzHHvccfK1r39NGlW2Kw0CAxHQwqpu/coBeAirPdsgrFqZXWSs5mMM8ibHwtg88BrOegusi+6pwNjl3Lzn7Scou4MaN6AHpSwTC3YTMzUcMxbmh584NyTp3S3idhMz3i50e4TsRyvXmZBtNiTp3S3idiOsersw0JhR80MLrI6qj+qMmSxplZyma7CWEjMJXT5AJbrFWpf0CKoRn3uG5Guzm6qh6rS3qq+1qiZnqjaP0cdR1aSw6l5rF/5Huv/5U0nPfcp9hd1Pi2+0lTTqha/G97zGH5X2ja99TWbPflPuuOvOgsKqrum62y67yuWqnuthH+2pe0qDwEAEFusaq6rDQMKq3r5YnVUyVi3ML4TVfIj+Ttf+HGBhbB54DZFbYF10TwirxMxA0zDkuWcYEd7dQra7lAfefgcRss3eEA17RNxurjPR9CMxY+gXv90sxCPCqiF0C6wL7qnPuK7IOmKcpPVbwqoOq9PQrGqobqSeJ9WCV7qEYO9aMHG1tk1MJ8G1r5F4l/pSYmrNXGcMXRL5blow1cmIKeWntEpE1P+q8gxOZ1vP97QsgZoVVt0jVH/lSM36o6RUzdXU+/8e0O3u68gq4Bv3PEMS09VCUqp8QNTagw88IBde8F258uqr5OBDDskzr729XS695Pvyjlrc6nYlvCYSBVbqi9oBYU/FCZQrrOoD6Ftz1f1dTnHVfnVW+1x8KQVQeBpE+gY+qBszjSLiY/PAa3jaCtmPVuIlyPkXMg9DL3l3s2A3MeON2e1hgXXRPQX1x4iQbTYk6d0t4nYTM94uJGYKMIr4vPZzfjKcAdluCKuGxIKaI9WYJBL0ddfQJXSrHQK1Lazm+MlZ+qak3nxMlQeYI+mV74qowrqSaJLY8PESV6/7JybvL7FNtnV/F+X2hwcelDvuuEOmTJkiO++yswwa1CIfLFok/3r2Wdl6m23ky6ef5i6GRYOACYGBhFW9vd8FrKixakK9T59qvBkJ6sYs6JscC3bzwGs4xy2w9vMQhrBq6Be/3Sz4kZgxhG6BdegxE7LNhiS9u0XcbmLG24UIqwiruQQQViscM9X4LBP0M4ehS+hWOwTqRljtuQCrVOZOVVi3fWVP6rJe1KpZ1ZgcpL4iLqhmppxepOqtN9+UmTNnyrz357m/Hjp0qOy1996y4047KqF1UO3MTo4kcALFhFWdOZPJRO37ryu46q9eFbXcjFV3vNwU11KPOuIPSn4eeHuu9bm5viVCCYpJUOMGfZNjwW4eeA3nogXWfmLGSrwEOf9C5mHoJe9uFuwmZrwx99yjGvYrpRsZq/nUQmbt12XEjCGxkP1o5ToTss2GJL27RdxuhFVvFwZ6nUFYNXQA3WqZQH0Jq7XsSY4NAiUQ+OCCoRLv1e/ivd+4Qmnmq3eBqr4LVRUTVrUJuZ9lfs6Y5uqnBS6+CKv9nRfpG/iI32D7EeT8hg0PvIbEQp4jVuIlSHErZB6GXvLuZsFuYsYbc6APvEXmtZWYsTA/gjxfV+vYxAwxY0ggv1sdxyPCquGMCWqOIKwaOoButUwAYbWWvcuxQcCDgBZW17/uH1v/vU9h1RVQczJYC/2c/R3CqtGNcKQfeoO6MQtS2LI0Ng+8hqfVkOeIlXixNEcKEgqZh6GXvLtZsJuY8caMsFqAkYW5h7AazblnaJV3t5DniJXrTMg2e0M07BFxuxFWK+xHhFVDB9CtlgkgrNaydzk2TwgoAgAAIABJREFUCAQorGaE0r51VQeqs0rGqvnDY6Rv4CN+gx3kwzQikeFpNeQ5YiVeEFb7O9eCH4mZGo4ZC/MjyPN1tY5NzBAzhgTyu9VxPCKsGs6YoOYIwqqhA+hWywQQVmvZuxwbBDwILF261K1v6vXVI6Lm98v9Xeb7Qv/m/q7v9xnzrJQCwNsQgAAEIAABCEAAAhCAAAQgAAEIQCBEAgirIcJmVxCIGgGE1ah5BHsgAAEIQAACEIAABCAAAQhAAAIQqBYCCKvV4inshEAABBBWA4DKkBCAAAQgAAEIQAACEIAABCAAAQjUBQGE1bpwMwcJgcIEvIRVvVWxMgGZz3L79P1dZq+5r/oXeu2fUgDMUAhAAAIQgAAEIAABCEAAAhCAAASqjQDCarV5DHshYJEAwqpFmAwFAQhAAAIQgAAEIAABCEAAAhCAQF0RQFitK3dzsBDIJzCQsKp7emWrZjJNM/0y2+T+O9D3GWvIWGVmQgACEIAABCAAAQhAAAIQgAAEIFBtBBBWq81j2AsBiwSWLFniiqfxeNwdte+/CKsWYTMUBCAAAQhAAAIQgAAEIAABCEAAAjVFAGG1ptzJwUDAH4GMsFpMQEVY9ceT3hCAAAQgAAEIQAACEIAABCAAAQjUDwGE1frxNUcKgX4EShFW9SC5gmvuz5nvc/8d6PuMQUGWAkin05JKO+I4PV+0YAlk5kYivj4TOtg9DjC69neys+crlRRx0j1ftMIEYipzXX8lGkQamnu+VEZ7JRvxWzr9SMWiOoxq82XU+JU+E9gSAhCAAAQgAAEIQCBIAgirQdJlbAhEnEAtC6vJVEpSKUS0Sk/BRCIuDYlEuGZo8bRznUhXW7j7rcW9NQ0WaR4SusBK/NqfTBWJRXUYteLLSvGzPxMYEQIQgAAEIAABCEDAJgGEVZs0GQsCVUagFoVVLabqB3latAhocVULE4E2naGqxdQuJaqSnWwPtc5a1eJqY0vgAivxa89txUYKJRbVzmvVl2HxC34msAcIQAACEIAABCAAARsEEFZtUGQMCFQpgVoTVlPqtf9kElE1qtMxcEFCi6odrVE9/Oq3a9BQEZ3BGlAjfgMCW2DYoGOx1n0ZNL/wZgJ7ggAEIAABCEAAAhAolwDCarkE2R4CVUwgCGFV48jUpsugya2hWqieqo0aq7WaHVXF06ug6Q0NKnM1HkDmKqJqOFNl0DAlrqrMVcuN+LUM1GC4oGKxXnwZFD8D19EFAhCAAAQgAAEIQCBCBBBWI+QMTIFA2ARsCqsZQbUSwmpavfbd3a0WJ6JVBYHGxgaJ21wUSS9O1baqKo69JowcPKJnYStLjfi1BLKEYWzHYr350ja/ElzIJhCAAAQgAAEIQAACFSaAsFphB7B7CFSSQJDCal+hNXOcQWSsdnZ1VxIj+y6BQHNTYwlbFdhE11Jdt0wvOW5nPEbxJhBTGcdDRlurt0r8eiMPsoe1WFRG1qMvbfIL0s+MDQEIQAACEIAABCAQDAGE1WC4MioEqoJALQirtbLidFVMGItGWlthu3OtUnPUYlW0cAk0b9CzoFWZjfgtE6CFzW3FYr360hY/C65kCAhAAAIQgAAEIACBChBAWK0AdHYJgagQqAVhtR4zpKIyf8q1o+xML52t2rqkXDPYvlQCQ8eUnbVK/JYK3+52ZceiMqeefWmDn12PMhoEIAABCEAAAhCAQFgEEFbDIs1+IBBBAtUurKbV69/dyVQEyWKSCYFGtZBVvJyFrLo7RNpXm+yKPkEQaBku0jio5JGJ35LRWd+w3Fisd1+Wy8+6QxkQAhCAAAQgAAEIQCA0AgiroaFmRxCIHoFqF1a1qKof6GnVSUCLqlqQKLnpBav0wlW0yhDQoqoWV0tsxG+J4ALYrNxYrHdflssvAJcyJAQgAAEIQAACEIBASAQQVkMCzW4gEEUC1S6sdnUnxdGvg9OqkoBeyKypsaF029cuV4tWJUvfni3LIxBXvhsyquQxiN+S0VnfsNxYrHdflsvPukMZEAIQgAAEIAABCEAgNAIIq6GhZkcQiB6BahdW67mmX/RmU2kWlVWbsHWpiEPGcmnkLWwVi4sM3ajkgYjfktEFsmE5sYgv1VpuTY2B+IVBIQABCEAAAhCAAASiTQBhNdr+wToIBEoAYTVQvAxuQKAsMWLNYoM90CVQAsM2Lnl4xLiS0QWyYTmxiC8RVgOZlAwKAQhAAAIQgAAEqoAAwmoVOAkTIRAUAb/CqrZDv/KY+5X5ncm/uX1yj0mPV0rjYb4UatHaphwxRxBWK+9MhNXK+8CSBeXEIudihFVL05BhIAABCEAAAhCAQNURQFitOpdhMATsEShXWM0VWhFW7fmlnkYqR8xBWI3ATEFYjYAT7JhQTiwirCKs2pmFjAIBCEAAAhCAAASqjwDCavX5DIshYI0Awqo1lAxUIoFyxByE1RKh29wMYdUmzYqOVU4sIqwirFZ08rJzCEAAAhCAAAQgUEECCKsVhM+uIVBpAgirlfYA+y9HzEFYjcD8QViNgBPsmFBOLCKsIqzamYWMAgEIQAACEIAABKqPAMJq9fkMiyFgjQDCqjWUDFQigXLEHITVEqHb3Axh1SbNio5VTiwirCKsVnTysnMIQAACEIAABCBQQQIIqxWEz64hUGkCCKuV9gD7L0fMQViNwPxBWI2AE+yYUE4sIqwirNqZhYwCAQhAAAIQgAAEqo8Awmr1+QyLIWCNAMKqNZQMVCKBcsQchNUSodvcDGHVJs2KjlVOLCKsIqxWdPKycwhAAAIQgAAEIFBBAgirFYTPriFQaQIIq5X2APsvR8xBWI3A/EFYjYAT7JhQTiwirCKs2pmFjAIBCEAAAhCAAASqjwDCavX5DIshYI0Awqo1lAxUIoFyxBxpXSripEvcM5uVTSAWFxm6UcnDIMaVjC6QDcuJRXyJsBrIpGRQCEAAAhCAAAQgUAUEEFarwEmYCIGgCFS7sNrVnRTHcYLCw7gBE4jFYtLU2FD6XtYuF0knS9+eLcsjEFe+GzKq5DGI35LRWd+w3Fisd1+Wy8+6QxkQAhCAAAQgAAEIQCA0AgiroaFmRxCIHoFqF1a7kylJp8lYjN7MMrMoHo9LY0PCrHOhXm2rRJKdpW/PluURaGgWGTyi5DGI35LRWd+w3Fisd1+Wy8+6QxkQAhCAAAQgAAEIQCA0AgiroaFmRxCIHoFqF1a1qKof6GnVSUCLqlqQKLl1d4i0ry55czYsk0DLcJHGQSUPQvyWjM76huXGYr37slx+1h3KgBCAAAQgAAEIQAACoRFAWA0NNTuCQPQIVLuwqolS2y9688rUonJqOrr70GUgWpeY7o5+tgkMHSOiyjmU04jfcujZ27bsWKzzc7ENfva8yUgQgAAEIAABCEAAAmESQFgNkzb7gkDECNSCsJpMpSSVohxAxKaWpzmJRFwaEmWUAcjsoXOtUtfXee6PDpYJNG+gVusZUvagxG/ZCMsewFYs1qsvbfEr25EMAAEIQAACEIAABCBQEQIIqxXBzk4hEA0CtSCsapJkvUVjPvmxwlqGl85aXbtMZa8irvvhX1ZfXb5hg9FlZ6tmtfGu7rLMYePyCFiLxTo9F9vkV54n2RoCEIAABCAAAQhAoBIEEFYrQZ19QiAiBGpFWE0rca27m9XhIzKtPM1obGyQeJmvkOftRC9gpReyooVDQC9YpReustSIX0sgSxjGdizWmy9t8yvBhWwCAQhAAAIQgAAEIFBhAgirFXYAu4dAJQnUirCqGepyAPpVVFq0CTSoBasS5SxYVezwutpEOlqjffC1YN2gYSJNLdaPhPi1jtRzwKBisV58GRQ/T8fRAQIQgAAEIAABCEAgUgQQViPlDoyBQLgEaklYRVwNd+6UsrfAhQjE1VLcYr7NoKFKVB1s3t9nz3oR5HxiCaR70LFY674Mml8gTmdQCEAAAhCAAAQgAIFACCCsBoKVQSFQHQRqTVjV1NNpVRYgSVmAqM3Axgb1+n+8vBXkjY6pu0Nlrq5RNVdV7VWaHQK6bIPOVG0cZGe8AUYhfgNHLGHFYq36Mix+wc8E9gABCEAAAhCAAAQgYIMAwqoNiowBgSolUIvCasYV9bpCddSmYkVWzNYLWXWuE9EZrLTyCOgM1eYN1EJVasGqEBvxax92RWJRHUat+LJS/OzPBEaEAAQgAAEIQAACELBJAGHVJk3GgkCVEahlYTXjinQ6LSmVxeqoDEb9RQuWQExlN+qvhMpOjQdRS9WP+drfemEr/ZVSWcxacNVftMIEtHiqvxINPYtT6S+bi4yVwJ34LQFa7yaRikVlU7X5Mmr8Sp8JbAkBCEAAAhCAAAQgECQBhNUg6TI2BCJOoB6E1Yi7APMgAAEIQAACEIAABCAAAQhAAAIQqFICCKtV6jjMhoBvAm88KvL6IyKr5okset2tQ+k0D5XkRlMkNXScdG91gHRP3t/NNiz2pfeZ+1nuz5nvB/o397Nc+/WYNAhAAAIQgAAEIAABCEAAAhCAAAQgUE0EIiOsznx+lrzy3zkye848ae9Qr22qNmrDYTJ9+8ly4N47y+iRauEMGgQg4J/Ay78TefjingV9PJoWWtsP+KZ0TTuioLiaEUYz4mruz5nvB/o397NcUxBWvTzD5xCAAAQgAAEIQAACEIAABCAAAQhEjUDFhdVlK9bIrb/9q8x+W2XRqdYyqEkmjhvjfv/m3PlZXgftM0OOOWL/qPHDHghEl8BKFVN3nirygcpO9dlSG02Vtk/+TJwRE4pmqGbE0L4iq95V7me5P/f9PmMWwqpPB9EdAhCAAAQgAAEIQAACEIAABCAAgYoTqKiwOm/BErni+nvdDNUpW0yQww/ZQ6ZOnpgHRWeyPvTIM7Ji5RoluG4kF559QsWhYQAEIk9g0SyRXx9jlKVa7Fh09mrbcbdIeuNtsuJqRhglYzXyMwADIQABCEAAAhCAAAQgAAEIQAACEAiYQMWE1bb2Trnkqt/IciWYHnPEfnLQPjtnD/Wxf76oxNYuV0jdabvJovtecf09Mn/hUlUWYIYceySZqwHPC4avZgI6U/W6w8oSVTOH74qrJ92XzVxFWK3miYHtEIAABCAAAQhAAAIQgAAEIAABCNgkUDFhVWeh/vHRZ2WnaVvKGScfmXdMX/3ONa6wqpsWV885XWXeqXaxEmJ15uqFZ31OJo7vKRdQauvuTsp/Zr0tCz5YJl3q+w0GD5JJEzeRrTYfL42NDaUO63u73/3xSdlvj51ko1HDfW/LBhAoSODaQ0t6/b8YTV0WoP0LD+S93k/GKnMPAhCAAAQgAAEIQAACEIAABCAAgXonUDFhNSOe/uzSM2VwS3OeH3Td1XkLl8hjT77o1lnNlADQZQF0Pdbdd5kmJx+nxKMy2t9UVuz4TUbLtlM2c0fRWbGvz35XBiuBNfO7MoY33hRh1RgVHU0IvHSvyP3nmPT01afzY5dJcoej3G0yoio1Vn0hpDMEIAABCEAAAhCAAAQgAAEIQAACNUagIsKqrq16ydW3F8xW7cv3iuvuccXVc077jFt/9dSzr5JRGw6TH16gFuUpsa1as07+9uQL8ulP7NtvBJ3JSsZqiWDZrPIELt3OSgmAvgeSGjpWlnz+IYTVynsYCyAQaQINDQlJJlORthHjIAABCEAAAhCoXwLcq9Sv7zlyCARFoCLC6uw58+TKG+6VTxy8u7tg1UBNZ5Lqmqu6BqvObM0IrTdddXbJTPSYDz/2L/nIvrvIiGEbFB3nrbkL5PU333VLBYwZPUL2UJmyWnTNZLdmygjkfrZ0+Wp3m41GjZC3lCC8lVqUS2fA6rHeeme+rGvrkBHDh8g09btxKmNWZ6xOmzpJ3p33gftZ7lglHyAb1ieB1x8Ruav0Pzh4QWv9+M+kc8sDyFj1AsXnEIAABCAAAQhAAAIQgAAEIAABCNQFgcgLq329YENY1WO+/uZ7Mku9+j9h7GgZPXKEjFf/5pYkWKhqr85SffbbfUdXTNXC6Oo1a2WXnaaKznjV3282YWPXvGdfmKVqtLbIDttuIVpYfeb5/7plBnZU9WP1tnqsV1Q9V11LVe9Db9/W1p4VVrUNu+w41e2bO1ZdzEAO0h6B+84Sefn39sbrM1LHNofL2oMvQ1gNjDADQwACEIAABCAAAQhAAAIQgAAEIFBNBCoqrB649ww59sj9ffE679KbpL29Q35+2Vd8bVeos848XbBomSxcvEyWLFuVly365LP/cRey0lmlmaazSwuVD9DC6VvvLJB9lQirhdV/PPNKXj89ll4YKyPE5trSt8aqFnyXLl/ljkWDgC8Cv/q0yLvP+drET+fu8TvL6qNvRVj1A42+EIAABCAAAQhAAAIQgAAEIAABCNQsgYoIq5pmKbVS/dRm9esxXVv1hf/MlsaGBjcrVS9utWr12n7DaGE1UwpgiRJA9ev7uulX+IsJq3qsnaZNVuUBhvcbD2HVr6foX5RAQPVVM/tzmofK8i8/g7DKFIQABCAAAQhAAAIQgAAEIAABCEAAAopAxYTVm+/+q/va+zFH7OfWTzVp1938oPtK/YnHHip77jrNZBNffXIzTwtlrGYG03brlnl9/735i90aqWSs+sJNZ9sELtjU9oj9xlv2tdcQVgOnzA4gAAEIQAACEIAABCAAAQhAAAIQqAYCFRNW9YJU9/zhH9IyqFnOPf0zMnH8GE9eDz3yjOis1TNOPtKz70AddI3T/8yao2qgTs4uXqWzUGeq2qiTJmyiFpwaL1osfVMtPpWpsaozWhcuXu6+zv/CK7OlO5mU3dViVvr3z/QKrcWEVT2WrueaqbGq97VqdWu2xqr+fSablVIAZbm2vjf+vvpjQ2drYAycpiGy/LRnEVYDI8zAEIAABCAAAQhAAAIQgAAEIAABCFQTgYoIq7998An5+1MvZTlpcfXwQ/ZQmasz+rHTImTuolK24GayTHVtVd02GDzIrYO67ZTNsrvQIqfORNWv++vPt9p8giu6ZsRUvW3m97pOazFhVQ+ox3pLCbVdSogdMXyITFP70fVbKQVgy6OMI9RYZRJAAAIQgAAEIAABCEAAAhCAAAQgAIHQCIQqrGqR9Ppb/iCz356nMlWb5JgjD5B7lMja3tHpHvCoDYfJ9O0nKyF1kPvz+yo7dfacebKpymY9R2W10iAAgQEI3HeWyMu/DwxRxzaHy9qDLyNjNTDCDAwBCEAAAhCAAAQgAAEIQAACEIBANREITVjVr/Bfp0TV5SvXyJQtJshJxx0mV15/j/uzrrP6/oKlbs3Vvk0LsD3ZrGZ1WKsJPrZCwCqB1x8RuetUq0PmDtb68Z9J55YHIKwGRpiBIQABCEAAAhCAAAQgAAEIQAACEKgmAqEIq1pUveL6e93MVF2X9OTjDpUrrrvHrWF64N4z5Ngj93eZ6YxW3Te3TZ08sZp4YisEKksgoDqrqaFjZeXJj7rHFovFsl+5P2e+H+jf3M9yQekxaRCAAAQgAAEIQAACEIAABCAAAQhAoJoIBC6s5oqqJx57qOy56zTJ1FidMG4j+d7ZJ1QTL2yFQLQJvHSvyP3nWLex9SOXSOe2n0RYtU6WASEAAQhAAAIQgAAEIAABCEAAAhCoVgKBC6vnXXqTrFCv+2dE1ZnPz5Jbf/tXt8bqDy/4YiALU1WrM7AbAlYIXHuIyAdvWBlKD5IcPUVWHv97N0tVNzJWraFlIAhAAAIQgAAEIAABCEAAAhCAAASqmEDgwuqpZ18lE1Vm6oUqMzVXVD339GNkolqUigYBCFgmsHKeyLWHinS2lj2w0zREVhx3r6SHT0BYLZsmA0AAAhCAAAQgAAEIQAACEIAABCBQSwQCF1YztVS1uDpv4VI3UxVRtZamEMcSSQKL1EJwv/pMWeKq0zhEVn7q15LcaOuCNVX7ZrBqDrm/K/Rz7u9yuVFjNZKzCKMgAAEIQAACEIAABCAAAQhAAAIQGIBA4MKqrrGqa6rqhapGbjhMzjzpCDJVmZIQCIOAzly985SSygJ0j9pKVn30pypTdXzRV/8RVsNwIvuAAAQgAAEIQAACEIAABCAAAQhAIKoEAhdWo3rg2AWBuiGgF7R6+GKj7NXUkE2k9UNfkvatj8gTVDN1VTUzaqzWzczhQCEAAQhAAAIQgAAEIAABCEAAAhAYgADCKtMDAvVC4PVHRN5QXzqTddHrrtCabtxAukZNkdTQcdKx+f7SscV+BQVVhNV6mSQcJwQgAAEIQAACEIAABCAAAQhAAAKmBBBWTUnRDwI1SOC9dxcOKKTmZqf2ffWfUgA1OCE4JAhAAAIQgAAEIAABCEAAAhCAAASMCSCsGqOiIwRqjwDCau35lCOCAAQgAAEIQAACEIAABCAAAQhAIBwCCKvhcGYvEIgkAYTVSLoFoyAAAQhAAAIQgAAEIAABCEAAAhCoAgIIq1XgJEyEQFAEEFaDIsu4EIAABCAAAQhAAAIQgAAEIAABCNQ6AYTVWvcwxweBAQggrDI9IAABCEAAAhCAAAQgAAEIQAACEIBAaQQQVkvjxlYQqAkCCKs14UYOAgIQgAAEIAABCEAAAhCAAAQgAIEKEEBYrQB0dgmBqBBAWI2KJ7ADAhCAAAQgAAEIQAACEIAABCAAgWojgLBabR7DXghYJICwahEmQ0EAAhCAAAQgAAEIQAACEIAABCBQVwQQVuvK3RwsBPIJIKwyIyAAAQhAAAIQgAAEIAABCEAAAhCAQGkEEFZL48ZWEKgJAgirNeFGDgICEIAABCAAAQhAAAIQgAAEIACBChBAWK0AdHYJgagQQFiNiiewAwIQgAAEIAABCEAAAhCAAAQgAIFqI1C2sLpy5cpqO2bshUDkCWy44Yah2IiwGgpmdgIBCEAAAhCAAAQgAAEIQAACEIBADRIoW1itQSYcEgTqhgDCat24mgOFAAQgAAEIQAACEIAABCAAAQhAwDIBhFXLQBkOAtVEAGG1mryFrRCAAAQgAAEIQAACEIAABCAAAQhEiQDCapS8gS0QCJkAwmrIwNkdBCAAAQhAAAIQgAAEIAABCEAAAjVDAGG1ZlzJgUDAPwGEVf/M2AICEIAABCAAAQhAAAIQgAAEIAABCGgCCKvMAwjUMQGE1Tp2PocOAQhAAAIQgAAEIAABCEAAAhCAQFkEEFbLwsfGEKhuAgir1e0/rIcABCAAAQhAAAIQgAAEIAABCECgcgQQVivHnj1DoOIEEFYr7gIMgAAEIAABCEAAAhCAAAQgAAEIQKBKCSCsVqnjMBsCNgggrNqgyBgQgAAEIAABCEAAAhCAAAQgAAEI1CMBhNV69DrHDIFeAgirTAUIQAACEIAABCAAAQhAAAIQgAAEIFAaAYTV0rixFQRqgkA9CqvxeEz0VywmEk/0fE+DAAQgAAEIQAACEIAABCAAAQhAwB+BdNqRVMoRUf/X3+uvemsIq/XmcY4XAjkE6klYbWiIS0ODElQRUokBCEAAAhCAAAQgAAEIQAACEICAdQKu0Jp0JJlMWx87qgMirEbVM9gFgRAI1IOw6gqqjXE3Q5UGAQhAAAIQgAAEIAABCEAAAhCAQLAEHJW4muxO14XAirAa7FxidAhEmkAtC6taSG1qSriv+9MgAAEIQAACEIAABCAAAQhAAAIQCJdAWpUJ6OpKiRZaa7WFJqzOnjNPHnvqJXnlv3OMWE4ct5EctM/Osseu04z60wkCEPBPoFaFVV03talZZ6kiqvqfFWwBAQhAAAIQgAAEIAABCEAAAhCwQ8BRqmpnR1qJq7WproYirM58fpbc+tu/uh4ZueEwGa2+BmptHZ0yf+FSt4sWVk869lA73mQUCEAgj0AtCqs9omqCV/+Z6xCAAAQgAAEIQAACEIAABCAAgQgQ0JpqV2eqJhe3ClxY1ZmqV95wr7QMapJzTz9GJo4fY+TSZSvWyHW3POgKrJ84eHc5/JA9jLajEwQgYE6g1oRVRFVz39MTAhCAAAQgAAEIQAACEIAABCAQFoFaFVcDF1avu/lBeWXW23LhWZ8zFlUzTm1r75TzL71R/RiTn192Zli+Zj8QqBsCtSSs6rf+mwc1kKlaN7OXA4UABCAAAQhAAAIQgAAEIACBaiKgxdXOjmRN1VwNXFg99eyrZIKql/q9s09wfT1vwRJ55oVZKgt1Dxnc0iy6TMCKlWvcrFQtpN7zhydkp+0my3T1pdvNd/9VnlX9SxFmq2lyYSsEKkGgloRV/fp/goWqKjGN2CcEIAABCEAAAhCAAAQgAAEIQMCIQCqZVgtapY36VkOnUITVKVtMkHPPOMblkclgPeaI/dzFqbTwqtvPLj3TFV112YDc/i+rxa5uufsvcuHZn5fRIweuzVoNwLERAlEiUCvCakNDXBqb4lFCiy0QgAAEIAABCEAAAhCAAAQgAAEIFCDQrYTVpBJYa6GFLqzq2qmv/PcttSjVdm7GqhZOdctkqD72zxdl6pYTfZcNqAVncAwQCJtArQirg1r0YlWqFgANAhCAAAQgAAEIQAACEIAABCAAgUgTcFRNgI72VKRtNDUudGHV1LBMP7341aiRw8lW9QuO/hAwIFALwirZqgaOpgsEIAABCEAAAhCAAAQgAAEIQCBCBHQ5AF0WoNpb6MKqzkh96JFn5YyTjpCpkyfKFdfdI+0dnepV/54arJmma6/e8+AT7me6TVR1Wk8/6UgE1mqfcdgfKQK1IKw2q9qqcWqrRmpeYQwEIAABCEAAAhCAAAQgAAEIQGAgAumUI52d1Z+1GrqwmlmM6nQlrOrX/8+79CZpb++QH17wRbc0gG46S1XXWm0Z1OTWYdXlA/QCVlpc7SvAMk0hAIHSCVS7sKpf/9dlAGgQgAAEIAABCEAAAhCAAAQgAAEIVBcBXQ5AlwWo5ha6sKph6UWqJo4f43Jra+/JSM2Iqvr7zAJXl3/n1GyG6kOPPCN/fPRZOee0z7iZrjQIQKB8AtUurFIGoPw5wAjG6lorAAAgAElEQVQQgAAEIAABCEAAAhCAAAQgAIFKEKiFRaxCF1a1kDp/4VKZsuUE12c6G1W30SOHZX2oywPMU31+ftmZ2d9lsliPOWI/N4uVBgEIlE+g2oXVpqa4JBri5YNgBAhAAAIQgAAEIAABCEAAAhCAAARCJZBUNVa1uFrNLXRhNVMK4MRjD5U9d50mX/3ONaqOapf87NIzs1mrmT652amZLNYLz/pcNtu1msFjOwSiQKDahdXmQaq+ajwWBZTYAAEIQAACEIAABCAAAQhAAAIQgIAPAum0qrPaUd11VkMXVvWiVHoBq5OVsKrLAfxWLVC1fMVqOePkI7PodRbrJVfd5gquU7ecqLJaV8vylWtkp2lb5vXz4Su6QgACBQhUu7A6qKVBVJlVGgQgAAEIQAACEIAABCAAAQhAAAJVRkDXV9V1Vqu5hS6smsLSdVh1XdVXZr0tIzcc5i50dfghe+TVYjUdi34QgEBhAtUurLYMbsC1EIAABCAAAQhAAAIQgAAEIAABCFQpgfa2ZJVa3mN26MKqFky1WHrg3jNckfTl/85RGatrVN3UGVUNEuMhUI0EEFar0WvYDAEIQAACEIAABCAAAQhAAAIQqA0CCKsefjz17KtkyhYT5NwzjnF76oWp3pw7XzI1VvXnut101dl5I2UEWL1oVYsSYHVJgJ1U1mruIle1MYU4CghUjgDCauXYs2cIQAACEIAABCAAAQhAAAIQgEC9E0BYNRBWJ47bSC48+wS3pxZMdZbqQfvsnJOxutr9OdMyi1f1HbplULMcc+T+7qJXNAhAoHwCCKvlM2QECEAAAhCAAAQgAAEIQAACEIAABEojgLDqwe26mx90X/2/8KzPuYtVeTVdV/WPjz4rE5QYq2uq6tqqejGr2W/Pk3sefNxd0Mp0LK998TkE6p0Awmq9zwCOHwIQgAAEIAABCEAAAhCAAAQgUDkCCKse7PWr/FfecK/obNNzT//MgOJqW3unnH/pTe6r/99TGa66Bmtuy4y107Qt5YyTj6yc19kzBGqEAMJqjTiSw4AABCAAAQhAAAIQgAAEIAABCFQhAYRVA6fNfH6W3Prbv7o9R204TNVJHZ631U7bbemWAsgIp584eHc3W7VQO08JrytWrulXk9XADLpAAAJ9CCCsMiUgAAEIQAACEIAABCAAAQhAAAIQqBQBhFVD8lo0feyfL7plAfq2zOJW+pX/K66/R04+9lCZOnliwZF1qQBdo1VntNIgAIHyCCCslsePrSEAAQhAAAIQgAAEIAABCEAAApUmkE6npTuZkmQqJelUWlLqZ90S8bjEE3FpSCSksSEhcfVz1BrCatQ8gj0QgIAxAYRVY1R0hAAEIAABCEAAAhCAAAQgAAEIRIqAFlQ7OrukqztpZFdTY4MMam6KlMCKsGrkOjpBAAJRJICwGkWvYBMEIAABCEAAAhCAAAQgAAEIQGBgAt1KTG3r6BTHcXyhisViMlitg9SoRNYoNITVKHgBGyAAgZIIIKyWhI2NIAABCEAAAhCAAAQgAAEIQAACFSOgM1Tb2jvK2v/glkGiM1gr3RBWK+0B9g8BCJRMAGG1ZHRsCAEIQAACEIAABCAAAQhAAAIQCJ2AzlRdV6aomjF6AyWuVjpzFWE19CnEDiEAAVsEEFZtkWQcCEAAAhCAAAQgAAEIQAACEIBAsAR0TdXWde2+X/8vZpUuCzBsyGDR/1aqIaxWijz7hQAEyiaAsFo2QgaAAAQgAAEIQAACEIAABCAAAQiEQkC//m+6UJWpQbocgC4LUKmGsFop8uwXAhAomwDCatkIGQACEIAABCAAAQhAAAIQgAAEIBA4AZ2tumZtWyD70Vmr8Xg8kLG9BkVY9SLE5xCAQGQJIKxG1jUYBgEIQAACEIAABCAAAQhAAAIQyBLo7OqW9o7OQIi0DGqW5qbGQMb2GrT6hdWfb+C4B9nz3/Ut52dHVK2FAT4vuH2RMd2xMs3vmOXa1Hd/vTZGyiZlY549Hr4JxHcF/DIgI582ljSf/NpUxNdW57gNm3INahkq8TGbSWyjTSW+8SRJbLWrJLbdW2ItQ7zOQyV/jrBaMjo2hAAEIAABCEAAAhCAAAQgAAEIhEZAL1ilF64KoukFrPRCVpVoCKvFRNIiYlukREyE1R7vGQjcCKsWOBUSe73OWokGiU/eRRp22F8S6iu+6XYSs5iej7Dq5QA+hwAEIAABCEAAAhCAAAQgAAEIVJ5AqyoDkFLlAIJoCaUzDFXlACrREFYRVrPzLpBMTEPhM2/y287s7ZtF6zMbtK94GwgnL3HYg2PFbPJx1optNFGajv6WNHz4SGviKsKqDwfQFQIQgAAEIAABCEAAAhCAAAQgUCECq9asDXTPI4YF97bsQIYjrCKsIqz6FH8rJmLaLndhuxSA4SkyvvmO0vSZb0vDdvsablG8G8Jq2QgZAAIQgAAEIAABCEAAAhCAAAQgEDgBhNXAEZe0g5hDjdX8mqZemY9hi3M+RUt3FpCx2r+8gQfHiom9JYWt2mjIhjLozBulYdrepY7gboewWhY+NoYABCAAAQhAAAIQgAAEIAABCIRCgFIAoWD2vROEVa/X3H0IrYGIcwirPZPaRnZo2KK419zxHa59NojFpem4C6XpsC+XPBLCasno2BACEIAABCAAAQhAAAIQgAAEIBAaARavCg21rx0hrCKssniVq9vGjDjkRZcNsddXuBborBa3arnwT5LYYqeSRkJYLQkbG0EAAhCAAAQgAAEIQAACEIAABEIl0NnVLe0dnYHss2VQszQ3NQYytteg1FjNEDJc0GjA1eW9Mvxsv+KubUdYNRIUB/RbL0cv0XH9VKmQiFlrGau9QGOjJkjLRX+W+IgxXuerfp8jrPpGxgYQgAAEIAABCEAAAhCAAAQgAIHQCaTTaVmzti2Q/Q4bMlji8XggY3sNirCKsJqdI4FkPfoULV1jbAvQXuKzTxsD4eQlynvYWDGbvM4whp8ntt5DBn3rdxKLJwy36OmGsOoLF50hAAEIQAACEIAABCAAAQhAAAIVI9DW3iFd3Umr+29qbJDBLYOsjulnMITVDK1yM1aHbdojCK55fz3/oDMMe8W2SGXR9hUxfYqWLjyE1dpfvKrAWar59BukcfdP+jl/Iaz6okVnCEAAAhCAAAQgAAEIQAACEIBA5QjorNXWde3iOIVEOP92xWIx0dmq+t9KNYTVcoXViXtJ/LAbRIZv1jPS6vck/efTROY9PeAr6lYyDBFWe5h7ZXuSsWqHk53zXtFzXWzUeBn845kSazL/SxMZq5W6dLBfCEAAAhCAAAQgAAEIQAACEICAfwLdKmNVL2Rlo22gMlUbVcZqJRvCajnC6tBNJX7i0+K89bA4L17vCnyxXU6X2FYfk/QteymRNSd7tY8AiLCaM+2DzuxFWK0KYVUb2XTsd6XpY2cYnxMRVo1R0RECEIAABCAAAQhAAAIQgAAEIBAJArocgC4LUE7Tr//rMgCVbgirZQirsUNvkJjKVE3/9qN5wlX8uD+LozJXnYdV5mpus/2Ke69YSymAPmHkd7X7Xo7FfOX+3rbvvMRew9IU66dvhRbUsnwGi285XQZf9BfjURFWjVHREQIQgAAEIAABCEAAAhCAAAQgEBkCOnO1raPTd1kA/dr/4EHNFc9UzYBEWDUVVpuHi8w4XUTXUlWv+Tuz7pL4MUpAnfeUODMvzxNWY3t+S2Kb7i3puz4qse0/KzJxTzd71XlelQzoXN2r01kQwhBW87hnzw4Iq8Zc+orJvkT6gE7Hg3/6osRVWQCThrBqQok+EIAABCAAAQhAAAIQgAAEIACB6BHQNVc7OruMF7TSGaotSlStZE3VvhQRVk2EVSWqxk6YqXoqMXTJayKTP9bz6r8WW1Vz/tKbmdor6MU/ebc4natEOlb3CKvvq3qrG2+vOjqSvlmVCFDiKqUAcqYipQC868T2iuh9hdD109eCUF9KFm0A5+XmU38qjfscazQywqoRJjpBAAIQgAAEIAABCEAAAhCAAAQiS0ALrN3JlCRTKUmn0pJSP+uWiMclnohLQyIhjQ0Jiaufo9YQVk2EVZWpGtv5DHFu20MJpmskNu2zElMLVukSAPFjVdbq4+cpoVVlo2ZqrB7wQ0nfrT7TJQHUQlbOa3e6Imz8pJkqa/V6cV5QX1qkNVh0qZiQlv29XzEsbBHTQxB0jyNsm3y+Zt/XRiu++3/27gXMiurO9/6/m75ylasJ0GqkhYzgCChJgHiLl5CZV2HOzABmnjjCeZhEMJcnwDEeHHx15NW8QN5oBCdhHnDMcyJN5jwDchJRMd4CTIIomYATEIjSQBLuNND3y7v+hdXubnb3rqpdVbt21beecYDeq9Za9Vm1drp/vfYqt+MWBaeAH15l39NFk/9Wyr72A0fvlQSrjpgohAACCCCAAAIIIIAAAggggAACAQgQrDoIVgsm/U+REWaV6nOTLwSiFZ+3tgFofarCPKjq/5ICE6Taq1et1aivfkfaDr4lhV/bZQWs1opVc1jB6t7/I22/fJxgNfVmJljNHLInKFgt/PRE6bno3x293RGsOmKiEAIIIIAAAggggAACCCCAAAIIBCBAsOogWJXB15itALZK29b/50Jg+oXvml0BCqT1WbN36hDzEf8BV4lccuWFmk4dEDn5vrVlQOG9un2A+fj/5gesPVcLPv8/pfWZMRf2W2XF6se3M8EqwWrKm1vBJ0ZIr6U6dzIfBKuZjSiBAAIIIIAAAggggAACCCCAAALBCBCsOglWtUylWZl6iwlUP3p4VeurC6Xw1v/XrF69If3ImAC2dfP/kMLbl1orXKXmoLS+8oDI+z+zyhOsprARrBKsps6i8j7S+0fmlxMODoJVB0gUQQABBBBAAAEEEEAAAQQQQACBQAQIVp0Eq/qQqtFfNh/3v6R9EApM0KoPs2p98WsXHmh1IS29cJhVrIV/8c/WF/Sj/+2HeZhV229/wsOrXOwt60sAnWk/09Sx6+p+SOlzKH1yuQ9szvoUxNsSwWoQqtSJAAIIIIAAAggggAACCCCAAAI+CxCsdhWk2WGbbgNg9lMV89Aq/Qh/+2FWobb++90i+y6sQLWO1DDsqr+Uwr96XqT6wv6q1qGrXUv7SutPzH6tR3dlXqWYKYD8qE0rVOvqOjLVEXRg2NnF5b9DCQyj2KcEB6tsBeDzuzzVIYAAAggggAACCCCAAAIIIIBAIAIEq10Fkh+FbQVTTThqjrYNJkRNWflYuKBGWteaB1OlBqepYZg+4Opu84CrlIdX6fmFf32hvpb/bVbAugg9L3QizT2QaTWmizYCCTFdhpadrzOQPrkMLXPSJ5d9DMUpXZ8CeFvi4VUBoFIlAggggAACCCCAAAIIIIAAAgj4LkCwapN2EWQVzD97IVTdZz7S70OwKrqS1YSrLU+Y7QVchJ4Eqyn3vge3blf1ugx/cxZi5nov2pCC1aJJfy1l961w9GbHHquOmCiEAAIIIIAAAggggAACCCCAAAIBCBCsOglW1+nK1Lf8CVYvMytZv/xzgtXUmznXgSHB6oXRcLv6OYA3JK2y9N4npPjWex3VTrCamelPx05nLkQJBBBAAAEEEEAAAQQQQAABBGImcOngj5+VFNSlEawSrLbfW4GsxHQZWtoB38fDYvaP9bBCtcOEyRQYuuxjIE6ZrjFDH3PWpwDemXo++a4UDviko5oJVh0xUQgBBBBAAAEEEEAAAQQQQAABBAIQIFglWCVYJVi9cA9kCqBD2AqgcMQ46fl/v+j4rY5g1TEVBRFAAAEEEEAAAQQQQAABBBBAwGcBgtVMwer9h8z+qhulbdf/+ih4unBC4cwXpe0XD0jb0f/8eEhSgqeCIX8uBbd+V9peNWX+9FEZ83rBn/+dFIy8U1r+v8uyX4npJQwL+2P3LkNLO+D7eFhYsdp+g4U9dk5W0fr8hlQy8x+l5C/nOa6VYNUxFQURQAABBBBAAAEEEEAAAQQQQMBnAYLVDMGqjDZB6C3fNRs/modN+XE0nJG2zd+R1t/+hGC1K/uUQC+Uj7i7DH9D6VMXD1PrcAuG7RTwitWCAUOl59KtUlBS5nimEaw6pqIgAggggAACCCCAAAIIIIAAAgj4LECwmilYTQV3+1HpoFcYfhQIdvvE+0yrDoMO51yGlhZ30H1yGVrmpE8u+5izsNfHN6TSuc9I8cS/clUjwaorLgojgAACCCCAAAIIIIAAAggggICPAgSrBKvtt1Mg4RzB6gXfNAG3q0A8g2MgY5cplPfxjajH6Buk/Ds/dV0jwaprMk5AAAEEEEAAAQQQQAABBBBAAAGfBAhWCVYJVl2GvzkLMYNeAe12RbZPb0IFA4dJ+SObpLDfYNc1Eqy6JuMEBBBAAAEEEEAAAQQQQAABBBDwSYBglWCVYJVg9cI9kItgtUeRlD/8M+nxqWs9vaURrHpi4yQEEEAAAQQQQAABBBBAAAEEEPBBgGCVYJVglWA1Z8Fq6X9fLsU3/53ntzKCVc90nIgAAggggAACCCCAAAIIIIAAAlkKEKwSrBKsEqyGH6z27i9l9/9IiszeqtkcBKvZ6HEuAggggAACCCCAAAIIIIAAAghkI0CwSrBKsEqwGmqwWmg+9l/29X+RwsEV2bx3WecSrGZNSAUIIIAAAggggAACCCCAAAIIIOBRgGCVYJVglWA1lGC1YFCFlPz1/5CiSf9NCgp7eHzL6ngawaovjFSCAAIIIIAAAggggAACCCCAAAIeBAhWCVYJVglWAw1WC0d+Voo+N01Kbp/l4S2q+1MIVn0npUIEEEAAAQQQQAABBBBAAAEEEHAoQLBKsEqwSrDqT7Ba3kcKh1wuBYMvk8JLr5AeV02QHlffIAXlvR2+HbkvRrDq3owzEEAAAQQQQAABBBBAAAEEEEDAH4H8D1bb2tr8oaAWBBDINwGC1XwbMfqLAAIIIIAAAggggAACCCCAQHwECFbjM5ZcCQKJEyBYTdyQc8EIIIAAAggggAACCCCAAAIIREaAYDUyQ0FHEEDArQDBqlsxyiOAAAIIIIAAAggggAACCCCAgF8CBKt+SVIPAgiELkCwGjo5DSKAAAIIIIAAAggggAACCCCAwEcCBKvcCgggkLcCBKt5O3R0HAEEEEAAAQQQQAABBBBAAIG8FyBYzfsh5AIQSK4AwWpyx54rRwABBBBAAAEEEEAAAQQQQCDXAgSruR4B2kcAAc8CBKue6TgRAQQQQAABBBBAAAEEEEAAAQSyFCBYzRKQ0xFAIHcCBKu5s6dlBBBAAAEEEEAAAQQQQAABBJIuQLCaxR1QW9cgG1/eKlt+vVvq6husmsrLSmXyZ0bLnXdMkp7lpVnUzqkIIJBJgGA1kxCvI4AAAggggAACCCCAAAIIIIBAUAIEq1nIrn5+k2x7e7cMHzpYeppAVY9aE7AeOnJMJl4/WmbfPSWL2jkVAQQyCRCsZhLidQQQQAABBBBAAAEEEEAAAQQQCEqAYDUL2Tnzl1uh6sPz7+lQyyPLn7PC1VXL52dRO6cigEAmAYLVTEK8jgACCCCAAAIIIIAAAggggAACQQkQrGYhu2L1epn0mTEybkxlh1re3bVPtv56l8ybPS2L2jkVAQQyCRCsZhLidQQQQAABBBBAAAEEEEAAAQQQCEqAYDUoWepFAIHABQhWAyemAQQQQAABBBBAAAEEEEAAAQQQ6EKAYNXFrVF9+Kjs3L3fxRkfFx07eoRUDBvi6VxOQgCB9AIEq9wZCCCAAAIIIIAAAggggAACCCCQKwGCVQfytXUNsnLNBtmzv9pB6a6LjBpRIXNnTZWe5RcedMWBAALZCRCsZufH2QgggAACCCCAAAIIIIAAAggg4F2AYDWDnYaqy1ZWSbV5GJWuOh17zVUyqH9fV+LHT9XIzt++b612rTAPu1owdwbhqitBCiOQXoBgNfs7o7m5RerqG0X/bDL/tbW1ZV8pNSAQc4GCggIpLuohRea/8rIS688oHczrKI0GfckXAeZ1vowU/UTAuQDz2rkVJRHIF4EozmuC1Qx3zwsvbZWNL2+TidePltl3T8nqXlv9/CbZ9vZuufOOiXLXFydlVRcnI4CACMGq97tAg5ez5+qkuaXVCoZKSoqsoEj/h4oDAQS6F9BfQOgvIhobm61fTBT1KJQ+vctzHrAyr7lzEfAuwLz2bseZCERVgHkd1ZGhXwh4F4jivCZYzTCeDzy2Surq6uWpJV/3PvIpZ86Zv1wGmhWvTzw0x5f6qASBJAsQrHobfQ2Czp2vl969yqxQlQMBBLITiMKcikIfslPkbASiJRCFORWFPkRrVOgNAtkJRGFORaEP2SlyNgLREojCnCJYzXBPaBA68srhsnDeDKvk8ZM11p+DBnTcDmDpiiprpdeCudO7rVHL7T1wSFYtnx+tu5HeIJCHAgSr7gdN/4fn7LlaGXBJn5yvrnPfe85AILoCulr05OmzZuVqz9B/YcG8ju59Qc/yW4B5nd/jR+8RSCfAvOa+QCB+Armc16pJsOoyWNVg9ITZM7XzitNvLPqBVVO6la179lXLqMoK6/W161+zHoL18Px74nc3c0UIhCxAsOoOXP8H59SZ89K/Xy9CVXd0lEbAkUAu5lgu2nSEQSEEYiKQizmWizZjMlxcBgKOBHIxx3LRpiMMCiEQE4FczjGCVZfB6orV662HUD2+aE6HVatdrWTVUHXZM+vk3plTZPKE0TG5ZbkMBKIhQLDqbhxOnT4nZeaj/3z8350bpRFwI6APvWxoaJL+l/R2c5rnssxrz3SciIBjAea1YyoKIuBKoMXs9d/U3Cz6Z2trW1YPUdVPjxYWFkgPs+95cVGR9Wd3B/Pa1VBRGAHHAkma1zYKwarLYHXL9t3y7NpNMmpEhcydNVV6lpdeVIOGrPr1EyfPyAvmwVc7d+2zys+YerMMHNBP9E2881YCju9SCiKAQLsAwarzm8H+Dd7ggR23MXFeAyURQMCpwLETNaGsDGdeOx0RyiGQvQDzOntDakDAFmhpbZV6sz2VBjBBHRqslpWWdBuwMq+D0qfeJAokbV6njjHBqstgVYuvfn6TbHt7t/UQqnHXVJoQtcyq5dYbxluB6oVtAS48WbuuvqFDC+VlF4LYp5bcn8S5xjUj4KsAwapzzrPn6qx9oPWBVRwIIBCsgM43Pfr0Lg+0IeZ1oLxUjkAHAeY1NwQC/gg0ma2p6sxCo7AO/fm7uLhH2uaY12GNAu3EXSCJ8zp1TAlWM9zhnR9eZRd/4aWtsvnNHSY4bWyvYcF90629VO1VrfqC/bXqw0dl6coqqzzbAsT9bYXrC0uAYNW59EmzDYCGqiXFRc5PoiQCCHgSaGxqlnPn681D4oLdDoB57Wl4OAkBTwLMa09snIRAB4Em87+PqT8/h8Wj22AVp/kemHkd1gjQTpwFkjqvCVZd3NVdBat2FRqY6kf7daVqxbAh7TXreWNHj5B5s6e1f81e6br421/pUNZFdyiKAAIpAgSrzm+Ho8fPyJBB/ZyfQEkEEPAs0NbWJvrxwqDnHPPa8xBxIgKuBZjXrsk4AYEOAs0tLVJbG95K1c78vXqWXbQtAPOamxSB7ASSPK8JVl3cOxqQVgwdLIvn3+PiLJF05y1dUSV7Dxy66MFXriqmMAIItAsQrDq/Gf507LRcOvgS5ydQEgEEshIIY86F0UZWCJyMQMwEwphzYbQRs2HhcvJE4HxtfaB7qmZi0D1XNVztfIQx58JoI9P18zoCQQgkeV4TrLq4o1asXi87d+8XN6tM7QBVm7ntxvEybsxVsmd/tej2AXrog6wWzJ3uohcURQCBdAIEq87vC76hc25FSQT8EAhjzoXRhh8W1IFAXATCmHNhtBGX8eA68kdAH1KlAUyuj3SrVsOYc2G0kWtb2k+eQNLnNcGqi3t+z75qWfbMOtFNrxeaMDT14/5dVaPB6sAB/aT6yFE5dORYe7HhZuVrxdAhcuLkGVk4b4aLXlAUAQQIVrO7B/iGLjs/zkbArUAYcy6MNtxeN+URiLNAGHMujDbiPEZcWzQF6hsapbGxOeedKykplrLS4g79CGPOhdFGznHpQOIEkj6vCVZd3vKpD6Ma2L+vDDKhabrjzjsmWg+vSj10lerGl7fJxOtHy+y7p7hsmeIIINCdACtWnd8ffEPn3IqSCPghEMacC6MNPyyoA4G4CIQx58JoIy7jwXXkj8C583XS2tqW8w4XFhZaD3NNPcKYc2G0kXNcOpA4gaTPa4JVD7e8rlzd/OYOa1uAro5bbxgvM6fd0uFlfbjV02s2yOyZUy4KXT10g1MQQCBFgGDV+e3AN3TOrSiJgB8CYcy5MNrww4I6EIiLQBhzLow24jIeXEf+CJw9VyvmuY45PwoKRPr07kmwmvORoANxEEj6vCZYjcNdzDUggIAQrDq/CfhBzbkVJRHwQyCMORdGG35YUAcCcREIY86F0UZcxoPryB+BmrO1kels3z4Eq5EZDDqS1wJJn9cEq3l9+9J5BBCwBQhWnd8L/KDm3IqSCPghEMacC6MNPyyoA4G4CIQx58JoIy7jwXXkj0DSAxjmdf7cq/TUuUDS5zXBqvN7hZIIIBBhAYJV54PDN3TOrSiJgB8CYcy5MNrww4I6EIiLQBhzLow24jIeXEf+CCQ9gGFe58+9Sk+dCyR9XhOsOr9XKIkAAhEWIFh1Pjh8Q+fcipII+CEQxpwLow0/LKgDgbgIhDHnwmgjLuPBdeSPQNIDGOZ1/tyr9NS5QNLnNcGq83uFkgggEGEBglXng+PkG7r/fO+AnDpz1qr06PHTMmTQJe0N3DTxWueNuSz54aE/ye49H8iQgZfI9WNHuTz7QvFjJ87Ie3s/kHT9fGPbb2SwqfvqkZd3W7fWocfggf089YGTEEgVcDLnshULo41s+8j5CMRJIIw5F2Qb1UeOycaXtsrxUzXtw3LXHRNl7NdsRz8AACAASURBVJjKbodpzvzlsmr5fE9DuXX7busBvgP79/V0PifFQyDpAYybeb3x5W2ydfsuGTign9TWNchlQwfL9Km3SM/y0tBvhr37D1ltjhwx/KK2U/uZ+uKC+6b70k+tX487zXtUlI5076MzzfikM+rc76hek1ffpM/rVLe62mavjJE4r6DNHJHoCZ1AAIHQBQhWnZO7+YZOa/3pxjfkb++8yXkDWZTUtqZNmSzFxUWea+kuWHVa6Xt7P7SKZgpgndZHuWQLuJ1zXrTCaMNLvzgHgbgKhDHngmzjwSWrZO6saVJhgho9NLR59a13MgYX2QSry55ZJ3fdMclR6BDX+4brEkl6AON0Xq974XWpra3vEKR2F24GfW91FwQGHRIGXb8XuxPml1LLVlbJrJlfan9P06+tWLNBnISrUbwmLw72OUmf16l2BKvZ3EmciwACORUgWHXO7/QbOrvG1GD1/QOH5UzNuQ6rSX/+6q/k5klj5YPqP1qvNTY1W/+VmHB00vWjrZC0yfz7N7v3yynzuh4jrxwulw+/tL3Tp2vOm9f3ta+OvaLiE9brunL2T8dPWeX69+0t144eYdWnwWdxUZG8//tD0r9fb5lo2rEPDVZ3mrp69yyz+nHefFOq/dPf7qcGprp6VdvRfmsZ/bsGqdrmoT8cs6rrZerQla+6knbvgQu/qdfrmjD20zlZLeB8lCkZJQG3c85L38Now0u/OAeBuAqEMeeCbEMD0icfu7/L/y3TH/rf3bXPGr5Pm1Wm0++62fp7arDaVZmd5rwXzPn6v7sa2M6aOUWqNrwmBw8dlUHmkyCp9cX1/uC6uhZIegDjZF7rvPnmQ093OUc1YH3h5a1irwhN/bf+Xb8PPnj4qDXnnlpyv+gvNS4bNkReeWOHLJ5/j5w4eaZ9jupIzb13qjVfdU6Xl5Va52sf9Gvahoa87/72fWtQdfVs55WomUJXu05td9KEMVJX3yC/21ctdXX1MsOs8NSV8lpHtelzrXnNbju1X9q2rljVVaJr1m5qf3+xV9qvNIGm1jNpwoWfCezg8/FFcyT1PSn1erUufW/Sw36v0l826d9XPrvhQj2mz7fecJ3cduP4Dje1muh1dV5Fq23p6vy5s6aKPRbHzc8mel1a14K5M6xV+7aZ1nHoyFG517xP2of+4ssuly/vJUmf16njRLCaL3ct/UQAgYsECFad3xROvqFLrS01WNWA9JU3d8jtN15nBZwaYn5ogkn92L6GlsdOnG7/CH5qCPv2zj1yuQku7Y/Wa6iZLpxMbUvDzCN/PN4emqaGonZbdnCb2l/t0/adv2vvY2o/OgerQy8dJFddOcwKfvW60gWwWnfqSloNgXuZbzSzWVXrfLQoGQcBt3POyzWH0YaXfnEOAnEVCGPOBdmG/dFdDQw0cEn96KqGAhpK2IGBltUgQAMLO1jtqox+1P+RZc/JEw/NaQ8+NETR81mxGtfZ4O66kh7AOJnXnYPTzsKZgtWnV6+Xhxfc077ths7beSbo0+BR57YGk6mhrG43oMGeHW5qKKhHaliZKTx9wWwtknroe4G2kVqnHRhrmKpBpYaQm81Kebvcnv3V7f3a/OY77YFjatupq+21vn/63nPyj9++x5Q91iFstt+3tB9dXe+j3/ux1Z79SyB9j1r87a9Yfdb3LfsXSurd+eP9Xb2faZ++89gqK9DW89asfdHqn7aR7ppuvWF8+zVoGT3HHg93Myu3pZM+rwlWc3v/0ToCCPgkQLDqHNLJN3RdBav6dV3R2a9vL2tF6ba3d0vlp4ZbgWnnj89rWKmrWaeaj/Zv2LTFWj2aemiI2XkP09RgVevWNoZ+YpB1WupH/Lv7qH7nrQC6Ok/D3atHXtEh7LX/3bl+LdurvMz0ZaC1RyuhqvP7jZIibuecF7Mw2vDSL85BIK4CYcw5J23oD+FLzcdR7WOhWQ2lR+evpdvzTwOWPWbV2F4TZhw0ocRt5gd8DU81TLFXq9r13vXFSVbQagerXZXR1VcnT9e0BxKp499VEJHuGrS/2lbn9uN6PyXpupIewDid16krUjvfH5mC1c7npq4013DPXqVp15sagurXUn+pYv87U7Cael5qfzufp+8D9krU1OvoXC41oLRf02BYQ1INP+0j9X1Fg1INkPUXORrAaqCpvwRKd70a7j66/LmLpp7uIW0HovqLJ7Wxt0xx8n7WOVjtamVx6vXq6tfhnxzc/v57m1nA4mSf1ii9byR9XqeOBStWo3Rn0hcEEHAlQLDqnMvJN3SptXXeY1W/YXh9605rdecW8xtuXb2qR6Zg9S9u/WzGQDKqwapenwa0uiJXtw6wV7Y6V6dkkgXczjkvVmG04aVfnINAXAXCmHNhtGGPj72STEMFDU01YE33IKvUYDVdGQ1t3Aarcb1HuK70AkkPYJzM60xbAdgfYe9qK4BMwWpXc7RzuJn6bz+D1XT99iNY1RBVf1E0ckSFta2Xrjjt6j3J3lIgNaRNvWPtXzzpqlrdwsRevWqXcboVgJNg1d62QD/+r3u0dtWnKL+nJH1eE6xG+e6kbwgg4FiAYNUxlevVc+keXqWrSfXQ1aT2XqmZtgLoafYrtR8GpSFl59WqWp+brQC0fLqHS/mxYlW3D9CPAP351Vda15naX12xqytydAsBDgScCDj5IcpJPd2VCaONbPvI+QjESSCMORdUG/aDqvQjqPbTxTVkWLqiyvr4qoYTW83/ztvhh/7Qr4euAkvdCiBdGS3X1VYA3QW2cbo3uJbuBZIewDid15keXvWNRU+3b7mhoaT9Mfp02wikrljV+dx5jurXdFVmd8Fqd780cRO66grTroLVbLYCsN/LdKWq7gOrezvre1Z316tlUx8+ZX/kX98P9Vx7iwD7o/2pd3ZXD69KfaBVdyuLO5vp+6MeqfvE5tN7SdLndepYsWI1n+5c+ooAAh0ECFad3xBOv6Gza0wXrOrep9vNvqn6MX/70GA108OrjpoVn/ox+tQHUaX2vHNb3T28Ss8LKljVbQz0B0bdvmDcmKvk/QPVcs484EoP+6Fc583KXX3glv1wqzNm71UNYlO3SnA+KpSMs4DbOefFIow2vPSLcxCIq0AYcy7INuwHT9nBgY6TBhH2R17tPVg1oNBDPzarr3V+eJXuBdi5jAazum9i6sOr9FwNK1auWZ/24TdxvU+4rosFkh7AuJnXqfNQfyFymZlHd5ptOTT006Dz1bd2WPNpkPn3cROOamCZKVjVEdFVmPrxeD1X67UfANVdsGo/0Cn1IU/26HZ+v7C/bu+dqv+2txfoLljN5uFVdpsaSOvDoux9Yru7Xnvlr16THuPMVgPaz9T3MH3g1J13TGp/KFbqHa3nbzR7y6q9fcw075X2x/jdBKs6Jquf32T9cisfj6TP69QxI1jNxzuYPiOAgCVAsOr8RnDzDV1Xtabb47S7fU+d946SCMRPwI85l0kljDYy9YHXEUiSQBhzLow2kjRmXGs0BJIewDCv09+H3a16dXPn5utD8vy6fjdWfpZN+rwmWPXzbqIuBBDImQDBqnP6bL+h09Wcr7y546J9RglWnY8BJZMlkO2cc6IVRhtO+kEZBJIiEMacC6ONpIwX1xkdgaQHMMzr4IJVe1X844vmROeGd9ATXTH7T997TnSPVV2NnI9H0uc1wWo+3rX0GQEELhIgWHV+U/ANnXMrSiLgh0AYcy6MNvywoA4E4iIQxpwLo424jAfXkT8CSQ9gmNf5c6/SU+cCSZ/XBKvO7xVKIoBAhAUIVp0PDt/QObeiJAJ+CIQx58Joww8L6kAgLgJhzLkw2ojLeHAd+SNw9lyttLXlvr8FBQXSp3d5h46EMefCaCP3uvQgaQJJn9cEqz7d8bp823qCptnAXZeg66GbtE+aMMba6Nh+Sp1PzVENAgh0EiBYdX5L8A2dcytKIuCHQBhzLow2/LCgDgTiIhDGnAujjbiMB9eRPwLnzcNAW1pac97hHj0KpVfPMoLVnI8EHYiDQNLnNcGqD3exPr1u6cp1pqY2K0gdVVlh1bpnX7UVtIoUyMK506Vi2BAfWqMKBBBIJ0Cw6vy+4Ac151aURMAPgTDmXBht+GFBHQjERSCMORdGG3EZD64jfwQaGpukoaEp5x0uLS2W0pJigtWcjwQdiINA0uc1wWqWd7Edqo4dUykzp91irUzdYlau6jHZrFTVlaxr178mO3ftI1zN0prTEehOgGDV+f3BD2rOrSiJgB8CYcy5MNrww4I6EIiLQBhzLow24jIeXEf+CLS2tsm583U573DvXuVSWFhAsJrzkaADcRBI+rwmWM3yLl66osqqYeG8Ge01dfU13cdlgVm5yoEAAv4LEKw6N+UHNedWlETAD4Ew5lwYbfhhQR0IxEUgjDkXRhtxGQ+uI78E6szio6bmlpx1uri4SMrLSi5qP4w5F0YbOYOl4UQLJHleE6xmcesfP1kjDy5ZJQvum97+8X+tLl2wqtsCLHtmnTy+aI4MGtA3i1Y5FQEE0gkQrDq/L44ePy1DBl3i/ARKIoCAZ4E284SOYyfOBD7nmNeeh4gTEXAtwLx2TcYJCHQQ0Dl07ny9eYhV+E+x0sVOvXuVif6ZejCvuUkRyE4gyfOaYDWLe2fzmzvkhZe2ylNLvt6hFg1W6+obzNYAX2j/+sgRw+Ubi34gd31xktx243VZtMqpCCBAsJrdPXDy9DnrG8oS89t6DgQQCFagsanZ+uFxwCW9A22IeR0oL5Uj0EGAec0NgUD2Aq2trdb/PoZ96PfAhYWFFzXLvA57JGgvjgJJndcEq1nczRqq6krU1G0AtDoNVvceONSh5lXL51tf1wdbabjKgQAC/gqwYtW559lzddZv6fUbSw4EEAhWwF6R06d3eaANMa8D5aVyBDoIMK+5IRDwR0D3ZdSniYexclX3U+1ZrqFqx5Wq9pUwr/0ZU2pBIInzmmA1i/v+worVbWbF6v0datEHWulDq1IPDVR1xeoMs4pVH2rFgQAC/goQrDr3bDZ7Wp0+c14GDWRbEudqlETAm8DxEzVySb9eUlTUw1sFDs9iXjuEohgCPggwr31ApAoEUgQaGppEnyoe1FFaUiylpcXdVs+8DkqfepMqkKR5TbCaxV3e1R6r6apkj9UsoDkVAQcCBKsOkFKK6MeGddP+dBv3u6uJ0ggg0JWA/pK13vywGPQ2AHb7zGvuRQSCF2BeB29MC8kU0O1Wm8z2OU3NzaIr3rJZxaqfzNKVqcVFRaIPquq0nepFwMzrZN5zXHXwAkma17ZmXW1z8LABtlBg3nxD3/3a3k918fx7ur20R5Y/Jz3LSi/aNiBAD6pGIFECBKvuhltXt50yq1b7h7CSzl3PKI1APARyMcdy0WY8RourQMCZQC7mWC7adKZBKQTiIZCLOZaLNuMxWlwFAs4EcjnHCFadjVGHUrpq9dHl/2r2Tr1MZs2cYvZtKe3wuv72a83aTWYv1oOyeP7fy6ABfPTWAzOnIJBRgGA1I9FFBerqG0X3ZdTVdEF/TNl97zgDgfwV0G/mdPWo7qsa9qpw5nX+3jf0PNoCzOtojw+9Q8CLAPPaixrnIBBtgVzOa5UhWPV4f+ieqk+v2SB1JkSd/JnRUjF0iFVT9ZGjsuXXu6XchK33z5oqFcMufJ0DAQT8FyBY9WaqIYxu1t+rZ+lFvxjyViNnIZBsAf2F6vnaBuvhcGGHqrY88zrZ9yBX778A89p/U2pEINcCzOtcjwDtI+C/QCTmNVsBeB9YHcCt23fJu7/dJ3sPHLIqGnnlcBl3TaVMmjCGwMI7LWci4EiAYNURU9pC+lu9GrNytbWl1fwiqERKzF5UuoJV96fiQACB7gV0FyKdQ41mX7i6ukYp7FEofc1K1VyvAmdec+ci4F2Aee3djjMRiKoA8zqqI0O/EPAuEMV5zYpV7+PJmQggkGMBgtXsB0CDGF3p1mT+bDYPDgh/1+rsr4EaEAhbQH//UKQPxzC/jNAVqrkOVDtfP/M67DuC9uIgwLyOwyhyDQh0FGBec0cgED+BKM5rglWH99nmN3fInv2HrI/+ezl0a4BRIyrkthvHezmdcxBAII0AwSq3BQIIIIAAAggggAACCCCAAAII5EqAYDWDvH7cf9nKKjl+8oyMHXOVnDB/Hj9VI5MnjLbO1L1Wd+7eL3feMdH698aXt8nY0SPa91bdsn23DOrfVwYO6Cc7d71vHmTVTxbMncE2Abm642k3VgIEq7EaTi4GAQQQQAABBBBAAAEEEEAAgbwSIFjNMFxr178m7+7aJw/Pv8cKQ194aavs2VctC+fNaA9WH/3ej2WeeVCVHivMA60Wf/sr7cHq0hVVMqqyQu764iTRkPaR5c/JuDGVMnPaLXl1o9BZBKIoQLAaxVGhTwgggAACCCCAAAIIIIAAAggkQ4BgNcM4P/DYKrndfHz/thuvs0p2Dlb1a3PmL+9Qy6rl89v/nRqs6hd1S4HNb74jTzw0Jxl3GFeJQIACBKsB4lI1AggggAACCCCAAAIIIIAAAgh0K0CwmuEG0dB0wX3TrVWn6YLV4ydr5MElq2TG1Jut16s2vC6PL5pjPvLf1/p352BVV7sue2adpIav3KMIIOBNgGDVmxtnIYAAAggggAACCCCAAAIIIIBA9gIEq1kGq52D0s5BLMFq9jcpNSDQlQDBKvcGAggggAACCCCAAAIIIIAAAgjkSoBg1UGwOmPqLXLZsCFWyS3bd1kPrJo57Qvt/373t/vk/tnTrH8/vXq9jLum0jzcaoz177Xrf2Htt2r/+6A5t2rDa6xYzdUdT7uxEiBYjdVwcjEIIIAAAggggAACCCCAAAII5JUAwaqDYDWIEWUrgCBUqTNpAgSrSRtxrhcBBBBAAAEEEEAAAQQQQACB6AgQrEZnLOgJAgi4FCBYdQlGcQQQQAABBBBAAAEEEEAAAQQQ8E2AYNU3SipCAIGwBQhWwxanPQQQQAABBBBAAAEEEEAAAQQQsAUIVrkXEEAgbwUIVvN26Og4AggggAACCCCAAAIIIIAAAnkvQLCa90PIBSCQXAGC1eSOPVeOAAIIIIAAAggggAACCCCAQK4FCFZzPQK0jwACngUIVj3TcSICCCCAAAIIIIAAAggggAACCGQpQLCaJSCnI4BA7gQIVnNnT8sIIIAAAggggAACCCCAAAIIJF2AYDXpdwDXj0AeCxCs5vHg0XUEEEAAAQQQQAABBBBAAAEE8lyAYDXPB5DuI5BkAYLVJI8+144AAggggAACCCCAAAIIIIBAbgUIVnPrT+sIIJCFAMFqFnicigACCCCAAAIIIIAAAggggAACWQkQrGbFx8kIIJBLAYLVXOrTNgIIIIAAAggggAACCCCAAALJFiBYTfb4c/UI5LUAwWpeDx+dRwABBBBAAAEEEEAAAQQQQCCvBQhW83r46DwCyRYgWE32+HP1CCCAAAIIIIAAAggggAACCORSgGA1l/q0jQACWQkQrGbFx8kIIIAAAggggAACCCCAAAIIIJCFAMFqFnicigACuRUgWM2tP60jgAACCCCAAAIIIIAAAgggkGQBgtUkjz7XjkCeCxCs5vkA0n0EEEAAAQQQQAABBBBAAAEE8liAYDWPB4+uI5B0AYLVpN8BXD8CCCCAAAIIIIAAAggggAACuRMgWM3SvrauQbZu3y07d+2Tg4ePSl19g1XjqBEVMqqyQiZeP1oGDeibZSucjgAC6QQIVrkvEEAAAQQQQAABBBBAAAEEEEAgVwIEq1nIv/DSVtn85jtSXl5qBamXDRssFUOHyPFTNVJtQtZ3Tdh60vx90oTRMmPqLdLTlONAAAH/BAhW/bOkJgQQQAABBBBAAAEEEEAAAQQQcCdAsOrOyyqtq1TXrN0ke/YdlNtuvE7u+uIk62uHjhyzVq1eNmyIDOjf11qpquHq2vWvSS8Tqi6YO4Nw1YM3pyDQlQDBKvcGAggggAACCCCAAAIIIIAAAgjkSoBg1YP86uc3mY/+vy8LTVA6cEA/qdrwmrUdgB7lZSVmO4BG6++6inXG1JutMktXVkmB+RrhqgdwTkGgCwGCVW4NBBBAAAEEEEAAAQQQQAABBBDIlQDBqkv5LSZAfdasVl387a9YZy5duc4Ep32tVavjxlS216ZbAehK1b0HDsm9M6dYrz2y/DkrbJ199xSXrVIcAQTSCRCscl8ggAACCCCAAAIIIIAAAggggECuBAhWXco/8NgqmWz2TNUtAB41QWnF0MEy6+4vWbVsfHmr2Vv1mLXnqu6pqlsB2PuwLpw7XQ6arQI0lH180RweaOXSneIIEKxyDyCAAAIIIIAAAggggAACCCCAQJQECFZdjIbul7pyzQZ58rH7zUOrdoiuXn14/j3WvqlLV1RZD63S0HXPvmo5Yf6+OOW1goICsw3AdLGDWV3hyoEAAtkJsGI1Oz/ORgABBBBAAAEEEEAAAQQQQAAB7wIEqy7s9KP9+hH/hfNmWAHp7TeOt1au6oOrvvnQ07LgvukyqrKi/d9zZ021tgDQcx793o+tlaoayNp1uGiaogggkEaAYJXbAgEEEEAAAQQQQAABBBBAAAEEciVAsOpCXlelVgwbYu2n2l2Q2jlo1SbmzF9uBa+6qrXKBLRPLbnfRcsURQCBdAIEq9wXCCCAAAIIIIAAAggggAACCCCQKwGCVRfyGqzqilR9ANWyZ9Z12Ct1xer1smf/IZn8mdHy7m/3Wfus6jYB9vGNRT+wAtmKoUOsc1ctn++iZYoigADBKvcAAggggAACCCCAAAIIIIAAAghESYBg1cVoaLA6cEA/mTntlg4rVu0q9GP+Gqraq1p171X7sFesVh85aj3Q6qklX3fRMkURQIBglXsAAQQQQAABBBBAAAEEEEAAAQSiJECw6mI0NBDdaR5gpQ+lemT5c9bKVQ1ZMx36kKtn126yHnql+7TW1dXLvNnTMp3G6wggkEGArQC4RRBAAAEEEEAAAQQQQAABBBBAIFcCBKsu5FMfQrVnf7UVlt5mHmClq1RPmL1TOx/lZaUy7ppK2bOvWkaaEHb23VPE3hJAH3rFgQAC2QkQrGbnx9kIIIAAAggggAACCCCAAAIIIOBdgGDVpZ2uVNV9UjUk1b8fOnJMbr1hvIwbU3lRTRc+9r/NfL1NnnjoH0S3CtD/9O+p2wS47ALFEUDgIwGCVW4FBBBAAAEEEEAAAQQQQAABBBDIlQDBqkt5+2P9986cYoWpS1dWyYmTNdZDq8aNuUqGDx0surK12gSuGqK2mfrvnzXVamXpynXWCld9iBUHAghkL0Cwmr1hc3OL1NU3iv7ZZP5ra9N3LQ4EEOhOoKCgQIqLekiR+a+8rMT6M0oH8zpKo0Ff8kWAeZ0vI0U/EXAuEPV57fxKKIkAAlEWIFh1MToamGo4Wm4eSnXSfPRfw9XJE0aLhq0aourqVfsY0L+v9Zp+5P/EyTPWeWNNEKsrXTkQQMAfAYJV744avJw9VyfNLa1WMFRSUmQFRfoNKAcCCHQvoL+A0F9ENDY2W7+YKOpRKH16l+c8YGVec+ci4F2Aee3djjMRiKpAVOd1VL3oFwIIeBMgWHXoZoeq+hH+Jx6aIw88tsoKVzUsnTH1Fhk0oK9Vk+6nWjFsiPVR/9q6Bnn1rXfMdgBbZeL1o60HXbEFgENwiiHgQIBg1QFSmiIaBJ07Xy+9e5VZoSoHAghkJxCFORWFPmSnyNkIREsgCnMqCn2I1qjQGwSyE2BOZefH2QggkF6AYNXBnWGHqqNGDBd9aFXP8jITmtbLjGlfaF+pWmG2ANBAddCAftZrGrDqdgC6clU/+q+rVzkQQMBfAYJV9576DeXZc7Uy4JI+OV9d5773nIFAdAV0tejJ02fNytWeof/Cgnkd3fuCnuW3APM6v8eP3iOQTiCX85oRQQCBeAoQrGYYVztUtT/Gv2L1eitcXTh3hhWk6qFl3t21zwpT7UNfG1VZkfahVvG8lbgqBMIXIFh1Z67fSJ46c1769+tFqOqOjtIIOBLIxRzLRZuOMCiEQEwEcjHHctFmTIaLy0DAkQBzzBEThRBAwKEAwWoGKP3I/6gRFdbeqKuf3yQ7d73fIVR16EwxBBAIQIBg1R3qqdPnpMx89J+P/7tzozQCbgR0G6CGhibpf0lvN6d5Lsu89kzHiXkm0GL2BG9qbhb9s7W1LauHLep+4oWFBdLD7I9cXFRk/dndwbzOs5uF7uaNQJLmdd4MCh1FAAHXAgSrGci+segHMu6aq6xS7/6WUNX1HcYJCAQoQLDqHNf+zfzggRf2g+ZAAIHgBI6dqAllZTjzOrgxpOboCLS0tkq92cZGA5igDg1Wy0pLug1YmddB6VNvEgWSNq+TOMZcMwJJEiBYzTDaW7bvlqr1v5Bys6/q/bOmtn/8P0k3CdeKQFQFCFadj8zZc3WiK3T0gVUcCCAQrIDONz369C4PtCHmdaC8VB4BgSazhU2dWQUe1lFeVirFxT3SNse8DmsUaCfuAkmc13EfU64PgaQLEKwm/Q7g+hHIYwGCVeeDd9JsA6ChaklxkfOTKIkAAp4EGpua5dz5evOQuGC3A2BeexoeTsoTgSYzj/TBbGEful1OcZr/rWRehz0StBdHgaTO6ziOJdeEAAIfCxCscjcggEDeChCsOh+6o8fPyJBB/ZyfQEkEEPAs0NbWJvqx4aDnHPPa8xBxYsQFmltapLY2vJWqnTl69Sy7aFsA5nXEbxq6F3mBJM/ryA8OHUQAgawECFaz4uNkBBDIpQDBqnP9Px07LZcOvsT5CZREAIGsBMKYc2G0kRUCJyPgUeB8bX2ge6pm6pbuuarhaucjjDkXRhuZrp/XEQhCIMnzOghP6kQAgegIEKxGZyzoCQIIuBQgWHUOxg9qzq0oiYAfAmHMuTDa8MOCOhBwI6APqdIAJtdHulWrYcy5MNrItS3tJ08g6fM6eSPOFSOQLAGC7cSvgwAAIABJREFU1WSNN1eLQKwECFadDyc/qDm3oiQCfgiEMefCaMMPC+pAwI1AfUOjNDY2uzklkLIlJcVSVlrcoe4w5lwYbQQCRqUIdCOQ9HnNzYEAAvEWIFiN9/hydQjEWoBg1fnw8oOacytKIuCHQBhzLow2/LCgDgTcCJw7XyetrW1uTgmkbGFhofXQx9QjjDkXRhuBgFEpAt0IJH1ec3MggEC8BQhW4z2+XB0CsRYgWHU+vPyg5tyKkgj4IRDGnAujDT8sqAMBNwJnz9WKef5bzo+CApE+vXsSrOZ8JOhAHASSPq/jMIZcAwIIdC1AsMrdgQACeStAsOp86AhgnFtREgE/BMKYc2G04YcFdSDgRqDmbK2b4oGW7duHYDVQYCpPjEDS53ViBpoLRSChAgSrCR14LhuBOAgQrDofRQIY51aURMAPgTDmXBht+GFBHQi4EUh6AMO8dnO3UDZfBJI+r/NlnOgnAgh4EyBY9ebGWQggEAEBglXng8APas6tKImAHwJhzLkw2vDDgjoQcCOQ9ACGee3mbqFsvggkfV7nyzjRTwQQ8CZAsOrNjbMQQCACAgSrzgfByQ9q//neATl15qxV6dHjp2XIoEvaG7hp4rXOG3NZ8sNDf5Ldez6QIQMvkevHjnJ59oXix06ckff2fiDp+vnGtt/IYFP31SMv77ZurUOPwQP7eeoDJyGQKuBkzmUrFmQb1UeOycaXtsrxUzXt3bzrjokydkxlt92eM3+5rFo+39Olbd2+W0ZVVsjA/n09nc9J8RBIegDDvI7HfcxVdBRI+rzmfkAAgXgLEKzGe3y5OgRiLUCw6nx43f6g9tONb8jf3nmT8wayKKltTZsyWYqLizzX0l2w6rTS9/Z+aBXNFMA6rY9yyRZwO+e8aAXZxoNLVsncWdOkYuhgq2u1dQ3y6lvvyJ0mXO3uyCZYXfbMOrnrjkkycsRwLxycExOBpAcwzOuY3MhcRgeBpM9rbgcEEIi3AMFqvMeXq0Mg1gIEq86H1+0PaqnB6vsHDsuZmnMdVpP+/NVfyc2TxsoH1X+0Xmtsarb+KzHh6KTrR1shaZP5929275dT5nU9Rl45XC4ffml7p0/XnDev72tfHXtFxSes13Xl7J+On7LK9e/bW64dPcKqT4PP4qIief/3h6R/v94y0bRjHxqs7jR19e5ZZvXjfG291b+e5aXWeXpoYKqrV7Ud7beW0b/r17XNQ384ZpXrZerQla+6knbvgUPW1/S6Joz9tFUfBwJOBNzOOSd1di4TZBsakD752P1d3vMbX94m7+7aZ3Xp02aV6fS7brb+nhqsdlVmpznvBXO+zicNbGfNnCJVG16Tg4eOyiCzYjy1Pi8unJPfAkkPYJjX+X3/0vv0Akmf19wXCCAQbwGC1XiPL1eHQKwFCFadD6/bH9RSg1UNSF95c4fcfuN1VsCpIeaHJpjUj+1raHnsxOn2j+CnhrBv79wjl5vg0v5ovYaa6cLJ1LY0zDzyx+PtoWlqKGq3ZQe3qVevfdq+83ftfUztR+dgdeilg+SqK4dZwa9eV7oAVutOXUmrIXAvEwJls6rW+WhRMg4Cbuecl2sOsg0NRbdu3yW33nCdXDZsSIdVpPqR/RNmiwB79aqW1Y/vT5owuj1Y7aqMftT/kWXPyRMPzWkPVuvqG6zzWbHq5S6I3zlJD2CY1/G7p7kikaTPa+4BBBCItwDBarzHl6tDINYCBKvOh9ftD2qdtwLQFZ39+vayVpRue3u3VH5quBWYdv74vIaVupp1qvlo/4ZNW6zVo6mHhpid9zBNbUvr1jaGfmKQdVrqR/y7+6h+560AujpPw92rR17RIey1/925fi3bq7zM9GWgtUcroarz+42SIm7nnBczJ23s3X9Ilq6saq9+4dwZ1t87fy3dx+81PN2zr1r27q+Wg2bP1dtuGG+FpyvXbGhfrWpXfNcXJ1lBq71itasy5WWlcvJ0TfsK19Tr7ipYTXcN2l9tq3P7Xhw5J1oCSQ9gmNfM62jNSH96k/R57Y8itSCAQFQFCFajOjL0CwEEMgoQrGYkai/g5Ae11No6B6v6cd3Xt+60VnduMavYdPWqHpmC1b+49bMZA8moBqt6fRrQ6opc3TrAXtnqXJ2SSRZwO+e8WIXRht0vfQ/45kNPWw+m0tBUA9Z0D7JKDVbTldn85juug1UvNpyTvwJJD2CY1/l779LzrgWSPq+5NxBAIN4CBKtZjG/14aNmT7/9Vg36cIdMT8rNoilORQCBNAIEq85vC7c/qKV7eJWuJtVDV5Pae6Vm2gqgp9mv1H4YlIaUnVeran1utgLQ8ukeLuXHilXdPkA/kvznV19pXWdqf3XFrq600y0EOBBwIuB2zjmps3OZoNqwH1R1q1mhau8rXG1WrC5dUSVPLbnfbBGwW7aa94MF9023uqQrW/XQj/PbwWpXZbRcV1sBdBfYevHhnPwUSHoAw7zOz/uWXncvkPR5zf2BAALxFiBY9TC++gOHfvO/x3w0LvXQHyjmzZoqFWYvMg4EEAhegGDVubHbH9TSBau69+l2s2+qfszfPjRYzfTwqqNmxad+jD71QVSpPU+37UBXD6/S84IKVnUbAw2LdPuCcWOukvcPVMs584ArPeyHcp037//6wC374VZnzN6rGsSmbpXgfFQoGWcBt3POi0WQbdgPnrIfMKX904dM6S+S9bD3YB04oJ/17xlTb7Fe6/zwKt2ntXMZDV03v/VOh4dX6bka3q5cs94qb4e2Xlw4J78Fkh7AMK/z+/6l9+kFkj6vuS8QQCDeAgSrHsb3keXPyYmTZ0T3E5s0YYz1g8EW80NC1fpfmNoK2h/I4KFqTkEAARcCBKvOsfz4QS3dHqfd7XvqvHeURCB+An7MuUwqYbSRqQ+8joDfAkkPYJjXft9R1BcFgaTP6yiMAX1AAIHgBAhWXdpqgPrs2k0y16xMHTemssPZujXAo9/7sXmC7niZOe0WlzVTHAEE3AoQrDoXy/YHNV3N+cqbOy7aZ5Rg1fkYUDJZAtnOOSdaYbThpB+UQcBPgaQHMMxrP+8m6oqKQNLndVTGgX4ggEAwAgSrLl1XrF5vPRn3uw/NSXumvq4fZXuii9ddNkdxBBDoRoBg1fntwQ9qzq0oiYAfAmHMuTDa8MOCOhBwI5D0AIZ57eZuoWy+CCR9XufLONFPBBDwJkCw6tJNH9ygx8J5M9Ke+cJLW619x/SpuRwIIBCsAMGqc19+UHNuRUkE/BAIY86F0YYfFtSBgBuBpAcwzGs3dwtl80Ug6fM6X8aJfiKAgDcBglWXbplWpOrrx83TcR+ef4/LmimOAAJuBQhWnYvxg5pzK0oi4IdAGHMujDb8sKAOBNwInD1XK21tbs4IpmxBQYH06V3eofIw5lwYbQQjRq0IdC2Q9HnNvYEAAvEWIFh1Ob72Hqszpt4st914XYez9+yrlmXPrJM775hoPdiKAwEEghUgWHXuyw9qzq0oiYAfAmHMuTDa8MOCOhBwI3C+tl5aWlrdnBJI2R49CqVXzzKC1UB0qTRpAkmf10kbb64XgaQJEKx6GHHdDmDvgUNWeDpqRIVVw5791fLKGztk4IC+snDuDOlZXuqhZk5BAAE3AgSrzrUIYJxbURIBPwTCmHNhtOGHBXUg4EagobFJGhqa3JwSSNnS0mIpLSkmWA1El0qTJpD0eZ208eZ6EUiaAMGqhxHfbJ6MXbXh9YvOHHnlcJk3e5r19Z279skJsyWAHgP795WRJoAdZEJXDgQQ8E+AYNW5JQGMcytKIuCHQBhzLow2/LCgDgTcCLS2tsm583VuTgmkbO9e5VJYWNCh7jDmXBhtBAJGpQh0I5D0ec3NgQAC8RYgWHUxvtWHj8qKNRuswHSACUvHjam0VqbqqlX9s2LYENGtAqrWv2ZqbZOKoUOsrx88ckzq6hrk9puus7YJ4EAAAX8ECFadO/KDmnMrSiLgh0AYcy6MNvywoA4E3Aro981NzS1uT/OtfHFxkZSXlVxUXxhzLow2fIOiIgRcCCR5XrtgoigCCOShAMGqw0Gz91bVQHX2zCkyqvLCFgCpR+f9VzWI3bP/kNmLdby8a1awrnn+RZk0YYzMnHaLw1YphgAC3QkQrDq/P44ePy1DBl3i/ARKIoCAZ4E28+SdYyfOBD7nmNeeh4gTIy6gc+jc+XrzEKvwn2KlD63q3atM9M/Ug3kd8ZuG7kVeIMnzOvKDQwcRQCArAYJVB3wakD76vR/L8KGDu9w/9fjJGnlwySpJfajVitXrZefu/bJq+XyrFbueBfdNTxvMOugKRRBAIEWAYNX57XDy9DnrB8USswqHAwEEghVobGq2QqEBl/QOtCHmdaC8VJ5jgdbWVmsehX3o/1YWFhZe1CzzOuyRoL04CiR1XsdxLLkmBBD4WIBg1cHd8MBjq6xSD8+/p8uHUq01H//XVanffWhOe4215mNM+l/q3qqrn99ktgWob9+L1UHzFEEAgS4ECFad3xpnz9VZq2/0B0YOBBAIVsBeadend3mgDTGvA+Wl8ggI6L6M+jTxMFau6n6qPcs1VO24UtVmYF5H4IagC7EQSOK8jsXAcREIINClAMFqhpvD/nh/plWmS1dUWXus2h/z1/NeeGmrDB7QTxbMnd7eyoUtATbJU0vu57ZEAIEsBQhWnQM2m73qTp85L4MG8hA952qURMCbwPETNXJJv15SVNTDWwUOz2JeO4SiWN4LNDQ0iT5VPKijtKRYSkuLu62eeR2UPvUmVSBJ8zqpY8x1I5AUAYLVDCOtgWltfYO1WrW7Q8vpvqt3fXFSezENVje/ucOEqF9v/9qefdWy7Jl17dsDJOVG4zoRCEKAYNWdqn5sWB/Gke6BHO5qojQCCHQloJ9UqTchUNDbANjtM6+5F5MioNutNpltNpqam0VXvGWzilU/waErU4uLikQfVNVpO9WLSJnXSbnLuM6wBZI0r8O2pT0EEAhPgGA1g/Wc+cvl1hvGZ3zglAareiycN6O9xnRf07BVV7OmbhkQ3nDTEgLxEiBYdTeeurrtlFm12j+ElXTuekZpBOIhkIs5los24zFaXAUCzgRyMcdy0aYzDUohEA8B5lg8xpGrQCAqAgSrGUbiG4t+YPZI7Sfjrrmqy5LlZaXmtTap2vC6PPnY/e37sNrB6rzZ09q/9sjy56Ri6BCZffeUqNwD9AOBvBUgWHU/dHX1jaL7MupquqA/puy+d5yBQP4K6A9punpU91UNe1U48zp/7xt6Hm0B5nW0x4feIeBFIJfz2kt/OQcBBKIvQLCaYYwu7In6ougPLV0d+gPUEw/9g3znsR/JZcMubd9TVVembv31Lrntputk3JhKa8/VjS9vk8cXzenwQKvo3yb0EIFoChCsehsXfT/Th3D06lna5QP5vNXMWQgkU0A/Jny+tsF6OFzYoaotzrxO5r3HVQcnwLwOzpaaEciVQBTmda6unXYRQCA4AYJVH201hF25ZoNZkTrY2mt15IgKK7TQfVU3v/WO7DSv3ztzikyeMNrHVqkKgeQKEKx6H3v9bX2NWbna2tIq5eUlUmL2mNMVrLrvHAcCCHQvoHs76hxqNPs91tU1SmGPQulrVqrmehU485o7FwHvAsxr73aciUBUBaI6r6PqRb8QQMCbAMGqN7cuz9IQdfXaTXLyVE2HMrqCZdbdX7JWrnIggIA/AgSr2TtqEKMr3ZrMn83mgSD6EAEOBBDoXkB//1CkD70xv4zQ/33PdaDaubfMa+5gBNwLMK/dm3EGAlEXiPq8jrof/UMAAWcCBKvOnFyXqj58VPbsrxb9uMEos3J1VGWF6zo4AQEEuhcgWOUOQQABBBBAAAEEEEAAAQQQQACBXAkQrOZKnnYRQCBrAYLVrAmpAAEEEEAAAQQQQAABBBBAAAEEPAoQrHqE4zQEEMi9AMFq7seAHiCAAAIIIIAAAggggAACCCCQVAGC1aSOPNeNQAwECFZjMIhcAgIIIIAAAggggAACCCCAAAJ5KkCwmqcDR7cRQECEYJW7AAEEEEAAAQQQQAABBBBAAAEEciVAsJoredpFAIGsBQhWsyakAgQQQAABBBBAAAEEEEAAAQQQ8ChAsOoRjtMQQCD3AgSruR8DeoAAAggggAACCCCAAAIIIIBAUgUIVpM68lw3AjEQIFiNwSByCQgggAACCCCAAAIIIIAAAgjkqQDBap4OHN1GAAH2WOUeQAABBBBAAAEEEEAAAQQQQACB3AkQrObOnpYRQCBLAVasZgnI6QgggAACCCCAAAIIIIAAAggg4FmAYNUzHScigECuBQhWcz0CtI8AAggggAACCCCAAAIIIIBAcgUIVpM79lw5AnkvQLCa90PIBSCAAAIIIIAAAggggAACCCCQtwIEq3k7dHQcAQQIVrkHEEAAAQQQQAABBBBAAAEEEEAgVwIEq7mSp10EEMhagGA1a0IqQAABBBBAAAEEEEAAAQQQQAABjwIEqx7hOA0BBHIvQLCa+zGgBwgggAACCCCAAAIIIIAAAggkVYBgNakjz3UjEAMBgtUYDCKXgAACCCCAAAIIIIAAAggggECeChCs5unA0W0EEBAhWOUuQAABBBBAAAEEEEAAAQQQQACBXAkQrGYhX1vXIBtf3ip79lVL9ZFjVk0VQwfLqMoKufOOSdKzvDSL2jkVAQQyCRCsZhLidQQQQAABBBBAAAEEEEAAAQQQCEqAYNWj7Jbtu6Vq/WtSbsLTyRNGS8WwIVZNGrK+u2uf1JnQdca0W6zXOBBAIBgBgtVgXKkVAQQQQAABBBBAAAEEEEAAAQQyCxCsZja6qISGqs+u3WRWpU6Uu744SXTl6t791Va5kSMqrJWqL7y01axm3Sb3zpxCuOrBmFMQcCJAsOpEiTIIIIAAAggggAACCCCAAAIIIBCEAMGqS9XjJ2vkwSWrZMbUm+W2G6+T6sNHZenKdVJX32DVVF5WKgvnTrdWsGq4uvnNd2Tx/Htk0IC+LluiOAIIZBIgWM0kxOsIIIAAAggggAACCCCAAAIIIBCUAMGqS9nVz2+SPWZ16ncfmmOd+cBjq2SUWaU6++4p1r/1dV29+kTK6+PGVMpMsy0ABwII+CtAsOqvJ7UhgAACCCCAAAIIIIAAAggggIBzAYJV51btQertN45vX6366Pd+LI8vmtO+ItVe0br421+xVq1ufnOHtWrVDlpdNkdxBBDoRoBgldsDAQQQQAABBBBAAAEEEEAAAQRyJUCw6lJ+zvzlsuC+6TKqssLaW/WbDz0tc2dNFV2Vqoc+uGrlmg3y5GP3W3ut6sOslj2zTlYtn++yJYojgEAmAYLVTEK8jgACCCCAAAIIIIAAAggggAACQQkQrLqUTQ1W9dQVq9dL9ZFj1kOs9NB9VSuGDpZ5s6dZ/yZYdQlMcQRcCBCsZsb607HTmQtRAgEEEEAAAQQQQAABBBBAAIGYCVw6+JLAr4hg1SXxNxb9QGZM+4JMnjDaOnPt+tfk1bfe6VDLbWargBlTL+ypumX7bqla/wt5asnXXbZEcQQQyCRAsJpJiNcRQAABBBBAAAEEEEAAAQQQQCAoAYJVl7L6cKqTp2pkwdzpVqi6dfsua7Xq2DFXWTXt3PW+tWp10oQx1gOrlq6okoED+rU/3MplcxRHAIFuBAhWuT0QQAABBBBAAAEEEEAAAQQQQCBXAgSrLuWrDx8VfWDVjKk3S9WG1+XemVPaV6/aVekq1WfXbmovYz/IymVTFEcAgQwCBKvcIggggAACCCCAAAIIIIAAAgggkCsBglUP8vbH/8vLSrr8iL9uGVBX3yi33jDeWrnKgQAC/gsQrPpvSo0IIIAAAggggAACCCCAAAIIIOBMgGDVmdNFpXRLgG1v75ZRIypE91QdPnSIVebQkaOy+c13ZM/+apl4/Wi2APDoy2kIOBEgWHWiRBkEEEAAAQQQQAABBBBAAAEEEAhCgGA1C9U9+6qt/VT3HjjUoZaRVw639l0dVVmRRe2cigACmQQIVjMJ8ToCCCCAAAIIIIAAAggggAACCAQlQLDqQlaD1J7lpVIx7MLqVPuorWuQHb/ZY/3zumtHWWVSj+Mna+TEyTMErS6sKYqAEwGCVSdKlEEAAQQQQAABBBBAAAEEEEAAgSAECFYdqmp4+p3HVsllJlRdMHf6RWc9YF4rMF994qE5F722dEWVVB85Zr3WOXR12DzFEEAgjQDBKrcFAggggAACCCCAAAIIIIAAAgjkSoBgNYO8BqqHTCj67q73Zcuvd1kPpJo1c4oMGtBPRo4YLrqKVbcC0C0B9GFWt990vbXv6vChg6X68FE5capG1qzdZL02+TNjZNyYq6zXCFhzdcvTbpwECFbjNJpcCwIIIIAAAggggAACCGQS2H3sFdl97GU5VX9I6ppq5A/n/ivTKYl8/ZO9/0zKi/tK/7LhMnrwHea/23Pm0NRaJ/91/DX57dEX5Xjt7+V84yk533RSmlsbctanfGm4qLBUehUPkF4l/WVQz0/JNUO+JH826BYpLiyPzCUQrGYYim8s+oEVpmowqvumatC68eVtF5115x0TrbC0asPrF7126w3jre0Dqtb/wqprQP++8t00K1sjc1fQEQTyRIBgNU8Gim4igAACCCCAAAIIIICAZ4G65hrZuPefrEC1f9kwuf6TfyOf7HO1lBf1laHmT46LBY6cfU/U7Q/mz7f/8G8miD5sBax3jvxHyy2M43zTCXlx3zLZ+ccN0tRaH0aTiWijuLBMxn5iqnypcoEJXQfm/JoJVjMMwZbtu+VZs+J00oTR1kpVPR5Z/py1Z+qMaV+wwtJx11zV/trq5zfJTrO61X5NV7Yunn+Pdd7a9a/Jq2+9I/eaeiab+jgQQCA7AYLV7Pw4GwEEEEAAAQQQQAABBKItsPn3T8pbB1fL5ytmyecvmx1aKBhtFfe905D1l8bxl9Vr5AbjeNunvum+EodnaIj61sF/kdc/+KE0tJx3eBbF3AqU9uglN1/xNTOe/92sYC1ze7pv5QlWHVDqx/w1YL1/1lSr9KPf+7HMNX8fN6bSbBGwT1au2SCPL7qwt+qDS1bJjKk3y203Xtf+2uJvf8V67WlTTs+ZOe0WB61SBAEEMgkQrGYS4nUEEEAAAQQQQAABBBDIRwENAn+4425rhepdoxZbH2nnyF5At1B4Yc+j1grWr173vO9BdW3TKXn2N3PkwzPvZN9ZanAkcEW/6+Wea//Z2jIgFwfBqgN1e6VpalF71amGrqlbA5SXlZpQdby1bYC92jX1vInXj5bZd19Y+cqBAALZCRCsZufH2QgggAACCCCAAAIIIBA9Af0Y+w/fudtapXr7ld+KXgdj0KNXDnzfWr361fHP+7adwtHa/bL63Xut0JYjXIEB5RVy77X/Ipf2uirchk1rBKsOyFesXm/traph6XHzMCoNU2834amuSt385g555c13rFWoPU2ounbDa1IxdIgVntqv6XmDzL6qep7uwzpv9jQHrVIEAQQyCRCsZhLidQQQQAABBBBAAAEEEMgnAV2p+sSWG6y9QHUvVY7gBHTv1c0HnpRvfvZnWa9c1YdRrdj+13Ki7sPgOkzN3QoMLL9C5k34t9BXrhKscmMigEDeChCs5u3Q0XEEEEAAAQQQQAABBBBII/D9X/2l9QR7VqqGc3voytXdx16Rb5lw1euhe6r+aMeX5WDNTq9VcJ5PApf1Gyf/MP5/hbrnKsGqT4NHNQggEL4AwWr45rSIAAIIIIAAAggggAACwQhoyKfbAPz9tT8KpgFqTSvwr7/5B2s7AK9h9ov7viuvf/hDdCMicPPlX5UvVT4QWm8IVkOjpiEEEPBbgGDVb1HqQwABBBBAAAEEEEAAgVwI2FsA6MpJHlQV7gjoA610pfB3Jr/leksAPXfZttukubUx3E7TWpcCRYUl8uDkX0rvkkGhKBGshsJMIwggEIQAwWoQqtSJAAIIIIAAAggggAACYQuse2+BFah6XTUZdn/j1p6uFtaQdPrVy1xd2k//6wF5+8hPXZ1D4eAFPjfsy/JXn34s+IZMCwSroTDTCAIIBCFAsBqEKnUigAACCCCAAAIIIIBA2AIPv3GtpxWTYfczru3ZK4Yfuek3ji+xpa1RHnnjemloOef4HAqGI1DWo48svmm79CgoCbxBgtXAiWkAAQSCEiBYDUqWehFAAAEEEEAAAQQQQCAsgd3HXhZdMfmtz/48rCZpJ43A93/1F9aK4dGD73Dks+fEG7J65yxHZSkUvsDssWtk1MCbAm+YYDVwYhpAAIGgBAhWg5KlXgQQQAABBBBAAAEEEAhLQLcBGNr7avn8ZbPDapJ20gj88uBqOXLuPcfbAfz77x6S/zj8EywjKhDWdgAEqxG9AegWAghkFiBYzWxECQQQQAABBBBAAAEEEIi2wD/vmGmtlBzR/3PR7mjMe7f/1H9YK4e/dt1aR1eq4/b70792VJZC4Qt86pLPOB7LbHpHsJqNHucigEBOBQhWc8pP4wgggAACCCCAAAIIIOCDgD6RfvrVS2Von6t9qI0qvAocOfuerHtvodmS4WeOqli27VY5Vvt7R2UpFL7A4J6fkgUTXw28YYLVwIlpAAEEghIgWA1KlnoRQAABBBBAAAEEEEAgLIEHXr1SvnvrgbCao51uBNyMxcOvXyv1LWfxjKiAPsDqkZudP4zM62UQrHqV4zwEEMi5AMFqzoeADiCAAAIIIIAAAggggECWAm7CvCyb4vQMAm7GgmA12rcTwaqz8SloM4ezopRCAIG4CRCsxm1EuR4EEEAAAQQQQAABBJInoE+jn371MrYCyPHQX9gKYIHZCuDnjnrCVgCOmHJWiK0AnNETrDpzohQCsRQgWI3lsHJRCCCAAAIIIIAAAggkSoCHV0VjuHl4VTTGwa9e8PAqZ5IEq86cKIVALAUIVmM5rFwUAggggAACCCCAAAKJEtBVkkMAN8OJAAAgAElEQVR7Xy2fv2x2oq47ahf7y4Or5WT9Iblr5GJHXfv33z0k/3H4J47KUih8gc8N+7L81acfC7xh9lgNnJgGEEAgKAGC1aBkqRcBBBBAAAEEEEAAAQTCEth97GV55cCTjp9GH1a/ktbO93/1l3L7ld+U0YPvcHTpe068Iat3znJUlkLhC8weu0ZGDbwp8IYJVgMnpgEEEAhKgGA1KFnqRQABBBBAAAEEEEAAgTAF9EFI3/n8W1Je1DfMZmnrI4G65hp54pc3uHqKfEtbozz6xgSpbzmLY8QESnv0lodvelt6FJQE3jOCVR+Ij5+skW1v77ZqGjt6hFQMG+JDrVSBAAKZBAhWMwnxOgIIIIAAAggggAACCOSDgG4H0L9suFkx+a186G7s+vjKge/LKbMNgD5EzM3BdgButMIrG9Y2AHpFBKtZjmv14aOydOU6qatvaK9pwX3TZVRlRZY1czoCCGQSIFjNJMTrCCCAAAIIIIAAAgggkA8C9orJb33uZ1bAyhGegAaq3/+Pv/S0Yvhc43F5fMvnpbm1MbwO01K3AkWFJfLg5F9K75JBoUgRrGbBnBqqzph6s1VT1YbXpbysVBbOnc7K1SxsORUBJwIEq06UKIMAAggggAACCCCAAAL5IKCrJv9w7r/knj//YT50NzZ9fO4/vyqf7P1nnlcLv7jvu/L6h4xZVG6Imy//qnyp8oHQukOw6pE6NVS9d+YUmTxhtFXTlu275dm1mwhXPbpyGgJuBAhW3WhRFgEEEEAAAQQQQAABBKIu8P1f/YX18CS2BAhnpDTM1oeHfeuzP/fcYFNrvfzonb+Tg2fe9VwHJ/ojcFnfsfIP1/1EigvL/KnQQS0Eqw6QOhfpKlS1yxGuekDlFAQ8CBCsekDjFAQQQAABBBBAAAEEEIisgL0lwJ2j/lGu/+TfRLafcejY23/4N3nlwJMmVP1Z1g8NO990UlZs/xs5UfdBHGjy8hoGll8u8yb8b+lVPCDU/hOsuuTOFKoSrroEpTgCWQgQrGaBx6kIIIAAAggggAACCCAQSYEjZ9+TH+64W264fLbc9qlvRrKP+d6pzb9/UrYf+Tf5e7PtwtA+V/tyORqq/su7fy8n66p9qY9KnAv0Lxsmc8b/WAaWX+H8JJ9KEqy6gHQaqhKuukClKAJZCBCsZoHHqQgggAACCCCAAAIIIBBZAV25+sMdM2VAeYXcOfIfeaCVTyOlD6rauPefrPDzq9etzXqlaudu6crV537zNfngzNs+9ZhqMglc3m+83HvtKulZ3D9T0UBeJ1h1yOo2VCVcdQhLMQSyECBYzQKPUxFAAAEEEEAAAQQQQCDyAroH6C8PrrFWr06umOV7EBh5AJ86qEH1luo18taHq+Xzl80KfA/bX3zwtLz+wQ+loeW8T1dANZ0FSnv0kpuv+Kp84Yr7c4pDsOqA32uoSrjqAJciCGQhQLCaBR6nIoAAAggggAACCCCAQF4IaCi4ce+jsvvoK9K/fLhcP/RvrI+vl/Xo49vH2PMCwkUndTuF+pazon++bT7yf6rukIwecrtZ/bs4tHD6fNMJeXHfMtn5xw2iD7ji8EdAH0w19hNT5UuVC8x+qgP9qTSLWghWM+ClhqojrxwuC+fN8MS9dEWV7D1wSMrLSmXh3OlSMWyIp3o4CQEEPhYgWOVuQAABBBBAAAEEEEAAgSQJ6BPs9b+TJiisN4HrH879LkmX7/haP9n701JW1NcKnkf0/5yMHnyH43P9LtjUWif/dfw1+e3RF+V47e/lfOMp0S0Dmlsb/G4qdvUVFZZaD6PqVdJfLu01Uq4ZMkVGDrxBigvLI3OtBKsZhuIbi34gdfWNVik/glWtR8PVp5bkdqlyZO5AOoJAFgIEq1ngcSoCCCCAAAIIIIAAAggggAACCGQlQLCagW/t+tdkVGWFrFyzwSq5avl8T+D2itW5s6bKnn3VMnPaLZ7q4SQEEPhYgGCVuwEBBBBAAAEEEEAAAQQQQAABBHIlQLDqUH7O/OUXBavHT9bIg0tWpa1h8be/0uHj/naw6jWYddhNiiGQKAGC1UQNNxeLAAIIIIAAAggggAACCCCAQKQECFYdDke6YFVXni57Zp0M6N9XBpn/9Dh+qkZOmv8W3DfdWulqHwSrDqEphoALAYJVF1gURQABBBBAAAEEEEAAAQQQQAABXwUIVh1ydhes3nnHRLnri5Osml54aatsfHnbRcGqfl0Pu5zDZimGAALdCBCscnsggAACCCCAAAIIIIAAAggggECuBAhWHcpnG6w6bIZiCCDgQoBg1QUWRRFAAAEEEEAAAQQQQAABBBBAwFcBglWHnASrDqEohkCIAgSrIWLTFAIIIIAAAggggAACCCCAAAIIdBAgWHV4Q2QbrOpWAHX1DTJj6i0OW6QYAghkEsj3YLWsvIcUFBRkukxeRwABBBBAAAEEEEAAAQQQQACBiAm0tbVJfV1LxHrlrjsF5iLa3J3irfQ3Fv3ABKONsmr5/PYK7IdXOdljVYPZ8rISeWrJ1711gLMQQOAigXwPVkvLekhhIcEqtzYCCCCAAAIIIIAAAggggAAC+SbQ2tomDfUEq47GbfXzm2Tb27tl0oTRMnnCGOucg4ePStWG1yRdsKorUy8bNsQqt2X7Ltm6fbdMvH60zL57iqP2KIQAApkF8j1YLS4plKKiwswXSgkEEEAAAQQQQAABBBBAAAEEEIiUQHNzqzQ1tkaqT247E9qK1eMna2Tpyio5earmoj6mC1Y7FxrQv68snDtDBg3o6/YaKY8AAl0I5HuwqqGqhqscCCCAAAIIIIAAAggggAACCCCQXwIaqmq4ms9HaMGqItXWNZiVp7usP1OPcWMqpeKj1anVZhXru7v2dXi9Z3mpWek6RvRPDgQQ8E8g34NV3V9V91nlQAABBBBAAAEEEEAAAQQQQACB/BLQ/VVD2qE0MJhQg9XAroKKEUDAk0C+B6t60aWlZp/VHuyz6ukG4CQEEEAAAQQQQAABBBBAAAEEciDQ2mL2V23I7/1VlY1gNQc3D00iEBWBOASrbAcQlbuJfiCAAAIIIIAAAggggAACCCDgTCAO2wAQrDoba0ohEFuBOASrOji6HYBuC8CBAAIIIIAAAggggAACCCCAAALRFtCP/+s2AHE4WLEah1HkGhDwKBCXYJVVqx5vAE5DAAEEEEAAAQQQQAABBBBAIGSBuKxWVTaC1ZBvHppDIEoCcQlW1bTE7LXag71Wo3R70RcEEEAAAQQQQAABBBBAAAEEOgi0mL1VG2Owt6p9UQSr3OAIJFggTsGq7gRQWlZktgRI8IBy6QgggAACCCCAAAIIIIAAAghEVMDsACAN9c2if8blIFiNy0hyHQh4EIhTsKqXX1hYYK1cJVz1cDNwCgIIIIAAAggggAACCCCAAAIBCWiYqitVW1tjlKoaK4LVgG4YqkUgHwTiFqwSrubDXUcfEUAAAQQQQAABBBBAAAEEkiQQ11BVx5BgNUl3MteKQCeBOAar1hubWblaWlJo/cmBAAIIIIAAAggggAACCCCAAAK5EWgzK1QbGltF/4zjQbAax1HlmhBwKBDXYNUKV02mWlLSQwp5oJXDu4FiCCCAAAIIIIAAAggggAACCPgnoA+qampsidWeqp11CFb9u1+oCYG8E4hzsGoPRlFRoRQVm9WrLF7Nu/uTDiOAAAIIIIAAAggggAACCOSfgH70v7mpVZqbW/Ov8y57TLDqEoziCMRJIAnBamrAqqtXe7CCNU63MNeCAAIIIIAAAggggAACCCAQEQFdodpq/ktCoGqTE6xG5OajGwjkQiBJwWqqr4aruv+qbsGqfxaY5aysaM3FHUibCCCAAAIIIIAAAggggAAC+SagK1LbzP/TfVN161T9U0PVJB4Eq0kcda4ZgY8EkhqscgMggAACCCCAAAIIIIAAAggggAAC2QoQrGYryPkI5LEAwWoeDx5dRwABBBBAAAEEEEAAAQQQQACBnAoQrOaUn8YRyK0AwWpu/WkdAQQQQAABBBBAAAEEEEAAAQTyVyDUYLX68FGp2vC67Nlf7VqsvKxUZky7RSZPGO36XE5AAIH0AgSr3BkIIIAAAggggAACCCCAAAIIIICAN4HQgtXjJ2vk0eXPSV19gwwfOlh6mqDUzVF95Kg5t1EeXzRHBg3o6+ZUyiKAQBcCBKvcGggggAACCCCAAAIIIIAAAggggIA3gdCC1bXrX5NX33pHZky9WW678TrXvX3hpa2y8eVtsuC+6TKqssL1+ZyAAAIXCxCsclcggAACCCCAAAIIIIAAAggggAAC3gRCC1aXrqiSvQcOyZOP3S89y92tVtVLI1j1NsCchUB3AgSr3B8IIIAAAggggAACCCCAAAIIIICAN4FQgtUt23dLlVmxqtsAjB1TKbNmTkkbruoerBXDhqS9EoJVbwPMWQgQrHIPIIAAAggggAACCCCAAAIIIIAAAv4LhBKsrli9Xnbu3t/e+8Xf/kqHADU1eO3qIVUEq/4PPjUiwIpV7gEEEEAAAQQQQAABBBBAAAEEEEDAm0Aowap2zd4KYNXy+R16qg+1enDJKikvK5GKoUOs7QL06LxlAMGqtwHmLAS6EyBY5f5AAAEEEEAAAQQQQAABBBBAAAEEvAnkPFjd/OYOqdrwutx5x0S564uTxH7IVeeHVBGsehtgzkKAYJV7AAEEEEAAAQQQQAABBBBAAAEEEPBfIJRgVUPRzW++Y+2xOmpEhdxr9lgdNKCvdTV79lXLsmfWmdWqg2XmtC+YYPUXUn3kmHTeLoBg1f/Bp0YEWLHKPYAAAggggAACCCCAAAIIIIAAAgh4EwglWLVXoWoX9SP/i+f/fXuwqlsBPLr8OSt0tQ/dZ3Xx/Hvay+jXCVa9DTBnIdCdAMEq9wcCCCCAAAIIIIAAAggggAACCCDgTSCUYFW7lm6P1dq6BvnOY6usUHW4WbE6bkylvLtrnxwyK1YH9u9rhas9y0utKyNY9TbAnIUAwSr3AAIIIIAAAggggAACCCCAAAIIIOC/QE6DVXsl68TrR8vsu6e0X93q5zfJtrd3t++7SrDq/8BTIwIqwIpV7gMEEEAAAQQQQAABBBBAAAEEEEDAm0AowWrHrQA+/pi/vYpV91ftWV7WfgW1dfXWPqsjrxwuC+fNsL7OilVvA8xZCHQnQLDK/YEAAggggAACCCCAAAIIIIAAAgh4EwglWL3w8Kod5iP/jVZYOuvuL1n7p9rBalddHzt6hMybPY1g1dvYchYCGQUIVjMSUQABBBBAAAEEEEAAAQQQQAABBBBIKxBKsKotp9tj1c2YbNm+W55du0kWf/srUjFsiJtTKYsAAl0IEKxyayCAAAIIIIAAAggggAACCCCAAALeBHIerB4/WSOvvrVDqg8f63AFY82DrG67cXyHr+nDruyHWXm7XM5CAIFUgSQGq4WFBaL/FRSIFPa48HcOBBBAAAEEEEAAAQQQQAABBBBwJ9Da2iYtLW0i5v/07/pf0o5QgtUVq9fLzt37221TV53u2Vcty55Zd5F7eVmJPLXk60kbD64XgVAFkhSsFhUVSlGRCVQJUkO9x2gMAQQQQAABBBBAAAEEEEAgGQJW0NrcJs3Nrcm4YHOVoQSr+jH+qvW/sPZY1X1TdY/V1JWnGq52PgYO6Gftw2ofulr1kD7QasTwxAwOF4pA0AJJCFatQLW40FqhyoEAAggggAACCCCAAAIIIIAAAsEKtJmFq81NrYkIWEMJVnW47D1WH180p0Ng6nQo9eFXVRtelwX3TZdRlRVOT6McAgh0IxDnYFWD1JKSHtbH/TkQQAABBBBAAAEEEEAAAQQQQCBcgVazTUBjY4to0BrXI7Rgde3618xequ/IjKk3m71Tr3Pt+cJLW2Xjy9sIVl3LcQICXQvENVjVfVNLSnWVKqEq9z8CCCCAAAIIIIAAAggggAACuRJoM6lqQ32rCVfjma6GFqzqQ6oeXf6v1nYAFUMHm60AylyN6cHDR825DeJ1xaurxiiMQEIE4hisXghVe/DR/4Tcw1wmAggggAACCCCAAAIIIIBAtAU0U21saInlw61CC1Z1iKtNOKorV/ceOOR6xPVhVjOmfUEmTxjt+lxOQACB9AJxC1YJVbnTEUAAAQQQQAABBBBAAAEEEIieQFzD1VCD1egNKz1CINkCcQpW9VP/pWVFrFRN9i3N1SOAAAIIIIAAAggggAACCERUQMPVhvrmWO25SrAa0ZuNbiEQhkCcglX9+H8PHlQVxm1DGwgggAACCCCAAAIIIIAAAgh4EmhpbjUPtGr1dG4UTyJYjeKo0CcEQhKIS7BaVFQoxSWFIanRDAIIIIAAAggggAACCCCAAAIIeBVoMsFqswlY43AQrMZhFLkGBDwKxCVYLSvXh1WZvQA4EEAAAQQQQAABBBBAAAEEEEAg0gJtZk+A+rqWSPfRaecIVp1KUQ6BGArEIVhltWoMb0wuCQEEEEAAAQQQQAABBBBAINYCuh2AbguQ7wfBar6PIP1HIAuBOASrpWZv1UL2Vs3iLuBUBBBAAAEEEEAAAQQQQAABBMIVaG1pk4aG/F+1SrAa7n1DawhESiDfg1X9+L9uA8CBAAIIIIAAAggggAACCCCAAAL5JaDbAei2APl8EKzm8+jRdwSyFMj3YJVtALK8ATgdAQQQQAABBBBAAAEEEEAAgRwJxOEhVgSrObp5aBaBKAjke7BaUlIoPYoKo0BJHxBAAAEEEEAAAQQQQAABBBBAwIVAs9ljVcPVfD4IVvN59Og7AlkK5HuwWlpm9lctLMhSgdMRQAABBBBAAAEEEEAAAQQQQCBsgdZWs89qfX7vs0qwGvZdQ3sIREgg34PVsvIiMdusciCAAAIIIIAAAggggAACCCCAQJ4J6P6qus9qPh8Eq/k8evQdgSwF8j1YLe9ZlKUApyOAAAIIIIAAAggggAACCCCAQK4E6mqbc9W0L+0SrPrCSCUI5KcAwWp+jhu9RgABBBBAAAEEEEAAAQQQQCAOAgSrcRhFrgGBhAoQrCZ04LlsBBBAAAEEEEAAAQQQQAABBCIgQLAagUGgCwgg4E2AYNWbG2chgAACCCCAAAIIIIAAAggggED2AgSr2RtSAwII5EiAYDVH8DSLAAIIIIAAAggggAACCCCAAAJCsJrlTVB9+P9v796D7CzrO4D/CEKyQYLkhiWsVKCATZSLpBoYpVQKOI4B2pFEHS1g6SiJOmOktgMTBgbHMogOCtQZakCdCqnTcqsjUB28DMESFLCJCiUIucHmtmST3WRz2e15TzjpyWZ3z3sue95z+Rwms7vnPLf383v55zvPed4NsfTBn8bzq9bkR+o8dlpcMf+i6JwxvcqRdSdAoJSAYLWUkM8JECBAgAABAgQIECBAgACBsRIQrFYpe8Ot34216zfGcblANXklvyfh6uJFn6xyZN0JECglIFgtJeRzAgQIECBAgAABAgQIECBAYKwEBKtlyCa7Ux967MnYsaM/pkyeFPMuPi8+f93t+VD1+jeC1ELQettNC3M7WR+PzVt6oqNjfMy9YI5drGVYa0ogjYBgNY1Sujb9e3vjtxt/HCs3Phab+v4Qvbu7o6e/K11nrfICk8YfE0ccdnRMnfj2mDX9wnjH1A/E+EOPoEOAAAECBAgQIECAAAECLSogWE1Z2CRUveXOf4sdO/v395hy9KTY3N0Tp888MRZceUn+/TuWPBDPrlwVhc8KjTsmjI9rrr5MuJrSWzMCaQQEq2mURm/TvXNtPLbq6/Hr1+6vfjAjHCRw5lsvjQ+e9Pf50NWLAAECBAgQIECAAAECBFpLQLCasp6FwPTy3PmpZ8w6Ke6+90f5AHVyLlxdeMXF+wPTJIC9/e4HY0sucD35hOPygeszK16Me+575IAANuW0mhEgMIqAYLXy26N/7/b4r5dui2Vrvht7B3dXPpCeJQUOGzch3n/838a5x/9dbgfrm0u214AAAQIECBAgQIAAAQIEmkNAsJqyTrfcsTReeGltJF/xn5j7av/QVxKodnRMiKm5IwKGe1216NZ80HrNgnkpZ9SMAIFSAoLVUkLDf558xf/u5z4V67f9trIB9KpIYMaRs+JTZ9yTOy5gckX9dSJAgAABAgQIECBAgACBxhIQrKasx5J7H4knn14Zp+d2qy7I7VAtvDblzlC9MfcAq8IRAclX/s9450n581cLAWxht+ucs2bGlR+9KOWMmhEgUEpAsFpK6ODPN/Stirt+9fHo2bWh/M56VC0wuaMzLj/tX+KYI/6k6rEMQIAAAQIECBAgQIAAAQLZCghWU/r35R5YlTyYKvmK/123LhoSrH4nF6zuio4Jh+ffT37vzD3Q6otXz8uHq8lu1eTIgOQBV8Ptdk25BM0IEBgiIFgt75bY2v9a3L78Ug+lKo+t5q2PGv/WWDD73+Oo8X9U87ENSIAAAQIECBAgQIAAAQL1ExCslrBOvuJ/d+581DXrN+ZbJgHpzdddFcVf/d/3YKul+UB13sV/HqvXbczvbj3lxM5cuHpZfOmmu/KBbPJKAtcrcue0ds6YXr8qm4lAiwoIVtMXdufebfHPyy+L13qfT99JyzETeOubT43PnLU0Jhx65JjNYWACBAgQIECAAAECBAgQGFsBwWoJ38LZqsflAtGpuVB17oVn50PRz137zXyQmjzM6pzZM/NB641f+14k7ZKdqYUwNdndmnz20KPLYlMuXF2bC2iTcHVxro0XAQLVCQhW0/s99MKN8cSae9J30HLMBc7pvDzmnrx4zOcxAQECBAgQIECAAAECBAiMjYBgtYRr8jX+Qlha3DR5v/BKwtXkdU9uZ+vpM0+MBVdeEoVA9ivXXnXAA62S4wSScLX4OIGxKa1RCbS+gGA1XY27d66Nrz55fuwZ2JWug1Z1EXjTuMNj0Xsfi8kdb6vLfCYhQIAAAQIECBAgQIAAgdoKCFZTBKvD7TBNgtXkTNVk12rxKzkK4OzZs+Ifcl//jxiMb3z5swd8Llit7Q1stPYWEKymq/8PfveleHr9D9I11qquAmcd+5H4yDturuucJiNAgAABAgQIECBAgACB2ggIVks4FoLQJFydMvmomHvBnAOOAkiC1Gf+58X8Z2+bMS0fqm7esjV/LEDHhPFxTe6M1cJ5qoVdrIVzWmtTQqMQaF8BwWrp2u8d3BU3/Oys6N+7vXRjLeoukJyxuvjc5XHoIfsefuhFgAABAgQIECBAgAABAs0jIFgtUavkfNQlua/4J1/fT15Tcues/lPu4VXJmakPP/ZkLkidmX8YVfLq29GfD1WTIPWJ5SvzRwMUh6vJuavJa+EVF3t4VfP8P2KlDSwgWC1dnOc3/yyWPHtF6YZaZCZw5el3xylTzs1sfhMTIECAAAECBAgQIECAQGUCgtWUbkloemPufNTNuQdQJeejJn/fcufSfOCahK1TcztWV+dC2B07+/c/0Gq4cDXldJoRIJBCQLBaGun+318Xv1z3/dINtchM4L0zPhaXnnpTZvObmAABAgQIECBAgAABAgQqExCspnRbcu8j8eTTK/c/nCrploSr9z3weP795JWcuZq8knNXkwdanZPbzSpcTQmsGYEKBASrpdG+9av58YfXnyrdUIvMBN7+lj+LT7/7vszmNzEBAgQIECBAgAABAgQIVCYgWE3pVjgf9babFsbEjvEj9kqODkh2sgpXU8JqRqAKAcFqabyvPPG+eH3nutINtchM4C0TZsQ/nvOLzOY3MQECBAgQIECAAAECBAhUJiBYTel2x5IH4tmVq/bvRC38nRwDsGDImanC1ZSomhGoUkCwWhrwSz85oXQjLTIXuPkDL2W+BgsgQIAAAQIECBAgQIAAgfIEBKspvYrD0kKXyblQdUvuzNXTZ54YC6685ICRRgtXCw/ASjm1ZgQIjCAgWC19awhWSxs1QgvBaiNUwRoIECBAgAABAgQIECBQnoBgtQyvJCx96NFl+bNVp+QeVjX/kvPi89fdHp3HTovFiz6ZHyk5i3Xt+g35v4vD1XkXnxfnv//MuCH3AKzkgVfJA7C8CBCoTkCwWtrPUQCljbJu4SiArCtgfgIECBAgQIAAAQIECFQmIFitzG1/r0JQmoSryWtNLjRNdrLefN1V+/4uOnM12am6ObfD9bhc2+vfCGKrnF53Am0tIFgtXf7bl18aa3qeK91Qi8wEOiedFgtn35/Z/CYmQIAAAQIECBAgQIAAgcoEBKuVue3vlQSnS+5LdqluzL+XhKoLhzlz9b4HHo8XXlobJ59wXH6na+eM6VXOrDsBAoLV0vfAv674bPym64elG2qRmcC7jvlQfHzWNzOb38QECBAgQIAAAQIECBAgUJmAYLUyN70IEGgAAcFq6SI81/VwfH/F50s31CIzgY/Nui1OO+bDmc1vYgIECBAgQIAAAQIECBCoTECwWpmbXgQINICAYLV0EXbu2RbX/+y00g21yETg0EMOi8XnPh0TDj0yk/lNSoAAAQIECBAgQIAAAQKVCwhWK7fTkwCBjAUEq+kK8O1n/iZe2PKLdI21qqvAqVPOiytO/3Zd5zQZAQIECBAgQIAAAQIECNRGQLBaG0ejECCQgYBgNR16V+//xtd/+cEYjIF0HbSqi8AhMS6+MOfRmD7xxLrMZxICBAgQIECAAAECBAgQqK2AYLW2nkYjQKCOAoLV9Nj/8ftr47/X3Zu+g5ZjLvCeGR+Nvzr1y2M+jwkIECBAgAABAgQIECBAYGwEBKtj42pUAgTqICBYTY+8Y09P3Ln8r2ND36r0nbQcM4FpE0+IhbPvjwlvcrbqmCEbmAABAgQIECBAgAABAmMsIFgdY2DDEyAwdgKC1fJsN/S+GN94am7sHthZXketaypw2LgJ8bn3POwIgJqqGowAAQIECBAgQIAAAQL1FxCs1t/cjAQI1EhAsFo+5HNd/xnfX/G58jvqUTOBT1FjfwIAABRISURBVLzzzpg1/aKajWcgAgQIECBAgAABAgQIEMhGQLCajbtZCRCogYBgtTLEl19fHt/5zaejb3d3ZQPoVZHAxMPeEpefdlccf9S7K+qvEwECBAgQIECAAAECBAg0loBgtbHqYTUECJQhIFgtA2tI0807Xo4Hfn99vLDlF5UPomdqgZMnvy8uOfWGmNLxx6n7aEiAAAECBAgQIECAAAECjS0gWG3s+lgdAQKjCAhWq7891m9bGY+/8q34TdcPqx/MCAcJvOuYD8V5x386jj1yJh0CBAgQIECAAAECBAgQaDEBwWqLFdTlEGgnAcFq7ardv7c3frfpJ7Fiw6Oxqe8P0Zs7JqCnv6t2E7TBSJPGHxNHHHZ0TJ349pg57YL402nnx/hDj2iDK3eJBAgQIECAAAECBAgQaE8BwWp71t1VE2gJAcFqS5TRRRAgQIAAAQIECBAgQIAAgaYUEKw2ZdksmgCBRECw6j4gQIAAAQIECBAgQIAAAQIEshIQrGYlb14CBKoWEKxWTWgAAgQIECBAgAABAgQIECBAoEIBwWqFcLoRIJC9gGA1+xpYAQECBAgQIECAAAECBAgQaFcBwWq7Vt51E2gBAcFqCxTRJRAgQIAAAQIECBAgQIAAgSYVEKxWULi+Hf3x8GPL4omnVsaOnf2pR5hy9KSYe+HZcfbsman7aEiAwMgCglV3BwECBAgQIECAAAECBAgQIJCVgGC1Avlb7lgaL7y0NjomHB6dx05PPULSJ3ldPv+iOEe4mtpNQwIjCQhW3RsECBAgQIAAAQIECBAgQIBAVgKC1TLl16zbEDd+7Xtx3LHT4pqr58XEjvGpRyj07ZgwPr7x5YWp+2lIgMDwAoJVdwYBAgQIECBAgAABAgQIECCQlYBgtUz5TVt64u57fxTnn/vuOGPWSWX2jijsdr3r1kVl99WBAIEDBQSr7ggCBAgQIECAAAECBAgQIEAgKwHBap3lBat1BjddSwsIVlu6vC6OAAECBAgQIECAAAECBAg0tIBgtczyJDtWn13x4gEPrTp95onROSPdWauC1TLBNScwioBg1e1BgAABAgQIECBAgAABAgQIZCUgWE0p37ejPx5+bFn8+Oe/HrZHZ+7M1XkXnxennNQ56oiC1ZTgmhFIISBYTYGkCQECBAgQIECAAAECBAgQIDAmAoLVFKxJqPrVO5fGmvUbY/LRk+Iv339mdB67b4fqpu6eWPbUinjhpbX5vy+ff1GcM3vmiKPeseSBeH7VmtzDqz6bYmZNCBAYTUCw6v4gQIAAAQIECBAgQIAAAQIEshIQrKaQL+wynXPWzJh/yXkxsWP8Qb2eWL4y7rnvkfz7i7/widRHA6SYXhMCBEYQEKy6NQgQIECAAAECBAgQIECAAIGsBASrJeQLgenJJxwX1yyYN2rrQttTTuyML159WVY1NS+BthEQrLZNqV0oAQIECBAgQIAAAQIECBBoOAHBaomSJF/df3blqvjiZy7Ln5+aPLyqsDO10HVO7qv/ha//33Drd2Nt7siAr1x7VUydPOmg0des2xDJ0QKlzmJtuDvFggg0oIBgtQGLYkkECBAgQIAAAQIECBAgQKBNBASrJQp91aJb8+eq3nzdVfmWSTB649e+d0CvD7zvzPwRAcnroUeX5R5y9WRcfcXFccaskw4a3cOr2uT/LJdZFwHBal2YTUKAAAECBAgQIECAAAECBAgMIyBYTRGspjkGoDDMMytejDvvfjA+fMGcmHvh2QeMXghli4NadyUBApULCFYrt9OTAAECBAgQIECAAAECBAgQqE5AsJoiWO08dlosXvTJfMtSRwEUdqxePv+i/PEAP/75r6KjY0I8mXu41fOr1uTHKHxWXen0JkBAsOoeIECAAAECBAgQIECAAAECBLISEKyWkB96ZupwRwHMOWtmXPnRi/IjFc5kXfyFT0TnjOmRHCVQeCU7VZMjA4Y7IiCrG8C8BJpZQLDazNWzdgIECBAgQIAAAQIECBAg0NwCgtUS9Ut2nC598KdRfI7qSF2G+6r/8y+uiSX3PRJbunuGPR6guW8fqyeQrYBgNVt/sxMgQIAAAQIECBAgQIAAgXYWEKyWqH7fjv5Idq0mwehoX+FPjgj46p1LY3Ou3dAHVyVjLFu+Is6ePSsmdoxv5/vNtROoqYBgtaacBiNAgAABAgQIECBAgAABAgTKEBCspsAqPJAqOWt1/iV/ER0TDs9/zT957QtNV0ZytuqOnf1RfCxAiqE1IUCgCgHBahV4uhIgQIAAAQIECBAgQIAAAQJVCQhWU/A9kQtO78l9nb/U68MXzIm5F55dqpnPCRCokYBgtUaQhiFAgAABAgQIECBAgAABAgTKFhCspiArnJM6NffwqVNO6ozkLNVkp2rhlbyXfM1/6uRJKUbThACBWgkIVmslaRwCBAgQIECAAAECBAgQIECgXAHBarli2hMg0DACzR6s9vRubxhLCyFAgAABAgQIECBAgAABAgTKE5h0xJvL69BgrQ8ZzL0abE2WQ4BAnQQEq3WCNg0BAgQIECBAgAABAgQIECBwkIBg1U1BgEDTCghWm7Z0Fk6AAAECBAgQIECAAAECBJpeQLDa9CV0AQTaV0Cw2r61d+UECBAgQIAAAQIECBAgQCBrAcFq1hUwPwECFQsIVium05EAAQIECBAgQIAAAQIECBCoUkCwWiWg7gQIZCcgWM3O3swECBAgQIAAAQIECBAgQKDdBQSr7X4HuH4CTSwgWG3i4lk6AQIECBAgQIAAAQIECBBocgHBapMX0PIJtLOAYLWdq+/aCRAgQIAAAQIECBAgQIBAtgKC1Wz9zU6AQBUCgtUq8HQlQIAAAQIECBAgQIAAAQIEqhIQrFbFpzMBAlkKCFaz1Dc3AQIECBAgQIAAAQIECBBobwHBanvX39UTaGoBwWpTl8/iCRAgQIAAAQIECBAgQIBAUwsIVpu6fBZPoL0FBKvtXX9XT4AAAQIECBAgQIAAAQIEshQQrGapb24CBKoSEKxWxaczAQIECBAgQIAAAQIECBAgUIWAYLUKPF0JEMhWQLCarb/ZCRAgQIAAAQIECBAgQIBAOwsIVtu5+q6dQJMLCFabvICWT4AAAQIECBAgQIAAAQIEmlhAsNrExbN0Au0uIFht9zvA9RMgQIAAAQIECBAgQIAAgewEBKvZ2ZuZAIEqBQSrVQLqToAAAQIECBAgQIAAAQIECFQsIFitmE5HAgSyFhCsZl0B8xMgQIAAAQIECBAgQIAAgfYVEKy2b+1dOYGmFxCsNn0JXQABAgQIECBAgAABAgQIEGhaAcFq05bOwgkQEKy6BwgQIECAAAECBAgQIECAAIGsBASrWcmblwCBqgUEq1UTGoAAAQIECBAgQIAAAQIECBCoUECwWiGcbgQIZC8gWM2+BlZAgAABAgQIECBAgAABAgTaVUCw2q6Vd90EWkBAsNoCRXQJBAgQIECAAAECBAgQIECgSQUEq01aOMsmQCBCsOouIECAAAECBAgQIECAAAECBLISEKxmJW9eAgSqFhCsVk1oAAIECBAgQIAAAQIECBAgQKBCAcFqhXC6ESCQvYBgNfsaWAEBAgQIECBAgAABAgQIEGhXAcFqu1bedRNoAQHBagsU0SUQIECAAAECBAgQIECAAIEmFRCsNmnhLJsAAWesugcIECBAgAABAgQIECBAgACB7AQEq9nZm5kAgSoF7FitElB3AgQIECBAgAABAgQIECBAoGIBwWrFdDoSIJC1gGA16wqYnwABAgQIECBAgAABAgQItK+AYLV9a+/KCTS9gGC16UvoAggQIECAAAECBAgQIECAQNMKCFabtnQWToCAYNU9QIAAAQIECBAgQIAAAQIECGQlIFjNSt68BAhULSBYrZrQAAQIECBAgAABAgQIECBAgECFAoLVCuF0I0AgewHBavY1sAICBAgQIECAAAECBAgQINCuAoLVdq286ybQAgKC1RYooksgQIAAAQIECBAgQIAAAQJNKiBYbdLCWTYBAhHVBquHHHJInjHtz+K2xf6F/uXWpKd3e7ldtCdAgAABAgQIECBAgAABAgQaRECw2iCFsAwCBMoXKDdYLQ5Qk9/TBqrFwelwIapgtfza6UGAAAECBAgQIECAAAECBJpdQLDa7BW0fgJtLCBYbePiu3QCBAgQIECAAAECBAgQIJCxgGA14wKYngCBygUEq5Xb6UmAAAECBAgQIECAAAECBAhUJyBYrc5PbwIEMhQQrGaIb2oCBAgQIECAAAECBAgQINDmAoLVNr8BXD6BZhUYHByM1a+8mj8ntZx/yfUWty/8neZncZtiN2esNutdZN0ECBAgQIAAAQIECBAgQKByAcFq5XZ6EiCQocDAwGCsWS1YzbAEpiZAgAABAgQIECBAgAABAm0tIFht6/K7eALNK7B370CsXfNaWbtVCztL7Vht3rpbOQECBAgQIECAAAECBAgQaBQBwWqjVMI6CBAoS2DXrj3x6voNgtWy1DQmQIAAAQIECBAgQIAAAQIEaiUgWK2VpHEIEKirQF/vzti4ccuYBavF56aO9Hvhgp2xWtfSm4wAAQIECBAgQIAAAQIECDSEgGC1IcpgEQQIlCvQs7U3uru31ixYHRqeClbLrYj2BAgQIECAAAECBAgQIECgvQQEq+1Vb1dLoGUEurq2xM4dO2serBafw1rAsmO1ZW4bF0KAAAECBAgQIECAAAECBGomIFitGaWBCBCol8DgYMQrL68rO1Qd7eFVQwNVO1brVU3zECBAgAABAgQIECBAgACB5hQQrDZn3ayaQFsLJA+uWr+uS7Da1neBiydAgAABAgQIECBAgAABAtkKCFaz9Tc7AQIVCGzb1hebN3ULViuw04UAAQIECBAgQIAAAQIECBCojYBgtTaORiFAoI4Cq1e/GgN7ByoKVoceB5AsO3nPUQB1LKCpCBAgQIAAAQIECBAgQIBACwgIVlugiC6BQDsJ9PfvjvXrc8cA5P4bN25c/tJH+lkITIf+HC5MFay2013kWgkQIECAAAECBAgQIECAQPUCgtXqDY1AgEAdBTZu6I7e3r79gWqa8FSwWscCmYoAAQIECBAgQIAAAQIECLSJgGC1TQrtMgm0gsDe3Nf/V69en9+tOlKgWvx+cs2lgtfiNoXfi3+O9nvBtLDbtVzjnt7t5XbRngABAgQIECBAgAABAgQIEGgQAcFqgxTCMggQKC3Q3b0tXn99q2C1NJUWBAgQIECAAAECBAgQIECAwBgLCFbHGNjwBAjURmBgYDBefnntvh2oKXesDn0o1Ui7WZMVOmO1NnUyCgECBAgQIECAAAECBAgQaBcBwWq7VNp1Emhygc2btsbWnh7BapPX0fIJECBAgAABAgQIECBAgECrCAhWW6WSroNACwv09++OdWtfTbaVClZbuM4ujQABAgQIECBAgAABAgQINJOAYLWZqmWtBNpQYHBwMP/Aqr179lYcrA53JEBCOfT9wnvFP0d6r7gUHl7VhjemSyZAgAABAgQIECBAgACBthcQrLb9LQCAQGMLbOjaEtu2bdt3BmqFO1ZHOmt1uNA07VmrgtXGvm+sjgABAgQIECBAgAABAgQIjLWAYHWshY1PgEDFAn29O+PVV7sOClWTAceNG5cfd+jP4gdUDf29EKSOtIO1+PPCoot3o460M9WO1YpLrCMBAgQIECBAgAABAgQIEGhaAcFq05bOwgm0tsDu3XvjlZfX/P/X9cvYrTo0QC0OWIeGp6MdB1BoO1zIWqwvWG3te9HVESBAgAABAgQIECBAgACB4QQEq+4LAgQaTmDv3oFcqLo2BgYGKgpWi7/OP9qu1eFC1tHC1OEC1EpD1WSent7tDWdvQQQIECBAgAABAgQIECBAgEA6AcFqOietCBCok8DAQO5hVa+sjd279+wPVas5X7U4PB1pd2rac1UFq3W6CUxDgAABAgQIECBAgAABAgSaQECw2gRFskQC7SKQ7FRd/cq62LNnX6iavApnqFb64KrRgtWRAtWRzlUVrLbLneg6CRAgQIAAAQIECBAgQIBAaQHBamkjLQgQqINA4UzV4q//799hOsz5qsWh62gPrBrpQVWjna0qWK1DwU1BgAABAgQIECBAgAABAgSaXECw2uQFtHwCrSCwfXtfrF/3WgwODh7w9f/RgtWRwtTEY7jPhr5f+Hu0n8WfDf294O6M1Va4A10DAQIECBAgQIAAAQIECBAoX0CwWr6ZHgQI1EggCVK7ujbF691bDwpDi4PQco8BSBOuHjD+G2HsaEHqSAGqYLVGN4NhCBAgQIAAAQIECBAgQIBAkwkIVpusYJZLoFUEdu7cFevWrs8/pGqkILT4oVX5Nsl/hWMBUvwcbtzi8HS04wBGC1mLayBYbZU70nUQIECAAAECBAgQIECAAIHyBASr5XlpTYBAlQLJA6q6ujaW3KVazjEAowazSSBbFMIWtx0aso4WptqxWmXhdSdAgAABAgQIECBAgAABAi0mIFhtsYK6HAKNKpAEqps2dcemjZtGDDqLd5COGzdu36UM8+Cqas5XrWWwWs1u1WQdPb3bG7Vc1kWAAAECBAgQIECAAAECBAiUEBCsukUIEBhTgf7+XbFly+uxZXP3Gznpvq/zFwecw/1dfAxAcgTA0PajHQkwXNu0gWpxWDrS7wUwweqY3joGJ0CAAAECBAgQIECAAAECDS0gWG3o8lgcgeYTSB5ItXvXnujr25H7yv+Gg85QHS7gHPGr+il2q44UuI4WrpYKWQuflwpQBavNd39aMQECBAgQIECAAAECBAgQqJWAYLVWksYh0EYCSXg6MJD8G4g9uYdP7dq1O/r7+2P79t78v+IdqMUh5dCHRY30dyUPrUoTsJYKVMvZrTo0fK2k/I4CqERNHwIECBAgQIAAAQIECBAg0BgCzR6s/h9JM7l6kPH/7QAAAABJRU5ErkJggg==" height="600" width="800" />]]>
  </system-out>
  <testcase name="VerifyQuickLaunchItems_003" time="9.450" classname="testcases.QuickLaunch_CB"/>
  <system-out>
    <![CDATA[<img src="data:image/png;base64,iVBORw0KGgoAAAANSUhEUgAABVYAAAJcCAYAAAASBf/6AAAAAXNSR0IArs4c6QAAIABJREFUeJzsvXmcI1d57v89VVpa6r17unv2xeMZjz023jCbbcBgboKTmCXBgCEXchMCTnAcIL5ZuL/4kuXCjVlNgiEJJCGG/GICARMMwTgEL/GC8die8TIznrFn6Zme3le1tqpz/6iSWktVSafU6m5J9X4YXqt06tVbz1PPOa/OOV0SUkpJYIEFtnKWmoW5U8i5YeTcMMyesv0JzOGfIlKzSAlCUOQ1DcfjApCAQCCRnh5ACIGUsrIvOb/wk8q8Y2IVvFe8UqvUvNBXYfnmKmmrpFF0vj+8PX3BebXhrMqjGs6q/C0P3tXyqIbzqumlKgT84b229FIHnayaXvzhrMqfMs6+ePSH89rUiz+cW0YvDue3tF5U+Av04pu/ltCLn566mfWSPy/Qi7JefPVLTayXigDUhndggRWa/qWTLCQWmZiaJZXOAhCNhOjv7aI9HkMEE6uBBbaGzMwgjz+APHw35uG7YeYEboOHoPi1ymCnCc1HsVLLIK02+FdlNRUty1RkVVEELGdx6OxrKWrV+KtHkVh8fi1FrRqPy1kcuupF8TZV5dE/zqr81f9LST2+TK2WXuqiE0ce66+XenyZWha9+OmmfeNcwZfZKuhFRSetoBfHOIFeAr3Ua1xpIb2oZezJY1PoxQfcgV5ycdX7pTWhl8Ba1hY/fZjhM+OO720aWhdMrAYW2Jq28WcxD9+N8fQ3EGNPOw4ymsiNDWpFiKZpSoPjsg3mVRVnJbbMg+NKFL9L59ejGFk6byW+LC55NZxV+VsevKvlcTmL9jrqpSoE/OG9tvRSjy+5q6UXfzir8qeMsy8e6/Eld7X04g/nltGLw/ktrRcV/gK9+OavJfTip6duZr3kzwv0oqwXX/1SE+ulIgC14R1YYIV28o9/RjKVdnyvLRoJJlYDC6wxTCKf/TbGfX8KE4cdBw9rslR9sINqB9FaBmm1wb9KSGooWpapyKqiCGiGHXjKtY6KFZ1fS1GrxuOa2yHhg0f/OKvyV/8vJcGOVT881l8vTbGjqBX0oqKTVtCLY5xAL4Fe6jWutJBe1DL25LEp9OID7kAvubjq/dKa0EtgLWtH//BhTNP5htE0gbbC+QQWWGC+TCDOfQuh9z2Kds1tyI719hhqiTs3mJmmBFmhCCnxAKZpOg+OJe3ynhJf+n6hFy7eqb3b6CYdvNfgWOrLwi1TvlXgUYa7VzFS6qvgsRacq+KxIF5FnN2KE6/2RTVhffJ2iquKsyp/yvm65e3R3uMG98R51fTigUfVeLu1W0N68YtzAeDuvlQvbnn4yNvJ+8W57nrx0U/7xbkh9KIyrrjx6MZLI+rFcc5BUS8q/XSgl8r8NapeFPhzzdsD54bTi0q+FfBoCr2439jV4+3VvjSsj37JK+9V1csyf99ywqNmvQQWWIG5Tarm3gsmVgMLrJFMC6Fd9GuEb3gS7bV/ArFeAGuQQ+Y9UmA6DXLCwduDZNnkakm73OcACEp86fuFXrp4p/Z2vDITDt6lGHRsXxZumfKtAg83vMu8Ez9uRYoTLz5wrorHgngVcXbB27N9Qdx65e0UVxVnVf6U83XL26O9xw3uifOq6cUDj6rxdmu3hvTiF+cCwN19qV7c8vCRt5P3i3Pd9eKjn/aLc0PoRWVccePRjZdG1ItDXGW9qPTTgV4q89eoelHgzzVvD5wbTi8q+VbAoyn04n5jV4+3V/vSsD76Ja+8V1Uvy/x9ywmPmvUSWGAKFjwKILDAGtnmR8h+812Yw4+iuQ1mCBD2a6+VxwIPlMVxrb4QICUIRe8Vr9QqNS9diaxg+eYqaaukUXR+lbh78Oe48mufVxvOqjyq4azK3/LgXS2Pajir8rdseqkKAX94ry291EEnq6YXfzir8qeMsy8e/eG8NvXiD+eW0YvD+S2tFxX+Ar345q8l9OKnp25mveTPC/SirBdf/dLy68XUQtC3DbO9H9HejxmOQiiKjPUgNB1Sc2hmFswMYnEOkUmgzY+BkV5evVQEoDa8W8KkCWYWaRpgGGBkwcgiUwvWfweWt+d//yHP94OJ1cACa3Qz0hjffT/GM/+CsAcTt+JEE9UXK1A6uNYySKsN/lVZTUXLMhVZVRQBy1kcOvuV+FKiWOuoWNH5tRS1ajwu55cpZ6+Isw8e/eOsyl/9v5TU48vUaumlLjpx5LH+eqnH5MOy6MVPN+0b5wq+zFZBLyo6aQW9OMYJ9BLopV7jSgvpRS1jTx6bQi8+4G5UvZjhOHLgLGTPJsy+7aCHFPUhCc2PwsIE2twoIrOo3C+tCb20kmVTyFQCmUpAOrna2ay6BROrgQXWImY+chvZ//hjhDSRSOcdrDI3aVpdMWn9zzp/2QbzqoqzElvmwXElit+l8+tQvBectxJfFpe8Gs6q/C0P3tXyuJxFe/n5K1H8Npde6vEld7X04g9nVf6UcfbFYz2+5K6WXvzh3DJ6cTi/pfWiwl+gF9/8tYRe/PTUzayX/HmBXpT14qtfqk0vRDswtl6K3LAXqWlqvHnwp80MExo/jMgm6zCuLJNeAlsyI4Ocm0Qm51c7k1WzYGI1sMBayOSxn5D51n9HLE7lBzNcBrlqHw8AuUG2lkFabfCv7mKrTcDp5GUqsqooApphB55yraNiRefXUtSq8bjmdkj44NE/zqr81f9LSbBj1Q+P9ddLU+woagW9qOikFfTiGCfQS6CXeo0rLaQXtYw9eWwKvfiAu1H0Yuoh5JZLMTZfhNDDCjqolj8rHW3iBUITR8DINIZeWt2yKWuCNZVY7UxW3IKJ1cACazWbOU7mX94BZw4UDWKaSxGiaZWLGwQs22BeVXFWYss8OK5E8bt0fh2K94LzVuLL4pJXw1mVv+XBu1oel7NoLz9/JYrf5tJLPb7krpZe/OGsyp8yzr54rMeX3NXSiz+cW0YvDue3tF5U+Av04pu/ltCLn566mfWSPy/Qi7JefPVL6nrJDuzC3PEqiHW48jKTynA6G2JGbyMjQqRFmKloPwKNntQUYZkhLDP0GIus19P0tkXc9ZJNE5o4gj75ggJw1QBQG96BuZtMziFnxmxttIYFE6uBBdaCJk88ROZrv4Aws2WDIQ7FiuvkapHHblf/Yqu6i6w2AaeTl6nIqqLYaoYdeMrfDVSs6Pxailo1HtfcDgkfPPrHWZW/+n8pCXas+uGx/nppih1FraAXFZ20gl4c4wR6CfRSr3GlhfSilrEnj02hFx9wr3W9ZLa/HLn5IsdnqM6ksxzPtDEcWcdCuAMhrJD5S5MghGbHKzhuCtozc2xKj7IltEhPNOyYlj5zktDp/WtbL4HlTWZSyOmRlvmRq2BiNbDAWtTMfV8hc/dNxT9YZRcZuBQfUHnF1xowaxjMqyrOSmyZB8eVKH6Xzq9D8V5w3kp8WVzyajir8rc8eFfL43IW7e56qWfx21x6qceX3NXSiz+cVflTxtkXj/X4krtaevGHc8voxeH8ltaLCn+BXnzz1xJ68dNTN7Ne8ucFelHWi69+qco09DDZXa9DDp4NQhThuJDOsN/sYji2uSgfIYovQEjIT6wKO7IEEEgbJykl2xaOsieUIB7WyxLWEpOETj6OMLOVM68IQG14B1bZpGnA9BlkenG1U6m7BROrgQXWwmb84ENkf/a3xZOrBd7p8QDgseJrj1VWvPoVW1VZTUXLMhVZVRRbzbADT/m7gYoVnV9LUavG45rbIeGDR/84q/JX/y8lwY5VPzzWXy9NsaOoFfSiopNW0ItjnEAvgV7qNa60kF7UMvbksSn04gPutagXGeshu/sq6NlkH7VwzpgmB5MRDnfs9LwgCzeJmTUAgaZphEIhkNZxEEgh8rznpp92LTzPOdEUEV0vSk9LzRI6+ThadnHt6SUwB5PIuQnkwsxqJ1JXCyZWAwuslc3MkLnjFzFP/BfCHj1Kiw7NoQjBoYgpHYWKdq76qtq9RrkSW+bBcSWK36Xz61C8F5y3El8Wl7wazqr8LQ/e1fK4nEV7Zb0sV/HbvHqpx5fc1dKLP5xV+VPG2ReP9fiSu1p68Ydzy+jF4fyW1osKf4FefPPXEnrx01M3s17y5wV6UdaLr36pwsfrYTLn/yKiZFJ1Np1ln9jATLQfUxRflvVCQ0pJNpthamqK0dEx5ufm0AX0dHfT29tDR3snsVgMoWtIoeUhL7Se1AQXG8N0t4WLcBbJOcLHH/HeuVoRgNrwDkzNzPlJmJ9a7TTqZsHEamCBtbolxkl/+dXI2RMIBIjyYsV1crXoePEgjRDV1Qw+Bv+qrKaiZZmKrCqKrWbYgaf83UDFis6vpahV43HN7ZDwwaN/nFX5q/+XkmDHqh8e66+XpthR1Ap6UdFJK+jFMU6gl0Av9RpXWkgvahl78tgUevEB91rTi3HO6zDWn4uw4+cmVR+M7CKjR5Ei97m5DARISC6mOH36NCMjIxw7fpzTIyMsJhaIx9rYsW0rbdEoHe1xtm7bwtCGjUTaYnZ8kf8cK7QknE1zeeoQPdFQUZqhhTPoJx5fW3oJzNUkEjl9BpILq51KXSyYWA0ssMCQxx8g84/XFBUbpT9YVTa5iqBwEtZpNBK5wdZX1e41ypVeQIXmioPjShS/S+fXoXgvOG8lviwueTWcVflbHryr5XE5i/by8+tR/Da3XurxJXe19OIPZ1X+lHH2xWM9vuSull784dwyenE4v6X1osJfoBff/LWEXvz01M2sl/x5gV6U9eKrX3L/+Mymi+Dsy220rOMnkpLHO/YAtnYQIDXrtX1tkxMT7Pvp4xw9cpS5+QWyRhZDmkgNero66Yy3YWbTREMaQ0MD9PQP0D80xIYNmwhHY0iseAiTwue0XjL7DJvb9KJM9fHnCY0f9slfbXgH5sOkiTkxDNn0amey7BZMrAYWWGAAZO64BvPYA1BQbJROpnrvXHUepBEVdq76GPyrspqKlmUqsqootpphB57ydwMVKzq/lqJWjcc1t0PCB4/+cVblr/5fSoIdq354rL9emmJHUSvoRUUnraAXxziBXgK91GtcaSG9qGXsyWNT6MUH3GtFL2bvZozzfwk0LR9nJmPw49j5CFH6mcL6YSopGRk5zX0/uY+Tx09iZLOkM1mkgKxhoIXDRMIRzHSK7s52NqzrJ6TDQiqFCIfpHxjgkpe+jN6+dVZcIQGz6ApfM3+gbOdq5NTPELOja0MvgVU2I4M5cRJMs3LbBrJKE6vaCuURWGCBrbKFXv1HSHuUyRUvpllcfJiFxY7dDml7WPIseSll+fuFXrh4p/Zuo5t08F6DY6kvC7dM+TrgUfq+oBhPz+K91HsVk4iacfbK2yluRZzdihOv9kU1YX3ydoqrirMqf8r5uuXt0d7jBvfEedX04oFH1Xi7tVtDevGLcwHg7r5UL255+MjbyfvFue568dFP+8W5IfSiMq648ejGSyPqxXHOQVEvKv10oJfK/DWqXhT4c83bA+eG04tKvhXwaAq9uN/Y1ePt1b40rI9+yam9qYfI7nodUtPy15E2TR6MnoMQWsE/HSE0NCHQBIycPsV9//ljRkdHaItFMYwsbbEI/f29tHfEaYtGSCymmEukSCxmyEqNdMZkYSHB+NgY+598igfvf4Cx0VGwORJCR6AjCCFEiIfie0gbRlG+mYFzq+evAI+a9RKYP9PDiK51q53FilswsRpYYC1iYusV6Ge/wRqMhF2siPLJVWswWnpf5kcjEPYSpqDY5z9DiHIvXbxT+5J4S4EdvEsx6Ni+LJzL56vm64JH4fuFOHquqJe2cysuS9rVgrNX3k5xK+Lsgrdn+4K49crbKa4qzqr8KefrlrdHe48b3BPnVdOLBx5V4+3Wbg3pxS/OBYC7+1K9uOXhI28n7xfnuuvFRz/tF+eG0IvKuOLGoxsvjagXh7jKelHppwO9VOavUfWiwJ9r3h44N5xeVPKtgEdT6MX9xq4eb6/2pWF99EtO7c3150OsowiP/5LryehtCDSw/1nvW8mmkgkO7H+KYy+8yI5tW5ibmSUcidLd3UNbWwxN06wdrOk0WcNkfiHByJkzpLIZQqEw4VCYjo4OUskkB558iomxcTShodmTt0IIBIKsHuMhsaEoXyJxsuvOVr7vatZLYP6trQMRiqx2FitqwcRqYIG1kIWu+hhLK7hLRYjj5GrufdtLWb5CW8vODsf2uCwdOq0wuhSDju3Lwi1TvlXgUe+dErXgrLpyXxFnF7w92xfErVfeFXdKVIFz3XdIuOXt0d7jBvfEedX04oFH1Xi7tVtDevGLcwHg7r5UL255+MjbyTfFjiLpAniVODeEXlTGFTce3XhpRL04xFXWi0o/HeilMn+NqhcF/lzz9sC54fSikm8FPJpCL+43dvV4e7UvDeujXyptJ/UwxuYL8/gCPJcUzLQNIBAIEUKgkZtg1RCkkkmOHn2eM6On6e3uYm5mGiFgcTHNqVOjvPDCcSbHZ1hYWLQ4C4EhMxhkkUKi6xo6Apk1GD8zyr7H93H/ffcxemYUKzVrAje3U3Y2NsihlFaUt9G7HVMLVeavAI+a9RKYbxMI6Oxb7TRW1IKJ1cACayETQxcgdv9CfiWXgmKkbHKV8hXf3NKe444AWbJin/Oy+hVUpZVfl2LQsX1ZOO8Vzpp3HHityLsVg6Xt3IpLB1784qy6cl8RZxe8PdsXxK1X3hV3SlSBc913SLjl7dHe4wb3xHnV9OLVf1SLt1u7NaQXvzgXAO7uS/XiloePvJ18U+woEi6AV4lzQ+hFZVxx49GNl0bUi0NcZb2o9NOBXirz16h6UeDPNW8PnBtOLyr5VsCjKfTifmNXj7dX+9KwPvql0nbGhgvQ2jrz+adNk6Px7WgChCbQhYEuDIQQmELDzCZ54rFHeOHgIRLTk3R1xjENQSZtML8wz8z8AjOLaZJZk2TKJJFNI8OS9s44GdPk1OgkJ0+Nc2p4nLFTZzhz+jRj45P8dN9T7D/wNOlkyspPEyCE9d9C44WOnWRMuZS/Hsbs216ZvwI8atZLYDWZiLZDJLbaaayYBROrgQXWYqbv/RVrEhV7JbegGCmaXMV65mrZSjwFK4UUHzfth1SvyMqvSzHo2L4snPcKZ807DrxW5N2KwdJ2bsVlSbtacFZdua+Iswvenu0L4tYr74o7JarAue47JNzy9mjvcYN74rxqevHAo2q83dqtIb34xbkAcHdfqhe3PHzk7eSbYkeRdAG8SpwbQi8q44obj268NKJeHOIq60Wlnw70Upm/RtWLAn+ueXvg3HB6Ucm3Ah5NoRf3G7t6vL3al4b10S8VtjO1EOaWi4tweCEdIhuKI0QIhAbC+j0rqYGuCWYmxzl17Chkkwx0dzIxOkI6k2E+mWUhK0hrOllgMZ0hmU6iZTXCSZPs3Ax6KknUzNIRFqzrCDHUEWFrXwcbu9sJZU1Ghs+wuJi0vosKgdDsRwIIQSYU48VspCj/bO+2yvwV4FGzXgKr2URX/2qnsGIWWu0EAgsssJU1fefVCE3DlCaaQ1FimhJNK3gtpd0Oux3Wa7CLHvs4xSuF+eNSwdvxyqyaFV8vXxbOesPKt8RLHz4XzyFu1SvsbsWhU5FZFNc/zmVeOPiC8/zi7cifA4/KONfAozrOqvwp4uyDxyUgG0QvHvzVjvfa0YtvnXjx58DjSujFP8511osKf3m9+MO5IfSiohM3Hh112KB6cThfGW8n/gK9tJ5eVPjzg3ej6UVlXGkFvdhxqsLZA++q9eID50JPzyZEJJb/gIxpciR+FkLYyQnrn5AghAbSpC0kWNfTQdYwCYV6WDgxyvTEPLNJw2IonSYiDNpCGnEh6IpGWd/fxY7tgwwO9RJvjxGORenr7CQsJPH2Th576jm++6MHmRg9wczsFF39PWBzUHgPvtC5k+2LzxLRNQtvPYLZOYg+N+rOXwGPNeslsJpNhKJIPQxGZrVTqbsFE6uBBdZqFu2GjZcihh8rm0QtmlwtKHKKd67ar+3ihtxxkXvfNlFyvNTj4POjXImpDo6lviyctJpLiVVrVOHx8JT4ovMVivdS71RcUnxeLTiX+QrxKuLsVpxUyV9FvEtxrolHNZxV+asF54r8lVWL/vBecb148leDTtaYXvzirMqfcr/ki0d/OK9NvfjDuWX04nB+S+tFhb9AL77rgzWvFwX+/ODccHpZlnGlifSSB84fzsp68dUvLXmjf4cd3np9IgXZtjZ0YR8VOlIIEBKk9ZRVHZOwBjOzCZIZweTULIZI0hEVdEd0usKCoa4I2zcMsGXLZrZu28iGjZvp7l1HtC1GrD1OKBZBCws0I0MqlaV7YIAzE5Pc++gzTExMsXn7doSwJk81hHWvA9lQjOFsiO2akcfb7FiPNnemKv5q1ktgy2PROCRmVjuLulswsRpYYC1ooXN+ifTwT9FE+Q7VnDdl6XGWdq7aRYTbim/O6rryq1q0FIWz3vC74ltxBb8gXjPswKt55deJPwcelXGugUd1nFX5U8TZB4+Oxfxa1osHf8GO1Qr8OfC4Enrxj3Od9aLCX14v/nBuCL2o6MSNR0cdNqheHM5XxtuJv0AvracXFf784N1oelEZV1pBL3acqnD2wLtqvfjAudDTs9lOwzpvJNRrx9Ds+BpCSCQ6GgKBgZRZero70fQIx4bHCOka7dEQe8/dxe4NvfSHUmzsCjPQ3Un/hgHiAz3o7V1E2joR4XaEFsZEI2ua6IDQYGhoHZddej6PPvMiCwvzmIZBOBRCCKzdspr1w1VSSkYi/ewQY3m8zXivN38FPNasl8CWxURbO7IFJlaDZ6wGFlgLmn7OL1iDkz3YFj5blYLipuhZrLDkkUhp+aLjTl64eKf2bqObdPBeg2OpLwu3TPmW5O0Ut2xF3quYLPVOxWVJu1pw9srbKW5FnN2KE6/2BXHrlbdTXFWcVflTztctb4/2Hje4J86rphcPPKrG263dGtKLX5wLAHf3pXpxy8NH3k7eL85114uPftovzg2hF5VxxY1HN14aUS8OcZX1otJPB3qpzF+j6kWBP9e8PXBuOL2o5FsBj6bQi/uNXT3eXu1Lw/rol/Lvt/dhxrryeadNg/H4ensyVeT/aUKzJjgFSMMgnUgSCYXoaI8jkJy3+ywuOmcHr7z4HC674GzO3tjPUE+MjphGSDMgA5oZRtNCSCExZAZTZtEMEIZAl5K4brCht4OB3i4SiQSGadqfLYpyEUIw2b6JtGHk85bhOGa0oyo8atZLYMtjkTbQ9NXOou4WTKwGFlgLmujfDf27rElV6TK5SvHKsHWi5a2VTkDar0W5zxU5SJy903m5uGUJO3iXYtCxfVk497yV8i3J2ylu1Svspe3ciksHXvzi7JW3U9yKOLvg7dm+IG698naKq4qzKn/K+brl7dHe4wb3xHnV9OKBR9V4u7VbQ3rxi3MB4O6+VC9uefjI28n7xbnuevHRT/vFuSH0ojKuuPHoxksj6sUhrrJeVPrpQC+V+WtUvSjw55q3B84NpxeVfCvg0RR6cb+xq8fbq31pWB/9Uu797Lqz0YSWz3skDUJo9isdTdMRQiA0iRA6Ah1MMLIGmiaIdcQZ3DDEpo1D9HfEMBPzaIAWiWKGYizKKHNJnVQSskkTmZHoZgbIII0MWtZAM0Eg0WSGeEjS1xUnJCyeLa5BCCvfwn9TRjHeMr6uKjxq1ktgy2ICAZHYaqdRdwseBRBYYC1q+qaXkRk7hKYt/UBV0WMBKF5BhtzK79LoVLiSjFD0OPiiUa/A3AZHeQPaRz6BaCtpnzyGfOpDmPfcC4B49zG09u9hfOm3AOschm/A+KevIwR2MZbzWxG/vh+R+gOMf7x96TgenhJfFM+j+Ktlp8Qy4FzmK8Qrwh8PXzV/xb4It2pwdsS7gs/HU8NZlb9acK7InywF0B/e1fJXG87V8leDTtaYXvzirMqfcr/ki0d/OK9NvfjDuWX04nB+S+tFhb9AL77rgzWvFwX+/ODccHpZlnGlifSSB84fzsp68dUv2T4at38zw+JtVkSBwt2qGpqwHvuGEEgEBhqpTJpUJoOUGkKDkZOn2L6ul3AoAtFOhs+MMXZqmExWEm1rY8NgN5vXz7NhQ4L2zgjoERYysJBIk5UakSi0iRRp00AISSSko9uTutK+8NIFngkRZ5BkHm9TD6HZ1+XFW816CWzZTETakMn51U6jrhZMrAYWWKtaxyBCLE2mOk2uFv6AFWAXLZBfVcR6rQn7dYkHQBacV8kjnMc44eALahn5VDfmd3PHtyLe8DXEy25HO7Mb8ynnyxfbbkDr+SfkjLQHcNtf9gXEeuCYPbDbxZqntxPK+4J4Va+wuxWHTkVmUVwFfJ34K/ROPBacp1QkVuKvlEdZBd6lODvgnfcVeFPHWZU/RZx98OhYzFeBsyp/teBcLX+147129OJbJ178OfC4Enrxj3Od9aLCX14v/nBuCL2o6MSNR0cdNqheHM5XxtuJv0AvracXFf784N1oelEZV1pBL3acqnD2wLtqvfjAOY93vLeIxxm93frTewRCE2gITGFfk5CYmiAjYCa5wKkzo5honDo9isxk6OjczPpNG5lYSHL/vmeZmZwhnTaZm1+kIx7i7E39vOz8LZy3cyMYYY6eGOfJF44zvpBk08b17N6yHikkiWSKgbY2dDsPBBQ+mkBKiWmazIW7QSaX8I735fHw4jFy84OEBosxlKM/IvPlW8hOuuPsbtcR/ZObEAcuJ3ln+bvatZ8i8tKL0WJR67MWT2M+djvpu+51/5grPk/sTf0YN19PuvC/r/s68cv6ML7z86QeUMlxjVoLPAogmFgNLLAWNa1jqKz4KJpczb2muEgBgVlQ7GC/j3D2QnN5HwefryZKrFLRUfT6OPKezyDO+zvYCrhMrBJ6CeKN70T+/19naWX3crRLLoNs0gqbPy6t8G6eEl94nkrxXuqdistSPip5D5yDHavV46zKXy04V+Sv7NuVP7yr5W/N7ygGz0xeAAAgAElEQVRaY3rxi7Mqf8r9ki8e/eG8NvXiD+eW0YvD+S2tFxX+Ar34rg/WvF4U+PODc8PpZVnGlSbSSx44fzgr68VXv4R9HVoRj5qm2f90BNZEpihIKvf9bSGxyMT0LLoWJhYOsee8c7nwJXvp6urk4R/ey5mRMwxu2ExbvItnnzvIi2OzTE8nILvIlk3rMRILPLf/EMdOn6ZtwwaGOtcx0NnP8OQZTAmdXV2EQqE810JQxKn1z0qrmD8q8gYgj3yOxS/eaeG94d1EP3AD4bc8TPbL36+sFwUTb/wS0Su3IX96K4t3fh/JerQrbiBy/l7gXvWAd15PwmHyth6mv+cuouf3e7SYIHvHtaSfrOFDgonVwAILrGmtfSg/+DgWJ1g+N9kqJfZOVuyBF5ZWau3Xwnpd6JG5AbIKn49XYsLBS5fXEhDdVu/mUOvkTB75Eez8LUT312HGOlG87A8RPftheHf+erDx8PT2Bzut3DfDDrycVyoSK/HnwJsyzg54530F3tRxVuVPEWcfPLre4BVwVuVvVXYUNbBefOvEiz8HHldCL/5xrrNeVPjL68Ufzg2hFxWduPHoqMMG1YvD+cp4O/EX6KX19KLCnx+8G00vKuNKK+jFjlMVzh54V60XHzjn8Y50FPG4GGoHAULYccXSJKYAQmhENZ2OaBxpgtSgv7+Piy96CWft2Mqj//UQzz65n5mZBLOJDL3r1nHe+Xt48okDJKammVrIEu0eoHOgjaEXJzk4Oc2cYbK4mISsQWdnO0Prh+jt60UPhZCaAGHa10QRh4vhTkidyeMtw/GlNh48FvEhgdN3YJx6N3rfJbC1n8jb340+2GnRs3iYzNfeS+agtdNVn7MnZCl87UQ2wMWELzofjv0jyTu/bx8bwXzgFpL2blPxio8RveZqtBjAHOZzXyH15Tvd5Vq6e/X8NMbkevRNndb5D91C8luPAC8n/MGPEt7WD6Qwn3sa9uxCfufnSY39DtG3vhm9LwqkkMN3k/rsJzFLPso8cgx5fn/+Ni2z2WOYx93erNJaYGI1+PGqwAJrUcvtWMUeuEAUv5YFRY49Opmm5SXWWmHhiqGU5NsVeom041LscfBuw4t08MLt9QWIN/0WtB1Deq2szX8IObIL8Us32J9/BeKSl8LB/41ZcF2e+ZbkXbSCavuyFXmvYrLUOxWXlPPiiG8VOHvl7RTXEXcnX2pe7Qvi1itvp7iqOKvyp5yvW94e7V0Br4BzRR7LwvnHuch74FE13m7t1pBe/OJcALi7L9WLWx4+8nbyfnGuu15U+JMugFeJc0PoRWVccePRjZdG1ItDXGW9qPTTgV4q89eoelHgzzVvD5wbTi8q+VbAoyn04n5jV4+3V/vSsD76pdz7MtpelHci0mMlISRCI/8PIexHBJhEpEk7YaJahMX5RcLhMIPrB0imU0yMj7N+YIh1A4MMDA1x1s7t/Mpbf5G3vfFKLty9FSOZZn4+QfeGfvp3bCTSv46RyUnaBnp4/uRxiEQZ3LCRWKwdgTVFr0nQyE3wCjTNmqpKtvUU8xaOVYVHER8CxI4PoG/sRE4+DsefxnzocyRvvpzEze8hM7eL0FXXOQNf0a5B6wM56jbzeh2Ra65GnLqdxZsvZ/GOR2DPB4heu776j4htRRy/lcWbf5n0kTTaRe8mBGjvupnwtjTZO36ZxM2/STa8Kz/BF7rqGvTQI9Y1fuZWjLG0Y2j5wI0kv/O48223+Djpv7yR7FT1qTqa1vzTjsGOVSyRzmYSzKYTzGUSpM0MACEtxKZ4P72RzlXOMLDAlt9ExyBUU5yQW/HMrZQurdB6rvjmvMT+c5KC18ux8iuXXosLZ9AvXGouk4fgP96FPOGFwHHkj+9FvO1/oG37InLT/0Z0PIb84gOIX11aLUVWsRJsJ+S0ct8MO/Bq3inhxF8pj7IKvEtxdsA77yvwpo6zKn+KOPvgsbhqrIB3DfzVgnO1/NWO99rRi2+dePHnwONK6MU/znXWiwp/eb34w7kh9KKiEzceHXXYoHpxOF8Zbyf+Ar20nl5U+PODd6PpRWVcaQW92HGqwtkD76r14gPnvKeAV4SFghBLmAJ67tqEJITB1Ngpjh94ir2bN3Ho+AkSCwmkHqItFuacszazZ9MgY+MTZAzJhk3raZs5ySvO3khm9DSHj8wxeuo0u3fv5uKXXsrgjh0kMyYDvT20R2BkYoLQ8Cx6OIQMCRDWc15FDihBnsMlWJf4y12Pp14AsfMm4rfeZEdIWc9Y/dfvQ++b0V75AcLX/C9EOPcJu5zYrN1ecSVabALzoTssWp+8BfO/PYi+9c0wWWWMxafJfst6Vmt2cp7Izn40QNu4AYb/mfSTIwBknzhMeKd1HcapEeTOi4l84OMYB79N5mu3uXYP8oEbSW38OtHLtuVvVzLHyH5tGSZVW8RaemJ1ODHOA6MHuP/Mfg7OnmA6Pc9cZjE/sRrVItxx5R9waX8wsRpY85koecZq7oeq8j9cRfFxe4SzvLB8/lmrVpXh6k3TRGha8XEcfL6aKLEKRYd8shvzezgWIV4mj/wB8sxPEa++BbovgKcvQwrrAwW5Ad32eHhKfOF5KsV7qXcqLik+zwv3SjiX+Qrxyoo9N6/CX4GviHcpzo54V/D5eGo4q/JXC84V+Sv7duUP72r5qw3navmrQSdrTC9+cVblT7lf8sWjP5zXpl784dwyenE4v6X1osJfoBff9cGa14sCf35wbji9LMu40kR6yQPnD2dlvfjql2yfWkC2deZ5i6VnycT7sCZXsXas5i9FA5mhLRzirC1b6OzvZi6ZYDwxz/CJE/Ts3smGwX7M2WnO3noe4VAYw8wiswZjoxOkFxNITDKpRcxMmnhXnJ2b1pNIZonEokQigvGZWdoiUaKRKJqmYyKRGkhpIytzQEjaklM2LDZwmUQeDy/egOJnrBbiet11hAbnyf7zB0k/9jzh332QcBgHu7iKGbO7MSevQd/4OwjcJy9X2uRd7yV54DpCV16JfsXHCV/1NOk/vpGsS3vzzg+T6ft7Ijutxw0Yd3+Y9MFlSsYsfQBB81nz78l1saPzp3nbf/4JNz36V/zLsfvYP/UCJxbG6I92IU1JIpvior6dXNR39mqnGlhg9bFod1GxYNpFiWnaHtvbx4Elz5KXBcdzxUXxyqiLL21XELfMhIOXFV4XehcT4gTyP74Jmz6EFnoA+YMTVn445O+UrwMepe9XvcJe2s6tuCxpVwvOXnk7xa2IsxveXu0L4tYrb6e4qjir8qecr1veHu1dAa+As6peasG5yHvgUTXebu3WkF784lwAuLsv1YtbHj7ydvJ+ca67XlT4Ey6AV4lzQ+hFZVxx49GNl0bUi0NcZb2o9NOBXirz16h6UeDPNW8PnBtOLyr5VsCjKfTifmNXj7dX+9KwPvql3PsiNVeUd7uRsI7n/4EUYGog0ECECMU6aOvo4cCTB3h63xOct2Mng93d6Hby8/PzLM7OEiFLVAeBtTFndmaGofUb2H7WdjSRxcymiYTD9PT1Eo/HwDARpsmm9evpau9AA4QmMIXA1HLXKslNrMay80V4a5nFqvAo4qMU76T9Z/Fzz8M5H0UfXGouMyB6L7byuvA6tD5nPpZsH5knDsCma4he90b7Y9ajXfEx2j7wO4iH78dc7Ed75bsRgLjwY2iDKeTxb1cKXNGyp07DplcTuXA9cDahl+7KX6b2xt8j1Pc4mX+4keSdjyBj24r+wrPcRsh+8RYyzx3AuP8WUg+M1Jxf3gy36dzmsZbcsXpw5gQffPQvOTp/GgBNCC4fPJ+93dv40el9LJpp+qKd/OEF70QXLTv3HFgLWGExomlLP1RlmraXSztXwZ5kZWmy1WnFNxePMo89qC3zym/p+zh4r+s//luY94FIfsK+LnBcgcfDU+KLVow9ir9l2ClRjnOJ98BZdeW+Is5ueHvxV+Br25FSpc/HU8NZlb9acK7In3SqytXxrpa/Nb+jaI3pxS/Oqvwp90u+ePSH89rUiz+cW0YvDue3tF5U+Av04rs+WPN6UeDPD84Np5dlGVeaSC954PzhrKwXX/2S5ZFmEY+atpS3Jqw/wpfCmhcRmkCgEe3ooq23l/m5GVIL86zr7GTzukFSyQVmZmYZm5xCZtO0hQVt8TiRaBgR72JsPs3ec3Ywn5LMTC8QN0No4RjhUBbTNMlkUsTbIgwNdmFEI6SFwBQWJsI0EUJa2AqJ0CSaJm1YCnGnIm+OfORe33U7mbM+Rvg3HiSUOYYxOgf2jtXM9+9Gf881tN36ICwexpx15qOIm++/n1T4U0ReejOxy/6XdWzxNOZjtwP3kr57L9FrbiB26w1YP171RVJ3jcAVlWN7mfm1W8kMfIzwu79J6N0pzOcOY7INsiA6LyF05VsIvx0ghXnkTjJevz8CwCNkvvxIbUk5mTSWP+Yas5acWP37Iz9k/9RRAC7t381v7v4F7j29jy8//30ypkX6u8+6mgt6d6xmmoEFtgJmDT75yVStoDihuEgByK+A5l4jrLFKFHhpDcqFr/O+0rNW7XgOaZZ76fLarWhxCivsBg/9dv56KbteWdnbH5T3YslXvcLuVhw6FZlFcT3wrIBzmRcOvuA8pSKxEn8OvCnj7IB33lfgTR1nVf4UcfbBo2MxXwXOqvzVgnO1/NWO99rRi2+dePHnwONK6MU/znXWiwp/eb34w7kh9KKiEzceHXXYoHpxOF8Zbyf+Ar20nl5U+PODd6PpRWVcaQW92HGqwtkD76r14gPnvF+cRvRuyfPYlZljKh/X+kwdgS4FEg1DgIi10TU0QE9/H1uyGV44eIjdZ59FvDtOIp1hcm6RMJLujjjRWDttsQ4ePPAoz43OcvTHj/DE/hgv23s2e/fsZvf5cURIBwGmkSUU0ojoMealBppm74K1c0EikAhhApKuzKwNn4W3lprP4+HFY/qTl3vg+wiZz/08GScCD/45yT/6cydmSf3xnY7HAcy7PkLyLpc3H76F5MO3lB9/4EYWH6jw33deT6LwYwtf925APnkLi599BMl69Hf9JdHMCJmHwXj4ehbd011ZM4KJ1aazRDbFgekXaNMjXL/jdVy3/TX8y7H7+c6JB/OTqtvah3jr1isQ+V4wsMCa03JFR26nqmtxU3A8PypJQf5Zq4XvV+tx8PnRrjRRXAbF2zE/fXt5EVLi5R3bWOrOb8f41O1Wcymxao5ib/7jVvs1S8fx8JT4ongKxXupdyouS/moAedgx2r1OKvyVwvOFfkr+3blD+9q+VvzO4rWmF784qzKn3K/5ItHfzivTb34w7ll9OJwfkvrRYW/QC++64M1rxcF/vzg3HB6WZZxpYn0kgfOH87KevHVL1me5HwRj50yWRBZYM17CISwEhBCYGoabb197Nx7AXv2nMfJ4y8yfOI45607j1AoQiojmZ5L0DU7S7yzg7BpcPDw88wvzBM1JGKwk2i8k/b2DmvCNpPBlBmMTIqMIcnqus2w/elSgtDsy8/99aRJbzYBegHe6SqfsVqrXhrBBreiv+IDhK+xnp9L5jTGw7eTWe28SkxmkpUbNbi13MTqVHqOjbF+3rfrGi7qO5vfe+xL/Nfo02Tt7clDbb3c9rLf5pzuLaucaWCBrYDZg0/RTlVZ8ENWRR67HTit+GJ7a4wqeC2XfG5QW5aVX9WipSic9UbNOyRyPhfPIW4z7MAr5U8Vb0f+HHhUxrkGHtVxVuVPEWcfPDoW82tZLx78BTtWK/DnwONK6MU/znXWiwp/eb34w7kh9KKiEzceHXXYoHpxOF8Zbyf+Ar20nl5U+PODd6PpRWVcaQW92HGqwtkD76r14gPnnNfHj2DueIWdhmBAMxBo1iMBhLT/CUxCICQC+7EA8Tgb9+6FuVlOjY1w+IXn2XPxucRibYTDEWYXZhgdmyQWC9MWDXPuliE6onE2bN7CxS/Zy1lbNtDeFkYaBkYmjWEkyKSSpM0Yhh4CoRf86E/+AasgJbmJ1C6RY83CW09M5vGoq14awQ7eRurjt612Fp4mkZBaXO006m4t9wDRmB7lI3vfxrVbXsVtz/4r9515Kj+pGg9F+aOXXM/LB861B4rAAmtuyxUdpmkNprkV2PyzVE3b21W2zHl7FCo8LgvfL/TCxTu1dxvdpIP3GhxLfVk4l89Xzbckb6e4ZSvyXsVkqXcqLkva1YKzV95OcSvi7FaceLUviFuvvJ3iquKsyp9yvm55e7T3uME9cV41vXjgUTXebu3WkF784lwAuLsv1YtbHj7ydvJ+ca67Xnz0035xbgi9qIwrbjy68dKIenGIq6wXlX460Etl/hpVLwr8uebtgXPD6UUl3wp4NIVe3G/s6vH2al8a1ke/lMc7MQWLM/m8I7pG38Kpgg+UCHtyFWE5TWhIXSfS00+0f5DOwY30rBtC00JEomGi8SgpQzI2Ncfw8BnmZmfYunGAc3dsZLAjTHJylOOHD3L00EHGx8fJmgamkcUwBRkRwhS69XxXYU2GWhPF1vNewXrdNz9M2H4erEQiMglIzVaFR816CWx5LJ0Eaa52FnW3ltux2hftpDfawY9HnuSJqaNcs/kVnNW5kcsHzuXivrPpiXSsdoqBBbaC5vwYAKdnrVqDT/HSa24BwmmlMH9cFnuk83FrDFRY+XUpBl0H0aJw/ld8HX0unkPcZtiBV/PKrxN/Djwq41wDj+o4q/KniLMPHpeAbBC9ePBXO95rRy++deLFnwOPK6EX/zjXWS8q/OX14g/nhtCLik7ceHTUYYPqxeF8Zbyd+Av00np6UeHPD96NpheVcaUV9GLHqQpnD7yr1osPnAu9NjOMjHXneRtMjzPL5qL4ArGUL2Cik9UEeqyLvm07MabHiETbCIV1IvEIMhJmdj5FaHKBoal52iIhhJGgJ95BdzxCe3ucSDyGHo0ghSSLJE2INFFAt6+hwGTxpa9bHF36jQ4EWmLKm78CHmvWS2DLYjK5sNoprIg1/8RqegGZTSNi3SCsDbpCmrxWi3Kl6EEeexrT+Bmi5wm0gV3Ic69BdG1c5aQDC2xlrGwSVRb8kJVTkSMLipqS44gSv1SdFR0X2tL7ZT4/ypUmitrgWOrLwkmruZRYtUYVHg9PiS86X6F4L/VOxSXF55Xh7sCDG85lvkK8iji7FSdV8lcR71Kca+JRDWdV/mrBuSJ/ZdWiP7xXXC+e/NWgkzWmF784q/Kn3C/54tEfzmtTL/5wbhm9OJzf0npR4S/Qi+/6YM3rRYE/Pzg3nF6WZVxpIr3kgfOHs7JefPVLS16MHUGuPy/P23otyYvZJGYkhjXBKUBIcpOdEhBSItExtBBdg+tZkBn0cAhdM4lEQ5haiLm0JN4WYiFl0D/QD5hsWD+EFooSjrUzsGEzItZGKruAYZikzTBGqA2JbqMn8veddcACR88mGZQppCSPtzY/UjV/NeslsOWxVGK1M1gRa9KJVYl58nGM5/8T88TPIJtEdG9C23E52qaL0dbthFgvYsNepBAwcgDz0I8wnv43jGfuRj/vF9DP+0VE59BqX0hggdXVhLAnUe3JTk0r2MGKwzNWRW74E0isP9bIHbfGPJGPK3Nelvj85zm8b8ctT9TBqxYtReGsN2reIZHzuXgOcZthB17NK79O/DnwqIxzDTyq46zKnyLOPnh0LObXsl48+Ksd77WjF9868eLPgceV0It/nOusFxX+8nrxh3ND6EVFJ248OuqwQfXicL4y3k78BXppPb2o8OcH70bTi8q40gp6seNUhbMH3lXrxQfOhV6bPY2ZSSLCMUAS0XS2zhzmxYGX2B9amADWbxRLQQgwBURiMbTeLkxpENYEkXAINI1FQzI2t0DX5CTRWJSBTevp7O5Gj3Ugop0Qa8MQkkzWJJHOkBExsnoUKTR0pOtNu3XqIGFNYKePMLNoc6Pe/BXwWLNeAqvZZDYNxlr7Ka36WPNNrJpZso98meyDtyNTcxBqQ8S6kXMjGIfvRbR1oV90HaGL34G+91r0vddCNoU5dhjz6H1kH/sqmXs/gfHM9whfdTPa9lfmQ0spmZycxDQM+vr7MU2To0eOkE6nueAlL8m3m52Z4eTwMPNz88TjMQYHhxgYHLA7vyWbmZ4mk8kQb28nFosxMjLC6VOnMAyT9RvWs3nz5rJzADKZDKeGh5maniabyRKOhIlEIoR0HSklfX19rBsYWILENBkeHmZqcpJkMkUs1saWrVvp6elZujYkR+dGAMnGeD8xPVr0mSkjw6nFCbKmwfaOIU4tTpDMppF2b2RIk4gWZmO8n/ZQGwBjyRmOzp/mot6dRPWwK2X7Jp9noK2bzfEB1zaB1ccKHwOQ36mqFbyW0p48tUafnMd+iLjTimGumKGSd4hbt5XfsnDSai6lPVhX4fHwlPii8xWK91LvVFyyfDirrtxXxNmtOKmSv4p4l+JcE49qOKvyVwvOFfkrqxb94b3ievHkrwadrDG9+MVZlT/lfskXj/5wXpt68Ydzy+jF4fyW1osKf4FefNcHa14vCvz5wbnh9LIs40oT6SUPnD+clfXiq19a8mTTiOOPY+58VZ6/jXKBk9kUZiRecC0i7wQSTUoQGqbQiXV1Y0R0MkaWNk0nFo0ghcbpyRmSGYNYKMy6gZ3EOtoJxdvRo1E0PY2RSjOfzDCTiiA6e9BECFMAmMWfiXWr69kUG7JzoGl5vLXJF214quOvZr0EVrPJ2fHVTmHFrMkmViXGs98nc99t1i7VWA+hy96LWL/XEtnoQYxjD5N99O+QE0eJvOVzIHQIRdE2nI+24XxEz2bSd38U89STpL/3h0Sv/yqidysA2WyWL93+RU4cP8afffzj7Hv8cf7iE/+XtrY2vvNv30UIwfHjx/nyX/8N+596irm5ORaTSS688EI+cvPvcdbOnUXZfuMb32Dfzx7nV9/z39E0jb/+4pd4Yt8+skaWc889j/f95m/ymqtei67r+XMymQzf+uY3+fa/fpuNGzcQi8U5dPAg0zMz7Nmzh0QiwRvf+Ebe+iu/TG5S9p4f/pCv/v0/oGkaQ0NDjI+PMzg0yK//xm9wzp491rWZJjc++nmklNz60vdzfs/2olxPJsb5nz/7a6bSc/zTqz/KrQfu5MmpI+zu2sy29iGemjrKTGaBq9ZfxG/veRPd4XYeHD3Ap575Bn/zyg+zp3urI2NzmUU+8NBnuWHPtbx3539btjshsOqssBgpm2SVBY8JyA+w1iDlteJLyWtrbCvxwY7V6otDpyKzKK4Hzm6+lD8HHp3i+sXbkT8HHpVxroFHdZxV+VPE2QePjsX8WtaLB3/BjtUK/DnwuBJ68Y9znfWiwl9eL/5wbgi9qOjEjUdHHTaoXhzOV8bbib9AL62nFxX+/ODdaHpRGVdaQS92nKpw9sC7ar34wLnU66f3I7dcBJE4AkFE09gyfZhjA5eA1OwPF/nYVnxs1AQhPYLMZJicnOaFF0+STAm0UIyMluLMfJb9h09h6GHOWoTedUniHe3oIY35pMloQqOtZzOG3o5AoGGCkCALPsu6Adk8+RxhXcvjjZEhNHmMXCau/BXwWLNeAqvJZGoB0ourncaKWVNNrJrHHiF990etSdXebUSu+TO07a9aanD2VYRe9X7MY4+Suf82so//E6FL310UQ997LdHBPaT/+X3I6ROkv/Nhou/9BiDQNI1nn3mGnz32GN/45zv5j3t/xCWXXEIylUQIwfDJk3zu05/h7e98J7f8ycfQNI0HH3iAj//Zn/Ohm36XWz/1SXafc07+s4ZPnuRH99xDW1sbekjnxptuYt26fg4+d5A/+P3f56Ybb+Szn7+N1199NQBSSv7XH32UBx98gM//1V9x8cUXAzA7O8tvf+AGpqen+eJff4l4PA7AYmKRr3/ta3zq1lv5/Bf+ile/5jWEw2GklPzpxz7GO952Hbd++lNc/YY3ENZ0Ds2cxMQka2bLsZUmh2ZPMJacIaqFmckscHh2mN8651reueN1ZEyDvzn8Pf70yTt4ZvoYd1z5h5xJTnF8YZR/OHIPf37x/8j/GXmhffHgXRxbOMOJhdFa6Q/Mh5U+BqBokpWCIqek6DFz7eyixzTl0rNT7cEbUX581VZ+y8JJq7mUdrpVeDw8Jb7ofIXivdQ7FZclfJThqoBzsGO1epxV+asF54r8lVWL/vBecb148leDTtaYXvzirMqfcr/ki0d/OK9NvfjDuWX04nB+S+tFhb9AL77rgzWvFwX+/ODccHpZlnGlifSSB84fzsp68dUvlXgjAyf2IXdacyQC2MoCE4lREh3ryd1q5N8VdjrW/4eEhGSa+ekFnj58jOGxWevP/fUIppHl4Hya0zMHOXJijI2bBujt6yHe2UG8d4D40E6yMmqxahqgyaJry1l8foQtxnwRT/rki2CmlfirWS+B+TaJRM5NrnYaK2raaiewbCYNsj+7A9LWr46Fr/6j4knVvAm0bS8n+va/QU4dcwylDewm9LJfAwTm8D7Mk/vy74VC1lz0oYMH+fwXvsAnbv0LPnvbbQDE29v5yM2/x8te/jI0zYL28iuu4O3Xv5PDhw7x/e/dXfQ57e0dAIyNjfEXn/wkF150IZs2b+Z1V7+e33jfb5BOp/nRD+/Jt3/22Wf59r/+K5dccgkXXXRR/nhXVxc/98af55GHHy76jIceeojbPvtZXnvVVbz+6qsJh60/xxdC8P4bbiCVSvH3X/kKqVQKAF1o+X9lmBQcD2sh4vajAkJayD6mc+XgBXSGYzwy/iyGNBlOjJM2svz7qZ/ykzNPlsVcyCb58vM/sDBIzjhyEVh9rbAYMc2lwSi3IpwbvApXaAEEJV54eFnuCz+/yDsVJ9Yb5d6tSHFqXxZOLV/P66uAR9Ur7KXt3IrLkna+8i7Nt0o8KuLsgrdn+4K49crbKa4qzqr8KefrlrdHe48b3BPnVdOLBx5V4+3WbtQZ9MsAACAASURBVA3pxS/OBYC7+1K9uOXhI28n7xfnuuvFRz/tF+eG0IvKuOLGoxsvjagXh7jKelHppwO9VOavUfWiwJ9r3h44N5xeVPKtgEdT6MX9xq4eb6/2pWF99EtO7UOnn0YsTBfhccHcc+jZJOWzjdZ3QFNoIDUikQiZVJrJqXnGphNMzScZGZ9iZHyKuYTBohZn3ohybGSa5w4e48Xjp5Chdtr7t5AVEYxQBKmBFhIITUOUzDvo2STnTx0szjuzSGj8eeX7rma9BObfkvOQTa92FitqTTOxKqeHMYefAEB0b0Lf+WrvE8JxQld80PVtbcerEPFeAIxDP1o6rmsYhsE7rn8nQ0PFP27V29vLxk2bymLt2L4DKSUTExNFxyORCABXv+HqsnMuv/JKAE6dOoVhGACcPHESgKGhobLCZ+OmTQghOHz4MGCt+tzz7/9OMpnk9Q7xBwcH2bV7Ny++eIzTp05Z1ya0/L9SC2kautARCDQhiIWsidWItrTpeSw5TdLI8IqB89CFxunFSUKazlhymr8+9D3MgpWolJHhq0fuIWta1zaenMaQJoGtrOUnVZ1W3hElK75We4m1CkWhlx5euHin9mWDeS5RB+9SDDq2Lwu3TPmW5O0Ut2xF3q0YLG3nVly68OIH56p4LIhXEWcXvD3bF8StV95OcVVxVuVPOV+3vD3ae9zgnjivml488Kgab7d2a0gvfnEuANzdl+rFLQ8feTt5vzjXXS8++mm/ODeEXlTGFTce3XhpRL04xFXWi0o/HeilMn+NqhcF/lzz9sC54fSikm8FPJpCL+43dvV4e7UvDeujX3Jqj5FGP3I/0v4rVYkkrAkuGH3E8VKkEGQMycTMPNF4H9OLJhPzKVIpiWFomKbAyBokFheZm5thZnaKUFjnnHN3c/kVl7Pz7LMJhcOAQCJACAq/9Qsh8v/OP/MoIa34ekOjz+bzLPIV8KhZL4H5MyODnJ2o3K7JrHkmVudOI+fHANA2vgT0SMVzRFu3+3vxPoj3AWCesnZbCiHyk45n79pVVV7ZbJZnn30GKWV+F2vOQmFrUnLDxo1l5w2ss37IybQnHgHa29sB6zmrpTY7M4OUMj9Zm0gkOHjwYP6/f/bYY+x/6imePnCAJ/Y9wSMPP4yuaSzMz7OwYO3y1YWGYZocnD3J/qkXeHr6xfy/QzMnyZhZcvO5uQnV3C7WJyaf5zPPfpMdnev52EXvAeD4wigX9p7F1vZBfnLmSZ6efiGf7/7pF/jSoe/yjh1XATCZnifVIr8Yt6ZM2H+u7zSpytKKb454p5VfaR+XsvYVVKWVX5di0LF9WTjvFc6adxx4rci7FYOl7dyKy5J2teCsunJfEWcXvD3bF8StV94Vd0pUgXPdd0i45e3R3uMG98R51fTigUfVeLu1W0N68YtzAeDuvlQvbnn4yNvJN8WOIuECeJU4N4ReVMYVNx7deGlEvTjEVdaLSj8d6KUyf42qFwX+XPP2wLnh9KKSbwU8mkIv7jd29Xh7tS8N66NfcstbmzqOdvRhsHEG6NAFu0YeKr8UIZhfSHD46DG0ti4SZhvzaUHKkJjS/u5oZtHNDBGZZkN/B1defhmvvvIVrB9aRzikoQsrlpAmuanRwnlNIWDXqf+iXSvOVx8/jD4/WoR3tfddzXoJTN2kiTk1AgVzWK1iTfOMVZlOgL3q4jVhWrUJze6UQc6eWjpsCzZU8INShTYzPc2Pf/xjnnn6GTKZNKZhMjs7ixAi/6f4OctN0pYetz7H8rq+RNHFl1zMps2b2L//ALOzs3R1dQFgGAb3/eQ+hBC89qrXArC4uEgyaT0s+Ml9T3D82HF0XcM0Jaa9A/bCiy/i0ssuo7evL/8ZGZnlwdEDHJ07bU20SgNDmkyl5kgaS9u5dWFd//956ut85plvspBd5G3bX8uvnnU1g209AJxOTPCGjZeyIdbPJ5++k9sPfpcvvOImDGny1SP3oAud9+2+hr89fDcL2UUSRpK4vRM2sJUxKUt+sKrwmau5IqWwuCmYdEUKEPZra1Y17wt3wCIElLxfNolbGNdplHMbHH2uRFrXg51HlR4PT4kvOt+j+Ktlp4Qox93R445zma8QryLOLnhXy19FvEtxrolHNZxV+asF54r8SacqUR3vFdeLJ3816GSN6cUvzqr8KfdLvnj0h/Pa1Is/nFtGLw7nt7ReVPgL9OK7PljzelHgzw/ODaeXZRlXmkgveeD84aysF1/9kjuP+vA+zI4+suv3WL+tgWRIZGgf/k+eXv9KjFAUhCSZzjI+OcPUbIL9z7/IYO8AoquXTCRKejENpokuTUJCMtQZ47ydW9i8vh9dSKSZwZQaJjpSCAQmQoIJCDTARM8m2TvyEHFRjK82N0Jo/Hnf/NWsl8CUTCJhZrTlHgGQs6aZWC20wolQ35ZesCZrAYzyH3Nysru+/R0+8+lPc+lLX8qNN/0OW7duRQjB/ffdx7//4Af53aQ5M+0/fbc6j2LLHYpEIvmdrvF4nK/ecQe3/H9/zI2//UGuf9f1tLe385Of/IRDhw7xhS99kUsuvRQAXdfRNGvy88bfvYlt27ZVdQ0xPcqvn/1Gzuspbn9iYYx7R/Yxn7UmazNmFoHgxnPfzN8e/j4nFsaQ0mRd1JrUnkkvMJ6aYWN8He/Y/loeGX+Wb594kBvOuZaEkeKhsaf5n+e/nfVtfUT1MPOZReYyi/nzA1sZE8L+oaoCL3OepSJFyw1OdvFgFTsFXpT7XHwpsX/AquB16fs5b8crT9TBqxYtReGsN6w8Srz04XPxHOJWvcLuVhw6FZlFcR1wrORL+fPgsfA8v3g78ufAozLONfCojrMqf4o4++DRsZhfy3rx4K92vNeOXnzrxIs/Bx5XQi/+ca6zXlT4y+vFH84NoRcVnbjx6KjDBtWLw/nKeDvxF+il9fSiwp8fvBtNLyrjSivoxY5TFc4eeFetFx84V+JRe/4+tLYe6NmQx7tDE+w98xDPd5/LTLSfUyMTjIxOoOkR7v7+j7jqypcS6xtAj3ciExlkOoUuTDo72nnJnrPYtW0jIpsinUwQC3VgmCYGgrQpiOgSgYGBhkCjfX6UndPPEBfF+LI4S+j0gfx1O/LoxF9B+5r1EpiSyfkpSC6sdhqrZk3zKAAR7QDd2vlpntwHmcWa4sn5UeSC9WwI0da5dNyuNgqfFwrWrtH/+4lPAPC7H/oQ27Ztszs7yGSsiVmtZJdrbueoUwGTtSdzI5FIPg5AT08Pu3fvZvc5u5mYmODI80e48sor+ZdvfZPXve51+XYdHR309lo7R48fc/6RrlIzpIl06V0ksihP027bpkf4/Ms+SFQP8zeH7uaRcesZKCcTY5hSMhDtZlN8He/f/YuYUvK5Z7/F5575Jhf37eKtW68kqodZF+1mIZtkvkbOAlM3p8cA5DyyoMixyc/f//Z9krtfSt8v8sLZ5/4VtXcb3aSD9xocS31ZOPV8Pa/TA4+yFXmvYrLUOxWXuPCikndpvlXiURFnt+LEq31B3Hrl7RRXFWdV/pTzdcvbo73HDe6J86rpxQOPqvF2a7eG9OIX5wLA3X2pXtzy8JG3k/eLc9314qOf9otzQ+hFZVxx49GNl0bUi0NcZb2o9NOBXirz16h6UeDPNW8PnBtOLyr5VsCjKfTifmNXj7dX+9KwPvolr7wlEmFk0J/9AUwPI6WZx71DwN6pp+k9/jOeP3qSY8eGGR8fZ2TkDN/85l2cPDlGxhRokRiRji6Gtmznwksu49JLL2HzhkF6OmOEQzpCjzCfMNHDXYyMTpHbpSqEwcbRfZw7dYC4MIvyZXGG8PDjYP+1rN9+uma9BFalSeT8BMxPrXYiq2rNM7HauR7RMQiATM2RfeIbkE35jCYxjvwEskkrdv9Z1lEp87tMS21hYYGJ8XHa43Hi7fGS9+btDr/4nNyzUjOZ8u3Sufc0vZiif/ra19n3+ON86MMf5vp3vYv3/Np7efVrXkNbW1tRu3A4zFWvez3hcJi7vvMd10JpZno6/56JiSlNxx+RykoDQxqYUmJKScKwsM2YBuf1bOP39l6HEIL/s//rDCfGObZgPQulJ2I9F/Y1Qy/h3O6t/Pupn/LTiYO8c8dVhO0dtRtifSwaKabT8445BlY/cypKTFOCx0o8WCuFRT5/cxe/tlZGXXxpu4J45Yk6eJdi0LF9WTiXz1fNtwIeSivsZXh7FJkF7WrB2Stvp7gVcXbB27N9Qdx65e0UVxVnVf6U83XL26O9xw3uifOq6cUDj6rxdmu3hvTiF+cCwN19qV7c8vCRt5P3i3Pd9eKjn/aLc0PoRWVccePRjZdG1ItDXGW9qPTTgV4q89eoelHgzzVvD5wbTi8q+VbAoyn04n5jV4+3V/vSsD76Ja+8c15LJwgd+De0sSNIliZXw7rGBbEEH9w4yjlilMmJcYQwOXz4MPue2E/GEMQ7u9myYyevef0b+Lk3vZkNZ+0g2tFJW6yTcCSGqUWRog2px3n62aNMziRYN/E8l564n+3ZSUKaKMpXS0wQOfFTRGax5n66Zr0EVtGkaSCnRpDz06udyqpb80ysdm1EGzo3/zp732cxnv9PX7Hk7AjGM3fnX2ubX5r/byOb22VaPFHZ3t5OV3c3p0+f5sTxE/njJ0+c5Nvf+hZSyrIfnUokrB2a6XT5xGpy0Xn35unTpzly5Ah//5W/44H77+fRRx5h3+OPc/z4cQyj+CHBb37rW7j2TW/i7n/7Hvf88Idl7+9/6im+8uUvL12baZI1TbKy/GHDRsHxrGmwYE865469b9c1XL/jdTw2fojf/ekXODZ/hogWpjdi7fYNayHec/bPkTENzu3exsvXLXE12NZDxjQ4vdh6vx632pZ7Fqq1A7v42aiFK76m6bzSmdu5nfOFK4Uy91qor6CWmdMKo0sx6Ni+LJz3CmfNOw68VuTdisHSdm7FZUk7X3mX5lslHhVxdsHbs31B3HrlXXGnRBU4132HhFveHu09bnBPnFdNLx54VI23W7s1pBe/OBcA7u5L9eKWh4+8nXxT7CiSLoBXiXND6EVlXHHj0Y2XRtSLQ1xlvaj004FeKvPXqHpR4M81bw+cG04vKvlWwKMp9OJ+Y1ePt1f70rA++iWvvAu9MDLoz/wA7fgTmPYj/3L493fE+NCrNvOJl4e5dkuWs9fFyJqSru517NpzHq989Ws5/9LLGNiynfYte4gMbMVo68AMd5DIasT61qNnF7lIH+GCE/dwVnKEqP2bHoX5atMnCR9/tHynqs9+uma9BOZp0sggJ4aRqcRqp7ImrHmesarp6Be8xZpMNbPI5AyZe/4U0bEObfOlVYeRCxOk7/oIcvKFpbjnvMF6T0qyWWtytHQyVNd1PnjjB/8fe3ceH1V973/8dWYy2SCJCSGYQFgkEpSgEaQqCIogiHu1V3BfWm2L3u619fbX29be3vbWa2/bq95eq3WptWCvFHFBFERAQWUxlkRMZJMQAiEQE8g+y++PmUxmkplJZstMMu/n4wFnZs453/me73c+55x85jvn8IfH/ofvf/e7XHX11bS3t3Osvp7rvvQl9u7Zy+pXX6N48mSu/eIXAWg+6Ryh2dLS+8PY2upMXLa3tbsPFgC33Hor//jHP/jdb3/rtbxhGIwYMYLrvnQ93/r2tzGbzeTk5PDjn/4EgO99+zucdfZZnHf+BaSkJPPhhx9yoqmJb3zr2xiGQafdhtlkItVI9jkq1+awYTElkWFJo8XWTrutkwxLGq2uUcEWUxJfLb6St498RNnx3dQ013NK8jDSPG5Gdf3Y2fz3rr+zZMJcr5tUjR2WR4YljcZOBeVAM8D7hlU9pgYGdlzXWAXXSQvdz/H/TaHDY3k8vol0BJpi+D7G+fqG0c/JoN+DqFdxzhnO+vaYOkKYdpXno9x+f8Pu7+TQ10mmV7n9aFc/7dxraviYOjz7MbT29tl/Pvox6HYOox+Db+dg+y/Idg6hH7sbcpDES4D+C7+94ydeQo6TQP3nox8HIl5Cb+cox0sw/eeOl9DaeVDESzBx4q8ffcbhII0XH+sH3d6++k/xknjxEkz/hdLegy1egjmuJEK8uMrpVzsHaO9+x0sI7RxsP5r3vYvRfAzb+BkYaVle/TA+N5vbc0/hjhlFfHa0gT3NZhy540gebuEUUxsnOiArM5cMy2FMRieOz2s4xd5J+tGdJDs6KTl9eHd5nu1ot5J0ZBfmpprA/dCf/vNYP+x4ET8cOJobnddU9fNr7kRkOLpS+0OBtZ2O13+C7aO/db+WMhxz8QIsF30HIzPf/7odzdj2b6FzzU9xNNW6X06afguWy34GgMPhoLa2FqvVSn5+PhaLpVcxR+vq2LJ5Cy2tLRRPnkxpaSmGYdDQ0EB9fT1jRo8hLT0NgLojdXR2dpA+bBjZ2dle5bS2tlJfX09ycjKjRo1yv77qpZdY/9Z65lw0h7POPpu01FTa2trZvn0b//PYY9QcrOGnDz7I4iWL3Te9AufI2U8+2cXxY8dJTU3lrLPPYvyECd7N57BhNpzrGO4jgJPd4XDvCA3DOWo1yWTG7nC41wHnpQHMhsl9MyTD8C7L4d55d7O5rufSc1mJvrofZ7iSpI7eU9dB1ORx0HYfzozuw1qvg7XJOcUwMFzTnq93He0MA3wf5XqI8MHRvbhHdfqcBlMNr/XDPHn3NfVYr8+KB1PzPssLrp2D7b/ItHd/+zG4dg62/8Jr52D7L7T2jq94iUKcxCxeQmvnYPsv6HYOqR9Da+f4jJfQ2jlh4sXH+gkdL8H0n+Il5P5LiHgJZU89lOPFvZ7iJeh4CWm/FFq8kJSMreAs7OOmg9kSXH8FES/mzz/DXPcphsMaweNKhOJFenG0N+NoOga2zr4XHmJ2/2BLwPlDK7EKOJoO0fHCPdiP7Op+0WTGlD8V8+TLMOVNdiZYk9PBbsPRdgLHsT3YPnkde82HOE4cca9m5Ewg5YbH3ddYjbXt27bxg+/fzw//5QEumTfPK3Fqs9l4a906vnHfP7Pkxhu5/4c/IC0tLYa1lcHg6I+dl2owuZKeXdOub0C9k63OYxQOMLmOVSYAo/uUwvB43jW/69jWtb7nMc85Mrb3wb9fwjppidBJVj9OtiJ5cuh7OhB/lAR5rhMMr/XDOakNrh8j+ceU/xESwX1Mg+3H0Ns52P6L/h8l0fhjKlbxEpU48dmP0Y+XaCQfIhIvoeymQ27nPqa9xCBegomTRIgXn+UoXhQv0TquJFC8BFfjgP04JOIlhOYebPFit6TjGHcutvwzMUxJQcRD4Knp8xrM9Z+6rqU6iOIlQTlsHdBUj6M9cW823ldidehcCsDFyCwg+br/puPFe7HX7wa7Dew27DVl2GvKwJSEkZYFFmdilfYTODqa8R7GbGAqnE7y5b+Im6QqwIoXV5CSksI506Z5JVXBeSmCefPnM2zYMNKHpWM2m2NUSxlMug8+zpMPr8sCGN7TrqOP5zfAfX0T6Tk1TD1ex8But2MYJvfz7m+W/VW0H1N8THsV5/DY7n5OCTClx9Rr/SBO3ntO+3Ey2bOde03xMcXPtI/y+mxnfycn/T737qO9e7ZzWP0YXDsH23/htHOf/dfrbDG09h7weAnYf2HESZzFS6jtHGz/Bb1fCqkfQ2vn+IyX0No5YeLFx/oJHS/B9J/iJeTzg7iPlyD6L5R2HnTxEpHjyhCKF3fDhdbOQcdLSPul8OLF1NmC49MNmA5sxzZiPKacQmzZ4zDMFv/95af/TCcOYzpZh9F8DMPaBuHGSx/9Fna8JDprO472Fuc1VDvaYl2buDfkEqsARs4ELJf/O9aNv8O2dxNeUWO34mg+Bvi/UZKROxHLvB9i5BZFva7BaG5udu1YfOvo6MBqtVJSUkJycvIA1kwGM+exxnXwNDym9Jg6wHAdpLq/mXe+7lwO93Jdz42e63k8d7/uuZyr3F4MH9NgT1q8inPO6BqZ6zV1hDDtKs9HuY6e02BPDn2dpHiV67tdA049+89zaviYeqwXanv77D8f/Rh0O4fRj8G3c7D9F2Q7h9CPPk/m4zleAvRf+O0dP/EScpwE6j8f/TgQ8RJ6O0c5XoLpP3e8hNbOgyJegokTf/3oMw4Habz4WD/o9vbVf4qXxIuXYPovlPYebPESzHElEeLFVU6/2jlAe/c7XkJo54jFS/tJkmorcBwqx5SUjD27EIaPxJGejZGcisOcgpGWjcNkwtR+EuwdmO02HK1NmKytGCeOYLJbu/s1hP1SsOfTYcdLInDYnfkxuw1sNrBZwWbF0d7sfCz9NiQTqwCm0aUk3/A4toqXsX70N+wHPuhjDQNj+EiSZi0ladqNYIq/prno4ot4a906tm3dxsLLFnrNa21t5ecPPsgZZ57JgoUL/ZQg4s0rmdrzBlZG99TedbLjmtod3QddXK9j9D3F8zkeB+uu5+6jXM+KEtzBsee0V3EO5+IOh6ta/ZgSYEqPqdf6QZy895z6Orns2W59TfExxc+0z/7ro539nZz0s//C+4Y92H4Mrp2D7b9w2rnP/ut1thhaew94vATsvzDiJM7iJdR2Drb/gt4vhdSPobVzfMZLaO2cMPHiY/2Ejpdg+k/xEvL5QdzHSxD9F0o7D7p4ichxZQjFi7vhQmvnoOMlpP1SFOLF2oH56F4cR/cE7jdc9+xwtaPNtb7d/Xn2Me13w/lZ32vqp71FomDIXWPVH/vRKuxVb2Kv34Pj+H7obIWkZIys0Ri5RZiL5mI6dQqY43uk58q//52/PPccp0+axPTp55KWlkptbS3vbXmPyWdM5utLl5Kenh7rasogUdd1jVXDebTxNXU4uq69CiYT4HCdQhiua6jifc3VXs89jnEmU+9jHhjdzwnimBfsSYuXcA7SwZ0EhH1yGOBkpfub2yCrHUzzhXKuEwyv9UNv52D7Mfh2Drb/gmznEPox9HYOtv8iFC/BxMkgjpeoxInPfox+vITezlGOl1B20yG3cx/TXmIQL8HESSLEi89yFC+Kl2gdVxIoXoKrccB+HBLxEkJzK166yg1+vxQX8SIJK+FuXhWQ3Yaj/QS0fg52K5jMkJKBkZoZ9wnVLjabjaqqKt59510OVh8AYHhGBrNnz+ass8/WDaskKEf+33D3jal63cAKAwznN40YzueGawrOg2jXaaSB86hnuI5+Xc9xHWzx8TrucrrSsZ5HuR4ifHAciJPf7vWjcTLSvd5A/LHYPQ2unYPtv8i0d3/7MZIn7b3XH4iT36EVL9H4IzdW8RJaOwfbf0G3c0j9GI0/cmMVL6G1c8LEi4/1Ezpeguk/xUvI/ZcQ8RLKnnoox4t7PcVL0PES0n5pCMdLnw0QXnuLeFJiVUT8OvL/MjAM57HGMJwHU4PuZKh3srV7xKkJwOg+lfA3YtXA+ULXMU4jVsM7OYzVCImgz3WC4bV+OCe1wfVj3I2QCKEfQ2/nYPsv+n+UaMRqKP0Y/XgZEiOKEiFegomTRIgXn+UoXhQv0TquJFC8BFfjgP04JOIlhOZWvHSVG/x+KS7iRRJWX4lVU8C5IjKkOVxHE+f/rm8Q8Tg4ekwB7HZHj/VcU0eAqeFn6mt5f0c3h49poINjz6m/7Q63vo6+26NnOwY8Gek5DXQy6dEvobZzv/rRo7w+29nfyUmg5b3OCaNTb1/lBtvOwfZf0PX1V+8Aywf4gAds55jFS4D26Hd7+1sujuIl1Hb2aHD/057x4q8eIdTb1zTUdo56vISwnw61nQdFvARzXPHXj/76ZTDGi8+cQ5DxEsx+WvHSd/8N1ngJov/81jtAOw+6eAmmvn20x5CIF/8f7P63d6DlexYbwn4pUL1jGi8R/nvLV3uEHS8iQVBiVSSBdR/k6H3QxHsKdE/pMe0533Pq8DP1tbyrPB8V7T31czLoc3kf2x2R+vajPXq2o9+TlJ7L+Ts58dcvIbRzv/rRo7w+29lPewdc3qPcaNXbV7nBtnOw/Rd0ff3VO8DyAT7gAds5ZvESoD363d7+loujeAm1nT0a3P+0Z7z4q0cI9fY1DbWdox4vIeynQ23nQREvwRxX/PWjv34ZjPHio9yg4yWY/bTipe/+G6zxEkT/+a13gHYedPESTH37aI8hES/+P9j9b+9Ay/csNoT9UqB6xzReIvz3lq/2CDteRIKgSwGIJLCjR49iGEa//wF+n3c99pwGehzoNRERERERERGRWCsr3xdwvkasikjE6HsaEREREREREUkUSqyKSL8ESpoqoSoiIiIiIiIiiUaJVRHpk6/EaaQSrUrKioiIiIiIiMhgpMSqiPilpKeIiIiIiIiIiG9KrIokOCVPRURERERERESCp8SqSALrT1JViVcRERERERERkd6UWBURoDuB2nPa3/VERERERERERBJJUqwrICKx53A4MAzDPY32+wwku92Oze7A4XAoCTwADMPAMAzMJgOTKcbf3TkcYOuAzjaw25z/HPbY1mmwMExgMjv/WVLBnAwDHLs9KZYjI65ilMHbr/HWjiIiIiISG0qsikjQYpEgDZbVZsNmUxJtoHUlR+x2ABtms4kks3mgKwEdzdDePLDvO5Q47GCzg63TmZgGSBkGycMGPMGqWI6suIhRBn+/xks7ioiIiEhsKbEqIr1EMnE60ElYm82O1WYbsPeTwGw2OzabnaQkM+aBGNXV3uxMqg6ikW+DRnszdLRC6nCwpEX97RTLA2OgY3So9uuA7+tEREREJC7ozE9Ehoyh+gf7UGC12rBFu286WqD9pJKq0eSwQ2uTM8EaRYrlgTcQMZoI/Tog+zoRERERiRtKrIrIkJAIf7APdlbXiK6o6GiBthPRKVt6a2tytnkUKJZjJ5oxmkj9GtV9nYiIiIjEFSVWRWTQs9sT5w/2wc5qs2G3RzjhYG1XUjUW2k442z6CFMuxF40YTcR+jcq+TkRERETijhKrIjKoORwOOq2JcDwILQAAIABJREFU9Qf7YNdptUXu7t8Oh3P0pMRGa1PELr2gWI4fkYzRRO7XiO7rRERERCQuKbEqIoOaTSOCBqWI9VtHM+gzEDsOu7MPIkCxHF8i1R+J3q+Jvv0iIiIiQ50SqyISlHgafeNwOHQdu0HKZrNH5rMUpet8ShAi0AeK5fgTiRhVv0ZwXyciIiIicUmJVREZtPSn6uAWdv9Z2yP2M3QJg8MR9rVW1YvxKdx+Ub86qR1EREREhi4lVkVk0Er0kVCDnT3c/utsi0xFJHxhJlYVy/Ep3BhVvzqFva8TERERkbilxKqIDFoOh/5YHczs4Y42tXVGpiISPmtHWKsrluNTuDGqfnWyqx1EREREhiwlVkVk0NKvwAe3sK87qA9A/Ag7ARehekhEhX+N1QhVZJBTO4iIiIgMXUqsisigpJuBDA1h9aNGgcWPMPpCsRzfQu0f9auIiIiIJIKkWFdARCQUhmGEuGYL1Tu2svnjBhrtACbScvOZPWca44ebQ65Py77NrHy3jpP2dM4uSeGj8hbOuHIRs3NCLrL/DpfxWjmUzi+lAKh/bzUrqtK56LaLKI5E+Ye28cbJM1gwaZjfRVqq3mL78EuYXRBc0aH3Y4je+x5s3NDjxXvh/jsiU/6xN+DJQ5ErL1jvfQ8O3Q7XTfV+/dOn4e/l8OX/hBH+Vj4EqzbAeTfCqGhXtFu4n4H2j9fzzLa2vuPt+Faef6WF6b7iwu+8Kl5+9mNqeyw+fNKF3HR+blj17lK5ZiXbsyJXXqSF2j+hreervS3kTZrKgvPHkh5STYJ3Yvf7bDqSy+xZE8kYoPcUERERkcFJiVURSSA2Dr27gdU1GVx07RUUD7cAbRyp3MGe4zB+eKjlHuSD9+pIn3EFNxVbADhvWqTq3A8nGzl4CCa6nuaev4h7zo9g+QWjSXt8BX/mOm71kVxtqXqFx97O5pZ7Ivie0VT0p96Jx6Hu9Dvg/r4WOgaf/AbOGNjEangaKas6QVamhaqP9jF77oQovEfKwH1JIvRq75MVvLyyjE2jRrNwQuhffgWjvf44Bw+baEeJVREREREJTIlVEUkcHR/zwR47kxZcSLE7iZrKqOKZrjySjc8rt/Da1npO2sGcmkXJ3DmcN9IMuzfw+EcWzh7ZSPn+dmykMHH2RczLquD5V2o4CfD+qzz+fle52a4Roy1Uv/sOb+xpwYaFvJI8zOX1nHLlImYf38DjH6Vz3fUzyAXXe7iee70fTFpUSsaOnWw/0oINMA/L46LLZ3LKR6tZUeW8I/uGZ1eyfdKF3JRb0V1O6wE2rd/JrvpOwETW+KlcNWcC6dSz6cV3+Hz0eGwH9lPXBsnZ41l0VamPnFo+s++ZDz6Sq91J1VmcGo0+G0grZsCwX8DuR6AZKPkFFG6HNx4F2zRY8AsozXWO/tyQ4Zz30ZtgvhS++ACc1jMF0w7vPQLvLgNbPuTdDkuuh+Mvw3OfwXfucx2F2+Fv18CEv0HpCfj7r2DfFjBfAPN+CKWuYcB7X4S//xFsQM7dcMv1kNrPbfMaSXsCXvsllL8JjIMJ34FLTsKTP3Iu+/cZkPML+MqC8Ns02vbtpLxjFIuuHc4Hyz7l/cYJnJfVNbOF3Rs3sGF/OzYs5E/MwkZ/5vXT8a08/8pJCs/opGpXCzZTOiVzJtOxo4yqJjsMy2PBVTMZn+walZo2llFHD7Kn2e6M34XnUdRzlLyfeOXjtTxXnsGVN5yH89NQy9svbKV9xhUsHLmfdWsq2NNsB1MKE2ddxLwJ6UAnh3a8w7ryRlqBtNzxLLjcV3zHueGTmTjyU8qONMCEXDi5x+f2Bm7jFqrfe5+3q5xtYc7M46KFMylK69E35DN9eA3bjwDUsOLZGvJnXsu8tK288W4NdW2AKZ2Jsy50tbGIiIiIJDolVkUkcdQcp47hnOEvA3h8B6+9f4LCBVcw+1QTJyo38sLaLYy68ULGAzQ38Pm0OXx5Tjqfb13HCzs+Yfr1M7jptixefvZjmHktVxXh/lkxQPvH77N6n4ULr7uKM4fbOfTeWl4BTulPfZvrqZ00gxvPzyM9uZPPp51Hycgskuhk99rVfPBRPTedv4h7cjfw+Ga6f/q/u6uANio3lrHHPJkbb5tEhq2Wt1e+z8s7cljsGlFbe9TOdddfSy57eO2vO9m+r5TLfQ76cyZXWx97gT9zA7dOGkZL1Ss8vDaTu5cOsqTq7rvg1x7PPUewVrfDV1eBdTP8/i5o+xN8dyvsfBjeehNKb3Qud/wVmPV7WPjvsOtp+L9HYOkD3u/z6V/h/RHw1a0wHNjwPfhbPtx6MeRdAmW3w7kZcHIL7LsSvpgMq74PeQ/BPxWA9RA8/Rso/E/gDXi5Fr76urOsXY/AaztDG3m790XYNx3u/3egHXZVwYiZcH8+/Pou+OJWOD34YgdeI+9/VM+IkssoSLbwhYn7WVd+kPNmjQGcsffWgVQuvG6BM/beXcsrrh+TB5rXWzu7XlnJLvdz14hKAE7weeZcvnxbOtUbX2f12xWcsegK7hlZy9svbOP98kbGT3Nmek/WnKD0qiuYN7yFj9es5621O8m9ttTjfQLF60TG7djJzn02CiaYYd8e9jCKRRMa2PRiBS0lc7mnOMM5uvPlrVROuIjxuzezel86i26eS4G5k0PvrmXde2Pi9pID/liP76TqqIlRJblAPZvW+N5e8N/Gabu38sY+Exd07YffXcsra8rc7X+yppEz58/lwpEZpDCDce+tZkVNrutLr3o2v1iD7YwF3DM1HevJPVQd1y0KRERERMRJiVUREZfP99RzMjOf0lOdP+fPKB5N3vufsv8wzsRqah6lE5yjEk/JToFdJzhC4CRp9aFGzKPP5szhZsBMwRmjGF51pH8VsoziC1PzXemeRg59tI0PDrfQ0XWfoFHHgUBJkhr2HIH8iyc5f85qzqdkdApVhw/QTj4A+ZPOJtcMkEVGGlQfqXeOCvMpnwVLL+ONx17gT1XZ1BzI4e6lcwZXUhUCXwrg9OnOI2OSa/TpVNdyBVOh/VD3csOugzNcy5yxADZcA9UPQJ5HWbuWwem/cyZCAUoWwPtbwDoTzrsd3t0C5y6A91dAyb2QtB92V8Hua+B9j3KOA8fehvY34bFnul/PmQSEkFjNmwRtz8CaETB1OpwxSC+LcPgTqlpzmX2mc9huQUk+yS99ys4ZY5ia7Cv2chm+x/mFR6B5vfm5FMBxgAwmFjs/B2nJJhiWyxkjzcAY8rO2caij07148tiJrvfL4Mxp+Wxf3cAhoHvMaqB4ncrUCR/zStUemDCWnbvqGV40l4LGPbzdbOfk++s8RsuncMpxMO9vwNYMr/xlZXed+9xnxIMeiWxLOhNnXMi80UDjAar9bG8e/ts4eX8DnNqzv+up7oBkIHns6ZSO9Pej/2wKRlrYVbWVTYxlUtFYzhxrieL2i4iIiMhgosSqiCSO0TnkcYCDNTaKR4dwrT6zZxIk8to9kjAAJJtI7nq8byfvHLZwwbVXMHW4hf3rV/FGRwTe1BzsFjmTq++9cpjLl54z+JKqfUlJ7nsZf6zt/V/2jEudlxg4NA7KgSXFQCUwAr70OpzWY/ljOEey3nFx6PXrMnwmfHMqHNgO7/4MDpXAvXcMsjOCNnbuqKW1E954dqXXnJ076pk6YKMyTWHsE2zYOvq/TykoySfrpRp2Hj3Jx/VZnDk/C1oBUii5ZhEzs7yX3w1QMJV75k/sXVhc80hkn9zJyhUHaE9O95rva3srfZblbOO+JJsDXVPDzPg5l3HL0QPs2lPD2ys/wlZ0ITfNiPcEtYiIiIgMBP2WSUQSR/KZfGGiiT3vbqHyZFcSs40jlZvZfMDGKRNzGd5US9nhTsDGicoa6ixZjA8je1hYkIWtZj8fn7QBnRwqP+K8HitAshlzcyO1rQAn2LX/pN9yMJsxA2azBVqr2HnY3j0vK500Omlt7bnSaCaOgtpdVZwAsNVSXtNO1qljSQl9k4B8zr9yCCZVg9G8AnadcD4+sAGaroQJPVr1jCXw6RbcHV7+BuRf4EpgFkMJ8LdfQcHtrptFjYcJwPbNYHWts3O7czrhAqh7BQ643vPkfvi0PrS6H6uExmQ47WL4p/sg6U04BDACMoG2IBLEsXJ8Jzvrs7hgybXcc5vHvwX52HZ/wm58xN6uendXBJoXLR0H9rjer4X95XW0ZuZQ6JXH7yNes87kzNxGtq89SMfE05maDGTlU5Dazv6PDjjX4QT7d1ZR79pGDu+j7LhzX2c9vpOdB4K+kmxsDZ/KxSUWDr63jf0QcHvBfxsXjs+Gwwe8+zszt0f7d8vNToWOTmfemjYO7TtAR84ESs+/kKtKhnOy5qDr/UVEREQk0Q2q8SkiIuExUzDrIhbt2Mrmla+ywQ5gIi03n9lzgOHTuPy8Lby29lUe77p51fwLnJcBCFHKmedxSf0GNqx4mXewkFeSSx7HnQNFx07jwoL1bPjbSraYUpg4erhrBJoPY6dx0dgNvPW3lbyTmssZo1NcCVlg5BQuGL+BDX9byQejzuQe9wC1VIrnlFK3fid/ffZjnDfDOZurpmUBISblhoKe11jlXtdNnYKQcyUc+CW87Lp51VUPOH/y75mTPP1GOO8R+N8ZHjevmtk9f9YS2P4oTJ/ueiEFrvoDvPwb+M03cd5Y6h5nsnXUVXDVSfj7zdBeCylXwoJ7+7d9Ob+AL3o8b6+FVT+Cps+c71HyExgLUAALfgh/vwZWLwm+TQaMjd0f1dJaONWZXPR06mQmDV/P9h2NFE3rEXuF6aS5FusVlx7zeut5jVUYPulCbpoUXK2Hj86gds2rvNNsxzwslwvnn80pQPeFQQLFq3P+1LPz2L7uJJNKxrhey+fihWfy2voy/vrsDuc6BROZd6ZzGxc1vc/br73KB6792aTzW2CQ3ef+lGnTKNn3DpvfO8L48/1vL/hvY4pmsKD+fd5e8TLv4Lx51SULS3u0v4fiMzl7zzZWP7uS4ZNKmX7yU1Zv+sh5g7PULErmTB5krSgiIiIi0WI4HA5HrCshIrFRV1eHYRhB/QP8Pu967DkN9DjQa/3R66fzcek4R46mMmJkOknYnDfE2pHCghtnUhjrqsWBlOQwrlV44ig47H0vF2mfPg0bCuArC8IvZ90I+NpVkalXLBkmyBgZ8uqDI5ZDV7lmJduzLgz7xlH1761mxfGx3H75lDBHnfdfODE6kP0aqTaOlrD2dSIiIiISM2Xl+wLO14hVERm0DAPi/quh1pNUbX2fqvp292inM+aUKqlK6Al1jwIg3vvfrxPw7qNw7luxrkhkGOFdWWhQxHLM7WP77k7GzZo8YEnVcGNU/eoU9r5OREREROKWRqyKJLDBPmK102rDbo/BiEWJCJPJhCUpjNuBtTZCZ1vkKiShs6RCWlbfy/mhWI5P4cao+tUp7H2diIiIiMRMXyNWdfMqERm0TCaNAhrMzOH2X9JAjduTPoXZF4rl+BRujIYd40OE2kFERERk6FJiVUQGLZN+Xjmohf3zWCVW40e4iVXFclwK/1IA6ldQO4iIiIgMZUqsisigZRgGJpN2Y4ORyWSKzDVWlVyNPUuqsy/CoFiOP5GIUfVrhPZ1IiIiIhK3EvtsV0QGvSSzdmODUcT6LTUj7KSehMEwICUjIkUpluNLpPoj0fs10bdfREREZKjT2Z6IDGqGYZCkm4IMKklJ5siN4DKZITUzMmVJ8FIzIUIjEhXL8SOSMZrI/RrRfZ2IiIiIxCUlVkVk0DObTCSZE/MP98EmyWzGHOmfBltSnSNXZWClZjjbPoIUy7EXjRhNxH6Nyr5OREREROKOzvhEZEgwm036yWWcSzKbMEerj5LTNXJ1IKVmOts8ChTLsRPNGE2kfo3qvk5ERERE4kpSrCsgIhIpZrMZw2Sis9Ma66pIDxZLUvTv/J6c5vxZelsT2O3Rfa9EZTI5k6pRvmmYYnngDUSMJkK/Dsi+TkRERETihhKrIjKkmAyDlGQLVpsNm03JtVhzjlIbwJ8AJ6XAsFzoaIb25oF730SQMgyShw3YzcIUywNjoGN0qPbrgO/rRERERCQuKLEqIkNSktlMktmM3W7HZnfgcDj/SXQZhoFhGJhNBqZYXV/QMCBluDMJaOuAzjawWcFhd/6Tvhkm543BTGbndVTNyQOWUO1JsRxZcRGjDP5+jZd2FBEREZHYUmJVRIY0k8kUqZuWy2BjGM4RrFH+2boMDMXy0KR+FREREZHBTIlVkUTQ1gj73oeP18Dn1bDvPQDygM4x07FnjqajaC62sefiSNENgERERERERERE+mI44uR3V+9uraCsfDeVu6tpbWsHYER2JsVFhVy1YCa5OUr2iIRk8xPw1m+dN/TpgyMlg7aZX6d9+i3unzn2/Af4fd712HMa6HGg10REREREREREYqmsfF/A+TFPrNYfb+LpZa9TuacagLTUZAoL8gCo2nvQvdz8OdNYfM3cmNRRZFBqqIa/3A2HPw56VdvIYlq++Dscp4xRYlVEREREREREElJcJ1ara+p46LEXaG1rZ9JpY7h64UyKiwq9lnl3awWr1mzmeEMThQUj+dfv3haj2ooMIrUV8OTifo1S9Ss1k+Ylf8I+6gwlVkVEREREREQk4cRtYrWltZ0HH36WYw1NLL7mYubPme6et3bjdlrbOigsGElpSREtre089NhyDh46yrzZ01hyrUauivjVUA2PLgovqdolNZPmO/7Pa+QqKLEqIiIiIiIiIkNfX4nVmN2Hde3G7RxraOKCc6d4JVUBVq3ZzKo1m3n0qZd48OFnAfj+0sXkZGeybtMOqmvqYlFlkcHhL1+JTFIVoK2JtBXfiExZIiIiIiIiIiJDiPmnP/3pT2Pxxo8+tRJLkplv3fMlLJYkr3kzzjmD4qJCGpua2XfgMBWf7GP+nOmkp6VSVr6bjk4b50wtCq8CrZ+x6fmnePKFv7N6zZus31TOwaQ8Jo7LISW8koNQzjP3P0PD2bOYMGzA3lSGss1PwIcvRrRIo7keUjOwjy7ViFURERERERERSRiH6z4POD8p4Nwoqa6po7Wtg9IpE0lP653GzM3JJDcnk3NKinjo0eVU7T1I5e5qZs2YwtPLXqfKdaOr0NWx/g//S1nxffz49gIsAJ11lL3wJE+s/zLfnpsXZvkiMdDWCG/9NipFJ7/zGA2nLcCRkgkosSoiIiIiIiIiEpPEaktrOwCFo/tOYN5717Ws3bjdveyk08ZQtfdgeBWoq2BbbTGLvu1KqgJY8ii9+QFKwytZJHb2vhf8JQCuewuGPwfP/inwcm1NpB/aSUfRPECJVRERERERERGRmCRWg5GelsLVC2dGttC0VNKo40AdlPjN7XZyaNMzPLO6igZrEsMnXcrtN89lXBpwYg/rl69g/d6jtFkhaeT53H7fdRSnAXXreeg/DzDlBqhYUYH1wu/xwOXZHNryPH95uYKjVkjKnsSlN93M3HHOd2o4sIpHfvsOB3qWJRKMXWuCW/66t2DkBvjfPpKqLsl733InVkVEREREREREEl1ME6tdI1eDUd/QRFpqcnhvnHEBNyx6j9/+57+wbewUZp9/PsVTxlKQ5h6/SmfZMzyyrYD7fvYVCixwouwZHnmhnO/dXoIFK9lzv8aPv5KBhU72rPglL7x5Pg9cXeBau4L3ym7gvp/dTp4FOsue4LerLdz0wK8pzYDO49t454AVxgEcpaziUr7/778mg1bKnvkly9+czr9ePS68bZTE0xDEJTLcSdWf9XsVc1NNCJUSERERERERERmaTLF4066f9ZeV7w5qveqaOo43NFE8sTDsOuTN/TY/+9l93Hx2Bgfee4FHfvIj/uWhFVS2Apxg2ztVFM+9nAJXrjWj9EJO2/MRewEyiimdmOG6jICFiZPG0dBw3KP0KVz3lXPJs3SXNenqmyjNcM615JzL3K4nZHP+olKcz9IoPXsiJxtOhL19koD2v9+/5UJIqgIk1VeFUCkRERERERERkaEpJiNW09NSuODcKWzZVsHajduZP2d6v9ZbtWYzAKVTT49IPSxpBUycfTUTZ18NncfZ9sxveXLFFH59czZtrVDx/P3c/7znGlOYAtD6GZteWMH6PUc52WZ1zfLehu6GbaWtFSypFnxLIs37qUh8Cvb6rSIiIiIiIiIiQ1jM0nhjR49kyzZYtWYLxRML+3Ujq65lZs2YEvkKWXI499yJvPDOcU5QQGoaTLnt19xe0nvRyhWPsj7pNr794xIyLEDZM9z/kb+C00hNg862TsBfclVkAK24xDlq9as/CW7UakpG38uIiIiIiIiIiCSImFwKYNnK9Sx/6W0AWtvaeeixF1i7cYfPZT2vw3r1wpnce9e14Veg7jUe+cN69hzv7H7txB5Wra9k7PQSMsig9PxJVL75Goe6Fumso2zbHjqBpKRUSEsj1QJ0HmL9+soAb+Ysq2r9y+xx/cK/80QZm8r0c3+JsPHn9X/ZFZfA0YucydV+so4sDqFSIiIiIiIiIiJD04COWG1pbeexp16ick81OdmZXL1wJstXrqe1rZ3lL61n7cbtnDO1iPS0VAAO1NRRubuasaPz+N7SGyJXkbxLuen8l3n+yZ9z6GgbViApNZ/iRffx1QtcVzs993bua32GZ35yPw1W5/yzr7udKcDEq2+m5JEn+dH9VpKGT+Kqc4vhqP+3Szv3Zu498Ree/6WrrOxJXHqTklQSYdmF/b/OKnSPXL3tLnj2T30ubsscHUblRERERERERESGFsPhcDgG4o2qa+p49KmXONbQxKTTxnDnjYt48OFnaW1rZ/E1F3Og5ihbtlX0Wi8tNZmrF87s93VYRRLWx2vg+bujVvyJK39HR9E8AAzDcP/zfN712HMa6HGg10REREREREREYqlyb3XA+QMyYrW6po6HHnuB1rZ25s2expJr5/LQo8vdz7uSpkuunUt1TZ3XusVFhQNRRZHB77TznddBbY/CZSZSMugsPDfy5YqIiIiIiIiIDFJRT6x6JlXvWHIZs2ZMYdnK9VTtPciYgpEsuXaue9n0tBQlUkVClZoF874Nrz0Y8aKbz/869uRMNK5URERERERERMQp6jeveuSpl7ySqu9urWDdph2kpSbz/aWLo/32Ioll5lfg1DMiWqRtZDEtZ98S0TJFREREREREROKdyeR/iJnJZEQ/sXq8oYnCgpHupOrTy153J1XT01Ki/fYiiefmJ5yXBIiElAw+v/y/IlOWiIiIiIiIiMggkmyxBJwX9ZtXPfTocqr2HqSwYCTVh466k6qFo/Oi+bYiia22Ap64IbzrraZkcPyLT2AdOdnvzap08yoRERERERERGapONrdSc6Te57zRo3Kjn1itrqnjT8te5+Cho+RkZ3LfndcoqSoyEBqq4S9fgcO7gl7VmjuJhkW/wZ41xiuJqsSqiIiIiIiIiCSS5pZWjjU00d5hBSAlOYkR2ZkMS0+LfmJVRGJs8xOw7r/6NXrVkTycE1/4Ks1n3dwroarEqoiIiIiIiIhINyVWRRJBWyPsfQ92rXGOZK39GNpP4EgeTseI07FljqZ13EV0Fp6LPTnTb1JViVURERERERERESclVkUS2Gf7DwVMoiqxKiIiIiIiIiLimynWFRAREREREREREREZbJRYFREREREREREREQmSEqsiIiIiIiIiIiIiQVJiVURERERERERERCRISqyKiIiIiIiIiIiIBEmJVREREREREREREZEgKbEqIiIiIiIiIiIiEiQlVkVERERERERERESCpMSqiIiIiIiIiIiISJCUWBUREREREREREREJUlK4BTQ0NESiHiLiITs7O9ZVEBERERERERGRAMJOrCoBJCIiIiIiIiIiIolGlwIQERERERERERERCZISqyIiIiIiIiIiIiJBUmJVREREREREREREJEhKrIqIiIiIiIiIiIgESYlVERERERERERERkSApsSoiIiIiIiIiIiISJCVWRURERERERERERIKkxKqIiIiIiIiIiIhIkJJiXQERkYFkGGBOMmEyGRgGrn9GrKslIiIiIiIiEjccDgcOBzgcYLc7sFntOByxrlX8UWJVRIY8wwCz2YTJbGA2K4kqIiIiIiIiEohhOAcjAZjNBhaLCZvNgd3mwGZTkrWLEqsiMqSZzQZJFucIVREREREREREJjdk1WMlsN7B22rHZlF1VYlVEhiSTyfmNmkkjVEVEREREREQixmQySE4xY7c56Oy0Y7cnboJ1wBKrlburWbtpB2Xlu/u1fGHBSObPmc7MGVOiXDMRGWqcO3mTrp0qIiIiIiIiEiUms0GyyURHe+ImVw2HI/pXRXh3awVPL3sdgJzsTHKzMwMu39LWzsFDRwGYOWMKdy65LNpVFElIn+0/5LpuSv//AX6fdz32nAZ6HOi1UCVZTFgspoiVJyIiIiIiIiKBdXbYsVrtsa7GgIv6iNXK3dU8vex1xhSM5K4ll1E4Oq9f69Ufb+LRp1ayeWsFI7IzuXrhzCjXVEQGO5PrgtoiIiIiIiIiMnAsySbsDufNrRJJ1DMQazduBwgqqQqQm5PJ95cuJi01mbUbd0SreiIyRBiGQXKyOdbVEBEREREREUlIycnmhLskX9QTq2UVexhTMNKdVK2uqWP5S+tpaW0HnJcJePmNLQC0tLbz1LLX+dB1Hdb0tBRKS06nta2d6pq6aFdVRAax5GQTCbb/FhEREREREYkbhuH82zyRDMjWpqemuB+vWrOZtRt3sHlrOQBPL3udVWs209LqTJ5u3lrB2g3b3cufM7WItNRk0tJSB6KqIjIImcwGJrOyqiIiIiIiIiKxlGh/n0f9Gqs9Lb72EoqLCpk5owSApXdeAzhHpxYXFbL4mospnljoXv6ckiLO+cU/R60+HR1W/vvJFQD885evIzk5cJNs/0cVL7z0Nj/8xk1kZw0P6r22/6OKPzzzMl+7/SrQl8KDAAAgAElEQVSmnzUp5DqLiDddV1VEREREREQkPlgsJtpttlhXY0AMeGI1NyeT+XOmu5+fU1LkNd9zHjhvfjUiJ4vcnMyo1Oezg4c54LrMwGcHD3P6aWOi8j4AU884jV//61cZlq7RtyKRkpRkwmRKnG/DREREREREROKZyWSQlGTCarXHuipRN+CJ1bUbt7NqzRbuvfMaiosKeejR5bS2tfOv373Na7l3t1awfOV6Wtuc12ItLBjJ0juvjWiC1eGAzds+5tzSYsD5uGjCmKhdpzHZkkRykKNcRSQwc5KSqiIiIiIiIiLxxJxkYLXGuhbRN+CJ1QM1R2lta6fFlTCtb2iitbWNltZ20tOc12Kt3F3N08teJy01masWXED98Sa2bKvgsadW9krAhuNg7VF276vhnluuAODJ51dz9Njn5OWe4l5mf/VhnvjLaxw52kD+qBFeP+FvaDzJr37/PDPOmUxZ+W7q6hsonVLEVQtn8tz/vcm+A7WMzh/J0juuYeSILPZ+Vssfnn2Zr912FdmnZPCr3z/PzBklfLjzUw4dqScvN5uv3Hw54wtPjdg2igxlhoFGq4qIiIiIiIjEGZPJwDAMHA5HrKsSVQOeWL3rxsu4dM40CkfnAfATV6K0K6kKzlGtAP/63dvdI1RzczJ5+Y0tVO6upriokEj44MNd5I8aQcGpuQDkjcymrHw3Cy4+F4DGE808+fxqxuSP5Jt3X09j00mefP61XuV88ukBvnb71TR8foI/PvcKe/Yf4ubr55M7Iosnn3+N19/6gFv/6VKfdXhvewVfvulyMoan86e/rua1dR/w1VuvxGzWNSNF+qI4EREREREREYlPJjPYhvio1QHPSrS0ttPa1uH1vKW1vdcyaakpXj/777qhVfWhuojUo7GpmX9U7GXWjCmYzSbMZhOzZkzh3Q/KaWxqBmDfZ7W0trXzxcsvZOSILIomjOaKSy/oVdbFs0oZk59L0YTRFJyay5nF45h21umMHZ1H0fjR1Byu99pmT1dcegFFE0YzamQ2JZMn0HSimY7OIf6pE4kQQ3lVERERERERkbiUCL8wHfARq8tWrmfLtgruWHIZs2ZM4cGHn6G1rYPf/dt97lGrI3KyqNp70Gt0atco1q4Ea7gqKvdTW3eMR/600ut1w3DOmzljCkfqGzCbTCQnW9zz01KTe5XV87W83Gz341OyhlNzuN5vPXyVJyL9Y0TrgsgiIiIiIiIiEpZE+Jt9wBOrxUWFVB+qcydIZ84o4djxRq9LAVy9cCZl5Z/yn//zAsUTC6k/3sixhiZKp0x0X0IgHB0dVrZsq+DqhbOY9YUSr3nvflDOlm0VnHt2MaNys+m0WmluaSPbddMpfyNPRWTgmRJgJy0iIiIiIiIyGCXC3+wDnlidNWMKs2ZMcT9fcu3cXsvk5mTy/aWLWbVmM2UVe8jJzmTe7GlcvXBmROrw2cHD1B1rZPG1Re6EaZfSkiI2vb+Tzw4eZsK4fIalp/HKG1u4/so5NDad5NU3t0SkDiISPl0KQERERERERCQ+JUBedeATq9U1dZRV7GHe7Gmkp6XwYflujh1vYv6caV7LFY7O4967ro34+zscsHnbx4zJzyU/L6fX/Py8HMbk57J528fc9k8L+PJNi3jy+dX86JdPkJebzfSzi9n64ScRr5eIiIiIiIiIiMiQkQCJVcPhcDii+QZ3f/dhJp02hu/fuxiAhx5dTtXeg+5rrN793YcB+OPD3/Var3J3tfs6q2lpKRRPLKS0pMjrhlYiEp7P9h/CMIyg/gF+n3c99pwGehzotf5ISx/w74ZEREREREREpJ9aW4b2DdoHJCvR2tbufrzk2rl8WL6bc0qKAFh65zUcO97otfyf/vo6W7ZVeL1WVr6bVWs2s/jauV6XEhAREREREREREREZaFFPrJZOmUhZxR6qa+ooHJ3n/telK8HaZdWazWzZVsGYgpFcvXAm55QUUX+8ico91Sxf+RZPL3udsQUjI3ITKxEREREREREREZFQRP3WL/PnTAfg0adeorqmLuCyLa3trN24g5xs582rupKuuTmZzJoxhXvvdF5zddWazdGttIiIiIiIiIiIiEgAUR+xWlxUyB1LLuPpZa/z4G/+zIjsTHJzsryWKS2ZyPw506muqaO1rZ35c5w3tvJVVk52JmUVe6JdbRERERERERERERG/BuQaq7NmTCE3O5O1G7dTVrGHYw1NXvMdDgfz50xnRE4WOdmZFE8sDFjWh+W7o11lERERERERERGRmLPb7XRabXRarTjsDmx2OwAmkwmTySDZYsGSZA75xtASOsPhcDhiXQkRiY3P9h/CMIyg/gF+n3c99pwGehzotf5ISx+Q74ZEREREREREBpzdbqetvYOOTmu/lk+2JJGWmhJXCdbWlv7VfbBSVkJERERERERERCSOdHZaaWlrJ5jxkB2dVqw2O8PSUzGbon5bJWEAbl4lIiIiIiIiIiIi/dPRaaW5tS2opGoXu93OiZMt/R7lKuFRYlVERERERERERCQOdHRaaWltC7ucltY2OpVcjTolVkVERERERERERGLMbrfT2tYesfJa2tqxu250JdGhxKqIiIiIiIiIiEiMtbV3hPTzf38cDgdt7R0RK096082rREQCKufR766hzNesvLN48AeXkh/x96xj9X/8mRV1UHrHd7l3asTfIGQfPvUwj5XDqZffys/n5fVzrUbKV77Ec1uOcswaf9vkrZoNf/6ASqD4kuu5aHSs6yMiIiIiIonAbrdH5bqoHZ1WUlPsmHQzq6hQYlVEpF/MFBYXcmqax0s5+aTHrD6DR+26F/jdpiZIymRKaQ7FaVbi4/DjK4HdSHnZfsqAzlKUWBURERERkQHRabVFteyUZCVWoyGJ/x4OgMMBBuDANXWAgYEDh3PqcLifg+FcAKO7pB4jlb3L816/67nXO/opz6s+hke9HA4Mw6MczwUwPFb0qI/hUS8H7vXd9fFav+s5XhXxXt93O/Vnu0Jvpx496Kud/JQXF+3UV7+FsF2ht1N/Pt++ywu7nXyxpGAMy8IYlo2RmYv5rLlYLvgixghlduLDMGZccz2LRsW6HoNNI1XlTQCULrmbe8+JcXX6VMK9D5fEuhIiIiIiIpJgOq39H616vHw9myjlmpLsfpedkmwJtWoSgHvIkOFKAhmuZJJXkqjX864kkkdJHsm5nuX1Xt/hXr+v8jzrg0dSzntKr6l3lhiv9aNSTpDbFWo79Vzfbzv10W8xa6e+yglpu0Jrp/58vv2VF3Y7+dLZjuPzOhyf10FNJbZd79Kx/N8wF59H0gXXkfSFKzEyRvhZWWKna9RjJnOuyafq1UoOWyFp7DQeuDWHdX9cz+Y6G0kZ+Sz5+k1cNArYuZy7nz4IJdO4O3U3T21rwpqUzpQFl3HPvAm+R8E2fcKyp9az4UALViApO5+rb72GReOqeepHr7K5LYV537iPJeOci5f/9bf8bpuNKUu+xrdmwN51L/H4G7UcszrXvf7OG5g/2nUIOP4RTz21ng8O2bAmmSmccRnf/NJksvqx9V2XBii9Zj7pW5zbSlI285YuZknqZn78639w2LVs2XMPc/dzY1j68GLO8bs9w/y06RiW3gGPPX0QSs7ils7dLKtswZqUzsxbrueiurU8+kYtTVYzp15wGQ98aTLpQOPujSx/tYIPe75Pz7o9/TB3M4alD8/lcM9RrP2t65LxHHv1H1ScgKSMMdzyjcXMygnlMyUiIiIiIonGbg80Eqtb6yer+K8Xa2ljPw1Ji7ljct+/o3T0s2wJnnsccNfFcR2urI+vEYHdI/q6l3frNaKvuzz/Iwzpszyv+YZHvbxGPnrPd6/vNRLTe75XEsw9wpBe5fUeiemnPkFuV6jt5H8kpqPP8uKinfrqtxC2K9R26s/n2195YbdTEGyV79P+9A9o/ffrsZW9GXwBEiHNbH3pRR7/c/e/Fz9p9JjfxMZXaxlRks+pSWA9sIOf/2Ite7MLmZIH1hO1PLdsI55rUL6Dpw4M45ySbDKtLVS8toLfbj7e+607P+Hx/3iVdQdaSB87hhnFmdBQy4rfP8uyzyZz3cJsoJ3Nmz9xLb+dtdtskDqR+TOGUbvueX75Wi2NOfnMKB1DobWW5b95gQ86XWU/vJbNh5IoLBnPjInDqN3yKr9cWR1U65S91L2tWBtY9+dNHEjLp7R0DIWpzmVGjB3PjNIJjAi4PZ6lNrHxpUoOk0JmxjDc36+W/4NVrTmUjE0Bawubn/4zv9zUxmmTs8nExuEtr7N8t3PRxvJKytuGUVI6nhkl2aQ31LLi8Tcp91e3oNq+R12XVdIybgwTMsB64iBP/992OoNqRRERERERSVR2u73vheo38ofltbQB0EHF8r/zVn3fq9n6U7aExJ1YNQznz7CdI/pcI+zwSD55PPdc3q3nU4/yeq7f9bzn+/kqz2u+w6NeHiMDe853r+/wKKfHfK+Rhe4RkfQqz71dniMxfdUnyO0KtZ16ru+znfyUFxft1Fe/hbBdobZTfz7f/soLu51CYD/4Ca0P30rLg1dhq/og9IIkRDaqK/eztaz7X1lNu9cSU750K9+69SaWznF9Y1h8Mf96z/V8646znAm7A0fxSldmFPP9H9zEPXfexa9ucd4Ca9+Wj+h5XGzcupmtbcDE2fz8m4u55567eWB2OtDCuo2fkHXB2UwBWrft4INOaNzyERVA4cI5lFDNhk1NQAqFBSlAErnZ6UAtm8va6CzbwdY2SMrLITcJSMskPxWOlVWwN4jWyZx9Az+/53q+9Z2LmQLQ0MixzBKuv3UuMzKdyxRecj333PoFsvrYHk+nXnIDj/3HfTz80ytx/0A/Ywr3fnMx935zNqUApDDvzru49867WFzi6qvPnAnqsVfcwLeumcxpaUDSMLJSgbajVLf6rtvYINve05QlX+Ff7lzMv9w5hUyAhuO9+lJERERERCQkbZU8/cQuDnm9eJLVT6yivC1GdZLuSwE4R9p1jQjsa0Rf1whBjyyRjxF93eX5G2HYd3le9fE78rFrhKBHOT5GYnav72+EYe/yfI3E9FmfILcr1HYKNBLT6KO8uGinvvothO0KvZ36/nz7Ky/sdgqD/dOttP33V0j9+mOYz7ww/AKlnzK57v67fVxjtc79yJLqGv6Y6tq1WlLcoyydU6v3CMZx4zmta37BSE6llsOH6qh2pibdWlqdFzEfMa77ZlljJ+bAphZobabTMp2rZ39AxaZaXt9Szt6NDUA+l12QAxzi2AmAdvaV7WefR7nHmpqop9lZs7pattZ5zGxr9B5d24f0jJRe2+xPn9tD9+/nTx1b2Lu8NDPOe4iZXS+kOBOm4F62EytQzYv/8QKvNwSxIWHUtbv/zaQDTaG/rYiIiIiIJBiTyeR/1GpbJc898jYV7T7mtdfyzCOvcvt9V1CS6nt1s0k3rooWXWM1UuUEuV2htlPP9f22Ux/9FrN26quckLYrtHbqz+d7QK+xGgTH53W0/uoGUpb8PyyXLw2/QImNz/azlxJOAzoPHXVe77Mgj0JwX/sTIDdzGNDEsc9qaaGQdKC2zpm2S8vIwgKcdskUCjdtpfqlNVQDI2bP5gsWgFTSU4G2bBb/5C7mZ3pXoXGzMzmZdu4V/P7GydHc2qC2JyKOfEJZA5A0nqX/dj3nWA7x4r/91Xei1c914gesriIiIiIiktBMJgO/v9ivr6ayOcDKzXVU1kPJGN+zDVMYP5+VgDRiVSNWNWI1wOc7HkesdlfCTvuyn2MaXYz57HkRLFh8c15jtTrN46WcYhZfkRd6kScqeeg/mjgnr43Kcme2r7B0Crk9FrOUTmPGylfZumcTP/7dPoozm6ksbwIyWXRJkXOhzC9wWfFW/lgJkM38Swpdaxdx2SWZbH6tgeW/+CPlJTmktzZSvgeu/tFdzJ8xkxmvvsrWba/y3bqPKM6B+s9qOTzxsqglWvvenrq+iuifUYWclvoPDrftZ8VTL7K5tdaZaHXL47SxZqizUfbSn3i0vICLrpkWm7qKiIiIiEhCsyQlYbXafM8cM5+f/2R+WGVLdOgaq/29JqbnSExf9Qlyu0Jtp57r+2wnP+XFRTv11W8hbFeiXGPVJ4eD1ke/hr12d4QLlt56X2N1a3ktLeEUmT2e+WOb+bC8gaYkM4UXXMH35vlI1Fomc88PrmDe2HRaDhxka3kDLXljWPyNmzwuTZBK8eRsANLOnek1MjV/3p38+PoxFCY1UVG2n617msidXMRpFh9llx2kmhxmTA4jYdyXfm1PJExm8T1nMSUDDlfuZ29mETN7bFbxtddwXXE6SScaKCtrpLPHiN6Bq6uIiIiIiCQyS5K574XisOxEZzh+P8wBuH727DGA0eGRxPIxog8/IwzdT73K8z/CkD7K86qP4VGvHiMfvRbwORLTc/2u571HGNKrPLwq4r2+73bqz3aF3k49etBXO/kpLy7aqa9+C2G7Qm+n/ny+/Y1YDbOdIsw86Quk/XhV0Ot9tv8QhmEE9Q/w+7zrsec00ONAr/VHWvog/dZt53Lufvog5J3Fgz+4lPyIFFrNsn97gXUN6cz7ztdZMjoihYqIiIiIiMgAaWlto6PTz3XKQpRsSSI9zc/FVwdAa0tktyfexM+I1axxkDm2V3kasRr8SEx/5cVFO2nEalTYqj7Aun11dAqXQaFl6ybWNQDFX+B6JVVFREREREQGndSU5JAHHvliGAapKckRK096i/2I1cILMS36H8ga51yx8TPsr30dDrzjLjakkY8aseq/3zRidciNWAUwjZlM+i/Wgan/Q/w1YlVEREREREQkfnR2WmlubYtIWcPSUrFYYvt3s0as9jGizy2UkZh5UzF98Xkc1e/geGYW9qdn4ah+B9N1z0PW2F710YjV3ut3v9z3yM64aCeNWI0a+8FP6Fz/XPTeQERERERERESiyhKhn+6nx0FSNRG4E6vOEX+4Ruzhc0Rg94i+7uXdeo3o6y7P3whDY/pSqCvHsfrrOI78A+p24njt61BXjnHhA73q4xz457G+e+Sj93x3fbxGYnrP930Xd3qV13skpp/6eI2cJKLt5Fme/5GYjj7Li4t26qvfQtiuUNupP59vf+WF3U5R0rlpeXTfQERERERERESiKtmSxLC01JB+3WkymcgYnk6ykqoDYuBGrKaeAjN/iOmy/4EpNzp/Opw1Dqo39SrPcWCTcx5gmnozxuWPYbrwAUj+/+zdfVzUdb7//8cMM8CADkKKiqIGFG6MhSmclRLX0ryq9GjftDYr2sXTat/qu9RWp3I7tnvKTfZUv7RO7i65uiWd9GRpWlImFu5XvEz4HmnRVBIVFQOTCxmY3x/DxXB9IcMgPO+3GzeYz8X78/58Zl58Zl7z+rw/AapYVcWqKlZbUHV4L47zp9y7ERERERERERFxK7PZRF9/S7sSpN7V63gZja0vLJ2i9tlxVtrVVAS2VtHnOqZlTQP1G67Xnk8/DPO/AoMBCr7BMO0/cQTfgKPoWO0Nq1zbMwRfj6PoGIZbX8Yw6ufO8VaHxWMYdS+Vf7kZQ3lxo7E6a8a0rBu7k0aVmIbqCkLjiHiMM/8T+oa49hgunKJq5/+H4+8rYNTdmGYk48j+byo/ehSvO17HcN2dVH72Wxx7V9Vrz+DdF6/5/4Wh3zDs6x6G73Z07Dg1W4npOvZng2fQpRLT0Ep77T1Ote01qsRsfNybqlg1NGqv8RirjfrTgf3q+HFq/fXdXHuXfZzcyL73U8y3PuD+DYmIiIiIiIiI2xiNRvwsvvj6VFFhr6TCbsdR5aCyqqp2vtFowNtsxmzy6lCFq1ye2sSqs6KupmKvQZKo0eOaCj2Xlhpc5lyvvah7wWCgalUchvJiiLoXw7S3qFo7HeO8T6DgG9jzpvP+PmMXwjUzcLw3HeM9n1C1/l74x0bw6Ycx4SuM1/+cqswV9SsEHTT6Xa8S0+HSH9fK2Ly/49ibUp0c9ccY+yuM45/EceFU0xWUvv0wjppN5d5V9dozjL4Xw6BRUFZUmzvryHFqfJxd9q+6vYbr1+6fy/PWfHvtPE6uycLLOd7taadD+9Wx49SW13dz7V32cXKjqmNZ7t2AiIiIiIiIiHQZo9GIj7cRH2+zp7siDXRJxarRtx+U/eCsNMWBofi4c6GCgzg2P4zhlqVwy1Jna+VFznFWi6qXKf/B2V7ZD1BeBD4Bbat8bKUSEwB7GVXfrMWAgSqHA3ysGON/g2HYOBzfZzbYIecvw+AbMNz4AFV7VjnbM/vjZftn8PaHsqLa5KAqVlWx6qmKVUdRgfs3IiIiIiIiIiLSy3VJxWrVPz7GOO4ZiHsaw/EdGCa+DGcOOhOlBQep+uwxDP3CnKufPwKF/4Di41BwEOOtL1OV9hTGYfEQPArH+nvr9+cyKlZr+lk75uelEudEo7npitWSc87Ztn/Gsfev4HDgFT0Pw4CRUHwCMKhiVRWrnq9YPZvn3g2IiIiIiIiIiEgXjbF6JouqD+/BeMtSiPtXyN1EVdqTGOdtgtDxta3US2Ue30HVxgUYJ7+C8d7NUHScqvX34PjhWNsqH9tSseq6n1ddi/End4CjCk4frG7HdUGgspyq73ZgvOY2DDfej2PvKgy22VByDseFkxiCwlSxqorVth0nN6o6o8SqiIiIiIiIiIi7dUnFqsPHiiF4FI6sNbXzjbPXAgYcq27CUXCwOjlVPTN4FMbpb2G8/T9xfLsJjqUDBgzBo+D41zjKfuiUilXD1T/D9HxRXaftZTi+WUvV7j9jvH5u/SNV3Y7jH59B6D9htM3GYTRhCL6Oqj3vYAgZXb3fqlhVxapnK1ZFRERERERERMT93F+xOsCGce4nUF5cN26qbwAMGEXV2unOG1c1bK/gIFVf/TvG2e85b3ZV036/YRjGLqTq3dtxnP7m8itW8/5O5Z6/OPerogTHkW1QfsGlP647VN3sj2eo+sdWjKPuwtB3EFw8Q9XeNXiFRFdvp2ZxVayqYtUzFauGgGD3b0REREREREREpJdze8WqMe5ZyPsKx4Z769YPvdmZbKWFys5yZyVp1VcvwfEdVGfrMM55D8P4Z2DdvZddseqwl0HW+1TV7HeDduqpbQeqMv+EMfwWCLqaqq9exXEul5qkoCpWL7OdDu2XKlZdGfspsSoiIiIiIiIi4m7Gmj9qKjQd1Vmfliv66pav1URFHwARM3Bk/61Be66rNdNeg4adFX9Q9c0aDNfMaFD5WDe/tp0mKjHrzXfpZ12FIfXba9gNQ3VF6pkcKjPeoCrzz1QeSK1N1jnXa2W/mjlOLVdi1rXXUiVma+115Dg1XYlJo+PeVMVqw/YaV6w2/7y0Z786epza8vpurr3LPk5upIpVERERERERERH3c3vFKoCjvKjx+rWrNdNevYZd2rtUXPv4citWW2unUTccdRWpjj3v1K3nskeqWL3Mdjq0X6pYdeUVMca9G+hlTp/5wdNdEBEREREREel0Awf083QXrnhuH2OV6qVarlhtor0GDdeMaVmbrK1X+VhTIejSThOVmDVjYnI0HfurP2lxTMyqA2up+ia1dv3KDY/WVqw2NXaofdVMl8rJ9h8njbHa9HHSGKvtZ/rpLPdvpBfRiUZEREREREREmlI7FEBNhaahtvLSJelUU9GHo978eho+dB3LtFF7rqs1016Dhg21paAu/XOpQK2ZX9uOawVlE/PrVRbWVkTSqL362eHG85s6Ti3uVzPHqanj3FR7jXLPtZMNrbbXLY5Ta89bB/aro8epLa/v5tq77OPkJsbwGzFojFUREREREREREbdzf8VqeRHGqHupqqppHwwDRgFgCB5F3ZiW9dc3BDuXIdgGjipqCv4MtnugvOiyKlbdUonZTOWkKlZVsdqVFaumMVPduwEREREREREREQHA4HjdvzrVY6D+IJBNJ69cx0htmAytnzSqbi/qPgwTXwafgM7pcXkRVWlPw8F3649lWd0fg8GlX/WShoYGCxiaSIbVza7dP5ekY23FbG1Ssi55Vv841S8EbdNxaibJ17C9xuu77B+OVtrrJsepteet3fvVsePUltd38+11wnHqZIb+ofgn/x2MXm1e59jRfAwGQ7t+gGYf1/zt+rulv1ua1hYWP1PrC4mIiIiIiIiIR5SW2D3dBbdye8WqI3sNZP+t2QrDhkmzhu01lQxsU+WjKlabf95UsdojK1Z97v7XdiVVRURERERERESk49w+xmpbx8Rs0xibDpd+tTZWp2vJaBPzNcaqh45Ta89bB/ZLY6yCcehITOP+2T2Ni4iIiIiIiIhII7WJVUf1ddh1Y562VNFXt3ytJir6atprvsKQVturN7/Zysf682vXb1CJ6Tq/6QpDGrXXVCVmk/1p53519Di1VInZWnvd4ji19rx1YL86epza8vpurr3LPk6dybcPvr9a4YaGRURERERERESkOapYVcWqKlZbeH13+4pVgwHLY3/GOOy6Tm5YRERERERERERaoopVVayqYrWF13d3r1j1ufff8LJN6NxGRURERERERESkVapYVcWqKlZbeH1324pV3z5YnvkA89QFndSgiIiIiIiIiIi0hypWVbGqitUWXt/dsWLVMCgcvyVb8Lru5stvTEREREREREREOsRU84ezoq6mYq9BkqjR45oKPZeWGiSNXNtrvL6jdv3W2nPtD67Jq3q/afS7XiWmg3rru6Wddu5XR49To+Rcc8eplefNY8eptXY6tF8dO05teX03195lH6cOMAQOxnvGQsy3zAezb8caERERERERERGRTlGbWHUmlWoqAlur6KupEHS5rrmJir669pqrMGy9vXr9abbysaZC0KWdJiox69ZvrsKwcXtNVWI22Z927ldHj1NLlZiGVtrrFsepteetA/vV8ePU+uu7ufYu+zi1g5dtAuZxszDF39P+laUTZbE86VP2N5g6aPp8XlIPlmYAACAASURBVLw1uFO2sC8lmfXDOq+99sliedKX8GACi0b5100+vZXn/1DI7OS5jPZAr0TcozfE807CfpPItIGN53q2byKdrafHc2uKyNqURk74JOaMDGg8u/Q7Nq/ewkc5JdgBU99AYmfezn2jgzGTx/bVu+CWOUwY0spmTuzi7S9g6vxYhrljN0SA1s5frero+1a93xWRy6CKVVWsqmK1u1Ss+lkxBg/HGDwC46AwvEaOw2vkT1Wd2q1Ymd3RN3pXhHL2v/Mum3v0PorU6OnxLNKb9OZ4Licv6yj7fcuZM7LhvEK2v72ejCEzeTk5ggCgojiXtHUHODJ6MpEUkbX/KETTemK18Dsy90OMEqsiIiL1mPjfPzY709DG361pazttbU9EpFup/pY7evpF0j45j90UyOzEeIo2beTz45WYgiN5/Ne3E2kuYPPS1RyxxVCRmUn2BbBGxvBYQjzDzA3aLDxAysptZBRUgsmPqJkzeTwugK/ffouPg+/m5VmhzuVObOHpFWXc9/tZ2IoPsfrNLaQXVILJSnzCvcwf6Q8VeaSlbGRdTgn22rZCmtgRP6JtsP71Dwn7/SwiG86uyGP7mq2sO3SeUjuYgiNZ9Ojt2CzV1Tx9rycs6xsyLoB17CQeizjEax98T7Hdh2vn3M2TccGAnePp7/PappMU2537/8SCeAZ3+pMi0kE9Jp5d9ymdV9909tE0LIq4hv0T6am6RTzHkbd0NUdsN1KUvpfv7F5cPf125lxI59Ud57GbrNyaOJ95Eb40e46s2Y85lWRsOFl9Xp3Nk3GFddW6n6wm8ZOhLKxXcVdAznEYFO9MqgKYrRFMS4ioPjbfcArgnWQSg69nya9H8m0T5/mrMlay+JNiAFYkJTurgYO3kfhJEEuemuw8hx9MrX0ccGwrb6d84/yf4xtI3Py5zv9fIu3SRFyGx/DEQuf7xqJDG3ltdQ55ZWDqO4BJ993NnL4uq7u8Jhu+RgdzkawP3mX5zmLsJj+ixwVTUbui3quKSPuYWl9ERESciln/h2TW1z6urpAB4CSnghJ4MzmAIx+8wUtvbmP2bx5n5cA81v7ufdZljudf45xr7T9UzvPPJvE4eax7/X2WfRDC6/dEuGyngM0r08iz3c2KGaGYiw+wfOl6UoIfISE+nNTVe8iaFYoNyEo/BDFzsFHA5je3UHxbAitHB0DxAZYv3ci+38+ENevYPmQOry8IxVyRx7o/bmJzeFOVPSbCpt9L3CcpLE/J4uUEG36us80DiJo+h7iEAMzYyVr9BqkZBdiqL408dbiSxGeTSLDv4pXn0lhWNoWXl86FzHd57MMMcuJmEXZwHct2BvHE7+5lmNnO8U0prPh8ZDe9vFJ6tp4ezzXyWLsyk3MxrtvPpvE3JyJXsu4cz5AH5BQE8eLSJAKObSTp9Q2kTr+HN5NDOPLhm7y0aRfTHovHr7lzpA3ge3Ls83l5aTAcWkfSyp1kxc1hUXIwm5euJmNsU0MVjOSO6RksWfMG/54VyYSYCCLDr6a/GRg4mReTB7M86VN4MIlFowDKMDdxnn/x1kRWBqeS+A51iduDzT0XhWz/4BsqZjzMyhh/Koqz2FfgdXlPr/Rq+3MreenZJPpziLdf2MTHh+JZELiVZSvzCEv8JYtHBlBRnEteaduv8qvYt4HX9llJ/G0isVZnrL2I1TlP71VFpJ2UWBURabNmLjU8DTCYmNHOehBLoA8EjyB6IEAokUMgu7S8dvGo+PHVFTChzLllKFs2fcdJXD64FWaTWRDIhPGhmAGsNxAXkcaarDyYNYY4y/tsPwi2kXtI221l0m9DoXAbmQWV5K35E4lr6vobdvooeVmVnOJ9Fn5Rt4noAqDJRIw/oxNmcyr5PZZ9HsRim+u8Eo588SGpWecpLqueZC8AnG80r7Jd79wvsx9+QOTY6sTssAEMKiukBMjZ/z2lBd/z4tPZdc3a6toQ6Tq9IZ6Bwly+PR/IpAbbX9/M4iJXpm4czxQAEBl9g7Nq1NcHP6zE2JyV5mHhQZBTTgmQ19w50gYwlEnxwc7tBloJ4Ch5p8HWyvAHg299iNfj8jmS+Q3b07eRmrIe88if8UzCGPo3Wrrl83zbBBE23IePvtjIZsYQZRtJbIQ+ckrHRcdPdH4ZQBChVsg4UcDZE0c5FRzBwupxhc3WCMKsVMd863KyTmKxzSTWCmBi2NgRDPqi0DlP71VFpJ10lhMR6SQdvrrWXklpmxcOZVp8IE/s3MPJ8wfIjryBRVagEMDK7GcTmRbkuvwh3gZiEpNY0GjsteaEMG3hFI78bj3LGeHS1DZWZvnz4FP3c5PVRM57r7KsrG622beNp5ToGayc3+bOiHhEz4lnEfFoPNdo66eups6Rp08CHd8PsyWEyPgQIuOBigO8+nQa6w+Nafx/pJXzfEsqyipr/4686xFeP53LrqwDrFm6Afv4+SxWtZ90VCdlLFxfo63Se1URaQejpzsgItLbZKfv4HgFQCFp6d9jiRxBmOsCQVHEBJ9n+44853hPxQfIyPXBZnOO2xYw7gaicnby0qfl3DpljPODVlAE1wYWk/FFLkUAFJGTmcVJRhAdCVnpuzhbAWDnbOYeclrrpMXGokcjOfdJjnP8NQCTFxbAbDZBaRZpWe14g1ot0jYYDu1le6EdgIrCXXyd2+5mRLqNbh/PQRFcG3ietHrb79xjINJTuCWe26Fj58hgrgqGkvMXm5iXz/YPtpJTWJcdrSg4yTkCCQsBCGJQIJSUVa/b0nk+OIirKKekJtNs8cFScIYjpQBF7Np3snpGGUcO5VISFMFNt87h8RkDyMs6VP2/TKRz9LeNYFDBUdJyna+siuJcjjSsVm32NeqMtdKsPewqBrBzfPfR2ve7eq8qIu2lilURkTZrOIYbzhs42JpdoUnRI31Y//vk6ptjXM/jsxp+Ix7MtMRJnFq5joVf1NwcYzYJNVcjmsdw57idvHQsimnDa9YJZd7CSaSkbOTppErsJi9Co8eTGO1L7PzZnFu9heef3oEdL66KjCIhErDSsoGTeWxOHk+sq34cMZkFo99l+XPJpPQdwZ2jrey/0L59N4+eyTOFG3h76WussYMpcDCT5kVC7W01RLpKb4nnUOYlxvDqm87hA0zBkcS2dvdvkStOd47ntmv+HNmy2OkxZLy5nsSdDYdECCYqfC9vr3iL7847k6SmwAFMSJzDJCtACNPuiuSllLdIXDuUhcm3N3+eHxjHfeOc896xTWFlwmQSxv6Vt59L5h2TlfjoAXAeoJyifem8mrLBeQOsvoOZnRCrs7x0roGTeey+dby28k8k2mtuXjWUMNebV0U09xp1xtpjh99l+b8ls9LkR1R0EFdRN0/vVUWkPQwOh8Ph6U6IiGccO5qPwWBo1w/Q7OOav11/t/R3S9PawuJ3pX03VH130+k1N4m4vHZyblvE46PbPlC/iHQmxbNIz6F4FhERcZfSErunu+BWGgpARORKcyiDzcXhTNKHNpErn+JZpOdQPIuIiPQ6Hq1YLSkt5+PPMvh6VzalZc47clp8fbgpNoo7bovDz+Ljqa6J9AqqWBURERERERERd+npFasezUqs/XAbO3dnMzRkAH6+ziRqSVk5ael7uVhSzkP3TPVk90RERERERERERESa5NHEak1S9bdJ99eb/m/Jf2Xn7mwlVkVERERERERERKRb8mhiNToqnLjYxrfrvHNKHBm7sjzQIxEREREREREREZHWeXSMVRHxLI2xKiIiIiIiIiLuojFWO1HeiQL2Zx/u0LrRUeGEDgnu5B6JiIiIiIiIiIiItF+XVKyWlJazImUDOYfzLqudyPBQFibMxM/ic1ntlJZd4rWV64iKHMEdt427rLZErmSqWBURERERERERd1HF6mUqKS1n2YpU8vLPEB0VTvSoa+gfaG1XG2fPF7P/4D/Yn32YZStSeWLh3MtOroqIuIPD4ehwolikJ7sSY+NK7LNIV7gSY+NK7LNIV7gSY+NK7LNIV1BseIbbE6tp6XvIyz/DHbeN484pcR1qIxK4KSaKv7y3hZ27s0lL39PhtkREOtOlCjsVFXbs9koq7JUYDQYq7JWe7pZIt2M2eVHlcGA2eWEyeWE2mfD27l5V54pnkbZRPIv0HIpnkZ7jSojnnsjtR/jrzGwsvt6dkgidN2siO3dnk5GZ7dbEqr2yks+27eaz7bspKS3nhuvC+Pldk+hn7cPpM+f5r4+38z/fHqPCbufqYYP5l/m3Y7X6syJlAyaTiX+ZfzteXkYA1m1K5+jxU/zvX8wm9+gJ3vvvLzh9ppDg/oHcO/tWrrt2uNv2Q0Tc68KPpVRVVWE0GvH2NuPv54vJ5OXpbol0WzUfiOz2SkrLyim/VEHfPhZPdwtQPIu0l+JZpOdQPIv0HN05nnsqo7s3UHi+mNCQuptOnS0s5mxhcaPlXlmeyrIV77fYlp/Fh2vDhnLufOP1O9OXXx9ga/oe7v9ft/Hys7/Ex8ebd9d/QWVlFRdLyhgROpAXnnyQF596CC+jkXWbduBl9GLsDZEcOZbP2cIiAIp/LGF/1mHGjY3i9Nnz/PndT7j+ujBefjaRqRNjWP1fWyk4+4Nb90VEOl9lZRVnzxVjNBoIsPrTt48Fi6+33uSJtMJk8sLi603fPhYCrP4YjQbOFhZTWVnlsT4pnkU6RvEs0nMonkV6ju4Yzz2d2xOrDaW8t5llK1IbTc/LL+D4idNNrpOTW3fTq9AhwQwNGeC2/pWXV7D34D8YN/Y6brz+GoICrUy9JZaz536gqPhHwoYP5vbJ4xhwVQADBwTyk2uHc+58MWXll4iKHIGvjzcHsg8D8N2xkxgNBqIiR3Dwf44QYO3D9Fv/iaBAK7E3/oTg/v04mnfKbfsiIp2vsrKKogsl9Ovnj7+fr6e7I3JF8/fzpZ/Vn6Liix55s6d4Fuk8imeRnkPxLNJzeDqee4MuH2zBz+LDt0ecVav9g+puYrU46YEml8/JzWPZm+/z4Lyp3BQTxbxZE93av7JLl/ih6Ee2Hvmerdv31E63+HrzQ/FFyi5VkPrhNo6fKODHi6UAhI8IASDA6s/oURHsPfgPboq18XVmNmEjQrD29ef0mfPknSjg8eeX19texNVD3Lo/ItK5zv/wI/36+WPy0rflIp3BZPLC2teP80U/1ntf0BUUzyKdS/Es0nMonkV6Dk/Gc2/Q5YnV6FHXsD/7MO+s3cLChJn4WXwA6j25ZwuL8bP4cK6wiLQdewHYmZnNsJABXBUUQElpudteDL7e3vQL6MP114UxZWJM7XSjwYCvrzdvr97IhYulPL5gDta+/qSl7+Hw0fza5WKjR7Jr7yH+797/4dj3p/nlvdMwGGDggECGDQnmlz+fjq+vT932fLzdsh8i0vku/FiKxeKtN3kinazmkqULP5Z22RhQimcR91A8i3S+qqoqKuyVVFU5qKysoqqq41VnRqMRLy8jRqMBs8kLo7H5i1gVzyKdrzPjGcDLyxnTPt5mDAZDs8t5Ip57iy5PrN4UE0VObh47d2ezJPmvjB4VgZ/FF4uvD3ExUfhZfFiSvApwviBKy8oByDmcx5I/rsZSnZR8/fePXHZfysovcb7ox9rHRoMBf39fbhx1DVvT9/CTa4YxbOhAii9cJCc3j4k3j8bXxxuzyQtfH2/OFRax95tvCbD2qW0jZFB/hocO4sPNXzN8aDDDhw4CYNRPwvgy4wCZ+3O4OdZGZZWDfVn/YLTtGiy+Sq6KdHeXLtmpqqqibx9/T3dFpEfy9/OlqPgiFRV2zGb3vj1RPIu4l+JZpPOUlJZjt1d2WntVVXWJnPLyCsxmU4ufRxXPIp2ns+MZnENnVFZWcemSHS8vI34Wn2YTrF0Zz72JR47kQ/dMpX+QlbT0PaSl762dHhoygMiIUObOuoV31m4B4Ilf3U1kRCh5Jwp4ZUUqpWXlPDhvaqf047Mvd/PZl7trH1t8vXl8wV387KYbuHSpgpS1W7hYUkY/ax8mTxiDwQBzZoznP1dv5Pmlf2H40EFERgzjVEFhbRteXkZuioni4P87wrixUXh7m2r37cG5U3jvv79g49admE0mbrz+WmJHj+yUfRER96qw21v8Rl9ELp/RaORSRaXb3+gpnkXcT/EscnkqK6soKS3H4XC4dTsVFXbs9kr8LD54eTUdS4pnkcvTVfFcWVnFhR9L8bP4NHujt66K597E4HDzM5uYlMy1YUN5ctHcJufnnSigpLQcP4sPoUOC660XHRXOoodm1U77y3tb2Lk7m8W/nl9vWRHpmGNH8zEYDO36AZp9XPO36++W/m5pWltY/LruZFBUfBFvb7MqzEXcqLTsEpcuVRBgdW+liuJZxP0UzyIdV1Fhp7TsUpdvt7lkjOJZpON6azzX22aJvcu25Qld8nVQzeX8TQkdEkxkRGiTidJz54vrPy4sAsBi0Z0BRaRrVdgrMTfzrZ+IdA6zyYuKTr48qimKZxH3UzyLdExVVZVHkjDgvEy5qfEeFc8iHdOb47k3cXtiNToqnLz8M+SdKGjzOq8sTwUgL/8MqRu28e3h7/n4s518e+R7gNphAkREuoLD4cBoMDR7OYWIdA6TyQsvo8Gtl0kpnkW6huJZpGM8lYRpafuKZ5GO6a3x3Nu4PbE6KX4MAMtTNrQruTpubBRDQwaQlr6XV1ak8tGnGQwNGcC4sVF6AYhIlzIYDPpWT6SLXKqo7PDwIG2heBbpOopnkfZxOJx3CfekysqqJj9vK55F2qc3x3Nv4/YBCiMjQnlw3lTeWbuFJX9czVWBVvoHBTS57B23jSMyIrTeeKxp6XtI3fAl48ZG8dA9nXPTKhEREREREZHupKy8wtNdAJz90DinIpdH8dx7dMmdX26KiaJ/oJW09D3szz7caOzUGkOzBhAZEVpvWmR4KEGBVm6KieqKroqIiIiIiIh0uabGQ/SE7tIPkStZd4mj7tKPnqzLbqkdGRHaKGnaFqFDgln6XKIbeiQiIiIiIiLSPVRVdY8h77pLP0SuZN0ljrpLP3oyt4+xKiIiIiIiIiIt6y73Euku/RC5knWXOOou/ejJlFgVERERERERERERaSclVkVERERERERERETaSYlVERERERERERERkXbqsptXiYj0dDvfWsLWAgA7ZT/aMfXxrf4na2Pu4tlEumm7F/av4o2PjlFxOdvJWsVv9ozhDw/YGs3KWb+EbYMf4eFxQS33I+cTdjCe6ZF9O9IDERGR7qX4EGtTtpF5vtL52GQlesbtzB/dwvnw9FaefwcWPjWZwe3eYBFZm3bC+KnYrB3ss0ivcJEj6RtZ88UZiqqnBAyP5cH7Yhlm7vreFB3aQhrjmDMyoNG8k5+vZPFn5VgtLhODr+eZhfH074Rt70tJJmNsEotGdUJjnanwACkpO8i6UP3YFMSk+TOZNty/1VW77T6JNEOJVRGRTjLu4cWMAyCLVb/Zw5jFD9A4TdnZDvPJ+lImP7OYsZbWl+6IyNmL25SsLc3PJpuxSqyKiEgPUEjayjTO3ZZA8qjqREBFAbs25XJ8dCzD3LLNcvKy8mAsSqxKGxWT8c7fWHe0hUVG/BO/ffBGetJL6uTn77L8eCyLX5hLTSqzKHcr+4/BsIiu70/JiTz2cyNzRjY9f9Btd/PircFd2ylPKk7n35fmEPnowyQPqU45FR9g+dIUUhIeIcEDz9GVoXfGc0+gxKqIiLvlpLJ4RyTP/zIa55foF9jxH29wfu4zhG39DXsG/DMV2V+SX1qBOWQ89/58IsMtAAXs/NMqtuaXAmZCJv+CX45zeVNWuJO33tjM8TI72a8s4RPbXBbPDiN/xypWbcunAjCHTOSBB8YTYoasVdXb2v0xRyIf4N/nNkyXHmfnnzbzZX4ppQQz7eGHGRdcvd6YP/CArYBtr6zi/E/Dyf8qh8LSUizRP+eR2ZEcX7+E1N0/8iNvsWRHMJMfeZjoM+t5IzWLUgBLJLMfnotNOVcREbkiFJJXaCU6wqW6yhxM7Ky68/DJjHdZ8VkhJYA55HoeWxDfqEq12WVKD7F6RRr7LwB4EXrL9QR+sY+/XyiHN98grRMr2qQnsxIe0Q/T0R+wN7NESMSQnpWEqdhD6mdW7lt6A671oQERk5kAjavGXR8fTCVxdxD3VeSy9vBgFv3an9R3ypkQfpJ1mV7Me+ohYgo2smztUWclrGUECY/ejs1SXUUZHENFVjZ5peUQfCNPLIzn3AdvkJJZTjHvk7TDyp2P3s+Eli/yquVs80ZK9h3iVGk5V90yh/vYxoqdxRRd8GFC4nzmRfg22HYl5pBIFsyfTFjDooqKPNJSNrI5vxLn/5XbWRQfSs57b5A28pc8PtrXuVxxOkteL+HB56bS/1DT+wv5bH97Ax/VtHXbTB6PC2k8ffztLLo1FNdC4eNfZGOfMZc5Q1zSTdYbWDT/Ox79Yg/3RYzBXPtcHGVzfjklWJnzq/uZMNCloUMf8mh6KMkLxlS3X0hacipn5/2KeUPadoyvLL0wnnsIJVZFRNwtcjxj16fy9wvRjO8L5G/jq76TeTwEDgPZ+Waef/IZ+gIF2/6Dtz4axuK54RxO/RsnJz/O4uFmoJTdf1rFTtvDjKtJTgaN4+HFfetXx+ak8lZONE8u/mVde+tDWDw3HIDsI3aefubfCWrqMqnDZ7A88yTPWKB09594cXMW4xoNDXCGwxce4MlnZgPH+Oil9/l7wZNMnL2YhwNfYRUP8OTEYCCfj/6zgIlPVlfSXsgnv/OPrIiIiJtEMHVGBsuW/oXs8TYmjIwibIh/XfIg90NW5o9j8QtXYwZKMt9leUYRT4a7NNHcMnGVbH87jeLaatgiThaaGBx/DcFLN8CDiUwb2LA/Ik0bePM9/Jo1/CHtQqN5IZNmk3RzD3sx5Z8hLyiIQR1dP+skFc8m8maQCU5vJbUgj7yZ9/LmXQFQnM4r6cE89sLtzqTtsS0s+TAX2z3OEsucggBefupX+HGRr99+i/UH41l01yM8EbiSFcxstir11Gfvk7TDZYJtEsl3jaxuM4iXn/sVfmSxPOl91s97mJef84djG0n6cBfTHosHYP8JX5Y99SsCcA4vsOzDXJLvqV/6mfXBBrJGzyd5QQCQz+bk9awJeYSE+AjWrN1F0eh4AnAmPq1T7mdYC/ub894Wjk9JJHm4CbjI12+vY7vtfuIOf8lHQVNJXnA1YOf4iQLqf6woI6+gnFBbE9nl4AD6H8vjCGOcV8PlFmJ5LpGXLc7/j0mfZDEhweWzx8gxxH2wle3FY5hkBU7sIq1vLIt7ZFLVqdfFcw+hxKqIiNuFMPFmeGNbPuPvDCFnRzZh4++k5kvma6NvoCZXGjz2pwT9RzbHgN3ZZ8jOeYksl5Zs+dDSdfmH92czLHp2E+05P+lF3Ty+6aQqQPgNRFd3yjIsnMBtZyhotFAgUWNr3jQOJyzkDHsKgEbvIwcQOayA9e9vg5sjiRoWQogHxrwSERGhMJ1XXv+GUwBUV5TRxLQGeYDBcfeTHHOR48f2kPHFBtYcKsJ6y1QW3Xo1eZlHOZn1PU/XO0mfBJfEak5zyxQX8HXBUObUDDFAAIODAC62bx+CCtm+4l0+qj5ZD7rtXp6Ma2OpnPQoA2+ezYPfv8c7hy7VTvMdOZGFSsI0ZruBSUEuaZDACKZWj41alJXLt4dLWPLCrrr5wX6cxZnAjIy+AT8A/AkLt7KloMk3wY20NBRAXZvBhAVbYVj1/wVfH/zKyimpXi5q9PW1FbqDYyK56o+5HME1sZpLZlYQMXfVLBVC3Dg/lmTlwaxYJpHK5hPxzBtyiM+zBjNplj9FGc3tL2RknWdfzlvsd9lCdD5MCBlMwIZtrA6+yE22CMKGhLS6//WYfesSsREjia3+7OE3bAD9vzjJyXoDqYUyLR5e+iKPSbNCyUr/jsj4qdXHq+dSPF95lFgVEekCfX86kQHLdnNs2jB2HIli+ty2rBXCtP/zSF2Famdo8b9+W04JJto2lKuZyJ8/w+OF+RzP/jt//tthhj3wJHcOb9PKIiIinSconidfiG8wsalpTTD7Mywivnrcxu9Y/UIa20cnEgaEzpjPv8Y1uFnN6bx6D5tcprjx15atanIfgpiw8BHn5c/Sy/kxat7tTH9rPZ+cAgZdx6PzRrbxPdsVJmQAoYW5nIIO3CAOwKv+wwZf/FuipzaqBAXIA/dkT7okIxPEhFsCeD4zjzkFe8mxjScBKKK5/c0FApnz64eY0Oi684ksfjaW48eyyd6wmuUVN7J4wRiXYRl8CQ324fP8Qoho8EVPQRFnQ0IJrZ3Q4LloQsC4Gxi0NJsjMwpIO3w1s+9px25fsXpRPPcQRk93QESkVzBHMz4sm81/3saFmyfi+t3ut/sPUHOxR8Huv1MQGclwwomOKuCrHXUfvi4cPtZEBWl94dFRHHdp70JONoWRUXRFPjOwbyBnjtf0sJTCgjIsQcOJHD+bu8fayTnSgQ+SIiIiHpHPrsxciipcJhUXU1zhz1V9IXL0CE7t2MXJ2nm5HDldv4Vml7HaiA36nrSDNRWqdoqKLwJWrIHF6HQpHTOQWx+cwcyfjubRByfQY2vbzGOYe1sxa1IOOMcFrVaUm87Xx4CBgxlUfJFz1dNP7j5aXendugBbBP2z9rCrtHpCRQE5x4paXAegv9WfU8fdG7jZ+76p3d+TmTmcihxBWL0lIoixFZK5v2apIrKySrDZnGlM8+gbiczawatflDHpFue05vc3ghhbMWk76gbyKsr9zvm/rDCfs/gzLCKWaQmxhOXkcqRBX4dNicW6aR3rTriMFFp8gOWrTxI3ZUzDXHbLzGOYFP4d61YeoDjeXTcO7I56STz3EKpYFRHpIpE/jSJ1eQF3/qJ+CWpUSAWpr7xEfmkp9qCx/OIXzmv9I2c/zE9X/ZklS5yf6swh47l32PBG36zX38hsHi5YxRtLfJAvnQAAIABJREFUPqm9edUvHwhvYYXOYx57J9P+/gaLl6wnes4vGbz7b2w9Vv1OzWJj7iPBkLOeJakwd/FsBux8izcO3MAjD0eS89YbHLjhER4ep0sYRUSkOwgmzLSF5Uu3cK4mN2AKYtKCmcSagZG380TB+7z2whtU1MybP5QwX5cmmluGICYlTuLkmyt5dJ0Js8tNZm6aeSPbX3+VpHURJLxwOw1HOhdpke8w4qf2/NTT4FvvZVH6Rl57YUdtsjFg+PXMnQNgY/aMvSx79g2w+BAabuWqtjZsjeex+Rt5bekbpALgh23OnJZG4QLAHPMzZme8z6MvfEnMvEeYP7L+/EZjrFbfnK49ooeUkbL0TfJKy6kIHMnjC0Y2WsZ210xOpbxL0qaam1fNZFFtMepIJtjSeKlgHI/XVKG2sL+2u+ZwKmUDSS9UOvcxJIoFw6+mqGAvb69YX/1/0YvQOTMZ3bAjljE8/pSJ1atXknS+snraAKYtuJ9JHaj2sMVdTcrrhcxN7GWfE3pJPPcEBofD4fB0J0TEM44dzcdgMLTrB2j2cc3frr9b+rulaW1h8eu674ZOn/mBgQP6XVYbFfv/xIs541kyt+7tWdaq37BnzB9odI8okV6qM2KtO2xDRBTPIu1VfKGk9YW6iLVv/ZEsFc+esy8lmYyxSSwadTmtlLHr7T+RHf8ICY1zst1axb53STp0I6/fc2V1vLfHs6vSEnvrC13BNBSAiEiXKOCrrReYPL2177xFREREREQ60ekdfHzhemZfWblJoIC0z8q4c8YV13HpRVSxKtKLqWK17fQNukjXUEWMSM+heBZpn95e4aZ4lp6kt8ezq55eserRMVZLSsvJyMwmIzOLvPwzAISGDCAuxkZcTBR+Fh9Pdk9ERERERESkSxiNRqqqqjzdDYxGXdgqcrkUz72HxxKreScKeGXF+4CDuBgbd0yJAyAnN4+PPv2ajz7N4MmFdxM6JNhTXRQRERERERHpEl5e3SMR4+WlRIzI5VI89x4eOcI1SdVoWwQvP7eAebMmUlJaTklpOfNmTeTl5xYQbYvglRXvk3eiwBNdFBEREREREekyxg4Oj9XZvFThJnLZFM+9h0eO8NoPtxEaMoCH7plae7l/xq4sMnZlAeBn8eGhe6YSGjKA1A1feqKLIiIiIiIiIl3GbPbydBcAMJmUiBG5XIrn3qPLj/DZwmK+PfI9d1Zf+t+SO6fEkXM4j7OFxV3QMxGRpjkcDsym7nFiFOnpzCYv3HlfTcWzSNdRPIu0j9FoxGz26G1Q8PY2NTkmo+JZpH16czz3Nl2eWN2f9Q8svt5ERoQ2mldaVs63h7+v/YmMCMXi683+rH90dTdFRGoZDAaqHA7s9kpPd0WkR7PbK6lyODC48dIpxbNI11A8i3SMxdfbrXHTEoPBgK+Pd6PpimeRjumt8dzbdHn6vKS0nNCQpm9IlZd/hldWpNY+XpmcRGhIMCWl5Z22/dKyS7y2ch2Hj+Y3OT+oX18e/5f/xarULQA8ljgHi2/jF6OI9C5mkxcV9kpM+iZdxG0q7JVdUq2ieBZxP8WzSMf5WXy4WFLmke02RfEs0nG9NZ57ky5PrPpZfMjLP9Noes0NrBrKyy8gLtbWadv39fFmUcIs7JXOb8L+ti6NouKL/OLeafj4eGM0Gujj58eihFm1y4uImExe+gZdxM3s9kpMJve/NVE8i7if4lmk47y8jPj7+VJSWt4ll+saDAb8LD7N3j1c8SzScV0dz0C3iOfepMuPZrTtGlI3fElObl694QBChzSuYs3JzaO07BKR4Y2HDegogwH69rHUPvY2m/DyMhJg7VOvMtV1GRERb7OJi51YPS8ijVVVVeHjY3b7dhTPIu6neBa5PF5eRvr2sVBadomKCrvbtuPtbWq1mEjxLHJ5uiqevbyM+Fl8WrzMv6viuTfp8sRq/yAr14YNJXXDNhYn3d/isms3bOPasKH0D7J2Ue/qvL16IwAL5t/Ox5/t5ED2YYaGDOD/7vkfvL3NPDj3Ns6dL2bDlgzs9krunBLH1FtiMRigrPwSH2xMZ2dmNlVVDm6KtXHXHfGqfhW5gpnNJrzKK7hYUoa/n6+nuyPS4/x4sQwvLyPeXTDIv+JZxL0UzyKdx+LrjY+3Cbu9isqqKiorq6iqqupwe0ajES8vI15GIyaTsckb27hSPIt0ns6OZ3AmU728jPh4m1sdN7Ur47k38cjRTLhnGkuSV7E8ZQMJ86Y2GvuhpLSclLVbOFdYxKKkBzzRxUa+zz/DP934E37/zEP818fbeeuvHzN61DUsTrqf3ftz2Jq+m1HXhTFkUH8++Did7Jzv+D//chd9+/ixKvVTNqX9nTkz4j29GyJyGfr2sXC2sBgfb7PGfhLpRHZ7JWXll7r0i1TFs4h7KJ5FOp/RaMTbu8vvO614FnGD3hTPvYVHEqv9g6w8uXAub6Rs4OnfreSm2KjaG1rl5Rfw9a5sLBYfnlw4t9s86SGD+xMXE4W/ny9joyP5f98eY9otsQy4KoBR14Xx2fbdnD5TSF9/C9k53zFj8jgirh4CwLRb/4nNn/9fSsvKsfg2PYCwiFwZAgP6UHThItY+fnqzJ9IJ7PZKin8sJbBfny7ftuJZpHMpnkV6DsWzSM/hyXjuDTxW/xs6JJjfJt1PRmYW+w7mkpa+F4Brw4Zy55RxxMXYmr2LmSd4m031LpPw9fHG2tcfAH8/39pS6qILFyktu8Sq1E9Zlfpp7fJB/fpSVl6hxKrIFc7Ly0hAX3/OF/2IxddblymJXIYfL5ZRVn6JwH598GrlUkR3UDyLdB7Fs0jPoXgW6Tk8Hc+9gUcHVvCz+DApfgyT4sd4shudKqCvPxZfb2ZOvYloW0TtdKPRQF9/Pw/2TEQ6i5eXkf5BVi78WMoPxRerx6jywmzy0rfqIi2w2yupsFdit1dSWVWFqTqWPEnxLNIximeRnkPxLNJzdMd47um6LLGalr6HnMPfU9rBu/xZLD5EhocyKf7GTu5Z57L29Scq8mq2Zxxg+NCBBPbry+mCQs6cK+Lmfxrl6e6JSCfq28fCpUt2KuyVXLrkHGjfaDBQYa/0dNdEuh2zyYsqh6P6A5EJXx8z5m40cL7iWaTtFM8iPYfiWaTn6O7x3FO5/QiXlJazbEUqZwuLiLZdQ0lJGWfPF3NTTBQAeScK2J99mDtuGwfAx5/tJDoqnNAhzjFXv87Mpn+gFYuvDx99+jUZmVk8sXButxomwJXBAHfdEc8HG9NJfvN9Kux2BlzVj5lTb/J010TEDby9TXh7mwDn/ySHw9Hq3RhFeqMrITYUzyJtcyXEhuJZpG2uhNhQPIu0jWLDMwwOh8Phzg2s/XAb+7Jy+W3S/fhZfPjo0wxycvN4ctFcwJlYXfLH1SxKmAnA8pQNLP71/NrE6ivLU4mMCOXOKXGUlJbzb8l/ZbQtgnmzJrqz2yK9wrGj+RgMhnb9AM0+rvnb9XdLf7c0rS0sfvr2TURERERERKS7Ki2xe7oLbuX2kWv3ZeUyOf7GZitMaxKoy1M2sDxlQ71pDflZfJgcfyP7s3Ld01kRERERERERERGRNnB7YrXwfDGhIU0nSgHOFhYDMHfmz5g782f1pjUlNCSYc+ebny8iIiIiIiIiIiLibm5PrLbmXGERAJPixzApfky9aSIiIiIiIiIiIiLdUZcMUJiXf6Z2DMVz54spLSvn28PfA5CxOxuLr0/tY4uvDxm7s2uXLy0r59z54tr5eflnuqLLIiIiIiIiIiIiIs1y+82rEpOS3dLuyuQkt7Qr0pvo5lUiIiIiIiIi4i49/eZVbk+sikj3pcSqiIiIiIiIiLhLT0+senyMVREREREREREREZErjRKrIiIiIiIiIiIiIu2kxKqIiIiIiIiIiIhIOymxKiIiIiIiIiIiItJOSqyKiIiIiIiIiIiItJMSqyIiIiIiIiIiIiLtpMSqiIiIiIiIiIiISDspsSoiIiIiIiIiIiLSTkqsioiIiIiIiIiIiLSTEqsiIiIiIiIiIiIi7aTEqoiIiIiIiIiIiEg7KbEqIiIiIiIiIiIi0k4mT3dARORKUXJsK2+vzib7fCXghTUklLkJM4kN8uy/0pOfr2TxJ1YWJs9ldGc3fnorz//hKHG/SWTaQJfpB1NJ/CSIJU9NZnBnb1OkKzT32m6oTa/1AjYvXc36gqbmWZn9m5nwzmrWB09hZYKNokNbSD08lLkzbAQA+1KSWT9sPi/eGnyZOyXSO3Xs/OyM2yPTk1g0quX2T36+ksXHx7EywdaB9bNYnvQpp6Y7Y7xh/IuIiMiVTYlVEZG2KE7n1dePEvqrBFZGBAB2inK3sWbnUWJnRHi0a4NvTWTlre7cQjHrX09l0HNzGW1x53ZErlTBTHsqiWlATRKFBxskW2rnQ8mJPDKzvLhDiRWRy9eNz89ONhYl1yVkFf8iIiI9ixKrIiJtkX+G77AyKaLmY5CJgIjJLKr+zNaw4qzuMc6KFlsMFZmZZF8Aa2QMjyXEM8wMVOSRlrKRdTkl2E1+RM2cyeNxIdVVcv7MDT/Jup1w532hbF9TyOyX7yXWDFDGrreXs2VkAosDt9ZV1JV+x+bVW/gopwS7yYvQmKk8cddI/JqbXlNxU9O/4VMaVOQADCA64gwr3k5n2WPxjT8IFh9ibco2th8vwY5z/55YEM/g2rZvpCh9L9/Zvbh6+u3MuZDOqzvOYzdZuTVxPvMifJs/DiJd5Oy+dby29iin7GAKHMy8xHuZUFvJWk72BytZsrMYu8lK3Lw5JIwOalf7Nf8TZh9fzYosgG9YnPQN0Q8mEee6oGJBpH0u4/wMwPF0Xl1Xc36+nkXzJxPW7i8RCxqf68NjeGKhy7lwehJxu5MbxX9r1bIiIiLSvXk8sVpSWk5GZjb7s3I5fqKA0rJyACLDQ4mMCGXc2Cj6B1k93EsR6fVGjmN2yHusfOEv7B9vIy4igsjhQZjbuPr+Q+U8/2wSj5PHutffZ9kHIbx+z1D2rVnH9iFzeH1BKOaKPNb9cRObwxOdlW0FR8m6ZTbJM0PwMxdi/iKFjKwyYkf7QvEutuQMZmpCEByq287ZjDTW28fwWnIsfhVF7Ms6g5ky9q3dwGbzRF5OvoGAijzW/fF9Xs0I5l/javpXwhOPPsyiIP8meu9DXMJswpLf47XPI1h8a4Mkj3Uwk+YlMG+gL1DI5uQU1h+Mr/2wmFMQxItLkwg4tpGk1zeQOv0e3kwO4ciHb/LSpl1MeyyWI80dh5Yu0RbpLKe38tqaQqJ//Rhzhpgo2pfK869/yKDfzyISoOAoObfN5827AijJ/ZAlb37I9vCHmNCBtyejE5JY8vlKFu8eUTu8wL7dNXPLmv+foFgQaVpnnZ/NhaS9lsKrH17N6/d0rNJ1f24lLz2bRH8O8fYLm/j4UDwLRtbNbyr+RURE5Mrm0cTqR59mkJa+F4vFh8jwUKJt4YSGBHP2fDF5Jwr4alcWH32aQVxMFHNnTsTP4uPJ7opIrxbCtKTHmHDiKBmZB0j7IIPlBT7Y7prLopjWK9ei4sc7K1QJZc4tQ9my6TtOYiczq5JTvM/CL+qWja4Zp7FvBHfGhOAHQBATbhlM6he7KBodT9EX2ZwdO7G6erVO/+GDsX52gJTPYdLIKGyjIzBziMwsGP2rG5zVpuZQ4sZa2ZL1HRVxodX9+xmRQb4t7//CKRz53XqWByewyHVWaSGZG7aQdriEYrtz0qCCusEmI6Ort+vrgx9WYmzOxGxYeBDklFPC0eaPg5JJ0gXOZh3l1LBIJg1xvi0KGB1F5Jov2XcMZ2K1bwTTRjur4fwiYokJfI99OWVMiGkpZjpCsSDSfp11fg5iUvxQUjfkcoQIwjrQk+j4ifSvbivUChknCmBka2uJiIjIlcwjidWS0nJS1m4hJ/c4k+LHcOeUOEpKy/k+/wzHTxQwbEgwkeGhzJs1ka8zs/no0wyWrUjliYVzlVwVEQ8y4TckgklDIpgEVOx7l4VrtpEVM6fBcmWUVLTSlL2S0uo/YxKT6lW0AHAQsHjhejWiefSNxH2wjc0nrob9EJfYxKe1iNtJ/l0+Ofuz2f5BCq/ao1ic1HpNjNm3DQkii41Fj55kyR/fZXN8Xane2Yw01p+/mud/N5Vh5iK2v/Yn0lzXa+OZpsnjINJNmU2dnVSto1gQaa9OPD+b6p97a1WUUwEulbAFHCnwws91YY9fCygiIiJdzeiJja79cBs5ucd5cuFcJsWPIWXtFh577g1eWZHKR59+zSsrUnnm9ytZtuJ9hoUM4LdJ9+MAlq1IpaS03BNdFpHe7nQ6qz/P5WztB7IyTuZfhJABhAJ+vl6cOpxHCUDxN2Tm1F89O30HxysACklL/x5L5AjCGEF0JGSl76pu187ZzD00WNXFSG6NgYyUjWT0jWLakMZLVBw7RE5pMJExk1mwIJaw/O/4tngEMTbYt+MARQAVeWTsLuZq29VtvlSy1sDJPHGflc1ffF87yWzxArwwm4HTu9h+vL2Ntvc4iFy+kvxCirAyaCD0t41g0PEc0k44S66L9mWT4zuU0cOrF76Qy+Z9RdXzdrD9fCC28I5ve3CQFUrLa79cqaNYEGm3zjo/V+Sx7ovvsYRf3egS/cEjQ7kqZy/rcotqt3F80072+44grp2jBjQf/yIiInIl6vLvVb/OzGbn7mwW/3o+AE//biVXBVlZmDCT0ba6dyZ5JwpY++E2lvxxNQ/Om8qTC+fyb8l/Ze2H23jonqld3W0R6e2CRhJ5fgvLntvAOTuAF1cNG8ljic6bOQXMmkTc0k95LOlLTMGRxIbDOZfVo0f6sP73ybU3x3h8lrMcLXb+bM6t3sLzT+/AjhdXRUaRENl8N4bdEkX/HZlYZ8Q2eTfhkuJsUt/eRF4ZYPIjavrtxFl9Mc+byanVW3g6Ka365lUzeCIuCChoopWW+Y2ay6Kxb7CsOoEaEDeV+/avZ3HSN5iG3cgkG+xvV4u+zR8HDbEtnS6L5Umfst/kR9ScmYwGGDiZx+5bx2uvv8aWmptXPVo9vipA8AgiD7/Pr9Y4b14Vn3h3h8ZXrTV6PPdlbuCVpGT6T5/P7NoZigWRduvU83MMT9zVRKZ0yFSeSdzC8rUpJJ6vBMASMoLEJJf/E23VIP5rbqolIiIiVyaDw+FwdOUGn/rdSm6KiWJS/BiWJP+V0JABJNwzDYCPP8sg78QZLBYf5s6cSP8ga+04rE8uvJvj+Wd4Z+0WXno2UTe0EukEx47mYzAY2vUDNPu45m/X3y393dK0trD4XQnX3NXdDVh3/hUREREREZHepLTE7ukuuFWXZiX2ZeVSeL6YSfFjSEvfgwNIuGcafhYfXlmeytnzxdwUE0VObh7LVqSyOOl+7pwSR05uHqkbvuSJhXfz0acZZGRmceeUuA73o7TsEq+tXMfho/m10wwGGHBVP+bOnMj113VkuPqO2/PNt7y16mMefuAOxlx/bZduW0RERERERERERNqvSxOrObl5XBs2FD+LD19nZjM5/kb8LD6UlJbz7ZHveeJXdxMZEUpJfDmPPfcGOYfzGG2LYN6siSz542rOFhYz2hZBTm4eTLn8/tz2s7FMih8DgKOqis+/2seq9z/l8QV3ERoy4PI30EajfhLGHxb/C/5+zhth7PnmW1alOvsRNrz1m850ppqkc1C/viyYf3uXblukZwpm2lNJnu6EiIiIiIiIiHSyLr15Vd6JAkKHBFNSWk7h+WJCQ+qPKVRSVv/GVH6+PgCEDnEud66wiNAhweTln+mU/vj6eBMY0IfAgD4EBVqZMjEGP4sv3x7O65T228rbbCIwoA/e5ivhsmYRERERERERERHp8kyen8WHvBPOm6VcFRRQOy06KpyU97bwbWwU+w7mMjRkAJERobXrWXy9ycsvIDQkmNIGCVh3sVdW8tm23Xy2fTclpeXccF0YP79rEv2sfaiqcvBlxn42bf07xT+W0M/ah9kzxvPTMdexcs1GLpaUYbH4kPX/s3fn8VFX9/7HX5PZMllJCAGysCSBAAkY9h1EFhHZFCu4IlYrLlfba2nr76q319rbVq/33va60NqKYl1wZxHZFAQJKIuACRpMgBAIkpCELGSyzPL7IxATgZiQzEyW9/PxyGNmvss5n5nwGTKfOd9zvj7CLfOm8MFHn3HjnCtrL/X/26trKDxTykN3z+PkqQKWLl/N4ttnsWnrHnbtq1mu9A9/eZ34XlEsnD+d//3r2wwf3I99aZnknS4iJSmBWVeP4Z/vbOTIsZNEd+/CfXfMoUvnmtf04KFs3nj/E07lFxIZEcbN109mQN+eHM4+ydLlqxk3Ipntu9IpOlNC7x7duee2mZwpOcv//u0d7BVVZAG79mVoegIREREREREREZGL8Hph9XRhCVMmfD8C9fwiVPffOZdNW/fw5VeZpCQnXDCHqr2iitioSHJy87D5W1o8LpfLzZ79h7BXVNI3LgaALdv3s3HrHm7/yTR6xXblvbWf8fp7n3DPbTPZsTudd1ZvZd7M8QwZ1Jdjx0+Rd/oM59fg+frbbIan9OPXDyzAYm18vLfeMIV+fXrw9qpPufvWa+ndozsOZ83qo998e4zFC2dTdKaUF/+5hqyjudwybwoRnUP5x+trWffJF9z2k6nk5Obzj9fXMmroACaPm8fBQ9m8+vZGfnHPDQBUVFSSnnGUf/npdTgcDv66fDWbU/cxZ/pY/u3nt/L319YSGhLILfOm1E5PICIiIiIiIiIiIt/zamE1MSGWfWmZBNisxER14cu0zHqjUqdMGFo752ld23elAzVTAmzflU5ifOwFx1yOVetTWbU+tfZxSFAAt8ybQkxUJJWV1ez96ltGDxvAkEF9AJh+1Qheen0t+afPkLr7ICOH9ueqcUMwGCAsNKj+c42PZeGNV2OxmCgqLmt0TAE2fwID/DEYICjQRnCQrfb8K8emENM9gs5hIUR1i6BL59Da2BJ6RXPiu9PYK6r46uvDhIYEMWPySAID/BkxpD+79mVwNOc7IsJDMZtNXDdjPDHdIwDo3aM7BYUlmIxGQoIDMRr9aqcnEBERERERERERkQt5tbA6ODmB1Rt2nBu1OpSX31yHwQBffpVJQVHJBcfb/K0MHlizWNXoYUkE2KzsS/v2gtGsl+v84lUOh5N312zlrL2Cfn16YDBARVUVZ4rL2Hj4OBs/3VMnJgv5hcWcKS6j/7ljLyY4KACLpWVf3h+O1I2MCKu93yk0iBPfnQbgVH4ROSfy+Pljz9U7PqF3NBHhoRiNRs3nKiIiIiIiIiIi0gxera7FRkcSE9WFVetTufOm6WzauodNW/cya9roi45CzcnNY9X6HYCbBXMn1Y4uHTM8uUXiOb94FcANsyby30vf4uNtNfH4Wyx0Cg1i0IA4rp40vPYcP4MBk8lIp9AgCs+U4nZzyeLqpbjdNVMPeErXLmH0iI7krltm4H9uATCoeb4nTxV4rF8REREREREREZGOws/bHU6ZMJQdu9PZviudJffNJyaqC5u27mVfeiYGg4HY6Jr5V3Ny89m0dS82m5Ul982noLCYTVv3MmXCUAJs1h/ppekiwkO4ckwKn+7Yz3d5hVitZoYM7MOXaZkcO34KgJLSs3y+9+vafXv2H2Lb5wcoKi5jf3oWn3z25UXbtlrMBAcF8PWhY1RWVZORlcM3mccuGUvXLuFYLGZyvzt9WQXYgf3jKD1rZ9e+DNwuFw6Hk137vqHsrP1Hz7X5W4juFkFBUQnFpWeb3LeIiIiIiIiIiEhH4NURqzkn8ljxwWbCw0J4+c11sGA6//7w7WzflV47evW88LAQxg5PYsqEoRQUFvP0829ddFGrljRyaH+2ff4Vm7bu5ZZ5U7hy7BVUVVWz7M11nC2voFNIEFMn1swBe37fex9u49W3NxIRHsp1M8bhvkgdNMBmZebUUbz69ka27txP7x7dSUlO4Lu8wovGEd0tgumThrNi5RZWb9jB4jvmNOl5xEZ14Y75V/PG+5+wZuMOzCYTQwb1ZcTgfo06/9opI/nrq2tY8h9LmTVtDLOmjW5S/yIdmdvtxtDUYewiHUBbzI22GLOIN7TF3GiLMYt4g3JDRKR5DG73xUqBLS/nRB5PP/8WATYrf3z0bn795IsUFpWQkpzA/DmTiAgPASAjM4fY6EgCbFbK7ZV8vG0vq9anMnpYEgvmTvLIaFWRjir7aC4Gg6FJP8AlH5+/X/e2ofsNbWsMW4Dv5wquqnZQXe3A4XBS7XDiZzBQ7XD6OiyRVsdsMuJyuzGbjJhMRswmU4vPRd5cymeRxlE+i7QfbSGfRaRts5c7fB2CR3mlsHq+qJoYH0NGVg4BNn/K7RXMn3sVm7bu4XhuPrFRXYiNjiQiPJRyewUZmTnk5OYTHhbC7KvHMHZ4kqfDFOlwVFhtntIyOy6XCz8/v3N/iNb8QSoiF3e+wOFwOGtzJzjI5uuwAOWzSFMpn0Xaj9aczyLS9qmw2kzni6opyQncedN0nnvpAzKyclhy3/zv51M9kceXaZlkZObUnhcbHUliQiyDkxM8GZ5Ih6bC6uVxOl0UnSnDZrMQGODvkxhE2oOz5RXYK6oICw3CaPT6tO+A8lmkpSifRdqP1pDPItJ+qLDaTL9+8kUS42O586bpvPTGOvalfVuvqCoivqPCatM5nS6KS8sJCbZhMmr0i0hzORxOSkrLCQ0J9PqHN+WzSMtSPou0H77MZxFpX9p7YdXj75B2ewUGAyx7U0VVEWn7is6U6UObSAsymYyEBAdQVFzm9b6VzyItS/ks0n74Mp9FRNoSj49Y3b4rnRUffILN5s8Di+aoqCrSimjEatOUltnx8zPo8kIRDzhbXoHL5fbanG7KZ2nvXC4XDoeLqmoHLperWW35+flhNPrh52fAbDLi59fw2Azls0jLcrlcVDucuFxunE5Xs3K6teeziLQ/7X2Hp2jxAAAgAElEQVTEqlcWrxKR1kmF1carqnJgr6gkNCTQa32KdDTFJWcJsFkxmz2b28pnae/OllfgdDavmNoQs9mEzd/S4DHKZ5GWUW6vxOFweqz91pTPItI+tffCqiZLERFphGqH40e/0ReR5vHz86Oq2nMfHs9TPkt7dX5ORE8WVQGqqx2Ultkb7Ef5LNI8TqeL0jK7R4uq0LryWUSkLdJfISIijeBwODGZNG+biCeZTEYcDs9/o618lvbI6XRRbq/0Wn9ut7vBkbHKZ5HL53S6OFtegbcuLm0t+Swi0hapsCoi0gjVDidmfXAT8SizyUi1h0fmgPJZ2idvFlUb06/yWeTyddR8FhFpi1RYFRH5EW63Gz+DQSNiRDzMZDJi9DN4dISO8lnao3J7pddGtv2Q2+3GXlF1wXbls8jl6aj5LCLSVqmwKiLyIwwGg76lF/GSqmrnZS9o1xjKZ2lvXC6Xx+dg/DHV1Y6LrlKufBZpmo6czyIibZUKqyIiIiIibVR1K1lQxuHw7IJZIh2B8llEpO1RYVVEREREpI1ytZJLc50XGeEmIk2jfBYRaXtUWBURERERaaMutYq3t7WWOETastaSR60lDhGRtkCFVRERERGRNupicyH6QmuJQ6Qtay151FriEBFpC1RYFREREREREREREWkiFVZFREREREREREREmsjk6wBERNqLHUufYGMegIOKMgemIP9zb7LJzH/8ehI91G/pvld4dlU21c3pJ+0VfrVnKE8tTL5gV8Z7T7C5+wMsHh3ecBwZa9nGeGYkBl9OBCLtQ8k3vLlsM7uKzq3sbAoh5dqZ3Da4gfw5tZHHXob7fj2V7k3usJi0D3fA+Okkh1xmzCJyccpnERER+REqrIqItJDRix9nNABpvPKrPQx9fCEXlilbWhZr37Mz9ZHHGWbzTA+J1z/eqGKtPTeddIapsCodWCGbXtxEwbRFPDMwsGZTdR5ffJjJscEj6OGRPivJScuBYagQI41UQurLr/Hu0QYO6TWSf79jCB37n5TyWdoC5bOIiK+psCoi4mkZK3h8WyKP3ZWCGYBStv3PsxTNf4S4jb9iT5frqE7fQq69GnPUeG6+ZRI9bQB57Pj7K2zMtQNmoqb+lLtGR37fbuEOlj77EccqHKQ//QRrk+fz+PVx5G57hVc251INmKMmsXDheKLMkPbKub52r+Zw4kL+c/4Py6XH2PH3j9iSa8dOJNcsXszoyHPnDX2Khcl5bH76FYpGxZP7WQaFdju2lFt44PpEjr33BCt2l1HGUp7YFsnUBxaTkv8ez65Iww5gS+T6xfNJVs1V2rVCcgpDSEkI/H6TOZIRc7/P25Opr/P8hkLKAXPUIB762YQLRrVd8hj7N7z6/Cb2lQIYib1qEGGffMnO0kp44Vk2RQ7ikfsmEOHppyltXAjxCZ0wHT2D4xJHRCVEqwijfJY2QfksIuJrKqyKiHha4niGvbeCnaUpjA8GcjfzWfBUfh4FWUB6rpnHljxCMJC3+X9YuqoHj8+PJ2vFa5yc+nMe72kG7Oz++yvsSF7M6PPFyfDRLH48uP7o2IwVLM1IYcnjd33f3ntRPD4/HoD0ww5+88h/Em6+SJxZ+dgeWcIjNrDv/ju/+yiN0RdMDZBPVulCljxyPZDNqj+8xc68JUy6/nEWhz3NKyxkyaRIIJdVf81j0pJzI2lLc8lt+VdWpJVJYPq1qfzXn14ifXwyE/slERcdSG26ZX7Ai7mjefy3vTED5bte57nUYpbE12niUseMcfLp3zZRUjt6rpiThSa6T+hD5J9Wwh13c01Xbz9faau6jruJf+WfPLWp9IJ9UVOu5+Fx+sekfJa2QvksIuJbPi2s5pzIY196FgCxUV1ISU7wZTgiIh4SxaRx8OzmXMbPjiJjWzpx42dz/sr9vilXcL5WGjlsFOH/k042sDs9n/SMP5BWp6XkXGjouvysfen0SLn+Iu3VfNJLGjf+4kVVgPgrSDkXlK1HPGGb88m74KAwkoadH63Tk7iofPbkAZE/PK4LiT3yeO+tzTAukaQeUURdql+R1qhwK0//5QDfARDC7AdvZyIX2faDqRa7j7mdZ4af5Vj2HlI/Wck/vykm5Krp3D+5Nzm7jnIy7Ti/qZfUJ6FOISbjUseU5LE9L4Z55y9JJpTu4QBnm/Ycwgv59PnXWXUuubtNu5klYxqeP1nap67jrueO42/w8jdVtdv8+03ivvZYhFE+SzvXofJZRKSV8UlhtdxeyfPLVpKRlVNve+ewEO5fNIfY6As+oYuItGnBoybR5b92k31ND7YdTmLG/MacFcU1v3jg+xGqLaHBd/3G/JdgonFTuZpJvOURfl6Yy7H0nfzjtSx6LFzC7J6NOlnE98InsOS3E36w8WLbLsIcSI+ECfRIADjCq7/dxKeD7yYOiL32Nv7fmND6x5+q//fQRY8pufBrjh910ecQzsT7HmBi01uTdieAgQtmMmPpe6z9Dug2gAcX9Gvke3wbo3yWdq8D5bOISCvj54tOn35+BcdOnGL+nCv585MP8OIzD3PHgumU2yt4+vm3KLdX+iIsERHPMacwPi6dj/6xmdJxk4iqs+vQvv2cv3grb/dO8hIT6Uk8KUl5fLbt+w9fpVnZFxlBWl98ShLH6rRXmpFOYWIS3qhnhgWHkX/sfIR2CvMqsIX3JHH89dw4zEHG4cv4ICnSpuTyxa5MiqvrbCopoaQ6kM7BkDi4F99t+4KTtfsyOXyqfguXPCYkmRHhx9n01fkRbQ6KS84CIYSElaD0ksvTlcl3XMucUYN58I6JaGxbXcpnaWuUzyIivuD1Eavbd6VzPDef+xbNYXCdS//HDk+iR1QXnvjvV1m1PpUFcyd5OzQREY9KHJXEiufymP3T+kNQk6KqWfH0H8i123GED+OnP6251j/x+sWMeuUfPPFEzac6c9R4bu7RExq6pD7xehbnvcKzT6ytXbzqroXxDZzQcszDZnPNzmd5/In3SJl3F913v8bGbHvNTlsy8x+IhIz3eGIFzH/8errsWMqz+6/ggcWJZCx9lv1XPMDi0bqEUdqySOJM63juT+soOL+KiCmcKT+bwwgz0G8mv8x7iz//9lmqz++7LYY4/zpNXOoYwply9xROvvAiD75rwoyR2Ktmcv+EWMbOGcKnf/lfHn43gUW/nckPZ0YWaZB/DyZM98wa922b8lnaIOWziIjXGdxut9ubHT730gccy83nT4/efcn9Obn5/PES+0Wk5WQfzcVgMDTpB7jk4/P36942dL+hbY1hC/Ded0On8s/QtUunZrVRve/v/C5jPE/M/36S1LRXfsWeoU9xwRpRIh1US+Raa+hDxFtKSst9HUKtkOCAeo+VzyJN09HzWUTaJ3u548cPasO8PhVAub2SiLCQS+6PjY6koKjEixGJiHhDHp9tLGXqjAZWnhIRERERERGRNsPrhdUAm7XBwmnOiTxiorp4NAZ7RRV//L83WL1hx0X3f5dXyC//Yyl7Dhxq0XYv5mjOdzz6x5e4++FnmtyfiLQlkUxa8gvG/2AhquSFGq0qIiIiIiIi0hZ5vbCaMrAPBUUlbNq654J9GZk57EvPqjf3qift2J3O6cL6RV63G7Z9/tW5CeQ9q9xeyT/f2USv2G786dG7Gdg/zuN9ioiIiIiIiIiISPN5ffGqscOTSP0ijRUrt2CvqCIxPhaAjKwcNn66h5ioLkyZMNQrseQXFLNjdzqzpo2u3XYqv5DP937tpf7PkF9whmsmjyC8gekRREREREQuxs/PD5fL5esw8PPz+ngNkXZH+Swi0vZ4vbAKMHhgAocOH2fV+tR62/vGxXD/nXMBSN2VXjtlQOewEPrGxxIR3rLFx8ED+/DFl98welhSbdvbd6XRKSQIt6tmTa/96Vm89MZHPHDnXPrExQCQd/oM//XCW8yffSVDr+h7yfYPZ59k6fLVjBuRzPZd6RSdKaF3j+7cc9tMtu9Kr33+S19ZTXinYH7z4M3Y/C28s2YrO3alU+1w0rtHNxbOv5qorp1b9LmLiIiISNtnNLaOQozRqEKMSHMpn0VE2h6vFlZzTuTx3LKVFBSVEB4WwuDkBCLCQ4iNiiTAZiU2OpLtu9JZ8cFmwF27/bMv0rDbK5k6cWi90aXNNTg5Abu9onbUat7pM3z5VSYzJo9k5brtAPSJi6FL504c+PpwbWE188gJrBYzCb2jf7SPiopK0jOO8i8/vQ6Hw8Ffl69mc+o+ZkweRc+Yrrz4zw/5yeyJXJEUT1BAAG+8/zHpGUf4xT03EBoSxLtrtvLCy6v45X03Ehoc2GLPXURERETaPj+DwdchAGDUCDeRZlM+i4i0PV4rrG7flc7Lb64jPCyEX957I4kJsZc8Zv6cK5kyYSg5J/LIyDrO/XfO5cu0TJa98RFnyytYMHdSi8RksZiYduVw3lq1hdHDktj2+QGiukXQN/772AJsVkYM7sfOvV8zfVIFZrOJz/d+TUpyPKEhP17oNJtNXDdjPDHdIwDo3aM7BYUl2PwtBAXaMBggMMCf0OBAikvOkp5xhGunjq4t2l43YxxPP7+CI9knSfHS3LMiIiIi0jaYzUYqq6p9HQYmkwoxIs2lfBYRaXu88o6ZcyKPl99cR0xUF/794dsvWlQ9XVhSr6gKsGp9KitWbgZqRpcuuW8+H2/bS0ZmTovFlhgfS+ewEFau286XX2UydcKQCy59GJDYi5LSs2QeOcGpvEJOFxYzIqVfo9o3Go1YzI2rXxeXnsVeUYXN31K7zWIxY/Tz49TposY/KRFpUW63G7PJ6OswRDoEs8mI2+32WPvKZ2lv/Pz8MDfyb01PsVhMF52TUfks0jQdOZ9FRNoqr7xrP7tsJeFhISy5bz4BNutFj9m0dQ/hYSH1Fq5adNM1lNsrax/HRkcyelgSm7buuWhx9nJYLCamTxrO/730PkMG9iGuZxQlZeX1jukeGU5czyj2pWcR3imYiPBQukaGt0j/dYUGB2Lzt2CvqKrdVlVVjdPlomtEWIv3JyKNYzAYcLndOBxOTPoAJ+IxDocTl9uNwYOXQiqfpT2y+VtwOJw+KXoYDAb8rZYLtiufRS5PR81nEZG2yuMjVrfvSqewqIQ7F0y/ZFEVaka1Dq5zqfv2Xen8xzPLefnNdfWOGzwwgYys4y0aY0JcNPcunM11M8ZfdKJuo9GPscOT2JeWyac79jNySP9Gj0JtipDgQJISe/Phxh1kHjlBfkEx76/9DJu/ld49u7d4fyLSeGaTkWqH09dhiLRr1Q6nV0afKZ+lPWro72xf9Kt8Frl8HTWfRUTaIo+PWE39Io2YqC6NGmFa94187PAkCgqL2bR1T/1j/K3YKyp/eGqzmIxGkvv1bvCY3j27ExRow+12k5TYq0X7P89ggBtmTQAD/M9f36Ha4aR3j27ce8dsLVwl4mMmkxGHPriJeFTNqDPPX0yjfJb2yGj0I8BmrXe1lycZDAYCbNZLrh6ufBa5fEajH4EB/pTbK70ycrW15LOISFvk8XfHQ4ePM3n8kEYdm5GZA1fXfxwbFVn/mKwcwsNCmhWTzd/Cb/7lpkvuDwsN4k+P/azeNn+LhU4hgfTq0e2Si1b9sN24nt156gft/Oy2mfX2/+X3/1K/H6uFW+dN4dZ5Uxr9fETE8yxmE2e99GFVpKNyuVxYrWaP96N8lvbKZDISEhzA2fIKnE6Xx/qxWEwXvVy4LuWzSPMYjX4EB9mwV1RRXe3wWD+tKZ9FRNoijxdWbf4WDmXlsHrDjgaOsTJ4YAIrVm6h3F55wSUIdbd9mZZJYnzLzK/aFNnHvyP3uwJmXz3G632LiO+ZzSaMldWcLa8gMMDf1+GItDtlZyswGv08MtXODymfpb0LDPDH5XLhcLioqnbgcjWvyOrn54fR6IfRzw+Tye+iC9vUpXwWaTk2fwtWiwmHw4XT5cLpdDUrp1tzPouItEUef3dcdNM1LHvjI1atT73kMTZ/C3989GesWp/K88tW8sv7bgRgzIhkUr9IIyMrh8HJCaxan8rx3HzuXzTX02HX43ZD6u6DRHXrTM+Ybl7tW0Raj+AgG6cLS7BazFokQ6QFORxOKiqriAhv3hUpTaF8lvbOz88Pi8UPi8W7xRDls0jLO5/P3uaLfBYRaWsMbl8sN3gJX6Zl8vyylcRGdWH21WPoGx9LgM1KRmYOm7btZV9aJncsmM7Y4Um+DlWkXcg+movBYGjSD3DJx+fv171t6H5D2xrDFuD9b86dThfFpWcJCQrQhzeRFuBwOCkpsxMaEoDxR0bNtDTls0jLUj6LtB++zGcRaV/s5Z6bzqQ1aFWFVaiZV/WlN9dRWFRSb7vN38Kim65hcHKCjyITaX9UWL08TqeLouIybP4WXXYo0gxlZyuoqKwirFOQzz60KZ9FWobyWaT9aA35LCLthwqrPpJzIo+MrBzK7ZUkxseSmOD9eVVF2jsVVpuntMyO0+U6N0eVEbPJqFEyIg1wOJxUO5w4HE6cLhcmox9BgTZfhwUon0WaSvks0n605nwWkbZPhVURabdUWG2+qirHuT9Ea279DAaqHU5fhyXS6phNRlxu97kChwmL2Yi5lS2EoXwWaRzls0j70RbyWUTatvZeWNU7pohIM1gspnMLg1gBcLvdl10oFmnP2kJuKJ9FGqct5IbyWaRxlBsiIs2jCVNERFqQ/jAVubi2mBttMWYRb2iLudEWYxbxBuWGiEjzqLAqIiIiIiIiIiIi0kQqrIqIiIiIiIiIiIg0kQqrIiIiIiIiIiIiIk2kwqqIiIiIiIiIiIhIE6mwKiIiIiIiIiIiItJEKqyKiIiIiIiIiIiINJEKqyIiIiIiIiIiIiJNpMKqiIiIiIiIiIiISBOpsCoiIiIiIiIiIiLSRCqsioiIiIiIiIiIiDSRCqsiIiIiIiIiIiIiTaTCqoiIiIiIiIiIiEgTqbAqIiIiIiIiIiIi0kQmX3Zebq9k9YZUMjJzyMnNByA2qguJCbHMmjaGAJvVl+GJiIiIiIiIiIiIXJTB7Xa7fdHx9l3prPhgMzablbHDk4iNjgQgIzOHL9MysdsrmT93EmOHJ/kiPJEOIftoLgaDoUk/wCUfn79f97ah+w1tawxbgE+/GxIRERERERGRBtjLHb4OwaN8UpXYviudl99cx6xpo5l99RjK7ZUcysoBYPbVY1gwdxKr1qfy8pvrAFRcFRERERERERERkVbF64XV04UlvPzmOubPuZIpE4aScyKPp59/C3tFJQA2fytL7ruR2VePAWDFB5tJjI8lIjzE26GKiIiIiIiIiIiIXJTXF69atT6V8LAQpkwYCsCzy1aSkpzAi888zIvPPExKcgLPLVsJ1IxetdmsbNq6x9thioiIiIiIiIiIiFyS1wurGVk5TJ0wBICcE3kUFpXUjk6FmmJqQVEJOSfyAJg6YQj70jK9HaaIiIiIiIiIiIjIJXl9KoDCohJio2oWquocHgpATm5e7aX+Obl59fbFRkVSUFTSojHYK6r484vvknU0t3abwWCgd49uLJx/NVFdO19220dzvuPvr63lVH4RixfOYuigvi0RsoiIiIiIiIiIiLQiPl1SO8BmJSUpnhUfbMZur5ljddX6VEYPSyLAZvV4/9OuHFY7JYHD4eTdNVt54eVV/PK+GwkNDmxye+X2Sv75ziZ6xXbjX++5gaCggJYOWURERERERERERFoBr08FYPO3cLrOCNTO4aEUFJWw7M11LHtzHQVFJQQGfF9UPV1Ugs3f4pFY/K0WwkKDCAsNokvnUGZOG429opJjx/Muq738gjPkF5xh8MAEwsNCsJh9WrcWERERERERERERD/F65S8luQ87dqUzdngSb36wmdRdacyfcyUpyX0ASN2Vxqate3C7YcHcSaR+kVa7z9PMJiMATqcTgIOHsnnj/U84lV9IZEQYN18/mQF9e3I4+yRLl69m5JB+7Nz9NVHdOtO7Z3c+3LgTgKWvrCa8UzC/efBm7BWVvLJiPUeOfYfZZGT08CRumDkBf6vlku2kfX2EmKgufL7naywWM3fMn0ZBUQkr16XicDiZffUYpl81AoMBDmef5K1VW8jOOYXT5WLIwD7cfuM0AmxWVm/Ywf70LPrERbN1xwFcLjdXjk1h3szxmIxGXC43W1L38eHGnZSUldMpJIjrrx3PqKEDOJlXUBt3cKCNG2ZNZNTQARgMXvlViLQap/LP+DoEERERERERkRbXtUsnX4fQ5nm9sDp1whCe+O9X2bR1Dx9v28sdC6YzdnhS7f7ZV4+hc3goL7+5jojwEA4dPs7jcyd5PC6H08nOPQfx8/MjqlsEObn5/OP1tYwaOoDJ4+Zx8FA2r769kV/ccwMAFRWVfL73G66bMY6kfr2wmM3E9ejOi//8kJ/MnsgVSfG4XG5eeHkV0d0iuOuRaykuKeMfr68FN9wyb8pF29m64wDHc/MZOaQ/v3/kTt5e/SlLl69m8MA+PP7w7ezel8HGrbsZOCCOmO4RFJeUMXJIf35267WUnrXz1+Vr+HjbXmZNGw3AsROnSEyI5Xe/XkTaN0d598OtDBmYQJ+4GFJ3pfHO6q3MmzmeIYP6cuz4KfJOn6Gk7Gy9uPNOF/HKWxuICA+hT1yMx38XIq2J/qMRERERERERkYvxemE1NjqSyeOHsGLlFmz+lnpF1fPGDk9ixQefsGLlFiaPH0JsdKRHYlm1PpVV61NrHwfY/Fm04GoiIzqx9uPPCQ0JYsbkkQQG+DNiSH927cvgaM53RISHYjQaueX6yVyRFF97flCgDYMBAgP8CQ0OZF9aJvaKSq6bMY4unUPp0jmUa6eO5sONOygpPQtw0XaiukcwZngSgQH+DEtJ5OChbK65agRdOocycEAcGz7dzan8QmK6RzB44PejecPDQugV25WTpwpqt8VERdY+h4ED4vhwU83o1MrKalJ3H2Tk0P5cNW4IBgOEhQYBXDTugf16c/BQtgqrIiIiIiIiIiIi+GjxqgVzJ1Fur2TH7nT+6/m3mDJhCDFRNcXT47l5bNq6F3tFFaOHJbHAg6NV6y5eZTIaawujAKfyi8g5kcfPH3uu3jkJvaOJCA/FbDYR/COLU506XYTRzw+LxVy7zeZvwV5RRfG5wurF2rGYTfj5fT/9rb/VQsi5xbQCA/zrzd2akZnDe2u3cfJUIfaKmgXAhqckXrKt8yqqqjhTXEb/Pj0uuLz/1OkiikvO8ugfX6q3vW67IiIiIiIiIiIiHZnPVle686aaKQBWrU/luWUr6+3rGxfDL++9kcSEWI/GcH7xqovp2iWMHtGR3HXLDPz9rfXOqTsitCFdI8JwulxUVVXXbrNXVGHztxAaHEhBnUW8LsfZ8gpWrNpCWGgQjzx4E/7+Vl57d1OjzvW3WOgUGkThmVLcbuoVV7tGhNEpJIj7Fs2hU53Xx2rRYlwiIiIiIiIiIiLg5cJqRmYOATZr7aX9iQmxLEmYT7m9kj37MgAYmpJIgM1a77zThSUUFBZ7vNBa18D+cWxJ3c+ufRmMG5GM0+Xmy7RvGdyEhbR69+yOzd/K+2s/Y97MCRSXlPHhxh0kJfYmpAUKq35+fljMJixmE1aLmSPZJ8k8coIBfXv+6LlWq5khA/uwan0qvXt0Y2D/OI4dP0VBUQlDr+hLgM3Kpzv2c+2UURj9DBw8lE1UtwjienZvVswiIiIiIiIiIiLtgdcKq+X2Sp5btpIe0ZH88r4b6+0LsFlZ8/HnGIDxowddcO6yNz4iJzefPz569wVFV0+JjerCHfOv5o33P2HNxh2YTSaGDOrLiMH9Gt1GaHAg994xm1dWrOff/vAPzCYjo4cnccPMCRdcfn85bP4WFsydxN9fW8tvfv8iKUkJ9Izp2ujzrxx7BVVV1bz34TZefXsjEeGhXDdjHCFBgdyzcFZt3EY/P/rGxzB/blTzgxYREREREREREWkHDG632+3JDsrtlRzPzefLtG/Z/kUa9ooqFi2YTkR4KH3jY8jIzOHQ4eOsWp+Kzd/C1InDSIyPJSaqCzkn8igoKmHZm+tqFroakczg5D7ERHXxWoFVpD3LPpqLwWBo0g9wycfn79e9beh+Q9sawxag6SlEREREREREWit7ucPXIXiUxwurD/7b/9XOKzr76jGU2ytZvWHHBcfNmjaaAJuVFSu3XLBv8vghxEZHsuKDT7BXVBEeFsKfHr3bk2GLdAgqrIqIiIiIiIiIp7T3wqrHqxLz517Fy2+uY/DAPkyZMBSAL9MyKSgsZv7cq1jxwScMHtiH2VePAeDYiXz2pX1buy8iPJQFcycBNXO07tidXnusiIiIiIiIiHQ8LreLAns2uaUHyS1Nr7ktO0hZ1Wlfh9ZqBVkiiAoaQFTwAKKCk4gOHkC4rSd+Bj+fxXTw9CYOnFrLqbOHOFtVxNnqQhyuSp/F09aY/fwJtHSmsy2W7kH96dVpGAnhY7CZQn0dWofh8cLq2OFJFBQWs31XOjkn8gA4npvPfYvmMDg5gQCbleeXrWTWtJpi6Y7d6cyfcyVjhyfV7jt/XkZWDrOmjWbs8CRPhy0iIiIiIiIirdCGw//LzuP/xGYKqS0SjuuxiKigAQRbu/g6vFartDKf3LKD5JYeJC3vI9ZnPUOlo4zRsbcypfeDXovD7ijmkyPPs/PEa1Q5y73Wb3tU7argTMUJzlScIKtoJ5/lLAMgIWwMM/r8hujgZB9H2P555TracnslhUUlPPHfr9bbBtQWTR/5/YsA2PyttfvO39Y973RhiTdCFhEREREREZFW5HT5EZYfuJdBkdfwyNjPMBv9fR1SmxJs7UKidSKJnSfWbqt2VrD56Av87+czuG3QUjrbenisf6e7itSc5Xx85FnsDtV2PCmzKJX/+2IOo2JuZXrCL/E3Bvs6pHbLK4XVgsJi+sbFMPvqMZwuKmHV+lTs9goAAmxWwsNCWDB3EgH+Vt5cubm2eKAs9u0AACAASURBVGq3VxAeFsLsq8cQERZS7zwRERERERER6Ri2HF3KF7lvcfugF+gWlOjrcNoNs9GfafG/IDlyOn/fexujYm5lYs+WX9OmwlnK8v2LySq6cM0d8Qw3bnYcf5Wc4n3cOfglAs2dfR1Su+TxxatEpPXS4lUiIiIiItLavbD7Rnp2GsqMhF/7OpR278Nv/5MTpQf52ZB/tlib+eWHeWX/3eSXH2mxNqVpwm09uOOKv9E1sK/X+27vi1f5boZiEREREREREZEGvLD7RkZEL1BR1Uuu7fP/GNx1Nn/de3OLtHe2upBl++5SUdXHCu3HWH7gXs5WF/g6lHZHhVURERERERERaXW2HF1Kz05DGdr9el+H0qEMj76R6OAktmb/vVntON3VvLz/bgrsR1soMmmO0+VHeGX/Ypzual+H0q6osCoiIiIiIiIircrp8iN8kfuWRqr6yMw+/0bq8eUU2nMuu42t2X/nWPGXLRiVNFd28Z5mF8ylPhVWRURERERERKRVWX7gXm4f9IKvw+jQbh+0lOUHFl/WuWerC9h89PkWjkhawuajL1BWddrXYbQbKqyKiIiIiIiISKux4fD/MijyGroFJfo6lA4tKngA/SOu4uMjzzb53PVZ/02l86wHopLmqnSWseHw//g6jHZDS2qLiIiIiIiISKvgcrvYkfNP/t+4z3wbyNHf8eusZT/YGIy//2KuS76XlFCfROV1V/ZczFM7JnFVr/sxGAyNOqfCUcru3Hc8HFlDormiz9NM7z6YcLO1ZpOzhLwz77DpmyfZX+HNWJ7i4ck3QG4cz3ztzX4btjv3XWYk/AZ/U7CvQ2nzVFgVERERERERkVahwJ5NgDkEs9Hf16EAN/OTEb+idtys4zifHbyHN/aFEDnxFqI81W3RO/zX3l/RJf4wC3t5qpPGsZoCsRgDKLQfo3NAz0adk1W0w6cLJMX1f5mfRMVQUfQO7534nAogLHwRI7vewpTea9j/9T6fxdZaON1VZBXtIKnLNF+H0uapsCoiIiIiIiIirUJu6UGiggf4OoxzrNiCQ/h+TN8ArolfzO70jWQU3UJUmA9D86KooAHklh1sdGE1o+BTD0fUsKGh8ZgrP+XtvY+x//zGU2vYciSasIoTvgytVcko+FSF1RagwqqIiIiIiIiItAq5pelEBSf5OoxLM1sx13189ktWHfgdn5fvw0EKfbs+zc3J8dgA7FlsPrCETWX7cBBBWMBDXDfoFhIDAWcJGWmP8tbpNZQRTFDQYywcdAP+WXfwzKmtAORnxfHrrAlMH/Iyk3xYxI0OSeZESRoDI69p1PG5pQc9HFHDKlyANZ4BXaPZf6pOIbXiBEXn7/vP5Lrkxxga2gUzUG3fyeff3MzqQsD/Zq4bsIgrQuKxGQEqKSx4ir/tW0YR8JNRhxnmt4GdjlGMCg6htOBBntxXwqwhTzI0LKbmd+8sIS//KV5KP9ef+Xc8NOEWoswAJeQef5A/Z2z1yutxKb7+PbUXWrxKRERERERERFqF1jVi9QeqS9h3eClFpqkkhgHOLFbtnscev4e4f8Q+Hh30EORfy+uZlQBkHbyDdVUzuXPIPh4d8R6zAg6Tca6ydyztDl4qDOGaQft4dMSHXMNSnjuwk7A+f+HR/r8jDOgbu49HR/yFcSE+e8bA9yNWG6vUxyvOrz65gVJnDCnJ2/jtuI3cn/IU07v3r3NENNOTn2ZUUCWHMh/k9bSnOMRgxvX7M3EAFSGEWSo5nPMor6c9yHvf5RPe+SF+ElunCds0rvD7kt1HH+W9oycZO+QvjAsLIf94zTkfncoCa3RtITcyfCL2U4/yetpTpNtDiIr5FbO89opcnK9/T+2FRqyKiIiIiIiISKuQW3aQqKDWUlhdxvKP6y5gZcFkeYibUs7Nr3pyA3scU5k6YCJRwUDwRK7rOoo/5e+kOmEiDlc+YMUWEEKwNYSkKx6jZizuQXYW7qN715cZ1iUECGFY34f4bO8a9jOKYTYrJsBkCSG4FawtFB2cxInS9B8/8JzSynwPRtMIOYt5smge03vOIzF0AN0730CPzjcwKX4nH+27mS1li0gMtVJa8GeWZ68BYL9pAr/tN5hxneDwmaW8tHPp9+2dmsC4bjcQHFSnj+qdbNy5iO0APMpDYSFUF7/AcxmvnztnDVsAeAoAe8ky/nZu3/7wefzJFkP3aMCHMxP4/PfUTqiwKiIiIiIiIiJygTqLV1V8yVtpD1LaeRYpoed2O05TwUZWfxHH6rqnWWZSBCQmf8j0A4/y188ew+E3ku6dHuLmQaMIN1Zid8HJkyn8+mTdEydQWu6dZ9bulb3LuvR3WQdANFf0+QvX9RjFlH6L2bI7BBMQ3Plp/jT56TonleAfDFTczE2DHiIxIASb0Vq7N69u+1XHzxVVAWraKzpbt636Su3LLtyoa8jbBRVWRURERERERKRVOH/ZeaJ1oq9Dod7iVcETub33DTyZ9SCrwt9jdjfAzwrMZFbKk1xhqXOan7XmHFs8k0a+wSSguvggqw/M5G9pW/nNFWAGYrtvZWFs/ev8/QOAEmurKtacKE0nugnz3gZbu3DGh4tEhQX1h7Kvv59PlRPs/3YNI7sPJt4UV7u1tOB3rD5Zd9RmJaXFENd3MSnBVnJz/8z7hceBmUxP/vFFnsIClwCXLq62NsHWLr4OoV1QfVxEREREREREWoWo4AGtdlEdc6+HuMb/INu/XV0zejF6JkP91rAx80tKzx1TWrSa3fkAlezbs4RVx45TWlpSs6ASYHeUAIMZ2SmOnFNLyag4d2JFFpuzs3AYgbB4ovzg8KlPKa0GnF59mhdo6vQMwZYID0bzY0YyfdCHPDzmXW6Kv5krus7kiq43c92QxfQwV5Jb8GfgzxwqrSS40yKu8D93mv8ExkVPxVQBRdU1c+TiKgFCiIsdRXiDfda0Zw69hfsTa/ocmfg6D6cs9uQTbTbf/p7aj9b0JYiIiIiIiIiIdGBRwUmk5X3k6zAuIYRR8Y+xJX0Jqw9N46d9B3DjiDVsTnuU577Yh4Ng/P1vYGpvACs9QuPYknU9212ngQjCgp7ipwNqCpTxKe/xs6+f4u20EbztqsLkN5W+XX91rp8BzOrzKLnfPsiTW0sZEH+Yhb189JSBEyVfkdJtTqOPjwoeQE7Jfg9G1JDPWZf1Erbes0iMfZIUY83W6urjHDu2hLe/rRlJu/rAEhjwK4Ym/KVm3ltnCXln3gGg6OvfsTP4L4yKeZKbYyopLPiSQkY10OcJVh9Ygin5MYbGPMnNMUB1PrkFawjz5FNtpla7SFwbY3C73W5fB3G6sIQdu2smQk5Jiic2OtLHEYl0DNlHczEYDE36AS75+Pz9urcN3W9oW2PYAvTdkIiIiIhIe3K6/Agv7fspvxrzia9DkXP+tH0idw15lc62Ho06Pj1/A8sPtO7RmgJ3piwjsbPnp9ywlzs83ocv+bwqkXMij6effwt7Rc1Q61XrU/nlvTeSmBDr48hERERERERExJvCbT2pcp6l2lmB2ej/4yeIR1U6ynC6qgnzj2n0OfFhozEaLDjdVR6MTJrDaDCTED7a12G0Cz6dY7VuUXX+nCuZP+dKAJ5btpKcE3k/craIiIiIiIiItCd+Bj9GxdzC5qMv+DoUATYffYFRsbfiZ2h8+cjfFMywqHkejEqaa1jUDRgNlh8/UH6UzwqrdYuqdyyYzpQJQ5kyYSh3LJiOvaKSp59/S8VVERERERERkQ5mSu8HOXh6I7mlX/s6lA7teMlXHCrcxlW97mvyuVPjfo7JT4W71sjkZ2Fa3C98HUa74ZPC6g+LqmOHJ9XuGzs8ScVVERERERERkQ7stkFLeVXzdPrUqwfu5bZBlzdyONjShZHRN7dwRNISxsUuIsgS4esw2g2vF1YbKqqep+KqiIiIiIiISMfV2daDUTG38uG3/+nrUDqkVYd+x/gedxLmH33ZbUyL/wXdgvq1YFTSXD1CUpgS95Cvw2hXDG632+2tzhpTVK1r+650Xn5zHTZ/K0vuu5HY6MgWicNeUcWfX3yXrKO5tdssZhMJvaP5yayJxER1aVb7RcVl/PEvr3PjnCsZOqjvBfsPZ59k6fLVLL59FnE9uzerr8u1esMO0jOO8tDd87D5a3h+R5V9NBeDwdCkH+CSj8/fr3vb0P2GtjWGLcDn6++JiIiIiIgH/W3vrQzuNpvhUTf6OpQOY+fx10nLX89dg19pdlvFlSd5btc8iiu/a4HIpDk623py//B3CTSHe7Vfe7nDq/15m9dGrDa1qAqeH7k67cphPPX4PTz1+D385l9uIijQxlPPreDAwcMt2o+IiIiIiIiINN3PhvyTvd99wJpvf+/rUDqEVYd+12JFVYBQa3cWpbyE1RjUIu3J5Qkwh/HTwcu8XlTtCLxSWL2coup5niyu+lsthIUGERYaRGx0JItums7A/r1ZtT6Vcntli/UjIiIiIiIiIpfnniGvE2Lpyh+3TyC39KCvw2mXjpd8xR8+G0e4f3SLFVXP6x7Uj9+M/ZSeoUNatF1pnJjggfxy9AY623r5OpR2yePX0dYtqvaNi2lSUfW8scOTSP0ijUOHj/P082+16LQAdZmMRsaPGsTSV1Zx7EQe/RJiOZx9krdWbSE75xROl4shA/tw+43TCLBZKSwqYfnbGzl4KBujnx9Dr+jLDbMm1LaX+10B6z55jezj3xEZEcZdt8ygV2y32v0HDx3lpTc+Iu90Eb17dOeuW2bQpXOnc/uyeeP9TziVX0iAzZ9pE4cxbdIwTEYjp/KLeHv1p3x9KJtqh4PePbpzz20zCQ8LqZ1mYOSQfuzc/TVR3Tpz/51zOZhxlFff3kjp2XL6xsfSNSKsxV8/EREREREREU+Y0PMukiOvZvmBxfSPuIorey7Gagr0dVhtXqWjjM1HX+BQ4TYWD1vRrDlVGxJgDuPeYW+xO/dt1mU9Q1nVaY/0I9+zGAMYE3M7V/W+H6tRueIpHi+sPv38CuwVVS3W3vmRq3/5/QMt1mZdQYE2DAYDZ8vtABSXlDFySH9+duu1lJ6189fla/h4215mTRvN+x99RlVVNb/79SJcLhdbdx6gtMxOUKANgNRdafz05hkEBwXw0hsfsfbjL7jntpkAVFZWkZ6RzeKFswF49e0N/OP1j3jo7nmcLizmH6+vZdTQAUweN4+jOad49Z2NWCxmpkwYwtnyCnrFdmX+nEm4XC5eWbGedz/cxl23XAtARUUln+/9hutmjCOpXy9O5Rfx6jsbGTVsAJPHDeZozimWv72BbpEaAi4iIiIiIiJtQ7gtlp+P/JCPjzzLU6mTsJgCiAoaQHRIcs1tcBLB1uatmdKelVbmc6I0ndyyg5wo+Yrc0oM43dWMirmVB0es8nj/BvwYHjWfQV2v5ZMjz5F6/FWqnOUe77ejCbJEMDL6JsbGLtSl/17g8cLqmOHJJCbE8vyyldgrmn95/X2L5pCRmdMCkV1cVVU1Tqez9vHggX1q74eHhdArtisnTxXUbrPZrISGBOJvtTB/ziSgZvEqgGunjiahd823Pcn9epOecZSq6ppJe/38/Jg+aTgx3SMAuG7GeF58dQ25350mIyuH0JAgZkweSWCAP+FhIWQePcHer75l/MiBxPXsXm/Rq/59e5KecZSKypoCttFo5JbrJ3NFUjwA279Iu2h7h7NPtvjrJyIiIiIiIuJJk3s/wFW97qfQfuxckTCN1OOvcKI0XSMhGxBkiSA6OImooAGkdJvDjD6PEOYfg5/Ba8vvAGA1BnFNwq+5JuHXHDz9MQdOfcips99SXlXE2epCql0VXo2nPYgPG0X3oP70i5hEn/Bxvg6nQ/F4YXXB3Em193Ny8+vtO11YwiO/f/Gi5z3+r7dd9HL/wckJDE5OaNkg66iqdmA2megUUjOxckZmDu+t3cbJU4W1heHhKYkAzJs5gdfe/ZhfPPY8AQFWJo0dzLSJw2rbsvlbLtmP2WwiOCig9rHFbKLa4eBMSRmn8ouwmE34+X3/5mbzt3KmuIyKqioKzpSw4oPNHDuRR9nZmpG18b2iLtn2pdoTERERERERaYsMBgOdA3rSOaAnAyOv8XU4cpkGRExmQMRkX4chctk8XlhtSEFhMVAzEjQiLASA00UlFBaV+GTxKIfTybadBwjrFEz3rp05W17BilVbCAsN4pEHb8Lf38pr726qPb5TSBD3L5qD2w1Hc75j6fLVhHcKpn/fnj/aV3W1g9Ky74e81y3odu0SRk5uPi6Xq3a/vaKSTqFBmI0m3l2zldKzdn7+s3mEBAeyaeseso7mXrKvrl3COJx9kmqHAxuW2vZERERERERERETk8nh3vPcljB2exJL757Pk/vmXXNwqMSGWWdNGt2i/FZVVFBWXUVRcRvbxUzz7jw84eCibm667igCbFT8/PyxmExazCavFzJHsk2QeOQGA0+ni7dWfsnv/Ic6UlGEwgJ+h8QVLl8vFus27OH7yNMdPnub9tdvo3rUzUd0iGNg/juKSMtZ+/DmFRSXsPfAtO3YfZMjAPthsVvytFswmI/5WCwWFxew9cKjBvgb2j6PcXsH6zbtq20vdld7s109ERERERERERKSj8umI1aaYffWYFm9zw5bdbNiyG6i5FD+hdzQPL/4JMVE1k13b/C0smDuJv7+2lt/8/kVSkhLoGdMVqLnsIKpbBCs+2MyZkjJMRiNjRyQzdkRyoxbrslot9O/Tgz//7V2KS8vo3aM7d940HZu/hdioLvz05hm88f4nbPx0NwE2f6ZNHMaVY6/AYIB5147nr6+u4bE/vUTPmG4kJvTgu7zCS/YVG9WF226YymvvfszGT3fTu0d3UpITGjxHRERERERERERELs3gdrvd3ujo7oefAeDFZx6u3ZaRmcN/vfAWs6aNri2crlqfyuoNO/jlvTeSmBDrjdBEOqzso7kYDIYm/QCXfHz+ft3bhu43tK0xbAFt5rshERERERERkQ7HXu7wdQge1SqmAmiMVetTWbFys6/DEBEREREREREREfFeYdXmb2nW+as37GD7F2ktFI2IiIiIiIiIiIjI5fPadbQpyX3YsTudZW+uY+zwZABycvMveXxObn7t5cHbd6XVtiEicp7bDZc5i4CIiIiIiIiIeJDb5esIPM9rhdXZV48hIyuH1F3pjVqR/oeX/YeHhbBg7iRPhScibZDb7b7s+VlFRERERERExHO8tKyTT3lt8SqAcnslqbvSKLdX1ts+ODmB2OhIAHJO5PFlWma9/QE2K2OGJxNgs3orVJEOoa0vXmW2+GEytZmpokVEREREREQ6DIfDRXVV+x626tXCqoi0Lm29sOpnNGC1Gi/rXBERERERERHxnMpKJy5n+y47aqiXiLRZ7f0NWkRERERERKSt6gif2VVYFZE2zeVq/2/UIiIiIiIiIm1JRyiqggqrItLGOTvIm7WIiIiIiIhIW9FRPqursCoibZqj2tUhVhoUERERERERaQvcbjcOR/tetOo8FVZFpM1r76sMioiIiIiIiLQVHekzugqrItLmOZ1uzbUqIiIiIiIi4mMul7vDTAMAKqyKSDtRXeVCMwKIiIiIiIiI+Ibb3bFGq4IKqyLSTrhcbqqrnL4OQ0RERERERKRDqq5ydrirSVVYFZF2w/n/27v3uCjrvP/j72E4zKAMgoDKwQOyYoGlmZaalmlq5anV0tpq0zttN/eudq3dve+Od4d7t4P3ve7eWpv3nZb9UlwtD1mYlqYrlZinpIQEDwOoICAoDMeZ3x/AJAoICjPAvJ6PxzyYua7vdV2fCx/Rgzff6/OtcnjcX8cAAAAAAHC3inK7R7UAqOXt7gIAoCVVVtpltzvk62eUweDuagAAAAAA6LgcDqm8zPNmqtZixiqADsdud6is1HN/sAMAAAAA0Nqqf/eu9OjfvZmxCqBDcjiqw1Vvby8ZvQ3y8mL6KgAAAAAAV8pud6iq0qHKSlrxEawC6NAqK+2qrJSM3l4yGiWjl5dExgoAAAAAQJM5HJK9yq4qu1RFoOpEsArAI1RV2lVVKUl2eRkNMnoZJIPk5WWQwWCgHysAAAAAAKoOUR0OR/Uj/g6pyu6Q3QMXpmoKglUAHsdexf8UAAAAAADAlXFpsGrNylHCum1KTbc2+1izyU8zpo7WiCFxLV8YAAAAAAAAADSDy4LV0/lFen3xKtlKyxQZHip/k1+zjrdm52jZykTF9o1SSLCllaoEAAAAAAAAgEtzWbC6Zfu3spWWacaUWzR21OBmH79+U5I2fPaV8vILCVYBAAAAAAAAuJWXqy5kzcqRJA0fEu+qSwIAAAAAAABAq3BJsLozOUXW7FxJ0tKViSqxldU7rjZ8BQAAAAAAAIC2zCWtAPZ996NspdVh6r6Dh5WXXyj/iDDn/p3JKUpYu1W20jIWqQIAAAAAAADQ5rkkWJ03e6peX5SgtIxMLVkwv86+0/lFWrYyUWaTr/pFRyotI1PLViZqUHyM/M3NW+CqqWyl5Vq4ZI3Sj2Y7t/n6eCumT4TunnSzIsND64yTpMfnTJPZ5Nsq9QAAAAAAAABoX1y2eFVD9h38UZI0dtRgTR4/XCvXbtXnO/bImpWj2JioVr32uFuudy6kde5ciRK3Juu1RQl6+Bd36Jqro2Xy89W8WVMlSSa/lg1V317+sfLPnCWwBQAAAAAAANohl/RYXb8pydlj9Y3Fq3Q6v8i5Lyq8uiXAvoOHlZaeqbR0qyS12mzV85n8fBUU2FlBgZ0VFRGmWfdO0ICr+mj9piSV2MpkMEgBnc0K6GyWwdDq5QAAAAAAAABoJ1wyY7XEVubssXo861SdfV2DA2U2+cmanavXFydIkswmP5nNJleUVoe30aiRN16jt95dr+NZOeofE6W3l38sSZr7wERt+Owr7U9JV1REmHbt+UE/v3OkRgyN1+qPt+ur5BTZ7Q6NGBqv6ZNGyeTnK7vdoW1J+7Rx89cqOleiLpbOGj96iDZ/uVv5Z85Kkh57+m+aPH64Jo0bpu/TjmnFR1/oVG6+/M0mjbv5eo0bfb28jcaLrj1lwgh990OGzGaTHnlgoozG6ox8zcbt+jEji5mwAAAAAAAAQCtySbA6c+poWbNylJaRqb++8q/O7SW2Mr244D3ZSssUGR6qQfEx2nvwsDKzc/XG4gQ9N/9Bl8xcPV/nTmYZDAYVl9jq3X8s85Q6+Zv0+NxpiuwRptUbtisl9Yh++8h0BXT217sJm7Rxy9eaducoJSUf1OoN2zVt4khdd00/Hc88pVO5Z/TvT/xCy/+xWYVFxfqX+25XoKWzrNm5+r8PPtGNg6/WmJum6aj1lJav3ixfXx+NHXXdRdeOCg9T505mrU3cqbyCIoWFdFGJrUw/pB3X0EH9CVUBAAAAAACAVuTWHqvrNyXJVlqmMSOv08ypoyVJk8cP1zsrEvXV7hRt2f6tJo8f7tKayssrVFVV1eD+bqFBmn3v7Qq0dFJhUbFSUo/oztuGKaZPhCTp9jE36NPPv9GZwnNK2v29bhh8lW696ToZDFJQYGfneXx9vGU0einQ0llmk6+++yFDgZbOumPMDerkb1JwkEWHj2Zpz3c/auQNAy66tiTFxfbWJ59/o7SMTIWFdFH60WwVl9g0MD6mFb9DAAAAAAAAAFwSrK5cu1VpGZmSpMee/h89N/9BhQRbZM3KkSSlpVv1xuJVzvEltlJJUuphqzTeFRX+pLyiUj7e3upi6Vzv/s6dzPL19ZEkFZ4tlq20XO8mbNK7CZucY4K7BKjoXInOFJ7TVT/r2aT+rKdyC+Tr4y0vr5/a3ppNfjpTeE6l5eUXXVuSAi2dFNs3St98+72GXBurPd/9qP4/66XQrl0u59YBAAAAAAAANJFLglV/s5/MJl/ZSssVFR560f7aha3qO86VKquqtOPrAwrqEqAe3bpecnxgQCeZTb6aMmFEnVmiXl4G+Xr7qEtgZ+WfOSuHQ5cMV7uFBsmanSu73e7cZistU5fAzjL5NvxY/42Dr9L//r9PdOjwcaUetureu25loS0AAAAAAACglbkkWJ08frhSD1uVlpGpp+bNcG4///2l1IasLRm2lpaVq6DwnCSp6GyxPvrknzqWeUq/mT21SdexBHRSXGwffZm0X70iuymoS4BO5eQrN69QN90wQNcN+JnWb0pSn57dNeCqaB3PPKW8giLdetMg9e0driPbv1VeQZEie4RowFXR+nzHHn3y+Tcac9MgHbWe0le7v9edY2+Un59PgzX0iuyusJAuWrV+mzr5m9S3d3iLfX8AAAAAAAAA1M+tPVYl6XR+kTZ8lqS8/KI622NjojRp3DDn57GjBmv4kPgWDVY/27Zbn23bLam652lMnwjN/9XdiqxnVm19DAZp+qRRWv3xdi14c5UqKisV2rWLpkwYIUm6ZcS1Ki+v0Icbd2j5PzYrJDhQd91xkxwOadj1cfoxI0svLnhP11/bT3MfmKh/ue8OrfjoC23+crf8zSaNu/l63TLi2kZr8PX11sD4GK1cu1V3T7rZ5bN8AQAAAAAAAE9kcDgcjta+yKJ31mpfSrrz83O/e0BREWGSqvuovvHmqouOMZt89ddX/rW1S+sQ9qeka+XaL/TbR+5WWAj9VdF0x45my2AwNOslqcHPte/P/9rY+8a2AQAAAAAAtGUumbE6cMDPlJpula20XAPj+qprcKBzX2xMlJ789T0XHXP+GEkqsZUpMztX/fpGtnq97UlVlV07k1MUFdFNXYMs7i4HaPMMBsno7SUvL4MMBtW8CHYBAAAAAKjlcDjkcEgOh2S3O1RVaVfrT81sf1wSrI4YEqekXQeVlpGpGVNvvehx9diYqEueIyn5oBLWbdOTv76nSeM9RfbJ00o/mqUH7x4no9HL3eUAbZLBIBmNXvIyGmQ0EqICAAAAANCY6idTq98bjQb5+Hipqsohe5VDVVWErLVclsTVPvq/Y9owOgAAIABJREFU7+CPl3V8ia2sJcvpMKIiwrTghV/r2ri+7i4FaJOMRoN8/Yzy8fUiVAUAAAAA4DIZjQb5+HrJ18/I79c1XLZ41dhRg52zTpOSU+RvNjXr+ONZOZIubhEAAPXx8qr+i5oXP+wBAAAAAGgxXl7VE5jsVQ5VVNhlt3vu9FWXLF5Vy5qVo5VrtyotI7PZx5pNvpox9VaNGBLXCpUBnqmjLl5V/UPei96pAAAAAAC0IofDofIyzw1XXRqsAmhbOmKw6u3jJR8f+g0DAAAAAOAqFeV2VVba3V2Gy5E+AOgwvGoaagMAAAAAANfx8fXMVnwkEAA6BIPBIF9fo7vLAAAAAADAI/n6Gj2uJR/BKoAOwdfXSx728xsAAAAAgDbDYKj+3dyTeNbdAuiQvIwGj3zkAAAAAACAtsTTfj8nWAXQ7tFXFQAAAACAtsGTfkf3nDsF0CF5e3vJy8tz/hoGAAAAAEBb5uVlkLe3Z0SOnnGXADosozehKgAAAAAAbYmn/K5OsAqg3TIYxGxVAAAAAADaGC8vgwwesMI0wSqAdsto5EcYAAAAAABtkZfR3RW0PlIJAO2WgZ9gAAAAAAC0SZ7whCmxBIB2yxMeKwAAAAAAoD3yhN/ZCVYBtFteHvBDGgAAAACA9sgTfmcnWAXQbtEKAAAAAACAtskDclWCVQAAAAAAAAAtjGAVAAAAAAAAAHAhb3cXYM3K0dKVibJm50qSosJDNWvmBEVFhLm5MgAAAAAAAACon9tnrL5TE6pGhocqMjxU1uxcLV2Z6O6yAAAAAAAAAKBBLp2xas3K0frPvpLNVqauwRbNmDJamTWh6vPzH5Qk/ceC92TNzlWJrUwJ67YqL79IZrOfJo8bxixWAAAAAAAAAG2Cy4JVa1aOXl+8SrbSsuoN6VLqYaskKSTI4hwXEmRRZnauXlzwnvIKipzbUw9b9dSj9xCuAgAAAAAAAHA7lwWr6zclyVZapodmTtCg+BgtXfGp9qWkKzjIosnjhzvHTR4/XMezc5VXUKSBcX01697btffgYS1bmaj1m5I0b/ZUV5UMAE128twhpebtUHrBVzpTmqVz5Xkqrsh3d1ntViefrurs21VdTOGKCR6mfl1HqXunWHeXBQAAAACAk8uC1RJb9UzVQfEx8jf7XRSQWrNyZDabFBURplefmVNn36D4GC077xwA0BY45ND3uVu05chCZZ/93t3ldCjFFXkqrsjTqeI0peZt08Yf/6TwgKt1W/QTuipkjAwyuLtEAAAAAICHc1mw2jU4UMrI1NKViZo3a4pz+4UtAswmPw0aEKMZU0bL3+wnSVq64tOfztECbKXlWrhkjeJie2vSuGEX7T+Zk6833lyle++6VYOv6dfoub49kKa33t2gX/1y0iXHAug4zpRmafl385RZdMDdpXiM7LPf6939cxVpuUYPDFikLqYId5cEAAAAAPBgXq660MypoxUcZNG+g4frbDebTZIc1e9NvpIcSkpO0RuLE5wzVGtbBsycOrpFa/pqd4pO5xfV2eZwSDu++U6FRcVNOseAq6L12nOPaMBV0Zccayst15//tkJvL//4suoF0Dak5e3QX765k1DVTTKLDuhvyXfp0Olt7i4FAAAAAODBWj1YtWbl6MUF7+nxZ/5H+QVFCq5ZqMqalaPT+UUKCbboqUdnyGzyla20XJPHD9ew6+Nkzc7V4qXrJEnBQRblFxTp8Wf+Ry8ueE/WrJwWqS03r1Bf7U6ps+1Ubr6+2fNDk8/h6+OtoMDO8vVx2eRfAG7ikEPbjv1d7+ybJVtl0aUPQKs5V35ay/Y/rO3Hl7i7FAAAAACAh2r1NHDl2q2yZucqMjxUIectVPX64gTZSsv10MwJGjEkTk89OkMv/tdy7UxO0fPzH1RqulWp6VZJ0m9mTdH6TUk6XVAka3aulq5M1HPzH7zi2gYN+Jl27T2kYdfHKSS4OvDdmXxQXSyd5bA7nONO5RboHxu+1A9px1RRWak+PXvokQcmKjjIooxjJ/TWexv0qwcnKahLgP781w80fEi89n73o7JPnVZYSJAe/sUdstsd+svbq2UrLVe6pOR9qc72Ad+nHdOKj77Qqdx8hYUE6b6fj9HV/Xo5z33T0HjtTE5RwZmiOtcuLStX4hfJ2vHNARWdLZGls78euPs2DYyPUUHhuQZr6R3VXZJ01HpSy/+xWdbsHPl4e2vYkDhNnzhKkrT64+36KjlFdrtDI4bGa/qkUTL5+V7x9xxozw7mbFLi4dfkkOPSg9HqHLLrkx//rO6dYtWv6yh3lwMAAAAA8DCtPmM1LSNTkeGhen7+g5o3e6qiIsJUYiuTrbRckrRsZaJ2JqfoeHauJCmkZkZr7dfT+UWKigjTvNlT9fz8BxUZHiprzdgrNSg+Rl0snZyzVnNOn9He7w7r1psGydvb6BxXXFKq3lHd9MJTD+mlP8yW0ctLazbukKOBbOXrb1N0//SxeukPs9XJ36RPPt+liB4hevqJ+9U7qruujevrbB9gzc7V/33wia65Olp/fnqOJoweouX/2Kyc02ckSaWlZUpJPap//Ze79O+P/0JFZ4u1NWmfJMlud6iyqkqPPfxzvfbcIxp54zVKWLdV+WfONlpLVZVdJ3Py9T/vrFVo1y565d8e1r89/guZTb6qrLRr9YbtSjl0RL99ZLpeeOqXyj55Whu3fN0i33OgvTpx9pBWpvyWULWNccih97/7DYuHAQAAAABcziU9Vi9cu7l2UarqnqrV4eqylYmSpNiYKJXYymTNzpXZ5OucSdoafH29Ne6WIdq195BO5xdpxzcHFN49RP36RtUZF92rhybeNkyhXQPVLTRIV/XrpbyCIpWWldd73jtvG6aYPhHqFhqk+P59VHS2WHa7Q5aATjIaveq0D/juhwwFWjrrjjE3KDjIoqHXXaWwkC46aj0pSfLx8dZdd4xUZI8Q9Y7qrj49eyivpi+sv9lP0yeOUq/IbgoK7Kxrro5Wld2hM4XnGq2lvKJSe777USY/X917160K7RqoyB4hmnbnKFVVVSkl9Uid424fc4PSj2Q7FxgDPNHKlN+q0s5/A21RWdU5rfr+SXeXAQAAAADwMK3eCqB2humLC95T1+BATR43TFERYTWhqkEzptyivd8dVtfgQPWMCNXwIfHKyy+UrbRMZpOfrFk5iooIkyS9vihBmTVtBVpKbN8odQ2yaF3iTh05fkK/vGecjMa6eXP2qTwlrN2q41k5OldskyT17R3e4DlrA+OmOJVbIGtWjp54dlGd7TF9IhQSHCij0dhg/9bSsnKtS9ypPQd+VEHhOTkcjouu3VAtp3IL1LmTWb6+PnW2F54tlq20XO8mbNK7CZuc24O7BKi0rEJmk1+T7w3oKPaf2qCTxanuLgONOHHukFJyP1Nc6Dh3lwIAAAAA8BCtHqzOnjlB76xMlDU7t/qVlaM/PzNHY0cN1obPvpI1O1dPzZshSSqxlSkvv1BREWF6aOYELVuZqNcXr9JTj96jqIgwnS4oUmR4qGbPnNBi9fn6emvC6CH62zsf6boBP1N0r3AVnStx7q+qsmvNx9t1ttimJ+ZOkyWgk7Zs/1bpR7Nb5PrdQoPUMyJMD//iDpnOCy1Nfr46cSqv0WN370/Tzl0HNXPqrbqqXy9Zs3L0/urNTb5u+tFslZdX1AlfAwM6yWzy1ZQJIzQwPsa53cvLoIBO/s28O6D9szuq9Onh191dBppgc8ZfdFXIGHkZjJceDAAAAADAFWr1VgBREWF6fv6DWvjyb9Q1yKK8gurH2MeOGqzI8FAlJafojy8v0RuLV+mPLy9xLmA1YkicHpo5QbbSMr2+eJWsWTl69Zk5en7+g84ZrC0lJjpCv/7lZN11x8iLZqt6eXnJ5OcrH2+jTH6+yssv1J4DaZd1HbPJVxHdQ5RXUKTCs8WSpAFXRetssU3J+1LlsNtVWVml5H2HnDNjGz2fn68MBoMCOvursrJKSckpDbYnuNCAq6JlKy3TR5/+U7l5hco8cVofffJPeXt7Ky62j75M2q+Cml6tp3LydSAlQwbDhU0dgI7vyJlkFZRmuruMFvYrzbslQ6/etFSDmzI86gO9MCZD869qaMAszR2VoVdvfK3lSrwMJ84d0pEzyW6tAQAAAADgOVzSY1WSVq7dqryCIg2M6yupuj/oU4/O0LDr45RXUKTUdKuk6kfZaxe0qi9cbQ3eRqPi+/dRcJeAi/YZDNK0O0dKkp599R0lrNum2Jiel32tO8feIEl66j/e0obPvlJUeKgemjFeyftS9cdXluiF15fJmpUrH59Lz7i6Nr6vhg+J1+Kl6/Tyf7+v0JDAOrNeGxMVHqp/ue8OpR/N1tN/+l+9+rcVKq+okNFo0PRJoxQTHaEFb67SH176u5av3iw/P59LnxTogDIK2ubCbUFRL+muiIjLOzZ2onoaJfndqBt7tWxd7tZW/70AAAAAAB2PweFoaG37lvX6ogSlZWRq4cu/cS5eVR9rVo5eX5wgW2m5Hpo5QSOGxGlncoqWrUyU2eTnbAsA4ModO5otg8HQrJekBj/Xvj//a2PvG9vWFGb/Vu9monf3z9X3p7e0+nWaa8R1+3SbFuqFPUubeeQNunf4CsWVv6lvvGbrJq8N+vvXv1dGY4dEfaAX+t2os9nRWvBDfQNmae6oZ9W3fLX+8PXvm1lPy7o6ZKx+ee3bbq0BAAAAAFDNVlLp7hJaVeunEjVqw9S9Bw9rxJA4LXpnrfalpKtrkEXzZk1xhqVREWF66tEZen1xgpatTJQkjRgSJ0kX9VwFgNbW4doA9Pq94sy5yjjyujboal179c26pYeUceKnIUERCzW77ySF+UiqylR6flHdc5ju070Df6+BnSySypRf8KVKXXkPjThbnuvuEgAAAAAAHsJlrQAmjx/ufMx/zvwF2peSruCanqvrNyXVGVsbrjbUFmDR0nWuKhuAhztbftrdJTgFRTyje+MW6t64hYr19ZO37yjn50lNagsQobu6DZLP2c/00QlJJ95Sui1U0RG/+mmI6Rk9+LNJCrJ/ra8PPaYPfvxSPl2ulvm8c0y65lkNNJUpPfMZfXDwJaV53ajwNtItpC39ewEAAAAAOjaXBau1YenAuL7qFx2pYdfH6fn5D0qSc0ErSXpnRaJeXPDeReHqlu17NGJInCLDQ+uMB4DWUmWvVElFgbvLaDldfq9+AWU6fupZVd/VN0o8tVcKnKi7TDVj+tyscGORjh+7Tx9lfaz9Wc9qUdZeVThP8rj6BfjJVvSW3k79QPtPfaCPdv8/Ha9yw/3Uo6jslKrsFZceCAAAAADAFXJZKwCpOlydN3tqnW2R4aGyZufqxQXvSZKs2bkKDrI4x9e2BUhYt1Vbtn+rvIIiRYaHurJsAB7K6OUtf58gnWsjsyALsl7Wiqzq9yOu26ee2q4VKU3vsTq4940Klp+CYzL0akzdfXH9p+mjfWtqPuWqwHrezvIyXdgV56zt/OueVoW9yWW0Kn+fLjJ6tZHpswAAAACADs2lwWp9Zs+coHdWJsqaXd0XLzI8VLNnTnDurw1XV67dqrSMTPWLjtTMqaPdVS4ADxPgG9JmgtUrYnpJN3UNVX7uM0o8VXfWv6nHs/p5l/t0i9ZomyQpVEFRkmrDVV+/i/5nEWCeJak2XA2Rj8uef2hcgG+Iu0sAAAAAAHgItwerURFhzpYAjY15at4MF1UEAD8J8A3VCR1ydxkX+T53g8LsnzV5fHTfmxWu7/V12gfaf+FKU2W36ZbBk3RtbIS2HflS2d1mq2+fNbrLvlQZukE3RQzST3NAFyrt7CTdFPS45sWW6Z9npOioX6insYVu7AoF+PJEAwAAAADANdrIHCMAaJvCA652dwn1KrA+q4+yspo4eppuCYqUzu7VtgtDVUk685oyiqXw0Jc1uPRlvffjBuVokG7s/1fd13+cdOZ72ZyDs7ThwEvaVyz1jHxZ98W/rDh9rew20ta0Z+Agd5cAAAAAAPAQBofD4XB3EQDc49jRbBkMhma9JDX4ufb9+V8be9/YtqYw+7f+pPvss99r4a6JrX4dtIz5wzYrzL+vu8sAAAAAAEiylVy4YkfHwoxVAGhEeMDV6tNlqLvLQBP06TKUUBUAAAAA4DIEqwBwCbdFP+HuEtAE/DsBAAAAAFyJYBUALqFv0I3MWm3j+gWPVN+gG91dBgAAAADAgxCsAkAT/Lz/KzIZA9xdBuphMgZocr/n3V0GAAAAAMDDEKwCQBOEdeqrmfH/LYMub6EttA6DDLo3fqFCO0W7uxQAAAAAgIchWAWAJroq5FaN7/uku8vAecb3fVL9Q25xdxkAAAAAAA9EsAoAzTC696/14DV/l4+Xyd2leDQfL5MevObvGt371+4uBQAAAADgoQhWAaCZ4kJv06PXr1b3zv3dXYpH6t65vx69frXiQm9zdykAAAAAAA9mcDgcDncXAcA9jh3NlsFgaNZLUoOfa9+f/7Wx941tawqzv/dlHddSHLJrd/Y/lJi+QOfKT7u1Fk/Q2TdE4/vO15Dwu2Xg74IAAAAA0ObZSirdXUKrIlgFPBjBastJL/hKh/OTdKxwj86W5ehcRb5KKgrcXVa75e8TpM4+wbKYuqtX4HX6WfAI9eky1N1lAQAAAACagWAVQIdFsAoAAAAAAFpLRw9WeZYSAAAAAAAAAJqJYBUAAAAAAAAAmolgFQAAAAAAAACayS0NCktsZdrwWZJ27kqRrbSsycd1DbJo7KjBGjvqulasDgAAAAAAAAAa55ZgddE7a5WWkSmzyVf9oiObfFxaRqYS1m2V2eynEUPiWrFCAAAAAAAAAGiYy4NVa1aO0jIyFRkeqqcenSF/s1+zjn3xv5Zrw6YkglUAAAAAAAAAbuPyHqtms0n9oiM1efzwZoWqkhQVEaZ+0ZHKKyhqpeoAAAAAAAAA4NJcPmM1JNiip+bNcPVlAQAAAAAAAKDFuDxYPZ1fpH0HD9dZtGpgXF9FRYS5rAZbabkWLlmj9KPZzm0Gg9QtNFj33nWrru7Xy2W1AAAAAAAAAGh/XBasltjKtOGzJG3Zvueifes3JSkqPFQzpoxWbEyUq0rSuFuu19hRgyVJDrtdn/9zr95Z8al+98jdCu/e1WV1AAAAAAAAAGhfXBKsltjK9MbiBFmzcxUcZNFto65TVHj1DNXTBUVK2nVQaRmZeuPNVXpo5oRGF6byN/vJbPJtkbpMfr4KCuzs/DzyhgH65tsflHO6gGAVAAAAAAAAQINcEqwuemetrNm5GnZ9nGZOHV1n0apYSSOGxGlncoqWrUzUspWJ6hke2mBrgHmzp7ZKjXa7Q/u/T5fZ7KeeNdd+e/nHkqS5D0yUJH17IE3vJmzSE3OnS5L+8vZq2UrLnecwm3z1xNzpKig8q7fe3VDn/MFdAvTHx+6rE+QCAAAAAAAAaJ9aPVjdmZyitIxM9YuO1Ox7JzQ4rnaW6rKViUpYt01PPnpPa5em9ZuStH5TkvOzJcBfjz40RcFBlkse2zMyTC/9YbbsDofKyyv0zopPZTQa1T0sWJHhoXrtuUckSUVni/XmsvXq1zdSAZ3NrXYvAAAAAAAAAFyn1YPVfd/9KEmaPH64pOrFq5atTKwzZtiQOI2oeW3Z/q1S0606nV+kkOCLA05rVo5KbGUt0ou1vh6ri5et0xNzpysqPLTRY72NRgVaOsnhkDZu+UrFJaV6fM4052xc38DOqqyq0kef7FBwkEUzp94qb6PximsGAAAAAAAA4H5erX2BfSnpCg6yOINQm61UqenWOi9rVo5z/KD4GEmSNTun3vOtXLtVb7y5qkVqq+2xGhTYWcFBFt0x5gYFWjorLd3a5HMk7zukbTv3a9bMCQrtGujc7nBIiV/sUsaxE5o1c0Kd9gcAAAAAAAAA2jeX9FgNOe/R+qiIMC1ZML/BsbW9Va1ZOc6QtZY1K0dpGZlNelT/SpTYyurdXlVlr/M5/Wi2Vnz0he4ce6P69g6vsy953yF9tm235tw/sU7gCgAAAAAAAKD9c0mwaiv9KahsrBWAJOfs1a7B1WHklu3fymw26avkFKXWzCStbStwpUrLylVQeE5SdSuAf+46qPyCIvWvmV3bNdiiA99nKDfvjHx9fbRt5z7nsbl5hfq/Dz5Vn57dNTC+r/M8nfxNsmbl6IMPP9eNg69WZI8QFRSek5fBoE6dTLQDAAAAAAAAADqAVg9WI8NDZc3OdfZMrW0FcL7gIMtFwWrPmh6nCeu21Rk3c+roi2ayXq7Ptu3WZ9t2Oz93sXTWg3ePU0yfSEnS6OEDlZaeqaf/9H8K6OSv4UPjdLqgSJJ0POuUcvPOKDfvjP7tlf91nuNXv5yk7JN5Ki4p1dad+7S1Jow1m3z1xNzpiu7Vo0VqBwAAAAAAAOA+BofD4WjNC2zZ/q0S1m3TmJHXaebU0Y2OtWbl6MX/Wq7gIItefWaOJCn1sFXvrExUfkGRJo0b1mKzVQFIx45my2AwNOslqcHPte/P/9rY+8a2NYXZ3yWT7gEAAAAAwGWwlVS6u4RW1eqLVw0fEq/gIIs+37FHO5NTGhx3Or9Ii5auk6Q6AWxsTJSen/+gZky5RWNHDW7tcgEAAAAAAADgklo9WPU3+zmD0s+3f6u09Ezn4/5S9UJRW7bv0YsL3lNeQZGGXR930aP+/mY/jR01WP5mv9YuFwAAAAAAAAAuySXP0ZbYqhevsmbn6vXFCQ2O41F/AAAAAAAAAO2BS4LVkCCLgoMsCgmyKDYmStasHGfYKlU/7j98SLxCgi2uKAcAAAAAAAAArkirL14FoO1i8SoAAAAAANBaOvriVaQSANCIU7ln3F0CAAAAAAAtrltoF3eX0O4RrAJAI/gfDQAAAAAAqI+XuwsAAAAAAAAAgPaGYBUAAAAAAAAAmolgFQAAAAAAAACaiWAVAAAAAAAAAJqJYBUAAAAAAAAAmolgFfBQDofD3SUAAAAAAAC0WwSrgIeqqrK7uwQAAAAAAIB2i2AV8FBVVVXuLgEAAAAAAKDdIlgFPNTlzlg1GAwtXAkAAAAAAED7Q7AKeKiqSmasAgAAAAAAXC6CVcBD0QoAAAAAAADg8hGsAh6KxasAAAAAAAAuH8Eq4KHKysrdXQIAAAAAAEC7RbAKeKDKyiqVl1e4uwwAAAAAAIB2i2AV8EDFxSWN7jcYDC12rZY8FwAAAAAAQFtBsAp4oJKS0is6nrAUAAAAAAB4OoJVwMM4HA6VlpbV2VYblLZ2YEogCwAAAAAAOgqCVcDDNDRb9cJwtakhKGEpAAAAAADwRASrgIcpKbY1azzBKQAAAAAAwMUIVgEPUlpapnPFJTLIIIPhpxcAAAAAAACah2AV8CBnCoqaNZ7QFQAAAAAAoH4Eq4CHsNlKVWKrv7/qpdQXsDYWujYnkCW8BQAAAAAA7RHBKuAhTucWXNHxLRWkAgAAAAAAdAQEq4AHOHeuRBUVFa1+HQJWAAAAAADgKQhWAQ+Qd/rKZqsCAAAAAACgLoJVoIM7fbpAlZWV7i4DAAAAAACgQyFYBTqwwjNndaagsN59tY/tN/S1sWMAAAAAAAA8HcEq0EEVnytRbm6eDAZDdSBa89UgwyVD1aaGqwStAAAAAADAUxGsAh1Qqa1MJ07kXNE5nIHsFZ6jIyk8dlDHi1r6rKU6cfiI6p9XDAAAAAAA2ipvdxcAoGVVVFQqM+uEHA5HiwSbHS0cvXyH9OHbO2R+NF49LZIqcrR3+1Zt+CJT1lJJMqprbJzmPnCbos3VR5z4fIme+6ShJDZSjy6YoUHK1Zcr18k2/QnN6t/I5U9t1rOvHdDJC7d7G9U9PEaTHpioocFXeIut5bsEzVmmmvttvr1LF2jxwfr3DXxovuYNuKLqWsYV3iMAAAAAoP0hWAU6kJISm7KyTsphb5lQtdaF57qcc7f3gLZi7x4lWWL0YoQkZevT/1qhLQFxuv/RCYoNC5TP2cPasjJRf1rsrRfnj1YPST3GzNGSMRef6+CKv2jh2RjFSpKidPOwTnpu+7e6v/9g+TRahUU///0c3d6t9nOlSvKtSlq9UUsWrFXgK1NrztkBxY/Xklnx7q4CAAAAAAAnWgEAHcSZM0WyHs92hqrnv3TBY/3N6al6KS15rrarVLuST8gS2189JEnhuvnXD2vBoxM0KCJQ/j6ST3CMbp8Wq67Zh7Uvv5FTndqshN1+GjN+sPxrNvWI763uqanaVdHcurzlH9xHY+eO1MDSo0o6fBm3BgAAAAAALgszVoF2zuFw6OTJXBWeKbpkqHmphasa66vaGoFp+wlhjyolVYodFeXc4m8JvHhYaZUq1EmWgIbOU6pd6w7oZOwteq7XeZu79VG06YD2HZJGtNBj7SXHNuvt5SlKKaiSvI2KGjJBj0/vr5+qzteu1R8rITlXRZWStylIQ6dP1P2Dwqpnzebv19KlW7Uru0qVNW0OZs28TbGW6qNPfL5Ez+3urcfHFenD1UdlNV+jF5+5TT0qrNqy9GOtSS2pOe46PT7kwurytWvFWr2/r0C2+q59WS44Z1APTZ55p26Pqbnjeh/VP6hF8zdJte0EasbM+V0PJS3dU/O981fclCl6Ynj4T5dq0j0CAAAAADo6glWgHauqqpL1eLZKS8ta/NH/+s5X36xXj3DKKqssGh7W8JCKosNaszpFFQPv1NCG0sFj2/RhqkU///2Fj/wHq3uw9OXxbGlAeAMHN3ThQqVu3KV9pt56Mqa23s16Y/FR9bn/Hi3sH/5Tm4K1nfTnqVGSirV36QdaktVDcx6bpkERRhUeO6AP1+5SxqCJii3arv98JVmVI6fopcdiFFiZrV3LP9Qbrxbp8RemKb62+JwDWvRZb90/9wHFB3WSv/L15eJVSqiM05NP36LYgCod37dOi1fnSwp1lnx8bYKWHI/Sk3+4T7EBVTqdnaIPN+6RddAERTfv7mvk68sXnVVJAAAGPElEQVSFS/V+ZZzznMf3rdMbby6Xdc7Dmtvf1IxzndD76/w0a9YczQuTTiSv0xtrErUlfrbGWmqu1YR7BAAAAAB0fASrQDvkcDh0pqBIuafzVFVZVe+s08Zmn6KZcvJ1UhZ1v2hxqBx9+upyfZhT/cnSd4ienNm/gVmX+fpybYpKrr/zvB6ptaqD1bycfEmNBatF+vC1Bfqwzrbq2aRP/uG2mv6q1bNiS4bdowdqQ9qaNgVJf/1WqVOjFJu1QwkHjRrzu2kaGlE9JKTXUM19vPr98S9SdCR8iN6YGlM9w9UnXCPmjlXa0xu1PrlQ8cNr57320P2PTdOImsW6dGyH1h8P0oznJzhntvYccp9mHP6LFu7+qeK8ghIpLEqxwaafrv1oI7ctSQc3ac78TRdsrFkALGuXPq3nunMP/0ULN+3SjP6jVM/84gZ00u3TpmpQzb9Rz+FDNWjjOqWmS2MHSTq2q0n3CAAAAADo+AhWgXbE4XDozJki5ebkqbKysmkBau0Y1R+6NnZsfef2xIWrGhamsY89rOEVkirzdXBjov70SpGeeGHixYtIHd6uNceDNG1W/yu4nr/G/Po+3V4zc7Yi5ystXnJEUaOGO0M+KVcZ2VJe6irN2XHh8ZEqkVSRna88hSk+or5rlMqaUyJL3z4XhJH9FRezUUnpJ6TaYDUsVNHmn0ZU5OSrKCBc0ZY6Byq+fw/pvNBx0B3XKOq1LZq/8LDGDo9VbN8YRQdfYlZp7Ei9MfPC76q3/Gvvp8Hr5soqNSNYtah7tws+W6Sk/BxJYU2+RwAAAABAx0ewCrQTRYVndfJkrioqKlo88Lzc/qqNhbMdN0yty8ccqECzJAVqxAOjlfb0Rm35bqJi6/RKzdGna9Kl66foZkv952kabwUGBCqw9hyWCZozbomeW75Zw1+ZWifM7TPlAc0b6HfR8f5qA7rdpuf+PFQZ6fu1K/mAlq7epJL48XrpgfiG6/PxV2B9fW0lNXvNLwAAAAAAWoCXuwsA0LCysnLl5ubpxx+P6PjxLFVU1I2QLgxDL5qRehntAJrSX7WxYzsks5/MqhvgVVRU1jOw/r9VVXy3VZ/m9NCMqTH17lftub2b/7euHmNGarjStSYpv2ZLqKLDpZNZ+Qq0BF7w6iQfST5hwbIoRwez6jujSVFh/ipKP6LCOtsPKeWw1KdvjwZr8QkPVtez2cooqrv94KET9QwOVHT/UZr5wH166YWR6r7vK315qjl33sTr9gxVlCT5VH9v6/wXdCxTGS15LQAAAACARyFYBdoQh8Ohc+eKlZ11Uod+OKy01HSdPJGjsvMWp7qc2ar1tQG4VAuBy93XVO0qhA0LVnfly1ob/FUc0vuvvKX/XL1LGfnFqpBUYcvWruWblaTeurnO0/5WrVmXKf+RI3/qRXqRHOXlSFHhjayO1aD++vmdQTqycbsOSpJMGjo+Tv67t+j1zw/rtK1SFbZCHd+7Rs8u/VYlktRrqCb3LNHnS9doV1axKlSqkqz9Wro4URmSet4apz7ZyVq49rBOV1Tf286lW5Sk3po8pJGH6iOG6vaeBUpYkqjU/GJVVBTrePIHSjh4fmBcrJ3L39HyvdkqtFVKFcU6fvCwrPKTf4Pfn0uoc93S6nMmJ2jpbm8NGT+0ug1A396KU6YSNx5RSUWlSrL26+2VKSq61Lkv6x4BAAAAAJ6A3wQBF7Pb7Sovr1BFRYUqKipVXl6uiopKVVRUqKTEJnuVXVL9j9nXNzv1ws/NXbSqsWNaot1Ah2Dpo+iAZFmPl0rdTJJPf836nbe2rNmuRa/uUFGlJBnVtWeM5syfqPjzVq8qSd6hz22RevTOqIbPX2FVao6f+sVctDpWkwQOH6XhG9cpYWO24u8Ml3pN0HOPbdfS1R/r2U+qVCnJHB6pyVNiah61D9bNj8+SecVavf/Xt7SkUvI2BWno9InVszsto/TvTwdq6dKP9ewfq1R5/gJZ9a/MVSNYNz96j/R+ov7yyls1x12nx6cb9dz7tWM6KX5YjPatW6U/vl9dm3dQqG6ecyVtEn66n0WvLpKtUvIO6qHJv35At8fU9G71Gay5c07oT0s/1ONfSN4BPTR51khV/PWiRrSXvtYl7xEAAAAA4An+PyXpw7C3mT9NAAAAAElFTkSuQmCC" height="600" width="800" />]]>
  </system-out>
  <testcase name="VerifyQuickLaunchItemCount_002" time="12.778" classname="testcases.QuickLaunch_CB"/>
  <system-out>
    <![CDATA[<img src="data:image/png;base64,iVBORw0KGgoAAAANSUhEUgAABVUAAAJeCAYAAAC0+uXyAAAAAXNSR0IArs4c6QAAIABJREFUeJzsvXmcZFV99/8+99bSVb13T3fPvjAwDAw7giigovgkEoNLlCiaR/MkRkkkiMqTxecJMcujCXHDRDSJJjFofsFoFCNGkRhZhEFggBnAWWGWnunpfa2u7d7z++NWVddyb1XdU7e6u6ru98W8vlTVuae+9fncz/f7rXNP3xJSSolvvvm2fJaYhbmTyLlh5NwwzJ7M+OOYwz9DJGaREoSgwGsats8LQAICgUSW9QBCCKSUlX3R8fnvVOJtA6vgy81XbJWG5/sqLDfcTdhuwpDqOFfl846vDedqeVTD2S1/rnFW4lEN5xXTS7100gp6sTm+pfWixJ+vF7f8tYRePNFJi+rFjU5aQS/10kkBj02qFxVz8/aucV5hvdRLJ6tAL7Xh7Ja/+uplefowj/Tim28Z0790goXYIhNTsySSaQDCoQD9vV20RyMIf1HVN99WkZkp5LGHkQfvwzx4H8wcx6lwCAofuyl0mtAUGpbla7SqspoaFo8arTLz1KNBtPf1b7S8bAzL81j/RqseX6Qc9eISZ9f9vTLOFXyJrYBe3OikFfRiO48HOmkFvSjA3dR6ccWf+7zU1HqpAEDL6cUT/lpULy7hWz69qONck17qpRPFvLT69OKRTlaFXtRxdsufpzrxraVt8dMHGT49bvvahqE1/qKqb76taht/AfPgfRjPfQMx9pxtodFEtj64a0Q0TXNVGJezoJeYx43k8hT0OjTsNjwuTwOshrNb/mr5olE9j/Vo3Ouol3rppBX0YnN8S+tFiT9fL275awm9eKKTFtWLG520gl7qpZMCHptULyrm5u1d47zCeqmXTlaBXmrD2S1/9dXL8vRhHunFN98yduKPniSeSNq+1hYO+YuqvvnWGCaRL3wb48E/hYmDtoXDWih1X+ig2gK6fI1WlZDU0LB41GiVmcffqarCY/0brabYSZSFQxnnCr7EVkAvbnTSCnqxnccDnbSCXhTgbmq9uOLPfV5qar1UAKDl9OIJfy2qF5fwLZ9e1HGuSS/10oliXlp9evFIJ6tCL+o4u+XPU5341tJ25A8ewzTtTxpNE2jLHI9vvvmmZAJxzlsIvO9xtOvuRHaszdRRS9zZQmaaEmSFRqTIA5imaV8Yi8blPEW++PV8Lxy83XinCidtfLkCWexLpvM2Xjs8nPCuhHOBr4JHr+O2w0MV5zzAnX1BX1jhfHIZt51XxbliY2nHiwfxlsNDFeeG0EuVOJflsVweazS92H6P8iBeJzyceGlEvbipK054lxtfMu0q14sL/lTyktvzrqH0UgEP1bzUsHrxgD+VvFQu7obRi2KeVs1LS4Db+GKdrIRe6lVXFPPSatOL1/1jOTzqrZdacHZ73inXFd98KzKnBdXsa/6iqm++NZJpAbSLfp3gTc+gveZPINILYBU4ZM4jBaZdgRM2PlMgSxZWi8Zl3wdAUOSLX8/30sHbjc/MV2LCxjs1KHbjS6bzNl47PCrh7YRzgXdqUOx48ShuOzxUcc4D3NnnzVv2PFKI286r4uzIXzm9eBBvOTxUcW4IvVSJc1key+WxRtOLzbyexOuEhxMvjagXN3XFCe9y40umXeV6ccGfSl5ye941lF4q4KGalxpWLx7wp5KXysXdMHpRzNOqeWkJcBtfrJOV0Eu96opiXlptevG6fyyHR731UgvObs875brim28uzf/zf998a2SbHyH9zXdhDj+O5lTIECAyj8tdcczzQMk8ZTsCKUG49BU7jDyrNLz4SmQFyw13E7abMLILeNXgXYa3sld8M8fXhnO1PKrh7JY/1zgr8aiGs1sePdNLvXTSCnqxOb6l9aLEn68Xt/y1hF480UmL6sWNTlpBL/XSSQGPTaoXFXPz9q5xXmG91Esnq0AvteHslr/yOBMIYfZugvYBZHsvBNuQgTBEepGahpaYBzOJZhrIxVm09CJi9jSaTC9jH+aRXprdpAlmGmkaYBhgpMFIIxML1v/7lrNDv/do2df9RVXffGt0M5IY330/xvP/hsgUEqcGRRPVNyxQXFiXr9GqympqWOr/haQeDaK9r3+j5WVjWJ7H+jda9fgiZe/rqJMsHMo4V/AltgJ6caOTVtCL7Twe6KQV9KIAd1PrxRV/7vNSU+ulAgAtpxdP+GtRvbiEb/n0oo5zTXqpl04U89Lq04tHOlHUC+EOjP6tiL5NGL1bEHqwer4yXpsfQVuYQsydRksv1rWuVH26+uZs6QQyEUMmYpCMr3Q0K27+oqpvvrWImbvvJP1ff4SQJhJpv3NVZhdMq2skrf+s45ezoJeYx41kLY1T9QW9Dg27TUO5PA2wGs5u+avli0b1PNajcS893jO91EsnraAXm+NbWi9K/Pl6cctfS+jFE520qF7c6KQV9FIvnRTw2KR6UTE3b+8a5xXWS710sgr0UhvObvlbwtUMRjG3XIa57hyEFqheH2V4RAi0qeMEJg4jUrHVrRffLDNSyLlJZHx+pSNZMfMXVX3zrYVMHv0JqW/9T8TiVK6Q4VDgqr0lAGQL7PI1WtV92GoDsDu4/l9I/J2qKjzW0tBWx2NT7CTKwqGMcwVfYiugFzc6aQW92M7jgU5aQS8KcDe1Xlzx5z4vNbVeKgDQcnrxhL8W1YtL+JZPL+o416SXeulEMS+tPr14pJMq9YIewth0CebGi0APuOOnol/COTD1ItrYYTSZ8rSuVH26+ubO0glrcTURW+lIlt38RVXffGs1mzlG6t/eAaf3FRQyzaER0bTKjSQClrOgl5jHjWQtjVP1Bb0ODbtNQ7k8DbAazm75q+WLRvU81qNxLz3eM73USyetoBeb41taL0r8+Xpxy19L6MUTnbSoXtzopBX0Ui+dFPDYpHpRMTdv7xrnFdZLvXSyCvRSG87u+DOHzia99Qq0SJcjL1OJJCPpADN6GykRJCkCTIX7EWj0JKYIyhRBmaLHWGRdIEV3KOCsEyNNYPwg+vTR1acX32xNxueQM2MZvlrD/EVV33xrQZPHHyX1tV9CmOmSQohNw+K4sFrgyYyrf6NV3YesNgC7g+v/hcTfqarCYy0NbXU8NsVOoiwcyjhX8CW2Anpxo5NW0IvtPB7opBX0ogB3U+vFFX/u81JT66UCAC2nF0/4a1G9uIRv+fSijnNNeqmXThTz0urTi0c6qcBjeusrMDZeiGZzz9TpRJLjRoQTwTUsBDsQwpou9/EkCKFl5sp73hS0p+ZYnzzN5kCC7nDAFmcxdYLQ6b2e1JWqT1fflE2mEsjpkZb5QSt/UdU331rUzD1fIXXfLYU/TpVpNHBoQKDyFV+rYNavoBcXYygzTLFA1tI4VV/Q69Cw2zSUy9MAq+Hslr9avmhUz2M9GndnvdTcANdLJ62gF5vjW1ovSvz5enHLX0voxROdtKhe3OikFfRSL50U8NikelExN2/vGucV1ku9dLIK9FIbzpW9qQUxzn4t5prtaJpegGMslWav0cVwZGNBTEIUBi8k5BZVRWZ2CSCQGYyklGxZeJGdgQWioUBJ4NrCOIETTyPMZHWR11svvpU1aRowfRqZXFzpUOpu/qKqb761sBn/eSvpJ/++cGE1z9vdEgAqX/G15qtfo1WV1dSw1P8Lib9TVYXHWhra6nhsip1EWTiUca7gS2wF9OJGJ62gF9t5PNBJK+hFAe6m1osr/tznpabWSwUAWk4vnvDXonpxCd/y6UUd55r0Ui+dKOal1acXj3Riw6OMdJPe8VroWQdoOZyTZpoD8TAHOraX/VAWZhIzbQACTdMIBAIgredBIIXIcZ5dejpr4RBnhxMENb0gPBZnCQ4/hUgt1syfpzrxzcEkcm4CuTCz0oHU1fxFVd98a2UzU6TufiPm8Z8iMhWkuPHQbBoRbBqZ4kpUsGO1xoJe6ovM40aylsap+oJeh4bdpqFcngZYDWe3/NXyRaN6HuvRuFfWi3IDXC+dtIJebI5vab0o8efrxS1/LaEXT3TSonpxo5NW0Eu9dFLAY5PqRcXcvL1rnFdYL/XSySrQS204O3tTD2Kc90Zkz4YCXqYTKZ7W1jET7scUhTFYDzSklKTTKaamphgdHWN+bg5dQE93N729PXS0dxKJRBC6hhRaDvZ860mMc7F5iu6QXoCziM8QPPazyjtW660X36o2c34S5qdWOoy6mb+o6ptvrW6xcZJffhVy9jgCAaK0YXFcWC14vrBQI0R1/YJCA1CV1dSw1P8Lib9TVYXHWhra6nhsip1ENo2pO5wr+BJbAb240Ukr6MV2Hg900gp6UYC7qfXiij/3eamp9VIBgJbTiyf8taheXMK3fHpRx7kmvdRLJ4p5afXpxSOdFPFonH0txtqzESxtlJlOpvhp6CxSehgpsu+djUKAhPhiglOnTjEyMsLRY8c4NTLCYmyBaKSNbVs20xYO09EeZfOWTQytW0+oLYKlRcGSJgEhCaaTXJU8QFcwUBCmNnea4PBTNfHnqU58K2sSiZw+DfGFlQ6lLuYvqvrmm2/IYw+T+ufrChqO4h+nKllYRZC/AGtXkUS22NZQ0O198QeoMNxlgaylcaq+oNehYbdpKJenAVbD2S1/tXzRqJ7HejTupcd71gDXSyetoBeb41taL0r8+Xpxy19L6MUTnbSoXtzopBX0Ui+dFPDYpHpRMTdv7xrnFdZLvXSyCvRSG8723thwEeaZV5J/wflY3OSpjnOAjG4QIDXrcSaQyYkJ9vzsKY4cPsLc/AJpI40hTaQGPV2ddEbbMNNJwgGNoaEBevoH6B8aYt26DQTDESTWfAiT/PuyXjL3AhvDoiBSffwggfFDNfDoDmffajRpYk4MQzq50pF4bv6iqm+++QZA6u7rMI8+DHkNR/FCavkdq/aFGlFhx6pCA1CV1dSw1P8Lib9TVYXHWhra6nhsip1EWTiUca7gS2wF9OLBwkNT6cV2Hg900gp6UYC7qfXiij/3eamp9VIBgJbTiyf8taheXMK3fHpRx7kmvdRLJ4p5afXpxSOdZLzZuwnjvDeCFsjNM5NK8ePI+QhR/L7C+hEqKRkZOcWDP3mQE8dOYKTTJFNppIC0YaAFg4SCIcxkgu7Odtat6Segw3wigRYM0j8wwCUvu5zevjXWvEICZsGnfM3CvpIdq4ETT6LPjSrx56lOfKvOjBTmxAkwzcpjG8gqLapqyxSHb775tsIWeNUfIjMVJtvAmGZhA2LmNzqZcciMhyXPkpdSlr6e74WDtxvvVOGkjS9XIIt9yXTexlvi8/Ar8XaNpJMv11Ai6hK3HR6qOOcB7uwL+sIycSjEbedVca7YyNvx4kG85fBQxbkh9FIlzmV5dOKlEfVi+z3Kg3id8HDipRH14qauOOFdbnzJtKtcLy74U8lLbs+7htJLBTxU81LD6sUD/lTyUrm4G0YvinlaNS8tAW7ji3WyEnqpV11RzEurTS9e9o9SD5I667Wg6bl5k4bBI+GdCKHl/dMRQkMTAk3AyKmTPPjfP2Z0dIS2thCGkaYtEqK/v5f2jiht4RCxxQRzsQSxxRRpqZFMmSzMxxgfG2PvM8/yyEMPMzY6ChmehNAR6AgCCBHgp5GdpEyzIN704DnK551yXfFN3fQgomvNSkex7OYvqvrmW4uY2HwV+pmvtwqRyDQsonRh1SpES6/LXEUCkbl8KSj0ufcQotRLB283vmi+pYltvFODYje+ZDqH91eMt8QX4VfgixtBp3FODWbROK/jtsNDFec8wJ193ryO8SrGbedVcXbkz4FHr+Ith4cqzg2hlypxLsujEy+NqBebeT2J1wkPJ14aUS9u6ooT3uXGl0y7yvXigj+VvOT2vGsovVTAQzUvNaxePOBPJS+Vi7th9KKYp1Xz0hLgNr5YJyuhl3rVFcW8tNr04mX/aKzdhYh0Fsz7U9aR0tuw7q1q/bNeswJNxGPs2/ssR198iW1bNjE3O0cwFKa7u4e2tgiaplk7V5NJ0obJ/EKMkdOnSaRTBINBgoEgHR0dJOJx9j3zLBNj42hCQ8ss3AohEAjSeoRHxdrC8yQYxVhzVvU85uGgXFd8q83aOhCB0EpHsazmL6r65lsLWeCaj7N0BXepEbFdWM2+nvFSll6ZbfkrvsU45M1b9RV2p3FODWbROK/jtsNDFec8wJ193rxlzyOFuO18rTtRHBt6O148iLccHqo4N4ReqsS5LI9OvDSiXmzm9SReJzyceGlEvbipK054lxtfMu0q14sL/lTyktvzrqH0UgEP1bzUsHrxgD+VvFQu7obRi2KeVs1LS4Db+GKdrIRe6lVXFPPSatOLV/o2tQDmxosK5t0f15hpW4NAIEQAgUZ2cVVDkIjHOXLkEKdHT9Hb3cXczDRCwOJikpMnR3nxxWNMjs+wsLBo8RYAQ6YwSCOFRNc1dAQybTB+epQ9T+3hoQcfZPT0KFZY1uJtdofsbGSQ/XGtIO507xakFnR93inXFd9qMoGAzr6VDmNZzV9U9c23FjIxdD5ixy/lruSS15CULKxSesU3e2nPdieAtLky3OxXfMvhgT2OJY2g0zinBtOGl7rukKgB5zzAnX3evGV3DijEbedr3Yni2NDb8eJBvOXwUMW5IfRSJc5leXTipRH1YjOvJ/E64eHESyPqxU1dccK73PiSaVe5Xlzwp5KX3J53DaWXCnio5qWG1YsH/KnkpXJxN4xeFPO0al5aAtzGF+tkJfRSr7qimJdWm1680re5/gJEW0duvpRpcji6FU2A0AS6MNCFgRACU2iY6ThPP7GbF/cfIDY9SVdnFNMQpJIG8wvzzMwvMLOYJJ42iSdMYukkMihp74ySMk1Ojk5y4uQ4J4fHGTt5mtOnTjE2PsnP9jzL3n3PkYwnrNg0AUJY/y80XuzYTso0l+LXQxh9W1yfd8p1xbeaTYTbIRRZ6TCWzfxFVd98azHTd73NWkAle2XdYWEV6x6rbq74mpmbUrfKFV9XOyNwaASdxjk1mEXjvI7bDg9VnPMAd/Z585bdOaAQt52vdSeKY0Nvx4sH8ZbDQxXnhtBLlTiX5dGJl0bUi828nsTrhIcTL42oFzd1xQnvcuNLpl3lenHBn0pecnveNZReKuChmpcaVi8e8KeSl8rF3TB6UczTqnlpCXAbX6yTldBLveqKYl5abXrxQt9SD+Z2qWbnO5IMkA5EESIAQgMBmgZSA10TzEyOc/LoEUjHGejuZGJ0hGQqxXw8zUJakNR00sBiMkU8GUdLawTjJum5GfREnLCZpiMoWNMRYKgjxOa+DtZ3txNIm4wMn2ZxMW59DxUCoWVuAyAEqUCEl9KhApyN3q2uzzvluuKbJya6+lc6hGWzwEoH4Jtvvi2v6duvRWgapjTRbBoT05RoWt5jKTPjyIzDegyZxifzPIVXCnPPSxc+M1+Jubni69SwFExnvWDFW+SlC5+dp9g77Xgod4XdqUG0azQL5lXHucQLG18DzmX5s+GxFryr5VEdZ7f8ucfZrVfFuSH04kYnTjza6rBB9WJzvCc6aQW9uKkrZfBuGr244s8Dvdjxl8djQ+mlAm/qealB9eIBfyp5qSn04oa/PB7rrZdacK5JL/WqK4p5abXpxYu6YnavR4SjOR6TZpoj0TMQIhOgsP4JCUJoIE3aAoI1PR2kDZNAoIeF46NMT8wzGzcslpJJQsKgLaARFYKucJi1/V1s2zrI4FAv0fYIwUiYvs5OgkISbe/kiWd/znd/9AgTo8eZmZ2iq78HMvjnn4cvdm5n6+ILBDVh4awHkZ1DiLnRqvOdsk5888REIIzUg2CkVjqUupu/qOqbb61m4W5Yfyli+ImSBdSChdW8Rqdwx2rmcabBIfu8yL6eMVH0fLHHxucqXZG5bUSKfcl00houJVa/UYXHxuPg3TbsTt6uwaTw+FpwLvEO86ji7JY/R5yrwrtaHtVwdsujCs5V85frFNVwbhm92BzfEnrxRCdNpJd61ZVG1YsL/lTyklv+Wk4vbvhrJr040VerThpVL4r8qealanmsLS/VoJd61RXFvLTa9OJFXTHXnFHA4/GEIN3Whi4y76Dp1rsICdK6q6qOSVCDmdkY8ZRgcmoWQ8TpDGt0hTS6goKhrhBb1w2wadNGNm9Zz7r1G+nuXUO4LUKkPUogEkILCjQjRSKRpntggNMTkzzw+PNMTEyxcetWhNCQ0vp5LISFZzoQYTitszUkczgbHUME5ka904tv9bdwFGIzKx1F3c1fVPXNtxa0wNm/THL4Z2iidGdq1puy+HmWdqxmGginK4VZa+YrvmQaN7DxItMQ2nm3DaJdo1kwrzrOK7rzzobHWvCulkd1nN3y5x5nt14V54bQixudOPFoq8MG1YvN8Z7opBX04qaulMG7afTiij8P9GLHXx6PDaWXCryp56UG1YsH/KnkpabQixv+8nist15qwbkmvdSrrijmpdWmFy/qiuzZWMDjSKA3M4+WeQ8NISQSHQ2BwEDKND3dnWh6iKPDYwR0jfZwgAt27WD7UA/9gQTru4IMdHfSv26A6EAPensXobZORLAdoQUx0UibJjogNBgaWsNll57H48+/xMLCPKZhEAwEEAJrl6ymIaVESsnp0Bq2MpbD2Yz25fCohj9lnfjmmYm2dmQLLKr691T1zbcWNP3sX0KwtOM0/16q5DU4BfdehSWPRErLFzxv54WDtxvvVOGkjS9XIIt9yXTexlvi5RJuJd6ukXTydg1m0Tiv47bDQxXnPMCdfd68Zc8jhbjtvCrOFXdM2PHiQbzl8FDFuSH0UiXOZXl04qUR9WIzryfxOuHhxEsj6sVNXXHCu9z4kmlXuV5c8KeSl9yedw2llwp4qOalhtWLB/yp5KVycTeMXhTztGpeWgLcxhfrZCX0Uq+6opiXVpteatZ3tBcZ6co9TpppxqNrEWLpPqZCCDShWYubAqRhkIzFCQUCdLRHEUjO3XEGF529jcsv3MFl55/Jmev7GeqJ0BHRCGgGpEAzg2haACkkhkxhyjSaAcIQ6FIS1Q3W9XYw0NtFLBbDyPwglZYXR/bfRPsGUqa59PmDEWS4s2o8lOuKb95ZqA00faWjqLv5i6q++daCJvp3QP9Z1oKqdFhYpfDKsHWg5a0rpoDMPBalPtvoILH3dsdl5y0J2MY7NSh240umc45bJd4Sb3dlHYdG0GmcU4Npw4uXcdvhoYpzHuDOPm9ex3gV47bzqjhX3CFhx4sH8ZbDQxXnhtBLlTiX5dGJl0bUi828nsTrhIcTL42oFzd1xQnvcuNLpl3lenHBn0pecnveNZReKuChmpcaVi8e8KeSl8rF3TB6UczTqnlpCXAbX6yTldBLveqKYl5abXqpVd/GwJkIRO7xSBKE0DIz62iajhACoUmE0BHoYIKRNtA0QaQjyuC6ITasH6K/I4IZm0cDtFAYMxBhUYaZi+sk4pCOm8iURDdTQApppNDSBpoJAokmU0QDkr6uKAFhcW3xDUJYMef/m0oX8md0DlWNh3Jd8c0zEwgIRVY6jLqb/+f/vvnWoqZvuJzU2AE0benHqApuBUDhFWTIXvldqlD5V5IRLj02vqDy5ZlTIyJvQvvIJxFtRePjR5HP3op5/wMAiHcfRWv/HsaXfhuwjmH4Jox/+TpCkGnIsn4z4jf2IhK/j/HPdy09j43HwZe7kl7sKeOdGs2842vBucQ7zGOLPzbeyRz5K/SOOFeFd5VeEWe3PKrgXDV/OR2q4eyWRzWcV4FebI5vCb14opMm0ovrulIlf42qFxf8qeQlt/y1nF7c8NdMenGir1adNKpeFPlTzUvV8lhbXqpBL/WqK4p5abXppda6QihqzZN5PCvCQP4uVQ1NWLd5QwgkAgONRCpJIpVCSg2hwciJk2xd00swEIJwJ8Onxxg7OUwqLQm3tbFusJuNa+dZty5Ge2cI9BALKViIJUlLjVAY2kSCpGkghCQU0NEzC7oy8+GzC6RZm9DaGSS2hLce9E4vvi2LiVAbMj6/0mHU1fxFVd98a1XrGESIpYVUu4XV/B+rAjKNC+SuKGI91kTmcZEHQOYdV8kj7OucsPF5fYx8thvzu9nnNyNe/zXE5Xehnd6B+az9xxdbbkLr+RfkjMwU8Iy/7AuItcDRTGHPNGy2PhNIic80B66usDs1iHaNZsG8LvC14y/f2/HotjGslr9iHmVteJd4h3nUcXbLn3uc3XpVnN3yqIJzzXpxoxMnHm112KB6sTneE520gl7c1JUyeDeNXlzx54Fe7PjL47Gh9FKBN/W81KB68YA/lbzUFHpxw18ej/XWSy0416SXetUVxby02vRSa10h2mvNk3k8o3dYf26PQGgCDYEpMp9HSExNkBIwE1/g5OlRTDROnhpFplJ0dG5k7Yb1TCzEeWjPC8xMzpBMmszNL9IRDXDmhn4uP28T525fD0aQI8fHeebFY4wvxNmwfi07Nq1FCkksnmCgrQ09EwcC8m9HIKXENE3mgl0IubjEX7izqnwX/OgjBAYLcZSjPyL197eTnq6gE1u7gfCf3ILYdyXxe0pf1a7/FKGXXYwWCVvvtXgK84m7SN77gPNbXfV5Im/qx7jtRpL5/3/D14le1ofxnV8k8bDbOFehtcCf//uLqr751qKmdQyVNCAFC6vZxxQ2KiAw8xoeMq8j7L3QHF7Hxuc6iiKr1HgUPD6GvP8ziHP/ATYDDouqBC5AvOGdyP/v6yxd2b0S7ZLLIB23ps09L63piz0O3m3D7uTtGsxiPir5Mjg3zM67qvCu0ivi7JZHFZyr5i/3zUoNZ7c8rvqdd0482hzfEnrxRCdNpBeVulINf42qFxf8qeQlf6eq+7zUEnpxoq9WnTSqXhT5U81L1fJYW16qQS/1qiuKeWm16aXmuiKsOz5mH2uaQNM068/+sRYxRV5A2e9uC7FFJqZn0bUgkWCAneeew4UX7KKrq5PHfvgAp0dOM7huI23RLl74+X5eGptlejoG6UU2bViLEVvg53sPcPTUKdqFWuevAAAgAElEQVTWrWOocw0Dnf0MT57GlNDZ1UUgEMjxLQQFvOYvsJI7L6iOR0Ae/hyLX7rH+ljr3034AzcRfOtjpL/8/QpCcWfiDV8ifPUW5M/uYPGe7yNZi3bVTYTO2wU84H7Ce24kZrNwWw/T33Mv4fP6y4yYIH339SSfqeFN/EVV33zzrWmtfShXeGwbFCyfXWiVkswOVjKFF5au0GYeC+txvkdmC2QVPjdfkQkbLx0eS0B0W9nNps/Jmjz8I9j+24jur8OMdaC4/A8QPXtheEfu85DBw9Zn3rCqnRFU0RDaNYh2jWbBvC7wLcK52h0urhrDavmz4a0WvEu8wzzqOLvlzz3Obr0qzm55rHWHhJJe3OjEiUdbHTaoXmyO90QnraAXN3WlDN5NoxdX/HmgFzv+8nhsKL1U4E09LzWoXjzgTyUvNYVe3PCXx2O99VILzjXppV51RTEvrTa91FpXCHda82QeLwbaQYAQmedEdgHTCiGARljT6QhHkSZIDfr7+7j4ogs4Y9tmHv/po7zwzF5mZmLMxlL0rlnDueft5Jmn9xGbmmZqIU24e4DOgTaGXppk/+Q0c4bJ4mIc0gadne0MrR2it68XPRBAagKEmflcFPC4GOxAJPL4C0aqync5y+J68m6Mk+9G77sEtvQTuuHd6IOdFkWLB0l97b2k9kPotkfQ5z7H4hetVc2lxw6a4mKCF50HR/+Z+D3ZxdoRzIdvJ57ZZSqu+Djh665FiwDMYf78KyS+fI+zVIt3rZ6XxJhci76h0zr+0duJf2s38HKCH/wYwS39QALz58/BzrOQ3/lFEmO/S/itb0bvCwMJ5PB9JD77V5hFb2UePoo8rx9REkTGZo9iHnN6sUprgUVV/4eqfPOtRS27U5VM4QJR+FjmNTrSSvumaXmJdY1QZsqBlBIpyY3L9xKZmZdCj413Ki/Sxgunx+cj3vTb0HYUWe6q2vytyJGzEL98U+b9r0Jc8jLY/8eYeZ+rmnhLfB5uJd6ukXTydg0mpbzY4qsYd4kv1/AVeydzGl80r2O8inHbeVWcK+6YsOPFg3jL4aGKs1sePYvbjV6qxLksj068NKJebOb1JF4nPJx4aUS9uKkrTniXG18y7SrXiwv+VPKS2/OuofRSAQ/VvNSwevGAP5W8VC7uhtGLYp5WzUtLgNv4Yp2shF7qVVcU89Jq00ut+jbz7qkKEAv1WAEIidDI/UOIzG0BTELSpJ0gYS3E4vwiwWCQwbUDxJMJJsbHWTswxJqBQQaGhjhj+1be9tY38vY3XM2FOzZjxJPMz8foXtdP/7b1hPrXMDI5SdtAD4dOHINQmMF164lE2hFYS8aaBI3s4q61kxYg3tZTwJ8MRqvDI2sZnMUZH0Bf34mcfAqOPof56OeI33YlsdveQ2ruLALX3GAPfkW7Dq0P5KjTqusNhK67FnHyLhZvu5LFu3fDzg8Qvn5t9W8R2Yw4dgeLt/0KycNJtIveTQDQ3nUbwS1J0nf/CrHbfot08Kzc4l7gmuvQA7utz/iZOzDGkrZTy4dvJv6dp+xPvcWnSP71zaSnqg/V1rTmX3L0d6piCXQ2FWM2GWMuFSNppgAIaAE2RPvpDXWucIS++ea9iY5BqKZBIXulc+nKn+srvtkdrvW44guIC2fQL1waLuMH4L/ehTxeDoFjyB8/gHj7/0Lb8kXkhj9GdDyB/OLDiF9bulKKLHMFOBNIVTsjKINzTTskqsC1lh0S5RrBClfWy/JXzKOsDe8S7zCPOs5u+XOPs1uvirNbHmvdIaGkFzc6ceLRVocNqheb4z3RSSvoxU1dKYN30+jFFX8e6MWOvzweG0ovFXhTz0sNqhcP+FPJS02hFzf85fFYb73UgnNNeqlXXVHMS6tNLzXXlew8mcewtHhp4Q169nMJSQCDqbGTHNv3LLs2buDAsePEFmJIPUBbJMjZZ2xk54ZBxsYnSBmSdRvW0jZzgivOXE9q9BQHD88xevIUO3bs4OKXXcrgtm3EUyYDvT20h2BkYoLA8Cx6MIAMCBDWfV1FFixBjsfs53eb7wDE9luI/uUtmU+fsO6p+q3vQ9+b0V7xAYLX/R9EMIvyWXZM1m5XXI0WmcB89G6L2mdux/wfj6BvfjNMVjnH4nOkv2XdmzU9OU9oez8aoK1fB8P/SvKZEQDSTx8kuN36HMbJEeT2iwl94BMY+79N6mt3OqYG+fDNJNZ/nfBlW3LnCqmjpL/mwYJqi1hLL6oOx8Z5eHQfD53ey/7Z40wn55lLLeYWVcNaiLuv/n0u7fcXVX1rPhNF91TN/ihV7keqKHw+U+EsLyyfu7eqVcEcvWmaCE0rfB4bn+soiqxC4yGf6cb8HraNSDmTh38fefpniFfdDt3nw3OXIYX1hoJsQc94bDwO3m3D7uTtGkwKjy+HeyWcS7zDPI4NX7F3BLoMf3neEeeq8K7SK+LslkcVnKvmL/fNSg1ntzyq4bwK9GJzfEvoxROdNJFeVOpKNfw1ql5c8KeSl9zy13J6ccNfM+nFib5addKoelHkTzUvVctjbXmpBr3Uq64o5qXVppda6wqJBWjrzD2OJGdJRfuwFlaxdqrmPoYGMkVbMMAZmzbR2d/NXDzGeGye4ePH6dmxnXWD/Ziz05y5+VyCgSCGmUamDcZGJ0guxpCYpBKLmKkk0a4o2zesJRZPE4qECYUE4zOztIXChENhNE3HRCI1kDKDqsyCIWmLTxfwJ1KL1fEIhfdUzbcbbiAwOE/6Xz9I8olDBD/0CMEgNnZxFatl92FOXoe+/ncROC9cLrfJe99LfN8NBK6+Gv2qTxC85jmSf3QzaYfx5j0fJtX3j4S2W7cYMO77MMn9HgVjFt90oPms+ffiOtiR+VO8/b//hFse/xv+7eiD7J16keMLY/SHu5CmJJZOcFHfdi7qO3OlQ/XNt/pYuLugUTAzjYlpZjwZn3keWPIseZn3fLaxKBgvHXzxuLx5S0zYeFnhcb53MCGOI//rm7DhVrTAw8j/PG7Fh038ZeIt8SJT+O18cSPoNM6pwSwaVwvOdnGXeKdG0AXOjuOL5nWMVzFuO6+Kc8UdEna8eBBvOTxUcXbLo2dxu9FLlTiX5dGJl0bUi828nsTrhIcTL42oFzd1xQnvcuNLpl3lenHBn0pecnveNZReKuChmpcaVi8e8KeSl8rF3TB6UczTqnlpCXAbX6yTldBLveqKYl5abXqpVd9acr7gcbsRQwiR9w+kAFMDgQYiQCDSQVtHD/ue2cdze57m3G3bGezuRs8EPj8/z+LsLCHShHUQWBtyZmdmGFq7jq1nbEUTacx0klAwSE9fL9FoBAwTYZpsWLuWrvYONEBoAlMIzMzKlBCS7KJqJDVXwJ9ILVaHR9bscI5n/hR+7hCc/TH0wbzhKRC9F1txXXgDWp89J0u2h9TT+2DDdYRveEPmLdaiXfVx2j7wu4jHHsJc7Ed7xbsRgLjw42iDCeSxb1eauKKlT56CDa8idOFa4EwCLzsr9xG1N3yUQN9TpP7pZuL37EZGthT8VWepjZD+4u2kfr4P46HbSTw8UnN8OTOclnKbx1pyp+r+meN88PG/5sj8KQA0Ibhy8Dx2dW/hR6f2sGgm6Qt38gfnvxNdtOy6s28tYPkNiaYt/SiVaWa8XNqxCpkFVpYWWu2uFGbno8STKWweX/Etfh0bX+7zH/ttzAdBxD+Z+VwOV4Sx8Tj4WndGuLhyX4pzkS+Dc7VX7sviXgXOZfnL87XtRKnSK+LslkcVnKvmTyropJJ+yvBY6w6JFdOLzfEtoRdPdNJEelGpK9Xw16h6ccGfSl5yy1/L6cUNf82kFyf6atVJo+pFkT/VvFQtj7XlpRr0Uq+6opiXVpteaq4rpmHNk3msaUsxa8L6w3sprDURoQkEGuGOLtp6e5mfmyGxMM+azk42rhkkEV9gZmaWsckpZDpJW1DQFo0SCgcR0S7G5pPsOnsb8wnJzPQCUTOAFowQDKQxTZNUKkG0LcTQYBdGOERSCExh4SFMEyGkhauQCE2i6SCNJbyz511FHrNmh/O9d5E64+MEf/MRAqmjGKNzkNmpmvr+fejvuY62Ox6BxYOYs/acFPDz/feTCH6K0MtuI3LZ/7GeWzyF+cRdwAMk79tF+LqbiNxxE9YPVX2RxL0jcFXlucuZ+bU7SA18nOC7v0ng3QnMnx/EZAukQXReQuDqtxD8VYAE5uF7SJX7rREAdpP68u7agrIzaXg/5yqzllxU/cfDP2Tv1BEALu3fwW/t+CUeOLWHLx/6PqlM0nn3Gddyfu+2lQzTN9+WwazCk1tI1fIaFAobFYDcFcDsY4RV1kSel1ZRzn+c85XurZqZzybMUi8dHjs1LHbTisyAR38n93kp+bzS2WfeoMTn41fs3TaIdo1mwbxl8KyAc4kXNt5tY1gtfza81YJ3iXeYRx1nt/y5x9mtV8XZLY8qONesFzc6ceLRVocNqheb4z3RSSvoxU1dKYN30+jFFX8e6MWOvzweG0ovFXhTz0sNqhcP+FPJS02hFzf85fFYb73UgnNNeqlXXVHMS6tNLzXXlcVpZM/G3OOu1BzZW2UKYb2vjkCXAomGIUBE2ugaGqCnv49N6RQv7j/AjjPPINodJZZMMTm3SBBJd0eUcKSdtkgHj+x7nJ+PznLkx7t5em+Ey3edya6dO9hxXhQR0EGAaaQJBDRCeoR5qYGmZXa/ZmJBIpAIYQKSzuRMAX8iMVdVvkvecWUZnHeT+uwvkrLjbv+fE//DP7d7hcQf3WP7PIB570eI3+vw4mO3E3/s9tLnH76ZxYcr/P89NxLLf9v8x73rkM/czuJndyNZi/6uvyacGiH1GBiP3ciic7jLa4a/qNp0Fksn2Df9Im16iBu3vZYbtr6afzv6EN85/khuQXVL+xBv3XwVIpcJffOtOS3beGR3qDo2OHnP5yqSFOTurZr/erUeG5+reMWB4lAY78L89F2ljUiRl3dvYSmd34Xxqbus4VJi9ReF3vznzZnHLD2PjcfBu23Ynbxdg1nMRw04N8zOu6rwrtIr4uyWRxWcq+Yvp0M1nN3yuOp33jnxaHN8S+jFE500kV5c15Uq+WtUvbjgTyUv1bTzrhX04oa/ZtKLE3216qRR9aLIn2peqpbH2vJSDXqpV11RzEurTS8115W49ef/2cedMp43u8Ba8xAIYb2bEAJT02jr7WP7rvPZufNcThx7ieHjxzh3zbkEAiESKcn0XIyu2VminR0ETYP9Bw8xvzBP2JCIwU7C0U7a2zusxdpUClOmMFIJUoYkresZljPvLiUILQNB9i8mTfqMRaSeh7eR8k4vjW6Dm9Gv+ADB6zqtszB1CuOxu+wXi1fQZCpeeVCDW8stqk4l51gf6ed9Z13HRX1n8tEnvsRPR58jndmWPNTWy52X/w5nd29a4Uh9820ZLFN4CnaoyrwfrSrwZMaB3RVfMt6qU3mP5ZLPFraGv+Kb9dl5ir3INIR23m2DaNdoFsxbBs8KOK/ozjsbHmvBu1oe1XF2y597nN16VZwbQi9udOLEo60OG1QvNsd7opNW0IubulIG76bRiyv+PNCLHX95PDaUXirwpp6XGlQvHvCnkpeaQi9u+Mvjsd56qQXnmvRSr7qimJdWm15qrSuBiSOktr0cIaxfgxrQTASadRsAITP/BCYBEBJB5lYA0Sjrd+2CuVlOjo1w8MVD7Lz4HCKRNoLBELMLM4yOTRKJBGkLBzln0xAd4SjrNm7i4gt2ccamdbS3BZGGgZFKYhgxUok4STOCoQdA6Hk/8JO7oSpISXbhtEtYsWb50+dOV53vlHXSKLb/ThKfuHOloyhrEgmJxZUOo+7WcjcMjehhPrLr7Vy/6ZXc+cK/8+DpZ3MLqtFAmD+84EZePnBOJnn55ltzW7bxME2rmGavvObunWpmvJS58ZBJkFDwvMx/Pd8LB2833qnCSRtfrkAW+5LpHN5fMd4Sn20Q7bxdI+nk7RrMonFex22HhyrOeYA7+7x5HeNVjNvOq+JccceEHS8exFsOD1WcG0IvVeJclkcnXhpRLzbzehKvEx5OvDSiXtzUFSe8y40vmXaV68UFfyp5ye1511B6qYCHal5qWL14wJ9KXioXd8PoRTFPq+alJcBtfLFOVkIv9aorinlptemlVn2zMIlYnM09DuqCvoWTeW8qEZmFVYTlNKEhdZ1QTz/h/kE6B9fTs2YITQugB3TC0TAJQzI2Ncfw8GnmZmfYvH6Ac7atZ7AjSHxylGMH9/PigQOMj4+TNg1MI41hClIigCl0636uwloEtRaKBdYajPW4b36YoKYt4ZyKIRJzVeOhXFd8886ScZDmSkdRd2u5nap94U56wx38eOQZnp46wnUbr+CMzvVcOXAOF/edSU+oY6VD9M23ZTT7P/23u7eqVYAKL71mLz7YXSnMPS8LPdL+eav+NcYVX6WdEZRpBGvaIVEGTy92SNSAc1n+bHhcjh0S6ji75c89zm69Ks4NoRc3OnHi0VaHDaoXm+M90Ukr6MVNXSmDd9PoxRV/HujFjr88HhtKLxV4U89LDaoXD/hTyUtNoRc3/OXxWG+91IJzTXqpV11RzEurTS9e1BUxfQKiPTkeB5NjzLJx6T1EZkFTLL2viU5aE+iRLvq2bMeYHiMUbiMY0glFQ8hQkNn5BIHJBYam5mkLBRBGjJ5oB93REO3tUULRKHo4hBSSNJIkAZKEAT3zOfJMWjxnbU18NPf5JaDFpgoeV+JPWSe+eWYyvrDSISyLNf+ianIBmU4iIt0grI25Qpq8RgtztehBHn0O03gS0fM02sBZyHOuQ3StX+GgffNteaxkAVXm/WiVXaMj8xqboucRRX6pQyt4XmhLr5f4XKUrDhR3jUixL5lOWsOlxOo3qvDYeBy824bdyds1mBQeX4K7DQ9OOJd4h3lUcXbLnyPOVeFdLY9qOLvlUQXnqvnL6UsN55bRi83xLaEXT3TSRHqpV11pVL244E8lL7nlr+X04oa/ZtKLE3216qRR9aLIn2peqpbH2vJSDXqpV11RzEurTS9e1BVt/AjpdbtyvK3VEryUjmOGIliLmwKEJLvQKQEhJRIdQwvQNbiWBZlCDwYIBiAUDmBqAeaSkmhbgIWEQf9AP2Cybu0QWiBMMNLOwLqNiEgbifQChmGSNIMYgTYkegY5kTv3yMaBRE/HGTTjkNupKtDmR3J4eKIX3+pvidhKR7As1qSLqhLzxFMYh/4b8/iTkI4jujegbbsSbcPFaGu2Q6QXsW4XUggY2Yd54EcYz/0HxvP3oZ/7S+jnvhHRObTSH8Q33+pqQmQWUDMLnZqWt3MVm3uqimz5E0hAY+l5aU2Ym1dmvSzyufezeT0zb2mgNt5tw1IwnfVCLVd8yTRuYOMz+NV2hb1Mo1kwrwPO5XwG5xXdeWfDYy14V8ujOs5u+XOPs1uvinND6MWNTpx4tNVhg+rF5nhPdNIKenFTV8rg3TR6ccWfB3qx4y+Px4bSSwXe1PNSg+rFA/5U8lJT6MUNf3k81lsvteBck17qVVcU89Jq04sndWXmJCKdgEAYgSCkaWyeOchLAxdk3jg/CKzfIpaCAGAKCEUiaL1dmNIgqAlCwQBoGouGZGxuga7JScKRMAMb1tLZ3Y0e6UCEOyHShiEkqbRJLJkiJSKk9TBSaOhIxxN209R+QrqWwxkzhT436irfKevEN09MppNgrLafzaqPNd+iqpkmvfvLpB+5C5mYg0AbItKNnBvBOPgAoq0L/aIbCFz8DvRd16Pvuh7SCcyxg5hHHiT9xFdJPfBJjOe/R/Ca29C2viI3tZSSyclJTMOgr78f0zQ5cvgwyWSS8y+4IDdudmaGE8PDzM/NE41GGBwcYmBwIJMAl2xmeppUKkW0vZ1IJMLIyAinTp7EMEzWrlvLxo0bS44BSKVSnBweZmp6mnQqTTAUJBQKEdB1pJT09fWxZmBgCRLTZHh4mKnJSeLxBJFIG5s2b6anp2fpsyE5MjcCSNZH+4no4YL3TBgpTi5OkDYNtnYMcXJxgng6icxkJEOahLQg66P9tAfaABiLz3Bk/hQX9W4nrAcdKdszeYiBtm42Rgccx/hWH8v/0//cDlUt77GUmYVTqwJlvVVpBXZXCrMNDZW8zbyNdMVX5M9T7N027E7ersHEO5wbZuddVXhXy6Mazm55VMG5av5ynaIazi2jF5vjW0IvnuikifRSr7rSqHpxwZ9KXqpp510r6MUNf82kFyf6atVJo+pFkT/VvFQtj7XlpRr0Uq+6opiXVptePKkrRgqOPgnbX5mbb71c4EQ6gRmK5n0OkXMCiSYlCA1T6ES6ujFCOikjTZumEwmHkELj1OQM8ZRBJBBkzcB2Ih3tBKLt6OEwmp7ESCSZj6eYSYQQnT1oIoApAMzC98Q6zfV0gvXpeaRGDmd98iXv9eJbXU3Ojq90CMtmTbaoKjFe+D6pB++0dqdGeghc9l7E2l2WwEb3Yxx9jPTj/4CcOELoLZ8DoUMgjLbuPLR15yF6NpK872OYJ58h+b0/IHzjVxG9mwFIp9N86a4vcvzYUf7sE59gz1NP8Zef/Ava2tr4zn98FyEEx44d48t/+3fsffZZ5ubmWIzHufDCC/nIbR/ljO3bC6L9xje+wZ4nn+LX3vM/0TSNv/3il3h6zx7SRppzzjmX9/3Wb/Hqa16Druu5Y1KpFN/65jf59r9/m/Xr1xGJRDmwfz/TMzPs3LmTWCzGG97wBt76tl8huyB7/w9/yFf/8Z/QNI2hoSHGx8cZHBrkN37zNzl7507rs5kmNz/+eaSU3PGy93Nez9aCWE/ExvnfT/4tU8k5/uVVH+OOfffwzNRhdnRtZEv7EM9OHWEmtcA1ay/id3a+ie5gO4+M7uNTz3+Dv3vFh9nZvdmWsbnUIh949LPctPN63rv9f3h2JvhWneU3JCULrDLv1gC5AmsVqHJXfCl6bNW1Iu/vVK2+QbRrNAvmLYOzky/mz4bH/HlVcS7Lnw2PteBdLY/qOLvlzz3Obr0qzg2hFzc6ceLRVocNqheb4z3RSSvoxU1dKYN30+jFFX8e6MWOvzweG0ovFXhTz0sNqhcP+FPJS02hFzf85fFYb73UgnNNeqlXXVHMS6tNL17VlcDIPtKbLkSEOgBJSNPZNH2QowOXYK1gCuvdRDYQiRDZCAQBPYRMpZicnObFl04QTwi0QISUluD0fJq9B09i6EHOWITeNXGiHe3oAY35uMloTKOtZyOG3o5AoGGCkCDz3ss6Cdk0+XMCmiATNsJMo08edZ3vlHXiW80mEwuQXFzpMJbNmmpR1Ty6m+R9H7MWVHu3ELruz9C2vnJpwJnXEHjl+zGPPk7qoTtJP/UvBC59d8Ec+q7rCQ/uJPmv70NOHyf5nQ8Tfu83AIGmabzw/PM8+cQTfONf7+G/HvgRl1xyCfFEHCEEwydO8LlPf4Zffec7uf1PPo6maTzy8MN84s/+nFtv+RB3fOqv2HH22bn3Gj5xgh/dfz9tbW3oAZ2bb7mFNWv62f/z/fz+7/0et9x8M5/9/J287tprAZBS8n/+8GM88sjDfP5v/oaLL74YgNnZWX7nAzcxPT3NF//2S0SjUQAWY4t8/Wtf41N33MHnv/A3vOrVryYYDCKl5E8//nHe8fYbuOPTn+La17+eoKZzYOYEJiZpM12KrTQ5MHucsfgMYS3ITGqBg7PD/PbZ1/POba8lZRr83cHv8afP3M3z00e5++o/4HR8imMLo/zT4fv584v/V+5Px/Pti/vv5ejCaY4vjNZKv28KVvyn/wULrOQ1OkWNj5kdl2l8TFMu3Ss1VwFLn2+qK7758xR7tw27k7drMIv4KMHVBc4Ns/OuKryr5VENZ7c8quBcNX+5TlEN55bRi83xLaEXT3TSRHqpV11pVL244E8lL/k7Vd3npZbQixN9teqkUfWiyJ9qXqqWx9ryUg16qVddUcxLq00vXtUV0knE8acxtr/S+p6HZAsLTMRGiXWsJXuaWSYyn3EpsICQEE8yP73AcwePMjw2a/2Jvx7CNNLsn09yamY/h4+PsX7DAL19PUQ7O4j2DhAd2k5ahi1mTQO0pQ9r4WlZdH6EjcZcAc7a5EsIM+W9Xnyri0kkcm5ypcNYVtNWOgDPTBqkn7wbktYvjAWv/cPCBdWcCbQtLyf8q3+HnDpqO5U2sIPA5b8OCMzhPZgn9uReCwSsdegD+/fz+S98gU/e8Zd89s47AYi2t/OR2z7K5S+/HE2zoL3yqqv41RvfycEDB/j+9+4reJ/29g4AxsbG+Mu/+isuvOhCNmzcyGuvfR2/+b7fJJlM8qMf3p8b/8ILL/Dtf/93LrnkEi666KLc811dXfzCG36R3Y89VvAejz76KHd+9rO85ppreN211xIMWn+CL4Tg/TfdRCKR4B+/8hUSiQQAutBy/0owyXs+qAWIZm4PENACmed0rh48n85ghN3jL2BIk+HYOEkjzQ9O/oyfnH6mZM6FdJwvH/pPC4P4jC0XvtXX8hsS01wqRNkrwtnClX/lD0BQ5EUZL0t9/vsXeLvGxHqh1Ds1KHbjS6ZzF6/j5yvGIW/eqq+wO41zajCLxnkdtx0eqjjnAe7s8+Ytex4pxG3nVXGuuEPCjhcP4i2HhyrODaGXKnEuy6MTL42oF5t5PYnXCQ8nXhpRL27qihPe5caXTLvK9eKCP5W85Pa8ayi9VMBDNS81rF484E8lL5WLu2H0opinVfPSEuA2vlgnK6GXetUVxby02vTiZf+on9qHtjBdMO/5c/vR03FKVxut73+m0EBqhEIhUokkp8dmGJuOMTUfZ2R8ipHxKeZiBotalHkjzNGRaX6+/ygvHTuJCHfR3r+JtAhhBEJIDbSAQGgaomjNQU/HOW9qf0G8IhUjOH6oEIcq8VCuK77VZvF5SCdXOopltaZZVJXTw5jDTwMgujegb0X/O4AAACAASURBVH9V+QOCUQJXfdDxZW3bKxHRXgCMAz9ael7XMAyDd9z4ToaGCn/Iqre3l/UbNpTMtW3rNqSUTExMFDwfCoUAuPb115Ycc+XVVwNw8uRJDMMA4MTxEwAMDQ3lkkfW1m/YgBCCgwcPAtYVn/t/8APi8Tivs5l/cHCQs3bs4KWXjnLq5Enrswkt96/YApqGLnQEAk0IIgFrUTWkLW12HotPEzdSXDFwLrrQOLU4SUDTGYtP87cHvoeZdxUqYaT46uH7SZvWZxuPT2NIE9+W13ILqnZX3BFFV3yt8RLrChT5XpbxwsHbjS8p5tlAbbxTg2I3vmQ6b+O1w8NxR11xI+g0zqnBdODFq7jt8FDFOQ9wZ583b9nzSCFuO6+Kc8UdE3a8eBBvOTxUcW4IvVSJc1kenXhpRL3YzOtJvE54OPHSiHpxU1ec8C43vmTaVa4XF/yp5CW3511D6aUCHqp5qWH14gF/KnmpXNwNoxfFPK2al5YAt/HFOlkJvdSrrijmpdWmFy/7R2Gk0A4/BKaRmzegwQVju20/hhSClCGZmJknHO1jetFkcj5BIiExDA3TFBhpg9jiInNzM8zMThEI6px9zg6uvOpKtm07g0AwCAgkAoQg/xu/ECL377zTuwlohfwFRl9QPu+U64pv6makkLMTlcc1mTXPourcKeT8GADa+gtAD1U8RrR1O78W7YNoHwDmSWuXpRAit+B45llnVRVXOp3mhReeR0qZ272atUDQWpBct359yXEDa6wfbTIzi44A7e3tgHVf1WKbnZlBSplbqI3FYuzfvz/3/08+8QR7n32W5/bt4+k9T7P7scfQNY2F+XkWFqzdvbrQMEyT/bMn2Dv1Is9Nv5T7d2DmBCkzTXYtN7uYmt29+vTkIT7zwjfZ1rmWj1/0HgCOLYxyYe8ZbG4f5Cenn+G56Rdz8e6dfpEvHfgu79h2DQCTyXkSLfLrcKvKROZP9O0WVFm64psl3u6Kr8w8L6UHV1BxvERb6p0aFLvxJdNVd4Wzliv2VV9hdxrn1GAWjfM6bjs8VHHOA9zZ581bdueAQtx2vtadKI4NvR0vHsRbDg9VnBtCL1XiXJZHJ14aUS8283oSrxMeTrw0ol7c1BUnvMuNL5l2levFBX8qecnteddQeqmAh2peali9eMCfSl4qF3fD6EUxT6vmpSXAbXyxTlZCL/WqK4p5abXpxev+UZ86jjjyKNa3OGv+dg12jDxW+jGEYH4hxsEjR9HauoiZbcTNAAlDYsrM90YzjW6mCMkk6/o7uPrKy3jV1VewdmgNwYBAF9ZcQppkl0Tz1zWFgDOHf0qHXhhnYPwQ2tyo8nmnXFd8UzNpYk6NQN76VatY09xTVSZjkLkXaLnF0qpNaJnEDHL25NLTWZHn/XhUvs1MT/PjH/+Y5597nlQqiWmYzM7OIoTI/fl91rILtMXPW+9jeV1foujiSy5mw8YN7N27j9nZWbq6ugAwDIMHf/IgQghec81rAFhcXCQet24O/Myepzl29Bi6rmGaEjOz8/XCiy/i0ssuo7evL/ceKZnmkdF9HJk7ZS2ySgNDmkwl5ogbS9u4dWF9/v/37Nf5zPPfZCG9yNu3voZfO+NaBtt6ADgVm+D16y9lXaSfv3ruHu7a/12+cMUtGNLkq4fvRxc679txHX9/8D4W0ovEjDjRzA5Y35bHpCz6car8e6xmG5X8BidvwRUpQGQeWyuqOZ+/8xUhoOj1kgXc/HntKp1TI2LnsfEl00lruJSZ8Krw2HgcfLkr6cWeMt6p0SzCt6zHGecS7zCPKs5u+XPEuSq8q+VRDWe3PKrgXDV/0gOdtIJebI5vCb14opMm0ku96kqj6sUFfyp5yS1/LacXN/w1k16c6KtVJ42qF0X+VPNStTzWlpdq0Eu96opiXlptevGsruTxGBh+mnRHP+Za60erBTAgErSf/An7hq7ACIRBSOLJNOOTM0zNxth76CUGewcQXb2kQmGSi0kwTXRpEhCSoc4I527fxMa1/ehCIs0UptQw0ZFCIDAREkxAoAEmejrOrlM/JaoX4qvPj6KPH7Tnzyu9+OaZSSTMjLbcn/1nrWkWVfMtfxFU2ZIL1kItgFH6w012du+3v8NnPv1pLn3Zy7j5lt9l8+bNCCF46MEH+cF//mduF2nWzMyfu1sJpNCyT4VCodwO12g0ylfvvpvb/+8fcfPvfJAb33Uj7e3t/OQnP+HAgQN84Utf5JJLLwVA13U0zVr4vPlDt7Bly5aqPkNED/MbZ76Bc3sKxx9fGOOBkT3Mp62F2pSZRiC4+Zw38/cHv8/xhTGkNFkTtha0Z5ILjCdmWB9dwzu2vobd4y/w7eOPcNPZ1xMzEjw69hz/+7xfZW1bH2E9yHxqkbnUYu5435bHhMj8KFWel1nPUqOiZQtTpnGwGp48L0p9dn4pyfxYVd7j4tezPjNfaaA23m3DUjCd9YIVR5GXLnx2nmKfj1+xd9sg2jWaBfPa4FjJF/NXhkdZA85l+bPhsRa8q+VRHWe3/LnH2a1Xxbkh9OJGJ0482uqwQfVic7wnOmkFvbipK2Xwbhq9uOLPA73Y8ZfHY0PppQJv6nmpQfXiAX8qeakp9OKGvzwe662XWnCuSS/1qiuKeWm16cWzulLEo37oIWRbN/RsyPEZFSbnnX6Ug93nMBPu5+TIBCOjE2h6iPu+/yOuufplBDt70aOdyFgKmUygC5POjnYu2HkGZ21Zj0gnSMZjRAIdGKaJgSBpCkK6RGBgoCHQaF8YZfvk87TrhbhqiTn0k3trznfKOvHNtcn5KYgvrHQYK2ZN8+f/ItwBurXj0zyxB1KLNc0n50eRC9b9IERb59Lz0lJg/v1Bwdot+hef/CQAH7r1VrZs2ZJJeJBKWYuyWtHu1uyOUWkj6nRmITcUCuXmAejp6WHHjh3sOHsHExMTHD50mKuvvpp/+9Y3ee1rX5sb19HRQW+vtWP02FH7H+QqNkOaSIcMI5EFcZqZsW16iM9f/kHCepC/O3Afu8dfAOBEbAxTSgbC3WyIruH9O96IKSWfe+FbfO75b3Jx31m8dfPVhPUga8LdLKTjzNfImW/uze5P/7MemdfoZMjPnf+Z8yR7vhS/XuCFvc/+KxjvVOGkjS9XIIt9yXTu47UdX4xD3ryOO+rsGkknb9dg4sCLR3Hb4aGKcx7gzj5v3rLnkULcdl4V54o7Jux48SDecnio4twQeqkS57I8OvHSiHqxmdeTeJ3wcOKlEfXipq444V1ufMm0q1wvLvhTyUtuz7uG0ksFPFTzUsPqxQP+VPJSubgbRi+KeVo1Ly0BbuOLdbISeqlXXVHMS6tNL173j7m4jSSBF34AUycyz2YXViW7pp+n5+gTHDpygqNHhxkfH2dk5DTf/Oa9jJyeImUKtFCEUEcXQ5u2cuEll3HppZewcd0gPZ0RggEdoYeYj5nowS5GRqfI7k4VwmD92NOcM7mXqC4L4hbxWQInnkSYqZrPO+W64psLk8j5CZifWulAVtSaZ1G1cy2iYxAAmZgj/fQ3IJ1QnE1iHP4JpOPW3P1nWM9KmdtdWmwLCwtMjI/THo0SbY8WvTafSfqFx2TvjZpKlW6Tzr6m6YUU/cvXvs6ep57i1g9/mBvf9S7e8+vv5VWvfjVtbW0F44LBINe89nUEg0Hu/c53csmm2Gamp3OvmZiY0rT9wai0NDCkgSklppTEDAvblGlwbs8WPrrrBoQQ/L+9X2c4Ns7RhVEAekLWfWBfPXQB53Rv5gcnf8bPJvbzzm3XEMzspF0X6WPRSDCdnLeN0bf6mV1jYpoSbHdSkFvgt65w5vncyV342Loi6uCLx+XNVxqojXdqUOzGl0zn8P6K8drhUfUVdqdxTg1m0Tiv47bDQxXnPMCdfd68jvEqxm3nVXGuuEPCjhcP4i2HhyrODaGXKnEuy6MTL42oF5t5PYnXCQ8nXhpRL27qihPe5caXTLvK9eKCP5W85Pa8ayi9VMBDNS81rF484E8lL5WLu2H0opinVfPSEuA2vlgnK6GXetUVxby02vTidf+Yj4dILhB47nuI0UMZ1C38AxpcGI3zwXWjnC1GmZwYRwiTgwcPsufpvaQMQbSzm03btvPq172eX3jTm1l3xjbCHZ20RToJhiKYWhiDNqQe5bkXjjA5E2PNxCEuPf4QW5ITBHWtIG59cZLgscfRsmswNZ53ynXFt6pMmgZyagQ5P73Soay4Nc+iatd6tKFzco/TD34W49B/K80lZ0cwnr8v91jb+LLc/xvp7O7SwkXK9vZ2urq7OXXqFMePHc89f+L4Cb79rW8hpSz5galYzNqZmUyWLqrGF+13bZ46dYrDhw/zj1/5Bx5+6CEe372bPU89xbFjxzCMwpsCv/mtb+H6N72J+/7je9z/wx+WvL732Wf5ype/vPTZTJO0aZKWpTcXNvKeT5sGC5lkl33ufWddx43bXssT4wf40M++wNH504S0IL0ha5dvUAvwnjN/gZRpcE73Fl6+ZomrwbYeUqbBqcXW+6W4lbbsvU+tndeF90LNv+JrmvZXOLM7trM+/0qhzD4WLq6g4nDp0O4Ko1ODYje+ZDqH9/dwp0HVV9idxjk1mEXjvI7bDg9VnPMAd/Z581Z7Zb2WHRK17kRxbOjtePEg3nJ4qOLcEHqpEueyPDrx0oh6sZnXk3id8HDipRH14qauOOFdbnzJtKtcLy74U8lLbs+7htJLBTxU81LD6sUD/lTyUrm4G0YvinlaNS8tAW7ji3WyEnqpV11RzEurTS9e94/FeJDO7Fg9+jSYZgEPazqjfOiVG/iLK0JcvzHNmWsipE1JV/caztp5Lq941Ws479LLGNi0lfZNOwkNbMZo68AMdhBLa7T3r0VPx7hYH+G84/dzRuI0YUFJvPrsMIGjuwt3qNZ43inXFd8qmjRSyIlhZCK20qGsCmuee6pqOvr5b7EWUs00Mj5D6v4/RXSsQdt4adXTyIUJkvd+BDn54tK8Z7/eek1K0mlrYbR4IVTXdT548wf54hfu4raPfIRfvv56EokEE+PjvPVtb+PI4SN8/3v3cfbOnbz5LW8BYGHe2pkZi5WejIuL1qJlIp7IFQyAd//ar/Hss8/yuc9+tmC8EIL+/n7e+rZf4UO33oqu6/T19fF///h2AD5664e54MILePkVryAcDrFnzx7mZmf53Q/dihCClGmgaxptImS7G9eQBkEtQGcwQsxIkDD+f/buPD6q+t7/+OvMko0sJoRgAmERJChBI4gLCIogiHv1XkGta6tt0dv23ra23v5629rb29567e2i3l6rdam1Yq+IuCAKIqCgshhLIiayhxAIgZhA9ll+f8xkMpPMJJktmcm8n48HnMycc77zPd/vfM45+eR7zukgw5pKi3s0sNVk4WtFV/HukU8oPb6L6qY6TkkaRqrXg6duGDOb3+98mSXj5/o8kGrMsDwyrKk0dCgoB5oBvg+n6jY1MHDgvqcquE9c6HpN4L8UOr2Wx+svh87ephj+j3P+/sLY2wmKvwOpT3GuGa76dps6g5h2ltN9GmjEQ29/YQ90gujvRNOn3H60a4B27jE1/EzDaOde+89PP4bT3v3tx9DbOdj+C76dg52G2s5xES/BxEmgfvQbh3EaL37Wj0icJEK8BHNc6aW9h0y8BNV/EYgXf/3n1Y9xFS999Fvo+6U4jZcI9F8o+6UhES/B9J9XP0Y7XsJp57DiJVrHlRD3S7EWLxE7rgTqR3d51n2bsDXX4Rx3Ps7UDAxMnv4YMzyLO4afwu3nTaCqroHPT5gwRozFmm7lFFMrJ9ohKzOXdGsNZqMD5xfVnOLoIPXo30lx2ply+jDf9u/8vtk7sNTuxPRFdWTixWu9kONEeuHE2dTguodqgCu4E5Hh7EztDwW2Ntrf/DH2T/7W9V5yOuaiBVgv/heMzPzA67Y3Yd+3mY7VP8HZWON52zL9y1gv/ykATqeTmpoabDYb+fn5WK3WHsUcra1l86bNNLc0UzR5MiUlJRiGQX19PXV1dYweNZrUtFQAao/U0tHRTtqwYWRnZ/uU09LSQl1dHUlJSYwcOdLz/spXXmHdO+uYc/Eczjr7bFJTUmhtbWPbtq38z2OPUX2wmp88+CCLlyz2POAKXCNmP/tsJ8ePHSclJYWzzj6LcePH+zaf047ZcK1jeI4CLg6n07NTNQzXaFWLyYzD6fSsA67bAZgNk+fBR4bhW5bTswPvYnc6POV2nyfRVfujDHeC1Nlz6j6hMXkduD2HMqPrkNbjQG1yTTEMDPe0+/udRzrDAP9Hum4icSLprziv6vQ5DaYangN6GCfsvU291u+z4sHUPGA5obVzsP0XdDuH1I+htXOw/RhaOwfbf6G1c8LEi5/1EzpeQuo/xUuw/ZcQ8RKROEnQeAkmThIhXqIVJz79OETjJRTBfHzQ7TzI8RKtOImBeAmvnYPtPwOHyYJjdAmOwnMwLMn9j4t+9KN3Rc3H92Ku241hb4/NeBEfzrYmnI3HwN7R98JDzK7vb+51/tBKqgLOxkO0v3gPjiM7u940mTHlT8U8+XJMeZNdydWkNHDYcbaewHlsN/bP3sRR/THOE0c8qxk540m+8XHPPVUH27atW/n+9+7nB//6AJfOm+eTNLXb7byzdi3fvO+fWHLTTdz/g++Tmpo6iLWVeHD0R67bM5jcCc/OaedfLH0Tra7jE04wuY9TJgCj63TC8HrdOb/zuNa5vvfxzjUitucJQL+EdcIS/V9IonGC6H8a/ROtSJ4Y9t6P4ZzQ9q8fo/GLVMAREkG2c9Dn9yG3cx/THgYhXiKQeBhS8eK3nAjESSLESwjNPaTjJaj+C36/NKTjpY8GSLh4iUj/JWi8BNl8AxcvobdzWPESrTgJcb8Ue/ESoTgJMl5ISsdeOA1nQTFOkym4fgo4BXNDNeajn2OytUTluNLvr6v0i9PeDo11ONsS96HifSVVh87l/25GZgFJ1/+e9pfuxVG3Cxx2cNhxVJfiqC4FkwUjNQusrqQqbSdwtjfhO3zZwFQ4naQrfh4zCVWA5S8tJzk5mXOmTfNJqILr9gPz5s9n2LBhpA1Lw2w2D1ItJZ50HYBcJyA+twIwfKedRyDvvwD39Rd776lh6vY+Bg6HA8MweV53/WU5UEX7McXPtEdxTq/t7ucUP1MCTIM9YQ807ccJZfd27jHFz5QA0wDlhNrOwfZfwHbuV3v3tx9Da+dg+zGUdu53/3niMbR2Tph46cd+aUjGS0TiZAjFS7SOK/EaL0H0Xyj7pWD7L+HiJZj+G0rxEqj7wo2TeI2XEPsv1P1Sf/sxvP1SGPESreNKiPulWIuXiB1XAvWjz/pe7dp2EsvujTgObMM54jScp4zCmTMOp9nSe7/56UdLUy1G42GM5nqMjubYiBcJzNaGs63Zdc/U9tbBrk3MG3JJVQAjZzzWK/4D24bfYt+zEZ/IcdhwNh0DAj8UycidgHXeDzByJ0a9rsFoampy71z8a29vx2azUVxcTFJS0gDWTOKZ63jjOgD5JFLpNnWC4T5AdY34cr3vWg7Pcp2vje7reb32vO+9nLvcHgw/02BPWHyKc83oHJHrM3UGMe0sp/vU3W5+p8GeIPo7QfEp13+79jr17j/vqeFnGkY799p/fvoxnPbubz+G3s7B9l/w7RzsNNR2jot4CSZOAvWj3ziM03jxs35E4iQR4iWY40ov7T1k4iWo/otAvPjrP69+jKt46aPfQt8vxWm8RKD/QtkvDYl4Cab/vPox2vESTjuHFS/ROq6EuF+KtXiJ2HElUD96leevvU0dzTird2AcKsNhssDwsTjShmNKH47Dkuy6RUDqKRgmM7Q1YnbYwNGB0XICw9aM6cRRcLT7tn8Uz8P6HS+Jzulw5cYcdrDbwW4Duw1nW5PrZ+m3IZlUBTCNKiHpxsexl7+K7ZO/4TjwUR9rGBjpI7DMWopl2k1gir2mufiSi3ln7Vq2btnKwssX+sxraWnhZw8+yBlnnsmChQsDlCDiyyeR2v1hVUbX1NF5wuOeOpxdB1zc72P0PcX7dWd53q89R7ruFSW4E5Hu0x7FOV2LO53uavVjip8pAabBnrAHmvo7wezebn1N8TMlwDRgv4XWzsH2X9B/WQ+pH0Nr52D7MZR27nf/ec4UQ2vnhIkXP+snRLxEJE6GULxE67gSr/ESRP+Fsl8KayRRIsRLMP03lOIlUPeFGyfxGi8h9l+o+6X+9mN4+6Uw4iVax5UQ90uxFi8RO64E6kef9XtvZ5PDhrN2FxZ248SJubf+c087f290eL7HvUz73XB9lOMvXkSiZMjdUzUQx9FKHJVv46jbjfP4PuhoAUsSRtYojNyJmCfOxXTqFDDH9gjPFS+/zF+ee47TJ01i+vRzSU1Noaamhg82f8DkMybzjaVLSUtLG+xqSpyo7bynquE64vibOp2d91oFkwlwuk8fDPc9U/G9x2qP117HN5Op5/EOjK7XBHHcC/aExUc4B+j+HfgjdoLYx4mK51ODqHYQpyvBnd+Ewqec6J9ohd7OwfZf8O3c7/7rbI6Q27mPaQ+DEC/BxEkixIvfciIQJ4kQLyE095COl6D6L/j90pCOlz4aIOHiJSL9l6DxEmTzDVy8hN7OYcVLtOIkxP1S7MVLhOIkJuIl9HYOtv8iGieS0BLuQVW9cthxtp2Ali/AYQOTGZIzMFIyYz6Z2slut1NZWcn7773PwaoDAKRnZDB79mzOOvtsPZxKgnLk/6V7HkLV42FVGGA4MbmnBgaGewquA2jnodHAdQQz3Eeyzte4D7T4eR9POZ2pWO8jXTcRPpEcmAN6FE7Y/ZzgDMwJcGjtHGz/hfOLRv/7MRon7j3Xj9gJcK9bHlo7J0y8+Fk/oeMlpP5TvATbfwkRLxGJkwSNl2DiJBHiJVpx4tOPQzReQhHMxwfdzoMcL9GKkxiIl/DaOdj+i268DMx5WITiRcRNSVURCejI/8vAMFzHG8NwHUgNuhKhvonWrpGmJgCj6zQi0EhVA9cbncc3jVQN7wRxSI2889uP0T/RGhIjiTqbI+R27mPawyDESzBxkgjx4recCMRJIsRLCM09pOMlqP4Lfr80pOOljwZIuHiJSP8laLwE2XwDFy+ht3NY8RKtOAlxvxR78RKhOImJeAm9nYPtv4jGiSS0vpKqpl7nisiQ5nQfUVz/u/+CiNeB0WsK4HA4u63nnjp7mRoBpv6WD3SEc/qZ9naA7D4NtN0Rqq+/9ujefgFPTAIt19cJpVe/RLLe/toj1Hb2avDAU5/zwj6+T0HW29801Hbu88TSX79EoL69tUeo7RwX8dLPdu61HwP1SzzGi9/foyJQ30DtEahf4jFegjmuBGrv3pbvUWyMx0sQ/RfKfinY711cxUsf7RHqfilu4yUC/RfKfqm3esdNvIS4nw51v9TV4H6m3eNkMOIlWseVEPdLsRYvkT5/7K09oh0v4bRzsN+7kI8rIkFSUlUkgXUd6Oh5wMR3CnRN6TbtPt976gww9be8uzw/Fe05DXSC4m95P9sdyfr6a4/u7eeZ9tHOPtNAJyj++iVC9fbXHqG2s1eDB556ldvr9yiEevubhtrOAfuvt3iJQH17a49Q2zku4qWf7dxrP/a2H4u3ePFTbkTqG6g9AvVLPMZLMMeVQO3d2/I9io3xeAmi/0LZLwX7vYureOmjPULdL8VtvESg/0LZL/VW77iJlxD306Hul7oa3M+0e5wMRrxE67gS4n4p1uIl0uePvbVHtOMlnHYO9nsX8nFFJEi6/F8kgR09ehTDMPr9Dwj4uvNn72lvP/f2noiIiIiIiIjIYCot29vrfI1UFZGI0d9oRERERERERCQRKKkqIv3SW8JUyVQRERERERERSSRKqopIn/wlTSOVZFVCVkRERERERETijZKqIhKQEp4iIiIiIiIiIj0pqSqS4JQ4FREREREREREJjpKqIgmsPwlVJV1FRERERERERHwpqSoiQFfytPu0v+uJiIiIiIiIiCQKy2BXQEQGn9PpxDAMzzTanzOQHA4HdocTp9OpBPAAMAwDwzAwmwxMpkH+u53TCfZ26GgFh931z+kY3DrFC8MEJrPrnzUFzEkwwLHbnWI5MmIqRonffo21dhQRERGRgaekqogEbTCSo8Gy2e3Y7UqgDbTOxIjDAWDHbDZhMZsHuhLQ3gRtTQP7uUOJ0wF2B9g7XElpgORhkDRswJOriuXIiokYJf77NVbaUUREREQGj5KqItJDJJOmA52Atdsd2Oz2Afs86Z3d7sBud2CxmDEPxGiutiZXQjWORrzFjbYmaG+BlHSwpkb94xTLA2OgY3So9uuA7+tEREREZNDprE9Ehoyh+sv6UGCz2bFHu2/am6HtpBKq0eR0QEujK7kaRYrlgTcQMZoI/Tog+zoRERERiQlKqorIkJAIv6zHO5t7JFdUtDdD64nolC09tTa62jwKFMuDJ5oxmkj9GtV9nYiIiIjEDCVVRSTuORyJ88t6vLPZ7TgcEU422NqUUB0MrSdcbR9BiuXBF40YTcR+jcq+TkRERERiipKqIhLXnE4nHbbE+mU93nXY7JF7yrfT6Ro1KYOjpTFit1tQLMeOSMZoIvdrRPd1IiIiIhJzlFQVkbhm10iguBSxfmtvAn0HBo/T4eqDCFAsx5ZI9Uei92uib7+IiIjIUKakqogEJZZG3TidTt23Lk7Z7Y7IfJeidF9PCUIE+kCxHHsiEaPq1wju60REREQk5iipKiJxS7+mxrew+8/WFrFLzyUMTmfY91ZVL8amcPtF/eqidhAREREZmpRUFZG4legjoOKdI9z+62iNTEUkfGEmVRXLsSncGFW/uoS9rxMRERGRmKSkqojELadTv6jGM0e4o0ztHZGpiITP1h7W6orl2BRujKpfXRxqBxEREZEhSUlVEYlbuvI7voV9n0F9AWJH2Mm3CNVDIir8o6DMpwAAIABJREFUe6pGqCJxTu0gIiIiMjQpqSoicUkP/hgawupHjf6KHWH0hWI5toXaP+pXERERERnqLINdARGRUBiGEeKazVRt38KmT+tpcACYSM3NZ/acaYxLN4dcn+a9m1jxfi0nHWmcXZzMJ2XNnHHVImbnhFxk/x0u5Y0yKJlfQgFQ98EqllemcfFtF1MUifIPbeWtk2ewYNKwgIs0V77DtvRLmV0QXNGh92OIPvgubFjf7c174f47IlP+sbfgyUORKy9YH3wXDt0O10/1ff/zp+HlMvjKf8HwQCsfgpXr4fybYGS0K9ol3O9A26freGZra9/xdnwLz7/WzHR/cRFwXiWvPvspNd0WT590ETdfkBtWvTtVrF7BtqzIlRdpofZPaOv5a28reZOmsuCCMaSFVJPgndj1IRuP5DJ71gQyBugzRURERCT+KKkqIgnEzqH317OqOoOLr7uSonQr0MqRiu3sPg7j0kMt9yAffVBL2owrubnICsD50yJV53442cDBQzDB/TL3gkXcc0EEyy8YRerjy/kz13Orn8Rqc+VrPPZuNl++J4KfGU0T/9Qz6TjUnX4H3N/XQsfgs1/DGQObVA1PA6WVJ8jKtFL5yV5mzx0fhc9IHrg/kAg92vtkOa+uKGXjyFEsHB/6H76C0VZ3nIOHTbShpKqIiIiIBKakqogkjvZP+Wi3g0kLLqLIk0BNYWTRTHcOyc4XFZt5Y0sdJx1gTsmieO4czh9hhl3refwTK2ePaKBsXxt2kpkw+2LmZZXz/GvVnAT48HUe/7Cz3Gz3SNFmqt5/j7d2N2PHSl5xHuayOk65ahGzj6/n8U/SuP6GGeSC+zPcr30+DyYtKiFj+w62HWnGDpiH5XHxFTM55ZNVLK90PXl9/bMr2DbpIm7OLe8qp+UAG9ftYGddB2Aia9xUrp4znjTq2PjSe3wxahz2A/uobYWk7HEsurrETz4tn9n3zAc/idWuhOosTo1Gnw2k5TNg2M9h1yPQBBT/HAq3wVuPgn0aLPg5lOS6Rn2uz3DN++RtMF8GX3oATuuefmmDDx6B918Aez7k3Q5LboDjr8Jz++Ff7nMfhdvgb9fC+L9ByQl4+ZewdzOYL4R5P4AS9/DfPS/By38EO5BzN3z5Bkjp57b5jKA9AW/8AsreBsbC+H+BS0/Ckz90LfvyDMj5OXx1QfhtGm17d1DWPpJF16Xz0Quf82HDeM7P6pzZzK4N61m/rw07VvInZGGnP/P66fgWnn/tJIVndFC5sxm7KY3iOZNp315KZaMDhuWx4OqZjEtyj0ZNHcPIowfZ3eRwxe/C85nYfXR8gHjl0zU8V5bBVTeej+vbUMO7L26hbcaVLByxj7Wry9nd5ABTMhNmXcy88WlAB4e2v8fasgZagNTccSy4wl98x7j0yUwY8TmlR+phfC6c3O13e3tv42aqPviQdytdbWHOzOPihTOZmNqtb8hneno1244AVLP82WryZ17HvNQtvPV+NbWtgCmNCbMucrexiIiIiCQyJVVFJHFUH6eWdM4IlP07vp03PjxB4YIrmX2qiRMVG3hxzWZG3nQR4wCa6vli2hy+MieNL7as5cXtnzH9hhncfFsWrz77Kcy8jqsn4rmUGKDt0w9ZtdfKRddfzZnpDg59sIbXgFP6U9+mOmomzeCmC/JIS+rgi2nnUzwiCwsd7Fqzio8+qePmCxZxT+56Ht9E1+X+uzoLaKViQym7zZO56bZJZNhreHfFh7y6PYfF7pG0NUcdXH/DdeSymzf+uoNte0u4wu9gP1diteWxF/kzN3LrpGE0V77Gw2syuXtpnCVUd90Fv/J67T1ytaoNvrYSbJvgd3dB65/gO1tgx8PwzttQcpNrueOvwazfwcL/gJ1Pw/89Aksf8P2cz/8KHw6Hr22BdGD9d+Fv+XDrJZB3KZTeDudmwMnNsPcq+FISrPwe5D0E/1gAtkPw9K+h8L+At+DVGvjam66ydj4Cb+wIbcTtnpdg73S4/z+ANthZCcNnwv358Ku74Etb4PTgix14DXz4SR3Diy+nIMnKeRP2sbbsIOfPGg24Yu+dAylcdP0CV+y9v4bX3BeQ9zavpzZ2vraCnZ7X7pGUAJzgi8y5fOW2NKo2vMmqd8s5Y9GV3DOihndf3MqHZQ2Mm+bK8p6sPkHJ1VcyL72ZT1ev4501O8i9rsTrc3qL1wmM3b6DHXvtFIw3w97d7GYki8bXs/GlcpqL53JPUYZrVOerW6gYfzHjdm1i1d40Ft0ylwJzB4feX8PaD0bH7G0GArEd30HlURMji3OBOjau9r+9ELiNU3dt4a29Ji7s3A+/v4bXVpd62v9kdQNnzp/LRSMySGYGYz9YxfLqXPcfvOrY9FI19jMWcM/UNGwnd1N5XI8kEBERERElVUVEPL7YXcfJzHxKTnVdwp9RNIq8Dz9n32FcSdWUPErGu0YjnpKdDDtPcITeE6RVhxowjzqbM9PNgJmCM0aSXnmkfxWyjuS8qfnuVE8Dhz7ZykeHm2nvfCbQyONAbwmSanYfgfxLJrkuYTXnUzwqmcrDB2gjH4D8SWeTawbIIiMVqo7UuUaD+ZXPgqWX89ZjL/KnymyqD+Rw99I58ZVQhd4v/z99uuvIaHGPOp3qXq5gKrQd6lpu2PVwhnuZMxbA+muh6gHI8ypr5wtw+m9dSVCA4gXw4WawzYTzb4f3N8O5C+DD5VB8L1j2wa5K2HUtfOhVznHg2LvQ9jY89kzX+zmTgBCSqnmToPUZWD0cpk6HM+L0VgiHP6OyJZfZZ7qG6xYU55P0yufsmDGaqUn+Yi+X9N2uP3b0Nq+nAJf/HwfIYEKR63uQmmSCYbmcMcIMjCY/ayuH2js8iyeNmeD+vAzOnJbPtlX1HAK6xqr2Fq9TmTr+U16r3A3jx7BjZx3pE+dS0LCbd5scnPxwrdco+WROOQ7mffXYm+C1v6zoqnOf+4xY0C2JbU1jwoyLmDcKaDhAVYDtzSNwGyftq4dTu/d3HVXtkAQkjTmdkhGBLvTPpmCElZ2VW9jIGCZNHMOZY6xR3H4RERERiRdKqopI4hiVQx4HOFhtp2hUCPfmM3snQCKvzSsBA0CSiaTOn/fu4L3DVi687kqmplvZt24lb7VH4EPNwW6RK7H6wWuHuWLpOfGXUO1LclLfywRia+v/smdc5rqtwKGxUAYsKQIqgOHwD2/Cad2WP4ZrBOsdl4Rev07pM+FbU+HANnj/p3CoGO69I87OCFrZsb2Glg5469kVPnN2bK9j6oCNxjSFsU+wY2/v/z6loDifrFeq2XH0JJ/WZXHm/CxoAUim+NpFzMzyXX4XQMFU7pk/oWdhMc0riX1yByuWH6AtKc1nvr/trfBblquN+5Jk7u0+GmbGzbmcLx89wM7d1by74hPsEy/i5hmxnpwWERERkWjT9UsikjiSzuS8CSZ2v7+ZipOdCcxWjlRsYtMBO6dMyCW9sYbSwx2AnRMV1dRasxgXRuawsCALe/U+Pj1pBzo4VHbEdf9VgCQz5qYGaloATrBz38mA5WA2YwbMZiu0VLLjsKNrXlYaqXTQ0tJ9pVFMGAk1Oys5AWCvoay6jaxTx5Ac+iYB+Vxw1RBMqAajaTnsPOH6+cB6aLwKxndr1TOWwOeb8XR42VuQf6E7eVkExcDffgkFt7sfDDUOxgPbNoHNvc6Oba7p+Auh9jU44P7Mk/vg87rQ6n6sAhqS4LRL4B/vA8vbcAhgOGQCrUEkhwfL8R3sqMviwiXXcc9tXv8W5GPf9Rm78BN7O+s8XdHbvGhpP7Db/XnN7CurpSUzh0KfHH4f8Zp1JmfmNrBtzUHaJ5zO1CQgK5+ClDb2fXLAtQ4n2Lejkjr3NnJ4L6XHXfs62/Ed7DgQ9J1jB1f6VC4ptnLwg63sg163FwK3ceG4bDh8wLe/M3O7tX+X3OwUaO9w5axp5dDeA7TnjKfkgou4ujidk9UH3Z8vIiIiIoksrsaliIiEx0zBrItZtH0Lm1a8znoHgInU3HxmzwHSp3HF+Zt5Y83rPN75oKr5F7ou/Q9R8pnnc2ndetYvf5X3sJJXnEsex10DRMdM46KCdaz/2wo2m5KZMCrdPfLMjzHTuHjMet752wreS8nljFHJ7mQsMGIKF45bz/q/reCjkWdyj2dgWgpFc0qoXbeDvz77Ka4H35zN1dOygBATckNB93uqcq/7AU5ByLkKDvwCXnU/qOrqB1yX+XvnI0+/Cc5/BP53hteDqmZ2zZ+1BLY9CtOnu99Ihqv/AK/+Gn79LVwPkbrHlWgdeTVcfRJevgXaaiD5Klhwb/+2L+fn8CWv1201sPKH0Ljf9RnFP4YxAAWw4Afw8rWwaknwbTJg7Oz6pIaWwqmuxKK3UyczKX0d27Y3MHFat9grTCPVvViPuPSa11P3e6pC+qSLuHlScLVOH5VBzerXea/JgXlYLhfNP5tTgK6bgfQWr675U8/OY9vak0wqHu1+L59LFp7JG+tK+euz213rFExg3pmubVzU+CHvvvE6H7n3Z5MuaIY4e579KdOmUbz3PTZ9cIRxFwTeXgjcxkycwYK6D3l3+au8h+tBVZcuLOnW/l6KzuTs3VtZ9ewK0ieVMP3k56za+InrYWYpWRTPmRxnrSgiIiIi0WA4nU7nYFdCRAZHbW0thmEE9Q8I+LrzZ+9pbz/39l5/9LhcPiYd58jRFIaPSMOC3fXwq+3JLLhpJoWDXbUYkJwUxr0JTxwFp6Pv5SLt86dhfQF8dUH45awdDl+/OjL1GkyGCTJGhLx6fMRy6CpWr2Bb1kVhPySq7oNVLD8+htuvmBLmaPP+CydGB7JfI9XG0RLWvk5EREREBkVp2d5e52ukqojELcOAmP+zUMtJKrd8SGVdm2eU0xlzSpRQJfRkulcBEOv9H9AJeP9ROPedwa5IZBjh3U0oLmJ50O1l264Oxs6aPGAJ1XBjVP3qEva+TkRERERikkaqiiSweB+p2mGz43AMwkhFiQiTyYTVEsajv1oaoKM1chWS0FlTIDWr7+UCUCzHpnBjVP3qEva+TkREREQGRV8jVfWgKhGJWyaTRv/EM3O4/WcZqPF60qcw+0KxHJvCjdGwY3yIUDuIiIiIDE1KqopI3DLpksq4FvYlsUqqxo5wk6qK5ZgU/uX/6ldQO4iIiIgMVUqqikjcMgwDk0m7sXhkMpkic09VJVYHnzXF1RdhUCzHnkjEqPo1Qvs6EREREYlJiX2mKyJxz2LWbiweRazfUjLCTuhJGAwDkjMiUpRiObZEqj8SvV8TfftFREREhjKd6YlIXDMMA4seABJXLBZz5EZumcyQkhmZsiR4KZkQoZGIiuXYEckYTeR+jei+TkRERERijpKqIhL3zCYTFnNi/tIebyxmM+ZIXw5sTXGNWJWBlZLhavsIUiwPvmjEaCL2a1T2dSIiIiISU3S2JyJDgtls0mWWMc5iNmGOVh8lpWnE6kBKyXS1eRQolgdPNGM0kfo1qvs6EREREYkZlsGugIhIpJjNZgyTiY4O22BXRbqxWi3Rf8J7UqrrUvTWRnA4ovtZicpkciVUo/yAMMXywBuIGE2Efh2QfZ2IiIiIxAQlVUVkSDEZBslJVmx2O3a7EmuDzTU6bQAv+7Ukw7BcaG+CtqaB+9xEkDwMkoYN2IPBFMsDY6BjdKj264Dv60RERERk0CmpKiJDksVsxmI243A4sDucOJ2ufxJdhmFgGAZmk4FpsO4naBiQnO5KANrboaMV7DZwOlz/pG+GyfUQMJPZdd9Uc9KAJVO7UyxHVkzEKPHfr7HSjiIiIiIyeJRUFZEhzWQyRerh5BJvDMM1cjXKl6rLwFAsD03qVxERERGJV0qqiiSC1gbY+yF8uhq+qIK9HwCQB3SMno4jcxTtE+diH3MuzmQ97EdEREREREREpDeGM0autXp/SzmlZbuo2FVFS2sbAMOzMymaWMjVC2aSm6NEj0hINj0B7/zG9fCePjiTM2id+Q3apn/Zc2lj939AwNedP3tPe/u5t/dERERERERERAZLadneXucPelK17ngjT7/wJhW7qwBITUmisCAPgMo9Bz3LzZ8zjcXXzh2UOorEpfoq+MvdcPjToFe1jyii+Uu/xXnKaCVVRURERERERCThxHRStaq6locee5GW1jYmnTaaaxbOpGhioc8y728pZ+XqTRyvb6SwYAT/9p3bBqm2InGkphyeXNyv0akBpWTStORPOEaeoaSqiIiIiIiIiCSUmE2qNre08eDDz3KsvpHF117C/DnTPfPWbNhGS2s7hQUjKCmeSHNLGw89toyDh44yb/Y0llynEasiAdVXwaOLwkuodkrJpOmO//MZsQpKqoqIiIiIiIjI0NZXUnXQnre6ZsM2jtU3cuG5U3wSqgArV29i5epNPPrUKzz48LMAfG/pYnKyM1m7cTtV1bWDUWWR+PCXr0YmoQrQ2kjq8m9GpiwRERERERERkSHC/JOf/OQng/HBjz61AqvFzLfv+QesVovPvBnnnEHRxEIaGpvYe+Aw5Z/tZf6c6aSlplBatov2DjvnTJ0YXgVa9rPx+ad48sWXWbX6bdZtLOOgJY8JY3NIDq/kIJTxzP3PUH/2LMYPG7APlaFs0xPw8UsRLdJoqoOUDByjSjRSVUREREREREQSwuHaL3qdb+l1bpRUVdfS0tpOyZQJpKX2TGHm5mSSm5PJOcUTeejRZVTuOUjFripmzZjC0y+8SaX7oVahq2XdH/6X0qL7+NHtBVgBOmopffFJnlj3Ff55bl6Y5YsMgtYGeOc3USk66b3HqD9tAc7kTEBJVRERERERERFJbIOSVG1uaQOgcFTfyct777qONRu2eZaddNpoKvccDK8CteVsrSli0T+7E6oA1jxKbnmAkvBKFhk8ez4I/rL/69+B9Ofg2T/1vlxrI2mHdtA+cR6gpKqIiIiIiIiIJLZBSaoGIy01mWsWzoxsoakppFLLgVooDpjX7eDQxmd4ZlUl9TYL6ZMu4/Zb5jI2FTixm3XLlrNuz1FabWAZcQG333c9RalA7Toe+q8DTLkRypeXY7vouzxwRTaHNj/PX14t56gNLNmTuOzmW5g71vVJ9QdW8shv3uNA97JEgrFzdXDLX/8OjFgP/9tHQtUtac87nqSqiIiIiIiIiEgiG9SkaueI1WDU1TeSmpIU3gdnXMiNiz7gN//1r2wdM4XZF1xA0ZQxFKR6xq3SUfoMj2wt4L6ffpUCK5wofYZHXizju7cXY8VG9tyv86OvZmClg93Lf8GLb1/AA9cUuNcu54PSG7nvp7eTZ4WO0if4zSorNz/wK0oyoOP4Vt47YIOxAEcpLb+M7/3Hr8ighdJnfsGyt6fzb9eMDW8bJfHUB3FbDE9C9af9XsXcWB1CpUREREREREREhh7TYHxo56X8pWW7glqvqrqW4/WNFE0oDLsOeXP/mZ/+9D5uOTuDAx+8yCM//iH/+tByKloATrD1vUqK5l5BgTvPmlFyEaft/oQ9ABlFlEzIcN86wMqESWOprz/uVfoUrv/queRZu8qadM3NlGS45lpzzmVu5wuyuWBRCa5XqZScPYGT9SfC3j5JQPs+7N9yISRUASx1lSFUSkRERERERERk6BmUkappqclceO4UNm8tZ82GbcyfM71f661cvQmAkqmnR6Qe1tQCJsy+hgmzr4GO42x95jc8uXwKv7olm9YWKH/+fu5/3nuNKUwBaNnPxheXs273UU622tyzfLehq2FbaG0Ba4oV/yyk+r4UiU3B3q9VRERERERERGSIGrQU3phRI9i8FVau3kzRhMJ+PbSqc5lZM6ZEvkLWHM49dwIvvnecExSQkgpTbvsVtxf3XLRi+aOss9zGP/+omAwrUPoM938SqOBUUlKho7UDCJRYFRlAyy91jVb92o+DG62anNH3MiIiIiIiIiIiCWBQLv9/YcU6lr3yLgAtrW089NiLrNmw3e+y3vddvWbhTO6967rwK1D7Bo/8YR27j3d0vXdiNyvXVTBmejEZZFBywSQq3n6DQ52LdNRSunU3HYDFkgKpqaRYgY5DrFtX0cuHucqqXPcqu91X9XecKGVjqS7xlwgbd37/l11+KRy92JVY7SfbiKIQKiUiIiIiIiIiMvQM6EjV5pY2HnvqFSp2V5GTnck1C2eybMU6WlrbWPbKOtZs2MY5UyeSlpoCwIHqWip2VTFmVB7fXXpj5CqSdxk3X/Aqzz/5Mw4dbcUGWFLyKVp0H1+70H1303Nv576WZ3jmx/dTb3PNP/v625kCTLjmFoofeZIf3m/Dkj6Jq88tgqOBPy713Fu498RfeP4X7rKyJ3HZzUpQSYRlF/b/vqrQNWL1trvg2T/1ubg9c1QYlRMRERERERERGToMp9PpHIgPqqqu5dGnXuFYfSOTThvNnTct4sGHn6WltY3F117CgeqjbN5a3mO91JQkrlk4s9/3XRVJWJ+uhufvjlrxJ676Le0T5wFgGIbnn/frzp+9p7393Nt7IiIiIiIiIiKDpWJPVa/zB2SkalV1LQ899iItrW3Mmz2NJdfN5aFHl3ledyZMl1w3l6rqWp91iyYWDkQVReLfaRe47nvaFoVbSyRn0FF4buTLFRERERERERGJQ1FPqnonVO9YcjmzZkzhhRXrqNxzkNEFI1hy3VzPsmmpyUqiioQqJQvm/TO88WDEi2664Bs4kjLReFIRERERERERkQF4UNUjT73ik1B9f0s5azduJzUlie8tXRztjxdJLDO/CqeeEdEi7SOKaD77yxEtU0REREREREQknkU9qXq8vpHCghGehOrTL7zpSaimpSZH++NFEs8tT7huAxAJyRl8ccV/R6YsEREREREREZE4YTIFvl7XZDKi/6Cqhx5dRuWegxQWjKDq0FFPQrVwVF40P1YksdWUwxM3hnd/1eQMjn/pCWwjJgd8MJUeVCUiIiIiIiIiQ9H+6iO0trX7nZeSnBT9kapLrpvLaHdCNSc7UwlVkYGQPwXuezPkWwHYcidx9Ma/0pFbFOGKiYiIiIiIiIjEvuGnZPY6L+ojVUVkkG16Atb+d79GrTqT0jlx3tdoOusWn9GoGqkqIiIiIiIiIommqbmFY/WNtLXbAEhOsjA8O5NhaalKqookhNYG2PMB7FwN9VVQ8ym0ncCZlE778NOxZ46iZezFdBSeiyMpM2BCVUlVERERERERERGUVBVJZPv3Heo1gaqkqoiIiIiIiIhIT1G/p6qIiIiIiIiIiIjIUKKkqoiIiIiIiIiIiEgQlFQVERERERERERERCYKSqiIiIiIiIiIiIiJBUFJVREREREREREREJAhKqoqIiIiIiIiIiIgEQUlVERERERERERERkSAoqSoiIiIiIiIiIiISBCVVRURERERERERERIKgpKqIiIiIiIiIiIhIECzhFlBfXx+JeoiIl+zs7MGugoiIiIiIiIiIBBB2UlXJHxEREREREREREUkkuvxfREREREREREREJAhKqoqIiIiIiIiIiIgEQUlVERERERERERERkSAoqSoiIiIiIiIiIiISBCVVRURERERERERERIKgpKqIiIiIiIiIiIhIEJRUFREREREREREREQmCkqoiIiIiIiIiIiIiQbAMdgVERAaSYYDZYsJkMjAM3P+Mwa6WiIiIiIiISExwOp04neB0gsPhxG5z4HQOdq1ij5KqIjLkGQaYzSZMZgOzWQlUERERERERkUAMwzUICcBsNrBaTdjtThx2J3a7EqydlFQVkSHNbDawWF0jU0VEREREREQkeGb3ICWzw8DW4cBuV2ZVSVURGZJMJtdf00wamSoiIiIiIiISESaTQVKyGYfdSUeHA4cjcZOrA5ZUrdhVxZqN2ykt29Wv5QsLRjB/znRmzpgS5ZqJyFDj2smbdK9UERERERERkSgwmQ2STCba2xI3sWo4ndG/E8L7W8p5+oU3AcjJziQ3O7PX5Ztb2zh46CgAM2dM4c4ll0e7iiIJaf++Q+57pfT/HxDwdefP3tPefu7tvVBZrCasVlPEyhMRERERERGRwDraHdhsjsGuxoCL+kjVil1VPP3Cm4wuGMFdSy6ncFRev9arO97Io0+tYNOWcoZnZ3LNwplRrqmIxDuT+wbaIiIiIiIiIjIwrEkmHE7Xg6wSSdSzD2s2bAMIKqEKkJuTyfeWLiY1JYk1G7ZHq3oiMkQYhkFSknmwqyEiIiIiIiKScJKSzAl3C76oJ1VLy3czumCEJ6FaVV3LslfW0dzSBrhuDfDqW5sBaG5p46kX3uRj931X01KTKSk+nZbWNqqqa6NdVRGJY0lJJhJs/y0iIiIiIiISEwzD9Xt5IhmQrU1LSfb8vHL1JtZs2M6mLWUAPP3Cm6xcvYnmFlfidNOWctas3+ZZ/pypE0lNSSI1NWUgqioicchkNjCZlVEVERERERERGSyJ9rt51O+p2t3i6y6laGIhM2cUA7D0zmsB16jUoomFLL72EoomFHqWP6d4Iuf8/J+iVp/2dhu/f3I5AP/0letJSuq9Sbb9vZIXX3mXH3zzZrKz0oP6rG1/r+QPz7zK12+/mulnTQq5ziLiS/dRFRERERERERl8VquJNrt9sKsxIAY8qZqbk8n8OdM9r88pnugz33seuB50NTwni9yczKjUZ//Bwxxw31pg/8HDnH7a6Kh8DsDUM07jV//2NYaladStSKRYLCZMpsT5S5iIiIiIiIhIrDKZDCwWEzabY7CrEnUDnlRds2EbK1dv5t47r6VoYiEPPbqMltY2/u07t/ks9/6WcpatWEdLq+veq4UFI1h653URTa46nbBp66ecW1IEuH6eOH501O7LmGS1kBTk6FYR6Z3ZooSqiIiIiIiISKwwWwxstsGuRfQNeFL1QPVRWlrbaHYnS+vqG2lpaaW5pY20VNe9Vyt2VfH0C2+SmpLE1QsupO54I5u3lvPYUyt6JF/DcbDmKLv2VnPPl6/ZQFN6AAAgAElEQVQE4MnnV3H02Bfk5Z7iWWZf1WGe+MsbHDlaT/7I4T6X7dc3nOSXv3ueGedMprRsF7V19ZRMmcjVC2fy3P+9zd4DNYzKH8HSO65lxPAs9uyv4Q/PvsrXb7ua7FMy+OXvnmfmjGI+3vE5h47UkZebzVdvuYJxhadGbBtFhjLDQKNURURERERERGKIyWRgGAZOp3OwqxJVA55Uveumy7lszjQKR+UB8GN3krQzoQqu0awA//ad2z0jU3NzMnn1rc1U7KqiaGIhkfDRxzvJHzmcglNzAcgbkU1p2S4WXHIuAA0nmnjy+VWMzh/Bt+6+gYbGkzz5/Bs9yvns8wN8/fZrqP/iBH987jV27zvELTfMJ3d4Fk8+/wZvvvMRt/7jZX7r8MG2cr5y8xVkpKfxp7+u4o21H/G1W6/CbNY9IkX6ojgRERERERERiT0mM9iH+GjVAc9INLe00dLa7vO6uaWtxzKpKck+l/p3Pryq6lBtROrR0NjE38v3MGvGFMxmE2aziVkzpvD+R2U0NDYBsHd/DS2tbXzpiosYMTyLieNHceVlF/Yo65JZJYzOz2Xi+FEUnJrLmUVjmXbW6YwZlcfEcaOoPlzns83errzsQiaOH8XIEdkUTx5P44km2juG+LdOJEIM5VRFREREREREYk4iXFU64CNVX1ixjs1by7ljyeXMmjGFBx9+hpbWdn777/d5RqsOz8mics9Bn1GpnaNXO5Or4Sqv2EdN7TEe+dMKn/cNwzVv5owpHKmrx2wykZRk9cxPTUnqUVb39/Jysz0/n5KVTvXhuoD18FeeiPSPEa0bIIuIiIiIiIhIyBLh9/UBT6oWTSyk6lCtJzk6c0Yxx443+Fz+f83CmZSWfc5//c+LFE0opO54A8fqGymZMsFz24BwtLfb2Ly1nGsWzmLWecU+897/qIzNW8s59+wiRuZm02Gz0dTcSrb7AVOBRpyKyMAzJcBOWkRERERERCTeJMLv6wOeVJ01YwqzZkzxvF5y3dwey+TmZPK9pYtZuXoTpeW7ycnOZN7saVyzcGZE6rD/4GFqjzWw+LqJnmRpp5LiiWz8cAf7Dx5m/Nh8hqWl8tpbm7nhqjk0NJ7k9bc3R6QOIhI+Xf4vIiIiIiIiEnsSIKc68EnVqupaSst3M2/2NNJSk/m4bBfHjjcyf840n+UKR+Vx713XRfzznU7YtPVTRufnkp+X02N+fl4Oo/Nz2bT1U277xwV85eZFPPn8Kn74iyfIy81m+tlFbPn4s4jXS0REREREREREZEhIgKSq4XQ6ndH8gLu/8zCTThvN9+5dDMBDjy6jcs9Bzz1V7/7OwwD88eHv+KxXsavKc1/V1NRkiiYUUlI80efhVSISnv37DmEYRlD/gICvO3/2nvb2c2/v9Udq2oD/XUhERERERERE+qGleWg/iH1AMhItrW2en5dcN5ePy3ZxTvFEAJbeeS3Hjjf4LP+nv77J5q3lPu+Vlu1i5epNLL5urs/tA0REREREREREREQGUtSTqiVTJlBavpuq6loKR+V5/nXqTK52Wrl6E5u3ljO6YATXLJzJOcUTqTveSMXuKpateIenX3iTMQUjIvLAKhEREREREREREZFgRf0xL/PnTAfg0adeoaq6ttdlm1vaWLNhOznZrgdVdSZcc3MymTVjCvfe6brH6srVm6JbaREREREREREREZEAoj5StWhiIXcsuZynX3iTB3/9Z4ZnZ5Kbk+WzTEnxBObPmU5VdS0trW3Mn+N6iJW/snKyMykt3x3taouIiIiIiIiIiIj4NSD3VJ01Ywq52Zms2bCN0vLdHKtv9JnvdDqZP2c6w3OyyMnOpGhCYa9lfVy2K9pVFhERERERERERGVQOh4MOm50Omw2nw4nd4QDAbDJhmAysFgtJVkvID4CW0BlOp9M52JUQkcGxf98hDMMI6h8Q8HXnz97T3n7u7b3+SE0bkL8LiYiIiIiIiAwoh8NBa1s77R22fi2fZLWQmpIcU8nVlub+1T1eKSMhIiIiIiIiIiISIzo6bDS3thHMOMj2DhsdNjvD0lKwmM1RrJ10ivqDqkRERERERERERKRv7R02mlpag0qodnI6nZxsaun36FYJj5KqIiIiIiIiIiIig6y9w0ZzS2vY5TS3tNKhxGrUKakqIiIiIiIiIiIyiBwOBy2tbRErr7m1DYf7oVYSHUqqioiIiIiIiIiIDKLWtvaQLvkPxOl00trWHrHypCc9qEpEpFdlPPqd1ZT6m5V3Fg9+/zLyI/6Ztaz6zz+zvBZK7vgO906N+AeE7OOnHuaxMjj1ilv52by8fq7VQNmKV3hu81GO2WJvm3xVsf7PH1EBFF16AxePGuz6iIiIiIjIUOdwOKJyH9T2DhspyQ5MJo2pjAYlVUVE+sVMYVEhp6Z6vZWTT9qg1Sd+1Kx9kd9ubARLJlNKcihKtREbhx9/yesGykr3UQp0lKCkqoiIiIiIRF2HzR7VspOTlFSNBgu/TwfA6QQDcOKeOsHAwInTNXU6Pa/BcC2A0VVStxHKvuX5rt/52ucTA5TnUx/Dq15OJ4bhVY73AhheK3rVx/CqlxPP+p76+Kzf+Rqfiviu77+d+rNdobdTtx70104ByouJduqr30LYrtDbqT/fb//lhd1O/liTMYZlYQzLxsjMxXzWXKwXfgljuLI6sWEYM669gUUjB7se8aaByrJGAEqW3M295wxydfpUzL0PFw92JUREREREJIF02Po/SvV42To2UsK1xdn9Ljs5yRpq1aQXnqFChjsBZLgTST4Joh6vOxNIXiV5Jea6l9dzfadn/b7K864PXgk53yk9pr4ZYnzWj0o5QW5XqO3Uff2A7dRHvw1aO/VVTkjbFVo79ef7Hai8sNvJn442nF/U4vyiFqorsO98n/Zl/4656HwsF16P5byrMDKGB1hZBk/naMdM5lybT+XrFRy2gWXMNB64NYe1f1zHplo7lox8lnzjZi4eCexYxt1PH4TiadydsountjZis6QxZcHl3DNvvP/Rr42f8cJT61h/oBkbYMnO55pbr2XR2Cqe+uHrbGpNZt4372PJWNfiZX/9Db/damfKkq/z7RmwZ+0rPP5WDcdsrnVvuPNG5o9yHwKOf8JTT63jo0N2bBYzhTMu51v/MJmsfmx95+0ASq6dT9pm17ZiyWbe0sUsSdnEj371dw67ly197mHufm40Sx9ezDkBt2dYgDYdzdI74LGnD0LxWXy5YxcvVDRjs6Qx88s3cHHtGh59q4ZGm5lTL7ycB/5hMmlAw64NLHu9nI+7f073uj39MHczmqUPz+Vw99Gr/a3rknEce/3vlJ8AS8ZovvzNxczKCeU7JSIiIiIiicTh6G0EVpeWz1by3y/V0Mo+6i2LuWNy39dOOvtZtgTPM/6382a4TnfGx99IwK6RfF3Le/QYyddVXuCRhfRZns98w6tePiMefed71vcZgek73ycB5hlZSI/yeo7ADFCfILcr1HYKPALT2Wd5MdFOffVbCNsVajv15/sdqLyw2ykI9ooPaXv6+7T8xw3YS98OvgCJkCa2vPISj/+5699LnzV4zW9kw+s1DC/O51QL2A5s52c/X8Oe7EKm5IHtRA3PvbAB7zUo285TB4ZxTnE2mbZmyt9Yzm82He/50R2f8fh/vs7aA82kjRnNjKJMqK9h+e+e5YX9k7l+YTbQxqZNn7mX38aarXZImcD8GcOoWfs8v3ijhoacfGaUjKbQVsOyX7/IRx3ush9ew6ZDFgqLxzFjwjBqNr/OL1ZUBdU6pa90bSu2etb+eSMHUvMpKRlNYYprmeFjxjGjZDzDe90e71Ib2fBKBYdJJjNjGJ6/rZb9nZUtORSPSQZbM5ue/jO/2NjKaZOzycTO4c1vsmyXa9GGsgrKWodRXDKOGcXZpNXXsPzxtykLVLeg2r5bXV+ooHnsaMZngO3EQZ7+v210BNWKIiIiIiKSiBwOR98L1W3gD8tqaAWgnfJlL/NOXd+r2ftTtoTEk1Q1DNel166RfO6RdXglnrxeey/v0f2lV3nd1+983f3z/JXnM9/pVS+vEYHd53vWd3qV022+z4hCz0hIepTn2S7vEZj+6hPkdoXaTt3X99tOAcqLiXbqq99C2K5Q26k/3+9A5YXdTiFwHPyMlodvpfnBq7FXfhR6QRIiO1UV+9hS2vWvtLrNZ4kp/3Ar3771ZpbOcf+1sOgS/u2eG/j2HWe5knUHjuKTqswo4nvfv5l77ryLX37Z9birvZs/oftxsWHLJra0AhNm87NvLeaee+7mgdlpQDNrN3xG1oVnMwVo2bqdjzqgYfMnlAOFC+dQTBXrNzYCyRQWJAMWcrPTgBo2lbbSUbqdLa1gycsh1wKkZpKfAsdKy9kTROtkzr6Rn91zA9/+l0uYAlDfwLHMYm64dS4zMl3LFF56A/fceh5ZfWyPt1MvvZHH/vM+Hv7JVXguys+Ywr3fWsy935pNCQDJzLvzLu698y4WF7v7ar8rOT3myhv59rWTOS0VsAwjKwVoPUpVi/+6jQmy7b1NWfJV/vXOxfzrnVPIBKg/3qMvRUREREREgtZawdNP7OSQz5snWfXESspaB6lO0nX5v2uEXedIwL5G8nWODPTKEPkZyddVXqCRhX2X51OfgCMeO0cGepXjZwRm1/qBRhb2LM/fCEy/9Qlyu0Jtp95GYBp9lBcT7dRXv4WwXaG3U9/f70Dlhd1OYXB8voXW33+VlG88hvnMi8IvUPopk+vvv9vPPVVrPT9ZU9zDHlPcu1Zrsmd0pWtq8x25OHYcp3XOLxjBqdRw+FAtVa60pEdzi+um5cPHdj0Ya8yEHNjYDC1NdFinc83sjyjfWMObm8vYs6EeyOfyC3OAQxw7AdDG3tJ97PUq91hjI3U0uWpWW8OWWq+ZrQ2+o2r7kJaR3GObA+lze+i6Zv7UMYU9y0s143pemNn9RrIrWQqeZTuwAVW89J8v8mZ9EBsSRl27+t9MGtAY+seKiIiIiEgCMZlMgUertlbw3CPvUt7mZ15bDc888jq333clxSn+Vzeb9JCqaNE9VSNVTpDbFWo7dV8/YDv10W+D1k59lRPSdoXWTv35fg/oPVWD4PyilpZf3kjykv+H9Yql4Rcog2P/PvZQzGlAx6Gjrvt7FuRRCJ57fQLkZg4DGjm2v4ZmCkkDampdKbvUjCyswGmXTqFw4xaqXllNFTB89mzOswKkkJYCtGaz+Md3MT/TtwoNm1yJydRzr+R3N02O5tYGtT0RceQzSusByziW/vsNnGM9xEv//lf/SdYA94UfsLqKiIiIiEjCMpkMAl6lX1dFRVMvKzfVUlEHxaP9zzZMYVwyK73SSFWNVNVI1V6+37E4UrWrEg7aXvgZplFFmM+eF8GCxT/XPVWrUr3eyili8ZV5oRd5ooKH/rORc/JaqShzZfoKS6aQ220xa8k0Zqx4nS27N/Kj3+6lKLOJirJGIJNFl050LZR5HpcXbeGPFQDZzL+00L32RC6/NJNNb9Sz7Od/pKw4h7SWBsp2wzU/vIv5M2Yy4/XX2bL1db5T+wlFOVC3v4bDEy6PWpK17+2p7auI/hlZyGkpf+dw6z6WP/USm1pqXElWjzxOG2OGWjulr/yJR8sKuPjaaYNTVxERERERSVhWiwWbze5/5uj5/OzH88MqW6JD91Tt7z0wvUdg+qtPkNsVajt1X99vOwUoLybaqa9+C2G7EuWeqn45nbQ8+nUcNbsiXLD01POeqlvKamgOp8jsccwf08THZfU0WswUXngl353nJ0lrncw937+SeWPSaD5wkC1l9TTnjWbxN2/2uh1BCkWTswFIPXemz4jU/Hl38qMbRlNoaaS8dB9bdjeSO3kip1n9lF16kCpymDE5jGRxX/q1PZEwmcX3nMWUDDhcsY89mROZ2W2ziq67luuL0rCcqKe0tIGObiN5B66uIiIiIiKSqKwWc98LxWDZic5w/m6YE3Bf6uw1cNHplcDyM5KPACMLPS99ygs8spA+yvOpj+FVr24jHn0W8DsC03v9ztc9RxbSozx8KuK7vv926s92hd5O3XrQXzsFKC8m2qmvfgthu0Jvp/58vwONVA2znSLMPOk8Un+0Muj19u87hGEYQf0DAr7u/Nl72tvPvb3XH6lpcfoXtx3LuPvpg5B3Fg9+/zLyI1JoFS/8+4usrU9j3r98gyWjIlKoiIiIiIiIDIDmllbaOwLclyxESVYLaakBbrY6AFqaI7s9sSZ2RqpmjYXMMT3K00jV4EdgBiovJtpJI1Wjwl75EbZtq6JTuMSF5i0bWVsPFJ3HDUqoioiIiIiIxJWU5KSQBxz5YxgGKclJEStPehr8kaqFF2Fa9D+QNda1YsN+HG98Aw685yk2pBGPGqkauN80UnXIjVQFMI2eTNrP14Kp/0P7NVJVREREREREJDZ0dNhoammNSFnDUlOwWgf3d2aNVO1jJJ9HKCMw86Zi+tLzOKvew/nMLBxPz8JZ9R6m65+HrDE96qORqj3X73q77xGdMdFOGqkaNY6Dn9Gx7rnofYCIiIiIiIiIRI01Qpfrp8VAQjUReJKqrpF+uEfq4XckYNdIvq7lPXqM5OsqL9DIQmP6Uqgtw7nqGziP/B1qd+B84xtQW4Zx0QM96uMa8Oe1vmfEo+98T318RmD6zvf/tHZ6lNdzBGaA+viMmCSi7eRdXuARmM4+y4uJduqr30LYrlDbqT/f70Dlhd1OUdKxcVl0P0BEREREREREoibJamFYakpIV3QahkH6sFSSlFAdEAM3UjXlFJj5A0yX/w9Mucl1uXDWWKja2KM854GNrnmAaeotGFc8humiByApSyNVNVJVI1V74di9HWf94eh+iIiIiIiIiIhEjdVqISPI5GiS1UJmehoWc/9vCSjh8fSOa4Rd50jAvkbyed/DsrMA34J9yks+BePW98AwoPbvGIv+F2fe2Tgb9nseTuVdnpF3Fs6G/Rjzfokx9RbX/VXHzMGYejP2P12E0dbY496cnfew7LpXJz1GYBrukYOmcXMwXfu/kFHgXWM4cRjH5t/j/OAxmHojlisfxln+MvaV38R89e8wzrwG+1s/xrn9GZ/yjKQMzLf+7f+zd/9xUdb53sdfM8wAgzEoKiqKGrINu2BBCmelxLW01H7o0e7VPFmxZ/G02l3di251Kre13VNtsmfrkdrJ3UOubklHvbPVtCRN3HAPaGrCfaT1N4o6KsaY/JAB7j+G379BhkF4Px8PHzLXj+/1va6Zz1wzn/lc3wtD3+E4NzwBx3d37Dg1W4FZd6zPBs9gnQpMQyvttfc41bTXqAKz8XFvqlLV0Ki9xmOqNupPB/ar48ep9dd3c+1d93FyI+dXn2K++zH3b0hERERERERE3MJoNOJn8cXXp4IyZzllTieVFZWUV1QA4GU0YjAaMJtMeJtNHapsletTk1R1VdJVV+o1SBA1elxdmVenpQaXNtdrL2IuGAxUrI7DUOqAiLkYpr5DxbppGOd8AvavYd9K1718xi6A791H5QfTMD78CRUb58LfN4NPX4wJf8V46z9RkbWifmVgJY3+r1eBWVmnP3UrYvP+RuVXKVWJ0T4YY3+GcfxiKq+ca7py0rcvxtEzKf9qdb32DNFzMQweDSWFNXmzjhynxse5zv5Vtddw/Zr9q/O8Nd9eO49T3UTh9Rzv9rTTof3q2HFqy+u7ufau+zi5UcXJbPduQERERERERES6hNFoxMfbiI+32dNdkQa6pFLV6NsXSr51VZhSicFxyrWQ/RCVW5/AcNfrcNfrrtZKC13jqhZWLVP6rau9km+htBB8AtpW8dhKBSYAzhIqvl6HAQMVlZXgY8UY/wsMw8dReTqrwQ65/jMMuQ3D7Y9RsW+1qz1zH7wi/xG8+0BJYU1iUJWqqlT1VKVqZaHd/RsREREREREREenFuqRSteLvf8E47nmIew7Dqd0YJr4GFw65kqT2Q1R89jSGvqGu1S8fg4K/g+MU2A9hvPs1KtKexTg8HoJGU7lxbv3+XEelanU/a8b4vFbkmmg0N12pWnTJNTvyH6n86k9QWYlX1BwMA8PBcQYwqFJVlaqer1S9mOfeDYiIiIiIiIiI9HJdM6bqhWwqPnoY412vQ9y/wpEtVKQtxjhnC4SMr2mlXhrz1G4qNs/HOPkNjHO3QuEpKjY+TOW3J9tW8diWStW6+9n/FozffwAqK+D8oap26i4IlJdScXw3xu/dg+H2R6n8ajWGyJlQdInKK2cxBIaqUlWVqm07Tm5UcUFJVRERERERERERd+qSStVKHyuGoNFUZq+tmW+cuQ4wULn6Dirth6oSU1Uzg0ZjnPYOxvv/g8pvtsDJdMCAIWg0nPqSypJvO6VS1XDzjzC9VFjbaWcJlV+vo2LvHzHeOrv+kapqp/Lvn0HIP2CMnEml0YQh6AdU7HsPQ3B01X6rUlWVqp6tVBUREREREREREfdyf6XqwEiMsz+BUkftOKm+ATBwNBXrprluUtWwPfshKv76bxhnfuC6sVV1+32HYxi7gIr376fy/NfXX6ma9zfK9/2na7/Kiqg8thNKr9TpT90dqmr2uwtU/H07xtEPYfAfDFcvUPHVWryCo6q2U724KlVVqeqZSlVDQJD7NyIiIiIiIiIi0ou5vVLVGPcC5P2Vyk1za9cPudOVaKWFis5SVwVpxV9fhVO7qcrUYZz1AYbxz8OGudddqVrpLIHsD6mo3u8G7dRT0w5UZP0B46i7IPBmKv76eyovHaE6IahK1etsp0P7pUrVuox9lVQVEREREREREXEnY/Uf1ZWZlVUZn5Yr+WqXr9FEJR8AYfdRmfPnBu3VXa2Z9ho07Kr0g4qv12L43n0NKh5r59e000QFZr35dfpZW1lI/fYadsNQVYl6IZfyjLepyPoj5QdTaxJ1rvVa2a9mjlPLFZi17bVUgdlaex05Tk1XYNLouDdVqdqwvcaVqs0/L+3Zr44ep7a8vptr77qPkxupUlVERERERERExL3cXqkKUFla2Hj9mtWaaa9ew3Xau+aoeXy9laqttdOoG5W1laiV+96rXa/OHqlS9Trb6dB+qVK1Lq+wMe7dQC9z/sK3nu6CiIiIiIiISKcaNLCvp7tww3P7mKpULdVypWoT7TVouHoMy5pEbb2Kx+rKwDrtNFGBWT0GJifScf7++y2OgVlxcB0VX6fWrF++6amaStWmxgp1rp5ep2Ky/cdJY6o2fZw0pmr7mX44w/0b6UV0ohERERERERGRhmou/6+uzDTUVFzWSThVV/JRWW9+PQ0f1h27tFF7dVdrpr0GDRtqSkDr9K9O5Wn1/Jp26lZONjG/XkVhTSUkjdqrnxluPL+p49TifjVznJo6zk211yjvXDPZ0Gp73eI4tfa8dWC/Onqc2vL6bq696z5ObmIcdTsGjakqIiIiIiIiIuJW7q9ULS3EGDGXiorq9sEwcDQAhqDR1I5hWX99Q5BrGYIiobKC6kI/Q+TDUFp4XZWqbqnAbKZiUpWqqlTtykpV05gp7t2AiIiIiIiIiIhgqHyrT1Wax0D9QR+bTlzVHRO1YSK0fsKoqr2IRzBMfA18Ajqnx6WFVKQ9B4ferz92ZVV/DIY6/aqXMDQ0WMDQRCKsdnbN/tVJONZUytYkJGsTZ/WPU/0C0DYdp2YSfA3ba7x+nf2jspX2uslxau15a/d+dew4teX13Xx7nXCcOplhQAh9kv8GRq82r3PyRD4Gg6Fd/4BmH1f/Xff/lv5uaVpbWPxMrS8kIiIiIiIiIl2uuMjp6S64ldsrVStz1kLOn5utLGyYMGvYXlOJwDZVPKpStfnnTZWqPbJS1efH/9quhKqIiIiIiIiIiHSM28dUbesYmG0aU7OyTr9aG5uzbqloE/M1pqqHjlNrz1sH9ktjqoJxWDimcf/onsZFRERERERERKSemqRqZdW117VjnLZUyVe7fI0mKvmq22u+spBW26s3v9mKx/rza9ZvUIFZd37TlYU0aq+pCswm+9PO/erocWqpArO19rrFcWrteevAfnX0OLXl9d1ce9d9nDqT7034/myFGxoWEREREREREZGmqFJVlaqqVG3h9d3tK1UNBixP/xHj8B90csMiIiIiIiIiItIcVaqqUlWVqi28vrt7parP3F/hFTmhcxsVEREREREREZEWqVJVlaqqVG3h9d1tK1V9b8Ly/HrMU+Z3UoMiIiIiIiIiItJWqlRVpaoqVVt4fXfHSlXD4FH4Ld2G1w/uvP7GRERERERERESk3UzVf7gq6aor9RokiBo9rq7Mq9NSg4RR3fYar19Zs35r7dXtD3UTV/X+p9H/9SowK6m3vlvaaed+dfQ4NUrMNXecWnnePHacWmunQ/vVsePUltd3c+1d93HqAEO/IXjftwDzXfPA7NuxRkRERERERERE5LrVJFVdCaXqSsDWKvmqKwPrXMvcRCVfbXvNVRa23l69/jRb8VhdGVinnSYqMGvXb66ysHF7TVVgNtmfdu5XR49TSxWYhlba6xbHqbXnrQP71fHj1Prru7n2rvs4tYNX5ATM42Zgin+4/StLJ8pmedKnHGgwdfC0ebxyd1CnbGF/SjIbh3dee+2TzfKkL+DxBBaO7lM7+fx2XvptATOTZxPtgV6JuMX57bz0268512By1ONJLBzdGRuws/X1NRyb1lnttVOLcZvN8qQ9hP4ikamDPNA3kU529vNVLPnE0WDqMBZ01nmru58Hz2Ty7g6YMi+W4U3Mvrh/AyvWnyCvBDB5MXhUBI/MmYzNCoWHt5F6dBiz74skoMWNFJK9JY3cUZOYFd7ykiLX4/o+C3f03Kvzooh0nCpVVamqStXuUqnqZ8UYNAJj0EiMg0PxCh+HV/gPVZXarViZ2aM/cJVy4L332dqj91GkWicmXUTEsyLvZVVCpKd74RkFx8k6ADFNJVWPfMTS9aXMSnqaCYEmoISz+7fwl9XWQKkAACAASURBVOwCbHGBFJ3JIyvbiwdaTaqWkpd9ggO+pcwKd9eOiIiI3HhM/O/vmp1paOP/rWlrO21tT0SkW6mqYomadpW0Ty7jNPVjZmI8hVs28/mpckxBNp75+f3YzFW/oEfGUJaVRc4VsNpieDohnuHmBm0WHCRl1U4y7OVg8iNi+nSeiQvgy3ff4S9BP+a1GSGu5c5s47kVJTzymxlEOg6zZuU20u3lYLISnzCXeeF9oCyPtJTNbMgtwlnTVnATO+JHVCRsfOsjQn8zA1vD2WV57Fq7nQ2HL1PsBFOQjYVP3U+kpaqywP9WQrO/JuMKWMdO4umww7y5/jQOpw+3zPoxi+OCACen0j/kzS1ncThd+79ofjxDOv1JEemgQ6kkftKHmcPz+HhvEfiPJCFxJFmrvuDAFbCOGs+iBbEMqY77WeVkbDqLAz8i7rufhfEhNAzni/s38Oa6E5xzgqnfEOYkzmXCoDzW/fpDzt23kGeiXT+ele1/nwU7hrEsKR4Ob2ZZSq5rnTqxRnNx3oKzGe+zbNNZHE4vbh4f1qh/Ij1Vm89NVXE/e9RZNuxx4DRZiU/4MfMaVWVe5djnm1j+mescZgm2MX/B/UTat/HcWwXMfG0usWaAEjLfXc628ASW9NvetvcUaDa+XfsRwy1HvyLdXl7zntA/o7ZKd0VScqOrZy6evECxZSS3BFbX0fgyJHoW86uOzYpsgK9ZkvQ1UY8n8Yh5M8vXH+H45bqfPQpqr9T5ZA2JnwxjQfJEztWrCKxbIVhA5gcbSNnrwIkX/W2387TO89IBzb3ua86Fq7aRkV+O0+THzfGTWXyftXblhhXmDR63dF4sbO78KyLSBFPri4iIiIuDjb9NZmPN46rKVQDOci4wgZXJARxb/zavrtzJzF88w6qqxMmGrPH8a5xrrQOHS3nphSSeIY8Nb33IsvXBvPVwWJ3t2Nm6Ko28yB+z4r4QzI6DLH99IylBT5IQP4rUNfvInhFCJJCdfhhiZhGJna0rt+G4J4FV0QHgOMjy1zez/zfTYe0Gdg2dxVvzQzCX5bHhd1vYOqqpalQTodPmEvdJCstTsnktIRK/urPNA4mYNou4hADMOMle8zapGXYiq77AnTtaTuILSSQ4M3njxTSWldzLa6/Phqz3efqjDHLjZhB6aAPL9gSy6NdzGW52cmpLCis+D/fQkAfSu51mRVJyncd1KlftZyl6JJGVD5fy5Yp3WLXCyYIXk1jIPn7/4m62HYklwd/VRs7lH/Pa6yFwZjuv/m4Ta4OfJKFuOJ/fzptrC4j6+dPMGmqicH8qL731EYN/M4Op8f1YtCOTwuh4Aihg146zRNw1k4Dz23lpzVUeeCGJWCuuddZl81ZCUDNx3kLF7ZltvLnhKnF1t78bemlNn/RU2Z+SmPRp7eM6lattOTfZAOwnyL1nHisfCnDFyaoNDP/lT5hQZzNlhzbz+x1ePPJCErFW1znslXfTWfZ0LJOCU9i2p4DY+EBwZLItdwhTEgLhMG17Twlr7jw+27UfhwuY/dQzzLMWsDU5hY0ZcSy5O5FVQakkvkeTlfcD4sYRs/tTlr5+gQnjIogeFUbo0D6YgeiEJJZ+voole0ey9NnJVUndWBKevZ8hZqBgJ0t/s5v9cbNZmBzE1tfXkDG2OmlrZ2tzz8XhnazKHcLzyYmEUsKp/Ueu99mVXqyp133k3U62rtxCzvD7eC0pnICyQnLzS9v+g2FL58Xz21nW5PlXZ00RaZqSqiIibdbM5f/nAYYQE+2qaLH084GgkUQNAgjBNhRyiktrFo+IH19VmRrCrLuGsW3Lcc5SJwtTkEOWvR8TxldVvFlvIy4sjbXZeTBjDHGWD9l1CCLD95G218qkX4ZAwU6y7OXkrf0DiWtr+xt6/gR52eWc40MW7KjdRJQdaPIS/z5EJ8zkXPIHLPs8kCX1PkMWcWzHR6RmX8ZRUjXJaQdcCdH+kbe69svshx9gG1uVlB0+kMElBRQBuQdOU2w/zSvP5dQ2G1nbhkjXaeHy/34jiRtqAkz4WYCwCKItACHYgso5Vgz4Awzh7nuq4nToZKZEfs3G3HwIq/14dTH7BOeG25g01DUtIDoC29ov2H8S5oy7jYhNX5FxPp6pzkzSCkbxSLQvFz8/wbkSB6t+lcyq6oaCAjlbcKGZOKeZeIaLh/O41Gj7ezp81ES6pRYu/2/LuQkA/zCmVp3HA6LHM2HLB2QfhQl1LuzIPXAaIqcTawUwMXzsSAbvOE12WTwT7hpC6mf7OBs/mbIdOVwcO7GqapW2vacU5DQb34OB/tGxRFoBAhkcCHmn8oHAlo+LJZL5L4dx8WQuWVmH2ZC+k7wrViYsmM2cEY0r3IsuHyR1ZS659lKcVds/18L7S5OCQ7ilOJN169N5MCYSW3SkquOlw5p83RdcIMtuZcLj4a5hK8wB2EYA2NvUZkvnxYvZzZx/iVS1tYg0SUlVEZFO0uEvDc5yitu8cIirum3PPs5ePkiO7TYWWoECACszX0hkar3vWId5F4hJTGJ+m8dBC2bqgns59uuNLGdknaZ2siq7D48/+yh3WE3kfvB7lpXUzjb7tvGUEnUfq+ZpUDbpxq4jA1BWVk6bP16ZxzBp7G7W7skjpLi66hwuAgTfzqtJExlQd/mCnTQd5yLSnDafm5pQ5ixpfaHq7UTfTtz6new6GUJxFsQtqHOea/N7StPxvZ/r2Q9fBoy4jakjbmMqcGrLSl5Zn8mkpIkNlitg1/qvuRT5Y966LwSzI51/+1VuG7dRSmH1BxlrLIt/bePY0YNkfrqB5ScDWfjyLCKVWZUOuJ74raekvPYHlNY0df4VEWmG0dMdEBHpbXLSd3OqDKCAtPTTWGwjCa27QGAEMUGX2bU7jzIAx0EyjvgQGekaRzVg3G1E5O7h1U9LufveMa7vaoFh3NLPQcaOIxQCUEhuVjZnGUmUDbLTM7lYBuDkYtY+Wv2aZIlk4VM2Ln2SW3uHdJMXFsBsNkFxNmnZ5e3ed1vkEDj8FbsKXDUwZQWZfKkrA+WGdZbPP6uK04J00rK9iAwPqbfEgMiRDD6VS9oZ12u+cH8Oub7DiB7hmh8ZHw5Zm3j3QBAP3Otad0B4CP3zj7D1iCuacRzhy0P2FuK8eQPCQ+jfcPudtfsiPcmVI2zd74qsoiOZZF3uR6St/s1CbVHDIHsfmQ4AJ6f2nuDc8GFVCcNw7o6BjHfTyBwRy4ND27n9DsQ3AEGB9KeUoiZ+nS06tI01+/MpKquaUFZInr0US/AQBgBDAq1QXFr1w64XfibX/2bgbFYux2s3Qv8gKLp8teqxD36+kHc0z9XsyYMcuFI16/wR9hf4EBoez5z5k4gz55F1sp3HQqQlgRHEBDnI2F0VK2WF5J5sUKVq8cFCAbknAZwcyzqOo2pWS+fFZs+/IiLNUKWqiEibNRxTFddNIdo5zFJUuA8bf5NcdaOqW3lmRsOqzSCmJk7i3KoNLNhRfbOImbXjNJrH8OC4Pbx6MoKpI6rXCWHOgkmkpGzmuaRynCYvQqLGkxjlS+y8mVxas42XnttdddOICBJsgJWWDZrM07PyWLSh6nHYZOZHv8/yF5NJ8R/Jg9HW2i9RbWSOns7zBZt49/U3WVt1055Jc2zQyn2HRTpfwzFVIerxJBa2q41hRPTbzXPPVt2oatp0ZjcM50GTefqRDbz51ptsq75R1VN1bgQ3dDwPDM0htd/t3FF9I4yhU1j0yAZWpPyBxBIw+fYj9qH7iW02zmm+Em7oFJ6e9T7L3nqTbU4vBo8bSUgzi4rcsBqOqVo1vEe7BI3EdvRDfrbWdaOquEdmMckKdS8lMY++n2fsm1j+m2RWVd2o6ukF8TVnsOH3jiFkdwYD4sfUH5O8TVqI75YMiuORca5z83sNhkHwGxHGkA3beG6d6waTmLwICY9j0UNVb1TR43kkaxNvJCUzYNo8XpkTQ+bKD0jc4cXN0yKI4kRNW7HTYshYuZHEPVVDIc25nS9/9yGJu8FqG0VoP9dyZSV57FqzmRWXywEvBo+dxKK640yLXLfqz8mbWZTk+px8c/xkFo+o88HWGk/CtCMsfSuZz01+REQF0r96XkvnxWbPv9d1EYuI9GCGysrKSk93QkQ84+SJfAwGQ7v+Ac0+rv677v8t/d3StLaw+N1ovwvVvTvu9beTe0/tXcNFpIs1vLNwR5Vls/zl3fRf8DPmtLeyTUQ6x6FUEj8JrL1hUweVHUolaVMAi16cwvBO65yIiMiNq7jI6ekuuJUu/xcRudEczmCrYxSTlFAVueEV7snkQGAEU5VQFbnBFbDrs9MMiI9VQlVERKSX8GilalFxKX/5LIMvM3MoLnHdGdvi68MdsRE8cE8cfhYfT3VNpFdQpaqIiIiIiIiIuENPr1T1aEZi3Uc72bM3h2HBA/HzdSVQi0pKSUv/iqtFpfzk4Sme7J6IiIiIiIiIiIhIIx5NqlYnVH+Z9Gi96b9K/hN79uYoqSoiIiIiIiIiIiLdjkeTqlERo4iLbXzb7AfvjSMjM9sDPRIRERERERERERFpmUfHVBURz9KYqiIiIiIiIiLiDhpTtRPlnbFzIOdoh9aNihhFyNCgTu6RiIiIiIiIiIiISPt0SaVqUXEpK1I2kXs077rasY0KYUHCdPwsPtfVTnHJNd5ctYEI20geuGfcdbUlciNTpaqIiIiIiIiIuIMqVa9TUXEpy1akkpd/gaiIUUSN/h4D+lnb1cbFyw4OHPo7B3KOsmxFKosWzL7uxKqIiDtUVlZ2OEks0pPdiLFxI/ZZpCvciLFxI/ZZxN1uxLi4Efss0hUUG57h9qRqWvo+8vIv8MA943jw3rgOtWED7oiJ4D8/2MaevTmkpe/rcFsiIp3pWpmTsjInTmc5Zc5yjAYDZc5yT3dLpNsxm7yoqKzEbPLCZPLCbDLh7d29qs0VzyJto3gW6RkUyyI9x40Qzz2R24/wl1k5WHy9OyUJOmfGRPbszSEjK8etSVVneTmf7dzLZ7v2UlRcym0/COWfHppEX+tNnL9wmf/6yy7+55uTlDmd3Dx8CP8y736s1j6sSNmEyWTiX+bdj5eXEYANW9I5ceoc//ufZ3LkxBk++L87OH+hgKAB/Zg7825+cMsIt+2HiLjXle+KqaiowGg04u1tpo+fLyaTl6e7JdJtVX8hcjrLKS4ppfRaGf43WTzdLUDxLNJeimeRnkGxLNJzdOd47qmM7t5AwWUHIcG1N5i6WODgYoGj0XJvLE9l2YoPW2zLz+LDLaHDuHS58fqd6YsvD7I9fR+P/q97eO2Fn+Lj4837G3dQXl7B1aISRoYM4uXFj/PKsz/By2hkw5bdeBm9GHubjWMn87lYUAiA47siDmQfZdzYCM5fvMwf3/+EW38QymsvJDJlYgxr/ms79ovfunVfRKTzlZdXcPGSA6PRQIC1D/43WbD4eutDnkgrTCYvLL7e+N9kIcDaB6PRwMUCB+XlFR7rk+JZpGMUzyI9g2JZpOfojvHc07k9qdpQygdbWbYitdH0vHw7p86cb3Kd3CO1N7gKGRrEsOCBbutfaWkZXx36O+PG/oDbb/0egf2sTLkrlouXvqXQ8R2hI4Zw/+RxDOwfwKCB/fj+LSO4dNlBSek1Imwj8fXx5mDOUQCOnzyL0WAgwjaSQ/9zjADrTUy7+x8I7Gcl9vbvEzSgLyfyzrltX0Sk85WXV1B4pYi+ffvQx8/X090RuaH18fOlr7UPhY6rHvmwp3gW6TyKZ5GeQbEs0nN4Op57gy4fYMHP4sM3x1zVqgMCa29YtSTpsSaXzz2Sx7KVH/L4nCncERPBnBkT3dq/kmvX+LbwO7YfO832Xftqplt8vfnWcZWSa2WkfrSTU2fsfHe1GIBRI4MBCLD2IXp0GF8d+jt3xEbyZVYOoSODsfr34fyFy+SdsfPMS8vrbS/s5qFu3R8R6VyXv/2Ovn37YPLSL+UincFk8sLq78flwu/qfS7oCopnkc6leBbpGRTLIj2HJ+O5N+jypGrU6O9xIOco763bxoKE6fhZfADqPbkXCxz4WXy4VFBI2u6vANiTlcPw4IH0DwygqLjUbS8GX29v+gbcxK0/COXeiTE1040GA76+3ry7ZjNXrhbzzPxZWP37kJa+j6Mn8muWi40KJ/Orw/z3V//DydPn+encqRgMMGhgP4YPDeKn/zQNX1+f2u35eLtlP0Sk8135rhiLxVsf8kQ6WfWlSle+K+6ycZ8UzyLuoXgW6VwVFRWUOcupqKikvLyCioqOV5sZjUa8vIwYjQbMJi+MxuYvXFUsi3S+zoxng8GA0WjAaDTi62PGYDA0u6wn4rm36PKk6h0xEeQeyWPP3hyWJv+J6NFh+Fl8sfj6EBcTgZ/Fh6XJqwHXC6K4pBSA3KN5LP3dGixVCcm3fvPkdfelpPQalwu/q3lsNBjo08eX20d/j+3p+/j+94YzfNggHFeuknskj4l3RuPr443Z5IWvjzeXCgr56utvCLDeVNNG8OABjAgZzEdbv2TEsCBGDBsMwOjvh/JFxkGyDuRyZ2wk5RWV7M/+O9GR38Piq8SqSHd37ZqTiooK/G/q4+muiPRIffx8KXRcpazMidns3o8nimcR91I8i3SOouJSnJ14p/uKitokTmlpGWazqcXvooplkc7T2fFcWVlJebkrOVtW5sTLy4jF17vZH0u6Mp57E48cyZ88PIUBgVbS0veRlv5VzfSQ4IHYwkKYPeMu3lu3DYBFP/sxtrAQ8s7YeWNFKsUlpTw+Z0qn9OOzL/by2Rd7ax5bfL15Zv5D/OiO27h2rYyUddu4WlRCX+tNTJ4wBoMBZt03nv9Ys5mXXv9PRgwbjC1sOOfsBTVteHkZuSMmgkP/7xjjxkbg7W2q2bfHZ9/LB/93B5u378FsMnH7rbcQGx3eKfsiIu5V5nS2+Gu+iFw/o9HItbJyt3/QUzyLuJ/iWaTjyssrKCoupbKy0q3bKStz4nSW42fxwcur6ThSLItcn66K5/LyCr67WoKfxafZm7p1VTz3JoZKNz+ziUnJ3BI6jMULZzc5P++MnaLiUvwsPoQMDaq3XlTEKBb+ZEbNtP/8YBt79uaw5Ofz6i0rIh1z8kQ+BoOhXf+AZh9X/133/5b+bmlaW1j8uu5kUOi4ire3WZXlIm5UXHKNa9fKCLC6t0pF8SzifopnkY4pK3NSXHKty7fbXCJGsSzScb01nutts8jZZdvyhC75Kaj6Ev6mhAwNwhYW0mSS9NJlR/3HBYUAWCy6C6CIdK0yZznmZn7xE5HOYTZ5UdaJl0U1R/Es4n6KZ5H2q6io8EgCBlyXJjc1vqNiWaRjenM89yZuT6pGRYwiL/8CeWfsbV7njeWpAOTlXyB1006+OXqav3y2h2+OnQaoGRpARKQrVFZWYjQYmr2MQkQ6h8nkhZfR4NbLoxTPIl1D8SzSfp5KwLS0fcWySMf01njubdyeVJ0UPwaA5Smb2pVYHTc2gmHBA0lL/4o3VqTy8acZDAseyLixEXoBiEiXMhgM+kVPpItcKyvv8JAgbaF4Fuk6imeRtnPddKbjdwLvDOXlFU1+11Ysi7RPb47n3sbtAxLawkJ4fM4U3lu3jaW/W0P/flYGBAY0uewD94zDFhZSb/zVtPR9pG76gnFjI/jJw51zgyoRERERERGR7qKktMzTXQBc/dC4piLXR/Hce3TJXV7uiIlgQD8raen7OJBztNFYqdWGZQ/EFhZSb5ptVAiB/azcERPRFV0VERERERER6VJNjX/oCd2lHyI3su4SR92lHz1Zl9062xYW0ihh2hYhQ4N4/cVEN/RIRERERERExPMqKrrHEHfdpR8iN7LuEkfdpR89mdvHVBURERERERGR5nWX+4Z0l36I3Mi6Sxx1l370ZEqqioiIiIiIiIiIiLSDkqoiIiIiIiIiIiIi7aCkqoiIiIiIiIiIiEg7dNmNqkREero97yxlux3AScl3Tkw3+Va9yUYye8lMbG7a7pUDq3n745OUXc92slfzi31j+O1jkY1m5W5cys4hT/LEuMCW+5H7CbsZzzSbf0d6ICIi0o04OZWxgfc+u0Bh1ZSAEbfyyJx4Qi3Nr7U/JZmMsUksHN2BTZ7J5N2TQ5gf1/6b+4r0JkUn00lZ/zXHrlRN8B/Ig3NmMWGoB9IbLcXt+e289Nscivzr9svKg089yoSWP1a3zaFUEvdGsCqh8ed3zyog84OPSM0tqnrsRcj4Kcy/+2b8Wlu12+6TSNOUVBUR6STjnljCOACyWf2LfYxZ8hju/zhwlE82FjP5+SWMbeFL3vWwzVzSpkRtcX4OOYxVUlVERG58hzezbE8gz788myFVkwqPbCfjZAmh4b7u2WbBcbJy/ZRUlTZz7P2QX22+1MIS/Zm16MfE3dRlXXK/89tZllLAlJ8/yUJr1TTHEbZmn4ChYV3fn9biNiiCRc9Ornkf6fkK2PVmCrvCfsxrL4dgBqCQzJQ1PPfBFN562APP0Q3BQcZ7f2bDiRYWGfkP/PLx27G2sIh0PSVVRUTcLTeVJbttvPTTqKoPFlfY/e9vc3n284Ru/wX7Bv4jZTlfkF9chjl4PHP/aSIjLAB29vxhNdvziwEzwZP/mZ+OC6ptt2AP77y9lVMlTnLeWMonkbNZMjOU/N2rWb0znzLAHDyRxx4bT7AZsldXbWvvXzhme4x/m90wVXqKPX/Yyhf5xRQTxNQnnmBcUNV6Y37LY5F2dr6xmss/HEX+X3MpKC7GEvVPPDnTxqmNS0nd+x3f8Q5Ldwcx+ckniLqwkbdTsykGsNiY+cRsIpVvFRGRG0BhQQHmEbfVS4QEhE1mavWD4sOsWZHGgSsAPkTNmcu88D71G2lhmbMZ7/PmZwWUAfgPY1a0gw2fXwDnWZJe/oKoOU8yL9y9+yg3PuvIYIJNl8h3Nj3fNDiYUT0poUoJmZu+pv+sJGLrZpasYUyNA7Cz9fVN8HgiUwc1eMx2XnqvlAmjzrIhy4s5z95P0apNXBw3hG+2HMEy/VH+NdredMweSiVxbyCPlJ1ga34pRViZ9bNHiTj6J17d0sG4rWpzZvERdtlLKep3G4segtSUw5y7UorfuPtZMiMMc4Ntl5kCmTRvOlNHNHi/wcmp9A9ZsaOg6jvArSxIiGf40Y94Kj2E5Pljqr6HFJCWnMrFOT9jTmDL71ErPiugqKqtp+fHM4SrZK9/n5TsUgD8bD9i0cORBNTtxplMtjpjeP6+6oQqQACxCZPIeSGTzLIwYguqnws7aYeLKCr2IWZeg/dQRzpL3yri8RenMLxqUvYHb5MW/lOeiXbTD1seZWVUWF9MJ76lmXAmOGyoEqrdkJKqIiLuZhvP2I2p/O1KFOP9gfyd/NV/Ms8Ew1EgJ9/MS4ufxx+w7/x33vl4OEtmj+Jo6p85O/kZlowwA8Xs/cNq9kQ+wbjqxGTgOJ5Y4l+/KjY3lXdyo1i85Ke17W0MZsnsUQDkHHPy3PP/RqC5iX4evYDl+cU8b4HivX/gla3ZjGs0HMAFjl55jMXPzwRO8vGrH/I3+2ImzlzCE/3eYDWPsXhiEJDPx/9hZ+LiqgraK/nkd/6RFRERcYuA6Diidm/ipXfDmRBvI2rUzQyoOXcWsCvlK0ITn2SeFSCPdcnbyQ2fUaeF5pexHfmIZXsGsujluQwBygryKQwMJnmg67LXZF32Km014E6Snign+e3/1/hz1uAf8PMn7mSQJ/rlNhc4lm8lNKj1JZtkzyNv+lxWPhQA2NmKg5wz43n+9fsJoIBdK5qJWYAjBVheTOQ1CxRlvU/SJ9msTHiUZP9W4taew7KXc+tMGEnCy/e7PrcfKaD/iz/jNYtr6JBXtvyIN1/8GX4cZ83LO8m4K4wJANkXMP0ykdeswPntLF25ndCXZ9S/kuzwZpYdDuOVl2MJAM5+vopl64NJfngMceu3s8sxhklW4Ewmaf6xLBnawv4e+YhV+eNY8vLNmHHt7/KMQhaP2MNa+2288nIsfkDhmbxGu1uWX0BRcFj9RCsAQQwOtJNzEmL9AftZCh9P5LWHgJPbeG5dBmfD61T0WmOZEvQHPj8MCeFA2T7Sjobx4MM9MaHqMujOh/k5a/lt2pVG84InzSTpzp4VzT2FkqoiIm4XzMQ74e2d+Yx/MJjc3TmEjn+Q6qv1b4m6jeo8adDYHxL47zmcBPbmXCAn91Wy67QUmQ8tXYt/9EAOw6NmNtGeK6kacef4phOqAKNuI6qqU5bho+i38wL2Rgv1I2Js9SfZEYQGX2CfHWj04XYgtuF2Nn64E+60ETE8mODmtisiIuJG2evfJqX6ZBo5ieSHwpucVo8lnHnPhlNWcJz9+3NI/XQbuSVBPJI4i1hTNl8etXPpd2+zsWYFK0MKqK0icjS/DFkn6D8uoSZ5YA4MZkAH9oHDm0laV32taJ1EjfQuAyawYM63/HpdPiXV03yDefzxCT0sodoJ+oUxJbxuus+PmLvCXQnAFmLWBhAWTmzV52S/4QMZsOMsZ4ls/bL+li7/r9Pm4OFWBhNSNeZoHwZYyikqrlrOZqutzB0Uy4R+a9h/sv5Xgtz9JwiNnlKTzBwSY6P/745wjClMjYdXd+QxaUYI2enHscVPwc+R3uJ71Nns0zxX70vIWYgZSah9Jymfw6TwCEKH1q1GbQsTluoV+o0krvoFOmIYIfYczkGd4+RLbPww1qbv45HwMRTtOYgjfgah7drejWfQnTN5/PQHvHf4Ws003/CJLFBCtdtSUlVEpAv4/3AiA5ft5eTU4ew+FsG02W1ZK5ip/+fJ2srUztDiu35bTgkm2jZ0qxnbPz3PMwX5nMr5G3/881GGP7aYB0e0aWUREZFOE/nQkyQ/1Pq0ppgDbyb27puJvRuKsv7E01sOEzsd8B3J/IaVYsD+ug+aWSaX9muyv+H3k/xyBxqTHscSPp2nJlVXuPkz7afTGd0j4YaECgAAIABJREFUC/oGEhrsIMsOHcoYN8oAmurfOKmZmOUMgFcHNtgad7TZWMC42xj8eg7H7rOTdvRmZj4MOGjxPSrkvnn8a1zjetP5L4RwMf84B/ak8u7RYBY+O6VeotMcHIhfej6FNKxWtXOuIJCIYKCAJp6LJoSPIW79bjLLgshL92XKs51xd6/uzo/Rc+5n2jsb+eQcMPgHPDUnvI3fv8QTjJ7ugIhIr2COYnxoDlv/uJMrd04kuM6sbw4cpPoiD/vev2G32RjBKKIi7Px1d22t6JWjJ5uoHK1vVFQEp+q0dyU3hwJbBF2Ry+zn348Lp6p7WEyBvQRL4Ahs42fy47FOco+11nsREZHuoehwJpnnS+pMcXLRXkp//z5gjSQ28ARp+6/WzjuSR2HdBlpYxhY9knN7Mjlbvayj0LWuNQCr/WztdJF2GHTnTJ6aYmP6T2dyd2ulzzcsX2Kn38qlDalkOupMdhwhLes4EMTgoFLOXa6afv4gGW39+NmWuG5yvS6I29zc2v09n8ku+zAiG3y4t0WP5Nj+r2v6W5h7mku2MFfC0zyGSaOOs2HVQRzxsa4xSlt7j9pd9z3qCMfOA8V2zhb3YcCISCY9NIW4sjxyzzfo69DxPOCfxZtb8lxjRrt6Q2ZKGrkx44ltV2lrCFPjS/h81W4OjLq9neveyAZx9+P3Mf2H0TylivNuT5WqIiJdxPbDCFKX23nwn+uXnkYEl5H6xqvkFxfjDBzLP/+z6/di28wn+OHqP7J0qesjiTl4PHOHj2j5l13bTJ6wr+btpZ/U3Kjqp4+NctMe1Wce+yBT//Y2S5ZuJGrWTxmy989sP1l13ZIlktlPBkHuRpamwuwlMxm45x3ePngbTz5hI/edtzl425M8Ma43/AItIiLdnV9wII4N75N0sqhmWoBtPIsedt3he1LiFM6uSiFpU/W8H/F0WN27fwc2v0z4/Syyf8iyF34PZhP4DyMhcQYBI8bzyPA/8eoLuYTcN5fFcTonSnv4MeKHd3XJD+keNWgyixLSSVn1NqnVVQT+A5k6fQoA0dNuJW3l70nCB7/gIQzu19aGW4jZlrQWt43GVLXy4FOPusZKbavIgTjXreK5/FKKyvyImz+78VAfVe8rr76cWXOjqqcTwmqbiLuZlLcKmJ1Y3b/W36PefPltV2LUFMikecMIcZ5g49oPOVb18d4vchLPN8r49eGO+QmY12/mpZcdVYlVH0Lvuo8l8a0cyyYEjLsN66ZMbvl5L7tzn+9w4qcMb3058ThDZWVlpac7ISKecfJEPgaDoV3/gGYfV/9d9/+W/m5pWltY/Lrud6HzF75l0MC+19VG2YE/8ErueJbOrr3IJnv1L9g35rc0uh+USC/VGbHWHbYhIopnkfZwXClqfaEuYvWvd1G8YtmTDrluhLXqOm9gV7b/fZIO385bD99gyckz23hunR/PJ8U3cfOr7qu3x3NdxUXOLtuWJ+jyfxGRLmHnr9uvMHlaC3eZEhERERER6VR20j4r4cH7brCEKiXs/+w4tvturISq9C6qVBXpxVSp2nb69Vyka6gaRqTnUDyLtF1vr2xTLEtP0tvjua6eXqnq0TFVi4pLycjKISMrm7z8CwCEBA8kLiaSuJgI/Cw+nuyeiIiIiIiIiNsZjUYqKio83Q2MRl3MKnK9FM+9h8eSqnln7Lyx4kOgkriYSB64Nw6A3CN5fPzpl3z8aQaLF/yYkKFBnuqiiIiIiIiIiNt5eXWPJIyXl5IwItdL8dx7eOQIVydUoyLDeO3F+cyZMZGi4lKKikuZM2Mir704n6jIMN5Y8SF5Z+ye6KKIiIiIiIhIlzB2cDiszualyjaR66Z47j08coTXfbSTkOCB/OThKTWX+GdkZpORmQ2An8WHnzw8hZDggaRu+sITXRQRERERERHpEmazl6e7AIDJpCSMyPVSPPceXX6ELxY4+ObYaR6suty/JQ/eG0fu0TwuFji6oGciIk2rrKzEbOoeJ0aRns5s8sKd99BUPIt0HcWzSNsZjUbMZo/e8gRvb1OTYzAqlkXapzfHc2/T5UnVA9l/x+LrjS0spNG84pJSvjl6uuafLSwEi683B7L/3tXdFBGpYTAYqKisxOks93RXRHo0p7OcispKDG68ZErxLNI1FM8i7Wfx9XZrzLTEYDDg6+PdaLpiWaRjems89zZdnjovKi4lJLjpm0/l5V/gjRWpNY9XJScREhxEUXFpp22/uOQab67awNET+U3OD+zrzzP/8r9YnboNgKcTZ2HxbfxiFJHexWzyosxZjkm/oou4TZmzvEsqVRTPIu6neBbpGD+LD1eLSjyy3aYolkU6rrfGc2/S5UlVP4sPefkXGk2vvllVQ3n5duJiIztt+74+3ixMmIGz3PUr2J83pFHouMo/z52Kj483RqOBm/z8WJgwo2Z5ERGTyUu/nou4mdNZjsnk/o8mimcR91M8i3SMl5eRPn6+FBWXdsklugaDAT+LT7N3CVcsi3RcV8cz0C3iuTfp8qMZFfk9Ujd9Qe6RvHpDAIQMbVy9mnskj+KSa9hGNR4qoKMMBvC/yVLz2NtswsvLSID1pnoVqXWXERHxNpu42olV8yLSWEVFBT4+ZrdvR/Es4n6KZ5GO8/Iy4n+TheKSa5SVOd22HW9vU6tFRIplkevTVfHs5WXE4uvd5Diq1boqnnuTLk+qDgi0ckvoMFI37WRJ0qMtLrtu005uCR3GgEBrF/Wu1rtrNgMwf979/OWzPRzMOcqw4IH8977/wdvbzOOz7+HSZQebtmXgdJbz4L1xTLkrFoMBSkqvsX5zOnuycqioqOSO2EgeeiBeVa8iNzCz2YRXaRlXi0ro4+fr6e6I9DjfXS3By8uIdxcM6q94FnEvxbNI57D4euPjbcLprKC8ooLy8goqKio63J7RaMTLy4iX0YjJZGwx+QKKZZHO1NnxbDAYMBoNGI1GfH3MrY6T2pXx3Jt45GgmPDyVpcmrWZ6yiYQ5UxqN91BUXErKum1cKihkYdJjnuhiI6fzL/APt3+f3zz/E/7rL7t4509/IXr091iS9Ch7D+SyPX0vo38QytDBA1j/l3Ryco/zf/7lIfxv8mN16qdsSfsbs+6L9/RuiMh18L/JwsUCBz7eZo33JNKJnM5ySkqvdemPqIpnEfdQPIt0LqPRiLd3l99fWrEs4ga9KZ57C48kVQcEWlm8YDZvp2ziuV+v4o7YiJqbV+Xl2/kyMweLxYfFC2Z3myc9eMgA4mIi6OPny9goG//vm5NMvSuWgf0DGP2DUD7btZfzFwrw72MhJ/c4900eR9jNQwGYevc/sPXz/6a4pBSLb9MDBovIjaFfwE0UXrmK9SY/fdgT6QROZzmO74rp1/emLt+24lmkcymeRXoGxbJIz+HJeO4NPFb3GzI0iF8mPUpGVjb7Dx0hLf0rAG4JHcaD944jLiay2TuWeYK32VTv8ghfH2+s/n0A6OPnW1NCXXjlKsUl11id+imrUz+tWT6wrz8lpWVKqorc4Ly8jAT49+Fy4XdYfL11eZLIdfjuagklpdfo1/cmvFq5BNEdFM8inUfxLNIzKJZFeg5Px3Nv4NHBFPwsPkyKH8Ok+DGe7EanCvDvg8XXm+lT7iAqMqxmutFowL+Pnwd7JiKdxcvLyIBAK1e+K+Zbx9Wqcam8MJu89Iu6SAucznLKnOU4neWUV1RgqoolT1I8i3SM4lmkZ1Asi/Qc3TGee7ouS6qmpe8j9+hpijt4Rz+LxQfbqBAmxd/eyT3rXFb/PkTYbmZXxkFGDBtEv77+nLcXcOFSIXf+w2hPd09EOpH/TRauXXNS5izn2jXXwPpGg4EyZ7mnuybS7ZhNXlRUVlZ9ITLh62PG3I0Gylc8i7Sd4lmkZ1Asi/Qc3T2eeyq3H+Gi4lKWrUjlYkEhUZHfo6iohIuXHdwREwFA3hk7B3KO8sA94wD4y2d7iIoYRchQ1xirX2blMKCfFYuvDx9/+iUZWdksWjC7Ww0NUJfBAA89EM/6zekkr/yQMqeTgf37Mn3KHZ7umoi4gbe3CW9vE+B6T6qsrGz1zosivdGNEBuKZ5G2uRFiQ/Es0robIS4UyyJto9jwDENlZWWlOzew7qOd7M8+wi+THsXP4sPHn2aQeySPxQtnA66k6tLfrWFhwnQAlqdsYsnP59UkVd9YnootLIQH742jqLiUXyX/iejIMObMmOjObov0CidP5GMwGNr1D2j2cfXfdf9v6e+WprWFxU+/vImIiIiIiIh0R8VFTk93wa3cPlLt/uwjTI6/vdnK0urk6fKUTSxP2VRvWkN+Fh8mx9/Ogewj7umsiIiIiIiIiIiISCvcnlQtuOwgJLjpJCnAxQIHALOn/4jZ039Ub1pTQoKDuHS5+fkiIiIiIiIiIiIi7uT2pGprLhUUAjApfgyT4sfUmyYiIiIiIiIiIiLS3XTJgIR5+Rdqxky8dNlBcUkp3xw9DUDG3hwsvj41jy2+PmTszalZvriklEuXHTXz8/IvdEWXRURERERERERERJrk9htVJSYlu6XdVclJbmlXpDfRjapERERERERExB16+o2q3J5UFZHuS0lVEREREREREXGHnp5U9fiYqiIiIiIiIiIiIiI3EiVVRURERERERERERNpBSVURERERERERERGRdlBSVURERERERERERKQdlFQVERERERERERERaQclVUVERERERERERETaQUlVERERERERERERkXZQUlVERERERERERESkHZRUFREREREREREREWkHJVVFRERERERERERE2kFJVREREREREREREZF2UFJVREREREREREREpB1Mnu6AiMiNoujkdt5dk0PO5XLAC2twCLMTphMb6Nm30rOfr2LJJ1YWJM8murMbP7+dl357grhfJDJ1UJ3ph1JJ/CSQpc9OZkhnb1OkKxxKJfE9Wo2b/SnJbBw+j1fuDmphqWyWJ33KgSbnDWNBcgQZSZ9ybto8Xrnbh+wtaeSOmsSs8ADAztbX13BsWhILR1/PDon0VgVkfvARaw9cptgJJl8/bHdNJuHuMAJaWq3N57FsliftIbSD58H65+g8dq3JhLtmMWFoO3ZRREREuiUlVUVE2sKRzu/fOkHIzxJYFRYAOCk8spO1e04Qe1+YR7s25O5EVt3tzi042PhWKoNfnE20xZ3bEblRRbIwOdL1ZzM/RERXz8dOXvYJDviWMiu8yzsq0uPkfvA+a6/EsuTXsQwwA2X5ZK7fwwFHGBOsnu5dw3N0IdkHTkAUSqqKiIj0AEqqioi0Rf4FjmNlUlh13YuJgLDJLKzKpzasZqt9jKsKLTKGsqwscq6A1RbD0wnxDDcDZXmkpWxmQ24RTpMfEdOn80xccFUFTB9mjzrLhj3w4CMh7FpbwMzX5hJrBigh893lbAtPYEm/7bXVMsXH2bpmGx/nFuE0eRESM4VFD4Xj19z06iq56v6NuJdVCZENdn4gUWEXWPFuOsuejm9c+eM4zLqUnew6VYQT1/4tmh/PkJq2b6cw/SuOO724edr9zLqSzu93X8ZpsnJ34jzmhPk2fxxEusRVjn2+ieWfncXhBEuwjfkL7iey+keEy4dZ8/r7pNvLMQWNJCFxFrGB7Wm/uhr1XnivqqL1kzUkfjKMBckT6y/qOMyaldtIt5eDyUp8wlzmhffplL0U6XkKOJZfil/4MFdCFcAcTOzDs1x/n9/OS78tYGZ1RXrDx5SSs34VS/c4cJqsxM2ZRUJ0u4Lbpd4529VWTexWV7Q+Dit++zXnAN5LJjHoVl3tISIicoPzeFK1qLiUjKwcDmQf4dQZO8UlpQDYRoVgCwth3NgIBgR2g5+ZRaR3Cx/HzOAPWPXyf3JgfCRxYWHYRgRibn1NAA4cLuWlF5J4hjw2vPUhy9YH89bDw9i/dgO7hs7irfkhmMvy2PC7LWwdlchUAPsJsu+aSfL0YPzMBZh3pJCRXUJstC84MtmWO4QpCYFwuHY7FzPS2Ogcw5vJsfiVFbI/+wJmSti/bhNbzRN5Lfk2Asry2PC7D/l9RhD/GlfdvyIWPfUECwObSt74EJcwk9DkD3jz8zCW3N0g2WkdwqQ5CcwZ5AsUsDU5hY2H4msuZc61B/LK60kEnNxM0lubSJ32MCuTgzn20Upe3ZLJ1KdjOdbccRjUqDMina7s0GZ+v8OLR15IItbq5NSWFF6p+hEB4Nz+szzw7DPMs14l94M/sWxNOramfmBoVSQLk4PY+voaMsZW/whjZ2vNfDtbV27DcU8Cq6IDwHGQ5a9vZv9v3DC0h0iPEMiEe0aS9t4HvHQmggkxYdwSPpLhljZ+xbGfIPeeeax8KICiIx+xdOVH7Br1k45VuNrzyJs+l5UPBXDx8//k+S2ZTA2fyIDq+YMm80ryEJYnfQqPa7gPERGRnsCjSdWPP80gLf0rLBYfbKNCiIocRUhwEBcvO8g7Y+evmdl8/GkGcTERzJ4+ET+Ljye7KyK9WjBTk55mwpkTZGQdJG19BsvtPkQ+NJuFMa1XtUTEj3dVphLCrLuGsW3Lcc7iJCu7nHN8yIIdtctG2av+8A/jwZhg/AAIZMJdQ0jdkUlhdDyFO3K4OHZiVdVqrQEjhmD97CApn8Ok8Agio8Mwc5isbIj+2W2uJJA5hLixVrZlH6csLqSqfz/CFujb8v4vuJdjv97I8qAEFtadVVxA1qZtpB0twuF0TRpst9fMtkVVbdfXBz+sxES6krKhowIht5QiTjR/HJRUlS6Qe+A0RE4n1gpgYvjYkQzecZrsMvADrDFxVfP6YLsrjP6/dc27o62/qrRVQQ5Z9nLy1v6BxLXVE62EnkexINIMv9GzSH6tgGPZ+/jyQAZp6zZRGBzB4vlTCG1tZf8wpka7fh7xC4slpt8H7M8tYUJMS+fDZvQLY0q4q60BQX0g304e1CZVRUREpMfxSFK1qLiUlHXbyD1yiknxY3jw3jiKiks5nX+BU2fsDB8ahG1UCHNmTOTLrBw+/jSDZStSWbRgthKrIuJBJvyGhjFpaBiTgLL977Ng7U6yY2Y1WK6EorJWmnKWU1z1Z0xiEvMbjq14CLB4UXcIU3P07cSt38nWMzfDAYhLbGJAxrD7Sf51PrkHcti1PoXfOyNYktT6xYVm3zZ8gbREsvCpsyz93ftsja8t47mYkcbGyzfz0q+nMNxcyK43/0Ba3fXaeKZp8jiIdEtemDs7oVrDyswXEpnagSuQRXotcyCh0ZMJjQbIY8OvP2RtRixLGo5mU1JOUWtNmZo6H5ZSWFJ/ylm7A3yHVP3wCW2+dEVERER6DKMnNrruo53kHjnF4gWzmRQ/hpR123j6xbd5Y0UqH3/6JW+sSOX536xi2YoPGR48kF8mPUolsGxFKkXFpZ7osoj0dufTWfP5ES7WJEtLOJt/FYIHEgL4+Xpx7mie68ua42uycuuvnpO+m1NlAAWkpZ/GYhtJKCOJskF2emZVu04uZu2jwap1hHN3DGSkbCbDP4KpTdzkouzkYXKLg7DFTGb+/FhC84/zjWMkMZGwf/dBCgHK8sjY6+DmyJvb/x1w0GQWPWJl647TNZPMFi9qkkznM9l1qr2Ntvc4iFy/s6ccEBTIYMAWNQyy95HpAHByau8Jzg0fRmRVgDiyMqrmFZL5SS6Xhg/B1uEtB9E/CIouX208KzCMW/o5yNhxxBWrFJKblc3ZDm9LpKe7yv6PNpN55irVp+cyh51zxV6EDA0Eiw8WCsg9CeDkWNZxHHVXv3KErfurom3/bnZd7kfkqIbbCCPGVkrGp5k1nwHKHAfZuMPBzTGR7RwGJJDB/aCopIn4FxERkRtOl1eqfpmVw569OSz5+TwAnvv1KvoHWlmQMJ3oyNo7aOedsbPuo50s/d0aHp8zhcULZvOr5D+x7qP/z96dx1Vd5v//fxw453AOsggCKosLoJig4r5rlntuqaO2Z9Ni1qearzlNv7G+far5zExN85n6tjjTTKY2pbZMLpVbaZpouaGBhYEbigoCsshhOQd+f6AEuYFwzgF83m83bpzzfr+v63oduL1YXud6X9cm7rttrKvDFpHrXWAXYnLX8pcFK8m2A3jSql0XHn+gcl1F/ykjGfTndTw+bzPGkBj6RUF2tebxXbz45A+vnN+oqjtPTKmcktnvrqlkL13LM7/bih1PWsXEMvsK1Zp2N8UStHUnfrf0u+Q/ckX5ySz/x2ekFwNGb2LHT2CQnwXTrMmcWrqW383beH6jqlt4clAgkHmJXq7Mu9tMHunzOn85Xzz1HzSWOxM/4dl5+zG268XIOCo34qk1y+W/DlpSWxra6Q0889J+Thn9GDZ7UOUmMd0m8ETmSt74wyu8fX6jqsfn/rxmapuebUl562+8nenAGBLD4w9fy3qqP+s3vi8Jb33CA9v9mPrbydXORDBr7kgWLVrD7+Y5KnM1figPxKNZcCKX1ILIOD/eW/Y2izIc2AGjJYC4W6ZxZxeAYcwen8rzr73Cl0ZvYuMDaVW9eUgHYtJW8PB75zeXemDGJdZTtdBv9gxs723g+QVbsdmp/P06eipPDKrrlPJQxk2P4Y+LFvLAsnDmvqL1kkVERJoyQ0VFRYUrB3zqxbcZ3DeWkcN68/wrS4gIDWb2beMAWL0+gfQTWVitXsycPIKgQL+qdVfnz53BsYws3l22lj/+/gFtXiXSAI4eycBgMNTpA7js8wuPq3++0uMrHasNq7fb99qrhQu7fmtTChEREREREbl+2Irs7g7BqVxakdiblEpObj4jh/Vm45bdVACzbxuHt9WLl99YzpncfAb3jSUlNZ2/vLmcZ+fdzaQxg0hJTWf5ys08OXcGq9YlkLAziUljBl1zHLbiUl59+2PSjmRUHTMYILhVS2ZOHkH3rldd1r5B7d5/kIWLVzPnnon07t7ZpWOLiIiIiIiIiIhI3bi0qJqSmk7nyHC8rV5s25nMqGG98LZ6UWQr4eCh4zz58AxioiMoGlbC4wteJyUtnZ5x0cyaMoLn/7qUMzn59IyLJiU1HcbUP57RN/Zh5LDeAFSUl/PlN3tZvGIdTzw4nYjQ4PoPUEvdbojkpWcfooV35cL4u/cfZPHyyjgi2199g5mGdKHgHNjSlwfvmuDSsUWapxDGPTXP3UGIiIiIiIiISANy6UZV6ScyiQgLochWQk5uPhGhITXOFxXX3ITK2+IFQERY5XXZOXlEhIWQnpHVIPFYvMwE+PsQ4O9DYIAfY0b0xdtq4WBaeoP0X1tmk5EAfx/MpqZwK7OIiIiIiIiIiMj1zeVVPG+rF+knKjdGaRXoX3UsPjaKRR+s5WC/WPZ+n0p4aDAx0RFV7awWM+kZmUSEhmD7RfHVWewOB+s37WL917sospXQo2skd0wfSUs/H8rLK9ickMhnG3aQX1hESz8fpt4ylAG9u/L2e2s4V1SM1epF0g+HuWPaSD794htmTL6x6vb+fyxdQ87ZAh5/YBonT2ezcMlq5tw9kY1bdrMzsXLP6z++9j5RHUK5Z+ZY/vb3D+nbswuJSalknsklPjaaiWMG8d5HGzh87CRhbYOZe+9kgltVfk0PHDzKB//5itNZOYQEBXD71Jvp2rk9h46eZOGS1QzpF8e2ncnkns2nY7u2PHTXBM7mn+Nv//gIW3EpacDOxBQtSSAiIiIiIiIiIvILLi+qnsnJZ+Swn2eeXthw6pH7prBxy272fp9KfFz0RWum2opLiQgNIT0jE6vF3OBxlZdXsHvfQWzFJXSODAdg87Z9bNiym7t/NZoOEa355PNveP+Tr3jorgls35XMR6u3MG3CUHp178yx46fJPHOWC/vt/PDTUfrGd+GpR2dh9qp9vHdOH0mXTu34cNXXPHDnLXRs1xa7wwHAjz8dY849k8g9W8Db760h7UgGd0wbSVArf/71/ues/eo77vrVKNIzsvjX+58zoHdXbh4yjQMHj7L0ww385qHpABQXl5CccoT/+vWt2O12/r5kNZsSEpk8djC/f+JO/vnvz/H3a8Ed00ZWLUkgIiIiIiIiIiIilVxaVI2JjiAxKRVvqxfhocHsTUqtMRt15LDeVWucVrdtZzJQuQzAtp3JxERFXHTNtVi1LoFV6xKqnvv5eHPHtJGEh4ZQUlLGnu9/YmCfrvTq3gmAsTf14533PyfrzFkSdh2gf+8buGlILwwGCPD3qflaoyK4Z8YYzGYjuXmFtY7J22qhhbcFgwF8Wljx9bFWtb9xcDzhbYNoFeBHaJsgglv5V8UW3SGME6fOYCsu5fsfDuHv58P4m/vTwttCv143sDMxhSPppwgK9MdkMnLr+KGEtw0CoGO7tmTn5GP09MTPtwWenh5VSxKIiIiIiIiIiIhITS4tqvaMi2b1+u3nZ6v25t1lazEYYO/3qWTn5l90vdXiRc9ulRtTDewTi7fVi8Skny6axXqtLmxUZbc7+HjNFs7ZiunSqR0GAxSXlnI2r5ANh46z4evd1WIyk5WTx9m8Qm44f+2l+Pp4YzY37Jf3lzN0Q4ICqh639PfhxKkzAJzOyiX9RCZPPPNGjeujO4YRFOiPp6en1m8VERERERERERG5Ri6trEWEhRAeGsyqdQncd9tYNm7ZzcYte5g4euAlZ5+mZ2Syat12oIJZU0ZUzSod1DeuQeK5sFEVwPSJw/nrwhV8ubUyHovZTEt/H7p3jWTMiL5VbTwMBoxGT1r6+5BztoCKCi5bWL2ciorK5QacpXVwAO3CQrj/jvFYzm/2BZWv9+TpbKeNKyIiIiIiIiIicj3wcPWAI4f1ZvuuZLbtTGb+3JmEhwazccseEpNTMRgMRIRVrreanpHFxi17sFq9mD93Jtk5eWzcsoeRw3rjbfW6yih1FxTox42D4vl6+z5OZebg5WWiV7dO7E1K5djx0wDkF5zj2z0/VJ3bve8gW7/dT25eIfuS0/jqm72X7NvLbMLXx5sfDh6jpLSMlLR0fkw9dtkwoKgpAAAgAElEQVRYWgcHYjabyDh15pqKr91uiKTgnI2diSlUlJdjtzvYmfgjhedsV21rtZgJaxNEdm4+eQXn6jy2iIiIiIiIiIhIc+fSmarpJzJZ/ukmAgP8eHfZWpg1lv8772627UyumrV6QWCAH4P7xjJyWG+yc/J4+c0Vl9zAqiH1730DW7/9no1b9nDHtJHcOLgHpaVlLFq2lnNFxbT082HU8Mo1Xy+c++SzrSz9cANBgf7cOn4IFZeogXpbvZgwagBLP9zAlh376NiuLfFx0ZzKzLlkHGFtghg7oi/LV25m9frtzLl3cp1eR0RoMPfOHMMH//mKNRu2YzIa6dW9M/16dqlV+1tG9ufvS9cw/78XMnH0ICaOHlin8UWuZxUVFRjqOn1d5DrQFHOjKcYs4gpNMTeaYswizqa8EBGpH0NFxaXKgA0v/UQmL7+5Am+rF39a8ABPvfg2Obn5xMdFM3PyCIIC/QBISU0nIiwEb6sXRbYSvty6h1XrEhjYJ5ZZU0Y4ZZaqyPXq6JEMDAZDnT6Ayz6/8Lj65ys9vtKx2rB6u39t4NIyO2Vldux2B2V2Bx4GA2V2h7vDEml0TEZPyisqMBk9MRo9MRmNDb72eH0pn0VqR/ks0jw0hVwWkabNVmR3dwhO5ZKi6oWCakxUOClp6XhbLRTZipk55SY2btnN8YwsIkKDiQgLISjQnyJbMSmp6aRnZBEY4MekMYMY3DfW2WGKXHdUVK2fgkIb5eXleHh4nP9DtPIPUhG5tAvFDbvdUZU7vj5Wd4cFKJ9F6kr5LNI8NOZcFpGmT0XVerpQUI2Pi+a+28byxjufkpKWzvy5M39eP/VEJnuTUklJTa9qFxEWQkx0BD3jop0Znsh1TUXVa+NwlJN7thCr1UwLb4tbYhBpDs4VFWMrLiXA3wdPT5cv8w4on0UaivJZpHloDLksIs2Hiqr19NSLbxMTFcF9t43lnQ/Wkpj0U42Cqoi4j4qqdedwlJNXUISfrxWjp2a9iNSX3e4gv6AIf78WLv/nTfks0rCUzyLNgztzWUSal+ZeVHX6T0ibrRiDARYtU0FVRJq+3LOF+odNpAEZjZ74+XqTm1fo8rGVzyINS/ks0jy4M5dFRJoSp89U3bYzmeWffoXVauHR2ZNVUBVpRDRTtW4KCm14eBh0S6GIE5wrKqa8vMJl67gpn6W5Ky8vx24vp7TMTnl5eb368vDwwNPTAw8PAyajJx4eV56XoXwWaTjl5eWU2R2Ul1fgcJTXK58bey6LSPPT3GequmSjKhFpnFRUrb3SUju24hL8/Vq4bEyR601e/jm8rV6YTM7NbeWzNHfniopxOOpXSL0Sk8mI1WK+4jXKZ5H6K7KVYLc7nNZ/Y8plEWmemntRVQukiIjUQpndftV380Wkfjw8PCgtc94/jxcon6W5urAOojMLqgBlZXYKCm1XHEf5LHLtHI5yCgptTi2oQuPKZRGRpkh/gYiI1ILd7sBo1DptIs5kNHpitzv/3WzlszRHDkc5RbYSl41XUVFxxRmxymeRa+NwlHOuqBhX3VDaWHJZRKQpUlFVRKQWyuwOTPqnTcSpTEZPypw8KweUz9I8ubKgWptxlc8i1+Z6zWURkaZIRVURkauoqKjAw2DQTBgRJzMaPfH0MDh1do7yWZqjIluJy2a1/VJFRQW24tKLjiufRerues1lEZGmSkVVEZGrMBgMeodexEVKyxzXvHldbSifpbkpLy93+rqLV1NWZr/kjuTKZ5Hau55zWUSkqVJRVURERESkiSprJBvI2O3O3RxLpLlTLouIND0qqoqIiIiINFHljeSWXMclZreJSO0pl0VEmh4VVUVEREREmqjL7djtao0lDpGmqrHkUGOJQ0SkKVBRVURERESkibrU+ofu0FjiEGmqGksONZY4RESaAhVVRUREREREREREROpARVURERERERERERGROjC6OwARkeZi+8Ln2ZAJYKe40I7Rx3L+h2wcM5+dSoyTxi1IXMzrq45SVp9xkhbz2929eemeuItOpXzyPJvaPsqcgYFXjiPlc7YylPExvtcSgUizkPfjWt5YmUq2rfK5KaADU++aQL8rpc/3y3lgVyxvz744/64una+XnqTjXf1ody0Bi8hl2DmW8DHvrs8i7/wR//bduXPWMCKtl2+1d9ErJPSZxyPdrmHIE9/xj6NteXBQxLUELCIiIi6moqqISAMZOOdZBgKQxOLf7qb3s/dwLSWSuknj809sjHr6Wfpc4Z+8+oiZ+mytCrW2jGSS6aOiqly/8rfw6tI8Ji54lJ7n87EsZx8f/5hOP6cVSfJISjyMn4qqUlvHN/D7f6ZSfNkLzAy8/9dMD3dhTI3Rj2v4y/ZAnn5uJm3PH8pL3UDC0WIiu1icM2bOYXameKuoKrWWv2sF/70m+wpXtGLakzMY5OOykERErisqqoqIOFvKcp7dGsMz98djAqCArf/7OrkznyZyw2/ZHXwrZcmbybCVYQodyu13jKC9FSCT7f9czIYMG2AidNSvuX9gyM/95mxn4etfcKzYTvLLz/N53EyenRpJxtbFLN6UQRlgCh3BPfcMJdQESYvPj7VrNYdi7uF/Zv6yVHqM7f/8gs0ZNmyEMG7OHAaGnG/X+yXuictk08uLyR0QRcY3KeTYbFjj7+DRqTEc++R5lu8qpJCFPL81hFGPziE+6xNeX56EDcAaw9Q5M4lTvVWas8wczoR1JKbaGxymwB7MGnThWQZf/2MlqzIcgCcRoyfzxKDQX3Ry+WuKflzDX5YdqZw1Zw1k3MQw9q7YyyEcpDz3Ou/FjeSV6V2c/SqlqQuKoItPKomFlznv05qYIJdG1Cjl5eRgat+jqqAK4B89inEXnth+ZOmbG0ksAPAiftbt3NWlRc1OrnDNyYT3eXV9DmUAvuFM65nPx19mgf0k857bTPysR7lL6SxX4dchlFBjNhn2S583tgklSgVVERGnUVFVRMTZYobS55Pl7CiIZ6gvkLGJb3xH8UQopAHJGSaemf80vkDmpv9l4ap2PDszirTl/+bkqCd4tr0JsLHrn4vZHjeHgRcKk4EDmfOsb81ZsSnLWZgSz/xn7/+5v09CeXZmFADJh+z87un/IdB0iTjTsrA+PZ+nrWDb9U9e+CKJgRctB5BFWsE9zH96KnCUVX9cwY7M+YyY+ixzAl5mMfcwf0QIkMGqv2cyYv75GbQFGWQ0/FdWpHGJ7se09St55tV0Rg7qQWxcB9pZf/5TK+WDtRwb8wCvtDcC59j2j4/5Ou5uhlfr4vLXbOFvy84x8anzs2DzMzhjCmXkc614Y14yg56bSU8Xv1xpoixduOtRsP9tE0m/nK5qCeXeRyfQzUkTMZsS/56DiN+6kmf+0YXhw2KIj+pIUNXvzhy+XrSHyAce5S4/gHSWvbKBlC5TqvVw+WtiUj/lL9uDefK522kLlOVkkBcYyivBlUuBvHJNS4HIdSloCPPmOHjl9QMX/53Vpiv/Z84QWrsjLhGR64Rbi6rpJzJJTE4DICI0mPi4aHeGIyLiJKGMGAKvb8pg6KRQUrYmEzl0Ehcms3WO78GFOmlInwEE/m8yR4FdyVkkp/yRpGo9xWXAle7FT0tMpl381Ev0V1lUjR0y9NIFVYCoHsSfD8raLoqATVlkXnRRALF9LsyWbU9kaBa7M4GQX14XTEy7TD5ZsQmGxBDbLpTQy40r0hj9uIZ5y46cf9KB2c9NIO5Sx2o0CmX43IcZZMvg0M79rF26iaQML8bNnsa49idJSMplb8pCEqu1iK/xX3DqZa/Jy0nlVMywqmUF8AvlqpMJLxVvzhZefm0/pyo7YdJjdzP8ysslS3Nk6cLs+0//ohDjy/j7JzfLgmrSR6+z6MIv0/Mzui91rAZrF+56qgtlOYfZuzeZ5evWklIcwp0PTKOfMYltaZlk//V1Pqlq4EfbHPC78DT/8tew8witBs6umgVrCrx6Pl8y3qv+TJLrQtBw5s46y4vLMn5e1sMSyr33DldBVUTEydxSVC2ylfDmopWkpKXXON4qwI9HZk8mIuyi/85FRJo03wEjCP7LLo6Oa8fWQ7GMn1mbVqGM+82jP89MbQhX/Klfm18JRmq3dKuJmDue5omcDI4l7+Bf/06j3T3zmdS+Vo1F3K/LBF55rhbHLsFkDSVmWCgxw4Cja5j30Xf0nRcBBDDt/9zHcL9fNPi++pNLX5OXUNcXcJl4A4cx/7lh19CZNDs1CjFm4mZN5eZmett/3PRHeWX61Y9diimwI/1u7ki/m6Fo5xIe/+xH+k0GLB148LkpF73Pubf6k8tck1LnV3CZeGv5M0maP2uXyTw28j1e2lhAc36DRESksfFwx6Avv7mcYydOM3Pyjbz64qO8/co87p01liJbMS+/uYIiW4k7whIRcR5TPEMjk/niX5soGDKC6qsoHkzcR8H5x5m7dpAZE0N7ooiPzeSbrT/PFS1IO3qJmaM1RcXHcqxafwUpyeTExOKKWmaAbwBZxy5EaCMnsxhrYHtihk5lRh87KYeuFr1IE3d6H9tS8yrXSDwvL+ccZb5++BNN37h8Nm79eV5gXuphTtbo4PLX+MdFE5S0m7228yfK8sizAfjTyjefU6ed9aKkObN2mcy86TEMnT6V2V283R1Oo1L043d8d7r6+gh2zmSW0Mq3BfjF0S/wCBv3nvv5XGp65XrHF1zhmpieHTi1/buf8z8/r7Ktnz9+mSd/8XNBpHZaD5nKY2NjmHx/832DRESksXH5TNVtO5M5npHF3NmT6Vntdv/BfWNpFxrM839dyqp1CcyaMsLVoYmIOFXMgFiWv5HJpF/XnHoaG1rG8pf/SIbNhj2wD7/+deWclpipcxiw+F88/3xlicYUOpTb27WHK91GHzOVOZmLef35z6s2qrr/nignvaKaTH0mMW7H6zz7/CfET7uftrv+zYaj5ytA1jhmPhoCKZ/w/HKY+exUgrcv5PV9PXh0TgwpC19nX49HmTNQ9yFLExbYFtPWlTzzXn5VYdUUGsMTd/XGBMRNn8apRSuZ95zj/LlYHmzfsUYXl73GbxiP37WGv7z4N94zGSs3qrpzBiPDIpg0LZBnXvsbG8N68fTcYVdfFkCkmsC4m5hy9cuuO96hgeR//D7zjhZVHfOPGcqTt0UAMPKBsZx8exHzVl44dyOPR0dU6yHw8td0mcCTmSv4y+//BiYj+IYz+4Ep+Lcfyp3tlvDH36cQccvtzB+k34lSF960H3CTS95IFxGRSoaKiooKVw74xjufciwjiz8veOCy59MzsvjTZc6LSMM5eiQDg8FQpw/gss8vPK7++UqPr3SsNqzerntf6HTWWVoHt6xXH2WJ/+SFlKE8P/PnGwGTFv+W3b1f4qL9oESuUw2Ra41hDBFXyS8ouvpFLuLnW3O2q/JZpPau91wWkebJVmR3dwhO5fLb/4tsJQQF/HIxsZ9FhIWQnZvvwohERFwhk282FDBq/BV2mRIRERERERGRJsHlRVVvq9cVi6bpJzIJDw12agy24lL+9P8+YPX67Zc8fyozhyf/eyG79x9s0H4v5Uj6KRb86R0emPdKnccTkaYkhBHzf8PQX2w6FXePZqmKiIiIiIiINDUuL6rGd+tEdm4+G7fsvuhcSmo6iclpNdZadabtu5I5k1OzwFtRAVu//Z68/HOXadVwimwlvPfRRjpEtOHPCx6g2w2RTh9TRERERERERERE6sflG1UN7htLwndJLF+5GVtxKTFRlQu6p6Sls+Hr3YSHBjNyWG+XxJKVncf2XclMHD2w6tjprBy+3fODi8Y/S1b2Wcbd3I/AKyyJICIiIiJyKR4eHpSXl7s7DDw8XD5XQ6RZUS6LiDQ9Li+qAvTsFs3BQ8dZtS6hxvHOkeE8cl/l/qMJO5OrlgloFeBH56gIggIbtvDYs1snvtv7IwP7xFb1vW1nEi39fKgor9y/a19yGu988AWP3jeFTpHhAGSeOctf3lrBzEk30rtH58v2f+joSRYuWc2QfnFs25lM7tl8OrZry0N3TWDbzuSq179w8WoCW/ryu8dux2ox89GaLWzfmUyZ3UHHdm24Z+YYQlu3atDXLiIiIiJNn6dn4yjEeHqqECNSH8plEZGmx6VF1fQTmbyxaCXZufkEBvjRMy6aoEA/IkJD8LZ6EREWwradySz/dBNQUXX8m++SsNlKGDW8d41ZpfXVMy4am624arZq5pmz7P0+lfE392fl2m0AdIoMJ7hVS/b/cKiqqJp6+AReZhPRHcOuOkZxcQnJKUf4r1/fit1u5+9LVrMpIZHxNw+gfXhr3n7vM341aTg9YqPw8fbmg/98SXLKYX7z0HT8/Xz4eM0W3np3FU/OnYG/b4sGe+0iIiIi0vR5GAzuDgEAT81uE6kX5bKISNPjsqLqtp3JvLtsLYEBfjz58AxioiMue83MyTcyclhv0k9kkpJ2nEfum8LepFQWffAF54qKmTVlRIPEZDYbGX1jX1as2szAPrFs/XY/oW2C6Bz1c2zeVi/69ezCjj0/MHZEMSaTkW/3/EB8XBT+flcvcppMRm4dP5TwtkEAdGzXluycfKwWMz4trBgM0MLbgr9vC/Lyz5GccphbRg2sKtjeOn4IL7+5nMNHTxLvorVmRURERKRpMJk8KSktc3cYGI0qxIjUh3JZRKTpcclPzPQTmby7bC3hocH833l3X7KgeiYnv0ZBFWDVugSWr9wEVM4qnT93Jl9u3UNKanqDxRYTFUGrAD9Wrt3G3u9TGTWs10W3PHSN6UB+wTlSD5/gdGYOZ3Ly6BffpVb9e3p6YjbVrnadV3AOW3EpVou56pjZbMLTw4PTZ3Jr/6JEpEFVVFRgMnq6OwyR64LJ6ElFRYXT+lc+S3Pj4eGBqZZ/azqL2Wy85DqMymeR2ruec1lEpKlyyU/t1xetJDDAj/lzZ+Jt9brkNRu37CYwwK/GJlWzbxtHka2k6nlEWAgD+8SyccvuSxZmr4XZbGTsiL78v3f+Q69unYhsH0p+YVGNa9qGBBLZPpTE5DQCW/oSFOhP65DABhm/On/fFlgtZmzFpVXHSkvLcJSX0zoooMHHE5HaMRgMlFdUYLc7MOqfNxGnsdsdlFdUYHDiLZDKZ2mOrBYzdrvDLUUPg8GAxct80XHls0jdXa+5LCLSVDl9puq2ncnk5OZz36yxly2oQuVs1p7Vbm/ftjOZ/35lCe8uW1vjup7doklJO96gMUZHhvHwPZO4dfzQSy7M7enpweC+sSQmpfL19n3073VDrWef1oWfbwtiYzry2YbtpB4+QVZ2Hv/5/BusFi86tm/b4OOJSO2ZjJ6U2R3uDkOkWSuzO1wy60z5LM3Rlf7Odse4ymeRa3O95rKISFPk9JmqCd8lER4aXKuZpdV/kA/uG0t2Th4bt+yueY3FC1txyS+b1ovR05O4Lh2veE3H9m3xaWGloqKC2JgODTr+BQYDTJ84DAzwv3//iDK7g47t2vDwvZO0SZWImxmNntj1T5uIU1XONnP+TTTKZ2mOPD098LZ61bjLy5kMBgPeVq/L7hSufBa5Np6eHrTwtlBkK3HJjNXGkssiIk2R0386Hjx0nJuH9qrVtSmp6TCm5vOI0JCa16SlExjgV6+YrBYzv/uv2y57PsDfhz8/82CNYxazmZZ+LejQrs1lN6j6Zb+R7dvy0i/6efCuCTXOv/aH/6o5jpeZO6eN5M5pI2v9ekTE+cwmI+dc9I+qyPWqvLwcLy+T08dRPktzZTR64ufrzbmiYhyOcqeNYzYbL3mbcHXKZ5Fr5+npga+PFVtxKWVldqeN05hyWUSkKXJ6UdVqMXMwLZ3V67df4RovenaLZvnKzRTZSi669aD6sb1JqcRENcx6qnVx9PgpMk5lM2nMIJePLSLuZzIZ8Swp41xRMS28Le4OR6TZKTxXjKenh1OW1/kl5bM0dy28LZSXl2O3l1NaZqe8vH4FVg8PDzw9PfD08MBo9LjkRjbVKZ9FGobVYsbLbMRuL8dRXo7DUV6vfG7MuSwi0hQ5/afj7NvGseiDL1i1LuGy11gtZv604EFWrUvgzUUreXLuDAAG9Ysj4bskUtLS6RkXzap1CRzPyOKR2VOcHXYNFRWQsOsAoW1a0T68jUvHFpHGw9fHypmcfLzMJm2IIdKA7HYHxSWlBAXW706UulA+S3Pn4eGB2eyB2ezaYojyWaRhXchlV3NHLouINDWGCndsLXgZe5NSeXPRSiJCg5k0ZhCdoyLwtnqRkprOxq17SExK5d5ZYxncN9bdoYo0C0ePZGAwGOr0AVz2+YXH1T9f6fGVjtWG1dv175o7HOXkFZzDz8db/7iJNAC73UF+oQ1/P288rzJjpqEpn0UalvJZpHlwZy6LSPNiK3LeEiaNQaMqqkLlOqrvLFtLTm5+jeNWi5nZt42jZ1y0myITaX5UVL02Dkc5uXmFWC1m3WooUg+F54opLikloKWP2/5pUz6LNAzls0jz0BhyWUSaDxVV3ST9RCYpaekU2UqIiYogJtr166iKNHcqqtZPQaENR3n5+XWpPDEZPTU7RuQK7HYHZXYHdrsDR3k5Rk8PfFpY3R0WoHwWqSvls0jz0JhzWUSaPhVVRaTZUlG1/kpL7ef/EK387GEwUGZ3uDsskUbHZPSkvKLifHHDiNnkiamRbXyhfBapHeWzSPPQFHJZRJq25l5U1U9MEZF6MJuN5zcB8QKgoqLimovEIs1ZU8gN5bNI7TSF3FA+i1yd8kJEpH60SIqISAPSH6Yil9YUc6MpxiziCk0xN5pizCLOprwQEakfFVVFRERERERERERE6kBFVREREREREREREZE6UFFVREREREREREREpA5UVBURERERERERERGpAxVVRUREREREREREROpARVURERERERERERGROlBRVURERERERERERKQOVFQVERERERERERERqQMVVUVERERERERERETqQEVVERERERERERERkTpQUVVERERERERERESkDlRUFREREREREREREakDFVVFRERERERERERE6sDozsGLbCWsXp9ASmo66RlZAESEBhMTHcHE0YPwtnq5MzwRERERERERERGRixgqKioq3DHwtp3JLP90E1arF4P7xhIRFgJASmo6e5NSsdlKmDllBIP7xrojPJHrwtEjGRgMhjp9AJd9fuFx9c9XenylY7Vh9Xbr+0IiIiIiIiIichm2Iru7Q3Aqt1Qktu1M5t1la5k4eiCTxgyiyFbCwbR0ACaNGcSsKSNYtS6Bd5etBVBhVURERERERERERBoNlxdVz+Tk8+6ytcycfCMjh/Um/UQmL7+5AltxCQBWixfz585g0phBACz/dBMxUREEBfq5OlQRERERERERERGRi7h8o6pV6xIIDPBj5LDeALy+aCXxcdG8/co83n5lHvFx0byxaCVQOWvVavVi45bdrg5TRERERERERERE5JJcXlRNSUtn1LBeAKSfyCQnN79qVipUFlKzc/NJP5EJwKhhvUhMSnV1mCIiIiIiIiIiIiKX5PLb/3Ny84kIrdyUqlWgPwDpGZlVt/enZ2TWOBcRGkJ2bn6DxmArLuXVtz8m7UhG1TGDwUDHdm24Z+YYQlu3uua+j6Sf4p///pzTWbnMuWcivbt3boiQRUREREREREREpJFw69bZ3lYv4mOjWP7pJmy2yjVVV61LYGCfWLytXk4ff/SNfaqWIbDbHXy8ZgtvvbuKJ+fOwN+3RZ37K7KV8N5HG+kQ0Yb/89B0fHy8GzpkERERERERERERcTOX3/5vtZg5U23maatAf7Jz81m0bC2Llq0lOzefFt4/F1TP5OZjtZidEovFy0yAvw8B/j4Et/JnwuiB2IpLOHY885r6y8o+S1b2WXp2iyYwwA+zya01axEREREREREREXECl1f94uM6sX1nMoP7xrLs000k7Exi5uQbiY/rBEDCziQ2btlNRQXMmjKChO+Sqs45m8noCYDD4QDgwMGjfPCfrzidlUNIUAC3T72Zrp3bc+joSRYuWU3/Xl3YsesHQtu0omP7tny2YQcACxevJrClL7977HZsxSUsXr6Ow8dOYTJ6MrBvLNMnDMPiZb5sP0k/HCY8NJhvd/+A2Wzi3pmjyc7NZ+XaBOx2B5PGDGLsTf0wGODQ0ZOsWLWZo+mncZSX06tbJ+6eMRpvqxer129nX3IanSLD2LJ9P+XlFdw4OJ5pE4Zi9PSkvLyCzQmJfLZhB/mFRbT082HqLUMZ0LsrJzOzq+L2bWFl+sThDOjdFYPBJd8KkUbjdNZZd4cgIiIiIiIi0qBaB7d0dwhNnsuLqqOG9eL5vy5l45bdfLl1D/fOGsvgvrFV5yeNGUSrQH/eXbaWoEA/Dh46zrNTRjg9LrvDwY7dB/Dw8CC0TRDpGVn86/3PGdC7KzcPmcaBg0dZ+uEGfvPQdACKi0v4ds+P3Dp+CLFdOmA2mYhs15a33/uMX00aTo/YKMrLK3jr3VWEtQni/qdvIS+/kH+9/zlUwB3TRl6yny3b93M8I4v+vW7gD0/fx4erv2bhktX07NaJZ+fdza7EFDZs2UW3rpGEtw0iL7+Q/r1u4ME7b6HgnI2/L1nDl1v3MHH0QACOnThNTHQELzw1m6Qfj/DxZ1vo1S2aTpHhJOxM4qPVW5g2YSi9unfm2PHTZJ45S37huRpxZ57JZfGK9QQF+tEpMtzp3wuRxkS/aERERERERETkl1xeVI0IC+Hmob1YvnIzVou5RkH1gsF9Y1n+6VcsX7mZm4f2IiIsxCmxrFqXwKp1CVXPva0WZs8aQ0hQSz7/8lv8/XwYf3N/Wnhb6NfrBnYmpnAk/RRBgf54enpyx9Sb6REbVdXep4UVgwFaeFvw921BYlIqtuISbh0/hOBW/gS38ueWUQP5bMN28gvOAVyyn9C2QQzqG0sLbwt94mM4cPAo427qR3Arf7p1jWT917s4nc9vRrAAACAASURBVJVDeNsgenb7eRZvYIAfHSJac/J0dtWx8NCQqtfQrWskn22snJVaUlJGwq4D9O99AzcN6YXBAAH+PgCXjLtbl44cOHhURVUREREREREREbnuuWXRz1lTRlBkK2H7rmT+8uYKRg7rRXhoZeH0eEYmG7fswVZcysA+scxy4izV6htVGT09q4qiAKezckk/kckTz7xRo010xzCCAv0xmYz4XmUjqtNncvH08MBsNlUds1rM2IpLyTtfVL1UP2aTEQ+Pn5e7tXiZ8Tu/cVYLb0uNtVpTUtP55POtnDydg624crOvvvExl+3rguLSUs7mFXJDp3YX3dJ/+kwuefnnWPCnd2ocr96viIiIiIiIiIjI9cptOyndd1vlbf+r1iXwxqKVNc51jgznyYdnEBMd4dQYLmxUdSmtgwNoFxbC/XeMx2LxqtGm+kzQK2kdFICjvJzS0rKqY7biUqwWM/6+LciutmHXtThXVMzyVZsJ8Pfh6cduw2Lx4t8fb6xVW4vZTEt/H3LOFlBRQY3CauugAFr6+TB39mRaVvv6eJm18ZaIiIiIiIiIiIhLq2Qpqel4W72qbuePiY5gfvRMimwl7E5MAaB3fAzeVq8a7c7k5JOdk+f0Imt13W6IZHPCPnYmpjCkXxyO8gr2Jv1EzzpsmtWxfVusFi/+8/k3TJswjLz8Qj7bsJ3YmI74NUBR1cPDA7PJiNlkxMts4vDRk6QePkHXzu2v2tbLy0Svbp1YtS6Bju3a0O2GSI4dP012bj69e3TG2+rF19v3ccvIAXh6GDhw8CihbYKIbN+2XjGLiIiIiIiIiIg0dS4rqhbZSnhj0UrahYXw5NwZNc55W71Y8+W3GIChA7tf1HbRB1+QnpHFnxY8cFHB1VkiQoO5d+YYPvjPV6zZsB2T0Uiv7p3p17NLrfvw923Bw/dOYvHydfz+j//CZPRkYN9Ypk8YdtEt99fCajEza8oI/vnvz/ndH94mPjaa9uGta93+xsE9KC0t45PPtrL0ww0EBfpz6/gh+Pm04KF7JlbF7enhQeeocGZOCa1/0CIiIiIiIiIiIk2coaKiosKZAxTZSjiekcXepJ/Y9l0StuJSZs8aS1CgP52jwklJTefgoeOsWpeA1WJm1PA+xERFEB4aTPqJTLJz81m0bG3lplb94ugZ14nw0GCXFVdFmrOjRzIwGAx1+gAu+/zC4+qfr/T4Ssdqw+qtJSlEREREREREGiNbkd3dITiV04uqj/3+/1WtIzppzCCKbCWsXr/9ousmjh6It9WL5Ss3X3Tu5qG9iAgLYfmnX2ErLiUwwI8/L3jAmWGLXBdUVBURERERERERZ2juRVWnVyRmTrmJd5etpWe3Towc1huAvUmpZOfkMXPKTSz/9Ct6duvEpDGDADh2IovEpJ+qzgUF+jNrygigck3W7buSq64VERERERERketLeUU52bajZBQcIKMgufJz4QEKS8+4O7RGy8ccRKhPV0J9uxLqG0uYb1cCre3xMHi4LabkrPV8n/kFpwoPUlSWy7myHOzlpW6Lp6mxePoSYA0jwBKOo6KMdv496dVmCoHWdu4O7brh9KLq4L6xZOfksW1nMuknMgE4npHF3NmT6RkXjbfVizcXrWTi6MpC6fZdycycfCOD+8ZWnbvQLiUtnYmjBzK4b6yzwxYRERERERGRRmb9ob+x4/h7WI1+VQXCIe1mE+rTFV+vYHeH12gVlGSRUXiAjIIDJGV+wbq0VyixFzIw4k5GdnzMZXHY7Hl8dfhNdpz4N6WOIpeN2xwVOwo4WfgjJwt/BCAl+2s2HPobXVqN4OaOj9LOv6ebI2z+XHLvbJGthJzcfJ7/69Iax4CqgunTf3gbAKvFq+rchc/V253JyXdFyCIiIiIiIiLSSJwpOsyS/Q/TPWQcTw/+BpOnxd0hNSm+XsHEeA0nptXwqmNljmI2HXmLv307nru6L6SVE2c4OipKSUhfwpeHX8dmV13HmX7M3sSP2Zvo0Xoi46LnE2AJd3dIzZZLiqrZOXl0jgxn0phBnMnNZ9W6BGy2YgC8rV4EBvgxa8oIvC1eLFu5qapwarMVExjgx6QxgwgK8KvRTkRERERERESav81HFvJdxgru7v4WbXxi3B1Os2HytDA66jfEhYzln3vuYkD4nQxv3/D71xQ7Cliybw5puRfvryPOs+/0ao7m7eH+nosJ9o50dzjNktM3qhKRxksbVYmIiIiISGP21q4ZtG/Zm/HRT7k7lGbvs5/+hxMFB3iw13sN1mdW0SEW73uArKLDDdan1I2POYg5vZe5pbDa3Deqct+KxCIiIiIiIiIil/HWrhn0C5ulgqqL3NLp/6Nn60n8fc/tDdLfubIcFiXer4KqmxWWnuHdfQ9wrizb3aE0OyqqioiIiIiIiEijsvnIQtq37E3vtlPdHcp1pW/YDMJ8Y9ly9J/16sdRUca7+x4g23akgSKT+jhTdJjF++bgqChzdyjNioqqIiIiIiIiItJonCk6zHcZKzRD1U0mdPo9CceXkGNLv+Y+thz9J8fy9jZgVFJfR/N217tYLjWpqCoiIiIiIiIijcaS/Q9zd/e33B3Gde3u7gtZsn/ONbU9V5bNpiNvNnBE0hA2HXmLwtIz7g6j2VBRVUREREREREQahfWH/kb3kHG08YlxdyjXtVDfrtwQdBNfHn69zm3Xpf2VEsc5J0Ql9VXiKGT9of91dxjNhrbOFhERERERERG3K68oZ3v6e/x/Q75xbyBHXuCptEW/OOiLxTKHW+MeJt7fLVG53I3t5/DS9hHc1OERDAZDrdoU2wvYlfGRkyO7kjB6dHqZsW17EmjyqjzkyCfz7Eds/PFF9hW7MpaXmHfzdMiI5JUfXDnule3K+Jjx0b/DYvR1dyhNnoqqIiIiIiIiIuJ22bajeJv8MHla3B0KcDu/6vdbqubL2o/zzYGH+CDRj5DhdxDqrGFzP+Ive35LcNQh7ungrEFqx8vYArOnNzm2Y7Tybl+rNmm52926GVLkDe/yq9BwinM/4pMT31IMBATOpn/rOxjZcQ37fkh0W2yNhaOilLTc7cQGj3Z3KE2eiqoiIiIiIiIi4nYZBQcI9e3q7jDO88Lq68fPc/m6Mi5qDruSN5CSewehAW4MzYVCfbqSUXig1kXVlOyvnRzRlfX2j8JU8jUf7nmGfRcOnl7D5sNhBBSfcGdojUpK9tcqqjYAFVVFRERERERExO0yCpIJ9Y11dxiXZ/LCVP35ub2s2v8C3xYlYieezq1f5va4KKwAtjQ27Z/PxsJE7AQR4P04t3a/g5gWgCOflKQFrDizhkJ88fF5hnu6T8eSdi+vnN4CQFZaJE+lDWNsr3cZ4cYCbphfHCfyk+gWMq5W12cUHHByRFdWXA54RdG1dRj7TlcrohafIPfCY8sEbo17ht7+wZiAMtsOvv3xdlbnAJbbubXrbHr4RWH1BCghJ/sl/pG4iFzgVwMO0cdjPTvsAxjg60dB9mO8mJjPxF4v0jsgvPJ778gnM+sl3kk+P57pBR4fdgehJoB8Mo4/xqspW1zy9bgcd3+fmgttVCUiIiIiIiIibte4Zqr+Qlk+iYcWkmscRUwA4Ehj1a5p7PZ4nEf6JbKg++OQdQvvp5YAkHbgXtaWTuC+Xoks6PcJE70PkXK+qncs6V7eyfFjXPdEFvT7jHEs5I39Owjo9BoLbniBAKBzRCIL+r3GED+3vWLg55mqtVXg5p3lV59cT4EjnPi4rTw3ZAOPxL/E2LY3VLsijLFxLzPAp4SDqY/xftJLHKQnQ7q8SiRAsR8B5hIOpS/g/aTH+ORUFoGtHudXEdW6sI6mh8dedh1ZwCdHTjK412sMCfAj63hlmy9Op4FXWFURNyRwOLbTC3g/6SWSbX6Ehv+WiS77ilyau79PzYVmqoqIiIiIiIiI22UUHiDUp7EUVRex5Mvqm1WZMZof57b48+upnlzPbvsoRnUdTqgv4DucW1sP4M9ZOyiLHo69PAvwwurth6+XH7E9nqFyDu4BduQk0rb1u/QJ9gP86NP5cb7Zs4Z9DKCP1QsjYDT74dsI9hEK843lREHy1S88r6Aky4nR1EL6HF7MncbY9tOI8e9K21bTaddqOiOidvBF4u1sLpxNjL8XBdmvsuToGgD2GYfxXJeeDGkJh84u5J0dC3/u7/QwhrSZjq9PtTHKdrBhx2y2AbCAxwP8KMt7izdS3j/fZg2bAXgJAFv+Iv5x/ty+wGn82RpO2zDAjasRuP371EyoqCoiIiIiIiIiUkO1jaqK97Ii6TEKWk0k3v/8afsZitnA6u8iWV29mXkCuUBM3GeM3b+Av3/zDHaP/rRt+Ti3dx9AoGcJtnI4eTKep05WbziMgiLXvLJmr/Bj1iZ/zFoAwujR6TVubTeAkV3msHmXH0bAt9XL/Pnml6s1ysfiCxTfzm3dHyfG2w+rp1fV2czq/ZceP19QBajsL/dc9b5qKrAtuvig7htvFlRUFRERERERERG3u3CreYzXcHeHQo2NqnyHc3fH6byY9hirAj9hUhvAwwuYwMT4F+lhrtbMw6uyjTWKEf0/YARQlneA1fsn8I+kLfyuB5iAiLZbuCei5r39Fm8g36tRFWpOFCQTVod1bn29gjnrxg2hAnxugMIffl4/lRPs+2kN/dv2JMoYWXW0IPsFVp+sPluzhII8iOw8h3hfLzIyXuU/OceBCYyNu/qGTgEt5gOXL6w2Nr5ewe4OoVlQbVxERERERERE3C7Ut2uj3UDH1OFxxlkOsO2n1ZWzFsMm0NtjDRtS91Jw/pqC3NXsygIoIXH3fFYdO05BQX7l5kmAzZ4P9KR/y0jSTy8kpfh8w+I0Nh1Nw+4JBEQR6gGHTn9NQRngcOnLvEhdl2TwNQc5MZqr6c/Y7p8xb9DH3BZ1Oz1aT6BH69u5tdcc2plKyMh+FXiVgwUl+LacTQ/L+WaWYQwJG4WxGHLLKtfEpTwf8CMyYgCBVxyzsj+T/x08ElM5Zv+Y95kXP8eZL7Te3Pt9aj4a0xsgIiIiIiIiInKdCvWNJSnzC3eHcRl+DIh6hs3J81l9cDS/7tyVGf3WsClpAW98l4gdXyyW6YzqCOBFO/9INqdNZVv5GSCIAJ+X+HXXyuJkVPwnPPjDS3yY1I8Py0sxeoyic+vfnh+nKxM7LSDjp8d4cUsBXaMOcU8HN71k4ET+98S3mVzr60N9u5Kev8+JEV3Jt6xNewdrx4nERLxIvGfl0bKy4xw7Np8Pf6qcQbt6/3zo+lt6R79Wuc6tI5/Msx8BkPvDC+zwfY0B4S9ye3gJOdl7yWHAFcY8wer98zHGPUPv8Be5PRwoyyIjew0Bznyp9dRoN4RrYgwVFRUV7g7iTE4+23dVLnwcHxtFRFiImyMSuT4cPZKBwWCo0wdw2ecXHlf/fKXHVzpWG1ZvvS8kIiIiItJcnCk6zDuJv+a3g75ydyhy3p+3Def+XktpZW1Xq+uTs9azZH/jnqUpcF/8ImJaOX+ZDVuR3eljuJPbKxLpJzJ5+c0V2Iorp1ivWpfAkw/PICY6ws2RiYiIiIiIiIirBFrbU+o4R5mjGJOn5eoNxKlK7IU4yssIsITXuk1UwEA8DWYcFaVOjEzqw9NgIjpwoLvDaBbcuqZq9YLqzMk3MnPyjQC8sWgl6Scyr9JaRERERERERJoLD4MHA8LvYNORt9wdigCbjrzFgIg78TDUvnRkMfrSJ3SaE6OS+uoTOh1Pg/nqF8pVua2oWr2geu+ssYwc1puRw3pz76yx2IpLePnNFSqsioiIiIiIiFxHRnZ8jANnNpBR8IO7Q7muHc//noM5W7mpw9w6tx0V+QRGDxXtGiOjh5nRkb9xdxjNhluKqr8sqA7uG1t1bnDfWBVWRURERERERK5Td3VfyFKty+lWS/c/zF3dr23GsK85mP5htzdwRNIQhkTMxscc5O4wmg2XF1WvVFC9QIVVERERERERketTK2s7BoTfyWc//Y+7Q7kurTr4AkPb3UeAJeya+xgd9Rva+HRpwKikvtr5xTMy8nF3h9GsGCoqKipcNVhtCqrVbduZzLvL1mK1eDF/7gwiwkIaJA5bcSmvvv0xaUcyqo6ZTUaiO4bxq4nDCQ8Nrlf/uXmF/Om195kx+UZ6d+980flDR0+ycMlq5tw9kcj2bes11rVavX47ySlHePyBaVgtmpZ/vTp6JAODwVCnD+Cyzy88rv75So+vdKw2rN5u32tPRERERESc5B977qRnm0n0DZ3h7lCuGzuOv09S1jru77m43n3llZzkjZ3TyCs51QCRSX20srbnkb4f08IU6NJxbUV2l47nai6bqVrXgio4f8bq6Bv78NKzD/HSsw/xu/+6DZ8WVl56Yzn7Dxxq0HFEREREREREpG4e7PUee059ypqf/uDuUK4Lqw6+0GAFVQB/r7bMjn8HL0+fBulPro23KYBf91zk8oLq9cAlRdVrKahe4MzCqsXLTIC/DwH+PkSEhTD7trF0u6Ejq9YlUGQrabBxRERERERERKTuHur1Pn7m1vxp2zAyCg64O5xm6Xj+9/zxmyEEWsIarKB6QVufLvxu8Ne09+/VoP1K7bT378X8gRtpZe3g7lCaJaffO1u9oNo5MrxOBdULBveNJeG7JA4eOs7Lb65o0KUAqjN6ejJ0QHcWLl7FsROZdImO4NDRk6xYtZmj6adxlJfTq1sn7p4xGm+rFzm5+Sz5cAMHDh7F08OD3j06M33isKr+Mk5ls/arf3P0+ClCggK4/47xdIhoU3X+wMEjvPPBF2SeyaVju7bcf8d4glu1PH/uKB/85ytOZ+XgbbUwengfRo/og9HTk9NZuXy4+mt+OHiUMrudju3a8tBdEwgM8KtaWqB/ry7s2PUDoW1a8ch9UziQcoSlH26g4FwRnaMiaB0U0OBfPxEREREREZGGNqz9/cSFjGHJ/jncEHQTN7afg5exhbvDavJK7IVsOvIWB3O2MqfP8nqtoXol3qYAHu6zgl0ZH7I27RUKS884ZRz5WQtTK0ZFPk7/sFl4GLRsnrM4/Sv78pvLsRWXNlh/F2asvvaHRxusz+p8WlgxGAycK7IBkJdfSP9eN/DgnbdQcM7G35es4cute5g4eiD/+eIbSkvLeOGp2ZSXl7Nlx34KCm34tLACkLAziV/fPh5fH2/e+eALPv/yOx66awIAJSWlJKccZc49kwBY+uF6/vX+Fzz+wDTO5OTxr/c/Z0Dvrtw8ZBpH0k+z9KMNmM0mRg7rxbmiYjpEtGbm5BGUl5ezePk6Pv5sK/ffcQsAxcUlfLvnR24dP4TYLh04nZXL0o82MKBPV24e0pMj6adZ8uF62oRo6reIiIiIiIg0foHWCJ7o/xlfHn6dlxJGYDZ6E+rTlTC/uMrPvrH4etVvf5TmrKAkixMFyWQUHuBE/vdkFBzAUVHGgPA7eazfKqePb8CDvqEz6d76Fr46/AYJx5dS6ihy+rjXm0BrBAPC7qR/+Cwsnr7uDqfZc3pRdVDfOGKiI3hz0UpsxfW/pX7u7MmkpKY3QGSXVlpahsPhqHres1unqseBAX50iGjNydPZVcesVi/8/Vpg8TIzc/IIoHKjKoBbRg0kumPlOz1xXTqSnHKE0rLKRXo9PDwYO6Iv4W2DALh1/FDeXrqGjFNnSElLx9/Ph/E396eFt4XAAD9Sj5xgz/c/MbR/NyLbt62xwdUNndv//+3de1iUdf7/8dcwMMwgB0FA5eCRRANLMy01LdPUylNrpbVbm+7qbrnfatfaw7fjr8Nvt4Pf37q7WZvfzco2pdXy0AEPpemKJaZm0gYJHgYwQUBGYTjO/P4ARlFAUJgB5vm4Li5m7vtzf+73jVd0zYvPQWnph1VWXhNeG41G/fhH43VlQn9J0o5dBxrsL+vIsVb/+QEAAAAA0FbG9/2VbuyzQIX2o7UB4QGlZL+lnFNpjIBsQqApXNFBCYoKvFxDekzXLZf9QaHmGPkY3LbVjiTJ3xiom+N+p5vjfqe0/E36Ju9jHS/5XiUVRSqpLFSVg6UYm8vfGKhQc7RCLTEKs8To8oibFBc6ytNleZU2D1Vnzxjnem3Nza937kShTX94fmmD1z35m3sanOI/NDFOQxPjWrfIs1RUVsnP11ddg2sWUk4/aNX7H2/XseOFrlB4+JB4SdLMKWP1z9Wf6tdPLFFAgL/GjR6qiddf7erLYjY1eh8/P18FBQa43pv8fFVZVaWTttM6nl8kk5+vfHzO/HKzmP11svi0yioqVHDSpqQ1W3Q0J0+nS2pG1PbvE9Vo3431BwAAAABAR2MwGNQtoLe6BfTW4MibPV0OLlJCxE1KiLjJ02UAF82jCysUFBZLqhkBGh4aLEk6UWRTYZHNIxtFVVVXa/sX+xXaNUg9u3dTSWmZktZtVWhIoP7w4F0ym/31z9WbXe27BgdqwZzpcjqlw9Yf9Nrb6xXWNUiDBvS+4L0qK6t06vSZoe5nh7ndI0Jlzc2Xw+FwnbeXlatrSKD8jL5a/eE2nSqx6+H5MxUc1EWbt32lzMO5jd6re0Soso4cU2VVlSwyufoDAAAAAAAA0HLuHefdiNHDE/Togll6dMGsRjeyio+L1dSJI1v1vmXlFSoqPq2i4tM6kn1cf/vHGn2bcUR33XajAiz+8vHxkcnPVyY/X/mb/HToyDEdPJQjSaquduhf6z/X7q8zdNJ2WgaD5GNofljpcDiUvCVV2cdOKPvYCX3w8Xb17N5NUT3CNXhQPxXbTuvjT79UYZFNe/Z/r527v9VVgy+TxeIvs79Jfr5Gmf1NKigs1p79GU3ea/Cgfiq1l2nDllRXfympaZf88wMAAAAAAAC8UYfZAmzapNZfF2Lj1t3auHW3pJrp93F9o7Xwl3coJqpmcWuL2aTZM8bpf//5sX7//FINSYhT75jukmqmG0T1CFfSmi06aTstX6NRo0ckavSIxGZtzOXvb9Kgy3pp8eurVXzqtPr26qm5d02WxWxSbFSEfnb3LVrxwWfa9PluBVjMmnj91bph9JUyGKSZt47R35d/qCdeeEO9Y3ooPq6XfsgrbPResVERuuf2m/TP1Z9q0+e71bdXTw1JjGvyGgAAAAAAAAANMzidTqc7bjRv4SJJ0tJFC13H0g9a9fKr72nqxJGu0HTdhhSt37hTj9x/p+LjYt1RGuC1jhzOlcFgaNGXpEbf170++3tTr5s61hyWgA7zdyEAAAAAALyKvbTK0yW0qXYx/b851m1IUdLaLZ4uAwAAAAAAAICXc1uoajGbLun69Rt3aseuA61UDQAAAAAAAABcHLfNnR2SeJl27k7TspXJGj08UZJkzc1vtL01N981JXhH6gFXHwBQx+mULnLlAAAAAAAA0EacDk9X0PbcFqpOmzRK6ZlWpaSmNWvn+XOn+oeFBmv2jHFtVR6ADsjpdF70eqwAAAAAAKBtuGkLJ49y20ZVklRqL1dK6gGV2svrHR+aGKfY6EhJkjUnT3sPHKx3PsDir1HDExVg8XdXqYBX6OgbVfmZfOTr22GWhgYAAAAAwCtUVTlUWdG5h6u6NVQF0L509FDVx2iQv7/xoq4FAAAAAABto7y8Wo7qzh05MsQLQIfV2X9BAwAAAADQEXnD53VCVQAdmsPR+X9RAwAAAADQUXhDoCoRqgLo4Kq95Jc1AAAAAAAdgbd8TidUBdChVVU6vGJXQQAAAAAA2jun06mqqs69QVUdQlUAHV5n31EQAAAAAICOwJs+nxOqAujwqqudrK0KAAAAAIAHORxOr5n6LxGqAugkKiscYhUAAAAAAADcz+n0rlGqEqEqgE7C4XCqsqLa02UAAAAAAOB1KiuqvW4GKaEqgE6jutrpdX8ZAwAAAADAkyorHF417b+Or6cLAIDWVFXlkMPhlMnfKIPB09UAAAAAANA5OZ1SRbn3jVCtw0hVAJ2Ow+FUeZn3/mIHAAAAAKAt1XzurvLqz92MVAXQKTmdNcGqr6+PjL4G+fgwbBUAAAAAgEvhcDhVXeVUVRVL7xGqAujUqqocqqqSjL4+Mholo4+PRL4KAAAAAECzOJ2So9qhaodUTZjqQqgKwCtUVzlUXSVJDvkYDTL6GCSD5ONjkMFgYP1VAAAAAIDXczprZn46HE7JKVU7nHJ44SZUzUGoCsDrOKr5nwIAAAAAALh4bg1VrTl5Slq7VemZ1hZfazH7a9aMcRo9PKH1CwMAAAAAAACAZnJbqHqi0KaXlrwne1m5YqIiFGD2b9H11tw8vbkyWfH9YxUeFtxGVQIAAAAAAABA09wWqm7e9pXsZeWaNf0GTRg7rMXXr9uQovUbd6qgsJhQFQAAAAAAAIDH+LjrRtacPEnSqOGJ7rolAAAAAAAAALQ6t4SqO1LTZM3NlyQtW5msUnt5g+3qglcAAAAAAAAAaK/cMv1/3zffy15WE6TuO3BQBYXFCoiOdJ3fkZqmpDVbZC8rZ0MqAAAAAAAAAO2aW0LVBXNn6KVXkpSRla2lixbWO3ei0KY3VybLYjZpQL8YZWRl682VyRqaGKcAS8s2s2oue1mFFi9drczDua5jJj9fxfWN1h1Tr1dMVES9dpL00LyZsphNbVIPAAAAAAAAgI7DbRtVNWbfge8lSRPGDtO0SaO0cs0Wfbp9j6w5eYqPi23Te0+84WrXplmnT5cqeUuqXnwlST//8S264vJ+MvubtGDODEmS2b91A9XXl3+owpOnCGsBAAAAAACADsYta6qu25DiWlP15SXv6UShzXUuNqpmGYB9Bw4qIzNbGZlWSWqzUapnM/ubFBoSqNCQQMVGR2rOXZM1eFBfrduQolJ7uQwGKSjQoqBAiwyGNi8HAAAAAAAAQAfglpGqpfZy15qqR3OO1zvXLSxEFrO/rLn5emlJkiTJYvaXxWJ2R2n1+BqNGnPtFXrtrXU6mpOngXGxen35h5Kk+fdM0fqNO/V1WqZioyO1a89/wkmLHQAAIABJREFU9KNbx2j0iESt+nCbdqamyeFwavSIRN0+dazM/iY5HE5tTdmnjzZ9IdvpUnUNDtSkccO16fPdKjx5SpL04GN/1bRJozR14kh9m3FEKz74TMfzCxVgMWvi9Vdr4rir5Ws0nnfv6ZNH65v/ZMliMesX90yR0ViTj6/+aJu+z8phBCwAAAAAAADQRtwSqs6eMU7WnDxlZGXrL8//l+t4qb1czyx6W/aycsVERWhoYpz2Hjio7Nx8vbwkSU8uvNctI1bPFtjFIoPBoJJSe4Pnj2QfV5cAsx6aP1MxPSO1av02paUf0q9/cbuCAgP0VtIGfbT5C828daxSUg9o1fptmjlljK66YoCOZh/X8fyT+u+Hf6zl/9qkYluJfnb3zQoJDpQ1N1//ePdjXTvsco2/bqYOW49r+apNMpn8NGHsVefdOzYqUoFdLFqTvEMFRTZFhndVqb1c/8k4qhFDBxKoAgAAAAAAAG3Eo2uqrtuQIntZucaPuUqzZ4yTJE2bNEpvrEjWzt1p2rztK02bNMqtNVVUVKq6urrR890jQjX3rpsVEtxFxbYSpaUf0q03jVRc32hJ0s3jr9Enn36pk8WnlbL7W10zbJBuvO4qGQxSaEigqx+Tn6+MRh+FBAfKYjbpm/9kKSQ4ULeMv0ZdAswKCw3WwcM52vPN9xpzzeDz7i1JCfF99PGnXyojK1uR4V2VeThXJaV2DUmMa8OfEAAAAAAAAODd3BKqrlyzRRlZ2ZKkBx/7m55ceK/Cw4JlzcmTJGVkWvXykvdc7UvtZZKk9INWaZI7KjyjorJKfr6+6hoc2OD5wC4WmUx+kqTiUyWyl1XoraQNeitpg6tNWNcg2U6X6mTxaQ26rFez1mM9nl8kk5+vfHzOLHNrMfvrZPFplVVUnHdvSQoJ7qL4/rH68qtvNfzKeO355nsNvKy3Irp1vZhHBwAAAAAAANAMbglVAyz+sphNspdVKDYq4rzzdZtYNXSdO1VVV2v7F/sV2jVIPbt3u2D7kKAusphNmj55dL3RoT4+Bpl8/dQ1JFCFJ0/J6dQFg9XuEaGy5ubL4XC4jtnLytU1JFBmU+NT+a8dNkj/+8+P9d3Bo0o/aNVdt93IploAAAAAAABAG3JLqDpt0iilH7QqIytbjy6Y5Tp+9usLqQtYWzNoLSuvUFHxaUmS7VSJPvj43zqSfVy/mjujWfcJDuqihPi++jzla/WO6a7QrkE6nleo/IJiXXfNYF01+DKt25Civr16aPCgfjqafVwFRTbdeN1Q9e8TpUPbvlJBkU0xPcM1eFA/fbp9jz7+9EuNv26oDluPa+fub3XrhGvl7+/XaA29Y3ooMryr3lu3VV0CzOrfJ6rVfj4AAAAAAAAAzufRNVUl6UShTes3pqig0FbveHxcrKZOHOl6P2HsMI0antiqoerGrbu1cetuSTVrnMb1jdbCX96hmAZG0zbEYJBunzpWqz7cpkWvvqfKqipFdOuq6ZNHS5JuGH2lKioq9f5H27X8X5sUHhai2265Tk6nNPLqBH2flaNnFr2tq68coPn3TNHP7r5FKz74TJs+360Ai1kTr79aN4y+sskaTCZfDUmM08o1W3TH1OvdProXAAAAAAAA8DYGp9PpbOubvPLGGu1Ly3S9f/I39yg2OlJSzbqpL7/63nnXWMwm/eX5/2rr0jqFr9MytXLNZ/r1L+5QZDjrqaL5jhzOlcFgaNGXpEbf170++3tTr5s6BgAAAAAA0F65ZaTqkMGXKT3TKntZhYYk9Fe3sBDXufi4WD1y/53nXXN2G0kqtZcrOzdfA/rHtHm9HUl1tUM7UtMUG91d3UKDPV0O0O4ZDJLR10c+PgYZDKr9ItQFAAAAAECSnE6nnE7J6ZQcDqeqqxxq+yGZHY9bQtXRwxOUsuuAMrKyNWvGjedNUY+Pi71gHympB5S0dqseuf/OZrX3Frk/nFDm4Rzde8dEGY0+ni4HaJcMBslo9JGP0SCjkQAVAAAAAIDG1MxGrXltNBrk5+ej6mqnHNVOVVcTsNZxWwpXN91/34HvL+r6Unt5a5bTacRGR2rR0/fryoT+ni4FaJeMRoNM/kb5mXwIVAEAAAAAuAhGo0F+Jh+Z/I18tq7lto2qJowd5hptmpKapgCLuUXXH83Jk3T+sgAA0BAfn5q/pvnwyx4AAAAAgFbh41MzcMlR7VRlpUMOh/cOW3XLRlV1rDl5WrlmizKyslt8rcVs0qwZN2r08IQ2qAzwTp11o6qaX/I+rJUKAAAAAEAbcTqdqij33mDVraEqgPalM4aqvn4+8vNjfWEAAAAAANyhssKhqiqHp8twO5IHAJ2GT+0C2gAAAAAAwD38TN659B7pA4BOwWAwyGQyeroMAAAAAAC8jslk9Lol+AhVAXQKJpOPvOz3NwAAAAAA7YLBUPO53Jt419MC6JR8jAavnGoAAAAAAEB74W2fzQlVAXR4rKMKAAAAAIDnedPnc+95UgCdkq+vj3x8vOcvYQAAAAAAtFc+Pgb5+npH3OgdTwmg0zL6EqgCAAAAANBeeMvndEJVAB2WwSBGqQIAAAAA0I74+Bhk8IKdpAlVAXRYRiO/wgAAAAAAaG98jJ6uoO2RSADosAz8BgMAAAAAoN3xhlmlRBIAOixvmE4AAAAAAEBH4w2f1wlVAXRYPl7wSxoAAAAAgI7GGz6vE6oC6LCY/g8AAAAAQPvjBZkqoSoAAAAAAACAVkSoCgAAAAAAAAA4m6+nC7Dm5GnZymRZc/MlSbFREZoze7JioyM9XBkAAAAAAAAAnM/jI1XfqA1UY6IiFBMVIWtuvpatTPZ0WQAAAAAAAADQILeOVLXm5Gndxp2y28vVLSxYs6aPU3ZtoPrUwnslSf9n0duy5uar1F6upLVbVFBok8Xir2kTRzJ6FQAAAAAAAIDHuS1Utebk6aUl78leVl5zIFNKP2iVJIWHBrvahYcGKzs3X88selsFRTbX8fSDVj36wJ0EqwAAAAAAAAA8ym2h6roNKbKXleu+2ZM1NDFOy1Z8on1pmQoLDda0SaNc7aZNGqWjufkqKLJpSEJ/zbnrZu09cFBvrkzWug0pWjB3hrtKBoBm++H0d0ov2K7Mop06WZaj0xUFKqks9HRZHVYXv24KNHVTV3OU4sJGakC3serRJd7TZQEAAAAAIMmNoWqpvWaE6tDEOAVY/M8LR605ebJYzIqNjtQLj8+rd25oYpzePKsPAGgPnHLq2/zN2nxosXJPfevpcjqVksoClVQW6HhJhtILtuqj7/+oqKDLdVO/hzUofLwMMni6RAAAAACAF3NbqNotLETKytaylclaMGe66/i5ywJYzP4aOjhOs6aPU4DFX5K0bMUnZ/poBfayCi1euloJ8X00deLI887/kFeol199T3fddqOGXTGgyb6+2p+h195ar1/+dOoF2wLoPE6W5Wj5NwuUbdvv6VK8Ru6pb/XW1/MVE3yF7hn8irqaoz1dEgAAAADAS/m460azZ4xTWGiw9h04WO+4xWKW5Kx5bTZJciolNU0vL0lyjUytWyZg9oxxrVrTzt1pOlFoq3fM6ZS2f/mNim0lzepj8KB+evHJX2jwoH4XbGsvq9Cf/rpCry//8KLqBdA+ZBRs15+/vJVA1UOybfv119Tb9N2JrZ4uBQAAAADgpdo8VLXm5OmZRW/rocf/psIim8JqN6Wy5uTpRKFN4WHBevSBWbKYTbKXVWjapFEaeXWCrLn5WrJsrSQpLDRYhUU2PfT43/TMordlzclrldryC4q1c3davWPH8wv15Z7/NLsPk5+vQkMCZfJz26BfAB7ilFNbj/xdb+ybI3uV7cIXoM2crjihN7/+ubYdXerpUgAAAAAAXqjNk8CVa7bImpuvmKgIhZ+1KdVLS5JkL6vQfbMna/TwBD36wCw98z/LtSM1TU8tvFfpmValZ1olSb+aM13rNqToRJFN1tx8LVuZrCcX3nvJtQ0dfJl27f1OI69OUHhYTdi7I/WAugYHyulwutodzy/Sv9Z/rv9kHFFlVZX69uqpX9wzRWGhwco6ckyvvb1ev7x3qkK7BulPf3lXo4Ynau833yv3+AlFhofq5z++RQ6HU39+fZXsZRXKlJS6L921ZMC3GUe04oPPdDy/UJHhobr7R+N1+YDerr6vG5GoHalpKjppq3fvsvIKJX+Wqu1f7pftVKmCAwN0zx03aUhinIqKTzdaS5/YHpKkw9YftPxfm2TNzZOfr69GDk/Q7VPGSpJWfbhNO1PT5HA4NXpEom6fOlZmf9Ml/8yBjuxA3gYlH3xRTjkv3BhtzimHPv7+T+rRJV4Duo31dDkAAAAAAC/S5iNVM7KyFRMVoacW3qsFc2coNjpSpfZy2csqJElvrkzWjtQ0Hc3NlySF145krft+otCm2OhILZg7Q08tvFcxURGy1ra9VEMT49Q1uItrtGreiZPa+81B3XjdUPn6Gl3tSkrL1Ce2u55+9D49+7u5Mvr4aPVH2+VsJFf54qs0/eT2CXr2d3PVJcCsjz/dpeie4Xrs4Z+oT2wPXZnQ37VkgDU3X/9492NdcXk//emxeZo8briW/2uT8k6clCSVlZUrLf2w/utnt+m/H/qxbKdKtCVlnyTJ4XCqqrpaD/78R3rxyV9ozLVXKGntFhWePNVkLdXVDv2QV6i/vbFGEd266vk//Fx/eOjHsphNqqpyaNX6bUr77pB+/Yvb9fSjP1XuDyf00eYvWuVnDnRUx059p5VpvyZQbWeccuqdb37FRmEAAAAAALdyy5qq5+7RXLcBVc0aqjXB6psrkyVJ8XGxKrWXy5qbL4vZ5BpB2hZMJl9NvGG4du39TicKbdr+5X5F9QjXgP6x9dr1691TU24aqYhuIeoeEapBA3qroMimsvKKBvu99aaRiusbre4RoUoc2Fe2UyVyOJwKDuoio9Gn3pIB3/wnSyHBgbpl/DUKCw3WiKsGKTK8qw5bf5Ak+fn56rZbxiimZ7j6xPZQ3149VVC7DmyAxV+3Txmr3jHdFRoSqCsu76dqh1Mni083WUtFZZX2fPO9zP4m3XXbjYroFqKYnuGaeetYVVdXKy39UL3rbh5/jTIP5bo2EwO80cq0X6vKwX8D7VF59Wm99+0jni4DAAAAAOBF2nz6f93I0mcWva1uYSGaNnGkYqMjawNVg2ZNv0F7vzmobmEh6hUdoVHDE1VQWCx7WbksZn9Zc/IUGx0pSXrplSRl1y4l0Fri+8eqW2iw1ibv0KGjx/TTOyfKaKyfNeceL1DSmi06mpOn0yV2SVL/PlGN9lkXFjfH8fwiWXPy9PATr9Q7Htc3WuFhITIajY2u11pWXqG1yTu0Z//3Kio+LafTed69G6vleH6RArtYZDL51TtefKpE9rIKvZW0QW8lbXAdD+sapLLySlnM/s1+NqCz+Pr4ev1Qku7pMtCEY6e/U1r+RiVETPR0KQAAAAAAL9Dmoerc2ZP1xspkWXPza75y8vSnx+dpwthhWr9xp6y5+Xp0wSxJUqm9XAWFxYqNjtR9syfrzZXJemnJe3r0gTsVGx2pE0U2xURFaO7sya1Wn8nkq8njhuuvb3ygqwZfpn69o2Q7Xeo6X13t0OoPt+lUiV0Pz5+p4KAu2rztK2Uezm2V+3ePCFWv6Ej9/Me3yHxWYGn2N+nY8YImr939dYZ27Dqg2TNu1KABvWXNydM7qzY1+76Zh3NVUVFZL3gNCeoii9mk6ZNHa0hinOu4j49BQV0CWvh0QMfncFbrk4MveboMNMOmrD9rUPh4+RiMF24MAAAAAMAlaPPp/7HRkXpq4b1a/Nyv1C00WAVFNVPXJ4wdppioCKWkpun3zy3Vy0ve0++fW+rarGr08ATdN3uy7GXlemnJe7Lm5OmFx+fpqYX3ukautpa4ftG6/6fTdNstY84bperj4yOzv0l+vkaZ/U0qKCzWnv0ZF3Ufi9mk6B7hKiiyqfhUiSRp8KB+OlViV+q+dDkdDlVVVSt133euEbFN9udvksFgUFBggKqqqpWSmtbokgTnGjyon+xl5frgk38rv6BY2cdO6IOP/y1fX18lxPfV5ylfq6h2bdbjeYXan5Ylg+HchRyAzu/QyVQVlWV7uoxW9kstuCFLL1y3TMOa0zz2XT09PksLBzXWYI7mj83SC9e+2HolXoRjp7/ToZOpHq0BAAAAAOAd3LKmqiStXLNFBUU2DUnoL6lmPdBHH5ilkVcnqKDIpvRMq6Sa6et1m1c1FKy2BV+jUYkD+yqsa9B55wwGaeatYyRJT7zwhpLWblV8XK+LvtetE66RJD36f17T+o07FRsVoftmTVLqvnT9/vmlevqlN2XNyZef34VHWl2Z2F+jhidqybK1eu7/vaOI8JB6o12bEhsVoZ/dfYsyD+fqsT/+r1746wpVVFbKaDTo9qljFdcvWotefU+/e/bvWr5qk/z9/S7cKdAJZRW1z03aQmOf1W3R0Rd3bfwU9TJK8r9W1/Zu3bo8rb3+ewEAAAAAOheD09nYHvat66VXkpSRla3Fz/3KtVFVQ6w5eXppSZLsZRW6b/ZkjR6eoB2paXpzZbIsZn/XUgAALt2Rw7kyGAwt+pLU6Pu612d/b+p1U8eawxLQ5iuY6K2v5+vbE5vb/D4tNfqqfbpJi/X0nmUtvPIa3TVqhRIqXtWXPnN1nc96/f2L3yqrqUti39XTA67Vqdx+WvSfhhrM0fyxT6h/xSr97ovftrCe1nV5+AT99MrXPVoDAAAAAECyl1Z5uoQ21faJRK26IHXvgYMaPTxBr7yxRvvSMtUtNFgL5kx3BaWx0ZF69IFZemlJkt5cmSxJGj08QZLOW2MVANpap5v63/u3SrDkK+vQS1qvy3Xl5dfrhp5S1rEzTUKjF2tu/6mK9JNUna3MQlv9Psx3664hv9WQLsGSylVY9LnK3PkMTThVke/pEgAAAAAAXsBt0/+nTRrlmto/b+Ei7UvLVFjtGqvrNqTUa1sXrDa2FMAry9a6q2wAXu5UxQlPl+ASGv247kpYrLsSFive5C9f01jX+6nNWgogWrd1Hyq/Uxv1wTFJx15Tpj1C/aJ/eaaJ+XHde9lUhTq+0BffPah3v/9cfl0vl+WsPqZe8YSGmMuVmf243j3wrDJ8rlVUO1khpD39ewEAAAAAOi+3hap1QemQhP4a0C9GI69O0FML75Uk1+ZVkvTGimQ9s+jt84LVzdv2aPTwBMVERdRrDwBtpdpRpdLKIk+X0Xq6/lYDgsp19PgTqnmqL5V8fK8UMkW3mWvb9L1eUUabjh65Wx/kfKivc57QKzl7Venq5CENCPKX3faaXk9/V18ff1cf7P6njlZ74HkaYCs/rmpH5YUbAgAAAABwCdw2/V+qCVYXzJ1R71hMVISsufl6ZtHbkiRrbr7CQoNd7euWAkhau0Wbt32lgiKbYqIi3Fk2AC9l9PFVgF+oTreT0Y9FOc9pRU7N69FX7VMvbdOKtOavqTqsz7UKk7/C4rL0Qlz9cwkDZ+qDfatr3+WryHrWyYpynbsSzin72fc9oUpHs8toUwF+XWX0aSfDZgEAAAAAnZZbQ9WGzJ09WW+sTJY1t2YdvJioCM2dPdl1vi5YXblmizKysjWgX4xmzxjnqXIBeJkgU3i7CVUviflZXdctQoX5jyv5eP3R/uaeT+hHXe/WDVqtrZKkCIXGSqoLVk3+5/3PIsgyR1JdsBouP7fNe2hakCnc0yUAAAAAALyAx0PV2OhI1zIATbV5dMEsN1UEAGcEmSJ0TN95uozzfJu/XpGOjc1u36//9YrSt/oi4119fe6uUuU36YZhU3VlfLS2Hvpcud3nqn/f1brNsUxZukbXRQ/VmbGfi5VxaqquC31IC+LL9e+TUr/YH6uXsZUe7BIFmZjJAAAAAABoe+1kbBEAtE9RQZd7uoQGFVmf0Ac5Oc1sPVM3hMZIp/Zq67mBqiSdfFFZJVJUxHMaVvac3v5+vfI0VNcO/IvuHjhROvmt7K7GOVq//1ntK5F6xTynuxOfU4K+UG47Wca0V8hQT5cAAAAAAPACBqfT6fR0EQA848jhXBkMhhZ9SWr0fd3rs7839bqpY81hCWj7wfa5p77V4l1T2vw+aB0LR25SZEB/T5cBAAAAAF7PXnru7hydCyNVAaAJUUGXq2/XEZ4uA83Qt+sIAlUAAAAAgFsQqgLABdzU72FPl4Bm4N8JAAAAAOAuhKoAcAH9Q69ltGo7NyBsjPqHXuvpMgAAAAAAXoJQFQCa4UcDn5fZGOTpMtAAszFI0wY85ekyAAAAAABehFAVAJohskt/zU78fzLo4jbVQtswyKC7Ehcroks/T5cCAAAAAPAihKoA0EyDwm/UpP6PeLoMnGVS/0c0MPwGT5cBAAAAAPAyhKoA0ALj+tyve6/4u/x8zJ4uxav5+Zh17xV/17g+93u6FAAAAACAFyJUBYAWSoi4SQ9cvUo9Agd6uhSv1CNwoB64epUSIm7ydCkAAAAAAC9lcDqdTk8XAcAzjhzOlcFgaNGXpEbf170++3tTr5s61hyWAN+Luq61OOXQ7tx/KTlzkU5XnPBoLd4g0BSuSf0XanjUHTLwN0EAAAAAaNfspVWeLqFNEaoCXoxQtfVkFu3UwcIUHSneo1PleTpdWajSyiJPl9VhBfiFKtAvTMHmHuodcpUuCxutvl1HeLosAAAAAEAzEaoC6LQIVQEAAAAAQFvo7KEq8ycBAAAAAAAAoAUIVQEAAAAAAACgBQhVAQAAAAAAAKAFPLIgYam9XOs3pmjHrjTZy8qbfV230GBNGDtME8Ze1YbVAQAAAAAAAEDjPBKqvvLGGmVkZctiNmlAv5hmX5eRla2ktVtksfhr9PCENqwQAAAAAAAAABrm9lDVmpOnjKxsxURF6NEHZinA4t+ia5/5n+VavyGFUBUAAAAAAACAR7h9TVWLxawB/WI0bdKoFgWqkhQbHakB/WJUUGRro+oAAAAAAAAAoGluH6kaHhasRxfMcvdtAQAAAAAAAKBVuD1UPVFo074DB+ttUDUkob9ioyPdVoO9rEKLl65W5uFc1zGDQeoeEaa7brtRlw/o7bZaAAAAAAAAAHQsbgtVS+3lWr8xRZu37Tnv3LoNKYqNitCs6eMUHxfrrpI08YarNWHsMEmS0+HQp//eqzdWfKLf/OIORfXo5rY6AAAAAAAAAHQcbglVS+3lenlJkqy5+QoLDdZNY69SbFTNyNQTRTal7DqgjKxsvfzqe7pv9uQmN6EKsPjLYja1Sl1mf5NCQwJd78dcM1hffvUf5Z0oIlQFAAAAAAAA0CC3hKqvvLFG1tx8jbw6QbNnjKu3QVW8pNHDE7QjNU1vrkzWmyuT1SsqotHlABbMndEmNTocTn39baYsFn/1qr3368s/lCTNv2eKJOmr/Rl6K2mDHp5/uyTpz6+vkr2swtWHxWzSw/NvV1HxKb321vp6/Yd1DdLvH7y7XogLAAAAAAAAoONp81B1R2qaMrKyNaBfjObeNbnRdnWjU99cmayktVv1yAN3tnVpWrchRes2pLjeBwcF6IH7pissNPiC1/aKidSzv5srh9OpiopKvbHiExmNRvWIDFNMVIRefPIXkiTbqRK9+uY6Degfo6BAS5s9CwAAAAAAAAD3aPNQdd8330uSpk0aJalmo6o3VybXazNyeIJG135t3vaV0jOtOlFoU3jY+eGmNSdPpfbyVll7taE1VZe8uVYPz79dsVERTV7razQqJLiLnE7po807VVJapofmzXSNwjWFBKqquloffLxdYaHBmj3jRvkajZdcMwAAAAAAAADP8mnrG+xLy1RYaLArBLXby5Seaa33Zc3Jc7UfmhgnSbLm5jXY38o1W/Tyq++1Sm11a6qGhgQqLDRYt4y/RiHBgcrItDa7j9R932nrjq81Z/ZkRXQLcR13OqXkz3Yp68gxzZk9ud6SBwAAAAAAAAA6LresqRp+1nT62OhILV20sNG2dWupWnPyXAFrHWtOnjKysps1Pf9SlNrLGzxeXe2o9z7zcK5WfPCZbp1wrfr3iap3LnXfd9q4dbfm/WRKvbAVAAAAAAAAQMfmllDVXnYmpGxq+r8k16jVbmE1QeTmbV/JYjFrZ2qa0mtHkNYtJXCpysorVFR8WlLN9P9/7zqgwiKbBtaOqu0WFqz932Ypv+CkTCY/bd2xz3VtfkGx/vHuJ+rbq4eGJPZ39dMlwCxrTp7eff9TXTvscsX0DFdR8Wn5GAzq0sXMEgAAAAAAAABAB9fmoWpMVISsufmuNVLrpv+fLSw0+LxQtVftmqZJa7fWazd7xrjzRrBerI1bd2vj1t2u912DA3XvHRMV1zdGkjRu1BBlZGbrsT/+Q0FdAjRqRIJOFNkkSUdzjiu/4KTyC07qD8//r6uPX/50qnJ/KFBJaZm27NinLbVBrMVs0sPzb1e/3j1bpXYAAAAAAAAAnmFwOp3OtrzB5m1fKWntVo0fc5VmzxjXZFtrTp6e+Z/lCgsN1guPz5MkpR+06o2VySossmnqxJGtNkoVgHTkcK4MBkOLviQ1+r7u9dnfm3rd1LHmsAS4ZbA9AAAAAABoIXtpladLaFNtvlHVqOGJCgsN1qfb92hHalqj7U4U2vTKsrWSVC98jY+L1VML79Ws6TdowthhbV0uAAAAAAAAADSpzUPVAIu/KyT9dNtXysjMdk3xl2o2hdq8bY+eWfS2CopsGnl1wnnT+wMs/powdpgCLP5tXS4AAAAAAAAANMktc2dL7TUbVVlz8/XSkqRG2zG9HwAAAAAAAEB755ZQNTw0WGGhwQoPDVZ8XKysOXmuoFWqmeI/aniiwsOC3VEOAAAAAAAAAFy0Nt+oCkD7xUZVAAAAAACgLXT2japIJACgCcfzT3q6BAAAAAAAWlX3iK6eLqHDI1QFgCbwPxoAAAAAAHAuH08XAAAAAAAAAAAdCaEqAAAAAAAAALQAoSoucZqqAAAMkElEQVQAAAAAAAAAtAChKgAAAAAAAAC0AKEqAAAAAAAAALQAoSoAAAAAAAAAtAChKgAAAAAAAAC0AKEq4KWcTqenSwAAAAAAAOiQCFUBL1Vd7fB0CQAAAAAAAB0SoSrgpaqrqz1dAgAAAAAAQIdEqAp4qYsdqWowGFq5EgAAAAAAgI6FUBXwUtVVjFQFAAAAAAC4GISqgJdi+j8AAAAAAMDFIVQFvBQbVQEAAAAAAFwcQlXAS5WXV3i6BAAAAAAAgA6JUBXwQlVV1aqoqPR0GQAAAAAAAB0SoSrghUpKSps8bzAYWu1erdkXAAAAAABAe0CoCnih0tKyS7qeoBQAAAAAAHgzQlXAyzidTpWVldc7VheStnVYShgLAAAAAAA6A0JVwMs0Nkr13GC1uQEoQSkAAAAAAPA2hKqAlyktsbeoPaEpAAAAAABAfYSqgBcpKyvX6ZJSGWSQwXDmCwAAAAAAAM1HqAp4kZNFtha1J3AFAAAAAAA4H6Eq4CXs9jKV2hteT/VCGgpXmwpcWxLGEtwCAAAAAICOhlAV8BIn8osu6frWClEBAAAAAAA6OkJVwAucPl2qysrKNr8P4SoAAAAAAPAGhKqAFyg4cWmjVAEAAAAAAHAGoSrQyZ04UaSqqipPlwEAAAAAANBpEKoCnVjxyVM6WVTc4Lm6qfqNfW/qGm9VfOSAjtpau9cyHTt4SA3/KwEAAAAAgPbI19MFAGgbJadLlZ9fIIPBUBOG1n43yHDBQLW5wap3hazf6f3Xt8vyQKJ6BUuqzNPebVu0/rNsWcskyahu8Qmaf89N6mepueLYp0v15MeNpbAxemDRLA1Vvj5fuVb22x/WnIFN3P74Jj3x4n79cO5xX6N6RMVp6j1TNCLsEh+xrXyTpHlvqvZ5W27vskVacqDhc0PuW6gFgy+putZxic8IAAAAAOhYCFWBTqjMXq5jx/IuqQ9XGHuJfXQWlXv3KCU4Ts9ES1KuPvmfFdoclKCfPDBZ8ZEh8jt1UJtXJuuPS3z1zMJx6imp5/h5Wjr+/L4OrPizFp+KU7wkKVbXj+yiJ7d9pZ8MHCa/JqsI1o9+O083d697X6XSQqtSVn2kpYvWKOT5GbV9dkKJk7R0TqKnqwAAAAAAQBLT/4FOp7KyStk5x+R0Olulv84UjF68Mu1KPabg+IHqKUmK0vX3/1yLHpisodEhCvCT/MLidPPMeHXLPah9hU10dXyTknb7a/ykYQqoPdQzsY96pKdrV2VL6/JVQFhfTZg/RkPKDivl4EU8GgAAAAAAaDFGqgKdSGmpXTk5P8jpcLZqGHpuXxfTd8cOZw8rLV2KHxvrOhIQHHJ+s7JqVaqLgoMa66dMu9bu1w/xN+jJ3mcd7t5X/cz7te87aXQrTWUvPbJJry9PU1pRteRrVOzwyXro9oE6U3Whdq36UEmp+bJVSb7mUI24fYp+MjSyZrRs4ddatmyLduVWq6p2aYM5s29SfHDN1cc+Xaond/fRQxNten/VYVktV+iZx29Sz0qrNi/7UKvTS2uvu0oPDT+3ukLtWrFG7+wrkr2he1+Uc/oM7alps2/VzXG1T9zg9PwDemXhBqluCYHaNvN+01Mpy/bU/uwClDB9uh4eFXXmVs16RgAAAABAZ0aoCnQSJ0/adPyHfNe0/bO/dM5U/pasoXohrdlXu3XcKquCNSqy8SaVtoNavSpNlUNu1YjGksEjW/V+erB+9Ntzp/mHqUeY9PnRXGlwVCMXN3bjYqV/tEv7zH30SFxdvZv08pLD6vuTO7V4YNSZpQnWdNGfZsRKKtHeZe9qaU5PzXtwpoZGG1V8ZL/eX7NLWUOnKN62Tf/3+VRVjZmuZx+MU0hVrnYtf18vv2DTQ0/PVGJd8Xn79crGPvrJ/HuUGNpFASrU50veU1JVgh557AbFB1Xr6L61WrKqUFKEq+Sja5K09GisHvnd3YoPqtaJ3DS9/9EeWYdOVr+WPX2tQn2+eJneqUpw9Xl031q9/OpyWef9XPMHmlvQ1zG9s9Zfc+bM04JI6VjqWr28OlmbE+dqQnDtvZrxjAAAAACAzo1QFejgnE6nfvghX8UnbRcMNC+0SVVT66i2RVjaYQLYvEL9oGD1OG8jqDx98sJyvV+7fG1w/+F6ZPbARkZbFurzNWkqvfrWs9ZErVMTqhbkFUpqKlS16f0XF+n9esdqRpE+8rubatdTrRkNWzryTt1TF9DWLk2Q8pevlD4jVvE525V0wKjxv5mpEdE1TcJ7j9D8h2peH/0sTYeihuvlGXE1I1v9ojR6/gRlPPaR1qUWK3FU3XjXnvrJgzM1unZjLh3ZrnVHQzXrqcmuEa29ht+tWQf/rMW7z1RcUFQqRcYqPsx85t4PNPHYknRgg+Yt3HDOwdrNvnJ26ZMG7jv/4J+1eMMuzRo4Vg2MK25EF908c4aG1v4b9Ro1QkM/Wqv0TGnCUElHdjXrGQEAAAAAnRuhKtCBVVdXy3o0V2Vl5a0+3b+h/hoa7erdIjXhwZ9rVKWkqkId+ChZf3zepoefnnL+hlEHt2n10VDNnDPwEu4XoPH3362ba0fMVubt1JKlhxQ7dpQr4JPylZUrFaS/p3nbz70+RqWSKnMLVaBIJUY3dI8yWfNKFdy/7zlB5EAlxH2klMxjUl2oGhmhfpYzLSrzCmULilK/4HoXKnFgT+mswHHoLVco9sXNWrj4oCaMild8/zj1C7vAaNL4MXp59rk/VV8F1D1Po/fNl1VqQagarB7dz3kfLKUU5kmKbPYzAgAAAAA6N0JVoANyOp06WWRT/okCVVdVNzjatKlRp2g9fpYQhVgkKUSj7xmnjMc+0uZvpii+3tqoefpkdaZ09XRdH9xwP83jq5CgEIXU9RE8WfMmLtWTyzdp1PMz6gW5faffowVD/M+7PkDtQPeb9OSfRigr82vtSt2vZas2qDRxkp69J7Hx+vwCFNLQOraSWry/FwAAAAAAl8jH0wUAaD6n06miomJ9n3FIx44ddwWqTYandQGrGg5cm7q2ob69b5MqSRZ/WVQ/vKusrGqgYcN/p6r8Zos+yeupWTPiGjyvur59W/53rp7jx2iUMrU6pbD2SIT6RUk/5BQqJDjknK8u8pPkFxmmYOXpQE5DPZoVGxkgW+YhFdc7/p3SDkp9+/dstBa/qDB1O5WrLFv94we+O9ZA4xD1GzhWs++5W88+PUY99u3U58db8uTNvG+vCMVKkl/Nz7ZeAHskW1mteS8AAAAAgNcgVAU6CFvxKX2fcUi5OT+oqqqqVcPOi11PtalgtsMHqWeLDFMPFcpaF/pVfqd3nn9N/3fVLmUVlqhSUqU9V7uWb1KK+uj6ejP8rVq9NlsBY8acWXv0PHkqyJNio5rYCatRA/WjW0N16KNtOiBJMmvEpAQF7N6slz49qBP2KlXai3V072o9sewrlUpS7xGa1qtUny5brV05JapUmUpzvtayJcnKktTrxgT1zU3V4jUHdaKy5tl2LNusFPXRtOFNTKSPHqGbexUpaWmy0gtLVFlZoqOp7yrpwNlhcYl2LH9Dy/fmqtheJVWW6OiBg7LKXwGN/nwuoN59y2r6TE3Sst2+Gj5pRM3U//59lKBsJX90SKWVVSrN+Vqvr0yT7UJ9X9QzAgAAAAA6Oz4FAu1YeXmFbLZTOnnSpvIG1k09Nwg9byTqRSwB0Jz1VJu6tlMK7qt+QamyHi2Tupslv4Ga8xtfbV69Ta+8sF22KkkyqluvOM1bOEWJZ+1UVZq6XZ/aY/TArbGN919pVXqevwbEnbcTVrOEjBqrUR+tVdJHuUq8NUrqPVlPPrhNy1Z9qCc+rlaVJEtUjKZNj6udXh+m6x+aI8uKNXrnL69paZXkaw7ViNun1IzqDB6r/34sRMuWfagnfl+tqrM3w2p4F65aYbr+gTuld5L15+dfq73uKj10u1FPvlPXposSR8Zp39r39Pt3amrzDY3Q9fMuZWmEM8/zyguvyF4l+Yb21LT779HNcbVrtfoN0/x5x/THZe/roc8k36CemjZnjCr/ct7Csxe+1wWfEQAAAADQ2RmcTqfT00UAqOF0OlVSUipb8SnZbKdVWVkzWfnc6fqNjTBtLFRtaOp/U9c15x51rxv63tTrpo61lCXAfX8XSl/xZ71cNkFL5yS2fuffrdGDy6UF56yLCgAAAABAR2UvbWjZvM6DkaqAmzkcDlVUVKqyslKVlVWqqKhQZWWVKisrVVpql6PaIal5QWWTo1SbqalrWmOJgc4ifuxAdVtyUAeUqNaOVQ/sPayA4TMJVAEAAAAA6CD+P04Tx8IwuDuhAAAAAElFTkSuQmCC" height="600" width="800" />]]>
  </system-out>
  <testcase name="VerifyQuickLaunchItemCount_002" time="9.446" classname="testcases.QuickLaunch_CB"/>
  <system-out>
    <![CDATA[<img src="data:image/png;base64,iVBORw0KGgoAAAANSUhEUgAABVYAAAJcCAYAAAASBf/6AAAAAXNSR0IArs4c6QAAIABJREFUeJzsvXmcI1d57v89VVpa6r17unv2xeMZjz023jCbbcBgboKTmCXBgCEXchMCTnAcIL5ZuL/4kuXCjVlNgiEJJCGG/GICARMMwTgEL/GC8die8TIznrFn6Zme3le1tqpz/6iSWktVSafU6m5J9X4YXqt06tVbz1PPOa/OOV0SUkpJYIEFtnKWmoW5U8i5YeTcMMyesv0JzOGfIlKzSAlCUOQ1DcfjApCAQCCRnh5ACIGUsrIvOb/wk8q8Y2IVvFe8UqvUvNBXYfnmKmmrpFF0vj+8PX3BebXhrMqjGs6q/C0P3tXyqIbzqumlKgT84b229FIHnayaXvzhrMqfMs6+ePSH89rUiz+cW0YvDue3tF5U+Av04pu/ltCLn566mfWSPy/Qi7JefPVLTayXigDUhndggRWa/qWTLCQWmZiaJZXOAhCNhOjv7aI9HkMEE6uBBbaGzMwgjz+APHw35uG7YeYEboOHoPi1ymCnCc1HsVLLIK02+FdlNRUty1RkVVEELGdx6OxrKWrV+KtHkVh8fi1FrRqPy1kcuupF8TZV5dE/zqr81f9LST2+TK2WXuqiE0ce66+XenyZWha9+OmmfeNcwZfZKuhFRSetoBfHOIFeAr3Ua1xpIb2oZezJY1PoxQfcgV5ycdX7pTWhl8Ba1hY/fZjhM+OO720aWhdMrAYW2Jq28WcxD9+N8fQ3EGNPOw4ymsiNDWpFiKZpSoPjsg3mVRVnJbbMg+NKFL9L59ejGFk6byW+LC55NZxV+VsevKvlcTmL9jrqpSoE/OG9tvRSjy+5q6UXfzir8qeMsy8e6/Eld7X04g/nltGLw/ktrRcV/gK9+OavJfTip6duZr3kzwv0oqwXX/1SE+ulIgC14R1YYIV28o9/RjKVdnyvLRoJJlYDC6wxTCKf/TbGfX8KE4cdBw9rslR9sINqB9FaBmm1wb9KSGooWpapyKqiCGiGHXjKtY6KFZ1fS1GrxuOa2yHhg0f/OKvyV/8vJcGOVT881l8vTbGjqBX0oqKTVtCLY5xAL4Fe6jWutJBe1DL25LEp9OID7kAvubjq/dKa0EtgLWtH//BhTNP5htE0gbbC+QQWWGC+TCDOfQuh9z2Kds1tyI719hhqiTs3mJmmBFmhCCnxAKZpOg+OJe3ynhJf+n6hFy7eqb3b6CYdvNfgWOrLwi1TvlXgUYa7VzFS6qvgsRacq+KxIF5FnN2KE6/2RTVhffJ2iquKsyp/yvm65e3R3uMG98R51fTigUfVeLu1W0N68YtzAeDuvlQvbnn4yNvJ+8W57nrx0U/7xbkh9KIyrrjx6MZLI+rFcc5BUS8q/XSgl8r8NapeFPhzzdsD54bTi0q+FfBoCr2439jV4+3VvjSsj37JK+9V1csyf99ywqNmvQQWWIG5Tarm3gsmVgMLrJFMC6Fd9GuEb3gS7bV/ArFeAGuQQ+Y9UmA6DXLCwduDZNnkakm73OcACEp86fuFXrp4p/Z2vDITDt6lGHRsXxZumfKtAg83vMu8Ez9uRYoTLz5wrorHgngVcXbB27N9Qdx65e0UVxVnVf6U83XL26O9xw3uifOq6cUDj6rxdmu3hvTiF+cCwN19qV7c8vCRt5P3i3Pd9eKjn/aLc0PoRWVccePRjZdG1ItDXGW9qPTTgV4q89eoelHgzzVvD5wbTi8q+VbAoyn04n5jV4+3V/vSsD76Ja+8V1Uvy/x9ywmPmvUSWGAKFjwKILDAGtnmR8h+812Yw4+iuQ1mCBD2a6+VxwIPlMVxrb4QICUIRe8Vr9QqNS9diaxg+eYqaaukUXR+lbh78Oe48mufVxvOqjyq4azK3/LgXS2Pajir8rdseqkKAX94ry291EEnq6YXfzir8qeMsy8e/eG8NvXiD+eW0YvD+S2tFxX+Ar345q8l9OKnp25mveTPC/SirBdf/dLy68XUQtC3DbO9H9HejxmOQiiKjPUgNB1Sc2hmFswMYnEOkUmgzY+BkV5evVQEoDa8W8KkCWYWaRpgGGBkwcgiUwvWfweWt+d//yHP94OJ1cACa3Qz0hjffT/GM/+CsAcTt+JEE9UXK1A6uNYySKsN/lVZTUXLMhVZVRQBy1kcOvuV+FKiWOuoWNH5tRS1ajwu55cpZ6+Isw8e/eOsyl/9v5TU48vUaumlLjpx5LH+eqnH5MOy6MVPN+0b5wq+zFZBLyo6aQW9OMYJ9BLopV7jSgvpRS1jTx6bQi8+4G5UvZjhOHLgLGTPJsy+7aCHFPUhCc2PwsIE2twoIrOo3C+tCb20kmVTyFQCmUpAOrna2ay6BROrgQXWImY+chvZ//hjhDSRSOcdrDI3aVpdMWn9zzp/2QbzqoqzElvmwXElit+l8+tQvBectxJfFpe8Gs6q/C0P3tXyuJxFe/n5K1H8Npde6vEld7X04g9nVf6UcfbFYz2+5K6WXvzh3DJ6cTi/pfWiwl+gF9/8tYRe/PTUzayX/HmBXpT14qtfqk0vRDswtl6K3LAXqWlqvHnwp80MExo/jMgm6zCuLJNeAlsyI4Ocm0Qm51c7k1WzYGI1sMBayOSxn5D51n9HLE7lBzNcBrlqHw8AuUG2lkFabfCv7mKrTcDp5GUqsqooApphB55yraNiRefXUtSq8bjmdkj44NE/zqr81f9LSbBj1Q+P9ddLU+woagW9qOikFfTiGCfQS6CXeo0rLaQXtYw9eWwKvfiAu1H0Yuoh5JZLMTZfhNDDCjqolj8rHW3iBUITR8DINIZeWt2yKWuCNZVY7UxW3IKJ1cACazWbOU7mX94BZw4UDWKaSxGiaZWLGwQs22BeVXFWYss8OK5E8bt0fh2K94LzVuLL4pJXw1mVv+XBu1oel7NoLz9/JYrf5tJLPb7krpZe/OGsyp8yzr54rMeX3NXSiz+cW0YvDue3tF5U+Av04pu/ltCLn566mfWSPy/Qi7JefPVL6nrJDuzC3PEqiHW48jKTynA6G2JGbyMjQqRFmKloPwKNntQUYZkhLDP0GIus19P0tkXc9ZJNE5o4gj75ggJw1QBQG96BuZtMziFnxmxttIYFE6uBBdaCJk88ROZrv4Aws2WDIQ7FiuvkapHHblf/Yqu6i6w2AaeTl6nIqqLYaoYdeMrfDVSs6Pxailo1HtfcDgkfPPrHWZW/+n8pCXas+uGx/nppih1FraAXFZ20gl4c4wR6CfRSr3GlhfSilrEnj02hFx9wr3W9ZLa/HLn5IsdnqM6ksxzPtDEcWcdCuAMhrJD5S5MghGbHKzhuCtozc2xKj7IltEhPNOyYlj5zktDp/WtbL4HlTWZSyOmRlvmRq2BiNbDAWtTMfV8hc/dNxT9YZRcZuBQfUHnF1xowaxjMqyrOSmyZB8eVKH6Xzq9D8V5w3kp8WVzyajir8rc8eFfL43IW7e56qWfx21x6qceX3NXSiz+cVflTxtkXj/X4krtaevGHc8voxeH8ltaLCn+BXnzz1xJ68dNTN7Ne8ucFelHWi69+qco09DDZXa9DDp4NQhThuJDOsN/sYji2uSgfIYovQEjIT6wKO7IEEEgbJykl2xaOsieUIB7WyxLWEpOETj6OMLOVM68IQG14B1bZpGnA9BlkenG1U6m7BROrgQXWwmb84ENkf/a3xZOrBd7p8QDgseJrj1VWvPoVW1VZTUXLMhVZVRRbzbADT/m7gYoVnV9LUavG45rbIeGDR/84q/JX/y8lwY5VPzzWXy9NsaOoFfSiopNW0ItjnEAvgV7qNa60kF7UMvbksSn04gPutagXGeshu/sq6NlkH7VwzpgmB5MRDnfs9LwgCzeJmTUAgaZphEIhkNZxEEgh8rznpp92LTzPOdEUEV0vSk9LzRI6+ThadnHt6SUwB5PIuQnkwsxqJ1JXCyZWAwuslc3MkLnjFzFP/BfCHj1Kiw7NoQjBoYgpHYWKdq76qtq9RrkSW+bBcSWK36Xz61C8F5y3El8Wl7wazqr8LQ/e1fK4nEV7Zb0sV/HbvHqpx5fc1dKLP5xV+VPG2ReP9fiSu1p68Ydzy+jF4fyW1osKf4FefPPXEnrx01M3s17y5wV6UdaLr36pwsfrYTLn/yKiZFJ1Np1ln9jATLQfUxRflvVCQ0pJNpthamqK0dEx5ufm0AX0dHfT29tDR3snsVgMoWtIoeUhL7Se1AQXG8N0t4WLcBbJOcLHH/HeuVoRgNrwDkzNzPlJmJ9a7TTqZsHEamCBtbolxkl/+dXI2RMIBIjyYsV1crXoePEgjRDV1Qw+Bv+qrKaiZZmKrCqKrWbYgaf83UDFis6vpahV43HN7ZDwwaN/nFX5q/+XkmDHqh8e66+XpthR1Ap6UdFJK+jFMU6gl0Av9RpXWkgvahl78tgUevEB91rTi3HO6zDWn4uw4+cmVR+M7CKjR5Ei97m5DARISC6mOH36NCMjIxw7fpzTIyMsJhaIx9rYsW0rbdEoHe1xtm7bwtCGjUTaYnZ8kf8cK7QknE1zeeoQPdFQUZqhhTPoJx5fW3oJzNUkEjl9BpILq51KXSyYWA0ssMCQxx8g84/XFBUbpT9YVTa5iqBwEtZpNBK5wdZX1e41ypVeQIXmioPjShS/S+fXoXgvOG8lviwueTWcVflbHryr5XE5i/by8+tR/Da3XurxJXe19OIPZ1X+lHH2xWM9vuSull784dwyenE4v6X1osJfoBff/LWEXvz01M2sl/x5gV6U9eKrX3L/+Mymi+Dsy220rOMnkpLHO/YAtnYQIDXrtX1tkxMT7Pvp4xw9cpS5+QWyRhZDmkgNero66Yy3YWbTREMaQ0MD9PQP0D80xIYNmwhHY0iseAiTwue0XjL7DJvb9KJM9fHnCY0f9slfbXgH5sOkiTkxDNn0amey7BZMrAYWWGAAZO64BvPYA1BQbJROpnrvXHUepBEVdq76GPyrspqKlmUqsqootpphB57ydwMVKzq/lqJWjcc1t0PCB4/+cVblr/5fSoIdq354rL9emmJHUSvoRUUnraAXxziBXgK91GtcaSG9qGXsyWNT6MUH3GtFL2bvZozzfwk0LR9nJmPw49j5CFH6mcL6YSopGRk5zX0/uY+Tx09iZLOkM1mkgKxhoIXDRMIRzHSK7s52NqzrJ6TDQiqFCIfpHxjgkpe+jN6+dVZcIQGz6ApfM3+gbOdq5NTPELOja0MvgVU2I4M5cRJMs3LbBrJKE6vaCuURWGCBrbKFXv1HSHuUyRUvpllcfJiFxY7dDml7WPIseSll+fuFXrh4p/Zuo5t08F6DY6kvC7dM+TrgUfq+oBhPz+K91HsVk4iacfbK2yluRZzdihOv9kU1YX3ydoqrirMqf8r5uuXt0d7jBvfEedX04oFH1Xi7tVtDevGLcwHg7r5UL255+MjbyfvFue568dFP+8W5IfSiMq648ejGSyPqxXHOQVEvKv10oJfK/DWqXhT4c83bA+eG04tKvhXwaAq9uN/Y1ePt1b40rI9+yam9qYfI7nodUtPy15E2TR6MnoMQWsE/HSE0NCHQBIycPsV9//ljRkdHaItFMYwsbbEI/f29tHfEaYtGSCymmEukSCxmyEqNdMZkYSHB+NgY+598igfvf4Cx0VGwORJCR6AjCCFEiIfie0gbRlG+mYFzq+evAI+a9RKYP9PDiK51q53FilswsRpYYC1iYusV6Ge/wRqMhF2siPLJVWswWnpf5kcjEPYSpqDY5z9DiHIvXbxT+5J4S4EdvEsx6Ni+LJzL56vm64JH4fuFOHquqJe2cysuS9rVgrNX3k5xK+Lsgrdn+4K49crbKa4qzqr8KefrlrdHe48b3BPnVdOLBx5V4+3Wbg3pxS/OBYC7+1K9uOXhI28n7xfnuuvFRz/tF+eG0IvKuOLGoxsvjagXh7jKelHppwO9VOavUfWiwJ9r3h44N5xeVPKtgEdT6MX9xq4eb6/2pWF99EtO7c3150OsowiP/5LryehtCDSw/1nvW8mmkgkO7H+KYy+8yI5tW5ibmSUcidLd3UNbWwxN06wdrOk0WcNkfiHByJkzpLIZQqEw4VCYjo4OUskkB558iomxcTShodmTt0IIBIKsHuMhsaEoXyJxsuvOVr7vatZLYP6trQMRiqx2FitqwcRqYIG1kIWu+hhLK7hLRYjj5GrufdtLWb5CW8vODsf2uCwdOq0wuhSDju3Lwi1TvlXgUe+dErXgrLpyXxFnF7w92xfErVfeFXdKVIFz3XdIuOXt0d7jBvfEedX04oFH1Xi7tVtDevGLcwHg7r5UL255+MjbyTfFjiLpAniVODeEXlTGFTce3XhpRL04xFXWi0o/HeilMn+NqhcF/lzz9sC54fSikm8FPJpCL+43dvV4e7UvDeujXyptJ/UwxuYL8/gCPJcUzLQNIBAIEUKgkZtg1RCkkkmOHn2eM6On6e3uYm5mGiFgcTHNqVOjvPDCcSbHZ1hYWLQ4C4EhMxhkkUKi6xo6Apk1GD8zyr7H93H/ffcxemYUKzVrAje3U3Y2NsihlFaUt9G7HVMLVeavAI+a9RKYbxMI6Oxb7TRW1IKJ1cACayETQxcgdv9CfiWXgmKkbHKV8hXf3NKe444AWbJin/Oy+hVUpZVfl2LQsX1ZOO8Vzpp3HHityLsVg6Xt3IpLB1784qy6cl8RZxe8PdsXxK1X3hV3SlSBc913SLjl7dHe4wb3xHnV9OLVf1SLt1u7NaQXvzgXAO7uS/XiloePvJ18U+woEi6AV4lzQ+hFZVxx49GNl0bUi0NcZb2o9NOBXirz16h6UeDPNW8PnBtOLyr5VsCjKfTifmNXj7dX+9KwPvql0nbGhgvQ2jrz+adNk6Px7WgChCbQhYEuDIQQmELDzCZ54rFHeOHgIRLTk3R1xjENQSZtML8wz8z8AjOLaZJZk2TKJJFNI8OS9s44GdPk1OgkJ0+Nc2p4nLFTZzhz+jRj45P8dN9T7D/wNOlkyspPEyCE9d9C44WOnWRMuZS/Hsbs216ZvwI8atZLYDWZiLZDJLbaaayYBROrgQXWYqbv/RVrEhV7JbegGCmaXMV65mrZSjwFK4UUHzfth1SvyMqvSzHo2L4snPcKZ807DrxW5N2KwdJ2bsVlSbtacFZdua+Iswvenu0L4tYr74o7JarAue47JNzy9mjvcYN74rxqevHAo2q83dqtIb34xbkAcHdfqhe3PHzk7eSbYkeRdAG8SpwbQi8q44obj268NKJeHOIq60Wlnw70Upm/RtWLAn+ueXvg3HB6Ucm3Ah5NoRf3G7t6vL3al4b10S8VtjO1EOaWi4tweCEdIhuKI0QIhAbC+j0rqYGuCWYmxzl17Chkkwx0dzIxOkI6k2E+mWUhK0hrOllgMZ0hmU6iZTXCSZPs3Ax6KknUzNIRFqzrCDHUEWFrXwcbu9sJZU1Ghs+wuJi0vosKgdDsRwIIQSYU48VspCj/bO+2yvwV4FGzXgKr2URX/2qnsGIWWu0EAgsssJU1fefVCE3DlCaaQ1FimhJNK3gtpd0Oux3Wa7CLHvs4xSuF+eNSwdvxyqyaFV8vXxbOesPKt8RLHz4XzyFu1SvsbsWhU5FZFNc/zmVeOPiC8/zi7cifA4/KONfAozrOqvwp4uyDxyUgG0QvHvzVjvfa0YtvnXjx58DjSujFP8511osKf3m9+MO5IfSiohM3Hh112KB6cThfGW8n/gK9tJ5eVPjzg3ej6UVlXGkFvdhxqsLZA++q9eID50JPzyZEJJb/gIxpciR+FkLYyQnrn5AghAbSpC0kWNfTQdYwCYV6WDgxyvTEPLNJw2IonSYiDNpCGnEh6IpGWd/fxY7tgwwO9RJvjxGORenr7CQsJPH2Th576jm++6MHmRg9wczsFF39PWBzUHgPvtC5k+2LzxLRNQtvPYLZOYg+N+rOXwGPNeslsJpNhKJIPQxGZrVTqbsFE6uBBdZqFu2GjZcihh8rm0QtmlwtKHKKd67ar+3ihtxxkXvfNlFyvNTj4POjXImpDo6lviyctJpLiVVrVOHx8JT4ovMVivdS71RcUnxeLTiX+QrxKuLsVpxUyV9FvEtxrolHNZxV+asF54r8lVWL/vBecb148leDTtaYXvzirMqfcr/ki0d/OK9NvfjDuWX04nB+S+tFhb9AL77rgzWvFwX+/ODccHpZlnGlifSSB84fzsp68dUvLXmjf4cd3np9IgXZtjZ0YR8VOlIIEBKk9ZRVHZOwBjOzCZIZweTULIZI0hEVdEd0usKCoa4I2zcMsGXLZrZu28iGjZvp7l1HtC1GrD1OKBZBCws0I0MqlaV7YIAzE5Pc++gzTExMsXn7doSwJk81hHWvA9lQjOFsiO2akcfb7FiPNnemKv5q1ktgy2PROCRmVjuLulswsRpYYC1ooXN+ifTwT9FE+Q7VnDdl6XGWdq7aRYTbim/O6rryq1q0FIWz3vC74ltxBb8gXjPswKt55deJPwcelXGugUd1nFX5U8TZB4+Oxfxa1osHf8GO1Qr8OfC4Enrxj3Od9aLCX14v/nBuCL2o6MSNR0cdNqheHM5XxtuJv0AvracXFf784N1oelEZV1pBL3acqnD2wLtqvfjAudDTs9lOwzpvJNRrx9Ds+BpCSCQ6GgKBgZRZero70fQIx4bHCOka7dEQe8/dxe4NvfSHUmzsCjPQ3Un/hgHiAz3o7V1E2joR4XaEFsZEI2ua6IDQYGhoHZddej6PPvMiCwvzmIZBOBRCCKzdspr1w1VSSkYi/ewQY3m8zXivN38FPNasl8CWxURbO7IFJlaDZ6wGFlgLmn7OL1iDkz3YFj5blYLipuhZrLDkkUhp+aLjTl64eKf2bqObdPBeg2OpLwu3TPmW5O0Ut2xF3quYLPVOxWVJu1pw9srbKW5FnN2KE6/2BXHrlbdTXFWcVflTztctb4/2Hje4J86rphcPPKrG263dGtKLX5wLAHf3pXpxy8NH3k7eL85114uPftovzg2hF5VxxY1HN14aUS8OcZX1otJPB3qpzF+j6kWBP9e8PXBuOL2o5FsBj6bQi/uNXT3eXu1Lw/rol/Lvt/dhxrryeadNg/H4ensyVeT/aUKzJjgFSMMgnUgSCYXoaI8jkJy3+ywuOmcHr7z4HC674GzO3tjPUE+MjphGSDMgA5oZRtNCSCExZAZTZtEMEIZAl5K4brCht4OB3i4SiQSGadqfLYpyEUIw2b6JtGHk85bhOGa0oyo8atZLYMtjkTbQ9NXOou4WTKwGFlgLmujfDf27rElV6TK5SvHKsHWi5a2VTkDar0W5zxU5SJy903m5uGUJO3iXYtCxfVk497yV8i3J2ylu1Svspe3ciksHXvzi7JW3U9yKOLvg7dm+IG698naKq4qzKn/K+brl7dHe4wb3xHnV9OKBR9V4u7VbQ3rxi3MB4O6+VC9uefjI28n7xbnuevHRT/vFuSH0ojKuuPHoxksj6sUhrrJeVPrpQC+V+WtUvSjw55q3B84NpxeVfCvg0RR6cb+xq8fbq31pWB/9Uu797Lqz0YSWz3skDUJo9isdTdMRQiA0iRA6Ah1MMLIGmiaIdcQZ3DDEpo1D9HfEMBPzaIAWiWKGYizKKHNJnVQSskkTmZHoZgbIII0MWtZAM0Eg0WSGeEjS1xUnJCyeLa5BCCvfwn9TRjHeMr6uKjxq1ktgy2ICAZHYaqdRdwseBRBYYC1q+qaXkRk7hKYt/UBV0WMBKF5BhtzK79LoVLiSjFD0OPiiUa/A3AZHeQPaRz6BaCtpnzyGfOpDmPfcC4B49zG09u9hfOm3AOschm/A+KevIwR2MZbzWxG/vh+R+gOMf7x96TgenhJfFM+j+Ktlp8Qy4FzmK8Qrwh8PXzV/xb4It2pwdsS7gs/HU8NZlb9acK7InywF0B/e1fJXG87V8leDTtaYXvzirMqfcr/ki0d/OK9NvfjDuWX04nB+S+tFhb9AL77rgzWvFwX+/ODccHpZlnGlifSSB84fzsp68dUv2T4at38zw+JtVkSBwt2qGpqwHvuGEEgEBhqpTJpUJoOUGkKDkZOn2L6ul3AoAtFOhs+MMXZqmExWEm1rY8NgN5vXz7NhQ4L2zgjoERYysJBIk5UakSi0iRRp00AISSSko9uTutK+8NIFngkRZ5BkHm9TD6HZ1+XFW816CWzZTETakMn51U6jrhZMrAYWWKtaxyBCLE2mOk2uFv6AFWAXLZBfVcR6rQn7dYkHQBacV8kjnMc44eALahn5VDfmd3PHtyLe8DXEy25HO7Mb8ynnyxfbbkDr+SfkjLQHcNtf9gXEeuCYPbDbxZqntxPK+4J4Va+wuxWHTkVmUVwFfJ34K/ROPBacp1QkVuKvlEdZBd6lODvgnfcVeFPHWZU/RZx98OhYzFeBsyp/teBcLX+147129OJbJ178OfC4Enrxj3Od9aLCX14v/nBuCL2o6MSNR0cdNqheHM5XxtuJv0AvracXFf784N1oelEZV1pBL3acqnD2wLtqvfjAOY93vLeIxxm93frTewRCE2gITGFfk5CYmiAjYCa5wKkzo5honDo9isxk6OjczPpNG5lYSHL/vmeZmZwhnTaZm1+kIx7i7E39vOz8LZy3cyMYYY6eGOfJF44zvpBk08b17N6yHikkiWSKgbY2dDsPBBQ+mkBKiWmazIW7QSaX8I735fHw4jFy84OEBosxlKM/IvPlW8hOuuPsbtcR/ZObEAcuJ3ln+bvatZ8i8tKL0WJR67MWT2M+djvpu+51/5grPk/sTf0YN19PuvC/r/s68cv6ML7z86QeUMlxjVoLPAogmFgNLLAWNa1jqKz4KJpczb2muEgBgVlQ7GC/j3D2QnN5HwefryZKrFLRUfT6OPKezyDO+zvYCrhMrBJ6CeKN70T+/19naWX3crRLLoNs0gqbPy6t8G6eEl94nkrxXuqdistSPip5D5yDHavV46zKXy04V+Sv7NuVP7yr5W/N7ygGz0xeAAAgAElEQVRaY3rxi7Mqf8r9ki8e/eG8NvXiD+eW0YvD+S2tFxX+Ar34rg/WvF4U+PODc8PpZVnGlSbSSx44fzgr68VXv4R9HVoRj5qm2f90BNZEpihIKvf9bSGxyMT0LLoWJhYOsee8c7nwJXvp6urk4R/ey5mRMwxu2ExbvItnnzvIi2OzTE8nILvIlk3rMRILPLf/EMdOn6ZtwwaGOtcx0NnP8OQZTAmdXV2EQqE810JQxKn1z0qrmD8q8gYgj3yOxS/eaeG94d1EP3AD4bc8TPbL36+sFwUTb/wS0Su3IX96K4t3fh/JerQrbiBy/l7gXvWAd15PwmHyth6mv+cuouf3e7SYIHvHtaSfrOFDgonVwAILrGmtfSg/+DgWJ1g+N9kqJfZOVuyBF5ZWau3Xwnpd6JG5AbIKn49XYsLBS5fXEhDdVu/mUOvkTB75Eez8LUT312HGOlG87A8RPftheHf+erDx8PT2Bzut3DfDDrycVyoSK/HnwJsyzg54530F3tRxVuVPEWcfPLre4BVwVuVvVXYUNbBefOvEiz8HHldCL/5xrrNeVPjL68Ufzg2hFxWduPHoqMMG1YvD+cp4O/EX6KX19KLCnx+8G00vKuNKK+jFjlMVzh54V60XHzjn8Y50FPG4GGoHAULYccXSJKYAQmhENZ2OaBxpgtSgv7+Piy96CWft2Mqj//UQzz65n5mZBLOJDL3r1nHe+Xt48okDJKammVrIEu0eoHOgjaEXJzk4Oc2cYbK4mISsQWdnO0Prh+jt60UPhZCaAGHa10QRh4vhTkidyeMtw/GlNh48FvEhgdN3YJx6N3rfJbC1n8jb340+2GnRs3iYzNfeS+agtdNVn7MnZCl87UQ2wMWELzofjv0jyTu/bx8bwXzgFpL2blPxio8RveZqtBjAHOZzXyH15Tvd5Vq6e/X8NMbkevRNndb5D91C8luPAC8n/MGPEt7WD6Qwn3sa9uxCfufnSY39DtG3vhm9LwqkkMN3k/rsJzFLPso8cgx5fn/+Ni2z2WOYx93erNJaYGI1+PGqwAJrUcvtWMUeuEAUv5YFRY49Opmm5SXWWmHhiqGU5NsVeom041LscfBuw4t08MLt9QWIN/0WtB1Deq2szX8IObIL8Us32J9/BeKSl8LB/41ZcF2e+ZbkXbSCavuyFXmvYrLUOxWXlPPiiG8VOHvl7RTXEXcnX2pe7Qvi1itvp7iqOKvyp5yvW94e7V0Br4BzRR7LwvnHuch74FE13m7t1pBe/OJcALi7L9WLWx4+8nbyfnGuu15U+JMugFeJc0PoRWVccePRjZdG1ItDXGW9qPTTgV4q89eoelHgzzVvD5wbTi8q+VbAoyn04n5jV4+3V/vSsD76pdz7MtpelHci0mMlISRCI/8PIexHBJhEpEk7YaJahMX5RcLhMIPrB0imU0yMj7N+YIh1A4MMDA1x1s7t/Mpbf5G3vfFKLty9FSOZZn4+QfeGfvp3bCTSv46RyUnaBnp4/uRxiEQZ3LCRWKwdgTVFr0nQyE3wCjTNmqpKtvUU8xaOVYVHER8CxI4PoG/sRE4+DsefxnzocyRvvpzEze8hM7eL0FXXOQNf0a5B6wM56jbzeh2Ra65GnLqdxZsvZ/GOR2DPB4heu776j4htRRy/lcWbf5n0kTTaRe8mBGjvupnwtjTZO36ZxM2/STa8Kz/BF7rqGvTQI9Y1fuZWjLG0Y2j5wI0kv/O48223+Djpv7yR7FT1qTqa1vzTjsGOVSyRzmYSzKYTzGUSpM0MACEtxKZ4P72RzlXOMLDAlt9ExyBUU5yQW/HMrZQurdB6rvjmvMT+c5KC18ux8iuXXosLZ9AvXGouk4fgP96FPOGFwHHkj+9FvO1/oG37InLT/0Z0PIb84gOIX11aLUVWsRJsJ+S0ct8MO/Bq3inhxF8pj7IKvEtxdsA77yvwpo6zKn+KOPvgsbhqrIB3DfzVgnO1/NWO99rRi2+dePHnwONK6MU/znXWiwp/eb34w7kh9KKiEzceHXXYoHpxOF8Zbyf+Ar20nl5U+PODd6PpRWVcaQW92HGqwtkD76r14gPnvKeAV4SFghBLmAJ67tqEJITB1Ngpjh94ir2bN3Ho+AkSCwmkHqItFuacszazZ9MgY+MTZAzJhk3raZs5ySvO3khm9DSHj8wxeuo0u3fv5uKXXsrgjh0kMyYDvT20R2BkYoLQ8Cx6OIQMCRDWc15FDihBnsMlWJf4y12Pp14AsfMm4rfeZEdIWc9Y/dfvQ++b0V75AcLX/C9EOPcJu5zYrN1ecSVabALzoTssWp+8BfO/PYi+9c0wWWWMxafJfst6Vmt2cp7Izn40QNu4AYb/mfSTIwBknzhMeKd1HcapEeTOi4l84OMYB79N5mu3uXYP8oEbSW38OtHLtuVvVzLHyH5tGSZVW8RaemJ1ODHOA6MHuP/Mfg7OnmA6Pc9cZjE/sRrVItxx5R9waX8wsRpY85koecZq7oeq8j9cRfFxe4SzvLB8/lmrVpXh6k3TRGha8XEcfL6aKLEKRYd8shvzezgWIV4mj/wB8sxPEa++BbovgKcvQwrrAwW5Ad32eHhKfOF5KsV7qXcqLik+zwv3SjiX+Qrxyoo9N6/CX4GviHcpzo54V/D5eGo4q/JXC84V+Sv7duUP72r5qw3navmrQSdrTC9+cVblT7lf8sWjP5zXpl784dwyenE4v6X1osJfoBff9cGa14sCf35wbji9LMu40kR6yQPnD2dlvfjql2yfWkC2deZ5i6VnycT7sCZXsXas5i9FA5mhLRzirC1b6OzvZi6ZYDwxz/CJE/Ts3smGwX7M2WnO3noe4VAYw8wiswZjoxOkFxNITDKpRcxMmnhXnJ2b1pNIZonEokQigvGZWdoiUaKRKJqmYyKRGkhpIytzQEjaklM2LDZwmUQeDy/egOJnrBbiet11hAbnyf7zB0k/9jzh332QcBgHu7iKGbO7MSevQd/4OwjcJy9X2uRd7yV54DpCV16JfsXHCV/1NOk/vpGsS3vzzg+T6ft7Ijutxw0Yd3+Y9MFlSsYsfQBB81nz78l1saPzp3nbf/4JNz36V/zLsfvYP/UCJxbG6I92IU1JIpvior6dXNR39mqnGlhg9bFod1GxYNpFiWnaHtvbx4Elz5KXBcdzxUXxyqiLL21XELfMhIOXFV4XehcT4gTyP74Jmz6EFnoA+YMTVn445O+UrwMepe9XvcJe2s6tuCxpVwvOXnk7xa2IsxveXu0L4tYrb6e4qjir8qecr1veHu1dAa+As6peasG5yHvgUTXebu3WkF784lwAuLsv1YtbHj7ydvJ+ca67XlT4Ey6AV4lzQ+hFZVxx49GNl0bUi0NcZb2o9NOBXirz16h6UeDPNW8PnBtOLyr5VsCjKfTifmNXj7dX+9KwPvql3PsiNVeUd7uRsI7n/4EUYGog0ECECMU6aOvo4cCTB3h63xOct2Mng93d6Hby8/PzLM7OEiFLVAeBtTFndmaGofUb2H7WdjSRxcymiYTD9PT1Eo/HwDARpsmm9evpau9AA4QmMIXA1HLXKslNrMay80V4a5nFqvAo4qMU76T9Z/Fzz8M5H0UfXGouMyB6L7byuvA6tD5nPpZsH5knDsCma4he90b7Y9ajXfEx2j7wO4iH78dc7Ed75bsRgLjwY2iDKeTxb1cKXNGyp07DplcTuXA9cDahl+7KX6b2xt8j1Pc4mX+4keSdjyBj24r+wrPcRsh+8RYyzx3AuP8WUg+M1Jxf3gy36dzmsZbcsXpw5gQffPQvOTp/GgBNCC4fPJ+93dv40el9LJpp+qKd/OEF70QXLTv3HFgLWGExomlLP1RlmraXSztXwZ5kZWmy1WnFNxePMo89qC3zym/p+zh4r+s//luY94FIfsK+LnBcgcfDU+KLVow9ir9l2ClRjnOJ98BZdeW+Is5ueHvxV+Br25FSpc/HU8NZlb9acK7In3SqytXxrpa/Nb+jaI3pxS/Oqvwp90u+ePSH89rUiz+cW0YvDue3tF5U+Av04rs+WPN6UeDPD84Np5dlGVeaSC954PzhrKwXX/2S5ZFmEY+atpS3Jqw/wpfCmhcRmkCgEe3ooq23l/m5GVIL86zr7GTzukFSyQVmZmYZm5xCZtO0hQVt8TiRaBgR72JsPs3ec3Ywn5LMTC8QN0No4RjhUBbTNMlkUsTbIgwNdmFEI6SFwBQWJsI0EUJa2AqJ0CSaJm1YCnGnIm+OfORe33U7mbM+Rvg3HiSUOYYxOgf2jtXM9+9Gf881tN36ICwexpx15qOIm++/n1T4U0ReejOxy/6XdWzxNOZjtwP3kr57L9FrbiB26w1YP171RVJ3jcAVlWN7mfm1W8kMfIzwu79J6N0pzOcOY7INsiA6LyF05VsIvx0ghXnkTjJevz8CwCNkvvxIbUk5mTSWP+Yas5acWP37Iz9k/9RRAC7t381v7v4F7j29jy8//30ypkX6u8+6mgt6d6xmmoEFtgJmDT75yVStoDihuEgByK+A5l4jrLFKFHhpDcqFr/O+0rNW7XgOaZZ76fLarWhxCivsBg/9dv56KbteWdnbH5T3YslXvcLuVhw6FZlFcT3wrIBzmRcOvuA8pSKxEn8OvCnj7IB33lfgTR1nVf4UcfbBo2MxXwXOqvzVgnO1/NWO99rRi2+dePHnwONK6MU/znXWiwp/eb34w7kh9KKiEzceHXXYoHpxOF8Zbyf+Ar20nl5U+PODd6PpRWVcaQW92HGqwtkD76r14gPnvF+cRvRuyfPYlZljKh/X+kwdgS4FEg1DgIi10TU0QE9/H1uyGV44eIjdZ59FvDtOIp1hcm6RMJLujjjRWDttsQ4ePPAoz43OcvTHj/DE/hgv23s2e/fsZvf5cURIBwGmkSUU0ojoMealBppm74K1c0EikAhhApKuzKwNn4W3lprP4+HFY/qTl3vg+wiZz/08GScCD/45yT/6cydmSf3xnY7HAcy7PkLyLpc3H76F5MO3lB9/4EYWH6jw33deT6LwYwtf925APnkLi599BMl69Hf9JdHMCJmHwXj4ehbd011ZM4KJ1aazRDbFgekXaNMjXL/jdVy3/TX8y7H7+c6JB/OTqtvah3jr1isQ+V4wsMCa03JFR26nqmtxU3A8PypJQf5Zq4XvV+tx8PnRrjRRXAbF2zE/fXt5EVLi5R3bWOrOb8f41O1Wcymxao5ib/7jVvs1S8fx8JT4ongKxXupdyouS/moAedgx2r1OKvyVwvOFfkr+3blD+9q+VvzO4rWmF784qzKn3K/5ItHfzivTb34w7ll9OJwfkvrRYW/QC++64M1rxcF/vzg3HB6WZZxpYn0kgfOH87KevHVL1me5HwRj50yWRBZYM17CISwEhBCYGoabb197Nx7AXv2nMfJ4y8yfOI45607j1AoQiojmZ5L0DU7S7yzg7BpcPDw88wvzBM1JGKwk2i8k/b2DmvCNpPBlBmMTIqMIcnqus2w/elSgtDsy8/99aRJbzYBegHe6SqfsVqrXhrBBreiv+IDhK+xnp9L5jTGw7eTWe28SkxmkpUbNbi13MTqVHqOjbF+3rfrGi7qO5vfe+xL/Nfo02Tt7clDbb3c9rLf5pzuLaucaWCBrYDZg0/RTlVZ8ENWRR67HTit+GJ7a4wqeC2XfG5QW5aVX9WipSic9UbNOyRyPhfPIW4z7MAr5U8Vb0f+HHhUxrkGHtVxVuVPEWcfPDoW82tZLx78BTtWK/DnwONK6MU/znXWiwp/eb34w7kh9KKiEzceHXXYoHpxOF8Zbyf+Ar20nl5U+PODd6PpRWVcaQW92HGqwtkD76r14gPnnNfHj2DueIWdhmBAMxBo1iMBhLT/CUxCICQC+7EA8Tgb9+6FuVlOjY1w+IXn2XPxucRibYTDEWYXZhgdmyQWC9MWDXPuliE6onE2bN7CxS/Zy1lbNtDeFkYaBkYmjWEkyKSSpM0Yhh4CoRf86E/+AasgJbmJ1C6RY83CW09M5vGoq14awQ7eRurjt612Fp4mkZBaXO006m4t9wDRmB7lI3vfxrVbXsVtz/4r9515Kj+pGg9F+aOXXM/LB861B4rAAmtuyxUdpmkNprkV2PyzVE3b21W2zHl7FCo8LgvfL/TCxTu1dxvdpIP3GhxLfVk4l89Xzbckb6e4ZSvyXsVkqXcqLkva1YKzV95OcSvi7FaceLUviFuvvJ3iquKsyp9yvm55e7T3uME9cV41vXjgUTXebu3WkF784lwAuLsv1YtbHj7ydvJ+ca67Xnz0035xbgi9qIwrbjy68dKIenGIq6wXlX460Etl/hpVLwr8uebtgXPD6UUl3wp4NIVe3G/s6vH2al8a1ke/lMc7MQWLM/m8I7pG38Kpgg+UCHtyFWE5TWhIXSfS00+0f5DOwY30rBtC00JEomGi8SgpQzI2Ncfw8BnmZmfYunGAc3dsZLAjTHJylOOHD3L00EHGx8fJmgamkcUwBRkRwhS69XxXYU2GWhPF1vNewXrdNz9M2H4erEQiMglIzVaFR816CWx5LJ0Eaa52FnW3ltux2hftpDfawY9HnuSJqaNcs/kVnNW5kcsHzuXivrPpiXSsdoqBBbaC5vwYAKdnrVqDT/HSa24BwmmlMH9cFnuk83FrDFRY+XUpBl0H0aJw/ld8HX0unkPcZtiBV/PKrxN/Djwq41wDj+o4q/KniLMPHpeAbBC9ePBXO95rRy++deLFnwOPK6EX/zjXWS8q/OX14g/nhtCLik7ceHTUYYPqxeF8Zbyd+Av00np6UeHPD96NpheVcaUV9GLHqQpnD7yr1osPnAu9NjOMjHXneRtMjzPL5qL4ArGUL2Cik9UEeqyLvm07MabHiETbCIV1IvEIMhJmdj5FaHKBoal52iIhhJGgJ95BdzxCe3ucSDyGHo0ghSSLJE2INFFAt6+hwGTxpa9bHF36jQ4EWmLKm78CHmvWS2DLYjK5sNoprIg1/8RqegGZTSNi3SCsDbpCmrxWi3Kl6EEeexrT+Bmi5wm0gV3Ic69BdG1c5aQDC2xlrGwSVRb8kJVTkSMLipqS44gSv1SdFR0X2tL7ZT4/ypUmitrgWOrLwkmruZRYtUYVHg9PiS86X6F4L/VOxSXF55Xh7sCDG85lvkK8iji7FSdV8lcR71Kca+JRDWdV/mrBuSJ/ZdWiP7xXXC+e/NWgkzWmF784q/Kn3C/54tEfzmtTL/5wbhm9OJzf0npR4S/Qi+/6YM3rRYE/Pzg3nF6WZVxpIr3kgfOHs7JefPVLS16MHUGuPy/P23otyYvZJGYkhjXBKUBIcpOdEhBSItExtBBdg+tZkBn0cAhdM4lEQ5haiLm0JN4WYiFl0D/QD5hsWD+EFooSjrUzsGEzItZGKruAYZikzTBGqA2JbqMn8veddcACR88mGZQppCSPtzY/UjV/NeslsOWxVGK1M1gRa9KJVYl58nGM5/8T88TPIJtEdG9C23E52qaL0dbthFgvYsNepBAwcgDz0I8wnv43jGfuRj/vF9DP+0VE59BqX0hggdXVhLAnUe3JTk0r2MGKwzNWRW74E0isP9bIHbfGPJGPK3Nelvj85zm8b8ctT9TBqxYtReGsN2reIZHzuXgOcZthB17NK79O/DnwqIxzDTyq46zKnyLOPnh0LObXsl48+Ksd77WjF9868eLPgceV0It/nOusFxX+8nrxh3ND6EVFJ248OuqwQfXicL4y3k78BXppPb2o8OcH70bTi8q40gp6seNUhbMH3lXrxQfOhV6bPY2ZSSLCMUAS0XS2zhzmxYGX2B9amADWbxRLQQgwBURiMbTeLkxpENYEkXAINI1FQzI2t0DX5CTRWJSBTevp7O5Gj3Ugop0Qa8MQkkzWJJHOkBExsnoUKTR0pOtNu3XqIGFNYKePMLNoc6Pe/BXwWLNeAqvZZDYNxlr7Ka36WPNNrJpZso98meyDtyNTcxBqQ8S6kXMjGIfvRbR1oV90HaGL34G+91r0vddCNoU5dhjz6H1kH/sqmXs/gfHM9whfdTPa9lfmQ0spmZycxDQM+vr7MU2To0eOkE6nueAlL8m3m52Z4eTwMPNz88TjMQYHhxgYHLA7vyWbmZ4mk8kQb28nFosxMjLC6VOnMAyT9RvWs3nz5rJzADKZDKeGh5maniabyRKOhIlEIoR0HSklfX19rBsYWILENBkeHmZqcpJkMkUs1saWrVvp6elZujYkR+dGAMnGeD8xPVr0mSkjw6nFCbKmwfaOIU4tTpDMppF2b2RIk4gWZmO8n/ZQGwBjyRmOzp/mot6dRPWwK2X7Jp9noK2bzfEB1zaB1ccKHwOQ36mqFbyW0p48tUafnMd+iLjTimGumKGSd4hbt5XfsnDSai6lPVhX4fHwlPii8xWK91LvVFyyfDirrtxXxNmtOKmSv4p4l+JcE49qOKvyVwvOFfkrqxb94b3ievHkrwadrDG9+MVZlT/lfskXj/5wXpt68Ydzy+jF4fyW1osKf4FefNcHa14vCvz5wbnh9LIs40oT6SUPnD+clfXiq19a8mTTiOOPY+58VZ6/jXKBk9kUZiRecC0i7wQSTUoQGqbQiXV1Y0R0MkaWNk0nFo0ghcbpyRmSGYNYKMy6gZ3EOtoJxdvRo1E0PY2RSjOfzDCTiiA6e9BECFMAmMWfiXWr69kUG7JzoGl5vLXJF214quOvZr0EVrPJ2fHVTmHFrMkmViXGs98nc99t1i7VWA+hy96LWL/XEtnoQYxjD5N99O+QE0eJvOVzIHQIRdE2nI+24XxEz2bSd38U89STpL/3h0Sv/yqidysA2WyWL93+RU4cP8afffzj7Hv8cf7iE/+XtrY2vvNv30UIwfHjx/nyX/8N+596irm5ORaTSS688EI+cvPvcdbOnUXZfuMb32Dfzx7nV9/z39E0jb/+4pd4Yt8+skaWc889j/f95m/ymqtei67r+XMymQzf+uY3+fa/fpuNGzcQi8U5dPAg0zMz7Nmzh0QiwRvf+Ebe+iu/TG5S9p4f/pCv/v0/oGkaQ0NDjI+PMzg0yK//xm9wzp491rWZJjc++nmklNz60vdzfs/2olxPJsb5nz/7a6bSc/zTqz/KrQfu5MmpI+zu2sy29iGemjrKTGaBq9ZfxG/veRPd4XYeHD3Ap575Bn/zyg+zp3urI2NzmUU+8NBnuWHPtbx3539btjshsOqssBgpm2SVBY8JyA+w1iDlteJLyWtrbCvxwY7V6otDpyKzKK4Hzm6+lD8HHp3i+sXbkT8HHpVxroFHdZxV+VPE2QePjsX8WtaLB3/BjtUK/DnwuBJ68Y9znfWiwl9eL/5wbgi9qOjEjUdHHTaoXhzOV8bbib9AL62nFxX+/ODdaHpRGVdaQS92nKpw9sC7ar34wLnU66f3I7dcBJE4AkFE09gyfZhjA5eA1OwPF/nYVnxs1AQhPYLMZJicnOaFF0+STAm0UIyMluLMfJb9h09h6GHOWoTedUniHe3oIY35pMloQqOtZzOG3o5AoGGCkCALPsu6Adk8+RxhXcvjjZEhNHmMXCau/BXwWLNeAqvJZGoB0ourncaKWVNNrJrHHiF990etSdXebUSu+TO07a9aanD2VYRe9X7MY4+Suf82so//E6FL310UQ997LdHBPaT/+X3I6ROkv/Nhou/9BiDQNI1nn3mGnz32GN/45zv5j3t/xCWXXEIylUQIwfDJk3zu05/h7e98J7f8ycfQNI0HH3iAj//Zn/Ohm36XWz/1SXafc07+s4ZPnuRH99xDW1sbekjnxptuYt26fg4+d5A/+P3f56Ybb+Szn7+N1199NQBSSv7XH32UBx98gM//1V9x8cUXAzA7O8tvf+AGpqen+eJff4l4PA7AYmKRr3/ta3zq1lv5/Bf+ile/5jWEw2GklPzpxz7GO952Hbd++lNc/YY3ENZ0Ds2cxMQka2bLsZUmh2ZPMJacIaqFmckscHh2mN8651reueN1ZEyDvzn8Pf70yTt4ZvoYd1z5h5xJTnF8YZR/OHIPf37x/8j/GXmhffHgXRxbOMOJhdFa6Q/Mh5U+BqBokpWCIqek6DFz7eyixzTl0rNT7cEbUX581VZ+y8JJq7mUdrpVeDw8Jb7ofIXivdQ7FZclfJThqoBzsGO1epxV+asF54r8lVWL/vBecb148leDTtaYXvzirMqfcr/ki0d/OK9NvfjDuWX04nB+S+tFhb9AL77rgzWvFwX+/ODccHpZlnGlifSSB84fzsp68dUvlXgjAyf2IXdacyQC2MoCE4lREh3ryd1q5N8VdjrW/4eEhGSa+ekFnj58jOGxWevP/fUIppHl4Hya0zMHOXJijI2bBujt6yHe2UG8d4D40E6yMmqxahqgyaJry1l8foQtxnwRT/rki2CmlfirWS+B+TaJRM5NrnYaK2raaiewbCYNsj+7A9LWr46Fr/6j4knVvAm0bS8n+va/QU4dcwylDewm9LJfAwTm8D7Mk/vy74VC1lz0oYMH+fwXvsAnbv0LPnvbbQDE29v5yM2/x8te/jI0zYL28iuu4O3Xv5PDhw7x/e/dXfQ57e0dAIyNjfEXn/wkF150IZs2b+Z1V7+e33jfb5BOp/nRD+/Jt3/22Wf59r/+K5dccgkXXXRR/nhXVxc/98af55GHHy76jIceeojbPvtZXnvVVbz+6qsJh60/xxdC8P4bbiCVSvH3X/kKqVQKAF1o+X9lmBQcD2sh4vajAkJayD6mc+XgBXSGYzwy/iyGNBlOjJM2svz7qZ/ykzNPlsVcyCb58vM/sDBIzjhyEVh9rbAYMc2lwSi3IpwbvApXaAEEJV54eFnuCz+/yDsVJ9Yb5d6tSHFqXxZOLV/P66uAR9Ur7KXt3IrLkna+8i7Nt0o8KuLsgrdn+4K49crbKa4qzqr8KefrlrdHe48b3BPnVdOLBx5V4+3WbtQZ9MsAACAASURBVA3pxS/OBYC7+1K9uOXhI28n7xfnuuvFRz/tF+eG0IvKuOLGoxsvjagXh7jKelHppwO9VOavUfWiwJ9r3h44N5xeVPKtgEdT6MX9xq4eb6/2pWF99EtO7UOnn0YsTBfhccHcc+jZJOWzjdZ3QFNoIDUikQiZVJrJqXnGphNMzScZGZ9iZHyKuYTBohZn3ohybGSa5w4e48Xjp5Chdtr7t5AVEYxQBKmBFhIITUOUzDvo2STnTx0szjuzSGj8eeX7rma9BObfkvOQTa92FitqTTOxKqeHMYefAEB0b0Lf+WrvE8JxQld80PVtbcerEPFeAIxDP1o6rmsYhsE7rn8nQ0PFP27V29vLxk2bymLt2L4DKSUTExNFxyORCABXv+HqsnMuv/JKAE6dOoVhGACcPHESgKGhobLCZ+OmTQghOHz4MGCt+tzz7/9OMpnk9Q7xBwcH2bV7Ny++eIzTp05Z1ya0/L9SC2kautARCDQhiIWsidWItrTpeSw5TdLI8IqB89CFxunFSUKazlhymr8+9D3MgpWolJHhq0fuIWta1zaenMaQJoGtrOUnVZ1W3hElK75We4m1CkWhlx5euHin9mWDeS5RB+9SDDq2Lwu3TPmW5O0Ut2xF3q0YLG3nVly68OIH56p4LIhXEWcXvD3bF8StV95OcVVxVuVPOV+3vD3ae9zgnjivml488Kgab7d2a0gvfnEuANzdl+rFLQ8feTt5vzjXXS8++mm/ODeEXlTGFTce3XhpRL04xFXWi0o/HeilMn+NqhcF/lzz9sC54fSikm8FPJpCL+43dvV4e7UvDeujX3Jqj5FGP3I/0v4rVYkkrAkuGH3E8VKkEGQMycTMPNF4H9OLJhPzKVIpiWFomKbAyBokFheZm5thZnaKUFjnnHN3c/kVl7Pz7LMJhcOAQCJACAq/9Qsh8v/OP/MoIa34ekOjz+bzLPIV8KhZL4H5MyODnJ2o3K7JrHkmVudOI+fHANA2vgT0SMVzRFu3+3vxPoj3AWCesnZbCiHyk45n79pVVV7ZbJZnn30GKWV+F2vOQmFrUnLDxo1l5w2ss37IybQnHgHa29sB6zmrpTY7M4OUMj9Zm0gkOHjwYP6/f/bYY+x/6imePnCAJ/Y9wSMPP4yuaSzMz7OwYO3y1YWGYZocnD3J/qkXeHr6xfy/QzMnyZhZcvO5uQnV3C7WJyaf5zPPfpMdnev52EXvAeD4wigX9p7F1vZBfnLmSZ6efiGf7/7pF/jSoe/yjh1XATCZnifVIr8Yt6ZM2H+u7zSpytKKb454p5VfaR+XsvYVVKWVX5di0LF9WTjvFc6adxx4rci7FYOl7dyKy5J2teCsunJfEWcXvD3bF8StV94Vd0pUgXPdd0i45e3R3uMG98R51fTigUfVeLu1W0N68YtzAeDuvlQvbnn4yNvJN8WOIuECeJU4N4ReVMYVNx7deGlEvTjEVdaLSj8d6KUyf42qFwX+XPP2wLnh9KKSbwU8mkIv7jd29Xh7tS8N66NfcstbmzqOdvRhsHEG6NAFu0YeKr8UIZhfSHD46DG0ti4SZhvzaUHKkJjS/u5oZtHNDBGZZkN/B1defhmvvvIVrB9aRzikoQsrlpAmuanRwnlNIWDXqf+iXSvOVx8/jD4/WoR3tfddzXoJTN2kiTk1AgVzWK1iTfOMVZlOgL3q4jVhWrUJze6UQc6eWjpsCzZU8INShTYzPc2Pf/xjnnn6GTKZNKZhMjs7ixAi/6f4OctN0pYetz7H8rq+RNHFl1zMps2b2L//ALOzs3R1dQFgGAb3/eQ+hBC89qrXArC4uEgyaT0s+Ml9T3D82HF0XcM0Jaa9A/bCiy/i0ssuo7evL/8ZGZnlwdEDHJ07bU20SgNDmkyl5kgaS9u5dWFd//956ut85plvspBd5G3bX8uvnnU1g209AJxOTPCGjZeyIdbPJ5++k9sPfpcvvOImDGny1SP3oAud9+2+hr89fDcL2UUSRpK4vRM2sJUxKUt+sKrwmau5IqWwuCmYdEUKEPZra1Y17wt3wCIElLxfNolbGNdplHMbHH2uRFrXg51HlR4PT4kvOt+j+Ktlp4Qox93R445zma8QryLOLnhXy19FvEtxrolHNZxV+asF54r8SacqUR3vFdeLJ3816GSN6cUvzqr8KfdLvnj0h/Pa1Is/nFtGLw7nt7ReVPgL9OK7PljzelHgzw/ODaeXZRlXmkgveeD84aysF1/9kjuP+vA+zI4+suv3WL+tgWRIZGgf/k+eXv9KjFAUhCSZzjI+OcPUbIL9z7/IYO8AoquXTCRKejENpokuTUJCMtQZ47ydW9i8vh9dSKSZwZQaJjpSCAQmQoIJCDTARM8m2TvyEHFRjK82N0Jo/Hnf/NWsl8CUTCJhZrTlHgGQs6aZWC20wolQ35ZesCZrAYzyH3Nysru+/R0+8+lPc+lLX8qNN/0OW7duRQjB/ffdx7//4Af53aQ5M+0/fbc6j2LLHYpEIvmdrvF4nK/ecQe3/H9/zI2//UGuf9f1tLe385Of/IRDhw7xhS99kUsuvRQAXdfRNGvy88bfvYlt27ZVdQ0xPcqvn/1Gzuspbn9iYYx7R/Yxn7UmazNmFoHgxnPfzN8e/j4nFsaQ0mRd1JrUnkkvMJ6aYWN8He/Y/loeGX+Wb594kBvOuZaEkeKhsaf5n+e/nfVtfUT1MPOZReYyi/nzA1sZE8L+oaoCL3OepSJFyw1OdvFgFTsFXpT7XHwpsX/AquB16fs5b8crT9TBqxYtReGsN6w8Srz04XPxHOJWvcLuVhw6FZlFcR1wrORL+fPgsfA8v3g78ufAozLONfCojrMqf4o4++DRsZhfy3rx4K92vNeOXnzrxIs/Bx5XQi/+ca6zXlT4y+vFH84NoRcVnbjx6KjDBtWLw/nKeDvxF+il9fSiwp8fvBtNLyrjSivoxY5TFc4eeFetFx84V+JRe/4+tLYe6NmQx7tDE+w98xDPd5/LTLSfUyMTjIxOoOkR7v7+j7jqypcS6xtAj3ciExlkOoUuTDo72nnJnrPYtW0jIpsinUwQC3VgmCYGgrQpiOgSgYGBhkCjfX6UndPPEBfF+LI4S+j0gfx1O/LoxF9B+5r1EpiSyfkpSC6sdhqrZk3zKAAR7QDd2vlpntwHmcWa4sn5UeSC9WwI0da5dNyuNgqfFwrWrtH/+4lPAPC7H/oQ27Ztszs7yGSsiVmtZJdrbueoUwGTtSdzI5FIPg5AT08Pu3fvZvc5u5mYmODI80e48sor+ZdvfZPXve51+XYdHR309lo7R48fc/6RrlIzpIl06V0ksihP027bpkf4/Ms+SFQP8zeH7uaRcesZKCcTY5hSMhDtZlN8He/f/YuYUvK5Z7/F5575Jhf37eKtW68kqodZF+1mIZtkvkbOAlM3p8cA5DyyoMixyc/f//Z9krtfSt8v8sLZ5/4VtXcb3aSD9xocS31ZOPV8Pa/TA4+yFXmvYrLUOxWXuPCikndpvlXiURFnt+LEq31B3Hrl7RRXFWdV/pTzdcvbo73HDe6J86rpxQOPqvF2a7eG9OIX5wLA3X2pXtzy8JG3k/eLc9314qOf9otzQ+hFZVxx49GNl0bUi0NcZb2o9NOBXirz16h6UeDPNW8PnBtOLyr5VsCjKfTifmNXj7dX+9KwPvolr7wlEmFk0J/9AUwPI6WZx71DwN6pp+k9/jOeP3qSY8eGGR8fZ2TkDN/85l2cPDlGxhRokRiRji6Gtmznwksu49JLL2HzhkF6OmOEQzpCjzCfMNHDXYyMTpHbpSqEwcbRfZw7dYC4MIvyZXGG8PDjYP+1rN9+uma9BFalSeT8BMxPrXYiq2rNM7HauR7RMQiATM2RfeIbkE35jCYxjvwEskkrdv9Z1lEp87tMS21hYYGJ8XHa43Hi7fGS9+btDr/4nNyzUjOZ8u3Sufc0vZiif/ra19n3+ON86MMf5vp3vYv3/Np7efVrXkNbW1tRu3A4zFWvez3hcJi7vvMd10JpZno6/56JiSlNxx+RykoDQxqYUmJKScKwsM2YBuf1bOP39l6HEIL/s//rDCfGObZgPQulJ2I9F/Y1Qy/h3O6t/Pupn/LTiYO8c8dVhO0dtRtifSwaKabT8445BlY/cypKTFOCx0o8WCuFRT5/cxe/tlZGXXxpu4J45Yk6eJdi0LF9WTiXz1fNtwIeSivsZXh7FJkF7WrB2Stvp7gVcXbB27N9Qdx65e0UVxVnVf6U83XL26O9xw3uifOq6cUDj6rxdmu3hvTiF+cCwN19qV7c8vCRt5P3i3Pd9eKjn/aLc0PoRWVccePRjZdG1ItDXGW9qPTTgV4q89eoelHgzzVvD5wbTi8q+VbAoyn04n5jV4+3V/vSsD76Ja+8c15LJwgd+De0sSNIliZXw7rGBbEEH9w4yjlilMmJcYQwOXz4MPue2E/GEMQ7u9myYyevef0b+Lk3vZkNZ+0g2tFJW6yTcCSGqUWRog2px3n62aNMziRYN/E8l564n+3ZSUKaKMpXS0wQOfFTRGax5n66Zr0EVtGkaSCnRpDz06udyqpb80ysdm1EGzo3/zp732cxnv9PX7Hk7AjGM3fnX2ubX5r/byOb22VaPFHZ3t5OV3c3p0+f5sTxE/njJ0+c5Nvf+hZSyrIfnUokrB2a6XT5xGpy0Xn35unTpzly5Ah//5W/44H77+fRRx5h3+OPc/z4cQyj+CHBb37rW7j2TW/i7n/7Hvf88Idl7+9/6im+8uUvL12baZI1TbKy/GHDRsHxrGmwYE865469b9c1XL/jdTw2fojf/ekXODZ/hogWpjdi7fYNayHec/bPkTENzu3exsvXLXE12NZDxjQ4vdh6vx632pZ7Fqq1A7v42aiFK76m6bzSmdu5nfOFK4Uy91qor6CWmdMKo0sx6Ni+LJz3CmfNOw68VuTdisHSdm7FZUk7X3mX5lslHhVxdsHbs31B3HrlXXGnRBU4132HhFveHu09bnBPnFdNLx54VI23W7s1pBe/OBcA7u5L9eKWh4+8nXxT7CiSLoBXiXND6EVlXHHj0Y2XRtSLQ1xlvaj004FeKvPXqHpR4M81bw+cG04vKvlWwKMp9OJ+Y1ePt1f70rA++iWvvAu9MDLoz/wA7fgTmPYj/3L493fE+NCrNvOJl4e5dkuWs9fFyJqSru517NpzHq989Ws5/9LLGNiynfYte4gMbMVo68AMd5DIasT61qNnF7lIH+GCE/dwVnKEqP2bHoX5atMnCR9/tHynqs9+uma9BOZp0sggJ4aRqcRqp7ImrHmesarp6Be8xZpMNbPI5AyZe/4U0bEObfOlVYeRCxOk7/oIcvKFpbjnvMF6T0qyWWtytHQyVNd1PnjjB/8fe3ceH1V973/8dWYy2SCJCSGYQFgkEpSgEaQqCIogiHu1V3BfWm2L3u619fbX29be3vbWa2/bq95eq3WptWCvFHFBFERAQWUxlkRMZJMQAiEQE8g+y++PmUxmkplJZstMMu/n4wFnZs453/me73c+55x85jvn8IfH/ofvf/e7XHX11bS3t3Osvp7rvvQl9u7Zy+pXX6N48mSu/eIXAWg+6Ryh2dLS+8PY2upMXLa3tbsPFgC33Hor//jHP/jdb3/rtbxhGIwYMYLrvnQ93/r2tzGbzeTk5PDjn/4EgO99+zucdfZZnHf+BaSkJPPhhx9yoqmJb3zr2xiGQafdhtlkItVI9jkq1+awYTElkWFJo8XWTrutkwxLGq2uUcEWUxJfLb6St498RNnx3dQ013NK8jDSPG5Gdf3Y2fz3rr+zZMJcr5tUjR2WR4YljcZOBeVAM8D7hlU9pgYGdlzXWAXXSQvdz/H/TaHDY3k8vol0BJpi+D7G+fqG0c/JoN+DqFdxzhnO+vaYOkKYdpXno9x+f8Pu7+TQ10mmV7n9aFc/7dxraviYOjz7MbT29tl/Pvox6HYOox+Db+dg+y/Idg6hH7sbcpDES4D+C7+94ydeQo6TQP3nox8HIl5Cb+cox0sw/eeOl9DaeVDESzBx4q8ffcbhII0XH+sH3d6++k/xknjxEkz/hdLegy1egjmuJEK8uMrpVzsHaO9+x0sI7RxsP5r3vYvRfAzb+BkYaVle/TA+N5vbc0/hjhlFfHa0gT3NZhy540gebuEUUxsnOiArM5cMy2FMRieOz2s4xd5J+tGdJDs6KTl9eHd5nu1ot5J0ZBfmpprA/dCf/vNYP+x4ET8cOJobnddU9fNr7kRkOLpS+0OBtZ2O13+C7aO/db+WMhxz8QIsF30HIzPf/7odzdj2b6FzzU9xNNW6X06afguWy34GgMPhoLa2FqvVSn5+PhaLpVcxR+vq2LJ5Cy2tLRRPnkxpaSmGYdDQ0EB9fT1jRo8hLT0NgLojdXR2dpA+bBjZ2dle5bS2tlJfX09ycjKjRo1yv77qpZdY/9Z65lw0h7POPpu01FTa2trZvn0b//PYY9QcrOGnDz7I4iWL3Te9AufI2U8+2cXxY8dJTU3lrLPPYvyECd7N57BhNpzrGO4jgJPd4XDvCA3DOWo1yWTG7nC41wHnpQHMhsl9MyTD8C7L4d55d7O5rufSc1mJvrofZ7iSpI7eU9dB1ORx0HYfzozuw1qvg7XJOcUwMFzTnq93He0MA3wf5XqI8MHRvbhHdfqcBlMNr/XDPHn3NfVYr8+KB1PzPssLrp2D7b/ItHd/+zG4dg62/8Jr52D7L7T2jq94iUKcxCxeQmvnYPsv6HYOqR9Da+f4jJfQ2jlh4sXH+gkdL8H0n+Il5P5LiHgJZU89lOPFvZ7iJeh4CWm/FFq8kJSMreAs7OOmg9kSXH8FES/mzz/DXPcphsMaweNKhOJFenG0N+NoOga2zr4XHmJ2/2BLwPlDK7EKOJoO0fHCPdiP7Op+0WTGlD8V8+TLMOVNdiZYk9PBbsPRdgLHsT3YPnkde82HOE4cca9m5Ewg5YbH3ddYjbXt27bxg+/fzw//5QEumTfPK3Fqs9l4a906vnHfP7Pkxhu5/4c/IC0tLYa1lcHg6I+dl2owuZKeXdOub0C9k63OYxQOMLmOVSYAo/uUwvB43jW/69jWtb7nMc85Mrb3wb9fwjppidBJVj9OtiJ5cuh7OhB/lAR5rhMMr/XDOakNrh8j+ceU/xESwX1Mg+3H0Ns52P6L/h8l0fhjKlbxEpU48dmP0Y+XaCQfIhIvoeymQ27nPqa9xCBegomTRIgXn+UoXhQv0TquJFC8BFfjgP04JOIlhOYebPFit6TjGHcutvwzMUxJQcRD4Knp8xrM9Z+6rqU6iOIlQTlsHdBUj6M9cW823ldidehcCsDFyCwg+br/puPFe7HX7wa7Dew27DVl2GvKwJSEkZYFFmdilfYTODqa8R7GbGAqnE7y5b+Im6QqwIoXV5CSksI506Z5JVXBeSmCefPnM2zYMNKHpWM2m2NUSxlMug8+zpMPr8sCGN7TrqOP5zfAfX0T6Tk1TD1ex8But2MYJvfz7m+W/VW0H1N8THsV5/DY7n5OCTClx9Rr/SBO3ntO+3Ey2bOde03xMcXPtI/y+mxnfycn/T737qO9e7ZzWP0YXDsH23/htHOf/dfrbDG09h7weAnYf2HESZzFS6jtHGz/Bb1fCqkfQ2vn+IyX0No5YeLFx/oJHS/B9J/iJeTzg7iPlyD6L5R2HnTxEpHjyhCKF3fDhdbOQcdLSPul8OLF1NmC49MNmA5sxzZiPKacQmzZ4zDMFv/95af/TCcOYzpZh9F8DMPaBuHGSx/9Fna8JDprO472Fuc1VDvaYl2buDfkEqsARs4ELJf/O9aNv8O2dxNeUWO34mg+Bvi/UZKROxHLvB9i5BZFva7BaG5udu1YfOvo6MBqtVJSUkJycvIA1kwGM+exxnXwNDym9Jg6wHAdpLq/mXe+7lwO93Jdz42e63k8d7/uuZyr3F4MH9NgT1q8inPO6BqZ6zV1hDDtKs9HuY6e02BPDn2dpHiV67tdA049+89zaviYeqwXanv77D8f/Rh0O4fRj8G3c7D9F2Q7h9CPPk/m4zleAvRf+O0dP/EScpwE6j8f/TgQ8RJ6O0c5XoLpP3e8hNbOgyJegokTf/3oMw4Habz4WD/o9vbVf4qXxIuXYPovlPYebPESzHElEeLFVU6/2jlAe/c7XkJo54jFS/tJkmorcBwqx5SUjD27EIaPxJGejZGcisOcgpGWjcNkwtR+EuwdmO02HK1NmKytGCeOYLJbu/s1hP1SsOfTYcdLInDYnfkxuw1sNrBZwWbF0d7sfCz9NiQTqwCm0aUk3/A4toqXsX70N+wHPuhjDQNj+EiSZi0ladqNYIq/prno4ot4a906tm3dxsLLFnrNa21t5ecPPsgZZ57JgoUL/ZQg4s0rmdrzBlZG99TedbLjmtod3QddXK9j9D3F8zkeB+uu5+6jXM+KEtzBsee0V3EO5+IOh6ta/ZgSYEqPqdf6QZy895z6Orns2W59TfExxc+0z/7ro539nZz0s//C+4Y92H4Mrp2D7b9w2rnP/ut1thhaew94vATsvzDiJM7iJdR2Drb/gt4vhdSPobVzfMZLaO2cMPHiY/2Ejpdg+k/xEvL5QdzHSxD9F0o7D7p4ichxZQjFi7vhQmvnoOMlpP1SFOLF2oH56F4cR/cE7jdc9+xwtaPNtb7d/Xn2Me13w/lZ32vqp71FomDIXWPVH/vRKuxVb2Kv34Pj+H7obIWkZIys0Ri5RZiL5mI6dQqY43uk58q//52/PPccp0+axPTp55KWlkptbS3vbXmPyWdM5utLl5Kenh7rasogUdd1jVXDebTxNXU4uq69CiYT4HCdQhiua6jifc3VXs89jnEmU+9jHhjdzwnimBfsSYuXcA7SwZ0EhH1yGOBkpfub2yCrHUzzhXKuEwyv9UNv52D7Mfh2Drb/gmznEPox9HYOtv8iFC/BxMkgjpeoxInPfox+vITezlGOl1B20yG3cx/TXmIQL8HESSLEi89yFC+Kl2gdVxIoXoKrccB+HBLxEkJzK166yg1+vxQX8SIJK+FuXhWQ3Yaj/QS0fg52K5jMkJKBkZoZ9wnVLjabjaqqKt59510OVh8AYHhGBrNnz+ass8/WDaskKEf+33D3jal63cAKAwznN40YzueGawrOg2jXaaSB86hnuI5+Xc9xHWzx8TrucrrSsZ5HuR4ifHAciJPf7vWjcTLSvd5A/LHYPQ2unYPtv8i0d3/7MZIn7b3XH4iT36EVL9H4IzdW8RJaOwfbf0G3c0j9GI0/cmMVL6G1c8LEi4/1Ezpeguk/xUvI/ZcQ8RLKnnoox4t7PcVL0PES0n5pCMdLnw0QXnuLeFJiVUT8OvL/MjAM57HGMJwHU4PuZKh3srV7xKkJwOg+lfA3YtXA+ULXMU4jVsM7OYzVCImgz3WC4bV+OCe1wfVj3I2QCKEfQ2/nYPsv+n+UaMRqKP0Y/XgZEiOKEiFegomTRIgXn+UoXhQv0TquJFC8BFfjgP04JOIlhOZWvHSVG/x+KS7iRRJWX4lVU8C5IjKkOVxHE+f/rm8Q8Tg4ekwB7HZHj/VcU0eAqeFn6mt5f0c3h49poINjz6m/7Q63vo6+26NnOwY8Gek5DXQy6dEvobZzv/rRo7w+29nfyUmg5b3OCaNTb1/lBtvOwfZf0PX1V+8Aywf4gAds55jFS4D26Hd7+1sujuIl1Hb2aHD/057x4q8eIdTb1zTUdo56vISwnw61nQdFvARzXPHXj/76ZTDGi8+cQ5DxEsx+WvHSd/8N1ngJov/81jtAOw+6eAmmvn20x5CIF/8f7P63d6DlexYbwn4pUL1jGi8R/nvLV3uEHS8iQVBiVSSBdR/k6H3QxHsKdE/pMe0533Pq8DP1tbyrPB8V7T31czLoc3kf2x2R+vajPXq2o9+TlJ7L+Ts58dcvIbRzv/rRo7w+29lPewdc3qPcaNXbV7nBtnOw/Rd0ff3VO8DyAT7gAds5ZvESoD363d7+loujeAm1nT0a3P+0Z7z4q0cI9fY1DbWdox4vIeynQ23nQREvwRxX/PWjv34ZjPHio9yg4yWY/bTipe/+G6zxEkT/+a13gHYedPESTH37aI8hES/+P9j9b+9Ay/csNoT9UqB6xzReIvz3lq/2CDteRIKgSwGIJLCjR49iGEa//wF+n3c99pwGehzoNRERERERERGRWCsr3xdwvkasikjE6HsaEREREREREUkUSqyKSL8ESpoqoSoiIiIiIiIiiUaJVRHpk6/EaaQSrUrKioiIiIiIiMhgpMSqiPilpKeIiIiIiIiIiG9KrIokOCVPRURERERERESCp8SqSALrT1JViVcRERERERERkd6UWBURoDuB2nPa3/VERERERERERBJJUqwrICKx53A4MAzDPY32+wwku92Oze7A4XAoCTwADMPAMAzMJgOTKcbf3TkcYOuAzjaw25z/HPbY1mmwMExgMjv/WVLBnAwDHLs9KZYjI65ilMHbr/HWjiIiIiISG0qsikjQYpEgDZbVZsNmUxJtoHUlR+x2ABtms4kks3mgKwEdzdDePLDvO5Q47GCzg63TmZgGSBkGycMGPMGqWI6suIhRBn+/xks7ioiIiEhsKbEqIr1EMnE60ElYm82O1WYbsPeTwGw2OzabnaQkM+aBGNXV3uxMqg6ikW+DRnszdLRC6nCwpEX97RTLA2OgY3So9uuA7+tEREREJC7ozE9Ehoyh+gf7UGC12rBFu286WqD9pJKq0eSwQ2uTM8EaRYrlgTcQMZoI/Tog+zoRERERiRtKrIrIkJAIf7APdlbXiK6o6GiBthPRKVt6a2tytnkUKJZjJ5oxmkj9GtV9nYiIiIjEFSVWRWTQs9sT5w/2wc5qs2G3RzjhYG1XUjUW2k442z6CFMuxF40YTcR+jcq+TkRERETijhKrIjKoORwOOq2JcDwILQAAIABJREFU9Qf7YNdptUXu7t8Oh3P0pMRGa1PELr2gWI4fkYzRRO7XiO7rRERERCQuKbEqIoOaTSOCBqWI9VtHM+gzEDsOu7MPIkCxHF8i1R+J3q+Jvv0iIiIiQ50SqyISlHgafeNwOHQdu0HKZrNH5rMUpet8ShAi0AeK5fgTiRhVv0ZwXyciIiIicUmJVREZtPSn6uAWdv9Z2yP2M3QJg8MR9rVW1YvxKdx+Ub86qR1EREREhi4lVkVk0Er0kVCDnT3c/utsi0xFJHxhJlYVy/Ep3BhVvzqFva8TERERkbilxKqIDFoOh/5YHczs4Y42tXVGpiISPmtHWKsrluNTuDGqfnWyqx1EREREhiwlVkVk0NKvwAe3sK87qA9A/Ag7ARehekhEhX+N1QhVZJBTO4iIiIgMXUqsisigpJuBDA1h9aNGgcWPMPpCsRzfQu0f9auIiIiIJIKkWFdARCQUhmGEuGYL1Tu2svnjBhrtACbScvOZPWca44ebQ65Py77NrHy3jpP2dM4uSeGj8hbOuHIRs3NCLrL/DpfxWjmUzi+lAKh/bzUrqtK56LaLKI5E+Ye28cbJM1gwaZjfRVqq3mL78EuYXRBc0aH3Y4je+x5s3NDjxXvh/jsiU/6xN+DJQ5ErL1jvfQ8O3Q7XTfV+/dOn4e/l8OX/hBH+Vj4EqzbAeTfCqGhXtFu4n4H2j9fzzLa2vuPt+Faef6WF6b7iwu+8Kl5+9mNqeyw+fNKF3HR+blj17lK5ZiXbsyJXXqSF2j+hreervS3kTZrKgvPHkh5STYJ3Yvf7bDqSy+xZE8kYoPcUERERkcFJiVURSSA2Dr27gdU1GVx07RUUD7cAbRyp3MGe4zB+eKjlHuSD9+pIn3EFNxVbADhvWqTq3A8nGzl4CCa6nuaev4h7zo9g+QWjSXt8BX/mOm71kVxtqXqFx97O5pZ7Ivie0VT0p96Jx6Hu9Dvg/r4WOgaf/AbOGNjEangaKas6QVamhaqP9jF77oQovEfKwH1JIvRq75MVvLyyjE2jRrNwQuhffgWjvf44Bw+baEeJVREREREJTIlVEUkcHR/zwR47kxZcSLE7iZrKqOKZrjySjc8rt/Da1npO2sGcmkXJ3DmcN9IMuzfw+EcWzh7ZSPn+dmykMHH2RczLquD5V2o4CfD+qzz+fle52a4Roy1Uv/sOb+xpwYaFvJI8zOX1nHLlImYf38DjH6Vz3fUzyAXXe7iee70fTFpUSsaOnWw/0oINMA/L46LLZ3LKR6tZUeW8I/uGZ1eyfdKF3JRb0V1O6wE2rd/JrvpOwETW+KlcNWcC6dSz6cV3+Hz0eGwH9lPXBsnZ41l0VamPnFo+s++ZDz6Sq91J1VmcGo0+G0grZsCwX8DuR6AZKPkFFG6HNx4F2zRY8AsozXWO/tyQ4Zz30ZtgvhS++ACc1jMF0w7vPQLvLgNbPuTdDkuuh+Mvw3OfwXfucx2F2+Fv18CEv0HpCfj7r2DfFjBfAPN+CKWuYcB7X4S//xFsQM7dcMv1kNrPbfMaSXsCXvsllL8JjIMJ34FLTsKTP3Iu+/cZkPML+MqC8Ns02vbtpLxjFIuuHc4Hyz7l/cYJnJfVNbOF3Rs3sGF/OzYs5E/MwkZ/5vXT8a08/8pJCs/opGpXCzZTOiVzJtOxo4yqJjsMy2PBVTMZn+walZo2llFHD7Kn2e6M34XnUdRzlLyfeOXjtTxXnsGVN5yH89NQy9svbKV9xhUsHLmfdWsq2NNsB1MKE2ddxLwJ6UAnh3a8w7ryRlqBtNzxLLjcV3zHueGTmTjyU8qONMCEXDi5x+f2Bm7jFqrfe5+3q5xtYc7M46KFMylK69E35DN9eA3bjwDUsOLZGvJnXsu8tK288W4NdW2AKZ2Jsy50tbGIiIiIJDolVkUkcdQcp47hnOEvA3h8B6+9f4LCBVcw+1QTJyo38sLaLYy68ULGAzQ38Pm0OXx5Tjqfb13HCzs+Yfr1M7jptixefvZjmHktVxXh/lkxQPvH77N6n4ULr7uKM4fbOfTeWl4BTulPfZvrqZ00gxvPzyM9uZPPp51Hycgskuhk99rVfPBRPTedv4h7cjfw+Ga6f/q/u6uANio3lrHHPJkbb5tEhq2Wt1e+z8s7cljsGlFbe9TOdddfSy57eO2vO9m+r5TLfQ76cyZXWx97gT9zA7dOGkZL1Ss8vDaTu5cOsqTq7rvg1x7PPUewVrfDV1eBdTP8/i5o+xN8dyvsfBjeehNKb3Qud/wVmPV7WPjvsOtp+L9HYOkD3u/z6V/h/RHw1a0wHNjwPfhbPtx6MeRdAmW3w7kZcHIL7LsSvpgMq74PeQ/BPxWA9RA8/Rso/E/gDXi5Fr76urOsXY/AaztDG3m790XYNx3u/3egHXZVwYiZcH8+/Pou+OJWOD34YgdeI+9/VM+IkssoSLbwhYn7WVd+kPNmjQGcsffWgVQuvG6BM/beXcsrrh+TB5rXWzu7XlnJLvdz14hKAE7weeZcvnxbOtUbX2f12xWcsegK7hlZy9svbOP98kbGT3Nmek/WnKD0qiuYN7yFj9es5621O8m9ttTjfQLF60TG7djJzn02CiaYYd8e9jCKRRMa2PRiBS0lc7mnOMM5uvPlrVROuIjxuzezel86i26eS4G5k0PvrmXde2Pi9pID/liP76TqqIlRJblAPZvW+N5e8N/Gabu38sY+Exd07YffXcsra8rc7X+yppEz58/lwpEZpDCDce+tZkVNrutLr3o2v1iD7YwF3DM1HevJPVQd1y0KRERERMRJiVUREZfP99RzMjOf0lOdP+fPKB5N3vufsv8wzsRqah6lE5yjEk/JToFdJzhC4CRp9aFGzKPP5szhZsBMwRmjGF51pH8VsoziC1PzXemeRg59tI0PDrfQ0XWfoFHHgUBJkhr2HIH8iyc5f85qzqdkdApVhw/QTj4A+ZPOJtcMkEVGGlQfqXeOCvMpnwVLL+ONx17gT1XZ1BzI4e6lcwZXUhUCXwrg9OnOI2OSa/TpVNdyBVOh/VD3csOugzNcy5yxADZcA9UPQJ5HWbuWwem/cyZCAUoWwPtbwDoTzrsd3t0C5y6A91dAyb2QtB92V8Hua+B9j3KOA8fehvY34bFnul/PmQSEkFjNmwRtz8CaETB1OpwxSC+LcPgTqlpzmX2mc9huQUk+yS99ys4ZY5ia7Cv2chm+x/mFR6B5vfm5FMBxgAwmFjs/B2nJJhiWyxkjzcAY8rO2caij07148tiJrvfL4Mxp+Wxf3cAhoHvMaqB4ncrUCR/zStUemDCWnbvqGV40l4LGPbzdbOfk++s8RsuncMpxMO9vwNYMr/xlZXed+9xnxIMeiWxLOhNnXMi80UDjAar9bG8e/ts4eX8DnNqzv+up7oBkIHns6ZSO9Pej/2wKRlrYVbWVTYxlUtFYzhxrieL2i4iIiMhgosSqiCSO0TnkcYCDNTaKR4dwrT6zZxIk8to9kjAAJJtI7nq8byfvHLZwwbVXMHW4hf3rV/FGRwTe1BzsFjmTq++9cpjLl54z+JKqfUlJ7nsZf6zt/V/2jEudlxg4NA7KgSXFQCUwAr70OpzWY/ljOEey3nFx6PXrMnwmfHMqHNgO7/4MDpXAvXcMsjOCNnbuqKW1E954dqXXnJ076pk6YKMyTWHsE2zYOvq/TykoySfrpRp2Hj3Jx/VZnDk/C1oBUii5ZhEzs7yX3w1QMJV75k/sXVhc80hkn9zJyhUHaE9O95rva3srfZblbOO+JJsDXVPDzPg5l3HL0QPs2lPD2ys/wlZ0ITfNiPcEtYiIiIgMBP2WSUQSR/KZfGGiiT3vbqHyZFcSs40jlZvZfMDGKRNzGd5US9nhTsDGicoa6ixZjA8je1hYkIWtZj8fn7QBnRwqP+K8HitAshlzcyO1rQAn2LX/pN9yMJsxA2azBVqr2HnY3j0vK500Omlt7bnSaCaOgtpdVZwAsNVSXtNO1qljSQl9k4B8zr9yCCZVg9G8AnadcD4+sAGaroQJPVr1jCXw6RbcHV7+BuRf4EpgFkMJ8LdfQcHtrptFjYcJwPbNYHWts3O7czrhAqh7BQ643vPkfvi0PrS6H6uExmQ47WL4p/sg6U04BDACMoG2IBLEsXJ8Jzvrs7hgybXcc5vHvwX52HZ/wm58xN6uendXBJoXLR0H9rjer4X95XW0ZuZQ6JXH7yNes87kzNxGtq89SMfE05maDGTlU5Dazv6PDjjX4QT7d1ZR79pGDu+j7LhzX2c9vpOdB4K+kmxsDZ/KxSUWDr63jf0QcHvBfxsXjs+Gwwe8+zszt0f7d8vNToWOTmfemjYO7TtAR84ESs+/kKtKhnOy5qDr/UVEREQk0Q2q8SkiIuExUzDrIhbt2Mrmla+ywQ5gIi03n9lzgOHTuPy8Lby29lUe77p51fwLnJcBCFHKmedxSf0GNqx4mXewkFeSSx7HnQNFx07jwoL1bPjbSraYUpg4erhrBJoPY6dx0dgNvPW3lbyTmssZo1NcCVlg5BQuGL+BDX9byQejzuQe9wC1VIrnlFK3fid/ffZjnDfDOZurpmUBISblhoKe11jlXtdNnYKQcyUc+CW87Lp51VUPOH/y75mTPP1GOO8R+N8ZHjevmtk9f9YS2P4oTJ/ueiEFrvoDvPwb+M03cd5Y6h5nsnXUVXDVSfj7zdBeCylXwoJ7+7d9Ob+AL3o8b6+FVT+Cps+c71HyExgLUAALfgh/vwZWLwm+TQaMjd0f1dJaONWZXPR06mQmDV/P9h2NFE3rEXuF6aS5FusVlx7zeut5jVUYPulCbpoUXK2Hj86gds2rvNNsxzwslwvnn80pQPeFQQLFq3P+1LPz2L7uJJNKxrhey+fihWfy2voy/vrsDuc6BROZd6ZzGxc1vc/br73KB6792aTzW2CQ3ef+lGnTKNn3DpvfO8L48/1vL/hvY4pmsKD+fd5e8TLv4Lx51SULS3u0v4fiMzl7zzZWP7uS4ZNKmX7yU1Zv+sh5g7PULErmTB5krSgiIiIi0WI4HA5HrCshIrFRV1eHYRhB/QP8Pu967DkN9DjQa/3R66fzcek4R46mMmJkOknYnDfE2pHCghtnUhjrqsWBlOQwrlV44ig47H0vF2mfPg0bCuArC8IvZ90I+NpVkalXLBkmyBgZ8uqDI5ZDV7lmJduzLgz7xlH1761mxfGx3H75lDBHnfdfODE6kP0aqTaOlrD2dSIiIiISM2Xl+wLO14hVERm0DAPi/quh1pNUbX2fqvp292inM+aUKqlK6Al1jwIg3vvfrxPw7qNw7luxrkhkGOFdWWhQxHLM7WP77k7GzZo8YEnVcGNU/eoU9r5OREREROKWRqyKJLDBPmK102rDbo/BiEWJCJPJhCUpjNuBtTZCZ1vkKiShs6RCWlbfy/mhWI5P4cao+tUp7H2diIiIiMRMXyNWdfMqERm0TCaNAhrMzOH2X9JAjduTPoXZF4rl+BRujIYd40OE2kFERERk6FJiVUQGLZN+Xjmohf3zWCVW40e4iVXFclwK/1IA6ldQO4iIiIgMZUqsisigZRgGJpN2Y4ORyWSKzDVWlVyNPUuqsy/CoFiOP5GIUfVrhPZ1IiIiIhK3EvtsV0QGvSSzdmODUcT6LTUj7KSehMEwICUjIkUpluNLpPoj0fs10bdfREREZKjT2Z6IDGqGYZCkm4IMKklJ5siN4DKZITUzMmVJ8FIzIUIjEhXL8SOSMZrI/RrRfZ2IiIiIxCUlVkVk0DObTCSZE/MP98EmyWzGHOmfBltSnSNXZWClZjjbPoIUy7EXjRhNxH6Nyr5OREREROKOzvhEZEgwm036yWWcSzKbMEerj5LTNXJ1IKVmOts8ChTLsRPNGE2kfo3qvk5ERERE4kpSrCsgIhIpZrMZw2Sis9Ma66pIDxZLUvTv/J6c5vxZelsT2O3Rfa9EZTI5k6pRvmmYYnngDUSMJkK/Dsi+TkRERETihhKrIjKkmAyDlGQLVpsNm03JtVhzjlIbwJ8AJ6XAsFzoaIb25oF730SQMgyShw3YzcIUywNjoGN0qPbrgO/rRERERCQuKLEqIkNSktlMktmM3W7HZnfgcDj/SXQZhoFhGJhNBqZYXV/QMCBluDMJaOuAzjawWcFhd/6Tvhkm543BTGbndVTNyQOWUO1JsRxZcRGjDP5+jZd2FBEREZHYUmJVRIY0k8kUqZuWy2BjGM4RrFH+2boMDMXy0KR+FREREZHBTIlVkUTQ1gj73oeP18Dn1bDvPQDygM4x07FnjqajaC62sefiSNENgERERERERERE+mI44uR3V+9uraCsfDeVu6tpbWsHYER2JsVFhVy1YCa5OUr2iIRk8xPw1m+dN/TpgyMlg7aZX6d9+i3unzn2/Af4fd712HMa6HGg10REREREREREYqmsfF/A+TFPrNYfb+LpZa9TuacagLTUZAoL8gCo2nvQvdz8OdNYfM3cmNRRZFBqqIa/3A2HPw56VdvIYlq++Dscp4xRYlVEREREREREElJcJ1ara+p46LEXaG1rZ9JpY7h64UyKiwq9lnl3awWr1mzmeEMThQUj+dfv3haj2ooMIrUV8OTifo1S9Ss1k+Ylf8I+6gwlVkVEREREREQk4cRtYrWltZ0HH36WYw1NLL7mYubPme6et3bjdlrbOigsGElpSREtre089NhyDh46yrzZ01hyrUauivjVUA2PLgovqdolNZPmO/7Pa+QqKLEqIiIiIiIiIkNfX4nVmN2Hde3G7RxraOKCc6d4JVUBVq3ZzKo1m3n0qZd48OFnAfj+0sXkZGeybtMOqmvqYlFlkcHhL1+JTFIVoK2JtBXfiExZIiIiIiIiIiJDiPmnP/3pT2Pxxo8+tRJLkplv3fMlLJYkr3kzzjmD4qJCGpua2XfgMBWf7GP+nOmkp6VSVr6bjk4b50wtCq8CrZ+x6fmnePKFv7N6zZus31TOwaQ8Jo7LISW8koNQzjP3P0PD2bOYMGzA3lSGss1PwIcvRrRIo7keUjOwjy7ViFURERERERERSRiH6z4POD8p4Nwoqa6po7Wtg9IpE0lP653GzM3JJDcnk3NKinjo0eVU7T1I5e5qZs2YwtPLXqfKdaOr0NWx/g//S1nxffz49gIsAJ11lL3wJE+s/zLfnpsXZvkiMdDWCG/9NipFJ7/zGA2nLcCRkgkosSoiIiIiIiIiEpPEaktrOwCFo/tOYN5717Ws3bjdveyk08ZQtfdgeBWoq2BbbTGLvu1KqgJY8ii9+QFKwytZJHb2vhf8JQCuewuGPwfP/inwcm1NpB/aSUfRPECJVRERERERERGRmCRWg5GelsLVC2dGttC0VNKo40AdlPjN7XZyaNMzPLO6igZrEsMnXcrtN89lXBpwYg/rl69g/d6jtFkhaeT53H7fdRSnAXXreeg/DzDlBqhYUYH1wu/xwOXZHNryPH95uYKjVkjKnsSlN93M3HHOd2o4sIpHfvsOB3qWJRKMXWuCW/66t2DkBvjfPpKqLsl733InVkVEREREREREEl1ME6tdI1eDUd/QRFpqcnhvnHEBNyx6j9/+57+wbewUZp9/PsVTxlKQ5h6/SmfZMzyyrYD7fvYVCixwouwZHnmhnO/dXoIFK9lzv8aPv5KBhU72rPglL7x5Pg9cXeBau4L3ym7gvp/dTp4FOsue4LerLdz0wK8pzYDO49t454AVxgEcpaziUr7/778mg1bKnvkly9+czr9ePS68bZTE0xDEJTLcSdWf9XsVc1NNCJUSERERERERERmaTLF4066f9ZeV7w5qveqaOo43NFE8sTDsOuTN/TY/+9l93Hx2Bgfee4FHfvIj/uWhFVS2Apxg2ztVFM+9nAJXrjWj9EJO2/MRewEyiimdmOG6jICFiZPG0dBw3KP0KVz3lXPJs3SXNenqmyjNcM615JzL3K4nZHP+olKcz9IoPXsiJxtOhL19koD2v9+/5UJIqgIk1VeFUCkRERERERERkaEpJiNW09NSuODcKWzZVsHajduZP2d6v9ZbtWYzAKVTT49IPSxpBUycfTUTZ18NncfZ9sxveXLFFH59czZtrVDx/P3c/7znGlOYAtD6GZteWMH6PUc52WZ1zfLehu6GbaWtFSypFnxLIs37qUh8Cvb6rSIiIiIiIiIiQ1jM0nhjR49kyzZYtWYLxRML+3Ujq65lZs2YEvkKWXI499yJvPDOcU5QQGoaTLnt19xe0nvRyhWPsj7pNr794xIyLEDZM9z/kb+C00hNg862TsBfclVkAK24xDlq9as/CW7UakpG38uIiIiIiIiIiCSImFwKYNnK9Sx/6W0AWtvaeeixF1i7cYfPZT2vw3r1wpnce9e14Veg7jUe+cN69hzv7H7txB5Wra9k7PQSMsig9PxJVL75Goe6Fumso2zbHjqBpKRUSEsj1QJ0HmL9+soAb+Ysq2r9y+xx/cK/80QZm8r0c3+JsPHn9X/ZFZfA0YucydV+so4sDqFSIiIiIiIiIiJD04COWG1pbeexp16ick81OdmZXL1wJstXrqe1rZ3lL61n7cbtnDO1iPS0VAAO1NRRubuasaPz+N7SGyJXkbxLuen8l3n+yZ9z6GgbViApNZ/iRffx1QtcVzs993bua32GZ35yPw1W5/yzr7udKcDEq2+m5JEn+dH9VpKGT+Kqc4vhqP+3Szv3Zu498Ree/6WrrOxJXHqTklQSYdmF/b/OKnSPXL3tLnj2T30ubsscHUblRERERERERESGFsPhcDgG4o2qa+p49KmXONbQxKTTxnDnjYt48OFnaW1rZ/E1F3Og5ihbtlX0Wi8tNZmrF87s93VYRRLWx2vg+bujVvyJK39HR9E8AAzDcP/zfN712HMa6HGg10REREREREREYqlyb3XA+QMyYrW6po6HHnuB1rZ25s2expJr5/LQo8vdz7uSpkuunUt1TZ3XusVFhQNRRZHB77TznddBbY/CZSZSMugsPDfy5YqIiIiIiIiIDFJRT6x6JlXvWHIZs2ZMYdnK9VTtPciYgpEsuXaue9n0tBQlUkVClZoF874Nrz0Y8aKbz/869uRMNK5URERERERERMQp6jeveuSpl7ySqu9urWDdph2kpSbz/aWLo/32Ioll5lfg1DMiWqRtZDEtZ98S0TJFREREREREROKdyeR/iJnJZEQ/sXq8oYnCgpHupOrTy153J1XT01Ki/fYiiefmJ5yXBIiElAw+v/y/IlOWiIiIiIiIiMggkmyxBJwX9ZtXPfTocqr2HqSwYCTVh466k6qFo/Oi+bYiia22Ap64IbzrraZkcPyLT2AdOdnvzap08yoRERERERERGapONrdSc6Te57zRo3Kjn1itrqnjT8te5+Cho+RkZ3LfndcoqSoyEBqq4S9fgcO7gl7VmjuJhkW/wZ41xiuJqsSqiIiIiIiIiCSS5pZWjjU00d5hBSAlOYkR2ZkMS0+LfmJVRGJs8xOw7r/6NXrVkTycE1/4Ks1n3dwroarEqoiIiIiIiIhINyVWRRJBWyPsfQ92rXGOZK39GNpP4EgeTseI07FljqZ13EV0Fp6LPTnTb1JViVURERERERERESclVkUS2Gf7DwVMoiqxKiIiIiIiIiLimynWFRAREREREREREREZbJRYFREREREREREREQmSEqsiIiIiIiIiIiIiQVJiVURERERERERERCRISqyKiIiIiIiIiIiIBEmJVREREREREREREZEgKbEqIiIiIiIiIiIiEiQlVkVERERERERERESCpMSqiIiIiIiIiIiISJCUWBUREREREREREREJUlK4BTQ0NESiHiLiITs7O9ZVEBERERERERGRAMJOrCoBJCIiIiIiIiIiIolGlwIQERERERERERERCZISqyIiIiIiIiIiIiJBUmJVREREREREREREJEhKrIqIiIiIiIiIiIgESYlVERERERERERERkSApsSoiIiIiIiIiIiISJCVWRURERERERERERIKkxKqIiIiIiIiIiIhIkJJiXQERkYFkGGBOMmEyGRgGrn9GrKslIiIiIiIiEjccDgcOBzgcYLc7sFntOByxrlX8UWJVRIY8wwCz2YTJbGA2K4kqIiIiIiIiEohhOAcjAZjNBhaLCZvNgd3mwGZTkrWLEqsiMqSZzQZJFucIVREREREREREJjdk1WMlsN7B22rHZlF1VYlVEhiSTyfmNmkkjVEVEREREREQixmQySE4xY7c56Oy0Y7cnboJ1wBKrlburWbtpB2Xlu/u1fGHBSObPmc7MGVOiXDMRGWqcO3mTrp0qIiIiIiIiEiUms0GyyURHe+ImVw2HI/pXRXh3awVPL3sdgJzsTHKzMwMu39LWzsFDRwGYOWMKdy65LNpVFElIn+0/5LpuSv//AX6fdz32nAZ6HOi1UCVZTFgspoiVJyIiIiIiIiKBdXbYsVrtsa7GgIv6iNXK3dU8vex1xhSM5K4ll1E4Oq9f69Ufb+LRp1ayeWsFI7IzuXrhzCjXVEQGO5PrgtoiIiIiIiIiMnAsySbsDufNrRJJ1DMQazduBwgqqQqQm5PJ95cuJi01mbUbd0SreiIyRBiGQXKyOdbVEBEREREREUlIycnmhLskX9QTq2UVexhTMNKdVK2uqWP5S+tpaW0HnJcJePmNLQC0tLbz1LLX+dB1Hdb0tBRKS06nta2d6pq6aFdVRAax5GQTCbb/FhEREREREYkbhuH82zyRDMjWpqemuB+vWrOZtRt3sHlrOQBPL3udVWs209LqTJ5u3lrB2g3b3cufM7WItNRk0tJSB6KqIjIImcwGJrOyqiIiIiIiIiKxlGh/n0f9Gqs9Lb72EoqLCpk5owSApXdeAzhHpxYXFbL4mospnljoXv6ckiLO+cU/R60+HR1W/vvJFQD885evIzk5cJNs/0cVL7z0Nj/8xk1kZw0P6r22/6OKPzzzMl+7/SrQl8KDAAAgAElEQVSmnzUp5DqLiDddV1VEREREREQkPlgsJtpttlhXY0AMeGI1NyeT+XOmu5+fU1LkNd9zHjhvfjUiJ4vcnMyo1Oezg4c54LrMwGcHD3P6aWOi8j4AU884jV//61cZlq7RtyKRkpRkwmRKnG/DREREREREROKZyWSQlGTCarXHuipRN+CJ1bUbt7NqzRbuvfMaiosKeejR5bS2tfOv373Na7l3t1awfOV6Wtuc12ItLBjJ0juvjWiC1eGAzds+5tzSYsD5uGjCmKhdpzHZkkRykKNcRSQwc5KSqiIiIiIiIiLxxJxkYLXGuhbRN+CJ1QM1R2lta6fFlTCtb2iitbWNltZ20tOc12Kt3F3N08teJy01masWXED98Sa2bKvgsadW9krAhuNg7VF276vhnluuAODJ51dz9Njn5OWe4l5mf/VhnvjLaxw52kD+qBFeP+FvaDzJr37/PDPOmUxZ+W7q6hsonVLEVQtn8tz/vcm+A7WMzh/J0juuYeSILPZ+Vssfnn2Zr912FdmnZPCr3z/PzBklfLjzUw4dqScvN5uv3Hw54wtPjdg2igxlhoFGq4qIiIiIiIjEGZPJwDAMHA5HrKsSVQOeWL3rxsu4dM40CkfnAfATV6K0K6kKzlGtAP/63dvdI1RzczJ5+Y0tVO6upriokEj44MNd5I8aQcGpuQDkjcymrHw3Cy4+F4DGE808+fxqxuSP5Jt3X09j00mefP61XuV88ukBvnb71TR8foI/PvcKe/Yf4ubr55M7Iosnn3+N19/6gFv/6VKfdXhvewVfvulyMoan86e/rua1dR/w1VuvxGzWNSNF+qI4EREREREREYlPJjPYhvio1QHPSrS0ttPa1uH1vKW1vdcyaakpXj/777qhVfWhuojUo7GpmX9U7GXWjCmYzSbMZhOzZkzh3Q/KaWxqBmDfZ7W0trXzxcsvZOSILIomjOaKSy/oVdbFs0oZk59L0YTRFJyay5nF45h21umMHZ1H0fjR1Byu99pmT1dcegFFE0YzamQ2JZMn0HSimY7OIf6pE4kQQ3lVERERERERkbiUCL8wHfARq8tWrmfLtgruWHIZs2ZM4cGHn6G1rYPf/dt97lGrI3KyqNp70Gt0atco1q4Ea7gqKvdTW3eMR/600ut1w3DOmzljCkfqGzCbTCQnW9zz01KTe5XV87W83Gz341OyhlNzuN5vPXyVJyL9Y0TrgsgiIiIiIiIiEpZE+Jt9wBOrxUWFVB+qcydIZ84o4djxRq9LAVy9cCZl5Z/yn//zAsUTC6k/3sixhiZKp0x0X0IgHB0dVrZsq+DqhbOY9YUSr3nvflDOlm0VnHt2MaNys+m0WmluaSPbddMpfyNPRWTgmRJgJy0iIiIiIiIyGCXC3+wDnlidNWMKs2ZMcT9fcu3cXsvk5mTy/aWLWbVmM2UVe8jJzmTe7GlcvXBmROrw2cHD1B1rZPG1Re6EaZfSkiI2vb+Tzw4eZsK4fIalp/HKG1u4/so5NDad5NU3t0SkDiISPl0KQERERERERCQ+JUBedeATq9U1dZRV7GHe7Gmkp6XwYflujh1vYv6caV7LFY7O4967ro34+zscsHnbx4zJzyU/L6fX/Py8HMbk57J528fc9k8L+PJNi3jy+dX86JdPkJebzfSzi9n64ScRr5eIiIiIiIiIiMiQkQCJVcPhcDii+QZ3f/dhJp02hu/fuxiAhx5dTtXeg+5rrN793YcB+OPD3/Var3J3tfs6q2lpKRRPLKS0pMjrhlYiEp7P9h/CMIyg/gF+n3c99pwGehzotf5ISx/w74ZEREREREREpJ9aW4b2DdoHJCvR2tbufrzk2rl8WL6bc0qKAFh65zUcO97otfyf/vo6W7ZVeL1WVr6bVWs2s/jauV6XEhAREREREREREREZaFFPrJZOmUhZxR6qa+ooHJ3n/telK8HaZdWazWzZVsGYgpFcvXAm55QUUX+8ico91Sxf+RZPL3udsQUjI3ITKxEREREREREREZFQRP3WL/PnTAfg0adeorqmLuCyLa3trN24g5xs582rupKuuTmZzJoxhXvvdF5zddWazdGttIiIiIiIiIiIiEgAUR+xWlxUyB1LLuPpZa/z4G/+zIjsTHJzsryWKS2ZyPw506muqaO1rZ35c5w3tvJVVk52JmUVe6JdbRERERERERERERG/BuQaq7NmTCE3O5O1G7dTVrGHYw1NXvMdDgfz50xnRE4WOdmZFE8sDFjWh+W7o11lERERERERERGRmLPb7XRabXRarTjsDmx2OwAmkwmTySDZYsGSZA75xtASOsPhcDhiXQkRiY3P9h/CMIyg/gF+n3c99pwGehzotf5ISx+Q74ZEREREREREBpzdbqetvYOOTmu/lk+2JJGWmhJXCdbWlv7VfbBSVkJERERERERERCSOdHZaaWlrJ5jxkB2dVqw2O8PSUzGbon5bJWEAbl4lIiIiIiIiIiIi/dPRaaW5tS2opGoXu93OiZMt/R7lKuFRYlVERERERERERCQOdHRaaWltC7ucltY2OpVcjTolVkVERERERERERGLMbrfT2tYesfJa2tqxu250JdGhxKqIiIiIiIiIiEiMtbV3hPTzf38cDgdt7R0RK096082rREQCKufR766hzNesvLN48AeXkh/x96xj9X/8mRV1UHrHd7l3asTfIGQfPvUwj5XDqZffys/n5fVzrUbKV77Ec1uOcswaf9vkrZoNf/6ASqD4kuu5aHSs6yMiIiIiIonAbrdH5bqoHZ1WUlPsmHQzq6hQYlVEpF/MFBYXcmqax0s5+aTHrD6DR+26F/jdpiZIymRKaQ7FaVbi4/DjK4HdSHnZfsqAzlKUWBURERERkQHRabVFteyUZCVWoyGJ/x4OgMMBBuDANXWAgYEDh3PqcLifg+FcAKO7pB4jlb3L816/67nXO/opz6s+hke9HA4Mw6MczwUwPFb0qI/hUS8H7vXd9fFav+s5XhXxXt93O/Vnu0Jvpx496Kud/JQXF+3UV7+FsF2ht1N/Pt++ywu7nXyxpGAMy8IYlo2RmYv5rLlYLvgixghlduLDMGZccz2LRsW6HoNNI1XlTQCULrmbe8+JcXX6VMK9D5fEuhIiIiIiIpJgOq39H616vHw9myjlmpLsfpedkmwJtWoSgHvIkOFKAhmuZJJXkqjX864kkkdJHsm5nuX1Xt/hXr+v8jzrg0dSzntKr6l3lhiv9aNSTpDbFWo79Vzfbzv10W8xa6e+yglpu0Jrp/58vv2VF3Y7+dLZjuPzOhyf10FNJbZd79Kx/N8wF59H0gXXkfSFKzEyRvhZWWKna9RjJnOuyafq1UoOWyFp7DQeuDWHdX9cz+Y6G0kZ+Sz5+k1cNArYuZy7nz4IJdO4O3U3T21rwpqUzpQFl3HPvAm+R8E2fcKyp9az4UALViApO5+rb72GReOqeepHr7K5LYV537iPJeOci5f/9bf8bpuNKUu+xrdmwN51L/H4G7UcszrXvf7OG5g/2nUIOP4RTz21ng8O2bAmmSmccRnf/NJksvqx9V2XBii9Zj7pW5zbSlI285YuZknqZn78639w2LVs2XMPc/dzY1j68GLO8bs9w/y06RiW3gGPPX0QSs7ils7dLKtswZqUzsxbrueiurU8+kYtTVYzp15wGQ98aTLpQOPujSx/tYIPe75Pz7o9/TB3M4alD8/lcM9RrP2t65LxHHv1H1ScgKSMMdzyjcXMygnlMyUiIiIiIonGbg80Eqtb6yer+K8Xa2ljPw1Ji7ljct+/o3T0s2wJnnsccNfFcR2urI+vEYHdI/q6l3frNaKvuzz/Iwzpszyv+YZHvbxGPnrPd6/vNRLTe75XEsw9wpBe5fUeiemnPkFuV6jt5H8kpqPP8uKinfrqtxC2K9R26s/n2195YbdTEGyV79P+9A9o/ffrsZW9GXwBEiHNbH3pRR7/c/e/Fz9p9JjfxMZXaxlRks+pSWA9sIOf/2Ite7MLmZIH1hO1PLdsI55rUL6Dpw4M45ySbDKtLVS8toLfbj7e+607P+Hx/3iVdQdaSB87hhnFmdBQy4rfP8uyzyZz3cJsoJ3Nmz9xLb+dtdtskDqR+TOGUbvueX75Wi2NOfnMKB1DobWW5b95gQ86XWU/vJbNh5IoLBnPjInDqN3yKr9cWR1U65S91L2tWBtY9+dNHEjLp7R0DIWpzmVGjB3PjNIJjAi4PZ6lNrHxpUoOk0JmxjDc36+W/4NVrTmUjE0Bawubn/4zv9zUxmmTs8nExuEtr7N8t3PRxvJKytuGUVI6nhkl2aQ31LLi8Tcp91e3oNq+R12XVdIybgwTMsB64iBP/992OoNqRRERERERSVR2u73vheo38ofltbQB0EHF8r/zVn3fq9n6U7aExJ1YNQznz7CdI/pcI+zwSD55PPdc3q3nU4/yeq7f9bzn+/kqz2u+w6NeHiMDe853r+/wKKfHfK+Rhe4RkfQqz71dniMxfdUnyO0KtZ16ru+znfyUFxft1Fe/hbBdobZTfz7f/soLu51CYD/4Ca0P30rLg1dhq/og9IIkRDaqK/eztaz7X1lNu9cSU750K9+69SaWznF9Y1h8Mf96z/V8646znAm7A0fxSldmFPP9H9zEPXfexa9ucd4Ca9+Wj+h5XGzcupmtbcDE2fz8m4u55567eWB2OtDCuo2fkHXB2UwBWrft4INOaNzyERVA4cI5lFDNhk1NQAqFBSlAErnZ6UAtm8va6CzbwdY2SMrLITcJSMskPxWOlVWwN4jWyZx9Az+/53q+9Z2LmQLQ0MixzBKuv3UuMzKdyxRecj333PoFsvrYHk+nXnIDj/3HfTz80ytx/0A/Ywr3fnMx935zNqUApDDvzru49867WFzi6qvPnAnqsVfcwLeumcxpaUDSMLJSgbajVLf6rtvYINve05QlX+Ff7lzMv9w5hUyAhuO9+lJERERERCQkbZU8/cQuDnm9eJLVT6yivC1GdZLuSwE4R9p1jQjsa0Rf1whBjyyRjxF93eX5G2HYd3le9fE78rFrhKBHOT5GYnav72+EYe/yfI3E9FmfILcr1HYKNBLT6KO8uGinvvothO0KvZ36/nz7Ky/sdgqD/dOttP33V0j9+mOYz7ww/AKlnzK57v67fVxjtc79yJLqGv6Y6tq1WlLcoyydU6v3CMZx4zmta37BSE6llsOH6qh2pibdWlqdFzEfMa77ZlljJ+bAphZobabTMp2rZ39AxaZaXt9Szt6NDUA+l12QAxzi2AmAdvaV7WefR7nHmpqop9lZs7pattZ5zGxr9B5d24f0jJRe2+xPn9tD9+/nTx1b2Lu8NDPOe4iZXS+kOBOm4F62EytQzYv/8QKvNwSxIWHUtbv/zaQDTaG/rYiIiIiIJBiTyeR/1GpbJc898jYV7T7mtdfyzCOvcvt9V1CS6nt1s0k3rooWXWM1UuUEuV2htlPP9f22Ux/9FrN26quckLYrtHbqz+d7QK+xGgTH53W0/uoGUpb8PyyXLw2/QImNz/azlxJOAzoPHXVe77Mgj0JwX/sTIDdzGNDEsc9qaaGQdKC2zpm2S8vIwgKcdskUCjdtpfqlNVQDI2bP5gsWgFTSU4G2bBb/5C7mZ3pXoXGzMzmZdu4V/P7GydHc2qC2JyKOfEJZA5A0nqX/dj3nWA7x4r/91Xei1c914gesriIiIiIiktBMJgO/v9ivr6ayOcDKzXVU1kPJGN+zDVMYP5+VgDRiVSNWNWI1wOc7HkesdlfCTvuyn2MaXYz57HkRLFh8c15jtTrN46WcYhZfkRd6kScqeeg/mjgnr43Kcme2r7B0Crk9FrOUTmPGylfZumcTP/7dPoozm6ksbwIyWXRJkXOhzC9wWfFW/lgJkM38Swpdaxdx2SWZbH6tgeW/+CPlJTmktzZSvgeu/tFdzJ8xkxmvvsrWba/y3bqPKM6B+s9qOTzxsqglWvvenrq+iuifUYWclvoPDrftZ8VTL7K5tdaZaHXL47SxZqizUfbSn3i0vICLrpkWm7qKiIiIiEhCsyQlYbXafM8cM5+f/2R+WGVLdOgaq/29JqbnSExf9Qlyu0Jtp57r+2wnP+XFRTv11W8hbFeiXGPVJ4eD1ke/hr12d4QLlt56X2N1a3ktLeEUmT2e+WOb+bC8gaYkM4UXXMH35vlI1Fomc88PrmDe2HRaDhxka3kDLXljWPyNmzwuTZBK8eRsANLOnek1MjV/3p38+PoxFCY1UVG2n617msidXMRpFh9llx2kmhxmTA4jYdyXfm1PJExm8T1nMSUDDlfuZ29mETN7bFbxtddwXXE6SScaKCtrpLPHiN6Bq6uIiIiIiCQyS5K574XisOxEZzh+P8wBuH727DGA0eGRxPIxog8/IwzdT73K8z/CkD7K86qP4VGvHiMfvRbwORLTc/2u571HGNKrPLwq4r2+73bqz3aF3k49etBXO/kpLy7aqa9+C2G7Qm+n/ny+/Y1YDbOdIsw86Quk/XhV0Ot9tv8QhmEE9Q/w+7zrsec00ONAr/VHWvog/dZt53Lufvog5J3Fgz+4lPyIFFrNsn97gXUN6cz7ztdZMjoihYqIiIiIiMgAaWlto6PTz3XKQpRsSSI9zc/FVwdAa0tktyfexM+I1axxkDm2V3kasRr8SEx/5cVFO2nEalTYqj7Aun11dAqXQaFl6ybWNQDFX+B6JVVFREREREQGndSU5JAHHvliGAapKckRK096i/2I1cILMS36H8ga51yx8TPsr30dDrzjLjakkY8aseq/3zRidciNWAUwjZlM+i/Wgan/Q/w1YlVEREREREQkfnR2WmlubYtIWcPSUrFYYvt3s0as9jGizy2UkZh5UzF98Xkc1e/geGYW9qdn4ah+B9N1z0PW2F710YjV3ut3v9z3yM64aCeNWI0a+8FP6Fz/XPTeQERERERERESiyhKhn+6nx0FSNRG4E6vOEX+4Ruzhc0Rg94i+7uXdeo3o6y7P3whDY/pSqCvHsfrrOI78A+p24njt61BXjnHhA73q4xz457G+e+Sj93x3fbxGYnrP930Xd3qV13skpp/6eI2cJKLt5Fme/5GYjj7Li4t26qvfQtiuUNupP59vf+WF3U5R0rlpeXTfQERERERERESiKtmSxLC01JB+3WkymcgYnk6ykqoDYuBGrKaeAjN/iOmy/4EpNzp/Opw1Dqo39SrPcWCTcx5gmnozxuWPYbrwAUj+/+zdfVzUdb7//8cMM8CADkKKiqIGFG6MhSmclRLX0ryq9GjftDYr2sXTat/qu9RWp3I7tnvKTfZUv7RO7i65uiWd9GRpWlImFu5XvEz4HmnRVBIVFQOTCxmY3x/DxXB9IcMgPO+3GzeYz8X78/58Zl58Zl7z+rw/AapYVcWqKlZbUHV4L47zp9y7ERERERERERFxK7PZRF9/S7sSpN7V63gZja0vLJ2i9tlxVtrVVAS2VtHnOqZlTQP1G67Xnk8/DPO/AoMBCr7BMO0/cQTfgKPoWO0Nq1zbMwRfj6PoGIZbX8Yw6ufO8VaHxWMYdS+Vf7kZQ3lxo7E6a8a0rBu7k0aVmIbqCkLjiHiMM/8T+oa49hgunKJq5/+H4+8rYNTdmGYk48j+byo/ehSvO17HcN2dVH72Wxx7V9Vrz+DdF6/5/4Wh3zDs6x6G73Z07Dg1W4npOvZng2fQpRLT0Ep77T1Ote01qsRsfNybqlg1NGqv8RirjfrTgf3q+HFq/fXdXHuXfZzcyL73U8y3PuD+DYmIiIiIiIiI2xiNRvwsvvj6VFFhr6TCbsdR5aCyqqp2vtFowNtsxmzy6lCFq1ye2sSqs6KupmKvQZKo0eOaCj2Xlhpc5lyvvah7wWCgalUchvJiiLoXw7S3qFo7HeO8T6DgG9jzpvP+PmMXwjUzcLw3HeM9n1C1/l74x0bw6Ycx4SuM1/+cqswV9SsEHTT6Xa8S0+HSH9fK2Ly/49ibUp0c9ccY+yuM45/EceFU0xWUvv0wjppN5d5V9dozjL4Xw6BRUFZUmzvryHFqfJxd9q+6vYbr1+6fy/PWfHvtPE6uycLLOd7taadD+9Wx49SW13dz7V32cXKjqmNZ7t2AiIiIiIiIiHQZo9GIj7cRH2+zp7siDXRJxarRtx+U/eCsNMWBofi4c6GCgzg2P4zhlqVwy1Jna+VFznFWi6qXKf/B2V7ZD1BeBD4Bbat8bKUSEwB7GVXfrMWAgSqHA3ysGON/g2HYOBzfZzbYIecvw+AbMNz4AFV7VjnbM/vjZftn8PaHsqLa5KAqVlWx6qmKVUdRgfs3IiIiIiIiIiLSy3VJxWrVPz7GOO4ZiHsaw/EdGCa+DGcOOhOlBQep+uwxDP3CnKufPwKF/4Di41BwEOOtL1OV9hTGYfEQPArH+nvr9+cyKlZr+lk75uelEudEo7npitWSc87Ztn/Gsfev4HDgFT0Pw4CRUHwCMKhiVRWrnq9YPZvn3g2IiIiIiIiIiEgXjbF6JouqD+/BeMtSiPtXyN1EVdqTGOdtgtDxta3US2Ue30HVxgUYJ7+C8d7NUHScqvX34PjhWNsqH9tSseq6n1ddi/End4CjCk4frG7HdUGgspyq73ZgvOY2DDfej2PvKgy22VByDseFkxiCwlSxqorVth0nN6o6o8SqiIiIiIiIiIi7dUnFqsPHiiF4FI6sNbXzjbPXAgYcq27CUXCwOjlVPTN4FMbpb2G8/T9xfLsJjqUDBgzBo+D41zjKfuiUilXD1T/D9HxRXaftZTi+WUvV7j9jvH5u/SNV3Y7jH59B6D9htM3GYTRhCL6Oqj3vYAgZXb3fqlhVxapnK1ZFRERERERERMT93F+xOsCGce4nUF5cN26qbwAMGEXV2unOG1c1bK/gIFVf/TvG2e85b3ZV036/YRjGLqTq3dtxnP7m8itW8/5O5Z6/OPerogTHkW1QfsGlP647VN3sj2eo+sdWjKPuwtB3EFw8Q9XeNXiFRFdvp2ZxVayqYtUzFauGgGD3b0REREREREREpJdze8WqMe5ZyPsKx4Z769YPvdmZbKWFys5yZyVp1VcvwfEdVGfrMM55D8P4Z2DdvZddseqwl0HW+1TV7HeDduqpbQeqMv+EMfwWCLqaqq9exXEul5qkoCpWL7OdDu2XKlZdGfspsSoiIiIiIiIi4m7Gmj9qKjQd1Vmfliv66pav1URFHwARM3Bk/61Be66rNdNeg4adFX9Q9c0aDNfMaFD5WDe/tp0mKjHrzXfpZ12FIfXba9gNQ3VF6pkcKjPeoCrzz1QeSK1N1jnXa2W/mjlOLVdi1rXXUiVma+115Dg1XYlJo+PeVMVqw/YaV6w2/7y0Z786epza8vpurr3LPk5upIpVERERERERERH3c3vFKoCjvKjx+rWrNdNevYZd2rtUXPv4citWW2unUTccdRWpjj3v1K3nskeqWL3Mdjq0X6pYdeUVMca9G+hlTp/5wdNdEBEREREREel0Awf083QXrnhuH2OV6qVarlhtor0GDdeMaVmbrK1X+VhTIejSThOVmDVjYnI0HfurP2lxTMyqA2up+ia1dv3KDY/WVqw2NXaofdVMl8rJ9h8njbHa9HHSGKvtZ/rpLPdvpBfRiUZEREREREREmlI7FEBNhaahtvLSJelUU9GHo978eho+dB3LtFF7rqs1016Dhg21paAu/XOpQK2ZX9uOawVlE/PrVRbWVkTSqL362eHG85s6Ti3uVzPHqanj3FR7jXLPtZMNrbbXLY5Ta89bB/aro8epLa/v5tq77OPkJsbwGzFojFUREREREREREbdzf8VqeRHGqHupqqppHwwDRgFgCB5F3ZiW9dc3BDuXIdgGjipqCv4MtnugvOiyKlbdUonZTOWkKlZVsdqVFaumMVPduwEREREREREREQHA4HjdvzrVY6D+IJBNJ69cx0htmAytnzSqbi/qPgwTXwafgM7pcXkRVWlPw8F3649lWd0fg8GlX/WShoYGCxiaSIbVza7dP5ekY23FbG1Ssi55Vv841S8EbdNxaibJ17C9xuu77B+OVtrrJsepteet3fvVsePUltd38+11wnHqZIb+ofgn/x2MXm1e59jRfAwGQ7t+gGYf1/zt+rulv1ua1hYWP1PrC4mIiIiIiIiIR5SW2D3dBbdye8WqI3sNZP+t2QrDhkmzhu01lQxsU+WjKlabf95UsdojK1Z97v7XdiVVRURERERERESk49w+xmpbx8Rs0xibDpd+tTZWp2vJaBPzNcaqh45Ta89bB/ZLY6yCcehITOP+2T2Ni4iIiIiIiIhII7WJVUf1ddh1Y562VNFXt3ytJir6atprvsKQVturN7/Zysf682vXb1CJ6Tq/6QpDGrXXVCVmk/1p53519Di1VInZWnvd4ji19rx1YL86epza8vpurr3LPk6dybcPvr9a4YaGRURERERERESkOapYVcWqKlZbeH13+4pVgwHLY3/GOOy6Tm5YRERERERERERaoopVVayqYrWF13d3r1j1ufff8LJN6NxGRURERERERESkVapYVcWqKlZbeH1324pV3z5YnvkA89QFndSgiIiIiIiIiIi0hypWVbGqitUWXt/dsWLVMCgcvyVb8Lru5stvTEREREREREREOsRU84ezoq6mYq9BkqjR45oKPZeWGiSNXNtrvL6jdv3W2nPtD67Jq3q/afS7XiWmg3rru6Wddu5XR49To+Rcc8eplefNY8eptXY6tF8dO05teX03195lH6cOMAQOxnvGQsy3zAezb8caERERERERERGRTlGbWHUmlWoqAlur6KupEHS5rrmJir669pqrMGy9vXr9abbysaZC0KWdJiox69ZvrsKwcXtNVWI22Z927ldHj1NLlZiGVtrrFsepteetA/vV8ePU+uu7ufYu+zi1g5dtAuZxszDF39P+laUTZbE86VP2N5g6aPp8XlIPlmYAACAASURBVLw1uFO2sC8lmfXDOq+99sliedKX8GACi0b5100+vZXn/1DI7OS5jPZAr0TcozfE807CfpPItIGN53q2byKdrafHc2uKyNqURk74JOaMDGg8u/Q7Nq/ewkc5JdgBU99AYmfezn2jgzGTx/bVu+CWOUwY0spmTuzi7S9g6vxYhrljN0SA1s5frero+1a93xWRy6CKVVWsqmK1u1Ss+lkxBg/HGDwC46AwvEaOw2vkT1Wd2q1Ymd3RN3pXhHL2v/Mum3v0PorU6OnxLNKb9OZ4Licv6yj7fcuZM7LhvEK2v72ejCEzeTk5ggCgojiXtHUHODJ6MpEUkbX/KETTemK18Dsy90OMEqsiIiL1mPjfPzY709DG361pazttbU9EpFup/pY7evpF0j45j90UyOzEeIo2beTz45WYgiN5/Ne3E2kuYPPS1RyxxVCRmUn2BbBGxvBYQjzDzA3aLDxAysptZBRUgsmPqJkzeTwugK/ffouPg+/m5VmhzuVObOHpFWXc9/tZ2IoPsfrNLaQXVILJSnzCvcwf6Q8VeaSlbGRdTgn22rZCmtgRP6JtsP71Dwn7/SwiG86uyGP7mq2sO3SeUjuYgiNZ9Ojt2CzV1Tx9rycs6xsyLoB17CQeizjEax98T7Hdh2vn3M2TccGAnePp7/PappMU2537/8SCeAZ3+pMi0kE9Jp5d9ymdV9909tE0LIq4hv0T6am6RTzHkbd0NUdsN1KUvpfv7F5cPf125lxI59Ud57GbrNyaOJ95Eb40e46s2Y85lWRsOFl9Xp3Nk3GFddW6n6wm8ZOhLKxXcVdAznEYFO9MqgKYrRFMS4ioPjbfcArgnWQSg69nya9H8m0T5/mrMlay+JNiAFYkJTurgYO3kfhJEEuemuw8hx9MrX0ccGwrb6d84/yf4xtI3Py5zv9fIu3SRFyGx/DEQuf7xqJDG3ltdQ55ZWDqO4BJ993NnL4uq7u8Jhu+RgdzkawP3mX5zmLsJj+ixwVTUbui3quKSPuYWl9ERESciln/h2TW1z6urpAB4CSnghJ4MzmAIx+8wUtvbmP2bx5n5cA81v7ufdZljudf45xr7T9UzvPPJvE4eax7/X2WfRDC6/dEuGyngM0r08iz3c2KGaGYiw+wfOl6UoIfISE+nNTVe8iaFYoNyEo/BDFzsFHA5je3UHxbAitHB0DxAZYv3ci+38+ENevYPmQOry8IxVyRx7o/bmJzeFOVPSbCpt9L3CcpLE/J4uUEG36us80DiJo+h7iEAMzYyVr9BqkZBdiqL408dbiSxGeTSLDv4pXn0lhWNoWXl86FzHd57MMMcuJmEXZwHct2BvHE7+5lmNnO8U0prPh8ZDe9vFJ6tp4ezzXyWLsyk3MxrtvPpvE3JyJXsu4cz5AH5BQE8eLSJAKObSTp9Q2kTr+HN5NDOPLhm7y0aRfTHovHr7lzpA3ge3Ls83l5aTAcWkfSyp1kxc1hUXIwm5euJmNsU0MVjOSO6RksWfMG/54VyYSYCCLDr6a/GRg4mReTB7M86VN4MIlFowDKMDdxnn/x1kRWBqeS+A51iduDzT0XhWz/4BsqZjzMyhh/Koqz2FfgdXlPr/Rq+3MreenZJPpziLdf2MTHh+JZELiVZSvzCEv8JYtHBlBRnEteaduv8qvYt4HX9llJ/G0isVZnrL2I1TlP71VFpJ2UWBURabNmLjU8DTCYmNHOehBLoA8EjyB6IEAokUMgu7S8dvGo+PHVFTChzLllKFs2fcdJXD64FWaTWRDIhPGhmAGsNxAXkcaarDyYNYY4y/tsPwi2kXtI221l0m9DoXAbmQWV5K35E4lr6vobdvooeVmVnOJ9Fn5Rt4noAqDJRIw/oxNmcyr5PZZ9HsRim+u8Eo588SGpWecpLqueZC8AnG80r7Jd79wvsx9+QOTY6sTssAEMKiukBMjZ/z2lBd/z4tPZdc3a6toQ6Tq9IZ6Bwly+PR/IpAbbX9/M4iJXpm4czxQAEBl9g7Nq1NcHP6zE2JyV5mHhQZBTTgmQ19w50gYwlEnxwc7tBloJ4Ch5p8HWyvAHg299iNfj8jmS+Q3b07eRmrIe88if8UzCGPo3Wrrl83zbBBE23IePvtjIZsYQZRtJbIQ+ckrHRcdPdH4ZQBChVsg4UcDZE0c5FRzBwupxhc3WCMKsVMd863KyTmKxzSTWCmBi2NgRDPqi0DlP71VFpJ10lhMR6SQdvrrWXklpmxcOZVp8IE/s3MPJ8wfIjryBRVagEMDK7GcTmRbkuvwh3gZiEpNY0GjsteaEMG3hFI78bj3LGeHS1DZWZvnz4FP3c5PVRM57r7KsrG622beNp5ToGayc3+bOiHhEz4lnEfFoPNdo66eups6Rp08CHd8PsyWEyPgQIuOBigO8+nQa6w+Nafx/pJXzfEsqyipr/4686xFeP53LrqwDrFm6Afv4+SxWtZ90VCdlLFxfo63Se1URaQejpzsgItLbZKfv4HgFQCFp6d9jiRxBmOsCQVHEBJ9n+44853hPxQfIyPXBZnOO2xYw7gaicnby0qfl3DpljPODVlAE1wYWk/FFLkUAFJGTmcVJRhAdCVnpuzhbAWDnbOYeclrrpMXGokcjOfdJjnP8NQCTFxbAbDZBaRZpWe14g1ot0jYYDu1le6EdgIrCXXyd2+5mRLqNbh/PQRFcG3ietHrb79xjINJTuCWe26Fj58hgrgqGkvMXm5iXz/YPtpJTWJcdrSg4yTkCCQsBCGJQIJSUVa/b0nk+OIirKKekJtNs8cFScIYjpQBF7Np3snpGGUcO5VISFMFNt87h8RkDyMs6VP2/TKRz9LeNYFDBUdJyna+siuJcjjSsVm32NeqMtdKsPewqBrBzfPfR2ve7eq8qIu2lilURkTZrOIYbzhs42JpdoUnRI31Y//vk6ptjXM/jsxp+Ix7MtMRJnFq5joVf1NwcYzYJNVcjmsdw57idvHQsimnDa9YJZd7CSaSkbOTppErsJi9Co8eTGO1L7PzZnFu9heef3oEdL66KjCIhErDSsoGTeWxOHk+sq34cMZkFo99l+XPJpPQdwZ2jrey/0L59N4+eyTOFG3h76WussYMpcDCT5kVC7W01RLpKb4nnUOYlxvDqm87hA0zBkcS2dvdvkStOd47ntmv+HNmy2OkxZLy5nsSdDYdECCYqfC9vr3iL7847k6SmwAFMSJzDJCtACNPuiuSllLdIXDuUhcm3N3+eHxjHfeOc896xTWFlwmQSxv6Vt59L5h2TlfjoAXAeoJyifem8mrLBeQOsvoOZnRCrs7x0roGTeey+dby28k8k2mtuXjWUMNebV0U09xp1xtpjh99l+b8ls9LkR1R0EFdRN0/vVUWkPQwOh8Ph6U6IiGccO5qPwWBo1w/Q7OOav11/t/R3S9PawuJ3pX03VH130+k1N4m4vHZyblvE46PbPlC/iHQmxbNIz6F4FhERcZfSErunu+BWGgpARORKcyiDzcXhTNKHNpErn+JZpOdQPIuIiPQ6Hq1YLSkt5+PPMvh6VzalZc47clp8fbgpNoo7bovDz+Ljqa6J9AqqWBURERERERERd+npFasezUqs/XAbO3dnMzRkAH6+ziRqSVk5ael7uVhSzkP3TPVk90RERERERERERESa5NHEak1S9bdJ99eb/m/Jf2Xn7mwlVkVERERERERERKRb8mhiNToqnLjYxrfrvHNKHBm7sjzQIxEREREREREREZHWeXSMVRHxLI2xKiIiIiIiIiLuojFWO1HeiQL2Zx/u0LrRUeGEDgnu5B6JiIiIiIiIiIiItF+XVKyWlJazImUDOYfzLqudyPBQFibMxM/ic1ntlJZd4rWV64iKHMEdt427rLZErmSqWBURERERERERd1HF6mUqKS1n2YpU8vLPEB0VTvSoa+gfaG1XG2fPF7P/4D/Yn32YZStSeWLh3MtOroqIuIPD4ehwolikJ7sSY+NK7LNIV7gSY+NK7LNIV7gSY+NK7LNIV1BseIbbE6tp6XvIyz/DHbeN484pcR1qIxK4KSaKv7y3hZ27s0lL39PhtkREOtOlCjsVFXbs9koq7JUYDQYq7JWe7pZIt2M2eVHlcGA2eWEyeWE2mfD27l5V54pnkbZRPIv0HIpnkZ7jSojnnsjtR/jrzGwsvt6dkgidN2siO3dnk5GZ7dbEqr2yks+27eaz7bspKS3nhuvC+Pldk+hn7cPpM+f5r4+38z/fHqPCbufqYYP5l/m3Y7X6syJlAyaTiX+ZfzteXkYA1m1K5+jxU/zvX8wm9+gJ3vvvLzh9ppDg/oHcO/tWrrt2uNv2Q0Tc68KPpVRVVWE0GvH2NuPv54vJ5OXpbol0WzUfiOz2SkrLyim/VEHfPhZPdwtQPIu0l+JZpOdQPIv0HN05nnsqo7s3UHi+mNCQuptOnS0s5mxhcaPlXlmeyrIV77fYlp/Fh2vDhnLufOP1O9OXXx9ga/oe7v9ft/Hys7/Ex8ebd9d/QWVlFRdLyhgROpAXnnyQF596CC+jkXWbduBl9GLsDZEcOZbP2cIiAIp/LGF/1mHGjY3i9Nnz/PndT7j+ujBefjaRqRNjWP1fWyk4+4Nb90VEOl9lZRVnzxVjNBoIsPrTt48Fi6+33uSJtMJk8sLi603fPhYCrP4YjQbOFhZTWVnlsT4pnkU6RvEs0nMonkV6ju4Yzz2d2xOrDaW8t5llK1IbTc/LL+D4idNNrpOTW3fTq9AhwQwNGeC2/pWXV7D34D8YN/Y6brz+GoICrUy9JZaz536gqPhHwoYP5vbJ4xhwVQADBwTyk2uHc+58MWXll4iKHIGvjzcHsg8D8N2xkxgNBqIiR3Dwf44QYO3D9Fv/iaBAK7E3/oTg/v04mnfKbfsiIp2vsrKKogsl9Ovnj7+fr6e7I3JF8/fzpZ/Vn6Liix55s6d4Fuk8imeRnkPxLNJzeDqee4MuH2zBz+LDt0ecVav9g+puYrU46YEml8/JzWPZm+/z4Lyp3BQTxbxZE93av7JLl/ih6Ee2Hvmerdv31E63+HrzQ/FFyi5VkPrhNo6fKODHi6UAhI8IASDA6s/oURHsPfgPboq18XVmNmEjQrD29ef0mfPknSjg8eeX19texNVD3Lo/ItK5zv/wI/36+WPy0rflIp3BZPLC2teP80U/1ntf0BUUzyKdS/Es0nMonkV6Dk/Gc2/Q5YnV6FHXsD/7MO+s3cLChJn4WXwA6j25ZwuL8bP4cK6wiLQdewHYmZnNsJABXBUUQElpudteDL7e3vQL6MP114UxZWJM7XSjwYCvrzdvr97IhYulPL5gDta+/qSl7+Hw0fza5WKjR7Jr7yH+797/4dj3p/nlvdMwGGDggECGDQnmlz+fjq+vT932fLzdsh8i0vku/FiKxeKtN3kinazmkqULP5Z22RhQimcR91A8i3S+qqoqKuyVVFU5qKysoqqq41VnRqMRLy8jRqMBs8kLo7H5i1gVzyKdrzPjGcDLyxnTPt5mDAZDs8t5Ip57iy5PrN4UE0VObh47d2ezJPmvjB4VgZ/FF4uvD3ExUfhZfFiSvApwviBKy8oByDmcx5I/rsZSnZR8/fePXHZfysovcb7ox9rHRoMBf39fbhx1DVvT9/CTa4YxbOhAii9cJCc3j4k3j8bXxxuzyQtfH2/OFRax95tvCbD2qW0jZFB/hocO4sPNXzN8aDDDhw4CYNRPwvgy4wCZ+3O4OdZGZZWDfVn/YLTtGiy+Sq6KdHeXLtmpqqqibx9/T3dFpEfy9/OlqPgiFRV2zGb3vj1RPIu4l+JZpPOUlJZjt1d2WntVVXWJnPLyCsxmU4ufRxXPIp2ns+MZnENnVFZWcemSHS8vI34Wn2YTrF0Zz72JR47kQ/dMpX+QlbT0PaSl762dHhoygMiIUObOuoV31m4B4Ilf3U1kRCh5Jwp4ZUUqpWXlPDhvaqf047Mvd/PZl7trH1t8vXl8wV387KYbuHSpgpS1W7hYUkY/ax8mTxiDwQBzZoznP1dv5Pmlf2H40EFERgzjVEFhbRteXkZuioni4P87wrixUXh7m2r37cG5U3jvv79g49admE0mbrz+WmJHj+yUfRER96qw21v8Rl9ELp/RaORSRaXb3+gpnkXcT/EscnkqK6soKS3H4XC4dTsVFXbs9kr8LD54eTUdS4pnkcvTVfFcWVnFhR9L8bP4NHujt66K597E4HDzM5uYlMy1YUN5ctHcJufnnSigpLQcP4sPoUOC660XHRXOoodm1U77y3tb2Lk7m8W/nl9vWRHpmGNH8zEYDO36AZp9XPO36++W/m5pWltY/LruZFBUfBFvb7MqzEXcqLTsEpcuVRBgdW+liuJZxP0UzyIdV1Fhp7TsUpdvt7lkjOJZpON6azzX22aJvcu25Qld8nVQzeX8TQkdEkxkRGiTidJz54vrPy4sAsBi0Z0BRaRrVdgrMTfzrZ+IdA6zyYuKTr48qimKZxH3UzyLdExVVZVHkjDgvEy5qfEeFc8iHdOb47k3cXtiNToqnLz8M+SdKGjzOq8sTwUgL/8MqRu28e3h7/n4s518e+R7gNphAkREuoLD4cBoMDR7OYWIdA6TyQsvo8Gtl0kpnkW6huJZpGM8lYRpafuKZ5GO6a3x3Nu4PbE6KX4MAMtTNrQruTpubBRDQwaQlr6XV1ak8tGnGQwNGcC4sVF6AYhIlzIYDPpWT6SLXKqo7PDwIG2heBbpOopnkfZxOJx3CfekysqqJj9vK55F2qc3x3Nv4/YBCiMjQnlw3lTeWbuFJX9czVWBVvoHBTS57B23jSMyIrTeeKxp6XtI3fAl48ZG8dA9nXPTKhEREREREZHupKy8wtNdAJz90DinIpdH8dx7dMmdX26KiaJ/oJW09D3szz7caOzUGkOzBhAZEVpvWmR4KEGBVm6KieqKroqIiIiIiIh0uabGQ/SE7tIPkStZd4mj7tKPnqzLbqkdGRHaKGnaFqFDgln6XKIbeiQiIiIiIiLSPVRVdY8h77pLP0SuZN0ljrpLP3oyt4+xKiIiIiIiIiIt6y73Euku/RC5knWXOOou/ejJlFgVERERERERERERaSclVkVERERERERERETaSYlVERERERERERERkXbqsptXiYj0dDvfWsLWAgA7ZT/aMfXxrf4na2Pu4tlEumm7F/av4o2PjlFxOdvJWsVv9ozhDw/YGs3KWb+EbYMf4eFxQS33I+cTdjCe6ZF9O9IDERGR7qX4EGtTtpF5vtL52GQlesbtzB/dwvnw9FaefwcWPjWZwe3eYBFZm3bC+KnYrB3ss0ivcJEj6RtZ88UZiqqnBAyP5cH7Yhlm7vreFB3aQhrjmDMyoNG8k5+vZPFn5VgtLhODr+eZhfH074Rt70tJJmNsEotGdUJjnanwACkpO8i6UP3YFMSk+TOZNty/1VW77T6JNEOJVRGRTjLu4cWMAyCLVb/Zw5jFD9A4TdnZDvPJ+lImP7OYsZbWl+6IyNmL25SsLc3PJpuxSqyKiEgPUEjayjTO3ZZA8qjqREBFAbs25XJ8dCzD3LLNcvKy8mAsSqxKGxWT8c7fWHe0hUVG/BO/ffBGetJL6uTn77L8eCyLX5hLTSqzKHcr+4/BsIiu70/JiTz2cyNzRjY9f9Btd/PircFd2ylPKk7n35fmEPnowyQPqU45FR9g+dIUUhIeIcEDz9GVoXfGc0+gxKqIiLvlpLJ4RyTP/zIa55foF9jxH29wfu4zhG39DXsG/DMV2V+SX1qBOWQ89/58IsMtAAXs/NMqtuaXAmZCJv+CX45zeVNWuJO33tjM8TI72a8s4RPbXBbPDiN/xypWbcunAjCHTOSBB8YTYoasVdXb2v0xRyIf4N/nNkyXHmfnnzbzZX4ppQQz7eGHGRdcvd6YP/CArYBtr6zi/E/Dyf8qh8LSUizRP+eR2ZEcX7+E1N0/8iNvsWRHMJMfeZjoM+t5IzWLUgBLJLMfnotNOVcREbkiFJJXaCU6wqW6yhxM7Ky68/DJjHdZ8VkhJYA55HoeWxDfqEq12WVKD7F6RRr7LwB4EXrL9QR+sY+/XyiHN98grRMr2qQnsxIe0Q/T0R+wN7NESMSQnpWEqdhD6mdW7lt6A671oQERk5kAjavGXR8fTCVxdxD3VeSy9vBgFv3an9R3ypkQfpJ1mV7Me+ohYgo2smztUWclrGUECY/ejs1SXUUZHENFVjZ5peUQfCNPLIzn3AdvkJJZTjHvk7TDyp2P3s+Eli/yquVs80ZK9h3iVGk5V90yh/vYxoqdxRRd8GFC4nzmRfg22HYl5pBIFsyfTFjDooqKPNJSNrI5vxLn/5XbWRQfSs57b5A28pc8PtrXuVxxOkteL+HB56bS/1DT+wv5bH97Ax/VtHXbTB6PC2k8ffztLLo1FNdC4eNfZGOfMZc5Q1zSTdYbWDT/Ox79Yg/3RYzBXPtcHGVzfjklWJnzq/uZMNCloUMf8mh6KMkLxlS3X0hacipn5/2KeUPadoyvLL0wnnsIJVZFRNwtcjxj16fy9wvRjO8L5G/jq76TeTwEDgPZ+Waef/IZ+gIF2/6Dtz4axuK54RxO/RsnJz/O4uFmoJTdf1rFTtvDjKtJTgaN4+HFfetXx+ak8lZONE8u/mVde+tDWDw3HIDsI3aefubfCWrqMqnDZ7A88yTPWKB09594cXMW4xoNDXCGwxce4MlnZgPH+Oil9/l7wZNMnL2YhwNfYRUP8OTEYCCfj/6zgIlPVlfSXsgnv/OPrIiIiJtEMHVGBsuW/oXs8TYmjIwibIh/XfIg90NW5o9j8QtXYwZKMt9leUYRT4a7NNHcMnGVbH87jeLaatgiThaaGBx/DcFLN8CDiUwb2LA/Ik0bePM9/Jo1/CHtQqN5IZNmk3RzD3sx5Z8hLyiIQR1dP+skFc8m8maQCU5vJbUgj7yZ9/LmXQFQnM4r6cE89sLtzqTtsS0s+TAX2z3OEsucggBefupX+HGRr99+i/UH41l01yM8EbiSFcxstir11Gfvk7TDZYJtEsl3jaxuM4iXn/sVfmSxPOl91s97mJef84djG0n6cBfTHosHYP8JX5Y99SsCcA4vsOzDXJLvqV/6mfXBBrJGzyd5QQCQz+bk9awJeYSE+AjWrN1F0eh4AnAmPq1T7mdYC/ub894Wjk9JJHm4CbjI12+vY7vtfuIOf8lHQVNJXnA1YOf4iQLqf6woI6+gnFBbE9nl4AD6H8vjCGOcV8PlFmJ5LpGXLc7/j0mfZDEhweWzx8gxxH2wle3FY5hkBU7sIq1vLIt7ZFLVqdfFcw+hxKqIiNuFMPFmeGNbPuPvDCFnRzZh4++k5kvma6NvoCZXGjz2pwT9RzbHgN3ZZ8jOeYksl5Zs+dDSdfmH92czLHp2E+05P+lF3Ty+6aQqQPgNRFd3yjIsnMBtZyhotFAgUWNr3jQOJyzkDHsKgEbvIwcQOayA9e9vg5sjiRoWQogHxrwSERGhMJ1XXv+GUwBUV5TRxLQGeYDBcfeTHHOR48f2kPHFBtYcKsJ6y1QW3Xo1eZlHOZn1PU/XO0mfBJfEak5zyxQX8HXBUObUDDFAAIODAC62bx+CCtm+4l0+qj5ZD7rtXp6Ma2OpnPQoA2+ezYPfv8c7hy7VTvMdOZGFSsI0ZruBSUEuaZDACKZWj41alJXLt4dLWPLCrrr5wX6cxZnAjIy+AT8A/AkLt7KloMk3wY20NBRAXZvBhAVbYVj1/wVfH/zKyimpXi5q9PW1FbqDYyK56o+5HME1sZpLZlYQMXfVLBVC3Dg/lmTlwaxYJpHK5hPxzBtyiM+zBjNplj9FGc3tL2RknWdfzlvsd9lCdD5MCBlMwIZtrA6+yE22CMKGhLS6//WYfesSsREjia3+7OE3bAD9vzjJyXoDqYUyLR5e+iKPSbNCyUr/jsj4qdXHq+dSPF95lFgVEekCfX86kQHLdnNs2jB2HIli+ty2rBXCtP/zSF2Famdo8b9+W04JJto2lKuZyJ8/w+OF+RzP/jt//tthhj3wJHcOb9PKIiIinSconidfiG8wsalpTTD7Mywivnrcxu9Y/UIa20cnEgaEzpjPv8Y1uFnN6bx6D5tcprjx15atanIfgpiw8BHn5c/Sy/kxat7tTH9rPZ+cAgZdx6PzRrbxPdsVJmQAoYW5nIIO3CAOwKv+wwZf/FuipzaqBAXIA/dkT7okIxPEhFsCeD4zjzkFe8mxjScBKKK5/c0FApnz64eY0Oi684ksfjaW48eyyd6wmuUVN7J4wRiXYRl8CQ324fP8Qoho8EVPQRFnQ0IJrZ3Q4LloQsC4Gxi0NJsjMwpIO3w1s+9px25fsXpRPPcQRk93QESkVzBHMz4sm81/3saFmyfi+t3ut/sPUHOxR8Huv1MQGclwwomOKuCrHXUfvi4cPtZEBWl94dFRHHdp70JONoWRUXRFPjOwbyBnjtf0sJTCgjIsQcOJHD+bu8fayTnSgQ+SIiIiHpHPrsxciipcJhUXU1zhz1V9IXL0CE7t2MXJ2nm5HDldv4Vml7HaiA36nrSDNRWqdoqKLwJWrIHF6HQpHTOQWx+cwcyfjubRByfQY2vbzGOYe1sxa1IOOMcFrVaUm87Xx4CBgxlUfJFz1dNP7j5aXendugBbBP2z9rCrtHpCRQE5x4paXAegv9WfU8fdG7jZ+76p3d+TmTmcihxBWL0lIoixFZK5v2apIrKySrDZnGlM8+gbiczawatflDHpFue05vc3ghhbMWk76gbyKsr9zvm/rDCfs/gzLCKWaQmxhOXkcqRBX4dNicW6aR3rTriMFFp8gOWrTxI3ZUzDXHbLzGOYFP4d61YeoDjeXTcO7I56STz3EKpYFRHpIpE/jSJ1eQF3/qJ+CWpUSAWpr7xEfmkp9qCx/OIXzmv9I2c/zE9X/ZklS5yf6swh47l32PBG36zX38hsHi5YxRtLfJAvnQAAIABJREFUPqm9edUvHwhvYYXOYx57J9P+/gaLl6wnes4vGbz7b2w9Vv1OzWJj7iPBkLOeJakwd/FsBux8izcO3MAjD0eS89YbHLjhER4ep0sYRUSkOwgmzLSF5Uu3cK4mN2AKYtKCmcSagZG380TB+7z2whtU1MybP5QwX5cmmluGICYlTuLkmyt5dJ0Js8tNZm6aeSPbX3+VpHURJLxwOw1HOhdpke8w4qf2/NTT4FvvZVH6Rl57YUdtsjFg+PXMnQNgY/aMvSx79g2w+BAabuWqtjZsjeex+Rt5bekbpALgh23OnJZG4QLAHPMzZme8z6MvfEnMvEeYP7L+/EZjrFbfnK49ooeUkbL0TfJKy6kIHMnjC0Y2WsZ210xOpbxL0qaam1fNZFFtMepIJtjSeKlgHI/XVKG2sL+2u+ZwKmUDSS9UOvcxJIoFw6+mqGAvb69YX/1/0YvQOTMZ3bAjljE8/pSJ1atXknS+snraAKYtuJ9JHaj2sMVdTcrrhcxN7GWfE3pJPPcEBofD4fB0J0TEM44dzcdgMLTrB2j2cc3frr9b+rulaW1h8eu674ZOn/mBgQP6XVYbFfv/xIs541kyt+7tWdaq37BnzB9odI8okV6qM2KtO2xDRBTPIu1VfKGk9YW6iLVv/ZEsFc+esy8lmYyxSSwadTmtlLHr7T+RHf8ICY1zst1axb53STp0I6/fc2V1vLfHs6vSEnvrC13BNBSAiEiXKOCrrReYPL2177xFREREREQ60ekdfHzhemZfWblJoIC0z8q4c8YV13HpRVSxKtKLqWK17fQNukjXUEWMSM+heBZpn95e4aZ4lp6kt8ezq55eserRMVZLSsvJyMwmIzOLvPwzAISGDCAuxkZcTBR+Fh9Pdk9ERERERESkSxiNRqqqqjzdDYxGXdgqcrkUz72HxxKreScKeGXF+4CDuBgbd0yJAyAnN4+PPv2ajz7N4MmFdxM6JNhTXRQRERERERHpEl5e3SMR4+WlRIzI5VI89x4eOcI1SdVoWwQvP7eAebMmUlJaTklpOfNmTeTl5xYQbYvglRXvk3eiwBNdFBEREREREekyxg4Oj9XZvFThJnLZFM+9h0eO8NoPtxEaMoCH7plae7l/xq4sMnZlAeBn8eGhe6YSGjKA1A1feqKLIiIiIiIiIl3GbPbydBcAMJmUiBG5XIrn3qPLj/DZwmK+PfI9d1Zf+t+SO6fEkXM4j7OFxV3QMxGRpjkcDsym7nFiFOnpzCYv3HlfTcWzSNdRPIu0j9FoxGz26G1Q8PY2NTkmo+JZpH16czz3Nl2eWN2f9Q8svt5ERoQ2mldaVs63h7+v/YmMCMXi683+rH90dTdFRGoZDAaqHA7s9kpPd0WkR7PbK6lyODC48dIpxbNI11A8i3SMxdfbrXHTEoPBgK+Pd6PpimeRjumt8dzbdHn6vKS0nNCQpm9IlZd/hldWpNY+XpmcRGhIMCWl5Z22/dKyS7y2ch2Hj+Y3OT+oX18e/5f/xarULQA8ljgHi2/jF6OI9C5mkxcV9kpM+iZdxG0q7JVdUq2ieBZxP8WzSMf5WXy4WFLmke02RfEs0nG9NZ57ky5PrPpZfMjLP9Noes0NrBrKyy8gLtbWadv39fFmUcIs7JXOb8L+ti6NouKL/OLeafj4eGM0Gujj58eihFm1y4uImExe+gZdxM3s9kpMJve/NVE8i7if4lmk47y8jPj7+VJSWt4ll+saDAb8LD7N3j1c8SzScV0dz0C3iOfepMuPZrTtGlI3fElObl694QBChzSuYs3JzaO07BKR4Y2HDegogwH69rHUPvY2m/DyMhJg7VOvMtV1GRERb7OJi51YPS8ijVVVVeHjY3b7dhTPIu6neBa5PF5eRvr2sVBadomKCrvbtuPtbWq1mEjxLHJ5uiqevbyM+Fl8WrzMv6viuTfp8sRq/yAr14YNJXXDNhYn3d/isms3bOPasKH0D7J2Ue/qvL16IwAL5t/Ox5/t5ED2YYaGDOD/7vkfvL3NPDj3Ns6dL2bDlgzs9krunBLH1FtiMRigrPwSH2xMZ2dmNlVVDm6KtXHXHfGqfhW5gpnNJrzKK7hYUoa/n6+nuyPS4/x4sQwvLyPeXTDIv+JZxL0UzyKdx+LrjY+3Cbu9isqqKiorq6iqqupwe0ajES8vI15GIyaTsckb27hSPIt0ns6OZ3AmU728jPh4m1sdN7Ur47k38cjRTLhnGkuSV7E8ZQMJ86Y2GvuhpLSclLVbOFdYxKKkBzzRxUa+zz/DP934E37/zEP818fbeeuvHzN61DUsTrqf3ftz2Jq+m1HXhTFkUH8++Did7Jzv+D//chd9+/ixKvVTNqX9nTkz4j29GyJyGfr2sXC2sBgfb7PGfhLpRHZ7JWXll7r0i1TFs4h7KJ5FOp/RaMTbu8vvO614FnGD3hTPvYVHEqv9g6w8uXAub6Rs4OnfreSm2KjaG1rl5Rfw9a5sLBYfnlw4t9s86SGD+xMXE4W/ny9joyP5f98eY9otsQy4KoBR14Xx2fbdnD5TSF9/C9k53zFj8jgirh4CwLRb/4nNn/9fSsvKsfg2PYCwiFwZAgP6UHThItY+fnqzJ9IJ7PZKin8sJbBfny7ftuJZpHMpnkV6DsWzSM/hyXjuDTxW/xs6JJjfJt1PRmYW+w7mkpa+F4Brw4Zy55RxxMXYmr2LmSd4m031LpPw9fHG2tcfAH8/39pS6qILFyktu8Sq1E9Zlfpp7fJB/fpSVl6hxKrIFc7Ly0hAX3/OF/2IxddblymJXIYfL5ZRVn6JwH598GrlUkR3UDyLdB7Fs0jPoXgW6Tk8Hc+9gUcHVvCz+DApfgyT4sd4shudKqCvPxZfb2ZOvYloW0TtdKPRQF9/Pw/2TEQ6i5eXkf5BVi78WMoPxRerx6jywmzy0rfqIi2w2yupsFdit1dSWVWFqTqWPEnxLNIximeRnkPxLNJzdMd47um6LLGalr6HnMPfU9rBu/xZLD5EhocyKf7GTu5Z57L29Scq8mq2Zxxg+NCBBPbry+mCQs6cK+Lmfxrl6e6JSCfq28fCpUt2KuyVXLrkHGjfaDBQYa/0dNdEuh2zyYsqh6P6A5EJXx8z5m40cL7iWaTtFM8iPYfiWaTn6O7x3FO5/QiXlJazbEUqZwuLiLZdQ0lJGWfPF3NTTBQAeScK2J99mDtuGwfAx5/tJDoqnNAhzjFXv87Mpn+gFYuvDx99+jUZmVk8sXButxomwJXBAHfdEc8HG9NJfvN9Kux2BlzVj5lTb/J010TEDby9TXh7mwDn/ySHw9Hq3RhFeqMrITYUzyJtcyXEhuJZpG2uhNhQPIu0jWLDMwwOh8Phzg2s/XAb+7Jy+W3S/fhZfPjo0wxycvN4ctFcwJlYXfLH1SxKmAnA8pQNLP71/NrE6ivLU4mMCOXOKXGUlJbzb8l/ZbQtgnmzJrqz2yK9wrGj+RgMhnb9AM0+rvnb9XdLf7c0rS0sfvr2TURERERERKS7Ki2xe7oLbuX2kWv3ZeUyOf7GZitMaxKoy1M2sDxlQ71pDflZfJgcfyP7s3Ld01kRERERERERERGRNnB7YrXwfDGhIU0nSgHOFhYDMHfmz5g782f1pjUlNCSYc+ebny8iIiIiIiIiIiLibm5PrLbmXGERAJPixzApfky9aSIiIiIiIiIiIiLdUZcMUJiXf6Z2DMVz54spLSvn28PfA5CxOxuLr0/tY4uvDxm7s2uXLy0r59z54tr5eflnuqLLIiIiIiIiIiIiIs1y+82rEpOS3dLuyuQkt7Qr0pvo5lUiIiIiIiIi4i49/eZVbk+sikj3pcSqiIiIiIiIiLhLT0+senyMVREREREREREREZErjRKrIiIiIiIiIiIiIu2kxKqIiIiIiIiIiIhIOymxKiIiIiIiIiIiItJOSqyKiIiIiIiIiIiItJMSqyIiIiIiIiIiIiLtpMSqiIiIiIiIiIiISDspsSoiIiIiIiIiIiLSTkqsioiIiIiIiIiIiLSTEqsiIiIiIiIiIiIi7aTEqoiIiIiIiIiIiEg7KbEqIiIiIiIiIiIi0k4mT3dARORKUXJsK2+vzib7fCXghTUklLkJM4kN8uy/0pOfr2TxJ1YWJs9ldGc3fnorz//hKHG/SWTaQJfpB1NJ/CSIJU9NZnBnb1OkKzT32m6oTa/1AjYvXc36gqbmWZn9m5nwzmrWB09hZYKNokNbSD08lLkzbAQA+1KSWT9sPi/eGnyZOyXSO3Xs/OyM2yPTk1g0quX2T36+ksXHx7EywdaB9bNYnvQpp6Y7Y7xh/IuIiMiVTYlVEZG2KE7n1dePEvqrBFZGBAB2inK3sWbnUWJnRHi0a4NvTWTlre7cQjHrX09l0HNzGW1x53ZErlTBTHsqiWlATRKFBxskW2rnQ8mJPDKzvLhDiRWRy9eNz89ONhYl1yVkFf8iIiI9ixKrIiJtkX+G77AyKaLmY5CJgIjJLKr+zNaw4qzuMc6KFlsMFZmZZF8Aa2QMjyXEM8wMVOSRlrKRdTkl2E1+RM2cyeNxIdVVcv7MDT/Jup1w532hbF9TyOyX7yXWDFDGrreXs2VkAosDt9ZV1JV+x+bVW/gopwS7yYvQmKk8cddI/JqbXlNxU9O/4VMaVOQADCA64gwr3k5n2WPxjT8IFh9ibco2th8vwY5z/55YEM/g2rZvpCh9L9/Zvbh6+u3MuZDOqzvOYzdZuTVxPvMifJs/DiJd5Oy+dby29iin7GAKHMy8xHuZUFvJWk72BytZsrMYu8lK3Lw5JIwOalf7Nf8TZh9fzYosgG9YnPQN0Q8mEee6oGJBpH0u4/wMwPF0Xl1Xc36+nkXzJxPW7i8RCxqf68NjeGKhy7lwehJxu5MbxX9r1bIiIiLSvXk8sVpSWk5GZjb7s3I5fqKA0rJyACLDQ4mMCGXc2Cj6B1k93EsR6fVGjmN2yHusfOEv7B9vIy4igsjhQZjbuPr+Q+U8/2wSj5PHutffZ9kHIbx+z1D2rVnH9iFzeH1BKOaKPNb9cRObwxOdlW0FR8m6ZTbJM0PwMxdi/iKFjKwyYkf7QvEutuQMZmpCEByq287ZjDTW28fwWnIsfhVF7Ms6g5ky9q3dwGbzRF5OvoGAijzW/fF9Xs0I5l/javpXwhOPPsyiIP8meu9DXMJswpLf47XPI1h8a4Mkj3Uwk+YlMG+gL1DI5uQU1h+Mr/2wmFMQxItLkwg4tpGk1zeQOv0e3kwO4ciHb/LSpl1MeyyWI80dh5Yu0RbpLKe38tqaQqJ//Rhzhpgo2pfK869/yKDfzyISoOAoObfN5827AijJ/ZAlb37I9vCHmNCBtyejE5JY8vlKFu8eUTu8wL7dNXPLmv+foFgQaVpnnZ/NhaS9lsKrH17N6/d0rNJ1f24lLz2bRH8O8fYLm/j4UDwLRtbNbyr+RURE5Mrm0cTqR59mkJa+F4vFh8jwUKJt4YSGBHP2fDF5Jwr4alcWH32aQVxMFHNnTsTP4uPJ7opIrxbCtKTHmHDiKBmZB0j7IIPlBT7Y7prLopjWK9ei4sc7K1QJZc4tQ9my6TtOYiczq5JTvM/CL+qWja4Zp7FvBHfGhOAHQBATbhlM6he7KBodT9EX2ZwdO7G6erVO/+GDsX52gJTPYdLIKGyjIzBziMwsGP2rG5zVpuZQ4sZa2ZL1HRVxodX9+xmRQb4t7//CKRz53XqWByewyHVWaSGZG7aQdriEYrtz0qCCusEmI6Ort+vrgx9WYmzOxGxYeBDklFPC0eaPg5JJ0gXOZh3l1LBIJg1xvi0KGB1F5Jov2XcMZ2K1bwTTRjur4fwiYokJfI99OWVMiGkpZjpCsSDSfp11fg5iUvxQUjfkcoQIwjrQk+j4ifSvbivUChknCmBka2uJiIjIlcwjidWS0nJS1m4hJ/c4k+LHcOeUOEpKy/k+/wzHTxQwbEgwkeGhzJs1ka8zs/no0wyWrUjliYVzlVwVEQ8y4TckgklDIpgEVOx7l4VrtpEVM6fBcmWUVLTSlL2S0uo/YxKT6lW0AHAQsHjhejWiefSNxH2wjc0nrob9EJfYxKe1iNtJ/l0+Ofuz2f5BCq/ao1ic1HpNjNm3DQkii41Fj55kyR/fZXN8Xane2Yw01p+/mud/N5Vh5iK2v/Yn0lzXa+OZpsnjINJNmU2dnVSto1gQaa9OPD+b6p97a1WUUwEulbAFHCnwws91YY9fCygiIiJdzeiJja79cBs5ucd5cuFcJsWPIWXtFh577g1eWZHKR59+zSsrUnnm9ytZtuJ9hoUM4LdJ9+MAlq1IpaS03BNdFpHe7nQ6qz/P5WztB7IyTuZfhJABhAJ+vl6cOpxHCUDxN2Tm1F89O30HxysACklL/x5L5AjCGEF0JGSl76pu187ZzD00WNXFSG6NgYyUjWT0jWLakMZLVBw7RE5pMJExk1mwIJaw/O/4tngEMTbYt+MARQAVeWTsLuZq29VtvlSy1sDJPHGflc1ffF87yWzxArwwm4HTu9h+vL2Ntvc4iFy+kvxCirAyaCD0t41g0PEc0k44S66L9mWT4zuU0cOrF76Qy+Z9RdXzdrD9fCC28I5ve3CQFUrLa79cqaNYEGm3zjo/V+Sx7ovvsYRf3egS/cEjQ7kqZy/rcotqt3F80072+44grp2jBjQf/yIiInIl6vLvVb/OzGbn7mwW/3o+AE//biVXBVlZmDCT0ba6dyZ5JwpY++E2lvxxNQ/Om8qTC+fyb8l/Ze2H23jonqld3W0R6e2CRhJ5fgvLntvAOTuAF1cNG8ljic6bOQXMmkTc0k95LOlLTMGRxIbDOZfVo0f6sP73ybU3x3h8lrMcLXb+bM6t3sLzT+/AjhdXRUaRENl8N4bdEkX/HZlYZ8Q2eTfhkuJsUt/eRF4ZYPIjavrtxFl9Mc+byanVW3g6Ka365lUzeCIuCChoopWW+Y2ay6Kxb7CsOoEaEDeV+/avZ3HSN5iG3cgkG+xvV4u+zR8HDbEtnS6L5Umfst/kR9ScmYwGGDiZx+5bx2uvv8aWmptXPVo9vipA8AgiD7/Pr9Y4b14Vn3h3h8ZXrTV6PPdlbuCVpGT6T5/P7NoZigWRduvU83MMT9zVRKZ0yFSeSdzC8rUpJJ6vBMASMoLEJJf/E23VIP5rbqolIiIiVyaDw+FwdOUGn/rdSm6KiWJS/BiWJP+V0JABJNwzDYCPP8sg78QZLBYf5s6cSP8ga+04rE8uvJvj+Wd4Z+0WXno2UTe0EukEx47mYzAY2vUDNPu45m/X3y393dK0trD4XQnX3NXdDVh3/hUREREREZHepLTE7ukuuFWXZiX2ZeVSeL6YSfFjSEvfgwNIuGcafhYfXlmeytnzxdwUE0VObh7LVqSyOOl+7pwSR05uHqkbvuSJhXfz0acZZGRmceeUuA73o7TsEq+tXMfho/m10wwGGHBVP+bOnMj113VkuPqO2/PNt7y16mMefuAOxlx/bZduW0RERERERERERNqvSxOrObl5XBs2FD+LD19nZjM5/kb8LD6UlJbz7ZHveeJXdxMZEUpJfDmPPfcGOYfzGG2LYN6siSz542rOFhYz2hZBTm4eTLn8/tz2s7FMih8DgKOqis+/2seq9z/l8QV3ERoy4PI30EajfhLGHxb/C/5+zhth7PnmW1alOvsRNrz1m850ppqkc1C/viyYf3uXblukZwpm2lNJnu6EiIiIiIiIiHSyLr15Vd6JAkKHBFNSWk7h+WJCQ+qPKVRSVv/GVH6+PgCEDnEud66wiNAhweTln+mU/vj6eBMY0IfAgD4EBVqZMjEGP4sv3x7O65T228rbbCIwoA/e5ivhsmYRERERERERERHp8kyen8WHvBPOm6VcFRRQOy06KpyU97bwbWwU+w7mMjRkAJERobXrWXy9ycsvIDQkmNIGCVh3sVdW8tm23Xy2fTclpeXccF0YP79rEv2sfaiqcvBlxn42bf07xT+W0M/ah9kzxvPTMdexcs1GLpaUYbH4kPX/s3fn8VFX9/7HX5PZMllJCAGysCSBAAkY9h1EFhHZFCu4IlYrLlfba2nr76q319rbVq/33va60NqKYl1wZxHZFAQJKIuACRpMgBAIkpCELGSyzPL7IxATgZiQzEyW9/PxyGNmvss5n5nwGTKfOd9zvj7CLfOm8MFHn3HjnCtrL/X/26trKDxTykN3z+PkqQKWLl/N4ttnsWnrHnbtq1mu9A9/eZ34XlEsnD+d//3r2wwf3I99aZnknS4iJSmBWVeP4Z/vbOTIsZNEd+/CfXfMoUvnmtf04KFs3nj/E07lFxIZEcbN109mQN+eHM4+ydLlqxk3Ipntu9IpOlNC7x7duee2mZwpOcv//u0d7BVVZAG79mVoegIREREREREREZGL8Hph9XRhCVMmfD8C9fwiVPffOZdNW/fw5VeZpCQnXDCHqr2iitioSHJy87D5W1o8LpfLzZ79h7BXVNI3LgaALdv3s3HrHm7/yTR6xXblvbWf8fp7n3DPbTPZsTudd1ZvZd7M8QwZ1Jdjx0+Rd/oM59fg+frbbIan9OPXDyzAYm18vLfeMIV+fXrw9qpPufvWa+ndozsOZ83qo998e4zFC2dTdKaUF/+5hqyjudwybwoRnUP5x+trWffJF9z2k6nk5Obzj9fXMmroACaPm8fBQ9m8+vZGfnHPDQBUVFSSnnGUf/npdTgcDv66fDWbU/cxZ/pY/u3nt/L319YSGhLILfOm1E5PICIiIiIiIiIiIt/zamE1MSGWfWmZBNisxER14cu0zHqjUqdMGFo752ld23elAzVTAmzflU5ifOwFx1yOVetTWbU+tfZxSFAAt8ybQkxUJJWV1ez96ltGDxvAkEF9AJh+1Qheen0t+afPkLr7ICOH9ueqcUMwGCAsNKj+c42PZeGNV2OxmCgqLmt0TAE2fwID/DEYICjQRnCQrfb8K8emENM9gs5hIUR1i6BL59Da2BJ6RXPiu9PYK6r46uvDhIYEMWPySAID/BkxpD+79mVwNOc7IsJDMZtNXDdjPDHdIwDo3aM7BYUlmIxGQoIDMRr9aqcnEBERERERERERkQt5tbA6ODmB1Rt2nBu1OpSX31yHwQBffpVJQVHJBcfb/K0MHlizWNXoYUkE2KzsS/v2gtGsl+v84lUOh5N312zlrL2Cfn16YDBARVUVZ4rL2Hj4OBs/3VMnJgv5hcWcKS6j/7ljLyY4KACLpWVf3h+O1I2MCKu93yk0iBPfnQbgVH4ROSfy+Pljz9U7PqF3NBHhoRiNRs3nKiIiIiIiIiIi0gxera7FRkcSE9WFVetTufOm6WzauodNW/cya9roi45CzcnNY9X6HYCbBXMn1Y4uHTM8uUXiOb94FcANsyby30vf4uNtNfH4Wyx0Cg1i0IA4rp40vPYcP4MBk8lIp9AgCs+U4nZzyeLqpbjdNVMPeErXLmH0iI7krltm4H9uATCoeb4nTxV4rF8REREREREREZGOws/bHU6ZMJQdu9PZviudJffNJyaqC5u27mVfeiYGg4HY6Jr5V3Ny89m0dS82m5Ul982noLCYTVv3MmXCUAJs1h/ppekiwkO4ckwKn+7Yz3d5hVitZoYM7MOXaZkcO34KgJLSs3y+9+vafXv2H2Lb5wcoKi5jf3oWn3z25UXbtlrMBAcF8PWhY1RWVZORlcM3mccuGUvXLuFYLGZyvzt9WQXYgf3jKD1rZ9e+DNwuFw6Hk137vqHsrP1Hz7X5W4juFkFBUQnFpWeb3LeIiIiIiIiIiEhH4NURqzkn8ljxwWbCw0J4+c11sGA6//7w7WzflV47evW88LAQxg5PYsqEoRQUFvP0829ddFGrljRyaH+2ff4Vm7bu5ZZ5U7hy7BVUVVWz7M11nC2voFNIEFMn1swBe37fex9u49W3NxIRHsp1M8bhvkgdNMBmZebUUbz69ka27txP7x7dSUlO4Lu8wovGEd0tgumThrNi5RZWb9jB4jvmNOl5xEZ14Y75V/PG+5+wZuMOzCYTQwb1ZcTgfo06/9opI/nrq2tY8h9LmTVtDLOmjW5S/yIdmdvtxtDUYewiHUBbzI22GLOIN7TF3GiLMYt4g3JDRKR5DG73xUqBLS/nRB5PP/8WATYrf3z0bn795IsUFpWQkpzA/DmTiAgPASAjM4fY6EgCbFbK7ZV8vG0vq9anMnpYEgvmTvLIaFWRjir7aC4Gg6FJP8AlH5+/X/e2ofsNbWsMW4Dv5wquqnZQXe3A4XBS7XDiZzBQ7XD6OiyRVsdsMuJyuzGbjJhMRswmU4vPRd5cymeRxlE+i7QfbSGfRaRts5c7fB2CR3mlsHq+qJoYH0NGVg4BNn/K7RXMn3sVm7bu4XhuPrFRXYiNjiQiPJRyewUZmTnk5OYTHhbC7KvHMHZ4kqfDFOlwVFhtntIyOy6XCz8/v3N/iNb8QSoiF3e+wOFwOGtzJzjI5uuwAOWzSFMpn0Xaj9aczyLS9qmw2kzni6opyQncedN0nnvpAzKyclhy3/zv51M9kceXaZlkZObUnhcbHUliQiyDkxM8GZ5Ih6bC6uVxOl0UnSnDZrMQGODvkxhE2oOz5RXYK6oICw3CaPT6tO+A8lmkpSifRdqP1pDPItJ+qLDaTL9+8kUS42O586bpvPTGOvalfVuvqCoivqPCatM5nS6KS8sJCbZhMmr0i0hzORxOSkrLCQ0J9PqHN+WzSMtSPou0H77MZxFpX9p7YdXj75B2ewUGAyx7U0VVEWn7is6U6UObSAsymYyEBAdQVFzm9b6VzyItS/ks0n74Mp9FRNoSj49Y3b4rnRUffILN5s8Di+aoqCrSimjEatOUltnx8zPo8kIRDzhbXoHL5fbanG7KZ2nvXC4XDoeLqmoHLperWW35+flhNPrh52fAbDLi59fw2Azls0jLcrlcVDucuFxunE5Xs3K6teeziLQ/7X2Hp2jxAAAgAElEQVTEqlcWrxKR1kmF1carqnJgr6gkNCTQa32KdDTFJWcJsFkxmz2b28pnae/OllfgdDavmNoQs9mEzd/S4DHKZ5GWUW6vxOFweqz91pTPItI+tffCqiZLERFphGqH40e/0ReR5vHz86Oq2nMfHs9TPkt7dX5ORE8WVQGqqx2Ultkb7Ef5LNI8TqeL0jK7R4uq0LryWUSkLdJfISIijeBwODGZNG+biCeZTEYcDs9/o618lvbI6XRRbq/0Wn9ut7vBkbHKZ5HL53S6OFtegbcuLm0t+Swi0hapsCoi0gjVDidmfXAT8SizyUi1h0fmgPJZ2idvFlUb06/yWeTyddR8FhFpi1RYFRH5EW63Gz+DQSNiRDzMZDJi9DN4dISO8lnao3J7pddGtv2Q2+3GXlF1wXbls8jl6aj5LCLSVqmwKiLyIwwGg76lF/GSqmrnZS9o1xjKZ2lvXC6Xx+dg/DHV1Y6LrlKufBZpmo6czyIibZUKqyIiIiIibVR1K1lQxuHw7IJZIh2B8llEpO1RYVVEREREpI1ytZJLc50XGeEmIk2jfBYRaXtUWBURERERaaMutYq3t7WWOETastaSR60lDhGRtkCFVRERERGRNupicyH6QmuJQ6Qtay151FriEBFpC1RYFREREREREREREWkiFVZFREREREREREREmsjk6wBERNqLHUufYGMegIOKMgemIP9zb7LJzH/8ehI91G/pvld4dlU21c3pJ+0VfrVnKE8tTL5gV8Z7T7C5+wMsHh3ecBwZa9nGeGYkBl9OBCLtQ8k3vLlsM7uKzq3sbAoh5dqZ3Da4gfw5tZHHXob7fj2V7k3usJi0D3fA+Okkh1xmzCJyccpnERER+REqrIqItJDRix9nNABpvPKrPQx9fCEXlilbWhZr37Mz9ZHHGWbzTA+J1z/eqGKtPTeddIapsCodWCGbXtxEwbRFPDMwsGZTdR5ffJjJscEj6OGRPivJScuBYagQI41UQurLr/Hu0QYO6TWSf79jCB37n5TyWdoC5bOIiK+psCoi4mkZK3h8WyKP3ZWCGYBStv3PsxTNf4S4jb9iT5frqE7fQq69GnPUeG6+ZRI9bQB57Pj7K2zMtQNmoqb+lLtGR37fbuEOlj77EccqHKQ//QRrk+fz+PVx5G57hVc251INmKMmsXDheKLMkPbKub52r+Zw4kL+c/4Py6XH2PH3j9iSa8dOJNcsXszoyHPnDX2Khcl5bH76FYpGxZP7WQaFdju2lFt44PpEjr33BCt2l1HGUp7YFsnUBxaTkv8ez65Iww5gS+T6xfNJVs1V2rVCcgpDSEkI/H6TOZIRc7/P25Opr/P8hkLKAXPUIB762YQLRrVd8hj7N7z6/Cb2lQIYib1qEGGffMnO0kp44Vk2RQ7ikfsmEOHppyltXAjxCZ0wHT2D4xJHRCVEqwijfJY2QfksIuJrKqyKiHha4niGvbeCnaUpjA8GcjfzWfBUfh4FWUB6rpnHljxCMJC3+X9YuqoHj8+PJ2vFa5yc+nMe72kG7Oz++yvsSF7M6PPFyfDRLH48uP7o2IwVLM1IYcnjd33f3ntRPD4/HoD0ww5+88h/Em6+SJxZ+dgeWcIjNrDv/ju/+yiN0RdMDZBPVulCljxyPZDNqj+8xc68JUy6/nEWhz3NKyxkyaRIIJdVf81j0pJzI2lLc8lt+VdWpJVJYPq1qfzXn14ifXwyE/slERcdSG26ZX7Ai7mjefy3vTED5bte57nUYpbE12niUseMcfLp3zZRUjt6rpiThSa6T+hD5J9Wwh13c01Xbz9faau6jruJf+WfPLWp9IJ9UVOu5+Fx+sekfJa2QvksIuJbPi2s5pzIY196FgCxUV1ISU7wZTgiIh4SxaRx8OzmXMbPjiJjWzpx42dz/sr9vilXcL5WGjlsFOH/k042sDs9n/SMP5BWp6XkXGjouvysfen0SLn+Iu3VfNJLGjf+4kVVgPgrSDkXlK1HPGGb88m74KAwkoadH63Tk7iofPbkAZE/PK4LiT3yeO+tzTAukaQeUURdql+R1qhwK0//5QDfARDC7AdvZyIX2faDqRa7j7mdZ4af5Vj2HlI/Wck/vykm5Krp3D+5Nzm7jnIy7Ti/qZfUJ6FOISbjUseU5LE9L4Z55y9JJpTu4QBnm/Ycwgv59PnXWXUuubtNu5klYxqeP1nap67jrueO42/w8jdVtdv8+03ivvZYhFE+SzvXofJZRKSV8UlhtdxeyfPLVpKRlVNve+ewEO5fNIfY6As+oYuItGnBoybR5b92k31ND7YdTmLG/MacFcU1v3jg+xGqLaHBd/3G/JdgonFTuZpJvOURfl6Yy7H0nfzjtSx6LFzC7J6NOlnE98InsOS3E36w8WLbLsIcSI+ECfRIADjCq7/dxKeD7yYOiL32Nv7fmND6x5+q//fQRY8pufBrjh910ecQzsT7HmBi01uTdieAgQtmMmPpe6z9Dug2gAcX9Gvke3wbo3yWdq8D5bOISCvj54tOn35+BcdOnGL+nCv585MP8OIzD3PHgumU2yt4+vm3KLdX+iIsERHPMacwPi6dj/6xmdJxk4iqs+vQvv2cv3grb/dO8hIT6Uk8KUl5fLbt+w9fpVnZFxlBWl98ShLH6rRXmpFOYWIS3qhnhgWHkX/sfIR2CvMqsIX3JHH89dw4zEHG4cv4ICnSpuTyxa5MiqvrbCopoaQ6kM7BkDi4F99t+4KTtfsyOXyqfguXPCYkmRHhx9n01fkRbQ6KS84CIYSElaD0ksvTlcl3XMucUYN58I6JaGxbXcpnaWuUzyIivuD1Eavbd6VzPDef+xbNYXCdS//HDk+iR1QXnvjvV1m1PpUFcyd5OzQREY9KHJXEiufymP3T+kNQk6KqWfH0H8i123GED+OnP6251j/x+sWMeuUfPPFEzac6c9R4bu7RExq6pD7xehbnvcKzT6ytXbzqroXxDZzQcszDZnPNzmd5/In3SJl3F913v8bGbHvNTlsy8x+IhIz3eGIFzH/8errsWMqz+6/ggcWJZCx9lv1XPMDi0bqEUdqySOJM63juT+soOL+KiCmcKT+bwwgz0G8mv8x7iz//9lmqz++7LYY4/zpNXOoYwply9xROvvAiD75rwoyR2Ktmcv+EWMbOGcKnf/lfHn43gUW/nckPZ0YWaZB/DyZM98wa922b8lnaIOWziIjXGdxut9ubHT730gccy83nT4/efcn9Obn5/PES+0Wk5WQfzcVgMDTpB7jk4/P36942dL+hbY1hC/Ded0On8s/QtUunZrVRve/v/C5jPE/M/36S1LRXfsWeoU9xwRpRIh1US+Raa+hDxFtKSst9HUKtkOCAeo+VzyJN09HzWUTaJ3u548cPasO8PhVAub2SiLCQS+6PjY6koKjEixGJiHhDHp9tLGXqjAZWnhIRERERERGRNsPrhdUAm7XBwmnOiTxiorp4NAZ7RRV//L83WL1hx0X3f5dXyC//Yyl7Dhxq0XYv5mjOdzz6x5e4++FnmtyfiLQlkUxa8gvG/2AhquSFGq0qIiIiIiIi0hZ5vbCaMrAPBUUlbNq654J9GZk57EvPqjf3qift2J3O6cL6RV63G7Z9/tW5CeQ9q9xeyT/f2USv2G786dG7Gdg/zuN9ioiIiIiIiIiISPN5ffGqscOTSP0ijRUrt2CvqCIxPhaAjKwcNn66h5ioLkyZMNQrseQXFLNjdzqzpo2u3XYqv5DP937tpf7PkF9whmsmjyC8gekRREREREQuxs/PD5fL5esw8PPz+ngNkXZH+Swi0vZ4vbAKMHhgAocOH2fV+tR62/vGxXD/nXMBSN2VXjtlQOewEPrGxxIR3rLFx8ED+/DFl98welhSbdvbd6XRKSQIt6tmTa/96Vm89MZHPHDnXPrExQCQd/oM//XCW8yffSVDr+h7yfYPZ59k6fLVjBuRzPZd6RSdKaF3j+7cc9tMtu9Kr33+S19ZTXinYH7z4M3Y/C28s2YrO3alU+1w0rtHNxbOv5qorp1b9LmLiIiISNtnNLaOQozRqEKMSHMpn0VE2h6vFlZzTuTx3LKVFBSVEB4WwuDkBCLCQ4iNiiTAZiU2OpLtu9JZ8cFmwF27/bMv0rDbK5k6cWi90aXNNTg5Abu9onbUat7pM3z5VSYzJo9k5brtAPSJi6FL504c+PpwbWE188gJrBYzCb2jf7SPiopK0jOO8i8/vQ6Hw8Ffl69mc+o+ZkweRc+Yrrz4zw/5yeyJXJEUT1BAAG+8/zHpGUf4xT03EBoSxLtrtvLCy6v45X03Ehoc2GLPXURERETaPj+DwdchAGDUCDeRZlM+i4i0PV4rrG7flc7Lb64jPCyEX957I4kJsZc8Zv6cK5kyYSg5J/LIyDrO/XfO5cu0TJa98RFnyytYMHdSi8RksZiYduVw3lq1hdHDktj2+QGiukXQN/772AJsVkYM7sfOvV8zfVIFZrOJz/d+TUpyPKEhP17oNJtNXDdjPDHdIwDo3aM7BYUl2PwtBAXaMBggMMCf0OBAikvOkp5xhGunjq4t2l43YxxPP7+CI9knSfHS3LMiIiIi0jaYzUYqq6p9HQYmkwoxIs2lfBYRaXu88o6ZcyKPl99cR0xUF/794dsvWlQ9XVhSr6gKsGp9KitWbgZqRpcuuW8+H2/bS0ZmTovFlhgfS+ewEFau286XX2UydcKQCy59GJDYi5LSs2QeOcGpvEJOFxYzIqVfo9o3Go1YzI2rXxeXnsVeUYXN31K7zWIxY/Tz49TposY/KRFpUW63G7PJ6OswRDoEs8mI2+32WPvKZ2lv/Pz8MDfyb01PsVhMF52TUfks0jQdOZ9FRNoqr7xrP7tsJeFhISy5bz4BNutFj9m0dQ/hYSH1Fq5adNM1lNsrax/HRkcyelgSm7buuWhx9nJYLCamTxrO/730PkMG9iGuZxQlZeX1jukeGU5czyj2pWcR3imYiPBQukaGt0j/dYUGB2Lzt2CvqKrdVlVVjdPlomtEWIv3JyKNYzAYcLndOBxOTPoAJ+IxDocTl9uNwYOXQiqfpT2y+VtwOJw+KXoYDAb8rZYLtiufRS5PR81nEZG2yuMjVrfvSqewqIQ7F0y/ZFEVaka1Dq5zqfv2Xen8xzPLefnNdfWOGzwwgYys4y0aY0JcNPcunM11M8ZfdKJuo9GPscOT2JeWyac79jNySP9Gj0JtipDgQJISe/Phxh1kHjlBfkEx76/9DJu/ld49u7d4fyLSeGaTkWqH09dhiLRr1Q6nV0afKZ+lPWro72xf9Kt8Frl8HTWfRUTaIo+PWE39Io2YqC6NGmFa94187PAkCgqL2bR1T/1j/K3YKyp/eGqzmIxGkvv1bvCY3j27ExRow+12k5TYq0X7P89ggBtmTQAD/M9f36Ha4aR3j27ce8dsLVwl4mMmkxGHPriJeFTNqDPPX0yjfJb2yGj0I8BmrXe1lycZDAYCbNZLrh6ufBa5fEajH4EB/pTbK70ycrW15LOISFvk8XfHQ4ePM3n8kEYdm5GZA1fXfxwbFVn/mKwcwsNCmhWTzd/Cb/7lpkvuDwsN4k+P/azeNn+LhU4hgfTq0e2Si1b9sN24nt156gft/Oy2mfX2/+X3/1K/H6uFW+dN4dZ5Uxr9fETE8yxmE2e99GFVpKNyuVxYrWaP96N8lvbKZDISEhzA2fIKnE6Xx/qxWEwXvVy4LuWzSPMYjX4EB9mwV1RRXe3wWD+tKZ9FRNoijxdWbf4WDmXlsHrDjgaOsTJ4YAIrVm6h3F55wSUIdbd9mZZJYnzLzK/aFNnHvyP3uwJmXz3G632LiO+ZzSaMldWcLa8gMMDf1+GItDtlZyswGv08MtXODymfpb0LDPDH5XLhcLioqnbgcjWvyOrn54fR6IfRzw+Tye+iC9vUpXwWaTk2fwtWiwmHw4XT5cLpdDUrp1tzPouItEUef3dcdNM1LHvjI1atT73kMTZ/C3989GesWp/K88tW8sv7bgRgzIhkUr9IIyMrh8HJCaxan8rx3HzuXzTX02HX43ZD6u6DRHXrTM+Ybl7tW0Raj+AgG6cLS7BazFokQ6QFORxOKiqriAhv3hUpTaF8lvbOz88Pi8UPi8W7xRDls0jLO5/P3uaLfBYRaWsMbl8sN3gJX6Zl8vyylcRGdWH21WPoGx9LgM1KRmYOm7btZV9aJncsmM7Y4Um+DlWkXcg+movBYGjSD3DJx+fv171t6H5D2xrDFuD9b86dThfFpWcJCQrQhzeRFuBwOCkpsxMaEoDxR0bNtDTls0jLUj6LtB++zGcRaV/s5Z6bzqQ1aFWFVaiZV/WlN9dRWFRSb7vN38Kim65hcHKCjyITaX9UWL08TqeLouIybP4WXXYo0gxlZyuoqKwirFOQzz60KZ9FWobyWaT9aA35LCLthwqrPpJzIo+MrBzK7ZUkxseSmOD9eVVF2jsVVpuntMyO0+U6N0eVEbPJqFEyIg1wOJxUO5w4HE6cLhcmox9BgTZfhwUon0WaSvks0n605nwWkbZPhVURabdUWG2+qirHuT9Ea279DAaqHU5fhyXS6phNRlxu97kChwmL2Yi5lS2EoXwWaRzls0j70RbyWUTatvZeWNU7pohIM1gspnMLg1gBcLvdl10oFmnP2kJuKJ9FGqct5IbyWaRxlBsiIs2jCVNERFqQ/jAVubi2mBttMWYRb2iLudEWYxbxBuWGiEjzqLAqIiIiIiIiIiIi0kQqrIqIiIiIiIiIiIg0kQqrIiIiIiIiIiIiIk2kwqqIiIiIiIiIiIhIE6mwKiIiIiIiIiIiItJEKqyKiIiIiIiIiIiINJEKqyIiIiIiIiIiIiJNpMKqiIiIiIiIiIiISBOpsCoiIiIiIiIiIiLSRCqsioiIiIiIiIiIiDSRCqsiIiIiIiIiIiIiTaTCqoiIiIiIiIiIiEgTqbAqIiIiIiIiIiIi0kQmX3Zebq9k9YZUMjJzyMnNByA2qguJCbHMmjaGAJvVl+GJiIiIiIiIiIiIXJTB7Xa7fdHx9l3prPhgMzablbHDk4iNjgQgIzOHL9MysdsrmT93EmOHJ/kiPJEOIftoLgaDoUk/wCUfn79f97ah+w1tawxbgE+/GxIRERERERGRBtjLHb4OwaN8UpXYviudl99cx6xpo5l99RjK7ZUcysoBYPbVY1gwdxKr1qfy8pvrAFRcFRERERERERERkVbF64XV04UlvPzmOubPuZIpE4aScyKPp59/C3tFJQA2fytL7ruR2VePAWDFB5tJjI8lIjzE26GKiIiIiIiIiIiIXJTXF69atT6V8LAQpkwYCsCzy1aSkpzAi888zIvPPExKcgLPLVsJ1IxetdmsbNq6x9thioiIiIiIiIiIiFyS1wurGVk5TJ0wBICcE3kUFpXUjk6FmmJqQVEJOSfyAJg6YQj70jK9HaaIiIiIiIiIiIjIJXl9KoDCohJio2oWquocHgpATm5e7aX+Obl59fbFRkVSUFTSojHYK6r484vvknU0t3abwWCgd49uLJx/NVFdO19220dzvuPvr63lVH4RixfOYuigvi0RsoiIiIiIiIiIiLQiPl1SO8BmJSUpnhUfbMZur5ljddX6VEYPSyLAZvV4/9OuHFY7JYHD4eTdNVt54eVV/PK+GwkNDmxye+X2Sv75ziZ6xXbjX++5gaCggJYOWURERERERERERFoBr08FYPO3cLrOCNTO4aEUFJWw7M11LHtzHQVFJQQGfF9UPV1Ugs3f4pFY/K0WwkKDCAsNokvnUGZOG429opJjx/Muq738gjPkF5xh8MAEwsNCsJh9WrcWERERERERERERD/F65S8luQ87dqUzdngSb36wmdRdacyfcyUpyX0ASN2Vxqate3C7YcHcSaR+kVa7z9PMJiMATqcTgIOHsnnj/U84lV9IZEQYN18/mQF9e3I4+yRLl69m5JB+7Nz9NVHdOtO7Z3c+3LgTgKWvrCa8UzC/efBm7BWVvLJiPUeOfYfZZGT08CRumDkBf6vlku2kfX2EmKgufL7naywWM3fMn0ZBUQkr16XicDiZffUYpl81AoMBDmef5K1VW8jOOYXT5WLIwD7cfuM0AmxWVm/Ywf70LPrERbN1xwFcLjdXjk1h3szxmIxGXC43W1L38eHGnZSUldMpJIjrrx3PqKEDOJlXUBt3cKCNG2ZNZNTQARgMXvlViLQap/LP+DoEERERERERkRbXtUsnX4fQ5nm9sDp1whCe+O9X2bR1Dx9v28sdC6YzdnhS7f7ZV4+hc3goL7+5jojwEA4dPs7jcyd5PC6H08nOPQfx8/MjqlsEObn5/OP1tYwaOoDJ4+Zx8FA2r769kV/ccwMAFRWVfL73G66bMY6kfr2wmM3E9ejOi//8kJ/MnsgVSfG4XG5eeHkV0d0iuOuRaykuKeMfr68FN9wyb8pF29m64wDHc/MZOaQ/v3/kTt5e/SlLl69m8MA+PP7w7ezel8HGrbsZOCCOmO4RFJeUMXJIf35267WUnrXz1+Vr+HjbXmZNGw3AsROnSEyI5Xe/XkTaN0d598OtDBmYQJ+4GFJ3pfHO6q3MmzmeIYP6cuz4KfJOn6Gk7Gy9uPNOF/HKWxuICA+hT1yMx38XIq2J/qMRERERERERkYvxemE1NjqSyeOHsGLlFmz+lnpF1fPGDk9ixQefsGLlFiaPH0JsdKRHYlm1PpVV61NrHwfY/Fm04GoiIzqx9uPPCQ0JYsbkkQQG+DNiSH927cvgaM53RISHYjQaueX6yVyRFF97flCgDYMBAgP8CQ0OZF9aJvaKSq6bMY4unUPp0jmUa6eO5sONOygpPQtw0XaiukcwZngSgQH+DEtJ5OChbK65agRdOocycEAcGz7dzan8QmK6RzB44PejecPDQugV25WTpwpqt8VERdY+h4ED4vhwU83o1MrKalJ3H2Tk0P5cNW4IBgOEhQYBXDTugf16c/BQtgqrIiIiIiIiIiIi+GjxqgVzJ1Fur2TH7nT+6/m3mDJhCDFRNcXT47l5bNq6F3tFFaOHJbHAg6NV6y5eZTIaawujAKfyi8g5kcfPH3uu3jkJvaOJCA/FbDYR/COLU506XYTRzw+LxVy7zeZvwV5RRfG5wurF2rGYTfj5fT/9rb/VQsi5xbQCA/zrzd2akZnDe2u3cfJUIfaKmgXAhqckXrKt8yqqqjhTXEb/Pj0uuLz/1OkiikvO8ugfX6q3vW67IiIiIiIiIiIiHZnPVle686aaKQBWrU/luWUr6+3rGxfDL++9kcSEWI/GcH7xqovp2iWMHtGR3HXLDPz9rfXOqTsitCFdI8JwulxUVVXXbrNXVGHztxAaHEhBnUW8LsfZ8gpWrNpCWGgQjzx4E/7+Vl57d1OjzvW3WOgUGkThmVLcbuoVV7tGhNEpJIj7Fs2hU53Xx2rRYlwiIiIiIiIiIiLg5cJqRmYOATZr7aX9iQmxLEmYT7m9kj37MgAYmpJIgM1a77zThSUUFBZ7vNBa18D+cWxJ3c+ufRmMG5GM0+Xmy7RvGdyEhbR69+yOzd/K+2s/Y97MCRSXlPHhxh0kJfYmpAUKq35+fljMJixmE1aLmSPZJ8k8coIBfXv+6LlWq5khA/uwan0qvXt0Y2D/OI4dP0VBUQlDr+hLgM3Kpzv2c+2UURj9DBw8lE1UtwjienZvVswiIiIiIiIiIiLtgdcKq+X2Sp5btpIe0ZH88r4b6+0LsFlZ8/HnGIDxowddcO6yNz4iJzefPz569wVFV0+JjerCHfOv5o33P2HNxh2YTSaGDOrLiMH9Gt1GaHAg994xm1dWrOff/vAPzCYjo4cnccPMCRdcfn85bP4WFsydxN9fW8tvfv8iKUkJ9Izp2ujzrxx7BVVV1bz34TZefXsjEeGhXDdjHCFBgdyzcFZt3EY/P/rGxzB/blTzgxYREREREREREWkHDG632+3JDsrtlRzPzefLtG/Z/kUa9ooqFi2YTkR4KH3jY8jIzOHQ4eOsWp+Kzd/C1InDSIyPJSaqCzkn8igoKmHZm+tqFroakczg5D7ERHXxWoFVpD3LPpqLwWBo0g9wycfn79e9beh+Q9sawxag6SlEREREREREWit7ucPXIXiUxwurD/7b/9XOKzr76jGU2ytZvWHHBcfNmjaaAJuVFSu3XLBv8vghxEZHsuKDT7BXVBEeFsKfHr3bk2GLdAgqrIqIiIiIiIiIp7T3wqrHqxLz517Fy2+uY/DAPkyZMBSAL9MyKSgsZv7cq1jxwScMHtiH2VePAeDYiXz2pX1buy8iPJQFcycBNXO07tidXnusiIiIiIiIiHQ8LreLAns2uaUHyS1Nr7ktO0hZ1Wlfh9ZqBVkiiAoaQFTwAKKCk4gOHkC4rSd+Bj+fxXTw9CYOnFrLqbOHOFtVxNnqQhyuSp/F09aY/fwJtHSmsy2W7kH96dVpGAnhY7CZQn0dWofh8cLq2OFJFBQWs31XOjkn8gA4npvPfYvmMDg5gQCbleeXrWTWtJpi6Y7d6cyfcyVjhyfV7jt/XkZWDrOmjWbs8CRPhy0iIiIiIiIirdCGw//LzuP/xGYKqS0SjuuxiKigAQRbu/g6vFartDKf3LKD5JYeJC3vI9ZnPUOlo4zRsbcypfeDXovD7ijmkyPPs/PEa1Q5y73Wb3tU7argTMUJzlScIKtoJ5/lLAMgIWwMM/r8hujgZB9H2P555TracnslhUUlPPHfr9bbBtQWTR/5/YsA2PyttfvO39Y973RhiTdCFhEREREREZFW5HT5EZYfuJdBkdfwyNjPMBv9fR1SmxJs7UKidSKJnSfWbqt2VrD56Av87+czuG3QUjrbenisf6e7itSc5Xx85FnsDtV2PCmzKJX/+2IOo2JuZXrCL/E3Bvs6pHbLK4XVgsJi+sbFMPvqMZwuKmHV+lTs9goAAmxWwsNCWDB3EgH+Vt5cubm2eKAs9u0AACAASURBVGq3VxAeFsLsq8cQERZS7zwRERERERER6Ri2HF3KF7lvcfugF+gWlOjrcNoNs9GfafG/IDlyOn/fexujYm5lYs+WX9OmwlnK8v2LySq6cM0d8Qw3bnYcf5Wc4n3cOfglAs2dfR1Su+TxxatEpPXS4lUiIiIiItLavbD7Rnp2GsqMhF/7OpR278Nv/5MTpQf52ZB/tlib+eWHeWX/3eSXH2mxNqVpwm09uOOKv9E1sK/X+27vi1f5boZiEREREREREZEGvLD7RkZEL1BR1Uuu7fP/GNx1Nn/de3OLtHe2upBl++5SUdXHCu3HWH7gXs5WF/g6lHZHhVURERERERERaXW2HF1Kz05DGdr9el+H0qEMj76R6OAktmb/vVntON3VvLz/bgrsR1soMmmO0+VHeGX/Ypzual+H0q6osCoiIiIiIiIircrp8iN8kfuWRqr6yMw+/0bq8eUU2nMuu42t2X/nWPGXLRiVNFd28Z5mF8ylPhVWRURERERERKRVWX7gXm4f9IKvw+jQbh+0lOUHFl/WuWerC9h89PkWjkhawuajL1BWddrXYbQbKqyKiIiIiIiISKux4fD/MijyGroFJfo6lA4tKngA/SOu4uMjzzb53PVZ/02l86wHopLmqnSWseHw//g6jHZDS2qLiIiIiIiISKvgcrvYkfNP/t+4z3wbyNHf8eusZT/YGIy//2KuS76XlFCfROV1V/ZczFM7JnFVr/sxGAyNOqfCUcru3Hc8HFlDormiz9NM7z6YcLO1ZpOzhLwz77DpmyfZX+HNWJ7i4ck3QG4cz3ztzX4btjv3XWYk/AZ/U7CvQ2nzVFgVERERERERkVahwJ5NgDkEs9Hf16EAN/OTEb+idtys4zifHbyHN/aFEDnxFqI81W3RO/zX3l/RJf4wC3t5qpPGsZoCsRgDKLQfo3NAz0adk1W0w6cLJMX1f5mfRMVQUfQO7534nAogLHwRI7vewpTea9j/9T6fxdZaON1VZBXtIKnLNF+H0uapsCoiIiIiIiIirUJu6UGiggf4OoxzrNiCQ/h+TN8ArolfzO70jWQU3UJUmA9D86KooAHklh1sdGE1o+BTD0fUsKGh8ZgrP+XtvY+x//zGU2vYciSasIoTvgytVcko+FSF1RagwqqIiIiIiIiItAq5pelEBSf5OoxLM1sx13189ktWHfgdn5fvw0EKfbs+zc3J8dgA7FlsPrCETWX7cBBBWMBDXDfoFhIDAWcJGWmP8tbpNZQRTFDQYywcdAP+WXfwzKmtAORnxfHrrAlMH/Iyk3xYxI0OSeZESRoDI69p1PG5pQc9HFHDKlyANZ4BXaPZf6pOIbXiBEXn7/vP5Lrkxxga2gUzUG3fyeff3MzqQsD/Zq4bsIgrQuKxGQEqKSx4ir/tW0YR8JNRhxnmt4GdjlGMCg6htOBBntxXwqwhTzI0LKbmd+8sIS//KV5KP9ef+Xc8NOEWoswAJeQef5A/Z2z1yutxKb7+PbUXWrxKRERERERERFqF1jVi9QeqS9h3eClFpqkkhgHOLFbtnscev4e4f8Q+Hh30EORfy+uZlQBkHbyDdVUzuXPIPh4d8R6zAg6Tca6ydyztDl4qDOGaQft4dMSHXMNSnjuwk7A+f+HR/r8jDOgbu49HR/yFcSE+e8bA9yNWG6vUxyvOrz65gVJnDCnJ2/jtuI3cn/IU07v3r3NENNOTn2ZUUCWHMh/k9bSnOMRgxvX7M3EAFSGEWSo5nPMor6c9yHvf5RPe+SF+ElunCds0rvD7kt1HH+W9oycZO+QvjAsLIf94zTkfncoCa3RtITcyfCL2U4/yetpTpNtDiIr5FbO89opcnK9/T+2FRqyKiIiIiIiISKuQW3aQqKDWUlhdxvKP6y5gZcFkeYibUs7Nr3pyA3scU5k6YCJRwUDwRK7rOoo/5e+kOmEiDlc+YMUWEEKwNYSkKx6jZizuQXYW7qN715cZ1iUECGFY34f4bO8a9jOKYTYrJsBkCSG4FawtFB2cxInS9B8/8JzSynwPRtMIOYt5smge03vOIzF0AN0730CPzjcwKX4nH+27mS1li0gMtVJa8GeWZ68BYL9pAr/tN5hxneDwmaW8tHPp9+2dmsC4bjcQHFSnj+qdbNy5iO0APMpDYSFUF7/AcxmvnztnDVsAeAoAe8ky/nZu3/7wefzJFkP3aMCHMxP4/PfUTqiwKiIiIiIiIiJygTqLV1V8yVtpD1LaeRYpoed2O05TwUZWfxHH6rqnWWZSBCQmf8j0A4/y188ew+E3ku6dHuLmQaMIN1Zid8HJkyn8+mTdEydQWu6dZ9bulb3LuvR3WQdANFf0+QvX9RjFlH6L2bI7BBMQ3Plp/jT56TonleAfDFTczE2DHiIxIASb0Vq7N69u+1XHzxVVAWraKzpbt636Su3LLtyoa8jbBRVWRURERERERKRVOH/ZeaJ1oq9Dod7iVcETub33DTyZ9SCrwt9jdjfAzwrMZFbKk1xhqXOan7XmHFs8k0a+wSSguvggqw/M5G9pW/nNFWAGYrtvZWFs/ev8/QOAEmurKtacKE0nugnz3gZbu3DGh4tEhQX1h7Kvv59PlRPs/3YNI7sPJt4UV7u1tOB3rD5Zd9RmJaXFENd3MSnBVnJz/8z7hceBmUxP/vFFnsIClwCXLq62NsHWLr4OoV1QfVxEREREREREWoWo4AGtdlEdc6+HuMb/INu/XV0zejF6JkP91rAx80tKzx1TWrSa3fkAlezbs4RVx45TWlpSs6ASYHeUAIMZ2SmOnFNLyag4d2JFFpuzs3AYgbB4ovzg8KlPKa0GnF59mhdo6vQMwZYID0bzY0YyfdCHPDzmXW6Kv5krus7kiq43c92QxfQwV5Jb8GfgzxwqrSS40yKu8D93mv8ExkVPxVQBRdU1c+TiKgFCiIsdRXiDfda0Zw69hfsTa/ocmfg6D6cs9uQTbTbf/p7aj9b0JYiIiIiIiIiIdGBRwUmk5X3k6zAuIYRR8Y+xJX0Jqw9N46d9B3DjiDVsTnuU577Yh4Ng/P1vYGpvACs9QuPYknU9212ngQjCgp7ipwNqCpTxKe/xs6+f4u20EbztqsLkN5W+XX91rp8BzOrzKLnfPsiTW0sZEH+Yhb189JSBEyVfkdJtTqOPjwoeQE7Jfg9G1JDPWZf1Erbes0iMfZIUY83W6urjHDu2hLe/rRlJu/rAEhjwK4Ym/KVm3ltnCXln3gGg6OvfsTP4L4yKeZKbYyopLPiSQkY10OcJVh9Ygin5MYbGPMnNMUB1PrkFawjz5FNtpla7SFwbY3C73W5fB3G6sIQdu2smQk5Jiic2OtLHEYl0DNlHczEYDE36AS75+Pz9urcN3W9oW2PYAvTdkIiIiIhIe3K6/Agv7fspvxrzia9DkXP+tH0idw15lc62Ho06Pj1/A8sPtO7RmgJ3piwjsbPnp9ywlzs83ocv+bwqkXMij6effwt7Rc1Q61XrU/nlvTeSmBDr48hERERERERExJvCbT2pcp6l2lmB2ej/4yeIR1U6ynC6qgnzj2n0OfFhozEaLDjdVR6MTJrDaDCTED7a12G0Cz6dY7VuUXX+nCuZP+dKAJ5btpKcE3k/craIiIiIiIiItCd+Bj9GxdzC5qMv+DoUATYffYFRsbfiZ2h8+cjfFMywqHkejEqaa1jUDRgNlh8/UH6UzwqrdYuqdyyYzpQJQ5kyYSh3LJiOvaKSp59/S8VVERERERERkQ5mSu8HOXh6I7mlX/s6lA7teMlXHCrcxlW97mvyuVPjfo7JT4W71sjkZ2Fa3C98HUa74ZPC6g+LqmOHJ9XuGzs8ScVVERERERERkQ7stkFLeVXzdPrUqwfu5bZBlzdyONjShZHRN7dwRNISxsUuIsgS4esw2g2vF1YbKqqep+KqiIiIiIiISMfV2daDUTG38uG3/+nrUDqkVYd+x/gedxLmH33ZbUyL/wXdgvq1YFTSXD1CUpgS95Cvw2hXDG632+2tzhpTVK1r+650Xn5zHTZ/K0vuu5HY6MgWicNeUcWfX3yXrKO5tdssZhMJvaP5yayJxER1aVb7RcVl/PEvr3PjnCsZOqjvBfsPZ59k6fLVLL59FnE9uzerr8u1esMO0jOO8tDd87D5a3h+R5V9NBeDwdCkH+CSj8/fr3vb0P2GtjWGLcDn6++JiIiIiIgH/W3vrQzuNpvhUTf6OpQOY+fx10nLX89dg19pdlvFlSd5btc8iiu/a4HIpDk623py//B3CTSHe7Vfe7nDq/15m9dGrDa1qAqeH7k67cphPPX4PTz1+D385l9uIijQxlPPreDAwcMt2o+IiIiIiIiINN3PhvyTvd99wJpvf+/rUDqEVYd+12JFVYBQa3cWpbyE1RjUIu3J5Qkwh/HTwcu8XlTtCLxSWL2coup5niyu+lsthIUGERYaRGx0JItums7A/r1ZtT6Vcntli/UjIiIiIiIiIpfnniGvE2Lpyh+3TyC39KCvw2mXjpd8xR8+G0e4f3SLFVXP6x7Uj9+M/ZSeoUNatF1pnJjggfxy9AY623r5OpR2yePX0dYtqvaNi2lSUfW8scOTSP0ijUOHj/P082+16LQAdZmMRsaPGsTSV1Zx7EQe/RJiOZx9krdWbSE75xROl4shA/tw+43TCLBZKSwqYfnbGzl4KBujnx9Dr+jLDbMm1LaX+10B6z55jezj3xEZEcZdt8ygV2y32v0HDx3lpTc+Iu90Eb17dOeuW2bQpXOnc/uyeeP9TziVX0iAzZ9pE4cxbdIwTEYjp/KLeHv1p3x9KJtqh4PePbpzz20zCQ8LqZ1mYOSQfuzc/TVR3Tpz/51zOZhxlFff3kjp2XL6xsfSNSKsxV8/EREREREREU+Y0PMukiOvZvmBxfSPuIorey7Gagr0dVhtXqWjjM1HX+BQ4TYWD1vRrDlVGxJgDuPeYW+xO/dt1mU9Q1nVaY/0I9+zGAMYE3M7V/W+H6tRueIpHi+sPv38CuwVVS3W3vmRq3/5/QMt1mZdQYE2DAYDZ8vtABSXlDFySH9+duu1lJ6189fla/h4215mTRvN+x99RlVVNb/79SJcLhdbdx6gtMxOUKANgNRdafz05hkEBwXw0hsfsfbjL7jntpkAVFZWkZ6RzeKFswF49e0N/OP1j3jo7nmcLizmH6+vZdTQAUweN4+jOad49Z2NWCxmpkwYwtnyCnrFdmX+nEm4XC5eWbGedz/cxl23XAtARUUln+/9hutmjCOpXy9O5Rfx6jsbGTVsAJPHDeZozimWv72BbpEaAi4iIiIiIiJtQ7gtlp+P/JCPjzzLU6mTsJgCiAoaQHRIcs1tcBLB1uatmdKelVbmc6I0ndyyg5wo+Yrc0oM43dWMirmVB0es8nj/BvwYHjWfQV2v5ZMjz5F6/FWqnOUe77ejCbJEMDL6JsbGLtSl/17g8cLqmOHJJCbE8vyyldgrmn95/X2L5pCRmdMCkV1cVVU1Tqez9vHggX1q74eHhdArtisnTxXUbrPZrISGBOJvtTB/ziSgZvEqgGunjiahd823Pcn9epOecZSq6ppJe/38/Jg+aTgx3SMAuG7GeF58dQ25350mIyuH0JAgZkweSWCAP+FhIWQePcHer75l/MiBxPXsXm/Rq/59e5KecZSKypoCttFo5JbrJ3NFUjwA279Iu2h7h7NPtvjrJyIiIiIiIuJJk3s/wFW97qfQfuxckTCN1OOvcKI0XSMhGxBkiSA6OImooAGkdJvDjD6PEOYfg5/Ba8vvAGA1BnFNwq+5JuHXHDz9MQdOfcips99SXlXE2epCql0VXo2nPYgPG0X3oP70i5hEn/Bxvg6nQ/F4YXXB3Em193Ny8+vtO11YwiO/f/Gi5z3+r7dd9HL/wckJDE5OaNkg66iqdmA2megUUjOxckZmDu+t3cbJU4W1heHhKYkAzJs5gdfe/ZhfPPY8AQFWJo0dzLSJw2rbsvlbLtmP2WwiOCig9rHFbKLa4eBMSRmn8ouwmE34+X3/5mbzt3KmuIyKqioKzpSw4oPNHDuRR9nZmpG18b2iLtn2pdoTERERERERaYsMBgOdA3rSOaAnAyOv8XU4cpkGRExmQMRkX4chctk8XlhtSEFhMVAzEjQiLASA00UlFBaV+GTxKIfTybadBwjrFEz3rp05W17BilVbCAsN4pEHb8Lf38pr726qPb5TSBD3L5qD2w1Hc75j6fLVhHcKpn/fnj/aV3W1g9Ky74e81y3odu0SRk5uPi6Xq3a/vaKSTqFBmI0m3l2zldKzdn7+s3mEBAeyaeseso7mXrKvrl3COJx9kmqHAxuW2vZERERERERERETk8nh3vPcljB2exJL757Pk/vmXXNwqMSGWWdNGt2i/FZVVFBWXUVRcRvbxUzz7jw84eCibm667igCbFT8/PyxmExazCavFzJHsk2QeOQGA0+ni7dWfsnv/Ic6UlGEwgJ+h8QVLl8vFus27OH7yNMdPnub9tdvo3rUzUd0iGNg/juKSMtZ+/DmFRSXsPfAtO3YfZMjAPthsVvytFswmI/5WCwWFxew9cKjBvgb2j6PcXsH6zbtq20vdld7s109ERERERERERKSj8umI1aaYffWYFm9zw5bdbNiyG6i5FD+hdzQPL/4JMVE1k13b/C0smDuJv7+2lt/8/kVSkhLoGdMVqLnsIKpbBCs+2MyZkjJMRiNjRyQzdkRyoxbrslot9O/Tgz//7V2KS8vo3aM7d940HZu/hdioLvz05hm88f4nbPx0NwE2f6ZNHMaVY6/AYIB5147nr6+u4bE/vUTPmG4kJvTgu7zCS/YVG9WF226YymvvfszGT3fTu0d3UpITGjxHRERERERERERELs3gdrvd3ujo7oefAeDFZx6u3ZaRmcN/vfAWs6aNri2crlqfyuoNO/jlvTeSmBDrjdBEOqzso7kYDIYm/QCXfHz+ft3bhu43tK0xbAFt5rshERERERERkQ7HXu7wdQge1SqmAmiMVetTWbFys6/DEBEREREREREREfFeYdXmb2nW+as37GD7F2ktFI2IiIiIiIiIiIjI5fPadbQpyX3YsTudZW+uY+zwZABycvMveXxObn7t5cHbd6XVtiEicp7bDZc5i4CIiIiIiIiIeJDb5esIPM9rhdXZV48hIyuH1F3pjVqR/oeX/YeHhbBg7iRPhScibZDb7b7s+VlFRERERERExHO8tKyTT3lt8SqAcnslqbvSKLdX1ts+ODmB2OhIAHJO5PFlWma9/QE2K2OGJxNgs3orVJEOoa0vXmW2+GEytZmpokVEREREREQ6DIfDRXVV+x626tXCqoi0Lm29sOpnNGC1Gi/rXBERERERERHxnMpKJy5n+y47aqiXiLRZ7f0NWkRERERERKSt6gif2VVYFZE2zeVq/2/UIiIiIiIiIm1JRyiqggqrItLGOTvIm7WIiIiIiIhIW9FRPqursCoibZqj2tUhVhoUERERERERaQvcbjcOR/tetOo8FVZFpM1r76sMioiIiIiIiLQVHekzugqrItLmOZ1uzbUqIiIiIiIi4mMul7vDTAMAKqyKSDtRXeVCMwKIiIiIiIiI+Ibb3bFGq4IKqyLSTrhcbqqrnL4OQ0RERERERKRDqq5ydrirSVVYFZF2w/n/27v3uCjrvP/j72E4zKAMgoDKwQOyYoGlmZaalmlq5anV0tpq0zttN/eudq3dve+Od4d7t4P3ve7eWpv3nZb9UlwtD1mYlqYrlZinpIQEDwOoICAoDMeZ3x/AJAoICjPAvJ6PxzyYua7vdV2fCx/Rgzff6/OtcnjcX8cAAAAAAHC3inK7R7UAqOXt7gIAoCVVVtpltzvk62eUweDuagAAAAAA6LgcDqm8zPNmqtZixiqADsdud6is1HN/sAMAAAAA0Nqqf/eu9OjfvZmxCqBDcjiqw1Vvby8ZvQ3y8mL6KgAAAAAAV8pud6iq0qHKSlrxEawC6NAqK+2qrJSM3l4yGiWjl5dExgoAAAAAQJM5HJK9yq4qu1RFoOpEsArAI1RV2lVVKUl2eRkNMnoZJIPk5WWQwWCgHysAAAAAAKoOUR0OR/Uj/g6pyu6Q3QMXpmoKglUAHsdexf8UAAAAAADAlXFpsGrNylHCum1KTbc2+1izyU8zpo7WiCFxLV8YAAAAAAAAADSDy4LV0/lFen3xKtlKyxQZHip/k1+zjrdm52jZykTF9o1SSLCllaoEAAAAAAAAgEtzWbC6Zfu3spWWacaUWzR21OBmH79+U5I2fPaV8vILCVYBAAAAAAAAuJWXqy5kzcqRJA0fEu+qSwIAAAAAAABAq3BJsLozOUXW7FxJ0tKViSqxldU7rjZ8BQAAAAAAAIC2zCWtAPZ996NspdVh6r6Dh5WXXyj/iDDn/p3JKUpYu1W20jIWqQIAAAAAAADQ5rkkWJ03e6peX5SgtIxMLVkwv86+0/lFWrYyUWaTr/pFRyotI1PLViZqUHyM/M3NW+CqqWyl5Vq4ZI3Sj2Y7t/n6eCumT4TunnSzIsND64yTpMfnTJPZ5Nsq9QAAAAAAAABoX1y2eFVD9h38UZI0dtRgTR4/XCvXbtXnO/bImpWj2JioVr32uFuudy6kde5ciRK3Juu1RQl6+Bd36Jqro2Xy89W8WVMlSSa/lg1V317+sfLPnCWwBQAAAAAAANohl/RYXb8pydlj9Y3Fq3Q6v8i5Lyq8uiXAvoOHlZaeqbR0qyS12mzV85n8fBUU2FlBgZ0VFRGmWfdO0ICr+mj9piSV2MpkMEgBnc0K6GyWwdDq5QAAAAAAAABoJ1wyY7XEVubssXo861SdfV2DA2U2+cmanavXFydIkswmP5nNJleUVoe30aiRN16jt95dr+NZOeofE6W3l38sSZr7wERt+Owr7U9JV1REmHbt+UE/v3OkRgyN1+qPt+ur5BTZ7Q6NGBqv6ZNGyeTnK7vdoW1J+7Rx89cqOleiLpbOGj96iDZ/uVv5Z85Kkh57+m+aPH64Jo0bpu/TjmnFR1/oVG6+/M0mjbv5eo0bfb28jcaLrj1lwgh990OGzGaTHnlgoozG6ox8zcbt+jEji5mwAAAAAAAAQCtySbA6c+poWbNylJaRqb++8q/O7SW2Mr244D3ZSssUGR6qQfEx2nvwsDKzc/XG4gQ9N/9Bl8xcPV/nTmYZDAYVl9jq3X8s85Q6+Zv0+NxpiuwRptUbtisl9Yh++8h0BXT217sJm7Rxy9eaducoJSUf1OoN2zVt4khdd00/Hc88pVO5Z/TvT/xCy/+xWYVFxfqX+25XoKWzrNm5+r8PPtGNg6/WmJum6aj1lJav3ixfXx+NHXXdRdeOCg9T505mrU3cqbyCIoWFdFGJrUw/pB3X0EH9CVUBAAAAAACAVuTWHqvrNyXJVlqmMSOv08ypoyVJk8cP1zsrEvXV7hRt2f6tJo8f7tKayssrVFVV1eD+bqFBmn3v7Qq0dFJhUbFSUo/oztuGKaZPhCTp9jE36NPPv9GZwnNK2v29bhh8lW696ToZDFJQYGfneXx9vGU0einQ0llmk6+++yFDgZbOumPMDerkb1JwkEWHj2Zpz3c/auQNAy66tiTFxfbWJ59/o7SMTIWFdFH60WwVl9g0MD6mFb9DAAAAAAAAAFwSrK5cu1VpGZmSpMee/h89N/9BhQRbZM3KkSSlpVv1xuJVzvEltlJJUuphqzTeFRX+pLyiUj7e3upi6Vzv/s6dzPL19ZEkFZ4tlq20XO8mbNK7CZucY4K7BKjoXInOFJ7TVT/r2aT+rKdyC+Tr4y0vr5/a3ppNfjpTeE6l5eUXXVuSAi2dFNs3St98+72GXBurPd/9qP4/66XQrl0u59YBAAAAAAAANJFLglV/s5/MJl/ZSssVFR560f7aha3qO86VKquqtOPrAwrqEqAe3bpecnxgQCeZTb6aMmFEnVmiXl4G+Xr7qEtgZ+WfOSuHQ5cMV7uFBsmanSu73e7cZistU5fAzjL5NvxY/42Dr9L//r9PdOjwcaUetureu25loS0AAAAAAACglbkkWJ08frhSD1uVlpGpp+bNcG4///2l1IasLRm2lpaVq6DwnCSp6GyxPvrknzqWeUq/mT21SdexBHRSXGwffZm0X70iuymoS4BO5eQrN69QN90wQNcN+JnWb0pSn57dNeCqaB3PPKW8giLdetMg9e0driPbv1VeQZEie4RowFXR+nzHHn3y+Tcac9MgHbWe0le7v9edY2+Un59PgzX0iuyusJAuWrV+mzr5m9S3d3iLfX8AAAAAAAAA1M+tPVYl6XR+kTZ8lqS8/KI622NjojRp3DDn57GjBmv4kPgWDVY/27Zbn23bLam652lMnwjN/9XdiqxnVm19DAZp+qRRWv3xdi14c5UqKisV2rWLpkwYIUm6ZcS1Ki+v0Icbd2j5PzYrJDhQd91xkxwOadj1cfoxI0svLnhP11/bT3MfmKh/ue8OrfjoC23+crf8zSaNu/l63TLi2kZr8PX11sD4GK1cu1V3T7rZ5bN8AQAAAAAAAE9kcDgcjta+yKJ31mpfSrrz83O/e0BREWGSqvuovvHmqouOMZt89ddX/rW1S+sQ9qeka+XaL/TbR+5WWAj9VdF0x45my2AwNOslqcHPte/P/9rY+8a2AQAAAAAAtGUumbE6cMDPlJpula20XAPj+qprcKBzX2xMlJ789T0XHXP+GEkqsZUpMztX/fpGtnq97UlVlV07k1MUFdFNXYMs7i4HaPMMBsno7SUvL4MMBtW8CHYBAAAAAKjlcDjkcEgOh2S3O1RVaVfrT81sf1wSrI4YEqekXQeVlpGpGVNvvehx9diYqEueIyn5oBLWbdOTv76nSeM9RfbJ00o/mqUH7x4no9HL3eUAbZLBIBmNXvIyGmQ0EqICAAAAANCY6idTq98bjQb5+Hipqsohe5VDVVWErLVclsTVPvq/Y9owOgAAIABJREFU7+CPl3V8ia2sJcvpMKIiwrTghV/r2ri+7i4FaJOMRoN8/Yzy8fUiVAUAAAAA4DIZjQb5+HrJ18/I79c1XLZ41dhRg52zTpOSU+RvNjXr+ONZOZIubhEAAPXx8qr+i5oXP+wBAAAAAGgxXl7VE5jsVQ5VVNhlt3vu9FWXLF5Vy5qVo5VrtyotI7PZx5pNvpox9VaNGBLXCpUBnqmjLl5V/UPei96pAAAAAAC0IofDofIyzw1XXRqsAmhbOmKw6u3jJR8f+g0DAAAAAOAqFeV2VVba3V2Gy5E+AOgwvGoaagMAAAAAANfx8fXMVnwkEAA6BIPBIF9fo7vLAAAAAADAI/n6Gj2uJR/BKoAOwdfXSx728xsAAAAAgDbDYKj+3dyTeNbdAuiQvIwGj3zkAAAAAACAtsTTfj8nWAXQ7tFXFQAAAACAtsGTfkf3nDsF0CF5e3vJy8tz/hoGAAAAAEBb5uVlkLe3Z0SOnnGXADosozehKgAAAAAAbYmn/K5OsAqg3TIYxGxVAAAAAADaGC8vgwwesMI0wSqAdsto5EcYAAAAAABtkZfR3RW0PlIJAO2WgZ9gAAAAAAC0SZ7whCmxBIB2yxMeKwAAAAAAoD3yhN/ZCVYBtFteHvBDGgAAAACA9sgTfmcnWAXQbtEKAAAAAACAtskDclWCVQAAAAAAAAAtjGAVAAAAAAAAAHAhb3cXYM3K0dKVibJm50qSosJDNWvmBEVFhLm5MgAAAAAAAACon9tnrL5TE6pGhocqMjxU1uxcLV2Z6O6yAAAAAAAAAKBBLp2xas3K0frPvpLNVqauwRbNmDJamTWh6vPzH5Qk/ceC92TNzlWJrUwJ67YqL79IZrOfJo8bxixWAAAAAAAAAG2Cy4JVa1aOXl+8SrbSsuoN6VLqYaskKSTI4hwXEmRRZnauXlzwnvIKipzbUw9b9dSj9xCuAgAAAAAAAHA7lwWr6zclyVZapodmTtCg+BgtXfGp9qWkKzjIosnjhzvHTR4/XMezc5VXUKSBcX01697btffgYS1bmaj1m5I0b/ZUV5UMAE128twhpebtUHrBVzpTmqVz5Xkqrsh3d1ntViefrurs21VdTOGKCR6mfl1HqXunWHeXBQAAAACAk8uC1RJb9UzVQfEx8jf7XRSQWrNyZDabFBURplefmVNn36D4GC077xwA0BY45ND3uVu05chCZZ/93t3ldCjFFXkqrsjTqeI0peZt08Yf/6TwgKt1W/QTuipkjAwyuLtEAAAAAICHc1mw2jU4UMrI1NKViZo3a4pz+4UtAswmPw0aEKMZU0bL3+wnSVq64tOfztECbKXlWrhkjeJie2vSuGEX7T+Zk6833lyle++6VYOv6dfoub49kKa33t2gX/1y0iXHAug4zpRmafl385RZdMDdpXiM7LPf6939cxVpuUYPDFikLqYId5cEAAAAAPBgXq660MypoxUcZNG+g4frbDebTZIc1e9NvpIcSkpO0RuLE5wzVGtbBsycOrpFa/pqd4pO5xfV2eZwSDu++U6FRcVNOseAq6L12nOPaMBV0Zccayst15//tkJvL//4suoF0Dak5e3QX765k1DVTTKLDuhvyXfp0Olt7i4FAAAAAODBWj1YtWbl6MUF7+nxZ/5H+QVFCq5ZqMqalaPT+UUKCbboqUdnyGzyla20XJPHD9ew6+Nkzc7V4qXrJEnBQRblFxTp8Wf+Ry8ueE/WrJwWqS03r1Bf7U6ps+1Ubr6+2fNDk8/h6+OtoMDO8vVx2eRfAG7ikEPbjv1d7+ybJVtl0aUPQKs5V35ay/Y/rO3Hl7i7FAAAAACAh2r1NHDl2q2yZucqMjxUIectVPX64gTZSsv10MwJGjEkTk89OkMv/tdy7UxO0fPzH1RqulWp6VZJ0m9mTdH6TUk6XVAka3aulq5M1HPzH7zi2gYN+Jl27T2kYdfHKSS4OvDdmXxQXSyd5bA7nONO5RboHxu+1A9px1RRWak+PXvokQcmKjjIooxjJ/TWexv0qwcnKahLgP781w80fEi89n73o7JPnVZYSJAe/sUdstsd+svbq2UrLVe6pOR9qc72Ad+nHdOKj77Qqdx8hYUE6b6fj9HV/Xo5z33T0HjtTE5RwZmiOtcuLStX4hfJ2vHNARWdLZGls78euPs2DYyPUUHhuQZr6R3VXZJ01HpSy/+xWdbsHPl4e2vYkDhNnzhKkrT64+36KjlFdrtDI4bGa/qkUTL5+V7x9xxozw7mbFLi4dfkkOPSg9HqHLLrkx//rO6dYtWv6yh3lwMAAAAA8DCtPmM1LSNTkeGhen7+g5o3e6qiIsJUYiuTrbRckrRsZaJ2JqfoeHauJCmkZkZr7dfT+UWKigjTvNlT9fz8BxUZHiprzdgrNSg+Rl0snZyzVnNOn9He7w7r1psGydvb6BxXXFKq3lHd9MJTD+mlP8yW0ctLazbukKOBbOXrb1N0//SxeukPs9XJ36RPPt+liB4hevqJ+9U7qruujevrbB9gzc7V/33wia65Olp/fnqOJoweouX/2Kyc02ckSaWlZUpJPap//Ze79O+P/0JFZ4u1NWmfJMlud6iyqkqPPfxzvfbcIxp54zVKWLdV+WfONlpLVZVdJ3Py9T/vrFVo1y565d8e1r89/guZTb6qrLRr9YbtSjl0RL99ZLpeeOqXyj55Whu3fN0i33OgvTpx9pBWpvyWULWNccih97/7DYuHAQAAAABcziU9Vi9cu7l2UarqnqrV4eqylYmSpNiYKJXYymTNzpXZ5OucSdoafH29Ne6WIdq195BO5xdpxzcHFN49RP36RtUZF92rhybeNkyhXQPVLTRIV/XrpbyCIpWWldd73jtvG6aYPhHqFhqk+P59VHS2WHa7Q5aATjIaveq0D/juhwwFWjrrjjE3KDjIoqHXXaWwkC46aj0pSfLx8dZdd4xUZI8Q9Y7qrj49eyivpi+sv9lP0yeOUq/IbgoK7Kxrro5Wld2hM4XnGq2lvKJSe777USY/X917160K7RqoyB4hmnbnKFVVVSkl9Uid424fc4PSj2Q7FxgDPNHKlN+q0s5/A21RWdU5rfr+SXeXAQAAAADwMK3eCqB2humLC95T1+BATR43TFERYTWhqkEzptyivd8dVtfgQPWMCNXwIfHKyy+UrbRMZpOfrFk5iooIkyS9vihBmTVtBVpKbN8odQ2yaF3iTh05fkK/vGecjMa6eXP2qTwlrN2q41k5OldskyT17R3e4DlrA+OmOJVbIGtWjp54dlGd7TF9IhQSHCij0dhg/9bSsnKtS9ypPQd+VEHhOTkcjouu3VAtp3IL1LmTWb6+PnW2F54tlq20XO8mbNK7CZuc24O7BKi0rEJmk1+T7w3oKPaf2qCTxanuLgONOHHukFJyP1Nc6Dh3lwIAAAAA8BCtHqzOnjlB76xMlDU7t/qVlaM/PzNHY0cN1obPvpI1O1dPzZshSSqxlSkvv1BREWF6aOYELVuZqNcXr9JTj96jqIgwnS4oUmR4qGbPnNBi9fn6emvC6CH62zsf6boBP1N0r3AVnStx7q+qsmvNx9t1ttimJ+ZOkyWgk7Zs/1bpR7Nb5PrdQoPUMyJMD//iDpnOCy1Nfr46cSqv0WN370/Tzl0HNXPqrbqqXy9Zs3L0/urNTb5u+tFslZdX1AlfAwM6yWzy1ZQJIzQwPsa53cvLoIBO/s28O6D9szuq9Onh191dBppgc8ZfdFXIGHkZjJceDAAAAADAFWr1VgBREWF6fv6DWvjyb9Q1yKK8gurH2MeOGqzI8FAlJafojy8v0RuLV+mPLy9xLmA1YkicHpo5QbbSMr2+eJWsWTl69Zk5en7+g84ZrC0lJjpCv/7lZN11x8iLZqt6eXnJ5OcrH2+jTH6+yssv1J4DaZd1HbPJVxHdQ5RXUKTCs8WSpAFXRetssU3J+1LlsNtVWVml5H2HnDNjGz2fn68MBoMCOvursrJKSckpDbYnuNCAq6JlKy3TR5/+U7l5hco8cVofffJPeXt7Ky62j75M2q+Cml6tp3LydSAlQwbDhU0dgI7vyJlkFZRmuruMFvYrzbslQ6/etFSDmzI86gO9MCZD869qaMAszR2VoVdvfK3lSrwMJ84d0pEzyW6tAQAAAADgOVzSY1WSVq7dqryCIg2M6yupuj/oU4/O0LDr45RXUKTUdKuk6kfZaxe0qi9cbQ3eRqPi+/dRcJeAi/YZDNK0O0dKkp599R0lrNum2Jiel32tO8feIEl66j/e0obPvlJUeKgemjFeyftS9cdXluiF15fJmpUrH59Lz7i6Nr6vhg+J1+Kl6/Tyf7+v0JDAOrNeGxMVHqp/ue8OpR/N1tN/+l+9+rcVKq+okNFo0PRJoxQTHaEFb67SH176u5av3iw/P59LnxTogDIK2ubCbUFRL+muiIjLOzZ2onoaJfndqBt7tWxd7tZW/70AAAAAAB2PweFoaG37lvX6ogSlZWRq4cu/cS5eVR9rVo5eX5wgW2m5Hpo5QSOGxGlncoqWrUyU2eTnbAsA4ModO5otg8HQrJekBj/Xvj//a2PvG9vWFGb/Vu9monf3z9X3p7e0+nWaa8R1+3SbFuqFPUubeeQNunf4CsWVv6lvvGbrJq8N+vvXv1dGY4dEfaAX+t2os9nRWvBDfQNmae6oZ9W3fLX+8PXvm1lPy7o6ZKx+ee3bbq0BAAAAAFDNVlLp7hJaVeunEjVqw9S9Bw9rxJA4LXpnrfalpKtrkEXzZk1xhqVREWF66tEZen1xgpatTJQkjRgSJ0kX9VwFgNbW4doA9Pq94sy5yjjyujboal179c26pYeUceKnIUERCzW77ySF+UiqylR6flHdc5ju070Df6+BnSySypRf8KVKXXkPjThbnuvuEgAAAAAAHsJlrQAmjx/ufMx/zvwF2peSruCanqvrNyXVGVsbrjbUFmDR0nWuKhuAhztbftrdJTgFRTyje+MW6t64hYr19ZO37yjn50lNagsQobu6DZLP2c/00QlJJ95Sui1U0RG/+mmI6Rk9+LNJCrJ/ra8PPaYPfvxSPl2ulvm8c0y65lkNNJUpPfMZfXDwJaV53ajwNtItpC39ewEAAAAAOjaXBau1YenAuL7qFx2pYdfH6fn5D0qSc0ErSXpnRaJeXPDeReHqlu17NGJInCLDQ+uMB4DWUmWvVElFgbvLaDldfq9+AWU6fupZVd/VN0o8tVcKnKi7TDVj+tyscGORjh+7Tx9lfaz9Wc9qUdZeVThP8rj6BfjJVvSW3k79QPtPfaCPdv8/Ha9yw/3Uo6jslKrsFZceCAAAAADAFXJZKwCpOlydN3tqnW2R4aGyZufqxQXvSZKs2bkKDrI4x9e2BUhYt1Vbtn+rvIIiRYaHurJsAB7K6OUtf58gnWsjsyALsl7Wiqzq9yOu26ee2q4VKU3vsTq4940Klp+CYzL0akzdfXH9p+mjfWtqPuWqwHrezvIyXdgV56zt/OueVoW9yWW0Kn+fLjJ6tZHpswAAAACADs2lwWp9Zs+coHdWJsqaXd0XLzI8VLNnTnDurw1XV67dqrSMTPWLjtTMqaPdVS4ADxPgG9JmgtUrYnpJN3UNVX7uM0o8VXfWv6nHs/p5l/t0i9ZomyQpVEFRkmrDVV+/i/5nEWCeJak2XA2Rj8uef2hcgG+Iu0sAAAAAAHgItwerURFhzpYAjY15at4MF1UEAD8J8A3VCR1ydxkX+T53g8LsnzV5fHTfmxWu7/V12gfaf+FKU2W36ZbBk3RtbIS2HflS2d1mq2+fNbrLvlQZukE3RQzST3NAFyrt7CTdFPS45sWW6Z9npOioX6insYVu7AoF+PJEAwAAAADANdrIHCMAaJvCA652dwn1KrA+q4+yspo4eppuCYqUzu7VtgtDVUk685oyiqXw0Jc1uPRlvffjBuVokG7s/1fd13+cdOZ72ZyDs7ThwEvaVyz1jHxZ98W/rDh9rew20ta0Z+Agd5cAAAAAAPAQBofD4XB3EQDc49jRbBkMhma9JDX4ufb9+V8be9/YtqYw+7f+pPvss99r4a6JrX4dtIz5wzYrzL+vu8sAAAAAAEiylVy4YkfHwoxVAGhEeMDV6tNlqLvLQBP06TKUUBUAAAAA4DIEqwBwCbdFP+HuEtAE/DsBAAAAAFyJYBUALqFv0I3MWm3j+gWPVN+gG91dBgAAAADAgxCsAkAT/Lz/KzIZA9xdBuphMgZocr/n3V0GAAAAAMDDEKwCQBOEdeqrmfH/LYMub6EttA6DDLo3fqFCO0W7uxQAAAAAgIchWAWAJroq5FaN7/uku8vAecb3fVL9Q25xdxkAAAAAAA9EsAoAzTC696/14DV/l4+Xyd2leDQfL5MevObvGt371+4uBQAAAADgoQhWAaCZ4kJv06PXr1b3zv3dXYpH6t65vx69frXiQm9zdykAAAAAAA9mcDgcDncXAcA9jh3NlsFgaNZLUoOfa9+f/7Wx941tawqzv/dlHddSHLJrd/Y/lJi+QOfKT7u1Fk/Q2TdE4/vO15Dwu2Xg74IAAAAA0ObZSirdXUKrIlgFPBjBastJL/hKh/OTdKxwj86W5ehcRb5KKgrcXVa75e8TpM4+wbKYuqtX4HX6WfAI9eky1N1lAQAAAACagWAVQIdFsAoAAAAAAFpLRw9WeZYSAAAAAAAAAJqJYBUAAAAAAAAAmolgFQAAAAAAAACayS0NCktsZdrwWZJ27kqRrbSsycd1DbJo7KjBGjvqulasDgAAAAAAAAAa55ZgddE7a5WWkSmzyVf9oiObfFxaRqYS1m2V2eynEUPiWrFCAAAAAAAAAGiYy4NVa1aO0jIyFRkeqqcenSF/s1+zjn3xv5Zrw6YkglUAAAAAAAAAbuPyHqtms0n9oiM1efzwZoWqkhQVEaZ+0ZHKKyhqpeoAAAAAAAAA4NJcPmM1JNiip+bNcPVlAQAAAAAAAKDFuDxYPZ1fpH0HD9dZtGpgXF9FRYS5rAZbabkWLlmj9KPZzm0Gg9QtNFj33nWrru7Xy2W1AAAAAAAAAGh/XBasltjKtOGzJG3Zvueifes3JSkqPFQzpoxWbEyUq0rSuFuu19hRgyVJDrtdn/9zr95Z8al+98jdCu/e1WV1AAAAAAAAAGhfXBKsltjK9MbiBFmzcxUcZNFto65TVHj1DNXTBUVK2nVQaRmZeuPNVXpo5oRGF6byN/vJbPJtkbpMfr4KCuzs/DzyhgH65tsflHO6gGAVAAAAAAAAQINcEqwuemetrNm5GnZ9nGZOHV1n0apYSSOGxGlncoqWrUzUspWJ6hke2mBrgHmzp7ZKjXa7Q/u/T5fZ7KeeNdd+e/nHkqS5D0yUJH17IE3vJmzSE3OnS5L+8vZq2UrLnecwm3z1xNzpKig8q7fe3VDn/MFdAvTHx+6rE+QCAAAAAAAAaJ9aPVjdmZyitIxM9YuO1Ox7JzQ4rnaW6rKViUpYt01PPnpPa5em9ZuStH5TkvOzJcBfjz40RcFBlkse2zMyTC/9YbbsDofKyyv0zopPZTQa1T0sWJHhoXrtuUckSUVni/XmsvXq1zdSAZ3NrXYvAAAAAAAAAFyn1YPVfd/9KEmaPH64pOrFq5atTKwzZtiQOI2oeW3Z/q1S0606nV+kkOCLA05rVo5KbGUt0ou1vh6ri5et0xNzpysqPLTRY72NRgVaOsnhkDZu+UrFJaV6fM4052xc38DOqqyq0kef7FBwkEUzp94qb6PximsGAAAAAAAA4H5erX2BfSnpCg6yOINQm61UqenWOi9rVo5z/KD4GEmSNTun3vOtXLtVb7y5qkVqq+2xGhTYWcFBFt0x5gYFWjorLd3a5HMk7zukbTv3a9bMCQrtGujc7nBIiV/sUsaxE5o1c0Kd9gcAAAAAAAAA2jeX9FgNOe/R+qiIMC1ZML/BsbW9Va1ZOc6QtZY1K0dpGZlNelT/SpTYyurdXlVlr/M5/Wi2Vnz0he4ce6P69g6vsy953yF9tm235tw/sU7gCgAAAAAAAKD9c0mwaiv9KahsrBWAJOfs1a7B1WHklu3fymw26avkFKXWzCStbStwpUrLylVQeE5SdSuAf+46qPyCIvWvmV3bNdiiA99nKDfvjHx9fbRt5z7nsbl5hfq/Dz5Vn57dNTC+r/M8nfxNsmbl6IMPP9eNg69WZI8QFRSek5fBoE6dTLQDAAAAAAAAADqAVg9WI8NDZc3OdfZMrW0FcL7gIMtFwWrPmh6nCeu21Rk3c+roi2ayXq7Ptu3WZ9t2Oz93sXTWg3ePU0yfSEnS6OEDlZaeqaf/9H8K6OSv4UPjdLqgSJJ0POuUcvPOKDfvjP7tlf91nuNXv5yk7JN5Ki4p1dad+7S1Jow1m3z1xNzpiu7Vo0VqBwAAAAAAAOA+BofD4WjNC2zZ/q0S1m3TmJHXaebU0Y2OtWbl6MX/Wq7gIItefWaOJCn1sFXvrExUfkGRJo0b1mKzVQFIx45my2AwNOslqcHPte/P/9rY+8a2NYXZ3yWT7gEAAAAAwGWwlVS6u4RW1eqLVw0fEq/gIIs+37FHO5NTGhx3Or9Ii5auk6Q6AWxsTJSen/+gZky5RWNHDW7tcgEAAAAAAADgklo9WPU3+zmD0s+3f6u09Ezn4/5S9UJRW7bv0YsL3lNeQZGGXR930aP+/mY/jR01WP5mv9YuFwAAAAAAAAAuySXP0ZbYqhevsmbn6vXFCQ2O41F/AAAAAAAAAO2BS4LVkCCLgoMsCgmyKDYmStasHGfYKlU/7j98SLxCgi2uKAcAAAAAAAAArkirL14FoO1i8SoAAAAAANBaOvriVaQSANCIU7ln3F0CAAAAAAAtrltoF3eX0O4RrAJAI/gfDQAAAAAAqI+XuwsAAAAAAAAAgPaGYBUAAAAAAAAAmolgFQAAAAAAAACaiWAVAAAAAAAAAJqJYBUAAAAAAAAAmolgFfBQDofD3SUAAAAAAAC0WwSrgIeqqrK7uwQAAAAAAIB2i2AV8FBVVVXuLgEAAAAAAKDdIlgFPNTlzlg1GAwtXAkAAAAAAED7Q7AKeKiqSmasAgAAAAAAXC6CVcBD0QoAAAAAAADg8hGsAh6KxasAAAAAAAAuH8Eq4KHKysrdXQIAAAAAAEC7RbAKeKDKyiqVl1e4uwwAAAAAAIB2i2AV8EDFxSWN7jcYDC12rZY8FwAAAAAAQFtBsAp4oJKS0is6nrAUAAAAAAB4OoJVwMM4HA6VlpbV2VYblLZ2YEogCwAAAAAAOgqCVcDDNDRb9cJwtakhKGEpAAAAAADwRASrgIcpKbY1azzBKQAAAAAAwMUIVgEPUlpapnPFJTLIIIPhpxcAAAAAAACah2AV8CBnCoqaNZ7QFQAAAAAAoH4Eq4CHsNlKVWKrv7/qpdQXsDYWujYnkCW8BQAAAAAA7RHBKuAhTucWXNHxLRWkAgAAAAAAdAQEq4AHOHeuRBUVFa1+HQJWAAAAAADgKQhWAQ+Qd/rKZqsCAAAAAACgLoJVoIM7fbpAlZWV7i4DAAAAAACgQyFYBTqwwjNndaagsN59tY/tN/S1sWMAAAAAAAA8HcEq0EEVnytRbm6eDAZDdSBa89UgwyVD1aaGqwStAAAAAADAUxGsAh1Qqa1MJ07kXNE5nIHsFZ6jIyk8dlDHi1r6rKU6cfiI6p9XDAAAAAAA2ipvdxcAoGVVVFQqM+uEHA5HiwSbHS0cvXyH9OHbO2R+NF49LZIqcrR3+1Zt+CJT1lJJMqprbJzmPnCbos3VR5z4fIme+6ShJDZSjy6YoUHK1Zcr18k2/QnN6t/I5U9t1rOvHdDJC7d7G9U9PEaTHpioocFXeIut5bsEzVmmmvttvr1LF2jxwfr3DXxovuYNuKLqWsYV3iMAAAAAoP0hWAU6kJISm7KyTsphb5lQtdaF57qcc7f3gLZi7x4lWWL0YoQkZevT/1qhLQFxuv/RCYoNC5TP2cPasjJRf1rsrRfnj1YPST3GzNGSMRef6+CKv2jh2RjFSpKidPOwTnpu+7e6v/9g+TRahUU///0c3d6t9nOlSvKtSlq9UUsWrFXgK1NrztkBxY/Xklnx7q4CAAAAAAAnWgEAHcSZM0WyHs92hqrnv3TBY/3N6al6KS15rrarVLuST8gS2189JEnhuvnXD2vBoxM0KCJQ/j6ST3CMbp8Wq67Zh7Uvv5FTndqshN1+GjN+sPxrNvWI763uqanaVdHcurzlH9xHY+eO1MDSo0o6fBm3BgAAAAAALgszVoF2zuFw6OTJXBWeKbpkqHmphasa66vaGoFp+wlhjyolVYodFeXc4m8JvHhYaZUq1EmWgIbOU6pd6w7oZOwteq7XeZu79VG06YD2HZJGtNBj7SXHNuvt5SlKKaiSvI2KGjJBj0/vr5+qzteu1R8rITlXRZWStylIQ6dP1P2Dwqpnzebv19KlW7Uru0qVNW0OZs28TbGW6qNPfL5Ez+3urcfHFenD1UdlNV+jF5+5TT0qrNqy9GOtSS2pOe46PT7kwurytWvFWr2/r0C2+q59WS44Z1APTZ55p26Pqbnjeh/VP6hF8zdJte0EasbM+V0PJS3dU/O981fclCl6Ynj4T5dq0j0CAAAAADo6glWgHauqqpL1eLZKS8ta/NH/+s5X36xXj3DKKqssGh7W8JCKosNaszpFFQPv1NCG0sFj2/RhqkU///2Fj/wHq3uw9OXxbGlAeAMHN3ThQqVu3KV9pt56Mqa23s16Y/FR9bn/Hi3sH/5Tm4K1nfTnqVGSirV36QdaktVDcx6bpkERRhUeO6AP1+5SxqCJii3arv98JVmVI6fopcdiFFiZrV3LP9Qbrxbp8RemKb62+JwDWvRZb90/9wHFB3WSv/L15eJVSqiM05NP36LYgCod37dOi1fnSwp1lnx8bYKWHI/Sk3+4T7EBVTqdnaIPN+6RddAERTfv7mvk68sXnVVJAAAGPElEQVSFS/V+ZZzznMf3rdMbby6Xdc7Dmtvf1IxzndD76/w0a9YczQuTTiSv0xtrErUlfrbGWmqu1YR7BAAAAAB0fASrQDvkcDh0pqBIuafzVFVZVe+s08Zmn6KZcvJ1UhZ1v2hxqBx9+upyfZhT/cnSd4ienNm/gVmX+fpybYpKrr/zvB6ptaqD1bycfEmNBatF+vC1Bfqwzrbq2aRP/uG2mv6q1bNiS4bdowdqQ9qaNgVJf/1WqVOjFJu1QwkHjRrzu2kaGlE9JKTXUM19vPr98S9SdCR8iN6YGlM9w9UnXCPmjlXa0xu1PrlQ8cNr57320P2PTdOImsW6dGyH1h8P0oznJzhntvYccp9mHP6LFu7+qeK8ghIpLEqxwaafrv1oI7ctSQc3ac78TRdsrFkALGuXPq3nunMP/0ULN+3SjP6jVM/84gZ00u3TpmpQzb9Rz+FDNWjjOqWmS2MHSTq2q0n3CAAAAADo+AhWgXbE4XDozJki5ebkqbKysmkBau0Y1R+6NnZsfef2xIWrGhamsY89rOEVkirzdXBjov70SpGeeGHixYtIHd6uNceDNG1W/yu4nr/G/Po+3V4zc7Yi5ystXnJEUaOGO0M+KVcZ2VJe6irN2XHh8ZEqkVSRna88hSk+or5rlMqaUyJL3z4XhJH9FRezUUnpJ6TaYDUsVNHmn0ZU5OSrKCBc0ZY6Byq+fw/pvNBx0B3XKOq1LZq/8LDGDo9VbN8YRQdfYlZp7Ei9MfPC76q3/Gvvp8Hr5soqNSNYtah7tws+W6Sk/BxJYU2+RwAAAABAx0ewCrQTRYVndfJkrioqKlo88Lzc/qqNhbMdN0yty8ccqECzJAVqxAOjlfb0Rm35bqJi6/RKzdGna9Kl66foZkv952kabwUGBCqw9hyWCZozbomeW75Zw1+ZWifM7TPlAc0b6HfR8f5qA7rdpuf+PFQZ6fu1K/mAlq7epJL48XrpgfiG6/PxV2B9fW0lNXvNLwAAAAAAWoCXuwsA0LCysnLl5ubpxx+P6PjxLFVU1I2QLgxDL5qRehntAJrSX7WxYzsks5/MqhvgVVRU1jOw/r9VVXy3VZ/m9NCMqTH17lftub2b/7euHmNGarjStSYpv2ZLqKLDpZNZ+Qq0BF7w6iQfST5hwbIoRwez6jujSVFh/ipKP6LCOtsPKeWw1KdvjwZr8QkPVtez2cooqrv94KET9QwOVHT/UZr5wH166YWR6r7vK315qjl33sTr9gxVlCT5VH9v6/wXdCxTGS15LQAAAACARyFYBdoQh8Ohc+eKlZ11Uod+OKy01HSdPJGjsvMWp7qc2ar1tQG4VAuBy93XVO0qhA0LVnfly1ob/FUc0vuvvKX/XL1LGfnFqpBUYcvWruWblaTeurnO0/5WrVmXKf+RI3/qRXqRHOXlSFHhjayO1aD++vmdQTqycbsOSpJMGjo+Tv67t+j1zw/rtK1SFbZCHd+7Rs8u/VYlktRrqCb3LNHnS9doV1axKlSqkqz9Wro4URmSet4apz7ZyVq49rBOV1Tf286lW5Sk3po8pJGH6iOG6vaeBUpYkqjU/GJVVBTrePIHSjh4fmBcrJ3L39HyvdkqtFVKFcU6fvCwrPKTf4Pfn0uoc93S6nMmJ2jpbm8NGT+0ug1A396KU6YSNx5RSUWlSrL26+2VKSq61Lkv6x4BAAAAAJ6A3wQBF7Pb7Sovr1BFRYUqKipVXl6uiopKVVRUqKTEJnuVXVL9j9nXNzv1ws/NXbSqsWNaot1Ah2Dpo+iAZFmPl0rdTJJPf836nbe2rNmuRa/uUFGlJBnVtWeM5syfqPjzVq8qSd6hz22RevTOqIbPX2FVao6f+sVctDpWkwQOH6XhG9cpYWO24u8Ml3pN0HOPbdfS1R/r2U+qVCnJHB6pyVNiah61D9bNj8+SecVavf/Xt7SkUvI2BWno9InVszsto/TvTwdq6dKP9ewfq1R5/gJZ9a/MVSNYNz96j/R+ov7yyls1x12nx6cb9dz7tWM6KX5YjPatW6U/vl9dm3dQqG6ecyVtEn66n0WvLpKtUvIO6qHJv35At8fU9G71Gay5c07oT0s/1ONfSN4BPTR51khV/PWiRrSXvtYl7xEAAAAA4An+PyXpw7C3mT9NAAAAAElFTkSuQmCC" height="600" width="800" />]]>
  </system-out>
  <testcase name="VerifyQuickLaunchItemCount_002" time="14.127" classname="testcases.QuickLaunch_CB"/>
  <system-out>
    <![CDATA[<img src="data:image/png;base64,iVBORw0KGgoAAAANSUhEUgAABVYAAAJ7CAYAAAAIrMp0AAAgAElEQVR4XuydB5wbxfXHn6Sr7r0b27hhTHGh2RTbVEPozZRQTG8JAUOAf4BQQ4IxCQFD6L0GMD30btNcwGCDe+8+n+07X1PZ/8zqVrfSSdpZaWa1Wv0muQ/n0+zs2++bt+Wnt298GmuEBgIg4CyB6vWk1VUS1Wwm2raCaMti0iqXEG2aT5HNC9Pa4vM1fpxh5PpiAxBpZAyWsMsMxxaCqGpsVePyg8rB2Cl9IwQ5uzliuYsc8LC0SaSDBLsdjxkJNqdE46GxpcSLylj3EGuRUDP3QcwIEnN4jkiJGYdtFiRp3c3ldiNmrF2o93DYj4gZQb/Y7SbBj0l9I2HcQrh/suuupP1TsC7omJECFoPkEwEfhNV8chdsLQgCdVtJW/M90fLPKDLvZdJ2bEp+2OwiZtJIbaPhAqvjN+8qb4Q9dgPl6psRj7G2EzyOx0wBs7bzQCMlXnB+ao5cwvxDzAieYSSwdjxmHLZZkKR1N5fbjZixdiGE1SSMXD6v7ZyfBGdArBuEVUFiquYIhFVBB6CblwlAWPWyd3Fs+U8gEiJt8f9I++lpiiz5mH07H246poSLWCYiK78RMWewmu5Q1LFz+KIu5UBU2ZxGyJEiFKmyW9W4KoUtSWPjgVcwohyeI1LiRdIcSUrIYR6CXrLuJsFuxIw1ZohEEInMBBAziBlBAvHdJJyvVYqfKseGsCo4Y1TNEQirgg5ANy8TgLDqZe/i2DxFQNs4l7Sv/0GRhe8wgTWS9hUoUZHVuBFpJq6quvBCuGg+J/PxZiQf54ekuYcHXsHTqsNzBMKqoF/sdpPgR8SMIHQJrO0IF1JixmGbBUlad3O53YgZaxfiywh8GWH5ZYTL49zO+VowIqy7qWKSj88ykp4LrKGjR6EQgLBaKJ7GcXqHQMUCiky/m8LzXiUfF1jTNCuBNfHmPSawqrrwqryI5aPNaXi4+qHXY6ztnBzwwCtIy+E5IiVecH4S/uJHcBY0ah8O1/J2eO7ZYZG2r8N2S4kZh23OV9Z27cZ1RpCYw/MPMSPoF7vdJPgRGauC0CWwTronCKuCDkA3LxOAsOpl7+LYPE1A+/U1Cn90HWnVG1ItQRU7/lQCa7IbEV1cVXXhhXAhLFy4+gY+H+eHpLmHB17B06rDc0RKvEiaI3YeOgRppu/mMGu7NiNmBIk57EcpMeOwzYIkrbu53G7EjLULG7+1EeyYQbckcwQxkwFHkU0kxCOEVRHQrI8E1nbucQo6ZgRdgm7eIQBh1Tu+xJEUIgG20FXknUspzMsDNLYUuUH6p4kCa7qb96S1V2UwdviiLsNkZTciaYQcV9+MqPKhSmFL0th44BWMKIfniJR4kTRH7Dx0CNJM381h1nZtRswIEnPYj1JixmGbBUlad3O53YgZaxfqPRz2I2JG0C92u0nwI4RVQegSWFvd42iBYoq06UHUthtpLTuSVlxKkVad2TNogD2I+on8fvLXVJCPrSNCtdvJV7+d/buS/TuY/CBU2az6HCLoEtd3i7D1XdgaL1qY+SvC3pTl/2U/Wn0N+28Kn7n+oNQYCGFVDVeMCgKOEojMeoRlr17PTnhNJ7hUAqtZXLW6eVcirqq6QKoaV/WFNx9fn/EYazvBahUzdsYS6lvArFPyUZVJpDLWC9iPiBmhSIdIlIgJMdN84qhiompclefUHIwNYVXwXGa3m4T5B2FVELoE1sn2pPmLSeuwE2ldBlCkQz+iQFHjdx/p0n3iRwqwNzD9VewtzKqN8SKrIpsbDRQEh25JCYQbSKutIq2mimkQpgW2CxQXhNUCdTwO23sEtBVfUvi1M0ir2xZ3cOkEVpEHXuniqqoLpKpxc3DzHt2l+M2IHQFKysz3GGs7TERixs54ln0LmLWdeS0lXlTGegH7ETFjGeXRDg7PESkx47DNgiStu7ncbsSMtQsRM0kYuXxe27mmC86AWDcIq4LEJM8RPTu1xx4U7r47+cpbNTMio+tMKEiByuXsZ0VUYJVsc5yRKscWdIlXuml11UQ120lrqPXKIdk+DgirtpFhAxBwLwFt0zwKv3AMaTs2xRmZUqJLXXw1fnurVbDsIFF1EVM1bg4eeKO7hLBqZ1oJ9ZUwR/DAK0Ta8RthKfGiMtYlzD2VD6Uqx0bMeDhmCnheI2bcOa8FrbLupurNCMRMc/YSmEBYtZ7Seg8JrPVhmKDKxdRI7+HkKylPczrM4lnGEFi3NAqsgodoq5skHrb26fXOoXqKbGM6RLDe60fa7PggrBacy3HAnidQuZTCL51AEfbfxJZ4eTNuRJrppikuNFKyV1VdxFSNK/FGJOncS2G3FKFIFRNV4+aItZ1zAkQiQVoOzxEp8aJy/jnMQ9BL1t0k2I2YscYs84FX9DojJWYkzI80T+SC4DLo5nK7ETOCPnXYj4gZQb/Y7SbBjxBWBaHLYN26K4UGHUzUqmPKnfrqWN3U2i3kq6siX7CWfDVb4vpqLTqw2qvlFClrQ5Fy9jv7b6rma6ih4nU/NxtD8IjTd5PAQ4odHhxE21FJWlW83z14mHGHBGHV6x7G8RUkAW3TfAo+dQi7mLG0/CTNEFjNNyJx4mqaC03W4qqqi5iqcVWKLWnGdvUNvMdY2zlJ4IFXkJbDc0RKvKiMdYd5CHrJupsEuxEz1pj1HhJYp9wTsu/i0TjMWnAGxLohZgSJOexHKdcZh20WJGndzeV2Q1i1dqGM60yo13DS+u3HFqBiC1ElNvYKeGDbGvJvW03+UPR1cNGY0YrKKdy2J0XYj1bSIun5umjDr3qJAKlN5byWamieDsazVys3FMwiVxBW83SewmwQsCKgrfiCgi8cz4pJh9hKjM178z8lXvBi/SwuNFmJq6ouYqrGzcEDr52bkbTzQBUTVePmiLVVLJk/xwOvIC2H54jozbul9arsVjUuYqa5SwuYdcr5DWE16YO65fkgkw4S5h+uM4LgJbBGzLiTtaBVsW4QVgWJZREzoYHjSOsxtPmOWEZq0eZFuqia2DK5N+PiaqjjgCaB1WSzf+tqKl7/s+DBCnTLgofA6OjSSEDbup6tAbPD8zwgrHrexTjAQiYQ+eFBCn14nY4geZnU5LVvRCriZCyuqrqIqRo3R8JFJjcjSe5o1Ex/j7G2AwkPvIK0HJ4jUuJFZaw7zEPQS9bdJNiNmLHGrPeQwBoikTtZC1qVXiRSOUccnnt2ediZ1yrHlnKdAevmLpLABMKq4MzPgLVeT3XX8aR16NNsJ/oiU5sXky/MFplK0jKNGc3P9tl5AIXb9212bfTXVFDR6jnRha2ybRnwyHaXhbq9tn0TaWxxKy83CKte9i6ODQQYgfCLx1J46WcxFmaBNVZjNZEUu9BYrVcFYVXS9EpxUc/0ZiTOKlU3DKrGVfngKGlsiESC897hOSIlXiTNkRRPF4LgMujmMGu7FiJmBIk57EcpMeOwzYIkrbu53G7EjLUL9R4O+xExI+gXu90k+BHCqiD0DFiHdj+aiap943fARM2SNbOb6p4qepbhtViDPUcQF1rNLVC9gYmrswUPOk23DHhkv9PCHUHbtpG02irPAoCw6lnX4sBAoJHAjg0UfGx/0thFyGiGaBpXY9UMrPFCo0RcVXURUzVuDm7eo7sUyRu2mOWqmKgaN0es7Zwr8MArSMvhOSIlXlTOP4d5CHrJupsEuxEz1pj1HhJYp9xTkrGlxIzDNguStO7mcrsRM9YuRMwkYeTyeW3n/CQ4A2LdIKwKErM5R0IDxpDWc/e4wX3126l45ffxGaOKhFX90sjqr+riasICV1LKAtjkIUgZ3dIQ0LasJY3V4/Vig7DqRa/imEAggUBk/msUnHZunFTHRdNmNVaN7UwXGuniqqqLmKpxc/DAG90lhFXpgSxhjuCBV9ArEljbeQiTEi8qY91hHoJesu4mwW7EjDVmiEQQicwEEDOIGUEC8d0knK/tXHczsjHZRhLshrAq6A0brMM9dqPIwLFxAycVVdPcO0m5N2M284zV4E77NBNXs17QygYPQcLoZkVAi1Bk82pPLmgFYdXK+fgcBDxCIPTq6RRe8E6cXMcveInCqS7nJVxopIqrqi5iqsZVKbY4cDOiZPp6jLUdRnjgFaTl8ByRcvOuMtYd5iHoJetuEuxGzFhjhrAKYRXCqmCcxIPKYCPBTZDlHQ9KwrUgJXkJY0NYzXxeJ9tSa9mRgsNOJF9RaezjlKKqQ88yScVVVtu1ZOV35KvP8PVyCXNPkDy6mQmEG6LiquYtB0BYxTQHgUIhULWG6v8zkqghuiofF1BjNVYTkiN9Sc5z0sRVVedQVeOqFFscuhmRPsU9xtoOH4hEgrQcniMQVgX9YrebBD8iZgShS2BtR7iQEjMO2yxI0rqby+1GzFi7UO/hsB8RM4J+sdtNgh8hrApCF2QdGn4SaW26Nw3Ka6qmEzBTjCs7ZrTS1hTss29czVW+mBUvTZBRE+SR0djYKC0BbcdW0qoqPEUJwqqn3ImDAYH0BMJvTKTQvFdNnZoU1TjhlF1okr2Ink5cFV7MStVFTNW4Obh5j+4SpQCkx7OEOYIHXkGvSGDtuEikMtYd5iHoJetuEuxGzFhjhkiUhJGEuWfnHCLoJetuEuxGzFhjRswgZswEIKzKixmt+xAKDTokbsDitbPJX9W0VkezvTkkrPL9Rtr2pGD3PeLtWzeX/NvWCEIwdZNwvra/U2xhEIhsXkkUCnoGCIRVz7gSBwIC1gS0tTOp/olxsdf/9VIAps1iwmnjhSZR2pOStarqIqZqXJViS5qxIaxaz2fbPSTMETzwClKXwNqOKCIlXlTGusM8BL1k3U2C3YgZa8wQiSASWYpEOD81nyQSzk+OX2cctlnw7GPdzeV2Q1i1dqHodaZh9IXkK24qARBgix8XrZmdfgcOCqvckFCvERRu1TVmky9YQyVLvhCEYOqmcl7bt6bgttCCtaRVrPXMcUNY9YwrcSAgIEYg+NTBFF79gy6uxkoBmDbVxVPThUa6uKrqIqZqXJUPM2nGliIUqWKiatwcsRaLnGgviESCtByeI1LiReX8c5iHoJesu0mwGzFjjVn0gVdwpObdkvhRSsxImB8pj6mAx0bMCM50h+cIYkbQL3a7SfAjhFVB6BastZ67U2jAmKbBWAmA4mXTyR+yWMXdYWFVKy6nYL/940oCFGeStSph7gmSR7cUBCJbWKZxQ50n+EBY9YQbcRAgIE4gMvd5anjrkugGphTUuMzVhOHsiKuWJQFUXcRUjatSbEkztqtv4D3GWjx6IKwKs3J4jkiJF5Wx7jAPYT9ZdZRgN0QiK8iNn0tgbUeklBIzDtssSNK6m8vtRsxYu1Dv4bAfETOCfrHbTYIfIawKQrdgHdzvXKLSVrHBApsXU1HFIuvBHRZWuUGhTgMo3GlgzLaMslYlzD1rOOiRjoDWUEPalnWegARh1RNuxEGAgA0C7HWJuvt3JWLFvvVSACbVNPYru9AkvvYvTVxVdRFTNW4Obt6ju0SNVRuzWqyrhDmCB14x1Hn5wKsy1iXMPTuimaCXrLtJsBsxY40ZIlESRhLmHmLGnXNP0Crrbg7PEVffl6m8fuXB2BBWrcPF8jrTqQ8Fhx4TN1Dxks+ts1XTzA+VMcOzVhv6j42zt2TZ1+SrrxKEoT9sobmAQGQTq7Uazv9aqxBWXTCZYAIIOE0g/NH11PDdVLbbqHjXTFxtvNAkFV0bjc243qqqi5iqcXN0Q6nyZiTr+eYx1nZ4QCQSpOXwHJESLypj3WEegl6y7ibBbsSMNWbLB17BIVJ2S+JHKTEjYX7YsTlbDLHtXW43YkbQ0w77ETEj6Be73ST4EcKqIPQ0rMO7jqdI5wGxgfzb1xB/vV6o5SBjldsVYotYhdliVkYLsAWsikRtVnnPJwQNnQwCWjVL9qremvdAIKzmvQtxACBgn0Bk4btU/8pp0YzVxs3jRNQkwirvJiVrVcINVNIjVjWu6gtvjm5G7M8a0xYeY22HBR54BWk5PEekPPCqjHWHeQh6ybqbBLsRM9aY9R4SWKfcE4TVeDQOsxacAbFuiBlBYg77Ucp1xmGbBUlad3O53RBWrV1odZ1pOOBi8gWKYwMVr51N/qoNYgPn6Fkm0roLBXuOjNlouxyAynktRg69OIFgHUUqWK3VPG8QVvPcgTAfBDIiULuFau/tR5oWvaI0E1fZn5MJrua+xn7TZa4mrbeq6iKmatwcPPBGd4lSABnN7XQbSZgjeOAV9IoE1in3pEokUhnrDvMQ9JJ1Nwl2I2asMVs98AqOkLqbqpiRMD/sxHnWHIwBXG43YkbQ0w770dX3ZSqvX3kwNoTV7GJGa9OVQsNPaRqELVpVuuhjwUH1h5akzYmYaRh0aNwiViWsfIGPrTYv1FSeQ4QMQCeDQGTDUjaP8tshEFYxn0GgQAnUP7o/hTf8HDv6OCHVJKzyDunqrUJYzXIC5fBmJGPLVV73XD42HngFZ43DfpRy867y4dFhHoJesu4mwW7EjDVmvYcE1in3BGE1Ho3DrAVnQKwbYkaQmMN+lHKdcdhmQZLW3VxuN4RVaxemu85EdhpJ4X6jYoMEqjdQ0ZrZgoOmvn45ETOhXiMo3KprzFZevsDPSgIINZXzWsgAdDIIaFvWktYgKIi7FBuEVZc6BmaBgGoCwbcvpYYfn4+JponCKt+/OWcy03qrzbJWJV/EApez+j9t+8Tj2rGRtJ+ep8hnt+h/958xTf9v5IUT9P8GrphL2spvKfLWRUkxB87/gjSW1Wv0d/qBlxvlxM1IxnNMsg/j7HD52HjgFZw1DvtRSrxEA09NUzWuSpsljY2YEZxSDs8RKTHjsM2CJK27udxuxIy1C/UeDvsRMSPoF7vdJPgRwqog9BSsw7scQpGuQ2KDBDYvpqKKRYKDpo5FJ2Im1GkAhTsNbLK9cjkVbfhVzHYJc09sR+hlRUDbvpm0mm1W3Vz9OYRVV7sHxoGAOgKhL++i+i/u0ndgiKYxcdW022xLAjghrGrzX6fIp7fErPYf+wj5dj2eIv+bxATWZ5MKq9SqG0VeOYO0pfGvuvj2PIv8Rz9A2rJPIaymmn4qb0RcPjYeeAXPSQ77UcrNu8oHdYd5CHrJupsEuxEz1pghEiVhJGHupSTv8rERM4gZQQLx3Vw+r1XGI4RVwRmTYo6ERpxMWutusUFKVn1HvpotgoOybinGlXJvZjGvtRYdqGGnfZueAWsqqHjl95a2l9/wKvnad2/qF2qgyOrfqG7qpZbbpurQYvJ0Cn72HAXfe6hZl5ITr6HAbmPI17pD9JK/cQWF5n2VtK+xcfFRl1LxuN9TzbX7k/n30gv/SYFB++h/90rjoioXV/O5QVjNZ+/BdhDIgkBk/mtU89rEZrVUdSGVXcSSZahKyVqVfOPHM1YThVV+COas1GQZq1TWjrS1s5rE00aWPFuV2rP6s+bPJNsc57Yc3oxkPH1ywCNjW80bSrAbD7yCnpDAOuWekowt5ea98dwneIT2ujnMw55xaXpLsBsxI+gNCawdjxmHbRYkad3N5XYjZqxdqPdw2I9SrjMO2yxI0rqby+2GsGrtwnQxExw1kaikZWyQkuVfk6++SnDQ1LHoRMxopa2pod8BMVt9ddupZPl0S9u5sBrZtIrqH71K71u0z9FUcswfKDx/OtW/eJvl9sk6pBJWuahatPfvKPjVKzEhlQul/p6DYvtPNl4qYTUj41y+kVZfQ1rlOpdbmd48CKt57T4YDwKZE9DWzaEdj7FvzkxDxDJXG2+gEjNZeddMxNW4rFXJN2cphdU/LWLZqJ/pr/unKgWgZ7Waslb1bNXD7tRFVd5QCiDF/JLsw7i9uHxsPPAKnnMc9qOUm3d+aKrsVjWuSpsljY2Y8XDMFPC8TulVCUwQM4gZQQLx3STMPZXzWuXYEFYFZ0yKORIcc0XcAKUL/ic4YGO3HCeJ1O9yZLz9v1nbnyis8gH0v21eRaEvX6LiIy8mf9d+THEtIW3LOmp4fTKFF3wX62MIssY2/N+phNXym9+myLrFKUVUnpVadOCEaDZrXXVM3E2Xserv1Jtq7zqZePYq/12r3c6E2sH69sFPn9UzZ3kru/wh8vfdg4hn5G5Ypvfhma6BwftSyYnXkq8Dy9pln4WX/phW5LU3ITLoHapn7FdnsKF7NoGw6h5fwBIQcJSAxmrnVE8dqQulia/7+xKEVW6YSEkAoYWsJN/4JRNW/Sez2rEDDktbCkCb9zr5dh4XV0s1cMkPTFSdQ9Sqs+4LCKsppqRkH8btxeVj44FX8DTlsB8hrAr6xW43CX5EzAhCl8DajnAhJWYctlmQpHU3l9uNmLF2od7DYT8iZgT9YrebBD9CWBWEDmE1BsoqY5VnmTa8fo/ev/zaFyiydYMuPJqFVP2zRjE2nbCarkQAH6PF7R9QePFsqn/6Bv3Vfy6o6uUEylunLAVgFlZ5WQCjBAEXUn1tOkdF13PuosCAEdTw9v0U+v4dKvvTEzFhVRdk23Wl2sln6CJr0YgjMs7UFZx96btFQhRh5RHyuUFYbfTe9mANbQvuoOpgLdVHgvpfi30B6tGiE7UvaZXPPobtIJCcAFvgqWrKgJSLVzUTW02jZJW1KuEGynxASRevqlhIEbZ4lfbNv/SuSTNWmbCqbVmiZ6hGXj+PfH0OIN/I8yh8z07N+jt98x59XjDnEmc4iSWzjlmhatzogatrEsbGA6+geySwTrmnJGNLiReV889hHoJesu4mwW7EjDVmvYcE1o7HjMM2C5K07uZyuxEz1i5EzCRh5PJ5bef8JDgDTLelSe6ZC5iHXdbBMZezTZoYFkrGamKNVXPWpp7p2W1nlvIZ1YHCC79XIqyas1INvxlibWTNQiFh1RBZ+fZ8vKI9D9GF1UQR2LwvozwBP2a+n2R1Ye3GYVb9tYieUZvPraCF1TU1m+nrjb/QVxt/pgXbVtG2hh1UFaqlhnBUWC0NFNNzB95AIzo0rTSXz86G7SAQRyBcT1V3RjMzUy1elUpcTcxMTVZOIJF2rByA5BudVKUAzPtPJaxGPrslJqL6OvQnnsVq/hsyVlPEjGQfxu3F5WPjgVfwPOqwHyGsCvrFbjcJfkTMCEKXwNrOw7SUmHHYZkGS1t1cbjdixtqFeg+H/YiYEfSL3W4S/IiMVUHoqTJWD7yMZaH4Y4MUirBqrrFqJqgLkAeeSg3TpkQzPZnIqjXUZSyspisFkCthlR8vrysbGLI/+Xswrau4lGpvO0ZwIinohoxVBVAdGnJZ9Xo686u/0dKq+CK5A1r3IC641oYbaFy3YfQ8E1b9vqYTjUPmYTcg4AiB7be1iXvFPyakNu492ev/6f5mGJ2qJIAurkq4gTLDyVZY9e18KPlPfILVpNlK4QdYDRrWEoVY2TbHOTcFD1ffwEv2oQgPKQEhwW488Ap6QgJrx0UilQ/qDvMQ9JJ1Nwl2I2asMes9JLB2PGYctlmQpHU3l9uNmLF2IWImCSOXz2s75yfBGRDrBmFVkFgqYXXfc1hmZuvYIIW4eJWZoCGs1j91vf7n0t/fRuGV83VhVX/VvkVb/RV6/bX9w8+P1Se1vXhV28766/fZlgJIlbGarhQAP0aN15NlwrFRfoDXXs1ZY9obF7rzuRVkxuqC7avpD9/dT3Mrl+q+48Lp/l2G0tB2femTdbNp0fY11LG0Db140F9oj/YsBRwNBDxKgAurvJnFUv13duFtlsXa2CmbWqtuFFb1c8D4KaSxrPVUpQOcfuCNugClAKSHnYSHDjzwCnpFAms7D2FS4qXx3Cd4hPa6OczDnnFpekuwGzEj6A0JrB2PGYdtFiRp3c3ldiNmrF2o93DYj1KuMw7bLEjSupvL7Yawau3CdDETGnYiaW17xAYpWfUd+Wq2CA6aOhadiBmtRQdq2GnfmK3+mgoqXvm9pe3JFq8ybxRb9IktBhWpWEPajm26sMqzPEuO+YNeIoAvasUzPY2FqdLVUuWv3gd2GxNdoIojY9uGfvpEfwVfxuJV/NV/3sylAPi/Uy1eVXr6zRTYlQmpvNQBX7xq7mc5rbGq1e8grXK9pd/c3KEghdX/m/M4PbHofd0vIzsOoosG/Y4+XT+HXl/xNQVZGjJvVw45kW7Y/XQ3+w62gUDWBLbdyjJWUyxelUpY5Tu1ylpNu4iVDMHQdOTZZqwmg4iMVYup5fIb7JTWS7AbD7yCpx0JrO34UcrNu36nK3h8drupGlelzZLGRswIThaH54iUmHHYZkGS1t1cbjdixtqFeg+H/YiYEfSL3W4S/AhhVRB6CtbhQWMp0n232CCBzYupiC1yLNxSjOtEzIQ6DaBwp6ayjYHK5VS04Vcx0yXMPbEd5aYXX5TK339ErH6qkcFac9MRuTEozV61HZWkVdkQ8113BEwf0VhzoV3KTKphdSUnfHE7/bJ1OZ3R72A6pe8Yem3Fl/Tsko+pjqUg89anVVd6+oDraJc2vZXZgYFBwA0EuLDKW6K46ms8K9jJWk3Mr0xZDkCysBrjqPJMloOxnbgZyXgO5oBHxraaN5RgNx54BT0hgXXKPSUZW0q8qHxQd5iHoJesu0mwGzFjjVnvIYG14zHjsM2CJK27udxuxIy1CxEzSRi5fF7bOT8JzgDTIwAWrxJilmKORHoNp3D/ptfAA9UbqGjNbKEh08WilHszi3kd6jWCwky7MVrxurnk37ZGzHaVMSNmgdJeeibsXkeRr0ufqJuYcBn66mUKfvac0v1mMri2dQNpLDs4n1vBCau8furtc5+jo3ruS8PYYjXXzHyYZmyaR6FIWPdj1/L29Mioq2nfTrvks19hOwgIEdjKM1ZZT7OAqv/OLjSJf+cDJgqt5r/pv5v2CmFVyAUpH6aduBkRtLB5N5U3Ii4fGw+8grPGYT9KiRf9rlPw+Ox2UzWuSpsljY2YEZwsDs8RKTHjsM2CJK27udxuxIy1C/UeDvsRMSPoF7vdJEUDVywAACAASURBVPgRGauC0FNllrbsRKG9TosNorGFvMsWfyw4aOpYdCJm6gceSsQWHDdayZLPyResFbNdwtwT2xF6WRGIbFxO1KjHWfV16+cFJ6xuaaiizXXbaFCbXnTNrIfpOZaparSWRWX0txHn04S+Y93qL9gFAlIJGMIqHzQua5X/u3FPmWatpiwHwEXbdLUCMj1ClRfHHIztxM1IpqidfpjJ2M7EDSX4EQ+8gt6QwDrlnpCxGo/GYdaCM6DpAS3VWwqq7FY1Lj8iD43t6muMx1gjZuwSEOzvcDwiZgT9YrebBD9CWBWEnoZ1cP8L2DLxZbGBitfOJn/VBrGBUwm2Mt5STGNzpHUXCvYcGbPRF6yhkiVfiNms+jojbgV6huopsnl13nMoOGHV8NhnG36iO+e+SH1adqF+bbrT/p13peHt+1O7ElbAFw0ECoRA5S1NNVbjslYbj18kazVRI7XMWoWwKiSKuPoGXsJNsB3RTFo4SrAbwqqgNySwtjNHpMSLyptsh3kIesm6mwS7ETPWmPUeElg7HjMO2yxI0rqby+1GzFi7EDGThJHL57Wd85PgDIh1g7AqSCzNHAnvcihFuja9setni3nz1+qFWo6E1VD3PSjctmfMxAArAVAkarPq664QOHTS3VBdwX625j0M7wurDTuIeO3U8nbMWY2SjxYhbdNCCv88jWjTIoowldzXrjf5Og+kwJAjydemaVW8vPcwDgAE0hAwhFXexRBR9SjRxc/kWatmITWjRawgrMZ7JEc3I1kFBm7em+NTxUTVuKpvKB22G8JqVhGdemMJfoRIJOgbCaztCBdSYsZhmwVJWndzud2IGWsX6j0c9iNiRtAvdrtJ8COEVUHoaVhr7XpQaM8T4wYqZq/V+0MCr9Xn4FlGKy6nhv5j4+wtWfY1+eqrBGEoPoeIW1HwPSObVjC9LrqAfD43zwqrkdWzKLL4c+L/1UJ1TCztSYGdDyB/z2Hk69ifqGYLhVd8S9r6+RRZP48iG9nqcaweh6/LYArsejQVsR9q1SWffQvbQcCSwBaescp6GSJqLGu1UVjlA9jNWkXGqiX2+A45uBmxaWHz7hJuglPa4PKx8cArOHsc9qOUB16VD+oO8xD0knU3CXYjZqwx6z0ksLZzXpUSMw7bLEjSupvL7UbMWLsQMZOEkcvntZ3zk+AMiHWDsCpIzGKOBPc5iyWjtY0NFti8mIoqFlkPnoNnmVCnARTuNDBmm+0yAKqvu9bU0IPf+tTXkFa5zhMsvCesRkIU+u5xCs14iK0sVkW+YlYrpKzxBFHLUozL2lDRsAkUGD6hKTOVZbTqGaxLv6LQD08T7aggX4/dqXjcteTvMyrO0VsqmCDLCut26NCBIpEILV26lBoaGmj33XeP9du+fTutWb2aqqurqby8BXXp2oW6dGku0m7bto2CwSC1aNFC/1m/bh2tXbuOjRumbt26Ua/evZNOMr7N2rVraWtlJYVCISouLqaSkhIKFBWRpmm6bZ06dWq62LC/cXsqWf+6ujoqKy+n3mzsdu14Fm9TW1q9Tt++R4tOVB4oifusPhKkdTUVFNTC1LdlV1pXu4VqObfGJ4EIywIu9hdRz/KO1KKxPsvm+m20tGod7ckWCSv1NxWVTjyoOVsWU+eydtSL7RfNWQJmYZXvOSayNl4grbJWU4moacXV2NhJVvDM5vA9dkPp6odej7G2M+3wwCtIy+E5IiVeVN5kO8xD0EvW3STYjZixxqz3kMA65Z6SjC0lZhy2WZCkdTeX242YsXYhYiYJI5fPazvnJ8EZ0PSsm6yWZwHzyJS11n0IhQYd0sSVLWJVsny6ddaqw8Kqnq3ad/+4Rat42QI/KwVgq6mcI7YMKdzO2pa1pDUIZEXnASLPCavh+W9T8J3rSQuyLNUW7alo73PI32033RWRTQsosvxblsXKijH3P4hKTvg3U5L8cW4Kz3uLgu/dyBy8g/ysPEDJmc+wMgE76X24oHnP3XfTyhUr6c677qLZs2fR5H/8g8pKy+jNd9/R+6xauZIee/RR+nnuz1RVVUV1tbW057BhdPW119DOO+8ct6/HH32M5syeTb8/+2zy+3306MOP6P8Oh8M0ZNchdMFFF9HYcePYZ002chumvfY6vTFtGnXv0YMJsuW0YMFC2rZ1K+0yZAjV1Oyg8UceSSedfHJsXx9+8AE9/eRTFAgEdIG3omIz+29XOu/CC2jw4MF6vxATTI/79Cb9vn7yyItoaLu+cbZy0fXPMx8hvvjXSwfdSLfNfZbmbllKA1kmcN9W3Whu5VLa2lBNB3cbTpfvchy1KW5Bb6yaTvfOe5UeGX017dImuUhczV4vOOTDa+mywcfSOf0Pz4OQ8ZaJXFjlrVnWKs9Y5X9PUQ5A36ZRF7VdDgDCavwkcvhmRMoMVnkj4vKx8cArOIMc9qMUkYgfmiq7VY2r0mZJYyNmPBwzBTyvU3pVAhPEDGJGkIDQ/WRGYyVuJGFeOx4zLrdZJY9sxg7uew5LRGsdGyJQvYGK1sxOP40cfpYJ9RpB4VZdYzZllK0q6R5HSnwV6iBMr4tU2BTDXczKU8JqhL3a3/Dfi1lKcTX5O/Sl4iNvJ3/f0c3wR1Z+R6Gv7qfALkdSYOSZzT7n2asNr1xIka2rKcACt+Sc/+p9uOA58exzaOYPP9CVV/2JPvn4E9q5/85UX1dP//z3fbRmzRq695576LTTT6e99t5bX/l8xvTp9Lc77tRFzclTptCgwYNi+7vtr7fQ8889R0cfewwVBYrozLN+Tx1ZpumC336jG/58HdUwUfZfbNxDDj00ts11f/4zzfh6Ot0/dSoNGz5M/zsXcC+75FJdnH3o4Yf17Ffeatn2Lz7/PBODJ9P9D06lg8aM0bNbebv9lltp2uuv091T7qFDDztM/9uAaWfrGauvjbuFhrGFvMxtUdUaOvGzW2hT3Vb67fgn6Y/fP0Afrp1F/9z7Mjq93zhdmH1k4bt0+9zn6NDuI+jZA67X//23n1+gM3Y+mO4cfh4T6ppnKE6e9wpNmfdfumKX4+nGPZr7wsWx4wnTKv4av3hVTCRlR2cWTKWWA4CwGj93HL4ZkTJxC/hmFQ+8gjPI4TkCYVXQL3a7SfAjYkYQugTWKfeEjFWh666gp9J3k+BHxIygJySwRsy4k7WgVbFuKAUgSEwgZrRuLGt1cFPWKh+5aP1c4gtD2YkX3lfKvVmCzRG2WFWQLVplbhllq0YNRMshgUjFapa5WJ9DC+Tu2jvCKnsVvWHaHyn86/90QqWnPEz+QU2CZDNsrJ5q8It7qfjQvyQlGv7hKQp+dIcuNJae+19Wm3WE/ur/+edOpO++/ZbGH3UkXX/DDew1/6ZvS/ir9lzM7MEySc3tuWee0cXViy+9hAmyV8U+mjJ5Mj3yn4dpv1Gj6Onnno3bhv+df37iySfRXSwrlrdf58+n4489jo4YP57+/cD9cf2ff/Y5uu3WW+lvf78rlq362aef0p/+8Ec64MADaep/Horrv3HDBhp30BgaPmIEPfH0U3opgcFvnEsRdryvM2F193b94vrzjFUurK5nJQCWnvgsXT3zP/TGyun0wL5/oJP7HKT3/WXrcjrx81t0ZguY+HrLT8/So4vepR6sPMCUvS+hsV33jBuzhtW+HfnuZVTJikxP6DeW7tv7crmzG6NZEjALq7xzrNYq/71xa9FyAMkWtTIMMH9mXMT4Fw9Sm8qLYw7GVnEzIo13DnhIsV2C3XjgFfSEBNYp96RKJOI7VGW3qnFV2ixpbMSMh2OmgOe1nfOT4AyIdUPMCBJzeP65+r5M0vla5bxWOTaEVbkxExp+Emltujedk1hJgNJV36VeGMqhJBGttDU17LRvXAkAPytVWLzye0EACd1UnkMys6hgttJqt5O2bZOnjtczwqq2dSU1PHsmRbavJT/7JqP00o9Z0MXXCW3mubrtes3VZI1nrdY//3vSWL3V4tGXUBGrt8qF1YvOv4C++vJLevaF52mffVlgC7Svv/qKLjzvfDplwql02x13xLa4/7776IF/309/uekmOvtclnZvavPnzaMTmIg6avQoevyp6Gv8H334IV1x2eV09jnnsG1ujOvPRdRLL76EJp43ka5jgi9vN1x3Hb3+6mu6MMsF2sR23NHH0JaKCnr2xReob9++tOub58WE1V3b9onrvnLHRl00XVOzmQmrz9H/zX6cXlz2KT086io6rnc0K/jT9T/SxOl305iue9AzLGP1om/upffXztSF1gO67EYvHPR/saxVXrP1ycXv0z0sW7WaidwHdx9Oz7Ft/AmlGQTwoksWBDbzjFW2vXnxKl3uZBeaZgtaNfbjHye+/m+rHAAyVuM95tDNSBbTpPmmKm9EXD42HngFZ5LDfpTywNt47hM8QnvdHOZhz7g0vSXYjZgR9IYE1in3pOrLCIdtFiRp3c3ldiNmrF2o93DYj1KuMw7bLEjSupvL7Yawau1COzGjtexIoeEnMi2lNDawr367LmD62DN8s+bAs4zG1msJ9htNGis3aDRuS/GKNIKvFRaV89pq34X8OVunJ7KZZUCzxEgvNc8IqxEW6A0vsFfZ2TcqgSFHUsmJD2TnJyao1j93BnP6Ygr0HcVqrT6nC4QXX3ABffH5F/TtD99Te7ZIlFXji0s9+fgTevbpaWecTrfcdltsk4emPkj/uvdemvrQQ3To4dHX8Y22ceNGOnDUaF28ferZZ3RhlZcVmHjOuXT6GWewcW6N6//mtDfoz9deq2fFXj1pEu3YsYPOPvNM+uXnX+imv97MarYOpZLSEiZc+vQFr2pr6+juv/+dli9bpovEQ3fbjXZ/6wJ9QSpeY3Vgm156X6OtYd8GTWJZqpvrttESlrH61x+fpmeWfEiPjZ5ER/faj36sXEI3zXmSqoI19OT+f6Z+rO7q+I+vpyK2oBXPSF1WvZ4+OOzvsUzYWRUL6fwZU+iY3vvRowvfo+EdBuglCFqYTuBWbPF59gSSCat8VJ9JWNX/3VhrNVVd1UyE1ei4ErNWVV4cczC2q2/gc8Aj+9nORpBgNx54BT0hgXXKPakSifgOVdmtalyVNksaGzHj4Zgp4Hlt5/wkOANi3RAzgsQcnn+uvi+TdL5WOa9Vjg1hVX7MhHvsRpGBY+MGTimuKhZWdVF1p31IS0iIK9rwKwUqlwsefJJuKs8hmVvl7S2ZmKqXAAglEejz/Mi9I6wu/ozqX75Ad0fRiNNZfdWmzNCMfFSzhQmrLAOWZa762/eh0ss+jQqrF15IX3z2Of0wZza1adM823Xbtm30Ocsenc9e2w82BCkcCVPV9ir633vvsUWqztKzU432MBNU771nCj3y2GM0Zlz8iWvTpk10wH6jaPT+o/WMVb6AVU1NDR1z1O+offv29OQzT1Pr1tHC0rz267WTrqH33n2XXnj5JRrBXu+vYJmoZ51xJi1ZvJiOOfZY6tCxAwX8AZaRGmH9o98ORNh2RcVFLMv1fLYQVnddWK1i2aMnsVf7e7Rg/Vn2aIhl6YbZNpVs0arXV36tZ5dyYfV2tnjVE4vep51bd6dyJobuYK/1n9p3DJ2186HUuaydPv4eb19Eh3UfqY81+ZdX6MQ+B9KD+/5Rt+GqmQ/R9I3z6PWxt9A+715Og5iQ+/q4W6lTafIM4ox8iI0sCZiFVd45lr2aQljV+wgsaGWMZRiQrBRAdCwIq6mEHFffwKu8EXH52HjgtTytRDs47Ecp8aLSbod5CHrJupsEuxEz1pjzNmYkzI+UdAp4bMQMYkaQQHw3xAx4WE0cm3MkPHAcRXoMjRuVi6tFfCFwtgB1rCkUVrWicgqykoyJoiqv+Vq0bq7VEaf/3CaP7HaGrfXb7C1r2SLxprnjISyeFFYD/cdQyWlPZOUmbdtqVlqAZayyoPW37UGlV3xlKay+9eab9K8p99LIvfaiP1z5R9qpTx/dBl464OILLqSJ559H17LX841mZKw+/NijNHbcuDh7jYxVLrhy4dVoq1evpltuvpmJ/CE6/cwzqGXLVvTlF1/QNzNm0NXXTKJxBx+sd+X1XnnG6sIFC+mjTz+J2ZIOChdWQ0z05GLnkLY7xXVdVbOJTmI1VlezUgBcWL3pxyfp+aWf0L17XUqPLXqPftu+iq4achJNGnqy/rr/tuAOGvLGeXTN0FNoQt+x9KcfHtSF1A8P+wfx2qpXfHc/63sKHb/T/jR42rnUntVMmcb225dluqI5R4ALq7w1KwfQeKFpViKA923UQtMtaGWMaT6SmIZquohBWOVXmOT+liIUqbphUDWufsVVOP8ljI0HXkH/SGCdck/IWI1H4zBrwRkQ64aYESTmsB9dfY3Jg2uBnfOT4AxAzNgHZXcL8f6qrjMOx7n4AVv0dLndyFgV9HQGfgwPHU+RTgPidsDfEC5dO5t8LBFNb4qeZTSWnNXQY0RcTVW+u0D1Bl3czbplwCPrfRbwANq2jaTVVnmWgHeE1VUzqeH5s1gpgAbylbWmsiu/ZamrZRk7LrJ6VrS0QLCO/F0GU+mF78WVAvhu1kxq1y6amckbr7960Oj99UWgnmGv1vfq1Sv2Ga9/evkll9IFLNv16muvif2d11fldVb/8+gjMUHU+HDd2nU0li06ddgRh9MDDz4Y22ZHdTU98MADFA6FqW+/vhQMBqnfzjvTvqxkQGlpUx0U/vfzWNmA77/7jh578gk68KDoAlPpmlFjdRrLHE0UVnmN1ZP0GqsVurB645wndGH1P/v9iQa37U1Hf/IX9tp/gJ5iZQBGdd6V5m9bQQd/cA1N3usilsV6GH28bjb9/qu72Kv/o/Ts1tbF5TSVZa8W+QK0F1vAajsrIcAF3d3a9bUyE59LJLDpZlZj1fSaf0ws5RmrbD9K6qxCWI33oKKbEX0nqm4YVI2r0mZJY0MkEjwBOTxHpIhEkuZIUkIO8xD0knU3CXYjZqwxKz1fp5jXUmJGwvxISaeAx0bMIGYECQjdT2Y0VuJGLo9HCKuCXs7Aj1qgmMK7jietQzRhzNwClcsosHkJ+ZjQmqxlep3hr/6HO/WncAe2mHaCzVxUDaz9OXmtV0EMsW4Z8LC7C/SPEtC2byKthq1v5OHmGWHVnGHK/VVyxF8pMPw06wWsUjg39MU/Kfh1tE6rUbPVvHhVorBaVVVFew8fQQMGDqRnn38urv7qO2+9zV7Vn0QXXnyxnlVqtH+y7Nb/MNH0/gen0uFHHBFnycoVK+iwgw+h8UceSfc9cH/ss0cfeYQ++fhjeoKVB2jRoql4c7LDePLxx/VSA0cedRTdPeWepEfKSxe0bdtW/2yXNybqr/1zYTVR4OQ1UvniVeuYsLqUCauTZj5M01hpgPv3vYJO6TOGHlzwFt3/2xs0oHUPXWydW7mULWQ1mR4ZdTUdy8TUYCREh7Oaq4u3r6EytqjYo6OvprFd99T3e/SnN9JPW5bQiwf9RV/kCs05AonCKt+zLqgaPwmv/ZtrqWa8gBWE1XgHQ1gV4iElKiTcQOGBV9ATElin3JOqTCK+Q1V2qxpXpc2SxkbMeDhmCnhe2zk/Cc6AWDfEjCAxh+dfpiJR3NE4bLMgSetuLrcbwqq1C/UeWfgxPIiVBegeXxZAH5OVCSzavIj4q/mJLZOYibBFyEMdB5BW0qhzmGyW8vq/2cgseAgSRzc+7bauJ61uh+dZeEZYZamq1PDqZRRe+LHuNF95Wyr53V3kHxwvWIp4VKtap2e/RiqW6d1LDr+JAnufq9cyvWDiRLaI1Az6duYPeq1To/HPRu+zL4XYf598+inaY8+oaMhf3f/rjTfR9K+/ZqUAzqfrbrg+ts3f7riDnn7yKZryz3/S0cceE2faggUL6FhWTzVRWL391lvprTff0ssK7LHHnnqGbHFxMXXq1JF69OypL3JltMotW2jy3XfTW2+8Sf9kmbEHH3pI3Oc///wzffzhR3TVpKv1TQZMO1uvf/oayxzli0mZ26KqNXQiKwWwqW4rLTjhKfoDe5X/w7Wz6N69L6Uz+h2sC6d3/fIiPbTgbV0cPaT7cLrr5xfp+QP/LyaWPs0Wu7pu1qO0T6dd6KUxN8YWqjpvxj303urv6N/7XKHXaUVzjoAhrOoxw3+M7FXTvxM/0/+dTZ3VhIuYtHIAKi+OORg7k5uRZjNHld2qxuUH4PKx8cAreH5y2I9S4kXl/HOYh6CXrLtJsBsxY41Z7yGBdco9qfoywmGbBUlad3O53YgZaxciZpIwcvm8tnN+EpwBsW4QVgWJZTlHQr2Gk9ZvPyL2lmqzxupmcuHTz8opGvVXRe/NeB3VMMuIjbTq2iSoGjtotDnrhaqSIcqShyD1wu0WqqdI5Qa2IJD3FqpK5lTvCKvs6CK/fUANb1zJNNao8/xtelDxCf8if6+R4hOaZWQ2vP5HCq9gpQRY87FV7Usv/4x8bKxQKETnnnU2/fD99/TVjOnUpWvXuHGfeepp+s9DD+qLSvEFo+rr62nz5s104IEH0eR//EO/Z77q6qvouBNO0Lf7v+uvp9f++yrdfucddOppLLvW1H768Uc69aST9dqrvAar0ZYuXUrXXXMtzZ0bX6yZi1MdO3akk04+mf7E9sEXu+Ktrq6ObrvlFuJZs1zs3W/UfkyMLaUf58yh7du305VX/Yn23mcfVls1TLu9eQEVsxPl0wdcRyM6DIyzh9dQPfPLv+mv7H81/p/0x++n0pwti+n63U+j8wccqffdyETX0768g1bt2MQWsGpL1eyV/ydHX0MjOw7SP69mRa7HfjCJrt71ZF2MNdotPz2jlxW4brcJdMHAo8R9hZ5ZE9h4U2t9Aalm5QD43G8cXVad1WQ1VvUYk7WAlcqLYw7GFr0ZSTsJVNmtalx+MC4fGw+8gqcdh/0oJV5Uzj+HeQh6ybqbBLsRM9aY9R4SWKfcE4TVeDQOsxacAbFuiBlBYg77Ucp1xmGbBUlad3O53RBWrV0o6zqjte5KocGHELXskHqnXGRlb7v66quJ2O/+2sZarI1bRMrZtiXlFGFrrCQVU00j+xpqqHgde/XfqOcqeKhC3VTOayEDvNtJ21FJWlW83717tNEj85SwSqy+avB9trDTj/+N+c3HAjYw+HAqGnsV+dgK9ilbww6KLP+Ggh/cSpHta2Pdivb6PRUfcWvs37z2aSgUpG7du+uZoolt06ZN+kJStTW1NHiXwTRs+HC9C19MqoKJrD1Z7dXy8nL9b3yBKl4Llb/Sb85+5Z9xQXQzG4tnpJoFXL5A1ueffUYHjRnDMlb3oDI2Fu87a+YsvawAz5C99fbbaAITas2CFf/7b7/+SjyLtbSsTBdZ+/btG2c+LwMQ8EUF2cSmsTt+TWOXLS7Csf/xDNViJjrzDFe/aRsu0PIxeB++Df+vVeNjGONa9cXncgmkElb5A17S2qv8pMF/kixgpZ9QTJ8Z/zYshrCawncpLuquvoFXeSPi8rHxwCt4DnLYj1LihR+aKrtVjavSZkljI2Y8HDMFPK9TelUCE8QMYkaQQHw3CXNP5bxWOTaEVcEZI2mO8LqrkR57UGQnpnOkWdMmm3szXrfVv2U5KzOwWPDgMugmiUcGe/buJmx9osi2TUShBu8eY4oj85awyp+JmCja8MpFFNnwa+yQedapr/tueq1Uf5ddWPYpE1jZ4knEBD2q285e+V9C4d/ep8jqOUxZZ+nKjc3fsR+VnPoo+XjhZBe0WbNm0XXX/pmuv+EGOoS91m8WTnkpAr5I1h8uv4JOP+MMuva6P8cEXBeYDhNcSiCZsMpN9SURVvW/mxa60v/deFxmodXoZxyyWVrX+yVcxJCxmnxyZHMzEhtR1Q2DqnG54S4fGw+8giczh/0oJV5Uzj+HeQh6ybqbBLsRM9aY9R4SWKfcEzJW49E4zFpwBpgu3SmSElTZrWrcHMxru6wRM4LEXD5HIKzmxo+6wNpzT/azB8tAbb72Syb3ZoagGqhcEV2gyuVzT5C857tpddVscaptLEO5zvPHmuoAPSes6tdw9u1Gw2uXkcZWqdNYZqW5+dgJgNhr6j5dWA2TVl9FVL+DZWMykbWxcaGHlw8oPupO8nWKrzWay5ly4//9heawV/j54lgdOjRPv+cZpXuPGEmnnX46XfmnK6mYZbuigUA6AlxY5a1ZOQALYTW6DYRVKbMLGat44E03kfL1htJhuzO5eU+KXZXdqsbNA+ECwqrglcLhOSIlZhy2WZCkdTeX242YsXah3sNhPyJmBP1it5sEP0JYFYQugXWyPWn+YtJYjVStywCKsMQ0owarnZgJVG8gP0tw81VtjAqqRlNks/JziKBL8robq6Gq1VaxH1byIRLO60ORYbwnhVX9Wrv2Jwp++S+KLP1Kf4XdTvN3HkjFfOGrntHX+N3SrrrySlqwYCE998LzSYVVXtN13732prtYPdcjj4rWPUUDgXQENvAaq6xDOmGVb5+qzioyViXMLwir8RDtna7tOUDC2HjgFUQugXXKPanKvtNvHgSPz243VeOqtFnS2IgZwcni8Byx88BrJxYFj9a6m8M8rA0S7CHBbsSMc6ztzG3EjKBf7HZTFTMSxrUzP+wetqfGNrHmWaxaux6ksTeENVaHVSsqZXVUO7NnSbbgFS8fyNaB8bM1bXw8+a12O/kb2A8TUz3FQ9pkcMFAXDDlyYhh5q8IS0Tk/2VlGrT6mujvaDECnhVW9SNk33aE571NYVZzNbzy+7Ru119HZkFfvP/lFBjOFpJi5QPc1t6YNo1uvvEmuufeKXT4EUfEmVdbW0t33HY7LWOLWz3LhNdAIMlqfW47INiTcwLZCqv8ABJrrup/M73FhlIAFm6GsBoPyOU3wnjgFTxtOexHKQ+8/NBU2a1qXJU2SxobMePhmCngea1SBEDMIGYECeTV/ZPjMYPzU3Pkqpjk47OMpHucjGIVG3mSgLeFVZPLtE0LKbzwY1YeYDFFgZWJxQAAIABJREFUKpcTscK6FCghX9ue5Gev+wcGjCNft131v7m5vTntDXruuedo0KBBNHKvkVRWVk7r162jb7/5hnYZMoQuuexSfTEsNBAQIZBOWDUEUkM4TbVoFYRVEdJp+uTjzYiqGzPVNzkS7MYDr+B8l8DazkMYhFVBv9jtJsGPiBlB6BJYOx4zDtssSNK6m8vtRsxYu1Dv4bAfpVxnHLZZkKR1N5fbjVIA1i5UGjP5+Cyj+hwi6BJ08w6BghFWoycTlspczwrr1lZGU5f5olalrMZkGftxuaBqTDm+SNWihQtp+vTptGrlKv3PrVu3pgMOPJD2HLYnE1rLvDM7cSTKCaQSVvnNaqKgqkpY5QcpZQErl9/02XngjV7rUyxeYWdWqGKialzVNzkS7MYDr+AElMDaTsxIiReV889hHoJesu4mwW7EjDVmpQ+8Kea1lJiRMD/sxLkgSetuLrcbMWPtQsRMEkYun9cqYx3Cao5jBsKqoAPQzcsECktY9bIncWwgkAGB9Te2Jn+jfudv/EUXUI2fxgWqEheqSiWy6iIp/7FRCkDfxrxBBseRixvsTM1stl0+3ozg5r25+1UxUTVuCrFF9byWMn4SJlJEIpVMCtiPEIkEZ73Dc0RKzDhssyBJ624utxsxY+3CXNz3IWYE/WK3m4R4hLAqCF0C66R7ysdnGZX3fILuQDdvEYCw6i1/4mhAwBYBLqw2LUzla/rdprAaFUeju061oFWsT5KLL4TVZDodMlZtTWaRzhJuKPHAKwKa9ZHAOuWeIKzGo3GYteAMiHVDzAgSc9iPEIkE/WK3mwQ/ImYEoUtg7fh1xmGbBUlad3O53RBWrV2o91DlRwirgg5ANy8TgLDqZe/i2EDAgkA2wqohlKYSUpNlrep/g7AqJIq4+qFX1Y2Zyps+SWPjgVfwtOrwHJESL5LmSFJCDvMQ9JJ1Nwl2I2asMSt94E0xr6XEjIT5YUfYEiRp3c3ldiNmrF2ImEnCyOXzWmWsQ1jNccxAWBV0ALp5mQCEVS97F8cGAhYENm3apL+Gb/UTFVHj+5n/Zvye7L/mvyX+bpgnJWMV3gYBEAABEAABEAABEAABEAABEAABEAABBwlAWHUQNnYFAm4jAGHVbR6BPSAAAiAAAiAAAiAAAiAAAiAAAiAAAvlCAMJqvngKdoKAAgIQVhVAxZAgAAIgAAIgAAIgAAIgAAIgAAIgAAIFQQDCakG4GQcJAskJWAmrfKtUZQKMz8x9Ev9m7NX8qn+y1/5RCgAzFARAAARAAARAAARAAARAAARAAARAIN8IQFjNN4/BXhCQSADCqkSYGAoEQAAEQAAEQAAEQAAEQAAEQAAEQKCgCEBYLSh342BBIJ5AOmGV97TKVjUyTY1+xjbm/6b73bAGGauYmSAAAiAAAiAAAiAAAiAAAiAAAiAAAvlGAMJqvnkM9oKARAIbN27UxVO/36+PmvhfCKsSYWMoEAABEAABEAABEAABEAABEAABEAABTxGAsOopd+JgQMAeAUNYTSWgQli1xxO9QQAEQAAEQAAEQAAEQAAEQAAEQAAECocAhNXC8TWOFASaEchEWOWDmAVX87+N383/Tfe7YZDKUgCRSITCEY00LfqDpp6AMT8C/qZsaPV7TbEH7vNQffQnHCLSItEfNGsCPpbJzn8CRURFpdEfluGey4Z4lkPfVTHKDilf/eo2jnJmB0YBARAAARAAARAAARCwQwDCqh1a6AsCHiPgZWE1FA5TOAwBzQ1TNhDwU1Eg4KwpXDyt30HUUOPsfr2+t5IWRKWtHBdYEc9qJ1ZOYpQdktf8miuOamcHRgcBEAABEAABEAABEEhHAMIq5gcIFDABLwqrXEzlD+to7iPAxVUuPChtPEOVi6kNTFRFhrIa1DxrlYurxeXKBVbEsxoXphrVkRhlO/e6X53i6OzswN5AAARAAARAAARAAASSEYCwinkBAgVMwGvCapi99h8KQVR185RWLjhwUbWuys0IvGNbWWsinsGqqCGeFYG1GFZ1jBaKX1VzzM3swF5BAARAAARAAARAAAQSCUBYxZwAgQImoEJY5TiNunMGWnMN1WT1VGXUWPV6BpSXpmlREctc9SvIXIWo6vw0KWvDxFWWuSq5IZ4lA7U5nKoYLTS/quJo053oDgIgAAIgAAIgAAIgoJAAhFWFcDE0CLidgExh1RBUcyGsRtgr38EgW5gILW8IFBcXkV/mQkh8caqarXlz/J4ytEW76MJWkhriWRLILIeRHaOF6lfZHLN0KzYHARAAARAAARAAARCQTADCqmSgGA4E8omASmE1UWg1uKjIWK1vCOYTdtjaSKC0pFgOC15LdcdmvrS4nPEwij0CPpZ93KqTtHqriGd7+FX2lhajzMhC9qtMjir9jbFBAARAAARAAARAAATsE4Cwap8ZtgABzxDwgrDqtVWlPTO5BA5E2gra9dVMtWGLVaHljkBpy+iCVlk2xHOWACVvLitGC92vsjhKdi+GAwEQAAEQAAEQAAEQkEAAwqoEiBgCBPKVgBeE1ULOgsrXeWe2O+tMLp6tWrXRCyjy/xhad8k6axXx7L5pkHWMskOCX9n3DrIy9N03RWARCIAACIAACIAACBQ0AQirBe1+HHyhE8h3YTXCXv0OhsKF7sa8Pv5itpCVP5uFrIJ1RLXb8pqBZ4wvb0tUXJbx4SCeM0andMNsYxR+jbonW45KnYzBQQAEQAAEQAAEQAAEMiYAYTVjdNgQBPKfQL4Lq1xU5Q/taPlLgIuqXHDIuPEFq/jCVWi5J8BFVS6uZtgQzxmCU7xZtjEKv0YdlC1HxW7G8CAAAiAAAiAAAiAAAhkSgLCaIThsBgJeIJDvwmpDMEQafxUcLW8J8MXMSoqLMre/uoItWhXKfHtsKY+An/mxVceMx0M8Z4xO6YbZxij8GnVPthyVOhmDgwAIgAAIgAAIgAAIZEwAwmrG6LAhCOQ/gXwXVlG3L//nID+CrGoPVm0i0pC17IqZ4PMTte6csSmI54zRKd8wmxiFX5vckw1H5U7GDkAABEAABEAABEAABDIiAGE1I2zYCAS8QaBQhdUZ3/9My1auoR01dVTMsiV7de9Cew8fQu3ats7YsT//uoRm/vgrBVkW7W679KdffltCF519fMbj2dlw67Yqmr9gOY3eZ3d9M358Tu7fjq3J+mYlNmzfkO3usb1MAm26ZjwaBLiM0SnfMJsYhV8hrCqfoNgBCIAACIAACIAACOSQAITVHMLHrkEg1wTsCqvcXv46o/nH+JvIf819zMfOx8ukZfLA/vmM2bRhYyUdMW6fmJA666ffqFWrFjS4/06ZmKFv88gzb9CY/UdkNUamO1+xeh198Ol3jgm5mdqZartsRBvKRFj9ZArRrJeam/PnH+QcGh9/zU9EZz8jZzy7o6Ta/+IviV6fRHQis2/AQalH5dsPO5GoYz+7eybKkbDKv9j45oef6dTjDkn7BUm6WEn3GY/vxMa/QDG+zLAPKn6Lae9+Tl07d5Q2Xrb2JG6fTYxmcp5O5M2/ABvcv4+jfPh82F5VQ7sP6S8NZzYcpRmBgUAABEAABEAABEAABKQSgLAqFScGA4H8IpCtsMqP1hBZjd/T/df8mZmUU8JqbV09PfvK/+iIg/elPr26J3UWF2jmzlukZ7O2bdOaxoweRt26dNSzQDdsqqBWLVuwbNe11LJFGR1y0N5U39Cgi5rJmpGxysXchYtXxrJj+fb8M2PME343Vt/c/O/E/Z3CBKOZc36l1es26lmxnTu2o/GHjKI5cxfq2alG42IPb9xWPi4/5k++mklr123S99+vTw8aO3qE3oeLF7y/kb07aMBOsc+cnMlZiQ2ZCqsqhU+3CquiTr17b2vxNdVYORJWX37jE92iDu1a02Fj90l5pNkIq+nOG6JoU/WDsBpPhp+bzLx5Vv60975gwuoejn15lXh+ztbHfPusznUyDMAYIAACIAACIAACIAAC0glAWJWOFAOCQP4QKDRh1Sqzkz+8v/LmJ3Ts+AN1MZVnss6dv5gmnn507PV642Gfi6WVldt18dIQKY3PzPvhY/y2aDn97rD99Uy6jz7/XhdmRYRVLpiO3HMX2nVwPyovK6UFS1bGRIV3PppOHdq20TO4Eo/LLAjw/dUHg3Q02z8XWV9/5zPaZWBffVwuXvTo3pkOOXAv/RisRGdVMzsrsUG2sPrM2SzrshvR2l+Iqln91kHjiHoNJ/r6P9HDP+ASor1OJzLE084DiH5+my3axGqLHnQp0W7HNH1mZKz+7zaiBUz4a6gh6sNEy2PvZBmtPxO9cxPRxSwTsrx9dGy+7557Eo0+j+itvxCtYBm0JS2a9sn7zHyR6Ptno7Z1G0J0yn1N2xsOsspYNTJzuV3cdt74cQ5ic/mdvza5mY9vN+s2B8Iqn/9ff/sTnXj0OHpp2kd0wlFj4rJWU32xwQ803Wfm+Z4o9BmfGbFnlP/gX14cfOBImv3TAtpUsTX2BQiPXy6etm/fRj9vGJ+N2nt3/VxjFlZTfRmSKL7yfX/61Sw67YTDaNv2avpixo/sv1WxL334uIlj7TVsSEYZmNnEaKYZq4lCtvn412+sSHq86Rgb/l62Yq3+5ZRx7jN8w780q95RQw3BMFtQL6D7yGjcltKSEvrkyx/0L934F2t7Dd/VtsibDUdV51+MCwIgAAIgAAIgAAIgkB0BCKvZ8cPWIJDXBCCsxrsvWYaSIaisWbs5lgXKt+KiBhdPrITVZGKI8dq+VcbqqrUbacLxh8SM5CLQGvY3/mDPm/EqcjphNVEQMu8z8TNu64g9B6fM5lU12bMSGzIVVhNLARgiIhc3qzcTTXyeqIYJK4+fGhVDJzwYFTW5wPqnL6LiKR/jqJujYqrxGRdKZzzRVArAEEL5eFxAffmyKEY+3mMns1fuT4oKtRXLovv6w4dEH9zFFoFitUoPYa/t11YSPXkmE2P/xrZvy7a/nG07Nfqa/tePsP38GB3L3ESEVV4W4MO/R4+T28XHOuCi6Ch5lrHK5+2AnXvrgiH/IoE3I2vV+GKDi65cQONfSPDsbf7FRrrPEud6slIAXGzjjccz/6KC/xhfnBhfzjz/6vuxLzK4nVuZAGoIv7wvF/L4OcR8nkj1ZQgvVzJzznw68+Tx+n55v+KSIj3LnO/ngP321GOXi47/++Qb/Qsh3qdli3L9CxjjixWeac9FVzstmxiVIawax8RFa36MqY43HWPjbQTzXOAM+JdOxnbmjNjE8zPvs1Ovbrqf+ZdwGzZXQli1M4nQFwRAAARAAARAAAQ8SgDCqkcdi8MCAREChSasWpUCcJuwarzOz31pZKcZogwXWUuKii0zViGsJomEdK/qG1mjXNTkzSwyGjVKecYnH2PZN0QXvNq0A6MvzzQ1Sg0kjmcewxBdL3uPiGeP1lcTHX93dJ+JjddF5eOmEoTN/UWEVS7kPnsu0WAm3PdmGbn9D2jKfM0jYdXIVjXERuOVcZ7FaWQimmuXmr+ESPelRyJ+q4xVo+xHMjHO2L+RTWmU4khlS7qY5YLiHkMH0oB+vfQMc15TdltVddJyJNymVIJwqlIoqa4buRBWzbaYM0QNbom28uMVZWycU40vuRK3458n+tKozz2gX0/qyTL97YrTfMxsOIpc09EHBEAABEAABEAABEDAeQIQVp1njj2CgGsIFJqwysEnW7yKZzK1ad2C2rZulbYUQKLQKZKxmq4UAH+1n2eg8Qwq3t56/2v9FVSewZb4UG9+7Zf35a/099uppy6s8myut97/is469UhdTLJTCsD8um1BZaymqrHqpLDKHfmvMSxl7vZoWYCznopmonJh08iENZ8tkom5yc4mIsIq345nw857n2j1HKLlrE6wef9WC1ylOos5XArAyEBNNMfI5k4nnuajsMrPJytXr9czJ7ewkgI8M9cQGo34N7OQtaheNoJgthmrRraqkU2a7nizEVYTFw9L9kUbt2Xp8rV6XeqePbrYrkmdDUfX3DjAEBAAARAAARAAARAAgTgCEFYxIUCggAkUorDK3c0fmI0Fm3hNxM6d2tMBbFEUXgPVavEq49V/0VIAfH/p6jhyIYDX8uMZWW3Z/oMNwaTCqnkc3rdLpw6xV3zNn/XbqYf+d9HFqyCsJpwA7Air2ZYC4LvmIiivv9qqU1M9U6NcAK/Fan5NfzV77f+FC5sWluJZp+tYLVheiiBRgE0mHJuzZfm2lauIBhzUVG7g8Ouj/+Zi76HXNB9X5FzpoLCamJ1qmGf+EmL+gmV6jWMZpQCSLV6VrgwHt8cs3mZbCoC/gs6z7nkd2RJ23jJe/ef7efLFd9hr6X1ir/wvXrZaL43AhWfeeB1l/qULF2b5OHZbNoJgtsIqtzWxbEOq482mFECisMr3uXjZmlg5Fv5F2E49u8Y4coHbuB6I8syGo+g+0A8EQAAEQAAEQAAEQMBZAhBWneWNvYGAqwgUqrDqpBO4ELJx85ZY3VJDIDBeXXbSFrfuKyuxQVaNVQ6Hv+JvR1jl4iVf6GrhZ/YXrzIWrDJqq5ozVHkmqbF4FbfLWPCKb2NevIovmLXPWdEareZm1H81/43XkB19AUt1ZiUO+HFykfb9O4i2rIj22p2Js0eyerG8GfViS1oS8TIFdpqDwioXDUuLi2P1VM1mmgVNWYtXJWLgWbE9e3TSX8MXLQVgLJCUyeJVxv553dQtW6vi6i+bF3PiXxb169NDz6Y0L17Ftzcv2GTHrdnEqAxhldv68hufUG+WJWpk6RuLdZmPl/s9FWM+Bp8LqRavShRWObv3Wa1a7iu+yFhF5bbYtvzLLadr1drxF/qCAAiAAAiAAAiAAAg4RwDCqnOssScQcB0BCKvqXcIFj5ks84kvmMNb2zataczoYRnV51NvbW72kI1oQ1WMqxZx3vB0dVrtWGOus2pnOzf29fnZoltM7M2wZSLAZbirnGyWWHogUyOMOqs8I9Wplk2MOulXWYxVcc2GoyqbMC4IgAAIgAAIgAAIgEB2BCCsZscPW4NAXhPId2G1IRgiTdPy2geFbrzP59Nfa864VVcQRUIZb57xhrKEVZ4huzNbOOqAizI2xTUb+pkfW9lbbd5su9fjWYboZ5Q5mHj60Y65PdsYddKvMhirApstR1V2YVwQAAEQAAEQAAEQAIHsCEBYzY4ftgaBvCaQ78JqMBSmSCQH2Yp57XV3Ge/3+6m4KJC5UTVbiUL1mW+PLeURKColatEu4/EQzxmjU7phtjEKv0bdky1HpU7G4CAAAiAAAiAAAiAAAhkTgLCaMTpsCAL5TyDfhVUuqvKHdrT8JcBFVS44ZNyCdWzxpW0Zb44NJRIob0tUXJbxgIjnjNEp3TDbGIVfo+7JlqNSJ2NwEAABEAABEAABEACBjAlAWM0YHTYEgfwnkO/CKveAk/X78t/j7juCrGsO8lIQVRvdd2CFaFHrLkSstEM2DfGcDT0122YdozhP646RwVGNhzEqCIAACIAACIAACIBANgQgrGZDD9uCQJ4T8IKwGgqHKRxGOYB8nIqBgJ+KAlmUATAOur6aKew78hGBd2wubcmUo1ZZHw/iOWuEUgeQFaOF7ldZHKU6F4OBAAiAAAiAAAiAAAhIIQBhVQpGDAIC+UnAC8IqJ48st/ycf9IyuHjWavVmIg0Ce05mAi/l0LJT1tmqMZ28IZiTw8BOmxOQFqMFfp6WyRHzFARAAARAAARAAARAwF0EIKy6yx+wBgQcJeAVYTXChLVgMAcrwzvqLW/trLi4iPxZvjYeR4QvYMUXskJzngBfsIovXCWpIZ4lgcxyGNkxWqh+lc0xS7dicxAAARAAARAAARAAAckEIKxKBorhQCCfCHhFWOXMeTkA/ropmvsJFLEFqwLZLFiV6hAbaojqqtwPwEsWlrUhKimXfkSIZ+lIbQ2oKkYLza+qONpyJjqDAAiAAAiAAAiAAAgoJQBhVSleDA4C7ibgJWEV4qq755phnXKhAeKqcxOhrDUTVVso21+hiXDKQNocWHWMFopfVXO06VZ0BwEQAAEQAAEQAAEQUEQAwqoisBgWBPKBgNeEVc48EmFlAUIoC+DG+VdcxF7/92e3arzQcQXrWObqdlZzldVeRZNPgJdw4JmqxWXyx04YEfGsHHHcDpyKUa/71SmOzs4O7A0EQAAEQAAEQAAEQCAZAQirmBcgUMAEvCisGu4s9FWo3TStc7IiNl/Iqn4HEc9gRZNHgGeolrZkC1WxBascbIhntbBzEqPskLzm11xxVDs7MDoIgAAIgAAIgAAIgEA6AhBWMT9AoIAJeFlYNdwaiUQozLJYNZa9yH/Q1BPwsYxG/hNg2al+FbVU7RwC9zlf2Ir/hFkmMxdc+Q+aNQEunvKfQFF0cSr+I3PBMWsLmvVAPGcALckmropRZl+++tVtHOXMDowCAiAAAiAAAiAAAiBghwCEVTu00BcEPEagEIRVj7kMhwMCIAACIAACIAACIAACIAACIAACIOASAhBWXeIImAECygn8+iHR/A+Itq4iWjdfr0GplbamUOdBFG7dg4IDD6bggHF6pmGqH26j+TPzv43f0/3X/Jn5ePmYaCAAAiAAAiAAAiAAAiAAAiAAAiAAAiCQTwRcI6xO/2Ee/fjLYlqweBXV1rFXNlnr2L4NDd99AB1y4Ejq1IEtlIEGAiBgn8Cc/xK9e2t0MR+LxoXW2oP/TA1Dj0sqrhrCqCGumv9t/J7uv+bPzKZAWLXyDD4HARAAARAAARAAARAAARAAARAAARBwG4GcC6ubt2ynp156nxYsYVl0rJWXlVDvHl303xcuXR3jdehBI2jCcePcxg/2gIB7CVSymHr+QqL1LDvVZgt3Hkw1J9xHWrteKTNUDTE0UWTluzJ/Zv534u+GWRBWbToI3UEABEAABEAABEAABEAABEAABEAABHJOIKfC6qo1G2nyg6/oGaqDdu5Fxx4xmgYP6B0HhWeyvvXBDNpSuZ0Jrp3p5kln5xwaDAAB1xNYN4/o8QlCWaqpjoVnr9ac/iRFug6JiauGMIqMVdfPABgIAiAAAiAAAiAAAiAAAiAAAiAAAiCgmEDOhNWa2nq6bcozVMEE0wnHjaVDDxoZO9SPv5zFxNYGXUgdttsA4n0nP/gyrV67iZUFGEGnHY/MVcXzAsPnMwGeqTr1yKxEVePwdXF14muxzFUIq/k8MWA7CIAACIAACIAACIAACIAACIAACICATAI5E1Z5FurbH35Dw4b2p8vPOz7umP74l/t1YZU3Lq5ecxnLvGPtVibE8szVm68+i3r3jJYLyLQFgyH6ad4SWrN+MzWw31u2KKO+vbvRwH49qbi4KNNhbW/337e/oLGjh1Hnjm1tb4sNQCApgQfGZ/T6fyqavCxA7fnT4l7vR8Yq5h4IgAAIgAAIgAAIgAAIgAAIgAAIgEChE8iZsGqIp/fdcQW1KC+N8wOvu7pq7Ub6+ItZep1VowQALwvA67GO2msonXc6E4+yaB+xrNie3TrRroP66KPwrNj5C5ZTCyawGn/LYnjhTSGsCqNCRxECs18hev0akZ62+tT/7k4K7XGivo0hqqLGqi2E6AwCIAACIAACIAACIAACIAACIAACIOAxAjkRVnlt1dvufTZptmoi38lTX9bF1WsuPVWvv3rhpCnUsX0b+vuNbFGeDNvW7Tvooy9m0inHjGk2As9kRcZqhmCxWe4J3LGblBIAiQcSbt2dNp7zFoTV3HsYFoCAqwkUFQUoFAq72kYYBwIgAAIgAAIgULgEcK9SuL7HkYOAKgI5EVYXLF5F9zz0Ch1z+Ch9wap0jWeS8pqrvAYrz2w1hNZHp0zKmAkf892Pv6XDxuxF7dq0TDnOoqVraP7C5XqpgC6d2tFolinLRVcju9UoI2D+bFPFNn2bzh3b0SImCA9ki3LxDFg+1qJlq2lHTR21a9uKhrK/9WAZszxjdejgvrR81Xr9M/NYGR8gNixMAvM/IHoh8y8crKBVHX0f1fc/GBmrVqDwOQiAAAiAAAiAAAiAAAiAAAiAAAiAQEEQcL2wmugFGcIqH3P+whU0j73636t7J+rUoR31ZP81lyRYy2qvzmN9xo7aUxdTuTC6bXs17TVsMPGMV/57n15ddfO+mTmP1Wgtpz123Zm4sDrjh1/0MgN7svqxfFs+1o+sniuvpcr3wbevqamNCavchr32HKz3NY9VEDMQBymPwGtXE815Vd54CSPVDTmWqg+/E8KqMsIYGARAAARAAARAAARAAARAAARAAARAIJ8I5FRYPeTAEXTa8eNs8brujkeptraO/n3nH2xtl6wzzzxds24zrd2wmTZu3hqXLfrFNz/pC1nxrFKj8ezSZOUDuHC6aNkaGsNEWC6sfj7jx7h+fCy+MJYhxJptSayxygXfTRVb9bHQQMAWgcdOIVr+na1N7HQO9hxJ205+CsKqHWjoCwIgAAIgAAIgAAIgAAIgAAIgAAIg4FkCORFWOc1MaqXaqc1q12O8turMnxZQcVGRnpXKF7fauq262TBcWDVKAWxkAih/fZ83/gp/KmGVjzVs6ABWHqBts/EgrNr1FPqnJKCovqqxP620NVVcMgPCKqYgCIAACIAACIAACIAACIAACIAACIAACDACORNWn3jxff219wnHjdXrp4q0qU+8ob9Sf+5p42n/vYeKbGKrjznzNFnGqjEYt5s34/X9Fas36DVSkbFqCzc6yyZw406yR2w23uYrf4awqpwydgACIAACIAACIAACIAACIAACIAACIJAPBHImrPIFqV5+83MqLyulay87lXr37GLJ660PZhDPWr38vOMt+6brwGuc/jRvMauBOiC2eBXPQp3OaqP27dWNLTjVk7hYupAtPmXUWOUZrWs3VOiv88/8cQEFQyEaxRaz4n+f0Si0phJW+Vi8nqtRY5Xva+u2qliNVf53I5sVpQCycm1hb3w7+7Khvkozs7DCAAAgAElEQVQZA62kFVVc+g2EVWWEMTAIgAAIgAAIgAAIgAAIgAAIgAAIgEA+EciJsPrSG5/RJ1/NjnHi4uqxR4xmmasjmrHjIqR5USlZcI0sU15blbeWLcr0Oqi7DuoT2wUXOXkmKn/dn38+sF8vXXQ1xFS+rfF3Xqc1lbDKB+RjLWJCbQMTYtu1bUVD2X54/VaUApDlUYxDqLGKSQACIAACIAACIAACIAACIAACIAACIAACjhFwVFjlIumDT75JC5asYpmqJTTh+IPpZSay1tbV6wfcsX0bGr77ACaklun/XsmyUxcsXkU7sWzWa1hWKxoIgEAaAq9dTTTnVWWI6oYcS9WH34mMVWWEMTAIgAAIgAAIgAAIgAAIgAAIgAAIgEA+EXBMWOWv8E9lompF5XYatHMvmnj6kXTPgy/r/+Z1Vleu2aTXXE1sXICNZrOK1WHNJ/iwFQSkEpj/AdELF0od0jxY1dH3UX3/gyGsKiOMgUEABEAABEAABEAABEAABEAABEAABPKJgCPCKhdVJz/4ip6ZyuuSnnf6eJo89WW9hukhB46g044fpzPjGa28r7kNHtA7n3jCVhDILQFFdVbDrbtT5Xkf6sfm8/liP+Z/G7+n+6/5MzMoPiYaCIAACIAACIAACIAACIAACIAACIAACOQTAeXCqllUPfe08bT/3kPJqLHaq0dn+uuks/OJF2wFAXcTmP0K0evXSLex6rDbqH7XEyCsSieLAUEABEAABEAABEAABEAABEAABEAABPKVgHJh9bo7HqUt7HV/Q1Sd/sM8euql9/Uaq3+/8SIlC1PlqzNgNwhIIfDAEUTrf5UyFB8k1GkQVZ7xqp6lyhsyVqWhxUAgAAIgAAIgAAIgAAIgAAIgAAIgAAJ5TEC5sHrhpCnUm2Wm3swyU82i6rWXTaDebFEqNBAAAckEKlcRPTCeqL4q64G1kla05fRXKNK2F4TVrGliABAAARAAARAAARAAARAAARAAARAAAS8RUC6sGrVUubi6au0mPVMVoqqXphCOxZUE1rGF4B47NStxVStuRZUnPU6hzrskramamMHKOZj/luzf5r+ZuaHGqitnEYwCARAAARAAARAAARAAARAAARAAARBIQ0C5sMprrPKaqnyhqg7t29AVE49DpiqmJAg4QYBnrj5/QUZlAYIdB9LWo/7FMlV7pnz1H8KqE07EPkAABEAABEAABEAABEAABEAABEAABNxKQLmw6tYDh10gUDAE+IJW794qlL0abtWNqva5mGp3OS5OUDXqqnJmqLFaMDMHBwoCIAACIAACIAACIAACIAACIAACIJCGAIRVTA8QKBQC8z8g+pX98EzWdfN1oTVS3JIaOg6icOseVNdvHNXtPDapoAphtVAmCY4TBEAABEAABEAABEAABEAABEAABEBAlACEVVFS6AcCHiSwYvnatEKqOTs18dV/lALw4ITAIYEACIAACIAACIAACIAACIAACIAACAgTgLAqjAodQcB7BCCses+nOCIQAAEQAAEQAAEQAAEQAAEQAAEQAAFnCEBYdYYz9gICriQAYdWVboFRIAACIAACIAACIAACIAACIAACIAACeUAAwmoeOAkmgoAqAhBWVZHFuCAAAiAAAiAAAiAAAiAAAiAAAiAAAl4nAGHV6x7G8YFAGgIQVjE9QAAEQAAEQAAEQAAEQAAEQAAEQAAEQCAzAhBWM+OGrUDAEwQgrHrCjTgIEAABEAABEAABEAABEAABEAABEACBHBCAsJoD6NglCLiFAIRVt3gCdoAACIAACIAACIAACIAACIAACIAACOQbAQir+eYx2AsCEglAWJUIE0OBAAiAAAiAAAiAAAiAAAiAAAiAAAgUFAEIqwXlbhwsCMQTgLCKGQECIAACIAACIAACIAACIAACIAACIAACmRGAsJoZN2wFAp4gAGHVE27EQYAACIAACIAACIAACIAACIAACIAACOSAAITVHEDHLkHALQQgrLrFE7ADBEAABEAABEAABEAABEAABEAABEAg3whkLaxWVlbm2zHDXhBwPYH27ds7YiOEVUcwYycgAAIgAAIgAAIgAAIgAAIgAAIgAAIeJJC1sOpBJjgkECgYAhBWC8bVOFAQAAEQAAEQAAEQAAEQAAEQAAEQAAHJBCCsSgaK4UAgnwhAWM0nb8FWEAABEAABEAABEAABEAABEAABEAABNxGAsOomb8AWEHCYAIRVh4FjdyAAAiAAAiAAAiAAAiAAAiAAAiAAAp4hAGHVM67EgYCAfQIQVu0zwxYgAAIgAAIgAAIgAAIgAAIgAAIgAAIgwAlAWMU8AIECJgBhtYCdj0MHARAAARAAARAAARAAARAAARAAARDIigCE1azwYWMQyG8CEFbz23+wHgRAAARAAARAAARAAARAAARAAARAIHcEIKzmjj32DAI5JwBhNecugAEgAAIgAAIgAAIgAAIgAAIgAAIgAAJ5SgDCap46DmaDgAwCEFZlUMQYIAACIAACIAACIAACIAACIAACIAAChUgAwmoheh3HDAKNBCCsYiqAAAiAAAiAAAiAAAiAAAiAAAiAAAiAQGYEIKxmxg1bgYAnCBSisOr3+4j/+HxE/kD0dzQQAAEQAAEQAAEQAAEQAAEQAAEQAAF7BCIRjcJhjYj9n//OfwqtQVgtNI/jeEHARKCQhNWiIj8VFTFBFUIqYgAEQAAEQAAEQAAEQAAEQAAEQAAEpBPQhdaQRqFQRPrYbh0QwqpbPQO7QMABAoUgrOqCarFfz1BFAwEQAAEQAAEQAAEQAAEQAAEQAAEQUEtAY4mroWCkIARWCKtq5xJGBwFXE/CysMqF1JKSgP66PxoIgAAIgAAIgAAIgAAIgAAIgAAIgICzBCKsTEBDQ5i40OrV5piwumDxKvr4q9n04y+LhVj27tGZDj1oJI3ee6hQf3QCARCwT8Crwiqvm1pSyrNUIaranxXYAgRAAARAAARAAARAAARAAARAAATkENCYqlpfF2HiqjfVVUeE1ek/zKOnXnpf90iH9m2oE/tJ12rq6mn12k16Fy6sTjxtvBxvYhQQAIE4Al4UVqOiagCv/mOugwAIgAAIgAAIgAAIgAAIgAAIgIALCHBNtaE+7MnFrZQLqzxT9Z6HXqHyshK69rIJ1LtnFyGXbt6ynaY++YYusB5z+Cg69ojRQtuhEwiAgDgBrwmrEFXFfY+eIAACIAACIAACIAACIAACIAACIOAUAa+Kq8qF1alPvEE/zltCN199lrCoaji1praerr/jEfZPH/37ziuc8jX2AwIFQ8BLwip/67+0rAiZqgUze3GgIAACIAACIAACIAACIAACIAAC+USAi6v1dSFP1VxVLqxeOGkK9WL1Uv866Wzd16vWbKQZM+exLNTR1KK8lHiZgC2V2/WsVC6kvvzmZzRstwE0nP3w9sSL79M3rH8mwmw+TS7YCgK5IOAlYZW//h/AQlW5mEbYJwiAAAiAAAiAAAiAAAiAAAiAAAgIEQiHImxBq4hQ33zo5IiwOmjnXnTt5RN0HkYG64TjxuqLU3Hhlbf77rhCF1152QBz/zlssasnX/wf3TzpHOrUIX1t1kyB33bvs/qmXLy1aguXrKbJD75Mj06ZZNW12edvf/gNvfXBDL0kwqD+vWxvjw1AQDYBrwirRUV+Ki7xy8aD8UAABEAABEAABEAABEAABEAABEAABCQTCDJhNcQEVi80x4VVXjv1x18WsUWpdtMzVrlwypuRofrxl7NocP/etssGZOoMLpQ+wMoV8HbFecdbCp7ZCKsVLDO3gh0/z+Dlx44GArkm4BVhtaycL1bFagGggQAIgAAIgAAIgAAIgAAIgAAIgAAIuJqAxmoC1NWGXW2jqHGOC6uihhn9+OJXHTu0VZat+tRL78eZdO5p49OamI2wavfY0R8EVBPwgrCKbFXVswTjgwAIgAAIgAAIgAAIgAAIgAAIgIBcArwcAC8LkO/NcWGVZ6S+9cE3dPnE42jwgN40eerLVFtXz171j9ZgNRqvvfryG5/pn/HWm2V5XjbxeKkCK88gvf6OR+nvN16o74P/zksSmLNJV63dRE8y8ZWXKejdswuN3muoXgfWKAXASxlMOG4cffLVLOLZuPyY+L95Hy4K8/IF17BX/zu2b0OJoqyxLa85y8fnffkx8mNFAwEnCHhBWC1ltVX9qK3qxHTBPkAABEAABEAABEAABEAABEAABEBACoFIWKP6+vzPWnVcWDUWo7qMCav89f/rmJhZW1vHxM2LYoImFyR5rdXyshK9DisXLPkCVlxwTBRgs/Emr3nKBU1uC28PPvmmLp7yhbR444tpcbF1xO4D9NIFNczOtxq3MQurfJvTmJjKP5/KxuACKRdXW5SXMVH2f3ppA54Jm0xY5dsey/bH+77ExNhOTIA17Mnm2LDt/7P3LlBWVWe+76yi3iAoL7uVwrQg5AbsIGqnLaPR9pnuK5DbtwG7h17xXM5tgSQ9BE/0aGNi9GgO4u0YwTuaM8Q2tyPQo0fz6E6MYnxFvGmD0i1kBARPYhE74SUgUFU8qu78r2LurNrsx1p7r732Y/3mGErtvefzN+e39lr//c1vQiAIgWoXVrX9X2EASBCAAAQgAAEIQAACEIAABCAAAQhUFwGFA1BYgGpOsQurguW8P514qX/9XqLugKtH75+b8lDVoU8SQhfdNdPzCo0ifeX+pwbEVZXwKSFU7SptsfFfJZT6vVg3WU9aebD6hdU5VjTtuHySV0aCsMRRF1JgzfpXzYdWvFW/Mwmr/rIa30uvbTZPPrIgiuFRBwTyEqh2YZUwAHmnmAwQgAAEIAABCEAAAhCAAAQgAIGKJFALh1jFLqzKC3S33V4/YdwYb1LljaokL0+XFB5AW/D9AqPzYp01/RrPi7XY5ATSTPU4sVNCpwRdJ6IqbyZx9B671d+NR8KqPFSd16vq2L6rM6uw6i+bqb1ix0l5COQiUO3CalNTvRnUUM8kQwACEIAABCAAAQhAAAIQgAAEIFBlBE7aGKsSV6s5xS6sulAA8ui80np5fuX+79g4qscHeIW6PH7vVOfFuvju27zt+sWmh574rvm09XydMmn8gKq2bNuZ8jB1HquKwaoYqUqZPFYRVoudDcqXi0C1C6vNLTa+an1dufDRLgQgAAEIQAACEIAABCAAAQhAAAIFEujttXFWu6s7zmrswqoOpdIBVndaYVUC6Sp7QNX+A4fM/DtnpKZBXqwPLf07T3CV9+c++7kOmpoyadyAfAXOW8rr1C+YurrcgVaK5SoxVTFWx45RHNQOL4aqDqVS//yhABBWC50JypWbQLULqy2tDcaGWSVBAAIQgAAEIAABCEAAAhCAAAQgUGUEFF9VcVarOcUurAaFpTis2oa/ZdsuM9wKnDroatpNHQNisQatKz3fszZGqkISZDskSodYKearvGoVkkAxVV1c2I7LJnniKsJqofQpV0kEql1YbW1rqCSc9AUCEIAABCAAAQhAAAIQgAAEIACBEAS6jp0MkbvyssYurEqglFh63VVTPfHyXXtA1H7rAXr91VMrjw49gkCNE0BYrfEJZngQgAAEIAABCEAAAhCAAAQgAIEKJoCwmmdy5i5caiZcOMbcM3+Wl1MHU+34YLfnDaoYq/pcyX9AlF47AVaHVrVaAVYhAaZYr1X/IVcVvC7oGgSqggDCalVME52EAAQgAAEIQAACEIAABCAAAQjUJAGE1QDCavt5o4xiljrBVF6q1199qc9j9ZD32iV3eFV61a0tzWbWjGs9QZYEAQgUTwBhtXiG1AABCEAAAhCAAAQgAAEIQAACEIBAYQQQVvNwW/bMWm/r/+K7b/MOq8qXFFd1w4tvmTFWjFVMVcVW1WFR23d1mtVrf+QdaBW0rnxt8TkEkk4AYTXpK4DxQwACEIAABCAAAQhAAAIQgAAEykcAYTUPe23lf/zpNUbepvfMm5lTXNWBUvc+vMLb+v+g9XBVDFZ/cnVNmTTOzL9zRvlmnZYhUCMEEFZrZCIZBgQgAAEIQAACEIAABCAAAQhAoAoJIKwGmLQ3395mnl31gpdzxDlDbZzUYQNKTZk8zgsF4ITTW268wvNWzZS+ZoXXAx8fPiMma4BukAUCEEgjgLDKkoAABCAAAQhAAAIQgAAEIAABCECgXAQQVgOSl2i68fXNXliA9OQOt9KW/yXLV5s77cFWE8e3Z6xZoQIUo1UerSQIQKA4AgirxfGjNAQgAAEIQAACEIAABCAAAQhAoNwEent7zYmTp8zJU6dM76lec8q+VhpUX2/qB9WbhkGDTGPDIFNvX1daQlittBmhPxCAQGACCKuBUZERAhCAAAQgAAEIQAACEIAABCBQUQQkqHb3HDfHT5wM1K+mxgbT0txUUQIrwmqgqSMTBCBQiQQQVitxVugTBCAAAQhAAAIQgAAEIAABCEAgN4ETVkw91t1j+vr6QqGqq6szbfYcpEYrslZCQlithFmgDxCAQEEEEFYLwkYhCEAAAhCAAAQgAAEIQAACEIBA2QjIQ/VYV3dR7be1thh5sJY7IayWewZoHwIQKJgAwmrB6CgIAQhAAAIQgAAEIAABCEAAAhCInYA8VY8WKaq6Tg+24mq5PVcRVmNfQjQIAQhERQBhNSqS1AMBCEAAAhCAAAQgAAEIQAACECgtAcVU/eRoV+jt/9l6pbAAQ4e0Gf1broSwWi7ytAsBCBRNAGG1aIRUAAEIQAACEIAABCAAAQhAAAIQiIWAtv8HPagqaIcUDkBhAcqVEFbLRZ52IQCBogkgrAZDOHfh0owZJ45vN4vumhmskpC5XJv3zJtlJowbE7J06bI//vQas31np5l2U4e55cYrAjV0rKvHrFn3innnvZ2mywZXr7QxpQ9iw4tveW91XD7JjDhnaKAxkgkCEIAABCAAAQhAAAIQgEApCchb9fCRYyVpQl6r9fX1Jak7X6UIq/kI8TkEIFCxBBBWg02NEzklJvqTRDeJb6VItSSsrln/qnnptc1m5PCh5pKLLzLXXTW1YgTLTJwrlX0p1hl1QgACEIAABCAAAQhAAALVQaDn+AnPUaUUqbWl2TQ3NZai6rx1Vr+w+uTgPm+U/f//bfK97jM21kKOzzOWz1KnV5dLYesstk/p7Z3uY0X1yfZxQH/yzE1J5i7DvORkFLKPBa2nsH3KMteRrvEo+uTvUOtZpn70BaZu1FhTf+6nzKCLLjeDPnOVqWsdkvdCVGgGhNVg5JzQtmLpwmAFIshVqeJeIR6rDz3xXdP5qz0V6alaqZwjWEJUAQEIQAACEIAABCAAAQjUEAEdWKWDq0qRdICVDrIqR0JYzSaSZhHbKkrERFjtn70AAjfCagScMom9+a5agxpM/fjLTMPvX2sG2f/qx042dRG65yOs5puA/s/zCavu8yut96rb7q6/r7v6UrNy1QueqChvzXlzZpj280YZbTVf/8NNpv380Wak9Xp9d+tOo18Ib/jCpant9emCX+dHe80GW0Z5lVR2mt2KP2Fcu/nmE8+ZfQcODxAun7Xtvvn2NjNr+rXm+qunem1uenurl09l58y+2euLkr9u9ePzn5tsZk67JiOcdGHVvb5k8niz7+PDqbHOmf1Fr/yS5avPqEcCdbbxTLH1+Jmrn6vWvmIGtzVb7+DJKW5trc1eSAJxVVtbtu00P/7JVu8XXHF0/d9kGWz66TYvr+OmOrtseIJsfQvKPr2vmvPtuzo9xgoToXYIJRDMxsgFAQhAAAIQgAAEIAABCOQm8IkNA3DKhgMoRRpkdYazbDiAciSEVUc9oIcgwmraMs3n9ajsAYTPAbVG7dmb7kUbcK7L2qeQfSybF22Iq1bdqHbT9L/fZxr+cEZk4irCarAJyBYKYKIVNRX/1H0uUXLqxeNT4qpq94ttEh/nzZmeElb1uQQ4iasSQZUkxim8gF/cG2MF0HsfXuGJhun5Fa9UYp6EWrV1hy2vmKZffeApT6x98pEFA4TcT9v23n3vfXP0WI957IG5XpuqW0l9V1mJt9liqGYTVt1YJa46wXOR7ZuETfXNfT5i+DAvFECu8aQzVdmxY0Yb8XZ1iYOSE0wlsOpzx3Hxwts94VgCs/o01orJx451e58rb7a+KW5sGPbpfZUoLb4SV918BFtl5IIABCAAAQhAAAIQgAAEIJCdwMHDR0qK5+yhpdstm6vjCKuOTkAhC2E1bTkhrPYDKUA8DrWW8rRRDcKqWzn1v/dZ0zTzv5qGyV8o+qKKsBoMYbbDq5z46D6fb0VTeTE6b1EnrO3YtdvzjnSHXfk9VhfffZvXCfeey+MX9z60Hq+r7eFP8jR1+V3cUrUx03qlOqHy2w8vMC+/8Y4nQLr+feX+p1KenBJb9x84lPJmVduubgm/SvJslfAqUTY9ZRNWnZeoE3VVzoVOSPcA3fj6OznHI3HYlXEet35GjsN+K5g6UVgisbxDXf/cAVnqj8RdF4vICbPZ+qZ2wrD399XN/xYrTC9buS4138FWGbkgAAEIQAACEIAABCAAAQhkJ4CwWpmro66PGKsDY5oWIPC5qS2JOKfKK61PAUX0AUs+bi/akH0sydzlm7dirglDzjEtC/7WNEy6qphaDMJqMHxBQwE4Mc+JpE7YzCasOhFVvUjP4xf3nEeq34s0Pb9/6//Lb2xOeaRqy3wuYVhtO7ExnUammLLZhFV/39J5pQur6XzyjV9eoX5h1c8tva10YdWJyuljc3OV7/CqIOzT60ifm2CrjFwQgAAEIAABCEAAAhCAAASyEyAUQGWuDoTVfNvc84ljpRYMEVb7LSefZ2++ecrDseqEVY2nrt403brYNH3xLwu+uiCsBkNXKmHV74Eqr0rFYy3EY1Vek37vTY3Kvw3diYvOq1Ofy5NToqvzHk3ftu4+TycUhbAaxmPVCaCFCKsqI09hbf3/67tv98abLoI6Nv52CvVYdXUgrAazK3JBAAIQgAAEIAABCEAAAsEJcHhVcFZx5kRYRVgN5BHL4VWZxd0Bxhp2LUVh6fZwq9bF/2wGXTiloNoQVoNhyxZjVVvP0+OhyrsyqMeqWncxU92hV4XEWHUenc5rVfX6RVTXH3cw1b79h8zP7WFODy663YvD6o93qlik+mysjU8qwbYUwqpE26AxVosRVv2xaSUcf2gPANNBYkqu3uV2y75iykrkViiEYmKsIqwGsydyQQACEIAABCAAAQhAAALhCfQcP5EKcRa+dO4Sei5sbmqMutpA9RFj1WEKuPU6VFzMHF6IkXgYqu9hxbBS9ym9P6f7OGA15vPOLLUXbcC5ztbnSOYu7Lzl4Vi2PgW6zOTOVDdijGn9+vdN/dmjQ9eGsBoMWbat9Jm8S8MIqxLzJGDqQCV9kSlOqYQ9pSAn08+2sVWdqKoy2bxP9ZnEVcVO1aFK7pCtW27q8OKSdlrBcYONySqBUUn9ut4eMCXROD1F4bGqOjO16R9Ppi366XFo/Zxc2IL0UACKd6oYshq3+L702mZvSP4YrBKk3dhVT1j2hAIIZkfkggAEIAABCEAAAhCAAAQKJ9Db22sOHzlWeAU5Sg4d0mbq6+tLUne+ShFWHaGAYhvCatqSyrfFXdlDCKle7QirZzLLw7GahVUNbdCnO0zLff9gowMMynfNGvA5wmooXJFlziQQRlH5fY+s8ATExQtvN+1WsCVBAAIQgAAEIAABCEAAAhCAQO0QONbVbY6fOBnpgJoaG2zYtJZI6wxTGcKqo1WssDp0bL8YdvjD3/IvtXfoabGtosRePFb75z+AmBxq3vLUWe3CqobXPO9p03jFl8Jcvzi8KhSt6DKXQlh13qr+g52i6zE1QQACEIAABCAAAQhAAAIQgEC5Cchr9ZOjXaavL5MIF753dXV1Rt6q+rdcCWG1WGG1/fOm/otPGzPsgv6aDv3S9H7/LrtP9Mc5xbVIhLDTYlsoga7UYi/Cav86QFgNfU2rG3G+afvvb5q6puC/NOGxGhozBSAAAQhAAAIQgAAEIAABCEAAAmUjcMJ6rOogqyjSYOup2mg9VsuZEFaLEVbPGmvq7/ix6Xv/X0zf5uWemFZ32TxTd9GfmN6Vn7ciq897NU1sQ1j1Lfu4xd6A3skDDDPu8AQh+xjJeiok7mvEV6+m2X9tmv5kfuBaEVYDoyIjBCAAAQhAAAIQgAAEIAABCECgIggoHIDCAhSTtP1fYQDKnRBWixBW625+2tRZT9XeVX/cX8tpMaz+1u+bPuu52vcv1nPVn6IW5063icdqmhnli/saUrT0z20/cutiHsAjNdvcu/pCzZtvfaXqjXo9VYCwWj/uEtP29R8Evi4irAZGRUYIQAACEIAABCAAAQhAAAIQgEDFEJDn6rHuntBhAbTtv80enlxuT1UHEmHVkcgntjUPM2bqPGMUS9Vu8+/b9j1TP8sKqJ1vmL43H+2v5XQddVfeZ+rGXmV6v/fHpu7iv7BHVF/pea/2vW1DBvQcOp21OHFu0AP99QxIB20Ygs0rTe+bf2Pqr/u6qb/yr7y/ezd+3Qy67Z9M3QUd5tTzf276dr7822Kn+zzodvv5iHHmxBOfHVhnAQLiAMHQxyVVcYg6YxExQ/Yxlj7lW49pfS5bn0pwSW77m82m3oYFCJIQVoNQIg8EIAABCEAAAhCAAAQgAAEIQKDyCCjmanfP8cAHWslDtdWKquWMqZpOEWHVEcklZFlRte72N21OK4buec+Y8X/Sv/VfYqtNfT847ZnqPFa/9Lzp6zloTPehfmH1Qxtv9dyLbcY+0/uMDRFgxdVihTBPWP31FtO365X+umyqn2g9Z8+5wJx85NzMwuqF13r5T33Xd0CQwheMv84MuvV7xhz5DcJqtvVQCd6h5Q6ZEE1s6bxX8ua5f2Mar56dN58yIKwGwkQmCEAAAhCAAAQgAAEIQAACEIBAxRKQwHri5Clz8tQp03uq15yyr5UG1deb+kH1pmHQID21m1QAACAASURBVNPYMMjU29eVlhBWswlpnmJ6+kPrqVp36XzT93cdVjA9bOom/YWpswdWKQRA/Wzrtfqjr1mh1Xqjuhirf/SY6X3efqaQAPYgq773/t4TYevnvGm9Vpebvp/a/4rcTi5hte+DH5nev/9SSlitm3KbGXTLdzwvVaUzPFatsGpO9phTq3xeq7bPnrfqOPvZwQ8RVrOtB4TVM8MflOhq1nDln5mWv/xOoNoRVgNhIhMEIAABCEAAAhCAAAQgAAEIQAACJSCAsBpAWK3r+K/GjLNeqs9d2S9itn/eCwPQ+2S7PajqfzV1Vkh13queN+rL95q+D98w9X+51RNYPY9VCZ0SVnf8s+n78aOlEVbHWc/TP//H3MLqkT2m7zfbUl6rdSrjeav+2vawDmEVYfW3l5l8IRtKcEHy7OTTV5i2+/8pUO0Iq4EwkQkCEIAABCAAAQhAAAIQgAAEIACBEhBAWA0grJpRF9tQAJtM36b/1i+Y/tG3rAZZZ3qftbFTR9st/sMvMubsC/tr+vgDYw6874UMqL9D4QPs9v+NX/NirtZ9/r+a3qcn98dbLYHHasP/+artz//ieaTWfeqqjB6rvT+28Vf/8K6U16oXe3XEhaZv/wfEWPUbWCVuu6/EPpXgolT3O+PM4CWynfwJYTU/I3JAAAIQgAAEIAABCEAAAhCAAAQgUBoCCKtBhFXlGW89U6+1gurpw6t6X77HxjH979Z79arMM2MF2N6N/8XU37DE83A1hz80vS99zZj3/8XLH4WwekbDp3pM77v/r+n9/sKsMVZPfv1s0/BX/+YJqb1vPWUGzf6e6f3/njZ1v/tZhFWE1VRYidOLdOASiynGqmk9ywz5W/vjRICEsBoAElkgAAEIQAACEIAABCAAAQhAAAIQKAkBhNUgwqoOqZr053a7/9mpSaizQqu2zvf+4C/7D7TqV0v7k/Virf/j/8d7Q1v/U8keZtX3nt12X4rDq7oPmt5NNraqO0Druq9n9FiVsFp/vf3Meq32ffSuqWsbbk5+5w/646yOGEcogGzrgRirscVYRVgtybWeSiEAAQhAAAIQgAAEIAABCEAAAhCImADCajYhzQmlCgNg46kae2iVtvCnkvVC7f2nW43Z2e+B6iW/R99Ff2Lqv/S8MZ398VW9JG/X5qGm93s2XuuerWcKVfliWvo+z3R4lb8P9TmEVeWT16o5+wJzat2XTd8730VYDcG+WG9jN09ePdnWXybvUEIBnHH5w2M14m8EqoMABCAAAQhAAAIQgAAEIAABCEAgMAGE1WzClt63QlbddCuO6s91VkS1r50YVr/osOldZQ+m8gunfuFLB1zdag+48h1epfL1f9pf36l/tB6wIcQ8J8a57hYrrNZf+Vem7lwbj/Uf/y+vSjxW02ymEkXMSuxT4EtN8IwcXhWcFTkhAAEIQAACEIAABCAAAQhAAAIQKB8BhFXHPouHYN3CT/pF1Z12S38EwqqRJ6sVV089ZsMLlFFYTS25031AWEVY9a/vdCE/4+sSXbcaOv7UtNy1LFDteKwGwkQmCEAAAhCAAAQgAAEIQAACEIAABEpAAGE1iLC6Rp6pb0QjrI61nqx//v2ihVW/MBpqS3ncXo/qaBECcizb7kP2MZY+JTgUQPMdj5nG6+4IdLlDWM2P6Td7D+bPRA4IQAACEIAABCAAAQhAAAIQgECNETh31G/PSirV0BBWEVZ9Gq2N+VmECOpV5PPq9Yu/AxZwiDZiETERVvunJ33u8s1Tia5Kbd9+19QP/91AtSOsBsJEJghAAAIQgAAEIAABCEAAAhCAAARKQABhFWEVYRVhtWKE1fpxl5i2r/8g8KUOYTUwKjJCAAIQgAAEIAABCEAAAhCAAAQgEDEBhNV8wuqC3Ta+6gbTt/XvT3v09Reon/0D0/ejr5m+Pf/+2ynxefjVjf59U3fdt0zfyzbPb07n0WFYv/8Xpm7CLebU/z22eO/Q04IgoQDSrCKDp2VORgirFSOsNs3+a9P0J/MDX+YQVgOjIiMEIAABCEAAAhCAAAQgAAEIQAACERNAWM0jrJpJVgi99lvGNNvDpqJIPYdM38Z7Te9730NYzcbeJ4wSCsC36OKOjxtzKIC64eeZtiWbTF1TS2BLQ1gNjIqMEIAABCAAAQhAAAIQgAAEIAABCERMAGE1n7DqBx42BmWphTD1rdL6RIzV/hWTT5QMO2956oxFgM50oFaEF6TmeU+bxiu+FKpGhNVQuMgMAQhAAAIQgAAEIAABCEAAAhCAQIQEEFYRVlPLqSTiXECRccCaxmP1TGG2xoXVQZOuMq33/kPoSxvCamhkFIAABCAAAQhAAAIQgAAEIAABCEAgIgIIqwirCKshxd+SCND5PFxrWFitG3G+af3GC6Z+2KjQlzWE1dDIKAABCEAAAhCAAAQgAAEIQAACEIBARAQQVhFWEVYRVvvXQCHhCYq9EA1qMK0P/osZ9HufLagmhNWCsFEIAhCAAAQgAAEIQAACEIAABCAAgQgIIKwirCKsIqyWTVht/k9LTeM1f1HwpQxhtWB0FIQABCAAAQhAAAIQgAAEIAABCECgSAIIqwirCKsIq/ELq0POMS0L/tY02NiqxSSE1WLoURYCEIAABCAAAQhAAAIQgAAEIACBYgggrCKsIqwirMYqrNbbbf8tX/4fpn5UezHXLq8swmrRCKkAAhCAAAQgAAEIQAACEIAABCAAgQIJIKwirCKsIqzGIqzWjWw3TX/6X0xDx/9m6uoHFXjJGlgMYTUSjFQCAQhAAAIQgAAEIAABCEAAAhCAQAEEEFYRVhFWEVZLKqzWT/icafjDGabphjkFXKJyF0FYDYd07sKlZxSYdlOHueXGK8JVlCX340+vMRPHtUdWX9hOaXzz50w3UyaPTxXdsWu3WbJ8tVmxdGHY6sgPgaogkAS7vmfeLDNh3Jgz5qPc15yqWCB0sioJ1Lpd55uUTW9vMyOHD8to950f7TUbfrjJvLt1p1dN+/mjzfVXTTUdl0/yXm948S3v7xHnDM3ZzP6PDxu1E9U9UL4x8TkEZNfZvs/y0Sn0frbQcvn6w+cQgMBAAgirjoc9Ef2MlP5e2FPTM5T/bXN13insA1LY1ypcaX1K78/pPhY6zj4TAad8jEL2MZY+BVyPka6nfJwy9ck/sa1nmfrRF5i6UWNN/bmfMoMuutwM+sxVpq51SMmuuwir4dAWc0MXpKVyixwaX2tLs7ln/izTft4or8vcUAaZOfJUM4Ek2DXCajWvUPpeCIFat+t8THLdT9z3yAornE5OCaL6nt/4+mYzz/6wqhSUHfcH+WaBz6MmEHRtZmq30PVaaLmox059EKh1AtUvrPb15ZN7an0OGR8EEksAYTXc1Ge7oXM3XfJeXW+9QCROLrhzhln/4iazfWenmTi+3cy7Y7ppa232HlhmTb/WvPzGZrPvwGFzpfUKmWlf6zP/g5A8SlauesF0/mqP9ToZah+AOjwPkvSHJbX91DNrzWMPzDXyHvGXmTdnhieQHuvqMc/auuSdor7NnnFtyjPFT0B9u8R6q+6z9Sy6a6bXJ/8NpepZs+4V8857O01Xd8+AcalfI613y/ZdnalxTbDet6vWvuI14W9zzfpXzY9/stWr44YvXGpmTrsm3ESQGwIREkiCXTthVdeV5SvXejaq65JsWjaPx1mEC4qqKoJApdv1Vx94yvv+c9+Fc2bfbHb/x17z0mubve989/0tmJm+M913s+4ndN/h/55N99ZN33GSaXeKyrs63QS6e5dM3/svv/FOql3l1/2Pku4BdP+gJM9X99p/7dH41G//7piKWDR0ouIJ+O1af2vdbXp7q/ed5r+f3GLvd1fb+1W9r/U2Z/YXvbG5HVj+tZm+Vp3NyRZ1zzz14vHmTeuZ7eyIe9iKXyZ0sEoJIKxW6cTRbQhAgMOrwq6BTFsLJVi4mzU9KFx/9VRPxNRN2OKFt3vCprxDrrvqUu8z1eEeVlROgqQTNvyiqb+MHkgeWvqcV9/+A4e8m8VH75/rtau22tpaPHFSZXTzqC2/KrNk2Wrz5CMLvDwj7JZAiScSUr75xHMDHtocB3fDqptU5ZP3Svov9bpZdQ9Dy1eu87YQql71XX3767tv9wTTex9e4Y1LdWiroARW9UV/q4477EOkhFvVIQFWbEgQKAeBpNi1rgtfuf8p70FU9uauK1GGMynH/NEmBDIRqHS7dj9kuu9I/Sjqv4dw38HZvjPH2u9eiUTOfvW9usx+nzrxJ5fHqu4J9APp5z832Yz53VHed7q+j9PvBVz4kGzf++n3B7nEKvVnyqTx3rVHPwLrR2OEVWw3LIF0YVX3mbqfVNKPFbonH2GFVN2DutBWWm+ypy77XxBhdePr73jOD7qfdfepckyQbXEPG3bGyA+B4AQQVoOzIicEIFBhBPBYDTch+Txg3ANN+sOF/wEn3VPEn9flU5zV9Lim6aKrPFj1UKIbSc9b1f4qrzLpSX3K9oCZHnPRjW+MFYOd4JveF/1S/+5773teAEruoS79Ic7Pyv/wpXzy4vUnhJ1w65Dc0RJIil2LWq7rSrRUqQ0C5SVQyXat2KXZviNFLf2+INN3Zqb7BNUZRFhVG/phRfXusB6mEo383n7p7LJ974cRVlXHz217HZdN8n5cduGGyrtKaL3aCKQLq/4wN7q/nGbvjeUlrTW9+O7bBgzPv17z/QjgP++Ae9hqWyX0t1oJIKxW68zRbwhAwCCshlsElfKgpl/Tt2yznqPW+2P3R3u8X+vdjd+3H14wwPNEI8y27S999P7x6Rf+bzz+nOfRou1QelhzYQceXHS7d6iFHpS0Tcp5rPpvRHMJq/K0Yft/uLVH7tIRSIpdI6yWbg1Rc+URqGS7dt/LThTKJVBKLMr0nZkp7mMYYdU/Y/Lmc95++sE1/ftb4YYyfe+HEVadmCvvV+2KueTii7gPqDyzqfgeVYKwyj1sxS8TOlilBBBWq3Ti6DYEIEAogLBrIKoHtWJCAbiYqdrmNLitObX1X2PRNl95nbgt/3qAUVxWbbdXctvvJcxm2nqfPj5/vDW/sCoPWSWFFHAHYAT1WHVbrBZpu5YVZ9VGq92CiPdK2NVI/qgIJMmuCQUQ1aqhnkonUOl2HdRjNdt3pn9bs5sLv7Cq7/2RI4adIV5KRP3nl94yV1jPUfe9q+3NCkWg73Z9L+s6ceetN3u7Yvxx3NO/9104EfeDrotrqS3USrov0FZqxVzVZwr7o9fux2EXi7XS1xL9qxwCQYRVFwrA/XCRKRRArrWaKxQA97CVsxboSe0RQFitvTllRBBIDAE8VsNNdaYt9drGnr4lL18oAH+w/bCHV7keK0bah3Yrn3+rk//AK3mSyttUnqH+w6tU3sWk8sdU0/uZHkTdA5c/aL87XEPjdrFbgwqrascf+F8xWnVoB8JquLVI7ugIJMmuObwqunVDTZVNoNLtOqiwmu07M5+w6rd1J5i6GdM9irZKK86pkr6Hp9lY6S7mqYuLrh9vFc9d39mZvvdd3/SZ7mX0460L96MDg9rPG22O2ZjrElD93/vph3NV9kqid5VEIIiwKq9rreEN9gDZbIdXaUzZ1qp/Xec7vIp72EpaHfSl2gkgrFb7DNJ/CCSYAMJq/JOfzYsmbE90UJXirMojlQQBCJSXAHZdXv60DoFSEMCuS0GVOiEAAQhAAAJnEkBYZVVAAAJVSwBhNf6pi+JBzW3Ne/KRBfEPgBYhAIEzCGDXLAoI1B4B7Lr25pQRQQACEIBAZRJAWC1iXrQ9VW76b/7rNtNlt4ooyeX+yj+Y5HlipW9TLaIpikIAAhkIIKyyLCAAAQhAAAIQgAAEIAABCEAAAhAoFwGE1SLIP/P8C+atn24zY84bZdqsoKqkWDy7bdxABVVX4HQSBCBQOgIIq6VjS80QgAAEIAABCEAAAhCAAAQgAAEI5CaAsFrECtEWG4mqDy7sPz3SpW8sfc4TV91hKUU0QVEIQCAHAYRVlgcEIAABCEAAAhCAAAQgAAEIQAAC5SKAsFoE+WXPrDUdfzDZO6Han3RS5aZ/3Wrm3zmjiNopCgEI5COAsJqPEJ9DAAIQgAAEIAABCEAAAhCAAAQgUCoCCKulIku9EIBAyQkgrJYcMQ1AAAIQgAAEIAABCEAAAhCAAAQgkIUAwmqIpdH5qz1my7ZdIUr8NuuUSeNM+/mjCyqbqZDCEEy7qcMeknVFZHVSEQSqjQDCarXNGP2FAAQgAAEIQAACEIAABCAAAQjUDgGE1QBzeayrxyxfuc5s39UZIHf2LBPHtZt5c6abttb+g66KSQirxdCjbK0QQFitlZlkHBCAAAQgAAEIQAACEIAABCAAgeojgLCaZ84kqj6+fLXptIdRyet0ysUXmZHnDA010/s+Pmy2vPe+5+3abg+7WjRvVtHiKsJqqCkgc40SQFit0YllWBCAAAQgAAEIQAACEIAABCAAgSoggLCaZ5LW/3CT2fDiW+aKyyaZO2+9uagpfeb5F8xbP93mbd/XNv5iUj5hVX1+6bXNpqu7x0wcbz1l7+j3lJVAvMGO6ec7O1OfzZl9sxlhxeLHn15j2lqaPa9al9asf9W8a0XhR++f65Vdve4Vs92WbbX5Zs+41nRcPqmYYVAWAkURQFgtCp9X+OTJU/ZacNz794T9r6+vr/hKqQECNU6grq7ONDYMMg32v9aWJu/fSkrYdSXNBn2pFgLYdbXMFP2EQHAC2HVwVuSEQLUQqES7RljNs3q+9vAK09XVbZ585MuRrDMJohIxH3tgblH15RJWN729zaxa+4onBLe1tphNb2818ryVYLpj124vpIHCEiitskLpWOtFe4cVV1Vu5aoXzLcfXpDyqP3K/U+lBNT7Hlnhleu4fLKtr9tIKL5n/izPC5cEgXIQQFgtnLqEl0+OdJmTp3o9YaipqcETivRFRYIABHIT0A8Q+iHi+PGT3g8TDYPqzVlDWssusGLXrFwIFE4Auy6cHSUhUKkEsOtKnRn6BYHCCVSiXSOs5plPCZgTLhzjCYhK+w4c9v4dOXxgOIAly1Z7gsSieTNz1qh8Oz7YbVYsXVj4SrIlcwmrDz3xXfNp66U6c9o1Xhv7bSiCe61AnKlNebZKaF10V3+/JaTKm/b6q6eaLVt3euKpROAdNs8yG2fWL7o+a0XYEcOHcYBWUTNJ4WIIIKwWRk9C0JGj3WbI4BZPVCVBAALFEagEm6qEPhRHkdIQqCwClWBTldCHypoVegOB4ghUgk1VQh+Ko0hpCFQWgUqwKYTVPGsiXViVMCqhMt3j9Cv3f8erKZNnq7bOazu+kjxJJWQ+uPD2olZjLmFVn2VKi0+36Q8FoHzqmxNWJbTKw1Vb/3Vgl8IHyJtV7yssQnq6ZPL4AaEDihoUhSEQkgDCakhgNru+eD45cswMP/ussnvXhe89JSBQuQTkLXrg4CfWc7Ut9h8ssOvKXRf0rLoJYNfVPX/0HgKZCGDXrAsI1B6Bctq1aCKs5llT6cLqsmfWeodQSXj0e61m82SVqKrYpRInr4wwHmk+j1Vt79eWfX8aY9+Tl6kO05o9/VrvI4moeu2EVefdOt+GDZCHqgRkhS6Q96pe32MP3vKnViu8Egqg9i5M1TIihNVwM6UvnI8PHTXnDBuMqBoOHbkhEIhAOWysHG0GgkEmCNQIgXLYWDnarJHpYhgQCESgHDZWjjYDwSATBGqEQDltDGE1pLD6po1DKnFSsUYVs1QenelJIqve33/gkFlvPT0lSir/rOnXeFvnFe80PZRA2LUsYVVCbSbxVLFS5V3qYqyqbnnJ6tAseaE6YVVxUnUYlfrkhFXlVR4dbjV2zOjU++rzN594LhVjVfn22fGNtGUnjBsTtvvkh0AkBBBWw2H8+OAR02K3/rP9Pxw3ckMgDAF9X/b0nDDnnD0kTLGC82LXBaOjIAQCE8CuA6MiIwRCEThlY/2fOHnS6N/e3r6iDlFVWL76+jozyMY9b2xo8P7NlbDrUFNFZggEJpAku3ZQEFbzLI90j1VlV9zRt366zfPkvOTi8d4BUUrXXTXVE1T7wwL0HwDT1d0zoIXWln4h9slHFgRemJkyZtvuL49SCZ1uS79EXom4EmAlrHZ+tNcTU114grHnjzYf/mrPAGHVeafOsV62HT4vW5VVGIF3rVCspDAAt9h4rHisFjWVFC6CAMJqcHjuF7xRIwbGhw5eAzkhAIGgBPbuPxyLZzh2HXRGyAeB4glg18UzpAYIOAKnentNtw1PJQGmVEnCaktzU06BFbsuFX3qTSKBpNm1f44RVvOs+EzCqorII3Tj65u9eIUuyetT8UqdV6ved+91WvFyyfLVXv6owwIk0WgZMwREAGE1+Dr45EiXd8CeDqwiQQACpSUge1M6a0hrSRvCrkuKl8ohMIAAds2CgEA0BE7Y0FRddndHXEmOTY2NgzI2h13HNQu0U+sEkmjX/jlFWM2zwrMJq66YBFNtI5Cnarv1/nRJ5aZMGmfm3zkj9Z7zdF18920D8ta6kTE+CJSKAMJqcLIHbBgAiapNjQ3BC5ETAhAoiMDxEyfNkaPd9pC40oYDwK4Lmh4KQaAgAth1QdgoBIEBBE7Y70e/Y1JceBQGqzHDPTB2HdcM0E4tE0iqXSOshljVEki11X3xwttDlDImU7kly1abHR/sPuPgq1AVkxkCEEgRQFgNvhj27DtkRo8cFrwAOSEAgYIJ9PX1GW0vLLXNYdcFTxEFIRCaAHYdGhkFIDCAwMlTp8yxY/F5qqbjH9zWckZYAOyaRQqB4ggk2a4RVkOsnWXPrDVbtu0yYbxMnYCqZq6/eqqNRXqRd3iUwgco6SCrRfNmhugFWSEAgUwEEFaDr4vf7D1ozh11dvAC5IQABIoiEIfNxdFGURAoDIEaIxCHzcXRRo1NC8OpEgJHj3WXNKZqPgyKuSpxNT3FYXNxtJFv/HwOgVIQSLJdI6yGWFE65Onxp9fYU7SbzT1WDPVv989WjYTVEcOH2YOi9pjd9sAnl8ZYz9f280ab/QcOmXvmzwrRC7JCAAIIq8WtAW7oiuNHaQiEJRCHzcXRRthxkx8CtUwgDpuLo41aniPGVpkEdEiVBJhyp0xeq3HYXBxtlJst7SePQNLtGmE15Jr3H0Y14pyhZqQVTTOlW268wju8yp/kpbrhxbfMFZdNMnfeenPIlskOAQjkIoDHavD1wQ1dcFbkhEAUBOKwuTjaiIIFdUCgVgjEYXNxtFEr88E4qodAd89xc/z4ybJ3uKmp0bQ0Nw7oRxw2F0cbZYdLBxJHIOl2jbBawJKX5+rG1zd7YQGypeuummpmz7h2wMc63OqplevMnbNvPkN0LaAbFIEABHwEEFaDLwdu6IKzIicEoiAQh83F0UYULKgDArVCIA6bi6ONWpkPxlE9BI4c7TK9vX1l73B9fb13mKs/xWFzcbRRdrh0IHEEkm7XCKuJW/IMGAK1SQBhNfi8ckMXnBU5IRAFgThsLo42omBBHRCoFQJx2FwcbdTKfDCO6iHwyZFjxp7rWPZUV2fMWUPaEFbLPhN0oBYIJN2uEVZrYRUzBghAwCCsBl8EPKgFZ0VOCERBIA6bi6ONKFhQBwRqhUAcNhdHG7UyH4yjeggc/uRYxXR26FkIqxUzGXSkqgkk3a4RVqt6+dJ5CEDAEUBYDb4WeFALzoqcEIiCQBw2F0cbUbCgDgjUCoE4bC6ONmplPhhH9RBIugCDXVfPWqWnwQkk3a4RVoOvFXJCAAIVTABhNfjkcEMXnBU5IRAFgThsLo42omBBHRCoFQJx2FwcbdTKfDCO6iGQdAEGu66etUpPgxNIul0jrAZfK+SEAAQqmADCavDJ4YYuOCtyQiAKAnHYXBxtRMGCOiBQKwTisLk42qiV+WAc1UMg6QIMdl09a5WeBieQdLtGWA2+VsgJAQhUMAGE1eCTE+SG7t9/9oH5+NAnXqV79h00o0eenWrgC1d8NnhjIXP+cvdvzLbtvzCjR5xtLpsyMWTp/ux79x8yP9vxC5Opn6+99W9mlK37MxMuyFm36lAaNWJYQX2gEAT8BILYXLHE4mij2D5SHgK1RCAOmytlG50f7TUbfrjJ7Pv4cGpapt14hZkyeXzOaZq7cKlZsXRhQVO56e1tZuL4djPinKEFladQbRBIugATxq43vPiW2fT2VjNi+DBzrKvHjD1vlJk5/VrT1toc+2LYsWu31+aEcWPOaNvfT/+Hi+6aGUk/Vb/SLfYaVUkp03V0tp2fTIzS+12pYyqUb9Lt2s+t69jJQjFWRLm6Ppsqoid0AgIQiJ0Awmpw5GFu6FTrP2x4zfzZLV8I3kAROdXWjJuvNI2NDQXXkktYDVrpz3b80suaT4ANWh/5kk0grM0VQiuONgrpF2UgUKsE4rC5UrZx3yMrzLw5M0y7FWqUJNq8/MY7eYWLYoTVx59eY6bd2BFIdKjVdcO4jEm6ABPUrtesf9UcO9Y9QEjNJW6Wem3lEgJLLRKWuv5C2O23P0o9vny1mTP7i6lrmt5btnKdCSKuVuKYCuHgyiTdrv3sEFaLWUmUhQAEykoAYTU4/qA3dK5Gv7D6/ge/MocOHxngTfr9l39irumYYn7R+Wvvs+MnTnr/NVlxtOOySZ5IesK+/rdtu8zH9nOlCReOMReMOTfV6YOHj9rPd6a8Yz/V/jve5/Kc/c2+j7185wwdYj47aZxXn4TPxoYG8/7/3G3OGTbEXGHbcUnC6hZb15C2Fq8fR+1NqfqnX/f9gqm8V9WO+q08+ltCqtrc/R97veoG2zrk+SpP2h0f9P9Sr3FdPuXTZfEWCD7L5KwkAmFtrpC+x9FGIf2iDARqlUAcNlfKNiSQfvvhBVm/y/TQ/+7Wnd70fdp6mc6cdo33t19YzZZniy233pbX964E2zmzbzar171iPty9x4y0O0H89dXq+mBc2QkkXYAJC7KVvQAAIABJREFUYteym68+8FRWG5XAuv7FTcZ5hPpf62/dB3/4qz2ezT35yAKjHzXGnj/avPTaZrN44e1m/4FDKRvVTM27Y7pnr7Lp1pZmr7z6oPfUhkTed99735tUec+me6LmE11dnWq34/LJpqu7x/x8Z6fp6uo2s6yHpzzlVUen7fMx+5lr298vtS2PVXmJrlz1Qur64jztl1tBU/V0XN7/TOCEz0fvn2v81yT/eFWXrk1K7lqlH5v09/Jn1/XXY/t83VWXmuuvnjpgUYuJxpXuRau25J0/b8504+Zin3020bhU16J5szyvfcdMdez+aI+5w14nXdIPXy5ftVxLkm7X/nlCWK2WVUs/IQCBMwggrAZfFEFu6Py1+YVVCaQvvb7Z3HD1pZ7AKRHzl1aY1LZ9iZZ79x9MbcH3i7A/3bLdXGCFS7e1XqJmJnHS35bEzI9+vS8lmvpFUdeWE279/VWf3t7y81Qf/f1IF1bPO3ekuejC8z3hV+PKJMCqbr8nrUTgwfZGsxiv2uCzRc5aIBDW5goZcxxtFNIvykCgVgnEYXOlbMNt3ZVgIMHFv3VVooBECScYKK+EAAkWTljNlkdb/b/x+HPmsQfmpoQPiSgqj8dqrVpDuHElXYAJYtfpwmk64XzC6lPPrDUPLro9FXZDdjvfCn0SHmXbEib9oqzCDUjYc+KmREElv1iZTzxdb0OL+JOuBWrDX6cTjCWmSqiUCLnResq7fNt3dab6tfH1d1KCo79tv7e96vvmE8+Zv777dpt37wCx2V231I9s433oie967bkfgXSNWnz3bV6fdd1yPyiJd/r2/mzXM/Xp3odXeIK2yq1c9QOvf2oj05iuu2pqagzKozJuPsJZVnlzJ92uEVbLu/5oHQIQiIgAwmpwkEFu6LIJq3pfHp3Dhg72PErf+uk2M/73xniCafr2eYmV8madbrf2r3vhTc971J8kYqbHMPULq6pbbZz3OyO9Yv4t/rm26qeHAshWTuLuZyZ8aoDY616n16+8g1tbbF9GeDFaEVWDrzdyGhPW5gphFkcbhfSLMhCoVQJx2FyQNvQQvsRuR3XpHusNpZT+XqaYfxJYtluvsR1WzPjQihLX2wd8iacSU5y3qqt32k0dntDqhNVseeR9deDg4ZQg4Z//bEJEpjGov2orvf1aXU9JGlfSBZigdu33SE1fH/mE1fSyfk9ziXvOS9PV6xdB9Z7/RxX3Op+w6i/n7296OV0HnCeqfxzp+fwCpftMwrBEUomfLvmvKxJKJSDrhxwJsBI09SNQpvFK3H1o6XNnmJ5iSDtBVD88iY0LmRLkepYurGbzLPaPV96vY353VOr6e711YAkSp7WSrhtJt2v/XOCxWkkrk75AAAKhCCCsBscV5IbOX1t6jFXdMLy6aYvn3fmm/YVb3qtK+YTVP77uc3kFyUoVVjU+CbTyyFXoAOfZGpw6OZNMIKzNFcIqjjYK6RdlIFCrBOKwuTjacPPjPMkkKkg0lcCa6SArv7CaKY9Em7DCaq2uEcaVmUDSBZggdp0vFIDbwp4tFEA+YTWbjaaLm/7XUQqrmfodhbAqEVU/FE0Y1+6F9ZLHabZrkgsp4Bdp/SvW/fAkr1qFMHHeqy5P0FAAQYRVF7ZA2/8VozVbnyr5mpJ0u0ZYreTVSd8gAIHABBBWA6MK7T2X6fAqeZMqyZvUxUrNFwqgzcYrdYdBSaRM91ZVfWFCASh/psOlovBYVfgAbQH6/c9c6I3T31957MojRyEESBAIQiDIQ1SQenLliaONYvtIeQjUEoE4bK5UbbiDqrQF1Z0uLpFhybLV3vZViROb7Pe8Ez/00K8kLzB/KIBMeZQvWyiAXIJtLa0NxpKbQNIFmKB2ne/wqq/c/1Qq5IZESbeNPlMYAb/Hquw53Ub1nrwycwmruX40CSO6ysM0m7BaTCgAdy2Tp6riwCq2s65ZucarvP7Dp9yWf10PVdaFCHBb+/0rO9vhVf4DrXJ5Fqcz0/VRyR8ntpquJUm3a/9c4bFaTSuXvkIAAgMIIKwGXxBBb+hcjZmEVcU+fdvGTdU2f5ckrOY7vGqP9fjUNnr/QVT+nqe3levwKpUrlbCqMAZ6YFT4gksmX2Te/6DTHLEHXCm5Q7mOWs9dHbjlDrc6ZGOvSoj1h0oIPivkrGUCYW2uEBZxtFFIvygDgVolEIfNlbINd/CUEw40TxIi3JZXF4NVAoWSts3qs/TDqxQLMD2PhFnFTfQfXqWyEiuWr1yb8fCbWl0njOtMAkkXYMLYtd8O9YPIWGtHt9iwHBL9JHS+/MZmz55G2tf7rDgqwTKfsKoZkRemtserrOp1B0DlElbdgU7+Q57c7KZfL9z7LnaqXrvwArmE1WIOr3JtSpDWYVEuTmyu8TrPX41J6RIbakD99F/DdODULTd2pA7F8q9old9gY8uKvUuz7bXSbeMPI6xqTp55/gXvx61qTEm3a/+cIaxW4wqmzxCAgEcAYTX4QghzQ5et1kwxTnPFPQ3eO3JCoPYIRGFz+ajE0Ua+PvA5BJJEIA6bi6ONJM0ZY60MAkkXYLDrzOswl9drmJVbrYfkRTX+MKyizJt0u0ZYjXI1URcEIFA2AgirwdEXe0Mnb86XXt98RpxRhNXgc0DOZBEo1uaC0IqjjSD9IA8EkkIgDpuLo42kzBfjrBwCSRdgsOvSCavOK/7R++dWzoIP0BN5zH7zieeMYqzKG7kaU9LtGmG1GlctfYYABM4ggLAafFFwQxecFTkhEAWBOGwujjaiYEEdEKgVAnHYXBxt1Mp8MI7qIZB0AQa7rp61Sk+DE0i6XSOsBl8rOXPqVwYv0LuNM6RfSpQUS6jj8slePA4XTDmi5qgGAhBII4CwGnxJcEMXnBU5IRAFgThsLo42omBBHRCoFQJx2FwcbdTKfDCO6iHwyZFjpq+v/P2tq6szZw1pHdCROGwujjbKT5ceJI1A0u0aYTWCFa8gy0uWr7E19XlC6sTx7V6t23d2ekKrMXXmnnkzTfv5oyNojSogAIFMBBBWg68LbuiCsyInBKIgEIfNxdFGFCyoAwK1QiAOm4ujjVqZD8ZRPQSO2sNAT53qLXuHBw2qN4PbWhBWyz4TdKAWCCTdrhFWi1zFTlSdYk+Qmz3jWs8z9U3ruap0pfVUlSfrqrWveCfvIa4WCZviEMhBAGE1+PLgQS04K3JCIAoCcdhcHG1EwYI6IFArBOKwuTjaqJX5YBzVQ6Dn+AnT03Oi7B1ubm40zU2NCKtlnwk6UAsEkm7XCKtFruIly1Z7Ndwzf1aqpmzvabvBIuu5SoIABKIngLAanCkPasFZkRMCURCIw+biaCMKFtQBgVohEIfNxdFGrcwH46geAr29febI0a6yd3jI4FZTX1+HsFr2maADtUAg6XaNsFrEKt534LC575EVZtFdM1Pb/1VdJmFVYQEef3qN0Ql1I4dX50lvRaCiKARKTgBhNThiHtSCsyInBKIgEIfNxdFGFCyoAwK1QiAOm4ujjVqZD8ZRXQS67K7OEydPla3TjY0NprWl6Yz247C5ONooG1gaTjSBJNs1wmoRS3/j65vN+h9uMk8+8uUBtUhY7erusaEB/ij1/oRxY8xX7v+OmXZTh7n+6kuLaHVgUYm1Em2zpRVLF5q5C5d6wq8EYBIEapUAwmrwmd2z76AZPfLs4AXICQEIFEygz57QsXf/oZLbHHZd8BRREAKhCWDXoZFRAAIDCMiGjhzttodYxX+KlXaRDhncYvSvP2HXLFIIFEcgyXaNsFrE2pGoKlHTHwZA1UlY3fHB7gE1S+DU+xI4Ja5GlTo/2mv0y4CSDsr60L6ePf3aVPUSdHfs2m1abezX9vNGRdUs9UCg4gggrAafkgMHj3g3lE3213oSBCBQWgLHT5z0Hh6Hnz2kpA1h1yXFS+UQGEAAu2ZBQKB4Ar29vd73Y9xJ98D19fVnNItdxz0TtFeLBJJq1/657Dp2sqqnts4q5LH+5NXvsfqW9VhdMACcDrTSoVX+JEFVHquzrBerDrUqRdrw4ltm+65OPFNLAZc6K54AwmrwKfrkSJf3K71uLEkQgEBpCTiPnLOGtJa0Iey6pHipHAIDCGDXLAgIRENAcRl1mngcj/GKp9rWKlF1oKeqGwl2Hc2cUgsEkmjXCKtFrPtsMVYzVRlHjNVswqrCBUwc125uufEK4/KMPX+0eem1zTa2TLMNWXCtJwTLA1chDORRq7xKen/NulfMm29v817f8IVLzcxp1xRBjaIQKA0BhNXgXE/amFYHDx01I0cQ7zk4NXJCoDAC+/YfNmcPG2waGgYVVkHAUth1QFBkg0AEBLDrCCBSBQR8BHp6ThidKl6q1NzUaJqbG3NWj12Xij71JpVAkuzaP8d4rBaw4l081cULb89Z+htLnzNtVsRMDxtQQJNZiwQVViWgzrLhAiSuyuv25zacwdSLx5uOyyd7Hq/6/LEH5poR5ww1z656YUB4gVVWZO24bJKNEzs1yq5TFwSKJoCwGg6htg0raH+mwP3haiI3BCCQjYB+nOy2D4ulDgPg2seuWYsQKD0B7Lr0jGkhmQS09/SEDZ9z4uRJI4+3YrxYtTNLnqmNDQ1GB1WlhVM9AzB2ncw1x6hLTyBJdu1oIqwWsK7ktfrQ0r+zsVPHmjmzb7bbC5oH1KKL9EorTm7f+aFZvPD/MCOHl85DLKiwqlisj94/1+un4q8uWb46JaSqv1994Clzz7xZZoyNyaq/58+ZbqZMHu/l32Q9Vzf9dBvhBgpYKxQpLQGE1XB85d32sfVaPScGT7pwPSM3BGqDQDlsrBxt1sZsMQoIBCNQDhsrR5vBaJALArVBoBw2Vo42a2O2GAUEghEop40hrAabozNyKabqUyvXeYdIXfkHk+whUaO9PJ0f7TFv/us27+CoBVacbLceoqVMQYVVfxxWJ6zqcC2X5i5c6gmrShJd05PCB6THlS3luKgbAkEIIKwGoTQwT1f3caO4jPKmK/U25fC9owQEqpeAbubkPaq4qnF7hWPX1btu6HllE8CuK3t+6B0ECiGAXRdCjTIQqGwC5bRrkUFYLWJ9yNNTnqDvvrfT7Phgt1fThAvHmEtOb7FP92QtoqmsRaMWVp3Hqgsb4G94wrgxpRgCdUKgYAIIq4WhkwijYP2D25rP8LgvrEZKQSDZBHQ/cPRYj3c4XNyiqiOPXSd7DTL66Alg19EzpUYIlJsAdl3uGaB9CERPoCLs+tjJ6AcWY411Ng6LjcyS3BS1sCrxdLn1xN338WEz28ZkVTrW1e0daNVx+aTkgmbkFUkAYbXwadGveoet52rvqV7rYd9kmmwsKnmwKj4VCQIQyE1Atx6yoeM2LlxX13FTP6jeDLWequX2AseuWbkQKJwAdl04O0pCoFIJYNeVOjP0CwKFE6hEu8ZjNeB86sCn7TY2qbb+F5IUGmDiuPbID4AqhbAqEXWNPbDqHeuJ29Xd44UzmHbjFamYq4WMnzIQKAUBhNXiqUqIkafbCfvvSXtwQLJ/qiqeJzUkg4B+f2jQ4Rj2xwh5qJZbUE2njl0nYx0yymgJYNfR8qQ2CFQCAey6EmaBPkAgWgKVaNcIq3nmWCLj4zbm6L4Dh6yweJHZb/+VN+eVp703FWt1y7Zd5hYrPCpJ6JwyaVwqtuqb9uCnkecMNSOGDzNbtr5vD7IaZhbZWKZxhAmIdvlSGwQqjwDCauXNCT2CAAQgAAEIQAACEIAABCAAAQgkhQDCap6ZXrX2FfPu1p3mwYW3e2Lo+h9uMtt3dpp75vcf9CRh9aEnvmvm24OqlJbZbfSL774tJawuWbbaTBzfbqbd1OFtp//G0ufMJZPHm9kz+rfZkyAAgcIJIKwWzo6SEIAABCAAAQhAAAIQgAAEIAABCBRHAGE1D7+vPbzC3HD1VLuF/1IvZ7qwqvfmLlw6oJYVSxemXvuFVb2pkAIbX3/HPPbA3OJmjtIQgIBBWGURQAACEIAABCAAAQhAAAIQgAAEIFAuAgirechLNF1010zP6zSTsLrvwGFz3yMrzKzp13ifr173qnn0/rl2y/9Q73W6sCpv18efXmP84mu5Jp92IVDtBBBWq30G6T8EIAABCEAAAhCAAAQgAAEIQKB6CSCsFimspgul6UIswmr1Ggc9r3wCCKuVP0f0EAIQgAAEIAABCEAAAhCAAAQgUKsEEFYDCKuzpl9rxp4/2sv55ttbvbiqs2f8Uer1u+/tNAvunOG9fuqZteaSi8fbw60me69Xrf2RF2/Vvf7Qll297hU8VmvVohhXrAQQVmPFTWMQgAAEIAABCEAAAhCAAAQgAAEI+AggrAYQVkuxYggFUAqq1Jk0AgirSZtxxgsBCEAAAhCAAAQgAAEIQAACEKgcAgirlTMX9AQCEAhJAGE1JDCyQwACEIAABCAAAQhAAAIQgAAEIBAZAYTVyFBSEQQgEDcBhNW4idMeBCAAAQhAAAIQgAAEIAABCEAAAo4AwiprAQIQqFoCCKtVO3V0HAIQgAAEIAABCEAAAhCAAAQgUPUEEFarfgoZAASSSwBhNblzz8ghAAEIQAACEIAABCAAAQhAAALlJoCwWu4ZoH0IQKBgAgirBaOjIAQgAAEIQAACEIAABCAAAQhAAAJFEkBYLRIgxSEAgfIRQFgtH3tahgAEIAABCEAAAhCAAAQgAAEIJJ0AwmrSVwDjh0AVE0BYreLJo+sQgAAEIAABCEAAAhCAAAQgAIEqJ4CwWuUTSPchkGQCCKtJnn3GDgEIQAACEIAABCAAAQhAAAIQKC8BhNXy8qd1CECgCAIIq0XAoygEIAABCEAAAhCAAAQgAAEIQAACRRFAWC0KH4UhAIFyEkBYLSd92oYABCAAAQhAAAIQgAAEIAABCCSbAMJqsuef0UOgqgkgrFb19NF5CEAAAhCAAAQgAAEIQAACEIBAVRNAWK3q6aPzEEg2AYTVZM8/o4cABCAAAQhAAAIQgAAEIAABCJSTAMJqOenTNgQgUBQBhNWi8FEYAhCAAAQgAAEIQAACEIAABCAAgSIIIKwWAY+iEIBAeQkgrIbjv2XrTrP+xbdM56/2eAUvmTzeXH/1pWbCuDHhKoo49wbbp/U/3GRWLF0Ycc3G7Ni12zz1zFrz4KLbzYhzhqbqV5vbd3WaRXfNjLxNKoRAnAS0xpcsX53XfoKueWePmcZwz7xZ9hqyyftItqO29x04ZDoun+S99/jTa8zEce3mlhuviBMBbUGg5ggU+n09d+FSIzvN972e7XoQtLzyTbupw7P19OtAzU0GA4IABCAAAQjkIYCwyhKBAASqlgDCavCp2//xYXPvwysGPHBtenub2f0fe83MadcEr6jKcjrRqf380Z4Q1Nba7I0gqMhUZcOluwkkELWw6keYTyhNt6N8+RM4PQwZAqEJFPN9HVQYLVZY9Q+K79PQU0wBCEAAAhCoMQIIqzU2oQwHAkkigLAafLad+PLthxekxMVcAopfINGD2qzp15qX39hsvdMOmyutd9pM+1oi5bGuHvPsqhfMu9YbtrWl2cyeca3nveYetEZaL9E3rYD75f/0JfM//v775rEH5qbaX75ynZHgqeS8R1Xf8mfXme07O736bvjCpZ5HTHo7n//c5JQg7DxnNr291Vxy8UUDhGI3bnnnqr93zL75DGG186O9ZoP1mNUYlNSmE5tVt17/+CdbTVd3j5ljy0uMfum1zWbk8KFm3pwZpv28UVk5BJ8hckKgMALpwqp+MNlgvUplq7IvrVmtUWeTY+17bv3KrqdY28iWMgml7j3ZrOzUJefN6jxWs10bChslpSCQHAKl+r72EwwirPq/W3U9Sf9udDaffh3I5y2bnJlkpBCAAAQgkBQCCKtFzrQeHPQQoy07H9rttXrwVtKDxcTx7eaKyyZ5D98kCEAgegIIq8GZ6lolQaSrq9sKn5M9ocUvqKQLKOnCqq5n8+6Y7jWozyRUSvCUqDpi+LCU+PnNJ57zxEZvG6MVKyXcSGiVqHnfIytsvg7vtfPIkdD78hvvpIRVPewpVMG8OdM9sVL1KL/a0Wv3vtq57qpLbSiDqUYPf34ByU/F/4CqfnfYa7LK+B8q1RfV7QRS1T1n9he9rZSqW2NVu7rWr7T90JhUh79P2TioThIESknAL6w6u1q88HZvPW98/R3PDp98ZIG35vX3fLuWZftaz6vWvjLgx470fuYSVmX/uTxWsYlSzjp11zKBUn1fFyKs6vvP/SD51QeeSu168XvG4rFay6uRsUEAAhCAQBACCKtBKGXJowcUPbS0WsFAQurY80fZB5nRZp99SJcwIO+nA/ZviQJ6EHdbUItokqIQgICPAMJq+OUgEUaeZro+7dt/KOVhmk9YdWKMWvQ/ROnhKj3Ji8W1sfju21IfS8jZaEVUvac69tvYjHpg89cnIfWZ51/wPGN0XXWeL+nbG9P74O9fJmFV8Vvlmbpk2Wqz4M4ZXv/8XrISgX5uve/cj2MuRp2/3XTPwCAc8NwJv0YpEY6Af11mEjjcGs5kk/m2DRcjrGa7NmAT4eaX3MklEPX3dSHCqj9eq64H0+yPo+5HR/cZwmpy1ygjhwAEIACBfgIIqwWsBP2SLK+l7Ts/9A5+UfB2vbfbPrTLa1Xb7Ibb7a/yVJV4IY+QwVZ8XWTFBsTVAoBTBAJZCCCsFrc0JGIus9vxJToWI6xmEjUzPWjpOunFeZ0/yyxfuTblFZqeV153776302zZttO7tkqIzSesZjusI10MdcLt1IvHez+CKe6qa18eubpGP/TEd81s+2NY+sNjPmE1m7hb3CxRGgK5CVSysIpNsHohEA2BKL6vEVajmQtqgQAEIAABCKQTQFgtYE3Im2rL1ve97TDaArt63Sveljql1pYm6/F03Ptb3lazpl/j5dGJvXX2PcTVAoBTBAIIq0WvAXlrum31I+wPP0ry0pQX26P3zzVr1r/qebBqy7vz7HTxTSVqZgsFoDipSvI8lSgpL/70rfb+zqudd99733r6t3iCqZJfWJVINML+KKU+qh8PLX3OE37zhQIIKqy69rTjQGPyC6v627UZ1mM1G4eiJ44KIJCHgGxO9yGyk7hDAajtTT/dlrJl/w802ARLFwKFESjV97W/N+nfden3BHqd/oNmNo/V9OtAYaOmFAQgAAEIQKB6CSCshpw7HcKiB3wnCCxZvsYTAeS1qjhELikUgDxVd3yw2xMc9Nk3rEAgsfXOW/sPTyFBAALFEcBjNTg/eX6useKLhFQdQqHkxUm11y7FYpQg87j9AUifSXBUfhdHNf0Ai2yHV7k6dc3zx03199IJPzpQR2FSlPzCqv/gHf9hWPkOrwojrLoHSOex6j8wS2NXyrTdMZfHqr9/fg7sUgi+RskZnoBs028nqiHf4VXuQDntqinm8Cp3qJw7bE42LZE10+FV2ET4uaVEcgmU6vs6nagXC/10XPP0ewK9Diqs+r9D/d/tyZ1BRg4BCEAAAkkjgLAacsa/ZrexSlRQCAB5UkmQmHPrF0+LA5tsbNW9XsxVPazoocXFYb1n3kzzofW+kigr77BiD7TKFLtMh7dMs4dJ5DrhN+RwA2V3B2JkEzYCVUImCBRAAGG1AGgFFMkXh7GAKikCAQhAAAIQgAAEIAABCEAAAhCoegIIqyGmUPFStbVNp1hvfH2zkffqg/bkXXkk6UAUeT9JdN1uD0CRV5ZO5XWf1dXV2TAAM40TZuXhWkyS0KG2dLq3S4pH+NJrm70Tft1W32LaCFpWY91vvdzGWJFZ43VCq7YlliM57zp505BqmwDCajzzi7AaD2dagQAEIAABCEAAAhCAAAQgAIHqIoCwGmK+tLVfW/x18IoE0huunup5rmoLzFcfeMqL1ee20Oq1YhVqK63K6DAUeapKkHV1hGj6jKzZxEO9L29ZxTgsV0JYLRf55LWLsJq8OWfEEIAABCAAAQhAAAIQgAAEIACBSiGAsBpiJuSV6m23t96muYTUdKFVTUjwlPAqr9bVVqB98pEFIVo+M2tQYVUip7xYu7p7UofPuJh/Cjb/8hubvZiK/lhrCk4/1o5TB9nIS1db/Ne/aA96sfFhnReoP9ag/2+VlceuS+5wGCf4uvb0vgRgHbih/GpfB3s5T1vFfdJnrm/z5szwwi64thTDaYPtk4sHqdO8d9tQCzokzJ8IT1DUMqv4wgirFT9FdBACEIAABCAAAQhAAAIQgAAEIFCzBBBWQ0ythFUJghIYJSD6Y6Uue2atPRRmt7nyDybZE693enFWFSbApa/c/x1PkG0/b7RXttht8pmEVXcysAsFoAMs5GWrw7La7Ancm97e6nnXypNWn6208V4lbnoi6oFDXvgCCadOHNWJ4FMmjfe2+OtwiiDCqk4Zffl0mASJmuIgQVT9lSg927Z3rKvbLLMhFZyYq76tXPUDr34deuMOt3F9+9B6/CpWrcRoJ6zKE7jfW7jbPPP8Cx5bHYTjxFUXJsGFJwgxzWStIgIIq1U0WXQVAhCAAAQgAAEIQAACEIAABCBQYwQQVkNMqITVEcOHmdkzrh3gseqq0DZ/iarOq9V/GrTzWO38yImEXw7R8plZMx1eJaHylhv7BUYlhR/4tBWCZ067xnvtBEuJuvpsrBU8JWSmJwmrbS3NngDrkt4LIqwqf6ZQAOqv/6RQ1aeTiV37a9a/aiSgyqtXf//cerEuvvu2VPv3PbLClu8/JExeqf44sun9JcZqUUurqgojrFbVdNFZCEAAAhCAAAQgAAEIQAACEIBATRFAWA0xnfKa1BZ1HUr1jaXPeUKjRNZ8SYdcPWu9Q3XolTxIu6yX5fw7Z+QrlvPz9MOrJOoqzICESSfoZhJfVan6/5Dtv7w8Mx3wlC6iqkwUwqp/W356fRJjt+/q9PqfHk7AgXAerBJW/R6/yq+kskoIq0UtraoqjLBaVdNFZyEAAQhAAAIQgAAEIAABCEB9A4Y8AAAgAElEQVQAAjVFAGE1xHT6D6GSCCixVIdEyUtV3qDpqdV6fV5y8XgvhugEK8JqS74LCaBt7MWkdPFQW/zv1YFadvu+E0udV2rH5ZMHNKXt8V4c1Rweq37vVBVOF0JdKAEJnP4Yq8rr/8w1nH6qeC5h1XmsKmyAP42wHrn7bTzYfMKqvFs15kyicTHMKVt5BBBWK29O6BEEIAABCEAAAhCAAAQgAAEIQCApBBBWQ860PFUVJ1Uiqf5WTM/rrppqFPMzPfVv+3/Lvt1nt67/ZyOvUv2nv/1hAkJ2wcueySvTHVT14KLbvUOgFHNVXrYuxqrKSRCW4OjisTovUMUq1UFQEoozeaxKRFbZv777du8gLMVIldCcSVhVnFV5xPq3/ocRVl151zfXb3F2MVRzeawut31L994thDFlKp8AwmrlzxE9hAAEIAABCEAAAhCAAAQgAAEI1CoBhNWQM+u29Ss2qMRUeU/Ki1KHVl0y+SLvoCcJjhIHJaL22foXnI5VumT5Gk+41Bb8YlMmYVVeq998ol/4dfFRJbbq0CqJporB6vfkdEKshFJ3kNQUO6ZMwqo8cnXYlbxvlfe6qy41q9e9klFY1djkdfrjn2z1RFiJoGGEVZVXyIX1tu9iKc/fqdbzd6b1YA0irIq9+qqy2cIdFMuf8pVBAGG1MuaBXkAAAhCAAAQgAAEIQAACEIAABJJIAGE1xKxLqJM4qpPuD1ihUeKqTp+X2CoRVaKfS8Otx6g+05b//QcOeeUkWsp7lAQBCERDAGE1Go7UAgEIQAACEIAABCAAAQhAAAIQgEB4AgirAZk5UVVb+HUi/ddsPFOJqxJLtWVdXpxK8uhsP3+0t9VfHqQvv9G/Hf+KyyZ5B10VGwIgYHfJBoFEEEBYLX6aT548ZT3Ljxv9e8L+19cnP3sSBCCQi0BdXZ1pbBhkGux/rS1N3r+VlLDrSpoN+lItBLDrapkp+gmB4AQq3a6Dj4ScEIBAJRNAWA0wO05UnThujBdntK21xYqm3WbWjD9Keaq22xAAElRHDh/mfSaBVVvS5bmq7ejyXiVBAALREkBYLZynhJdPjnSZk6d6PWGoqanBE4p0A0qCAARyE9APEPoh4vjxk94PEw2D6s1ZQ1rLLrBi16xcCBROALsunB0lIVCpBCrVriuVF/2CAAQKI4CwmoebE1XdNv5lz6z1xNV75s3yhFQl5XnXxgSVmOqSPps4vj3joVaFTRWlIACBdAIIq4WtCQlBR452myGDWzxRlQQBCBRHoBJsqhL6UBxFSkOgsghUgk1VQh8qa1boDQSKI4BNFceP0hCAQGYCCKt5Voa2/E8c1+7FRn3m+RfsoUrvDxBVWVgQgED5CCCshmevG8pPjhwzw88+q+zedeF7TwkIVC4BeYseOPiJ9Vxti/0HC+y6ctcFPatuAth1dc8fvYdAJgLltGtmBAIQqE0CCKt55vUr93/HXHLxRV6ud99DVK1NM2BU1UoAYTXczOlG8uNDR805wwYjqoZDR24IBCJQDhsrR5uBYJAJAjVCoBw2Vo42a2S6GAYEAhHAxgJhIhMEIBCQAMJqHlBvvr3NrF77I9Nq46oumDM9tf0/IF+yQQACJSSAsBoO7scHj5gWu/Wf7f/huJEbAmEI6ODKnp4T5pyzh4QpVnBe7LpgdBSsMgKnbEzwEydPGv3b29tX1GGLiideX19nBtn4yI0NDd6/uRJ2XWWLhe5WDYEk2XXVTAodhQAEQhNAWA2NjAIQgEClEEBYDT4T7pf5USOGBi9ETghAoCACe/cfjsUzHLsuaHooVGUETvX2mm4bxkYCTKmShNWW5qacAit2XSr61JtEAkmz6yTOMWOGQJIIIKwmabYZKwRqjADCavAJ/eRIl5GHjg6sIkEAAqUlIHtTOmtIa0kbwq5LipfKK4DACRvCpst6gceVWluaTWPjoIzNYddxzQLt1DqBJNp1rc8p44NA0gkgrCZ9BTB+CFQxAYTV4JN3wIYBkKja1NgQvBA5IQCBgggcP3HSHDnabQ+JK204AOy6oOmhUJUQOGHtSAezxZ0ULqcxw3cldh33TNBeLRJIql3X4lwyJghA4LcEEFZZDRCAQNUSQFgNPnV79h0yo0cOC16AnBCAQMEE+vr6jLYNl9rmsOuCp4iCFU7g5KlT5tix+DxV03EMbms5IywAdl3hi4buVTyBJNt1xU8OHYQABIoigLBaFD4KQwAC5SSAsBqc/m/2HjTnjjo7eAFyQgACRRGIw+biaKMoCBSGQIEEjh7rLmlM1XzdUsxViavpKQ6bi6ONfOPncwiUgkCS7boUPKkTAhCoHAIIq5UzF/QEAhAISQBhNTgwHtSCsyInBKIgEIfNxdFGFCyoAwJhCOiQKgkw5U6ZvFbjsLk42ig3W9pPHoGk23XyZpwRQyBZBBBWkzXfjBYCNUUAYTX4dPKgFpwVOSEQBYE4bC6ONqJgQR0QCEOgu+e4OX78ZJgiJcnb1NRoWpobB9Qdh83F0UZJgFEpBHIQSLpdszggAIHaJoCwWtvzy+ggUNMEEFaDTy8PasFZkRMCURCIw+biaCMKFtQBgTAEjhztMr29fWGKlCRvfX29d+ijP8Vhc3G0URJgVAqBHASSbtcsDghAoLYJIKzW9vwyOgjUNAGE1eDTy4NacFbkhEAUBOKwuTjaiIIFdUAgDIFPjhwz9vy3sqe6OmPOGtKGsFr2maADtUAg6XZdC3PIGCAAgewEEFZZHRCAQNUSQFgNPnUIMMFZkRMCURCIw+biaCMKFtQBgTAEDn9yLEz2kuYdehbCakkBU3liCCTdrhMz0QwUAgklgLCa0Iln2BCoBQIIq8FnEQEmOCtyQiAKAnHYXBxtRMGCOiAQhkDSBRjsOsxqIW+1EEi6XVfLPNFPCECgMAIIq4VxoxQEIFABBBBWg08CD2rBWZETAlEQiMPm4mgjChbUAYEwBJIuwGDXYVYLeauFQNLtulrmiX5CAAKFEUBYLYwbpSAAgQoggLAafBKCPKj9+88+MB8f+sSrdM++g2b0yLNTDXzhis8Gbyxkzl/u/o3Ztv0XZvSIs81lUyaGLN2ffe/+Q+ZnO35hMvXztbf+zYyydX9mwgU561YdSqNGDCuoDxSCgJ9AEJsrllgp2+j8aK/Z8MNNZt/Hh1PdnHbjFWbK5PE5uz134VKzYunCgoa26e1tZuL4djPinKEFladQbRBIugCDXdfGOmYUAwkk3a5ZDxCAQG0TQFit7flldBCoaQIIq8GnN+yD2j9seM382S1fCN5AETnV1oybrzSNjQ0F15JLWA1a6c92/NLLmk+ADVof+ZJNIKzNFUKrlG3c98gKM2/ODNN+3iiva8e6eszLb7xjbrHiaq5UjLD6+NNrzLQbO8yEcWMKwUGZGiGQdAEGu66RhcwwBhBIul2zHCAAgdomgLBa2/PL6CBQ0wQQVoNPb9gHNb+w+v4HvzKHDh8Z4E36/Zd/Yq7pmGJ+0flr77PjJ056/zVZcbTjskmeSHrCvv63bbvMx/ZzpQkXjjEXjDk31emDh4/az3emvGM/1f473ufynP3Nvo+9fOcMHWI+O2mcV5+Ez8aGBvP+/9xtzhk2xFxh23FJwuoWW9eQthavH0ePdXv9a2tt9sopSTCV96raUb+VR3/rfbW5+z/2evkG2zrk+SpP2h0f7Pbe07gun/Jprz4SBIIQCGtzQepMz1PKNiSQfvvhBVnX/IYX3zLvbt3pdenT1st05rRrvL/9wmq2PFtsufW2vOxJgu2c2Teb1eteMR/u3mNGWo9xf32FcKFMdRNIugCDXVf3+qX3mQkk3a5ZFxCAQG0TQFit7flldBCoaQIIq8GnN+yDml9YlUD60uubzQ1XX+oJnBIxf2mFSW3bl2i5d//B1BZ8vwj70y3bzQVWuHRb6yVqZhIn/W1JzPzo1/tSoqlfFHVtOeHWP3r16e0tP0/10d+PdGH1vHNHmosuPN8TfjWuTAKs6vZ70koEHmxFoGK8aoPPFjlrgUBYmytkzKVsQ6Lopre3muuuutSMPX/0AC9Sbdnfb0MEOO9V5dX2/Y7LJ6WE1Wx5tNX/G48/Zx57YG5KWO3q7vHK47FayCqovTJJF2Cw69pb04zImKTbNWsAAhCobQIIq0XMb+ev9lgPqV1eDdoqly/uWBFNURQCEMhAAGE1+LII+6CWHgpAHp3Dhg72PErf+uk2M/73xniCafr2eYmV8madbrf2r3vhTc971J8kYqbHMPW3pbrVxnm/M9Ir5t/in2urfnoogGzlJO5+ZsKnBoi97nV6/co7uLXF9mWEF6MVUTX4eiOnMWFtrhBmQdrYsWu3WbJ8dar6e+bN8v5Ofy/T9nuJp9t3dpoduzrNhzbm6vVXTfXE0+Ur16W8VV3F027q8IRW57GaLU9rS7M5cPBwysPVP+5swmqmMai/aiu9/UI4UqayCCRdgMGusevKsshoepN0u46GIrVAAAKVSgBhtYCZ0bY1PTBstw8a/iRvi/lzppt269lBggAESk8AYTU44yAPav7a0oVVXfde3bTF8+5803qxyXtVKZ+w+sfXfS6vIFmpwqrGJ4FWHrkKHeA8W4NTJ2eSCYS1uUJYxdGG65euAV994CnvYCrdA0lgzfSDsl9YzZRn4+vvhBZWC2FDmeolkHQBBruu3rVLz7MTSLpdszYgAIHaJoCwWsD8fmPpc2b/gUNG3hkdl0/2trK9abfFrV77I1tbXWp7WwFVUwQCEAhBAGE1OKywD2qZDq+SN6mSvEldrNR8oQDabLxSdxiURMp0b1XVFyYUgPJnOlwqCo9VhQ/QluTf/8yF3jj9/ZXHrjztFEKABIEgBMLaXJA60/OUqg13UNV11kPVxRXutB6rS5atNk8+ssCGCNhmNtnrwaK7Znpdkmerkn5gdsJqtjzKly0UQC7BthA+lKlOAkkXYLDr6ly39Do3gaTbNesDAhCobQIIqyHnVwLqs6tesCflTjeXTB4/oLRCAzz0xHdtPLKpZvaMa0PWTHYIQCAsAYTV4MTCPqhlElYV+/RtGzdV2/xdkrCa7/CqPdbjU9vo/QdR+XueKexAtsOrVK5UwqrCGEgsUviCSyZfZN7/oNMcsQdcKblDuY5arz0duOUOtzpkY69KiPWHSgg+K+SsZQJhba4QFqVswx085Q6YUv90yJRCHym5GKwjhg/zXs+afq33WfrhVYrTmp5HouvGN94ZcHiVykq8Xb5yrZffibaFcKFMdRNIugCDXVf3+qX3mQkk3a5ZFxCAQG0TQFgNOb/LnlnrxRn7lj10IVPS53ow0KEMJAhAoLQEEFaD843iQS1TjNNccU+D946cEKg9AlHYXD4qcbSRrw98DoGoCSRdgMGuo15R1FcJBJJu15UwB/QBAhAoHQGE1ZBstQ1O6Z75/Yc/pKf1P9zkeXEoBlkpkzxC3EER6e1oC9+9D68wC+6cMeAU3yD9yVVvpvISkVdaD1556yq+LAd4BaFMnqgIIKwGJ1nsg5q8OV96ffMZcUYRVoPPATmTRaBYmwtCK442gvSDPBCIkkDSBRjsOsrVRF2VQiDpdl0p80A/IACB0hBAWA3JNZ9Hqj7fZ2ONPbjw9pA1h8suAVTx/uQZ6+KfuRok7Erg1cm/mU75zdVSWGH1vkdW2K1/o8319iCbEcOHevHVSBCIiwDCanDSPKgFZ0VOCERBIA6bi6ONKFhQBwTCEEi6AINdh1kt5K0WAkm362qZJ/oJAQgURgBhNSQ3F2N11vRrPDHRn7bv7DSPP73G3HLjFZ43aSmTBFCldK9V562qA1hKLay6E4ILaaeUbKg7OQQQVoPPNQ9qwVmREwJREIjD5uJoIwoW1AGBMASSLsBg12FWC3mrhUDS7bpa5ol+QgAChRFAWC2Am8IB7PhgtydqThzX7tWwfVeneem1zZ7XpoTGdC/SAprJWUTCavv5o80+e8q232tV3qrqi0Re9UNpyfLVZrH1oHUHTjhBVIdQdFw+aUA7fo/VHbt2e2WVb8OLm8y+A4fNxPHtZt4d083L9tAJecX6k8IfqO41614xEqCVdMDXLHuQF56sUa8A6hMBhNXg64AHteCsyAmBKAjEYXNxtBEFC+qAQBgCnxw5Zvr6wpQoTd66ujpz1pDWAZXHYXNxtFEaYtQKgewEkm7XrA0IQKC2CSCsFjC/G22cwdXrXj2j5IQLx5j5Nq6p0patO81+GxJASaLiBCvAjrSia1TJCaASUSXuykvWH1tVgqjzJNV2/UsuvsjMnHaN17xO41219hXz5CMLzuhOJmFV4qi8c491dZtnnn/BE5QvuXi8efe9nZbDK95JwGOtyKuwA8tXrvNCIcy27ymtt4Ks+rX47tuiGjr1QCBFAGE1+GLgQS04K3JCIAoCcdhcHG1EwYI6IBCGwNFj3ebUqd4wRUqSd9CgejO4rWVA3XHYXBxtlAQYlUIgB4Gk2zWLAwIQqG0CCKsh5lcHNC2zwqEE0+FWLJXgKM9UCZv6Vx6k8tRcbUVLY/q82KN6/0N7wFOXFRdv+MKlngAaRXICqNp+ysZ1ldeqvEgltC66a6bR505Y3fj6O/azzebR++d6TT/0xHfNp63nqRNa/f3JJKyqbudxqlAHbTa26zx7UJXzaHXtOE9Y/yFWYqWDtAgXEMWsU0c6AYTV4GuCB7XgrMgJgSgIxGFzcbQRBQvqgEAYAj3HT5ienhNhipQkb3Nzo2luakRYLQldKk0agaTbddLmm/FCIGkEEFYDzriLrSpB9U67NV5b4tNTevxVCbHb7Xb666+eat61Hqwrn/+B3Xo/2cy2W+OLTX4BVGKnPEZ//JOt5p75s7wt/35h1YmbEjwl/kro9Iul+YRVbfF3SW0pSbxNF1bTX7sy/r4UO27KQ8BPAGE1+HpAgAnOipwQiIJAHDYXRxtRsKAOCIQh0NvbZ44c7QpTpCR5hwxuNfX1dQPqjsPm4mijJMCoFAI5CCTdrlkcEIBAbRNAWA0wvxJI5eU5xgqW2eKnKv6ottz7D7VaZj1Jt2zbZZww6eqRKJlJmA3QlVSWTJ6lV9p4qXdY0VcpXczUFn15z44YPizl1ZqpvUz1BhVW8VgNM4PkjYIAwmpwijyoBWdFTghEQSAOm4ujjShYUAcEwhLQTq8TJ0+FLRZZ/sbGBtPa0nRGfXHYXBxtRAaKiiAQgkCS7ToEJrJCAAJVSABhNcCkfc16eCo9aA+AynYolWKWyiv1W3bbvEsSGvWfP7aqYpR22VilLhZrgOYzZvELoMqg7f6Ke+q27KcLq4r5qrYHtzXbcAQdZxxa5RopRlhVHcRYLXRGKVcIAYTV4NT27DtoRo88O3gBckIAAgUT6LMn7+y1h0uW2uaw64KniIIVTkA2dORotz3EKv5TrHRo1ZDBLUb/+hN2XeGLhu5VPIEk23XFTw4dhAAEiiKAsJoHn9ven8/LdMmy1d42e7fNX+XW/3CTGWU9RBfNm5lqpT8kwAsZD44KM5Ppwmp62Uzb7+VRe/RYT862ixVWJSSvsQdaafxKikM7y4Y+cIJvmDGSFwL5CCCs5iP0288PHDziPSg2WS8cEgQgUFoCx0+c9ESh4WcPKWlD2HVJ8VJ5mQn09vZ6dhR30ndlfX39Gc1i13HPBO3VIoGk2nUtziVjggAEfksAYTXPapBgeqy7x/NWzZWUT9v7p93UkcomYXXj65utkPnl1Hvbd3YaxSn1b6+Pa0HmOrQqrj7QDgSiJICwGpzmJ0e6PO8bPTCSIACB0hJwnnZnDWktaUPYdUnxUnkFEFBcRp0mHofnquKptrVKVB3oqeowYNcVsCDoQk0QSKJd18TEMQgIQCArAYTVPItDHpzXXTU174FTElaVdHiUS5nek9gqb05/yIA41mfnR3vNQ0ufy3poVRx9oA0IRE0AYTU40ZM2Vt3BQ0fNyBFDgxciJwQgUBCBffsPm7OHDTYNDYMKKh+0EHYdlBT5qp1AT88Jo1PFS5WamxpNc3Njzuqx61LRp96kEkiSXSd1jhk3BJJCAGE1z0x/5f7v2Bipw2z80ouy5mxtabaf9ZnV61413354QSoOqxNWFU/VxWb9hhU3288bbe68tf+QqbjSs6teMB9acXXx3bfF1STtQKDkBBBWwyHWtmEdxpHpQI5wNZEbAhDIRkAhcbqtCFTqMACufeyatZgUAgq3esKG2Thx8qSRx1sxXqzawSHP1MaGBqODqtLCqZ6BFLtOyipjnHETSJJdx82W9iAAgfgIIKzmYd0fE/UHpqv7eA5htcl6gv5nc+/Df2vGnn9uKqaqPFM3/etWc/0XLvVijcpbdcOLb5lH75874ECr+KabliBQWwQQVsPNp7zbPrZeq+fE4EkXrmfkhkBtECiHjZWjzdqYLUYBgWAEymFj5WgzGA1yQaA2CGBjtTGPjAIClUIAYTXCmZAIu3zlOuuROsqLtTphXLvnqaq4qhvfeMdssZ/fMftmc+XlkyJslaogkFwCCKvh514/Eikuo7zpSr1NOXzvKAGB6iWghzR5jyquatxe4dh19a4bel7ZBLDryp4fegeBQgiU064L6S9lIACByieAsBrxHElEfcZuuz/w8eEBNesha86tX/Q8V0kQgEA0BBBWC+MoEUaHcAxua06FKSmsJkpBAAIioG3CR4/1eIfDxS2quhnArlmLEIiWAHYdLU9qg0AlEKgEu64EDvQBAhCIlgDCarQ8U7V1/mqP2b6r03vYmmg9VyeOby9RS1QLgeQSQFgtfO71a/1h67nae6rXtLY2mSYbY04erIo7R4IABHITUGxH2dBxG++xq+u4qR9Ub4ZaT9Vye4Fj16xcCBROALsunB0lIVCpBCrVriuVF/2CAAQKI4CwWhg3SkEAAhVAAGG1+EmQECNPtxP235P2QBAdIkCCAARyE9DvDw069Mb+GCEP1XILqum9xa5ZwRAITwC7Ds+MEhCodAKVbteVzo/+QQACwQggrAbjRC4IQKACCSCsVuCk0CUIQAACEIAABCAAAQhAAAIQgEBCCCCsJmSiGSYEapEAwmotzipjggAEIAABCEAAAhCAAAQgAAEIVAcBhNXqmCd6CQEIZCCAsMqygAAEIAABCEAAAhCAAAQgAAEIQKBcBBBWy0WediEAgaIJIKwWjZAKIAABCEAAAhCAAAQgAAEIQAACECiQAMJqgeAoBgEIlJ8Awmr554AeQAACEIAABCAAAQhAAAIQgAAEkkoAYTWpM8+4IVADBBBWa2ASGQIEIAABCEAAAhCAAAQgAAEIQKBKCSCsVunE0W0IQMAYhFVWAQQgAAEIQAACEIAABCAAAQhAAALlIoCwWi7ytAsBCBRNAGG1aIRUAAEIQAACEIAABCAAAQhAAAIQgECBBBBWCwRHMQhAoPwEEFbLPwf0AAIQgAAEIAABCEAAAhCAAAQgkFQCCKtJnXnGDYEaIICwWgOTyBAgAAEIQAACEIAABCAAAQhAAAJVSgBhtUonjm5DAALEWGUNQAACEIAABCAAAQhAAAIQgAAEIFA+Agir5WNPyxCAQJEE8FgtEiDFIQABCEAAAhCAAAQgAAEIQAACECiYAMJqwegoCAEIlJsAwmq5Z4D2IQABCEAAAhCAAAQgAAEIQAACySWAsJrcuWfkEKh6AgirVT+FDAACEIAABCAAAQhAAAIQgAAEIFC1BBBWq3bq6DgEIICwyhqAAAQgAAEIQAACEIAABCAAAQhAoFwEEFaLIH+sq8dseHGT2b6z03R+tNerqf28UWbi+HZzy40dpq21uYjaKQoBCOQjgLCajxCfQwACEIAABCAAAQhAAAIQgAAEIFAqAgirBZJ98+1tZvXaV0yrFU+vvHySaT9/tFeTRNZ3t+40XVZ0nTXjWu8zEgQgUBoCCKul4UqtEIAABCAAAQhAAAIQgAAEIAABCOQngLCan9EZOSSqPrvqBeuVeoWZdlOHkefqjl2dXr4J49o9T9X1P9xkvVnfMnfMvhlxtQDGFIFAEAIIq0EokQcCEIAABCAAAQhAAAIQgAAEIACBUhBAWA1Jdd+Bw+a+R1aYWdOvMddffanp/NUes2T5GtPV3ePV1NrSbO6ZN9PzYJW4uvH1d8zihbebkcOHhmyJ7BCAQD4CCKv5CPE5BCAAAQhAAAIQgAAEIAABCEAAAqUigLAakuwzz79gtlvv1G89MNcr+bWHV5iJ1kv1zltv9l7rc3mvPub7/JLJ481sGxaABAEIREsAYTVantQGAQhAAAIQgAAEIAABCEAAAhCAQHACCKvBWaWE1BuunpryVn3oie+aR++fm/JIdR6ti+++zfNa3fj6Zs9r1QmtIZvLmn3uwqVnfKZDs2ZNv9Y7QKvQpEO4VtowB/LEnT9nupliRWESBCqVAMJqpc4M/YIABCAAAQhAAAIQgAAEIAABCNQ+AYTVkHMsQXPRXTONREzFVv3qA0+ZeVaAlFeqkg6uWr5ynfn2wwu8WKs6zOrx/7+9O4/TqrrzPP6jWKoKBGRVoQpUCBjBiCyJgAgGMNhpAafTgEnHCN1EA0QzATrmhcGR6KitZKIBoyEDxkxHoNMtSxuNS0ARiLKqoILgQhUoRVHIUtRCLXN+B++TWw9P1XOf/bnP87k9GaDq3HPOfZ+b/uPb5/7Or1fKkoWzIxyp6eY6Dz0Ya9iQ/oGGGuK+b8Z77P5ZUY+lZQ4Ku3W1wXEnU76gUwdKGESNyY0JFyBYTTgxAyCAAAIIIIAAAggggAACCCCAQCMCBKsRvhruYFVvXbx0leguTz3ESi+tq6o7RmdOm2j/nchgVcfUA7Sc6+ixE3KXKU0wd8Zkc4hWQYRPJoGgONr7Ix6QGxCIUYBgNUZAbkcAAQQQQAABBBBAAAEEEEAAgagFCFYjpLtj3q9k8sSv292iei1ftU5e2bC9QS9jTKkA/SRfr41bdsuKVX8xu0h/GOFITTfXgDc4WHV20FCg48QAACAASURBVDrB6E6ze3bF6nWi5Qn08KwZUyfa0Hfv/mJz4NYKmTplnKx9cZPZmdre1onVUNh96S5bDY21Dw2I9WCua77WX/5+7FC7G7exfrQGbQ9TBuGlV7fZe7S+rM5N+9dDvtzz1jm+bPy0f73U9VYzL73WvrjZ1rPVvl5/Y5e9d+zIQTJp/KjANLXMwisbtgWeUd21fEHwvHUOw75Ys7guBJ2lVIBgNaX8DI4AAggggAACCCCAAAIIIIBAVgsQrEa4/Ho4VZnZGTpnxiQbqm7asssGhQP6f8n2tHPXBzZA1E/0Ncx7ePEKG1w6h1tFOFyjzUMFq0+Z2qjb39ln67lqCKm7VzVo1GDygKmZqvPSMgFOIKo1YMeMGGhrwWpQusPcqyGqc0+BCWF//ounbeiqz3O6otL+/qorvmTDzVD9aFCq4zh9OOUJBl7R2/ahQan+XueoZQY0GNWxOxsj7V99nRBUg1UNZzXMHdCvt30GHX/+7FtsQLzJhNZaD9YZq7TsuOiuXd3FqyUN3PPWfufOnBxT/dl4rR39xE+AYDW85eEjn4dvRAsEEEAAAQQQQAABBBBAAAEEMkzggi7nJ/yJCFYjJNZDnfTAqskTRpmQb73dXensXnW60l2qGnI6bZyDrCIcqsnmoQ6v0t2hGuDqjs2Va9bbeqs6tnNp2Dh1yg32n7pj1Qkond87Qal7x+tiV71YbeeEmbqb1Wnv7kfDUA2b9UAvvZw2TpAavKs2+CG1Hq0GohqOBvelbfW5NUjVXcG6Dj1MwOrscHX60nA3eN66Hhpwu0snxHM96Cs1AgSrqXFnVAQQQAABBBBAAAEEEEAAAQQQECFYjeItcD7/z89r1egn/loyoKKyWkabHaG6AzPeV/DhVflm16fu4nQuDSidz+vdYzu7OzVYDT5QKzhY1WBTd5e62zlt3MGq+/fO5/t6wJc7WHW30bm7w1t3KQC9xykVENyXE6w6vw+1a1fbOPMONtcDxvSgMa7MESBYzZy15EkQQAABBBBAAAEEEEAAAQQQ8JsAwWqUK6aflm/eutvurtTdkwXdutqeig+V2M/b9ZP3oYP7xb0EgDPdxkJF5/fOjtUpX9R6dX7eydRaPWpqrnoJVkPt/Ay1YzWWYPWOeYvEKROgc1yupQZMAOrsWFVHJ6QNDlbD7VjV8NZ9BYfPUS49t6WRAMFqGi0GU0EAAQQQQAABBBBAAAEEEEAgywQIVmNYcN0Rqjs6935Y3KCXPpcW2F2XfXsXxtB707eGC1b18KYFC58O1B/V3jSk1B20xeZ3XoJV/WzfS43VeAWrWiNVa6Z63bGqAba7JqzWaNWDuvSQKve89dm1b63j2qdXQcLWhI6TL0CwmnxzRkQAAQQQQAABBBBAAAEEEEAAgbMCBKsRvAkapOpBS3rYk/vSAHLbW3vsjwZd2de2cV8a9h01wV48g9ZwwaqObw+SMp/za11Yrb+qO0MnmR2sXoNV7UMDWg0v9dm1Dz1I6u/HDrXP6C4L4DxvNKUAtH81GjtykD2gyl1jtakdqzqmc8CVHtbV2ezG1VIHWmNW573WhN47jIFedhesCbvd5RIiWHqapqkAwWqaLgzTQgABBBBAAAEEEEAAAQQQQCALBAhWPS6yhqd33bdEephQdc6Ms/VD3ddPzO+amR/oIU3B18OLV9igT38XHLp6HJ5mCCAQQoBgldcCAQQQQAABBBBAAAEEEEAAAQRSJUCwGkZeA1Xd4blj1wey8c1d9kCqqVPGBT4r152cWgpASwLoYVZjRw62Oy4LzEFSulP06LET9vN2/d3wr/Y3Oye/ZH9HwJqqV55xM0mAYDWTVpNnQQABBBBAAAEEEEAAAQQQQMBfAgSrYdbrjnm/smGqBqNa+1ODVv38PPjSw5Y0LF2xev05v9O6plo+YMWqv9i+OnZoJw+F2Nnqr1eH2SKQegGC1dSvATNAAAEEEEAAAQQQQAABBBBAIFsFCFbDrPzGLbvlKbPjVA9E0p2qet1rDoXSmqmTJ37dhqVXXfGlwO+WPvOCqW36QeB3emDS/Nm32PuWr1onr2zYLreafoab/rgQQCA2AYLV2Py4GwEEEEAAAQQQQAABBNJXYPeRl2T3kRflWGWxVJw5IZ+eei99J5smM7vovC9Lfst20iGvQPp1ud78Z2zKZnamrkLeK10n75Q8L6WnP5Ly6mNSfqZMauqqUjYnvw3cIidX2rTsKG1adZDOrS+RK7reIF/ufJ20zMlPm0chWPWwFPqZvwass6ZOsK0X/OL3MsP8XQ9E0sORHl+2Wh6Yd7a26k/vX2IOUBolY64dFPjd/B9/1/5ukWmn90yZeJ2HUWmCAALhBAhWwwnxewQQQAABBBBAAAEEEPCTQEXNCVm79+c2UO2Q110GX/Qtuajt5ZLfop10M39yNS1w6OS7ooafmj+3fvpHE0oftAHrjX1+Zg2TcZWfOSrP73tEdn62Ws7UVSZjyKwao2VOngy4cILc0HuOCV07pfzZCVY9LIGz09Td1Nl1qqGruzRAfl6uCVUH2rIBzm5X931DB/eTaTef3fnKhQACsQkQrMbmx90IIIAAAggggAACCCCQPgIvf/SobDiwVK4pnCrX9JiWtCAwfQTiPxMNWV83pq8XLZMRxnTMJXfGf5AvetQQdcOB38r6j5+UqtryhI1Dx2cFcpu3kVEX327W9Z/NDta8lLEQrHqgX7x0la2tqmFpqTmMSsPUsSY81V2pL7+2TV56bbvdhdrahKrLV6+Twm5dbXjq/E7v62zqqup9Wod15rSJHkalCQIIhBMgWA0nxO8RQAABBBBAAAEEEEAg3QU0/Hty2812h+r4vvPtZ+xc8RXQcgpr9iywO1hvG/RM3EPr02eOyVNvTZdPjm+P78TpLazAxe0Hyy1XPmFLBqTiIlhNhTpjIoBAXAQIVuPCSCcIIIAAAggggAACCCCQIgH9dP3J7TfbXapjL/1RimaRPcO+9OEv7e7V2wY+E7fSCiWn98vSHbfa0JYrNQId8wvl1it/Kxe0+VLSJ0CwmnRyBkQAgXgJEKzGS5J+EEAAAQQQQAABBBBAINkCulP1wY0jbP1PraXKlRwBrb368oePyp1fey7mnat6GNXiLf8gRys+Sc7kGaVRgU75F8vMIX9M+s5VglVeSgQQ8K0Awapvl46JI4AAAggggAACCCCQ9QK/fOOb9tR6dqom/1XQnau7j7wkPzLharSX1lT9zbZvy4ETO6PtgvviLNCj/VXy/YH/ntSaqwSrcV5EukMAgeQJEKwmz5qREEAAAQQQQAABBBBAIH4CGuxpGYDvXfmb+HVKTxEJ/O6t79tyANEG28/ve0jWf/JkRGPSOPECo3reJjf0/kniB/piBILVpFEzEAIIxFuAYDXeovSHAAIIIIAAAggggAACiRZwSgDobkkOqkq0duP964FWumv4ruEbIi4JoPc+snmM1NRVp+4BGDmkQIucVvLT4a/Lea06J0WIYDUpzAyCAAKJECBYTYQqfSKAAAIIIIAAAggggEAiBVa+O8cGqtHulEzk3LKtb905rCHppMsfiejR/+O9n8jWQ/8R0T00Tp7A1d2/LTdddl9SBiRYTQozgyCAQCIECFYToUqfCCCAAAIIIIAAAgggkEiBe169MqpdkvGc07ulr8jv3pp+Tpe9OwyTsb1+JBe3HxzP4dK2L2f38L0j3/I8x9r6arn31cFSVXvK8z3xbjix7wK5ouu4wK7MU9Wl8ump9+W3O26J91Bh+3to9IfyQdnrKRm7scnlNW8r80dukebNWoWdf6wNCFZjFeR+BBBImQDBasroGRgBBBBAAAEEEEAAAQSiENh95EXRXZI/+tqforg7frc4wer3rlzSoNM/ffC/paqmXOaN+Gv8BgvR009eudTUl10il3cendBxvHT+yzf+zu4e7tflei/NZc/RV2Xpzqme2iaikYaqQwv+yYaZB0/uskO0y73AWI6RHZ+tllV75idi2Eb7TMdgVSc7bcAy6dtpZMItCFYTTswACCCQKAGC1UTJ0i8CCCCAAAIIIIAAAggkQkDLAHQ773K5pse0RHTvuU8nWNVQzH05P//B4JUJ3bWaTsHq6weWyqFT73ouB/Ds+3fLXw/+wbN1vBvOHvqSOfU+Vx7ceG2Drvt0ulb2Hn0t3sOF7S9dg9VklQMgWA37itAAAQTSVYBgNV1XhnkhgAACCCCAAAIIIIBAKIEntk2xuyN7dbg6pUBeg9WS0/tl9fv3yL5jmyS3eRsZ3O0fZXyfszsiy8+UyR/eucP+Ti93GQH93Z8+eFDeKXnefDJfLv27fEP+x5fvl1c+WiQbi55q8Oyp3rm6/9hf7S7i2wct97QmuoYfff6mp7aJaHTHV9dIp/ye8t8f3C9bDq0MOYSGrKMvmSUFbb8iepiT7mx9Yf8jNnjV313b41+ksN2VkteirT2A6+2S52TF7tm2r7uGvybHqz4z4W2edG/bX9Z/8oQ8v+/fRMN2pz8tPfBOyQt2d6wGq/qeaNirtYMra07Ku6UvB/pLhIGXPi85/6ue19RLf421IViNRY97EUAgpQIEqynlZ3AEEEAAAQQQQAABBBCIUEBPoZ90+cPSre3lEd4Z3+ahglUnKC0p3xcoBXD/hqulXd6FJqT7oVSc+Vxe2PewjLz4NrmmcKr8/u0fyIHjO+QmE5jqta9sowni+smgi/4h8LtxvedKfsvzTaD6Kzk/9yL5Ru85Unr6Y1vfdcwld0j3dldIz/ZXSZuWHeP7gBH0dujku7Ly3bmmPMNznu56ZPNoOXL6I09tE9FoVM/bTDj/P21gqoHmkfL9dh3Wf/JkYDgnfNXSAFoL9soL/l5Om/V77M3xto3+/sDxnfZ3Gp5+qeM18sf37rJBrQarbVt1lcPle225AV2vwd2+ZUNV/b3eo6UH2rbqYuuqarCq4azzu8u7jJWOeYUyb91liXh8z312aX2JzBn6iuf20TYkWI1WjvsQQCDlAgSrKV8CJoAAAggggAACCCCAAAIRCOgn8MGf30dwe9yaNnZ4VUG7r8iNfe62ZQCcNvrpedfWvezYa/YukE+Ob5cfDlllw1MN32658jeB3zsT1Oe8sc/PbACrV3CQm06lAHR+kazLPeuvlMrak3Fbi2g60l2nV104QXS9NMTUkPVYZbH8lylToLtS9R3b/tmzgV2jN/T+VxnV83b7nKEube/sTNVgVXer/nzDVwNN9fdaH/jpt28/5/bgUgDhxormeaO5Rw+wuneU90PJohlD7yFYjVaO+xBAIOUCBKspXwImgAACCCCAAAIIIIAAAhEIRBLgRdBtxE2DD6/S3air9/yvBp/6a4ga/Nm+DqRhngarusP1v96bZ3c1apmAHmbnqX7u/4nZPak7UhsL8PTnBKsRL1mTN2iYeU3hNCk++bZ8/PlWG6KGutRdQ9lxveZI+9wL5bxWnQPN3MGq/tCp4eoEpc7vg/slWK2J72Imubdm9eZK8pgMhwACaSJAsJomC8E0EEAAAQQQQAABBBBAwJOAnkA/6fJH0rIUwOtFy2Tt3p+LU/PUCV+1dIF+zu9crVu2P+dgq4+Pb5V/f3uWDe3+8fJ/s8Hp8MJbpXfH4Q1cLu882v47nYLVs6UA5phSAH/ytIapLgXQ2CFVPxvxpq2Nqp/7O2Gn1lZ1X1or9ZavPCH9ulwvm4v/n/2sP7f5eTK04J8a7Fh1B6v6dz/uWKUUgKfXWQhWvTnRCoGMFCBYzchl5aEQQAABBBBAAAEEEMhYgXQ/vOpXWyZae92RqpfWWO3aprcM73H2k/6yigOS36JdoI7qJR2+Kh3ze9jfPWt2r+qu1e9+5deBMgHXXTzDhrK6I7asosge3KXX/PVX2MOTvn3FYymtr6pz8dvhVfqp/pm6KtlfttkGo3o5dVKdXaVaQ1V3pOoBU0542i63q/2UPzhYvfj8wTYob2zHqvav/V3Qpk+DGqu6S1n7S9cdqxxe5e1/jRKsenOiFQIZKUCwmpHLykMhgAACCCCAAAIIIJCxArozstt5l8s1Paal9BlDHV6lE3J+rgdLaQiqhyOtfv8e2Xdsk52v7gLUsFQPqNIdrn81ux6dg5x6dxgWCEq1TMCfPnjQBHvPm2CvXNqZw5CuuODvZHyf+bafbZ/+pz0I60R1SWCHbKpAXj+wVMpMfVJnbuHm8aypY/rXg38I1yxhvx/SbZLdYdopv6fktWhrxzlVXWpD1FV7zvrqrtbRl8yyB05p/dXKmpNSdOIte9iUXj8YvNKGqXro1Nslz8nAC29qMlh1ygdouKr9ucdL12D16u7flpsuuy9h6+B0TI3VOBCXlp2QzVt3254G9Oslhd27xqFXukAAgXACBKvhhPg9AggggAACCCCAAAIIpJOAHgD00oePej6BPp3mnqlz+eUb3zQh8p3283gv156jr8rSnWd38HKlr8C0Acukb6eRCZ8gwWqMxEUHS+Thx1dKRWVVoKc5P5gkfXsXxtgztyOAQDgBgtVwQvweAQQQQAABBBBAAAEE0k1AT5W/65oN9pN6rtQKVNSckAdfHxHR6fG19dWy4NUhUll7MrWTZ/RGBbRu7D0jt0rzZq0SrkSwGgOxO1SdPGGU7WnF6vWSn5crc2dMYudqDLbcioAXAYJVL0q0QQABBBBAAAEEEEAAgXQS0HIAHfIKAvVG02lu2TaXlz78pRwzZQD0QLFIrlSXA4hkrtnYNlllANSWYDXKN8wdqt46ZZwMH9LP9rRxy255avkLhKtRunIbApEIEKxGokVbBBBAAAEEEEAAAQQQSAcBZ5fkj65+zgasXKkR0ED1l3/9ZlS7h7XG6AMbr7E1SrnSS0BrwP50+OtyXqvOSZkYwWoUzI2Fqk5XhKtRoHILAlEIEKxGgcYtCCCAAAIIIIAAAgggkHIB3Sn56an3zAntT6Z8Ltk6gaffvk0uOu/LUe8cfn7fQ+bAJ9Yv3d6fUT1vkxt6/yRp0yJYjZA6XKiarHB1+uyFDWau5QcuM3Vdb/zGMCns1iXCpzq3ufY/d8Zk6dPr3P/r2d79xaau7ApZsnB2zONE28HaFzfLnv1FovVsubJXgGA1e9eeJ0cAAQQQQAABBBBAwO8Cv3zj7+yBSWMv/ZHfH8V389dgWw8S+9HX/hT13M/UVcpvtn9HDhzfEXUf3BhfgR7tBsj3B/1BWubkxbfjJnojWI2A2muomoxwVYNPLT8wbEj/wBO8/No22bFrX6OBaASPKgSrkWjRNlUCBKupkmdcBBBAAAEEEEAAAQQQiFXAKQlwY9+fyeCLvhVrd9zvUWDrp3+Ulz581ISqz8V8gFj5mTJZvOVbcrTiY4+j0yxRAp3ye8rMIf8pbVp2TNQQIfslWPXIHWmomuhwVYPP8WZ36o3XD23wBI8vWy1Fh0rkgXnTPT5Z6GYEqzHxcXOSBAhWkwTNMAgggAACCCCAAAIIIJAQgUMn35Unt90sI3pOkzGX3JmQMej0bwIvf/SobDn0R/meKcHQre3lcaHRUPW3O74nZRVFcemPTiIX6JDXXaYP/L10yr848ptjvINg1QNgtKFqIsPVxoJV5zP9+bNvsSUBdpodrC9v2C579p39L7juctXDtvQ6XVFlD9rSXa7O7yZNuE5a5+faHauTzd937t5n7+3csZ3MmDrR9umMMXPqBFmxep2Ulp2QvqYMwYxbJ9h79dJxnd/pvaNHDJIx1w60vys6dETW/nmTvG/6raissvdONXPq1KFdoG/999oXN0mnju3t5/6bzKFg+m8d66r+vaVzp/Zy4GAJpQA8vL+Z3IRgNZNXl2dDAAEEEEAAAQQQQCA7BHTn6pPbpkjHfFPer8/PONAqAcuuB1Wt3ftzG37eNmh5zDtVg6eoO1effut2+fj41gTMni6bEujZfqDceuUSad2yQ0qgCFbDsLtD1T6XFsjcmZOjWqiHF6+QvR8Wi9ZCnTtjkhR27xpVP85NjQWrGpbeefeiQDmAl1/bbsPOziagPF1RKUufeUGmTLzOlBDoJ7q7tfTYCZliAlS9tJTAZPM7DTi1f53jeLMjtnV+niw3AWpn8/MZJkx1glUNRMdfP8zeq7/XcTQE1eB0wcKnbTDbw/RRWnZclpkAV4PYASYU1fu1PmrfXoWBe3uYwFYDX6dvHXvMiIF2DhXmmbSmq7u/5avWSY+CrgSrMb1F/r+ZYNX/a8gTIIAAAggggAACCCCAwFkBrfv5+oFldvfq8MKpcQ//stFZQ+uNRctkwydL5ZoeUxNez/YvHy+S9R8/KVW15dnIndRnzm3eRkZdfJt8/eJZSR03eDCC1TD8d8z7ldlVWW1bxSNY1X40XH3s/tgW3muwGvx4j/x6pQ00tYSABqt6aaDp7DR12mv/umtUA1i99LCol17dZucdvCtWf687VBeb/h68e7q8YnbI6m7U+T/+bmB43RmrIW6ow6bcB1GF6nvlmvUR9ZfS/0YxeFIFCFaTys1gCCCAAAIIIIAAAgggkGABDQLX7l0gu0tekg75BTK427fsJ+t5zdvG7dP1BD9CSrvX0gqVtSdF/9xqPvk/VlEs/bqONTuB5yctqC4/c1Se3/eI7PxstegBV1zxFdCDqQZcOEFu6D3H1FPtFN/Oo+iNYDUMmu6M1J2ZTgi5ZOHsKJhFnB2ruuNTP63XXaOxXNGWAtAxndqs7lIA+rm+HoTl1GwNrrGq4eca8/m+Pr8TfrotnJ/NnTFZ1phP9vVyh6ju8DS4FIC2VWNtH6pvDYOb6i8WR+71twDBqr/Xj9kjgAACCCCAAAIIIIBA4wJ6ar3+p8yEg5UmcP301PtwhRG46LzLJK9FOxtC9+pwtfTrcn3KzM7UVch7pevknZLnpfT0R1JefUy0ZEBNXVXK5uS3gVvk5NrDqNq06iAXtOkjV3QdJ306jZCWOflp8ygEqx6XQoNGvdxhotb7/On9S0L2oLs13Z/7O8FqtMFs8CBeD6+6Y94iGXhFbxua6qWf7GuN0uBDrzTQXLR0VaBMgJdg1anjqv1GsmM1uATBpi27ArtZQwWrumN1xzsfNDiQq6kdsB6XlGYZIECwmgGLyCMggAACCCCAAAIIIIAAAggg4FMBglWPCxcqWNWdp7qbsqOpPar1R/XSz93LvvjkXXdhOlciglU9iMoJTHUcrZGqB1HprtE+vQrs0O5g1al16uxY1cCy4KIutv6qXhqs6u/0kCkvwWq0NVbdwarWfdVDrpxDqpraDTt25CAZ0K93oGars8vV4xLSLAMFCFYzcFF5JAQQQAABBBBAAAEEEEAAAQR8IkCw6nGhmgpWdfenBpJ66efy+tm7ftbuDlb153o57TwO22gzZz5OA63bepkJcm808yg0B0E5l+4k1eBSd9dqMHngYEmgxqoebPXKhm32d3ppUDvJHDil9Va9BKtag3Wt+exf79ddsO5are5xtczA6BGDbGCrl5YC0DlpMK1GesCVzquxUgB6z6YtuxuM1blT+8A9sVpyv38FCFb9u3bMHAEEEEAAAQQQQAABBBBAAAG/CxCselzBWINVj8PQDAEEIhAgWI0Ai6YIIIAAAggggAACCCCAAAIIIBBXAYJVj5wEqx6haIZAEgUIVpOIzVAIIIAAAggggAACCCCAAAIIINBAgGDV4wsRa7CqpQAqKqtksvnUngsBBOIjQLAaH0d6QQABBBBAAAEEEEAAAQQQQACByAUIVj2a3THvVyYYrZYlC2cH7nAOr/JSY1WD2fy8VvLY/T/0OCLNEEAgnADBajghfo8AAggggAACCCCAAAIIIIAAAokSIFj1KLv0mRdk89bdMswc8DR8SH97lx64pIcwhQpWdWeqHsqk18Ytu+zhS0MH95NpN4/zOCLNEEAgnIDfg9W8/ObSrFmzcI/J7xFAAAEEEEAAAQQQQAABBBBAIM0E6uvrpbKiNs1mFdl0mpmHqI/sluha68n3Dz++QsqOnTing1DBanCjjh3aydwZk6Vzx3bRTYC7EEDgHAG/B6u5ec0lJ4dglVcbAQQQQAABBBBAAAEEEEAAAb8J1NXVS1UlwarndTtdUWV2nu4S/dN9XdW/txR+sTu1yOxi3bFrX4Pft87PNTtd+4v+yYUAAvET8Huw2rJVjrRokRM/EHpCAAEEEEAAAQQQQAABBBBAAIGkCNTU1MmZ6rqkjJWoQZK2YzVRD0C/CCAQvYDfg1UNVTVc5UIAAQQQQAABBBBAAAEEEEAAAX8JaKiq4aqfL4JVP68ec0cgRgG/B6taX1XrrHIhgAACCCCAAAIIIIAAAggggIC/BLS+apIqlCYMhmA1YbR0jED6C/g9WFXh3FxTZ7U5dVbT/21jhggggAACCCCAAAIIIIAAAgicFairNfVVq/xdX1Wfg2CVNxqBLBbIhGCVcgBZ/ALz6AgggAACCCCAAAIIIIAAAr4UyIQyAASrvnz1mDQC8RPIhGBVNbQcgJYF4EIAAQQQQAABBBBAAAEEEEAAgfQW0M//tQxAJlzsWM2EVeQZEIhSIFOCVXatRvkCcBsCCCCAAAIIIIAAAggggAACSRbIlN2qykawmuSXh+EQSCeBTAlW1bSVqbXanFqr6fR6MRcEEEAAAQQQQAABBBBAAAEEGgjUmtqq1RlQW9V5KIJVXnAEslggk4JVrQSQm9fClATI4gXl0RFAAAEEEEAAAQQQQAABBBBIUwFTAUCqKmtE/8yUi2A1U1aS50AgCoFMClb18XNymtmdq4SrUbwM3IIAAggggAACCCCAAAIIIIBAggQ0TNWdqnV1GZSqGiuC1QS9MHSLgB8EMi1YJVz1w1vHHBFAAAEEEEAAAQQQQAABBLJJIFNDVV1DgtVsepN5VgSCBDIxWLX/i83sXM1tlWP/5EIAAQQQQAABBBBAAAEEEEAAgdQI1JsdqlXVdaJ/ZuJFsJqJq8ozIeBRIFODVRuumky1VavmksOBVh7fgrecKgAAIABJREFUBpohgAACCCCAAAIIIIAAAgggED8BPajqTHVtRtVUDdYhWI3f+0JPCPhOIJODVWcxWrTIkRYtze5VNq/67v1kwggggAACCCCAAAIIIIAAAv4T0E//a87USU1Nnf8mH+GMCVYjBKM5ApkkkA3Bqjtg1d2rzdnBmkmvMM+CAAIIIIAAAggggAACCCCQJgK6Q7XO/CcbAlWHnGA1TV4+poFAKgSyKVh1+2q4qvVXtQSr/tnMbGdlR2sq3kDGRAABBBBAAAEEEEAAAQQQ8JuA7kitN/+f1k3V0qn6p4aq2XgRrGbjqvPMCHwhkK3BKi8AAggggAACCCCAAAIIIIAAAgggEKtAUoPVooMlsmL1etmzvyjieefn5crkidfJ8CH9Ir6XGxBAILQAwSpvBgIIIIAAAggggAACCCCAAAIIIBCdQNKC1dKyE7Jg4dNSUVklBd26SGsTlEZyFR0qMfdWywPzpkvnju0iuZW2CCDQiADBKq8GAggggAACCCCAAAIIIIAAAgggEJ1A0oLV5avWySsbtsvkCaNkzLWDIp7tmj9vkrUvbpY5P5gkfXsXRnw/NyCAwLkCBKu8FQgggAACCCCAAAIIIIAAAggggEB0AkkLVh9evEL2flgsj943S1rnR7ZbVR+NYDW6BeYuBJoSIFjl/UAAAQQQQAABBBBAAAEEEEAAAQSiE0hKsLpxy25ZYXasahmAAf17y9Qp40KGq1qDtbB715BPQrAa3QJzFwIEq7wDCCCAAAIIIIAAAggggAACCCCAQPwFkhKsLl66Snbu3h+Y/fwff7dBgOoOXhs7pCrewer02QsbaOq4l5kSAzd+Y5gUmhqwzqXttPSAliDgQiDTBNixmmkryvMggAACCCCAAAIIIIAAAggggECyBJISrOrDOKUAliyc3eDZ9FCrn96/RPLzWplAs6stF6BXcMmARASrw4f0k2FD+gfm8/Jr22THrn0yd8Zk6dOrwP587/5iyTelC9xhazwW55Ffr7TdENjGQ5M+ohUgWI1WjvsQQAABBBBAAAEEEEAAAQQQQCDbBVIerGqYuWL1ernx+qEy3uwWdQ65Cj6kKhHBqo6n47qvx5etlqJDJfLAvOkJfTcIVhPKS+ceBQhWPULRDAEEEEAAAQQQQAABBBBAAAEEEAgSSEqwqqHoy69ttzVW+/YqlFtNjdXOHdvZqezZVyQaMuqO0CkTv26C1b+YYPOIBJcLSFawqjtUH358hcyffYudk85N56wB7NoXN8ue/UXSw9SBff2NXTJ25CAZPWKgrFy9TrScgV76s0njRwWY9blf2bBNdGeuPvPkCdfJYhPeui8n4N1pdsuuMH05bUePGCRjrh1om4YaW+fS2pQwmDF1QqC7lWvWy453Pkh4MMx/kzJDgGA1M9aRp0AAAQQQQAABBBBAAAEEEEAAgeQLJCVYdXah6uPpJ//zZ38vEKxqiLhg4dM2dHUurXeqwaYTvurPkxWsnq6okjvvXhQoBxAcrOo8rjIHcA0zZQT0oK215t8HTBA8xQSmei03weiwwf1sILrJhK3Llr9gw1QNY0vLjsvRYydsUKvt9NL7OpnAVcdVB3dbvXemCU31wC8NVoPH1lBa27jLJmhZBXcgm/xXihH9JECw6qfVYq4IIIAAAggggAACCCCAAAIIIJBOAkkJVvWBQ9VY1TDxrvuW2FC1wOwO1cBSa5wWm6CyU4d2NlxtbeqbplOw+tKr2+Sx+2fZOTkhrBN+6s80TN20dbetnbrgF7+XHua5dIdu8BVcCkB3mr5vglLdqetcT5nQtNQEsdqXBqvusZ02d8xbZHb6XmeDXt3xqrthg+vTptMLx1zSS4BgNb3Wg9kggAACCCCAAAIIIIAAAggggIB/BFIarDo7WYeaHZ7Tbv5b+Lj0mRdkswknnbqryQxWvZQCcA6cctoGL7fuuNXwdfrshbZubHAdV20fHKyGqrnqfP7vBKv66X/wYVcavuqOWQ1k9e96hQpy/fNKMtNkChCsJlObsRBAAAEEEEAAAQQQQAABBBBAIJMEkhKsNiwF8LfP/J1drFrLtHV+XsD1dEWlrbPa59ICmTtzsv15skoBBB9eFarGqhNuOjtWnc/33S9Gn14FTe5Yde9G1fu87FgNFayqk5YQ0N296jlr2kTRsbkQ8CJAsOpFiTYIIIAAAggggAACCCCAAAIIIIDAuQJJCVbPHl61zXzyX23D0qk332DrpzrBamMLM6BfL5lpgsJEBavDzefzw4b0Dwyvc9RSBHNnTA6Ek00Fq3qjBrH6ub5TY1VDYQ1c9dN8PbhKD6Nyglf9ndaU1fqr+jt10eBYg2UnIG2qxmqoYFXnoCUH9Kow/T8wbzrvOQKeBQhWPVPREAEEEEAAAQQQQAABBBBAAAEEEGggkJRgVUcMVWM1krXYaGqX6i5P/eRdD42K9dLP9N2Xfr5/We9CudF8uq9Bp3OFC1Y1RF1pwtPt7+yztWJ1buOvH2oPnNLLqY2qv9MwWYNT/Z3ep8+jQW5fM67ugtUaqRrEaviqbd2HULnLAgQ/u/uQLA1tuRDwKkCw6lWKdggggAACCCCAAAIIIIAAAggggEBDgZQHqxoivrJhmxQdPNJgZho+BoeEGkY6h1mxkH8T4NAq3oZoBQhWo5XjPgQQQAABBBBAAAEEEEAAAQQQyHaBpASri5eukp279wes3btO9+wrChzk5F6M/LxW5gCoH2b7+nh6fi1HoIEzh1Z54qKRS4BgldcBAQQQQAABBBBAAAEEEEAAAQQQiE4gKcGqfsa/YtVfbI1VrZuqNVbdO081XA2+OnVsbz+Hdy7drVqsB1pxMFMDqqOmvutd9y2RmVMnBMoPRPcqcFc2CmRjsJqT00z0P82aieQ0P/t3LgQQQAABBBBAAAEEEEAAAQQQiEygrq5eamvrRcz/07/rf7LtSkqwqqhOjVU9XMkdmHoF14OlVqxeb2uRak1SLgQQiF0gm4LVFi1ypEULE6gSpMb+4tADAggggAACCCCAAAIIIIAAAkECNmitqZeamrqssUlasLp81TpTS3W7ObxplKmdOihi4DV/3mQPgiJYjZiOGxBoVCAbglUbqLbMsTtUuRBAAAEEEEAAAQQQQAABBBBAILEC9Wbjas2ZuqwIWJMWrOohVQsW/s6WAyjs1sWUAsiLaBUPHCwx91ZJtDteIxqMxghkiUAmB6sapLZq1dx+7s+FAAIIIIAAAggggAACCCCAAALJFagzZQKqq2tFg9ZMvZIWrCpgkQlHdefq3g+LI/bUw6wmT/y6DB/SL+J7uQEBBEILZGqwqnVTW+XqLlVCVd59BBBAAAEEEEAAAQQQQAABBFIlUG9S1arKOhOuZma6mtRgNVWLyLgIIJA9werZULU5n/7z0iOAAAIIIIAAAggggAACCCCQBgKaqVZX1Wbk4VYEq2nwgjEFBFIlkGk7VglVU/UmMS4CCCCAAAIIIIAAAggggAACjQtkarhKsMpbj0AWC2RSsKpf/efmtWCnaha/zzw6AggggAACCCCAAAIIIIBA+gpouFpVWZNRNVcJVtP3fWNmCCRcIJOCVf38vzkHVSX8nWEABBBAAAEEEEAAAQQQQAABBKIVqK2pMwda1UV7e9rdR7CadkvChBBInkCmBKstWuRIy1Y5yYNjJAQQQAABBBBAAAEEEEAAAQQQiErgjAlWa0zAmgkXwWomrCLPgECUApkSrObl62FVphYAFwIIIIAAAggggAACCCCAAAIIpLVAvakJUFlRm9Zz9Do5glWvUrRDIAMFMiFYZbdqBr6YPBICCCCAAAIIIIAAAggggEBGC2g5AC0L4PeLYNXvK8j8EYhBIBOC1VxTWzWH2qoxvAXcigACCCCAAAIIIIAAAggggEByBepq66Wqyv+7VglWk/veMBoCaSXg92BVP//XMgBcCCCAAAIIIIAAAggggAACCCDgLwEtB6BlAfx8Eaz6efWYOwIxCvg9WKUMQIwvALcjgAACCCCAAAIIIIAAAgggkCKBTDjEimA1RS8PwyKQDgJ+D1ZbtcqR5i1y0oGSOSCAAAIIIIAAAggggAACCCCAQAQCNabGqoarfr4IVv28eswdgRgF/B6s5uaZ+qo5zWJU4HYEEEAAAQQQQAABBBBAAAEEEEi2QF2dqbNa6e86qwSryX5rGA+BNBLwe7Cal99CTJlVLgQQQAABBBBAAAEEEEAAAQQQ8JmA1lfVOqt+vghW/bx6zB2BGAX8Hqzmt24RowC3I4AAAggggAACCCCAAAIIIIBAqgQqTtekaui4jEuwGhdGOkHAnwIEq/5cN2aNAAIIIIAAAggggAACCCCAQCYIEKxmwiryDAhkqQDBapYuPI+NAAIIIIAAAggggAACCCCAQBoIEKzGuAhFB0tkxer1smd/ke2psFsXmTplnBR27xpjz9yOAALhBAhWwwnxewQQQAABBBBAAAEEEEAAAQQQSJQAwWqMsvcufFqKDx2RAhOo6qV/13B1/uxbYuyZ2xFAIJwAwWo4IX6PAAIIIIAAAggggAACCCCAAAKJEiBYjUBWd6eueXGzVFRUSaeO7WTyhOvkzrsX2VD1ni+CVCdoffS+WWYn6zo5WnZC8vNzZfz1Q9nFGoE1TRHwIkCw6kWJNggggAACCCCAAAIIIIAAAgggkAgBglWPqhqqPvz4SqmorArc0alDOzl67IQM6NdLZk6baH++eOkq2bl7vzi/cxrn5+XK3BmTCFc9etMMAS8CBKtelGiDAAIIIIAAAggggAACCCCAAAKJECBY9ajqBKa3mvqpV/XvLcueed4GqB1NuDpr6oRAYKoB7KJlq6XMBK59Li2wgeuOXfvkqeUvNAhgPQ5LMwQQaEKAYDV+r0dVbbm8e+Rl2X3kRSk9/ZGUnzkmJ6oOx2+ALOqpXe4F0qZlB+nc+hLp3/Ub8uXOoyW3eZssEuBREUAAAQQQQAABBBBAAIHsECBY9bjODy9eIXs/LBb9xL+1+bQ/+NJANT8/TzqbEgGhrumzF9qgde7MyR5HbLqZ9jf+G8PkRlNiIPg6bUoV3HXfEpllQt0+vQqa7GitKW2w5s+bzG7ayWHbxmXidIJAHAUIVmPHPFZZLC/u/z+y/bNnY++MHhoVGHjhTXJD738VDV25EEAAAQQQQAABBBBAAAEEMkOAYNXjOi595gXZvHW3DDC7VWeaHarOVWpqqC4wB1g5JQL0k/+rruht6686Aayz23Xo4H4y7eZxHkcMH6zqWA/ePf2coDeSsFRLGWgdWK0TGyowDp5FU4FuXB6MThCIQIBgNQKsoKZVtafkpQ8flU1FT0tt/ZnoO+JOzwItc/Lk2p7/IiN7ft/sYD3P8300RAABBBBAAAEEEEAAAQQQSE8BglWP66K7QPVgKv3Ef8nC2UHB6u9MsFot+Xmt7M/174UmqJxjdoFqWKlhpJYM0AOuvISXXqakfeoVvGvV2a2qQW8idqESrHpZHdokS4BgNTpp/cR/2Vv/LIdOvhtdB9wVk0D3tv3ln696ypQL6BhTP9yMAAIIIIAAAggggAACCCCQWgGC1TD++on/MlMftejQEdtSA9KHzC5R96f/Zw+2WmED1ckTRsmBg0fs7ta+vQpNuDpJfmI+y9dAVi8NXKeaOq2F3bvGtPIacGofpUePN9i1qrtV9+wvkj37igLBqs59rfnc/33zMw1c+/YutHPQA7b27i+2c3fCYu1Xd9tuMvPX59LSBjOmTpQKEyxrO/flBLc7TQ3ZFavXie7eddrrczp961hrX9xkf69jz7h1gg2YNQReae7T+Tr3Tp1yQ6AkQWNz0b710v6Xm/vtWpjdu2NHDrKlEZx+N27ZbdvpzyeNHxWTNzenpwDBauTrUnJ6vyzZ9h05UV0S+c3cETeBjvmFcuuVv5UL2nwpbn3SEQIIIIAAAggggAACCCCAQHIFCFbDeDu1VfVT+c4miNQdohpo3jHvVzZI1cOshg/pZ8O9Bb/4vf2kXnemOmGqBpb6O61jWmrC1WITcmowON+0ieVydo5qKKkBrhMoOrVVNQR1gk8NIJ12OqaGkT3MHHTuoYJVfb7xJqBsbWrGalt9bm2rc9d+9XmHDelvn1WDWh1Tw9ge5r4DXzzrY/fPCvSth32NuXaQCTwrRUsqqOGYawcGAlDtS69NW3bZeT4wb7r9txMeB89lhinFoCUMdFxnLtq3Brw6Tz0o7ICZ6xQzJ+d5h5kyDDomV2YJEKxGtp7Hqz6TRVtu4lCqyNgS1rp97oUyc8h/SvvcixI2Bh0jgAACCCCAAAIIIIAAAggkToBgNYythntOWOpu6nyKrz/TME8vDfQG9OslM82hUU4gqyGh+0ArLSegAaW7nEA0y+sEqxqqLlq6yu5afWXDdhtMzvnBJBtKNlYKwNnVqu1CBau6w3SYCU/10rYvvbpNNCjVK7gUwMo16+1O2Pk//m7gMX56/xKzI/YG+28NYnVuujtWr0d+vVJam92lGo4GX5HMRcfd8c4HgRDW6Ut3q9559yJbB1fr4eq1yexc1R24+rxcmSVAsOp9PStrT8qvt0ySz8r3eL+JlgkXuPC8y+QHg1dIXvO2CR+LARBAAAEEEEAAAQQQQAABBOIrQLAaxtPumgyxw1R/rjVVddeq+9JSALoDU3dTitSbQPKHDX4f72BVd6pqWKm7RV9/Y5fMnTnZztcdrAaXAtAJ6Sf5jQWr7kDWOQjLXSrAXddVx9ayA8GXs4PVXWZA22h7vXTs4FIATh/usRqbi7sf99hOOBs8Hy0V4ITD8f2vEL2lUoBg1bv+mr0LZGPRU95voGXSBIYX3irj+8xP2ngMhAACCCCAAAIIIIAAAgggEB8BgtUwjk4QqmFlp47t7Sfy7lIAGqTueGef/V2P7l1sqHq07LgtC6Bh3lxTY9Wpp+rsYnXqtMayhO6do06YqJ/FO7tn3cHq48tW2zIEzqfx+sm9/juaYFV3o+ozaqCrl7Nj1enbeaZOpjbrUVNTtalg9eXXttsSCdNuHmfLDmgZAa3V6iVYDbdj1Ql23cZ9ehXEQs69aShAsOptUY5VFssjm8dITV3D/0OQt7tplWiBFjmtZPbVL0rH/B6JHor+EUAAAQQQQAABBBBAAAEE4ihAsBoGU+ujLjWf+Ovn+3rpJ+36absGgrqbUz+Z10/n9dIdmBqqapCqBydpaQB3uKp1V/WaZT5Tj8fhVe6doxpSXnVF78An940Fq1qLVMNLDYKjCVadkFbv1QOodDfsAlPewB1kajmC0SMGBmqyusseuHeaBgera8wBV7r71Uuw6ozr1FhV152799lDqoKDZH1mXRunvEEc//tDVykWIFj1tgD/8d5PZOuh//DWmFYpERjc7R/lH7/8UErGZlAEEEAAAQQQQAABBBBAAIHoBAhWPbppMKcBoh6apMGf/lt3Y2rgqmFrZxNU6o5LPczJOdAqVLjqcbiwzYJrnQbfEFwKQMNUDS21BIBzyFQ0waoGmstMYKyBsxPs6qFRa0zIrD/TIHmgCXgnmYOjnMOuGgtWnVIA6qR1aEePGOR5x6oNUs24+lylZmesjjt25KDAIV4rzc+3m53Euh7OYVxOzdWwuDTwjQDBavilqq2vlntfHSxVtafCN6ZFygS0xur8kVukebNWKZsDAyOAAAIIIIAAAggggAACCEQmQLDq0UtPs99sDkByDqfS2zQYXL5qnf25XlpzVS+tu5qMcNXj1GmGQMYKEKyGX9o9R1+VpTunhm/ooxb3X/e+lFUWycLNY8PO+obe/yqjet4u6z95Qp7f928h2z80+kP5oOx1+e2OW8L2l8gG0wYsk76dRiZyCPpGAAEEEEAAAQQQQAABBBCIowDBqkdMpz7qo/fNsp/AN3bprk3dyUq46hGWZgjEIECwGh7v2ffvlr8e/EP4hj5pMbnfQrm88xjJa9FW/vjeXbLl0NkD8Rq7/BSsXt3923LTZff5ZCWYJgIIIIAAAggggAACCCCAAMGqx3dg8dJVpobn/sBOVOffWgZgZlDNVMJVj6g0QyBGAYLV8IBPbJsiH33+ZviGPmnxsxFvyqen3pfWLc+3M37szfEZE6xecv5X5fZBy32yEkwTAQQQQAABBBBAAAEEEECAYNXjO+AOS51bOppQtczUXHWXB3B+11S46hyA5XFomiGAQCMCBKvhX40HNo6QzysPhm/ogxa6+/Sawmnyu7e/L706XB34+96jrwVmP6rnbXJ1wXekQ16BVNaclP3HNku/LtcHSgH06XStjOs1R7q37S81ddXydslzMvDCm9KiFMD5ed3lp8M3+GAlmCICCCCAAAIIIIAAAggggIAKEKxG8B5oWLrmz5tsbdVO5rCqKROvkzvvXiSF3brI/Nlna/NpLdbiQyX23+5wdbI5zGnMtQPlXnMAlh7q5D7QKYIp0BQBBFwCBKvhX4efvHJp+EY+aTF76EtyprYisEv1ruGvSenpjxvURtX6qyerS+Stw/9tn2rwRd+S81p1DgSr2ke7Vl1lx2er7YFeX+p4jQ1Z06HGqs5X671yIYAAAggggAACCCCAAAII+EOAYDXGdXKCUg1X9SoyoanuZH3o7uln/+2quao7VY+aHa4Fpu09XwSxMQ7P7QhktQDBavjlz5RgdUi3SfKtLz/YoK6qU2/1nlevtBBOPVV37dWJfRfI0IJ/CgSrGlxu/+xZWbF7tr1Hd7D+84CnCFbDv0q0QAABBBBAAAEEEEAAAQQQCBIgWI3xldDgdOly3aV6xPakoeqsEDVXl69aJ3s/LJY+lxbYna6F3bvGODK3I4AAwWr4dyBTSgHc8dU1dmdpqMsJSv/lqqftDlR3mOw+vErvHdXz9kDI6vSlYWs67FilFED495kWCCCAAAIIIIAAAggggEA6CRCsptNqMBcEEIhIgGA1PNeiLTdJ0Ym3wjdM4xa6q/R7X/mN7Dm6Xo6cbvip/MXnD5b2uRfKgxuv9f2O1cJ2V8qsIc+m8UowNQQQQAABBBBAAAEEEEAAAbcAwSrvAwII+FaAYDX80v37rh/K24efC98wjVvc8pUnzGFVQ8X55N89VadEwPpPnpDn9/2b3DvyLXMoVZVs/fSPtllwjVXd+XpBmz6y5dDKtKux+pULvinf6f+rNF4JpoYAAggggAACCCCAAAIIIECwyjuAAAIZIUCwGn4Z3zq8Vv6w687wDdO4hYaln5XvkV9vnRRylnqI1RkTpi7cPNZ86n+bXF3wHemQVyCVNSftfRe3Hxz4/F93v47rNceWFaipq5aPPn/Tlg9Ih1IA3+7/qFx5wY1pvBJMDQEEEEAAAQQQQAABBBBAgGCVdwABBDJCgGA1/DJquBhqp2f4O2mRTIHmzVrK/JFbJa9522QOy1gIIIAAAggggAACCCCAAAIxCFAKIAY8bkUAgdQKEKx68/+/O74ne8s2eGtMq5QIXNbpOpk64P+mZGwGRQABBBBAAAEEEEAAAQQQiE6AYDU6N+5CAIE0ECBY9bYIh8s/kP/z1xukXuq83UCrpAo0kxz58dA/S9fWvZI6LoMhgAACCCCAAAIIIIAAAgjEJkCwGpsfdyOAQAoFCFa94//X+/PkjYPPeL+BlkkT+Fr3m+V/XHZ/0sZjIAQQQAABBBBAAAEEEEAAgfgIEKzGx5FeEEAgBQIEq97RK2pOyONb/kFKTu/3fhMtEy7QpfWlMmvIs5LXgtqqCcdmAAQQQAABBBBAAAEEEEAgzgIEq3EGpTsEEEieAMFqZNYl5fvksTfHy5m6yshupHVCBFrm5MkdX1tLCYCE6NIpAggggAACCCCAAAIIIJB4AYLVxBszAgIIJEiAYDVy2LcO/7f8Ydcdkd/IHXEX+O4Vj0v/ruPi3i8dIoAAAggggAACCCCAAAIIJEeAYDU5zoyCAAIJECBYjQ7148+3yO/evl1OnzkWXQfcFZNA65bny61XLpGe7QfF1A83I4AAAggggAACCCCAAAIIpFaAYDW1/oyOAAIxCBCsRo93tOJjWfX+PbK3bEP0nXBnxAJ9Oo6QiZfdK53yL474Xm5AAAEEEEAAAQQQQAABBBBILwGC1fRaD2aDAAIRCBCsRoDVSNNDJ3fLuk+ekLcPPxd7Z/TQqMBXLvimXNfzdunWth9KCCCAAAIIIIAAAggggAACGSJAsJohC8ljIJCNAgSr8Vv1qtpyea/0FdlV8mcpPf2RlJsyASeqDsdvgCzqqV3uBdKmZQfp3PoS6dflerm8yxjJbd4miwR4VAQQQAABBBBAAAEEEEAgOwQIVrNjnXlKBDJSgGA1I5eVh0IAAQQQQAABBBBAAAEEEEDAFwIEq75YJiaJAAKhBAhWeS8QQAABBBBAAAEEEEAAAQQQQCBVAgSrqZJnXAQQiFmAYDVmQjpAAAEEEEAAAQQQQAABBBBAAIEoBQhWo4A7XVEla1/cJBvf3C0VlVWee+jUoZ2M/8YwGTaEw0s8o9EQgSYECFZ5PRBAAAEEEEAAAQQQQAABBBBAIFUCBKtRyD+8eIXs/bBY8vNaSWG3rp570Hv0unXKOBlOuOrZjYYINCZAsMq7gQACCCCAAAIIIIAAAggggAACqRIgWI1QvuhgiSz4xe+loFsXmTtjsrTOz/Xcg3Nvfl6uPHb/LM/30RABBEILEKzyZiCAAAIIIIAAAggggAACCCCAQKoECFYjlC8tOyHLnnlexowcJFf17x3h3SLObtclC2dHfC83IIBAQwGCVd4IBBBAAAEEEEAAAQQQQAABBBBIlQDBapLl4xWsTp+98JyZF3bvKuOvHyoDogh8k8zAcAjERYBgNS6MdIIAAggggAACCCCAAAIIIIAAAlEIEKxGiKY7Vnfu2tfg0KoB/XqJhpperngGq1qnddiQ/oFhN23ZJRu37JYH754uelAWFwKZLkCwmukrzPMhgAACCCCAAAIIIIAAAgggkL4CBKse1+Z0RZWHaFYuAAATFklEQVSsfXGTvPza9pB3FJqaq5MnXCd9exc22WM8g9Xx3xgmN5odqs6lc7zz7kW29mufXgUen4xmCPhXgGDVv2vHzBFAAAEEEEAAAQQQQAABBBDwuwDBqocV1MDykcdXSNGhI9LR7AQde+1AKex2dodq6bETsunNXbL3w2L771unjBPdSdrYtXjpKtmzv8gcXvVDDyM33kRLAQQHq2tf3CwvvbrN7ljVQ7Ue+fVK6durMBC+7t1fLA+b59D6rs7fg0fQUFbnt+bPm84ZnLqwMS0ZNydAgGA1Aah0iQACCCCAAAIIIIAAAggggAACngQIVj0wObtMhw7uJ1MmXmdDy+BLP8F/avkL9sfzf/xdz6UBPAwfskmoGqva0L1btalgVcPiYhMUO9ey5c9Lfn6ezPnBJFvm4KgpeaDX6YpKWbxstQ2LNTTmQiCdBAhW02k1mAsCCCCAAAIIIIAAAggggAAC2SVAsBpmvZ3AtM+lBTJ35uQmWzttdZfonBmTEvomabAaXGN15+598vobu+SeObfYGqtNBavuya1cs97e5+x0df9uwS9+b4NkDVy5EEg3AYLVdFsR5oMAAggggAACCCCAAAIIIIBA9ggQrIZZa/10f+fu/TZY1PqpeniVszPVuXWo2c3pfP5/78Kn7U7QB+ZNl84dzz1AquhgidkFWhW2Fmu4VzBUKQC956f3L5HRIwbJGFOuwEuwusnstF1mdtrOn32LKW/QpcGw+pxaFuBnP74l5C7dcHPk9wgkWoBgNdHC9I8AAggggAACCCCAAAIIIIAAAo0JEKyGeTc0wNS6qg+ZuqV6aTCquzjd1+gRA22JAL20NqnWOp0xdYJc1b/3Ob0n8vAqHUyD1WFD+tu6qsHBqhOiOrVStWaszkfnPiyoLqy2Xb5qnd2lGxy48l8nBNJFgGA1XVaCeSCAAAIIIIAAAggggAACCCCQfQIEqx6CVS9lAJxuduzaJ4+bmqQabOrhUu7LCWXdQW20r1yoUgAHTOi7YvW6wO5T945TrZuqtVJ1Dhqs6q7Zn//iaVtXdcqEs6GwXgVm1+pRcyDXArPzNrjUQJ9eBdFOl/sQSIgAwWpCWOkUAQQQQAABBBBAAAEEEEAAAQQ8CBCshkHSAFN3bOqn8nqFKwXg7FjVg540mHz5tW02vNxsdoDqZ/V6Ob/zsD6NNgl1eJWWHphsQtIBX+yU1YBUP/Pfs6/IliXQEgEavGqwund/sTz8+Ipz+tfDr3Se+hzBl7PTNZZ5cy8C8RQgWI2nJn0hgAACCCCAAAIIIIAAAggggEAkAgSrYbSCa6aGKgUwdHA/mXbzONuTU5N1/o+/K4Xdu4o7ANWdqvrZfagSAZEsGm0RQOCsAMEqbwICCCCAAAIIIIAAAggggAACCKRKgGA1jLzuOF2xer3Z7fm3OqqN3RLqU3/dLbrU7BotM7tHQ5UHSNXCMy4CmSBAsJoJq8gzIIAAAggggAACCCCAAAIIIOBPAYLVMOumtUh116oGo019wq8lAh4xn9br5/fBB1dpH5u27LKHSrXOz/Xnm8KsEUhDAYLVNFwUpoQAAggggAACCCCAAAIIIIBAlggQrHpYaOdAKq21OmXi1yU/r5X9zF+vs6HpbluTVA+IcpcF8NA1TRBAIAYBgtUY8LgVAQQQQAABBBBAAAEEEEAAAQRiEiBY9cC30QSnT5nP+cNdfOofTojfIxBfAYLV+HrSGwIIIIAAAggggAACCCCAAAIIeBcgWPVg5dRJ7WwOn+rbu1C0lqruVHUu/Zl+5t+5YzsPvdEEAQTiJUCwGi9J+kEAAQQQQAABBBBAAAEEEEAAgUgFCFYjFaM9AgikjQDBatosBRNBAAEEEEAAAQQQQAABBBBAIOsECFazbsl5YAQyR4BgNXPWkidBAAEEEEAAAQQQQAABBBBAwG8CBKt+WzHmiwACAQG/B6snyk+xmggggAACCCCAAAIIIIAAAggg4FOBdm3O8+nMz067Wb25fP0ETB4BBKIWIFiNmo4bEUAAAQQQQAABBBBAAAEEEEAgRgGC1RgBuR0BBFInQLCaOntGRgABBBBAAAEEEEAAAQQQQCDbBQhWs/0N4PkR8LEAwaqPF4+pI4AAAggggAACCCCAAAIIIOBzAYJVny8g00cgmwUIVrN59Xl2BBBAAAEEEEAAAQQQQAABBFIrQLCaWn9GRwCBGAQIVmPA41YEEEAAAQQQQAABBBBAAAEEEIhJgGA1Jj5uRgCBVAoQrKZSn7ERQAABBBBAAAEEEEAAAQQQyG4BgtXsXn+eHgFfCxCs+nr5mDwCCCCAAAIIIIAAAggggAACvhYgWPX18jF5BLJbgGA1u9efp0cAAQQQQAABBBBAAAEEEEAglQIEq6nUZ2wEEIhJgGA1Jj5uRgABBBBAAAEEEEAAAQQQQACBGAQIVmPA41YEEEitAMFqav0ZHQEEEEAAAQQQQAABBBBAAIFsFiBYzebV59kR8LkAwarPF5DpI4AAAggggAACCCCAAAIIIOBjAYJVHy8eU0cg2wUIVrP9DeD5EUAAAQQQQAABBBBAAAEEEEidAMFq6uwZGQEEYhQgWI0RkNsRQAABBBBAAAEEEEAAAQQQQCBqAYLVqOm4EQEEUi1AsJrqFWB8BBBAAAEEEEAAAQQQQAABBLJXgGA1e9eeJ0fA9wIEq75fQh4AAQQQQAABBBBAAAEEEEAAAd8KEKz6dumYOAIIEKzyDiCAAAIIIIAAAggggAACCCCAQKoECFZTJc+4CCAQswDBasyEdIAAAggggAACCCCAAAIIIIAAAlEKEKxGCcdtCCCQegGC1dSvATNAAAEEEEAAAQQQQAABBBBAIFsFCFazdeV5bgQyQIBgNQMWkUdAAAEEEEAAAQQQQAABBBBAwKcCBKs+XTimjQACIgSrvAUIIIAAAggggAACCCCAAAIIIJAqAYLVVMkzLgIIxCxAsBozIR0ggAACCCCAAAIIIIAAAggggECUAgSrUcJxGwIIpF6AYDX1a8AMEEAAAQQQQAABBBBAAAEEEMhWAYLVbF15nhuBDBAgWM2AReQREEAAAQQQQAABBBBAAAEEEPCpAMGqTxeOaSOAADVWeQcQQAABBBBAAAEEEEAAAQQQQCB1AgSrqbNnZAQQiFGAHasxAnI7AggggAACCCCAAAIIIIAAAghELUCwGjUdNyKAQKoFCFZTvQKMjwACCCCAAAIIIIAAAggggED2ChCsZu/a8+QI+F6AYNX3S8gDIIAAAggggAACCCCAAAIIIOBbAYJV3y4dE0cAAYJV3gEEEEAAAQQQQAABBBBAAAEEEEiVAMFqquQZFwEEYhYgWI2ZkA4QQAABBBBAAAEEEEAAAQQQQCBKAYLVKOG4DQEEUi9AsJr6NWAGCCCAAAIIIIAAAggggAACCGSrAMFqtq48z41ABggQrGbAIvIICCCAAAIIIIAAAggggAACCPhUgGDVpwvHtBFAQIRglbcAAQQQQAABBBBAAAEEEEAAAQRSJUCwmip5xkUAgZgFYg1WmzVrZufg9U93W/fknfsjfaAT5acivYX2CCCAAAIIIIAAAggggAACCCCQJgIEq2myEEwDAQQiF4g0WHUHqPp3r4GqOzgNFaISrEa+dtyBAAIIIIAAAggggAACCCCAgN8FCFb9voLMH4EsFiBYzeLF59ERQAABBBBAAAEEEEAAAQQQSLEAwWqKF4DhEUAgegGC1ejtuBMBBBBAAAEEEEAAAQQQQAABBGITIFiNzY+7EUAghQIEqynEZ2gEEEAAAQQQQAABBBBAAAEEslyAYDXLXwAeHwG/CtTX18uBTz61dVIj+Y8+r7u9828vf7rbuN2oserXt4h5I4AAAggggAACCCCAAAIIIBC9AMFq9HbciQACKRSoq6uXogMEqylcAoZGAAEEEEAAAQQQQAABBBBAIKsFCFazevl5eAT8K1BbWyfFRZ9FtFvV2VnKjlX/rjszRwABBBBAAAEEEEAAAQQQQCBdBAhW02UlmAcCCEQkUF1dI58eKiFYjUiNxggggAACCCCAAAIIIIAAAgggEC8BgtV4SdIPAggkVeB0eaUcOVKWsGDVXTe1sb87D0yN1aQuPYMhgAACCCCAAAIIIIAAAgggkBYCBKtpsQxMAgEEIhU4cbxcjh07HrdgNTg8JViNdEVojwACCCCAAAIIIIAAAggggEB2CRCsZtd687QIZIzA4cNlUllRGfdg1V2H1cFix2rGvDY8CAIIIIAAAggggAACCCCAAAJxEyBYjRslHSGAQLIE6utFPvn4YMShalOHVwUHquxYTdZqMg4CCCCAAAIIIIAAAggggAAC/hQgWPXnujFrBLJaQA+uOnTwMMFqVr8FPDwCCCCAAAIIIIAAAggggAACqRUgWE2tP6MjgEAUAidPnpajpccIVqOw4xYEEEAAAQQQQAABBBBAAAEEEIiPAMFqfBzpBQEEkihw4MCnUldbF1WwGlwOQKetP6MUQBIXkKEQQAABBBBAAAEEEEAAAQQQyAABgtUMWEQeAYFsEqiqOiOHDpkyAOZ/cnJy7KM39qcTmAb/GSpMJVjNpreIZ0UAAQQQQAABBBBAAAEEEEAgdgGC1dgN6QEBBJIocKTkmJSXnw4Eql7CU4LVJC4QQyGAAAIIIIAAAggggAACCCCQJQIEq1my0DwmApkgUGs+/z9w4JDdrdpYoOr+uT5zuODV3cb5u/vPpv7umDq7XSM1PlF+KtJbaI8AAggggAACCCCAAAIIIIAAAmkiQLCaJgvBNBBAILzAsWMn5fPPjxOshqeiBQIIIIAAAggggAACCCCAAAIIJFiAYDXBwHSPAALxEairq5ePPy4+uwPV447V4EOpGtvNqjOkxmp81oleEEAAAQQQQAABBBBAAAEEEMgWAYLVbFlpnhMBnwscLT0ux0+cIFj1+ToyfQQQQAABBBBAAAEEEEAAAQQyRYBgNVNWkudAIIMFqqrOyMHiT3VbKcFqBq8zj4YAAggggAACCCCAAAIIIICAnwQIVv20WswVgSwUqK+vtwdW1dbURh2shioJoJTBP3d+5v6zsZ+5l4LDq7LwxeSREUAAAQQQQAABBBBAAAEEsl6AYDXrXwEAEEhvgZLDZXLy5MmzNVCj3LHaWK3VUKGp11qrBKvp/d4wOwQQQAABBBBAAAEEEEAAAQQSLUCwmmhh+kcAgagFTpdXyqefHj4nVNUOc3JybL/Bf7oPqAr+uxOkNraD1f17Z9Lu3aiN7Uxlx2rUS8yNCCCAAAIIIIAAAggggAACCPhWgGDVt0vHxBHIbIEzZ2rlk4+L/va5fgS7VYMDVHfAGhyeNlUOwGkbKmR16xOsZva7yNMhgAACCCCAAAIIIIAAAgggEEqAYJX3AgEE0k6gtrbOhKrFUldXF1Ww6v6cv6ldq6FC1qbC1FABarShqo5zovxU2tkzIQQQQAABBBBAAAEEEEAAAQQQ8CZAsOrNiVYIIJAkgbo6c1jVJ8Vy5kxNIFSNpb6qOzxtbHeq17qqBKtJegkYBgEEEEAAAQQQQAABBBBAAAEfCBCs+mCRmCIC2SKgO1UPfHJQamrOhqp6OTVUoz24qqlgtbFAtbG6qgSr2fIm8pwIIIAAAggggAACCCCAAAIIhBcgWA1vRAsEEEiCgFNT1f35f2CHaYj6qu7QtakDqxo7qKqp2qoEq0lYcIZAAAEEEEAAAQQQQAABBBBAwOcCBKs+X0Cmj0AmCJw6dVoOHfxM6uvrG3z+31Sw2liYqh6hfhf8c+ffTf3p/l3w3x13aqxmwhvIMyCAAAIIIIAAAggggAACCCAQuQDBauRm3IEAAnES0CD18OFS+fzY8XPCUHcQGmkZAC/haoP+vwhjmwpSGwtQCVbj9DLQDQIIIIAAAggggAACCCCAAAI+EyBY9dmCMV0EMkWgsrJaDhYfsodUNRaEug+tsm30f5yyAB7+DNWvOzxtqhxAUyGrew0IVjPljeQ5EEAAAQQQQAABBBBAAAEEEIhMgGA1Mi9aI4BAjAJ6QNXhw0fC7lKNpAxAk8GsBrKuENbdNjhkbSpMZcdqjAvP7QgggAACCCCAAAIIIIAAAghkmADBaoYtKI+DQLoKaKBaWnpMSo+UNhp0uneQ5uTknH2UEAdXxVJfNZ7Baiy7VXUeJ8pPpetyMS8EEEAAAQQQQAABBBBAAAEEEAgjQLDKK4IAAgkVqKqqlrKyz6Xs6LEvctKzn/O7A85Q/3aXAdASAMHtmyoJEKqt10DVHZY29ncHjGA1oa8OnSOAAAIIIIAAAggggAACCCCQ1gIEq2m9PEwOAf8J6IFUZ6pr5PTpCvPJf8k5NVRDBZyNfqrvYbdqY4FrU+FquJDV+X24AJVg1X/vJzNGAAEEEEAAAQQQQAABBBBAIF4CBKvxkqQfBLJIQMPTujr9T53UmMOnqqvPSFVVlZw6VW7/496B6g4pgw+Lauzf0Rxa5SVgDReoRrJbNTh8jWb5KQUQjRr3IIAAAggggAACCCCAAAIIIJAeAn4PVv8/WUUwlWGAywoAAAAASUVORK5CYII=" height="600" width="800" />]]>
  </system-out>
</testsuite> <!-- testcases.QuickLaunch_CB -->
